
 Primary working directories    : /tmpdir/job/2955691.undefined/molpro.C6QaGeEkRD
 Secondary working directories  : /tmpdir/job/2955691.undefined/molpro.C6QaGeEkRD
 Wavefunction directory         : /home/zcaposm/wfu/
 Main file repository           : /tmpdir/job/2955691.undefined/molpro.C6QaGeEkRD/

 id        : uclcc

 Nodes                         nprocs
 node-d00a-155.myriad.ucl.ac.uk    1

 Using customized tuning parameters: mindgm=1; mindgv=20; mindgc=4; mindgr=1; noblas=0; minvec=7
 default implementation of scratch files=df  


 Variables initialized (945), CPU time= 0.01 sec
 ***,Methanol Ground State Energy with CCSD(T)-F12 and cc-pVTZ-F12
 memory,500,m;
 
 geometry={angstrom
 c
 o , 1, rco
 h , 2, roh, 1, acoh
 h1, 1, rch1, 2, aoch1  3  ahh1
 h2, 1, rch2, 2, aoch2, 3, ahh2
 h3, 1, rch3, 2, aoch3, 3, ahh3
 }
 
                                                ! Specify the initial values of the internal coordinates (in Angstroms and degrees)
 
 rco= 1.42077677
 roh= 0.96013932
 rch1= 1.0917405058015306
 rch2= 1.084402082408232
 rch3= 1.0916920957849607
 acoh= 108.12930637
 aoch1= 111.64097432546727
 aoch2= 107.18815265187035
 aoch3= 111.6629683683058
 ahh1=62.43364279
 ahh2=181.0
 ahh3=299.56635721
 
                                                                                 ! Use the cc-pVTZ-F12 basis set
 basis=cc-pVTZ-F12
 
 hf
 
                                                                                 ! Use explicitly correlated F12 methods
                                                                            ! First, MP2-F12 (useful for initial electronic energy)
 {mp2-f12}
 
                                                                        ! If desired, perform CCSD(T)-F12 for more accurate results
 {ccsd(t)-f12}
 
                                                                                 ! Output the energy
 xxx = "mmm"
 point = 119
 text ### CH3OH
 table,xxx,rco,roh,rch1,rch2,rch3,acoh,aoch1,aoch2,aoch3,ahh1,ahh2,ahh3,energy,point
 DIGITS, 0, 8, 8, 8, 8, 8, 8, 8, 8, 8,  8,  8,  8, 8, 4
 save,CH3OH_MEP_MP2_119.dat,new
 
 Commands  initialized (802), CPU time= 0.02 sec, 659 directives.
 Default parameters read. Elapsed time= 0.50 sec

 Checking input...
 Passed
1


                                         ***  PROGRAM SYSTEM MOLPRO  ***
                                       Copyright, TTI GmbH Stuttgart, 2015
                                    Version 2020.1 linked Oct  6 2020 12:04:11


 **********************************************************************************************************************************
 LABEL *   Methanol Ground State Energy with CCSD(T)-F12 and cc-pVTZ-F12                 
  64 bit serial version                                                                  DATE: 08-Oct-24          TIME: 17:40:01  
 **********************************************************************************************************************************

 SHA1:             8c27446f6450a7499e38f603e13c65f775101d37
 **********************************************************************************************************************************

 Memory per process:       500 MW
 Total memory per node:    500 MW

 GA preallocation disabled
 GA check disabled

 Variable memory set to 500.0 MW

 SETTING RCO            =         1.42077677                                  
 SETTING ROH            =         0.96013932                                  
 SETTING RCH1           =         1.09174051                                  
 SETTING RCH2           =         1.08440208                                  
 SETTING RCH3           =         1.09169210                                  
 SETTING ACOH           =       108.12930637                                  
 SETTING AOCH1          =       111.64097433                                  
 SETTING AOCH2          =       107.18815265                                  
 SETTING AOCH3          =       111.66296837                                  
 SETTING AHH1           =        62.43364279                                  
 SETTING AHH2           =       181.00000000                                  
 SETTING AHH3           =       299.56635721                                  
 SETTING BASIS          =    CC-PVTZ-F12


 Recomputing integrals since basis changed


 Using spherical harmonics

 Library entry C      S cc-pVTZ-F12          selected for orbital group  1
 Library entry C      P cc-pVTZ-F12          selected for orbital group  1
 Library entry C      D cc-pVTZ-F12          selected for orbital group  1
 Library entry C      F cc-pVTZ-F12          selected for orbital group  1
 Library entry O      S cc-pVTZ-F12          selected for orbital group  2
 Library entry O      P cc-pVTZ-F12          selected for orbital group  2
 Library entry O      D cc-pVTZ-F12          selected for orbital group  2
 Library entry O      F cc-pVTZ-F12          selected for orbital group  2
 Library entry H      S cc-pVTZ-F12          selected for orbital group  3
 Library entry H      P cc-pVTZ-F12          selected for orbital group  3
 Library entry H      D cc-pVTZ-F12          selected for orbital group  3


 PROGRAM * SEWARD (Integral evaluation for generally contracted gaussian basis sets)     Author: Roland Lindh, 1990

 Geometry written to block  1 of record 700

 Orientation using atomic masses  
 Molecule type: Asymmetric top
 Rotational constants:      23.9585407     24.8081581    128.7817270 GHz  (calculated with average atomic masses)

 Point group  C1  



 ATOMIC COORDINATES

 NR  ATOM    CHARGE       X              Y              Z

   1  C       6.00    0.000070173    0.025185369   -1.376591639
   2  O       8.00   -0.000032709   -0.122051951    1.304247090
   3  H       1.00    0.001321136    1.568719330    1.962532208
   4  H1      1.00    1.700773627    0.951667068   -2.087634579
   5  H2      1.00   -0.035634653   -1.896037650   -2.088590202
   6  H3      1.00   -1.666777127    1.012907958   -2.085103701

 Bond lengths in Bohr (Angstrom)

 1-2  2.684878979  1-4  2.063090555  1-5  2.049222945  1-6  2.062999073  2-3  1.814400356
     ( 1.420776770)     ( 1.091740506)     ( 1.084402082)     ( 1.091692096)     ( 0.960139320)

 Bond angles

  1-2-3  108.12930637   2-1-4  111.64097433   2-1-5  107.18815265   2-1-6  111.66296837

  4-1-5  108.39942935   4-1-6  109.43132565   5-1-6  108.38915646

 NUCLEAR CHARGE:                   18
 NUMBER OF PRIMITIVE AOS:         228
 NUMBER OF SYMMETRY AOS:          206
 NUMBER OF CONTRACTIONS:          178   (  178A   )
 NUMBER OF INNER CORE ORBITALS:     0   (    0A   )
 NUMBER OF OUTER CORE ORBITALS:     2   (    2A   )
 NUMBER OF VALENCE ORBITALS:       12   (   12A   )


 NUCLEAR REPULSION ENERGY   40.34553196

 Eigenvalues of metric

         1 0.879E-04 0.183E-03 0.309E-03 0.323E-03 0.460E-03 0.493E-03 0.560E-03 0.570E-03


 Contracted 2-electron integrals neglected if value below      1.0D-11
 AO integral compression algorithm  1   Integral accuracy      1.0D-11

     600.572 MB (compressed) written to integral file ( 50.4%)


 NUMBER OF SORTED TWO-ELECTRON INTEGRALS:  126906346.     BUFFER LENGTH:  32768
 NUMBER OF SEGMENTS:   8  SEGMENT LENGTH:   15999503      RECORD LENGTH: 524288

 Memory used in sort:      16.56 MW

 SORT1 READ   149034713. AND WROTE   124678569. INTEGRALS IN    360 RECORDS. CPU TIME:     2.17 SEC, REAL TIME:    22.48 SEC
 SORT2 READ   124678569. AND WROTE   126906346. INTEGRALS IN   2291 RECORDS. CPU TIME:     2.18 SEC, REAL TIME:    36.76 SEC

 FILE SIZES:   FILE 1:   631.8 MBYTE,  FILE 4:  1510.0 MBYTE,   TOTAL:   2141.8 MBYTE

 OPERATOR DM      FOR CENTER  0  COORDINATES:    0.000000    0.000000    0.000000


 **********************************************************************************************************************************
 DATASETS  * FILE   NREC   LENGTH (MB)   RECORD NAMES
              1      19      555.00       500      610      700      900      950      970     1000      129      960     1100   
                                          VAR    BASINP    GEOM    SYMINP    ZMAT    AOBASIS   BASIS     P2S    ABASIS      S 
                                         1400     1410     1200     1210     1080     1600     1650     1300     1700   
                                           T        V       H0       H01     AOSYM     SMH    MOLCAS    ERIS     OPER   

 PROGRAMS   *        TOTAL       INT
 CPU TIMES  *         9.30      9.11
 REAL TIME  *        78.21 SEC
 DISK USED  *         2.14 GB
 **********************************************************************************************************************************


 PROGRAM * RHF-SCF (CLOSED SHELL)       Authors: W. Meyer, H.-J. Werner


 NUMBER OF ELECTRONS:       9+    9-    SPACE SYMMETRY=1    SPIN SYMMETRY: Singlet 
 CONVERGENCE THRESHOLDS:    1.00E-05 (Density)    1.00E-07 (Energy)
 MAX. NUMBER OF ITERATIONS:       60
 INTERPOLATION TYPE:            DIIS
 INTERPOLATION STEPS:              2 (START)      1 (STEP)
 LEVEL SHIFTS:                  0.00 (CLOSED)  0.00 (OPEN) 



 Orbital guess generated from atomic densities. Full valence occupancy:   14

 Molecular orbital dump at record        2100.2

 Initial occupancy:   9

 ITERATION    DDIFF          GRAD             ENERGY        2-EL.EN.            DIPOLE MOMENTS         DIIS   ORB.
    1      0.000D+00      0.000D+00      -115.06237505    164.484235   -0.00001    0.90426   -0.47795    0    start
    2      0.000D+00      0.506D-02      -115.09072641    161.902325   -0.00034    0.49653   -0.30366    1    diag
    3      0.480D-02      0.277D-02      -115.09821204    163.165433   -0.00018    0.59988   -0.39688    2    diag
    4      0.163D-02      0.546D-03      -115.09874438    162.988872   -0.00018    0.59477   -0.39232    3    diag
    5      0.436D-03      0.110D-03      -115.09877879    163.000345   -0.00018    0.59079   -0.39714    4    diag
    6      0.121D-03      0.205D-04      -115.09878035    162.998123   -0.00018    0.59093   -0.39793    5    diag
    7      0.349D-04      0.434D-05      -115.09878042    162.997740   -0.00018    0.59075   -0.39820    6    diag
    8      0.877D-05      0.114D-05      -115.09878042    162.998085   -0.00018    0.59075   -0.39822    0    orth

 Final occupancy:   9

 !RHF STATE  1.1 Energy              -115.098780421535
 Nuclear energy                        40.34553196
 One-electron energy                 -236.94335512
 Two-electron energy                   81.49904275
 Virial quotient                       -1.00101599
 !RHF STATE  1.1 Dipole moment         -0.00017654     0.59074665    -0.39821702
 Dipole moment /Debye                  -0.00044869     1.50142987    -1.01210043

 Orbital energies:

         1.1          2.1          3.1          4.1          5.1          6.1          7.1          8.1          9.1         10.1
    -20.556342   -11.269759    -1.356925    -0.926369    -0.690809    -0.621560    -0.594388    -0.504325    -0.452158     0.054650

        11.1
      0.065009


 HOMO      9.1    -0.452158 =     -12.3039eV
 LUMO     10.1     0.054650 =       1.4871eV
 LUMO-HOMO         0.506808 =      13.7909eV


 **********************************************************************************************************************************
 DATASETS  * FILE   NREC   LENGTH (MB)   RECORD NAMES
              1      19      555.00       500      610      700      900      950      970     1000      129      960     1100   
                                          VAR    BASINP    GEOM    SYMINP    ZMAT    AOBASIS   BASIS     P2S    ABASIS      S 
                                         1400     1410     1200     1210     1080     1600     1650     1300     1700   
                                           T        V       H0       H01     AOSYM     SMH    MOLCAS    ERIS     OPER   

              2       4        3.48       700     1000      520     2100   
                                         GEOM     BASIS   MCVARS     RHF  

 PROGRAMS   *        TOTAL    HF-SCF       INT
 CPU TIMES  *        17.29      8.00      9.11
 REAL TIME  *        90.43 SEC
 DISK USED  *         2.14 GB
 **********************************************************************************************************************************


 PROGRAM * MP2 (Closed-shell)     Authors: C. Hampel, H.-J. Werner, 1991, M. Deegan, P.J. Knowles, 1992

                                   MP2-F12 implementation by H.-J. Werner, 2007

                   Density fitting integral evaluation by F.R. Manby, 2003,2007, G. Knizia, 2010


 Basis set AUG-CC-PVTZ/JKFIT generated.  Number of basis functions:   392 
 Basis set CC-PVTZ-F12/OPTRI generated.  Number of basis functions:   314 
 Basis set AUG-CC-PVTZ/MP2FIT generated. Number of basis functions:   396 

 Convergence thresholds:  THRVAR = 1.00D-08  THRDEN = 1.00D-06

 Number of core orbitals:           2 (   2 )
 Number of closed-shell orbitals:   7 (   7 )
 Number of external orbitals:     169 ( 169 )

 Molecular orbitals read from record     2100.2  Type=RHF/CANONICAL (state 1.1)

 MP2-F12 correlation treatment (H.-J. Werner, 2006)
 ==================================================

 Using MP2-F12 with ansatz 3C(FIX)

 Using projected zeroth-order Hamiltonian (+Z)

 FOCKRIB=T FOCKRIC=T FOCKRIP=T CABSP=T CABSA=T CABSK=T CABSF=T GBC=F EBC=F DMAT=T NOFIK=T NOPAO=1 SOLVE=-1  USEPAO=0
 EXCH_A= T EXCH_B= F EXCH_C= F EXCH_P= F

 Geminal basis:    OPTFULL  GEM_TYPE=SLATER  BETA=1.0  NGEM=6

 Optimizing Gaussian exponents for each gem_beta

 Geminal optimization for beta= 1.0000
 Weight function:   m=0, omega= 1.4646

 Augmented Hessian optimization of geminal fit. Trust ratio= 0.40000
 Convergence reached after   2 iterations. Final gradient= 8.66D-16, Step= 4.23D-06, Delta= 1.28D-09

 Alpha:                 0.19532     0.81920     2.85917     9.50073    35.69989   197.79328
 Coeff:                 0.27070     0.30552     0.18297     0.10986     0.06810     0.04224


 All pairs explicitly correlated. Number of r12-pairs:           28

 Excluding core orbitals from MO domains

 AO(A)-basis ORBITAL           loaded. Number of functions:     178
 RI(R)-basis CC-PVTZ-F12/OPTRI loaded. Number of functions:     314
 DF-basis AUG-CC-PVTZ/JKFIT    loaded. Number of functions:     392

 Screening thresholds:   THRAO=  1.00D-10  THRMO=  1.00D-09  THRPROD=  1.00D-09
                         THRSW=  1.00D-05  THROV=  1.00D-12  THRAOF12= 1.00D-08

 CPU time for Fock operators                      1.57 sec

 Construction of ABS:
 Smallest eigenvalue of S          4.36E-04  (threshold= 1.00E-08)
 Ratio eigmin/eigmax               5.56E-05  (threshold= 1.00E-09)
 Smallest eigenvalue of S kept     4.36E-04  (threshold= 4.36E-04, 0 functions deleted, 314 kept)

 Construction of CABS:
 Smallest eigenvalue of S          7.26E-07  (threshold= 1.00E-08)
 Ratio eigmin/eigmax               7.26E-07  (threshold= 1.00E-09)
 Smallest eigenvalue of S kept     7.26E-07  (threshold= 7.26E-07, 0 functions deleted, 314 kept)

 CPU time for CABS singles                        0.04 sec

 CABS-singles contribution of  -0.00135364 patched into reference energy.
 New reference energy        -115.10013406

 AO(A)-basis ORBITAL           loaded. Number of functions:     178
 RI(R)-basis CC-PVTZ-F12/OPTRI loaded. Number of functions:     314
 DF-basis AUG-CC-PVTZ/MP2FIT   loaded. Number of functions:     396

 Screening thresholds:   THRAO=  1.00D-10  THRMO=  1.00D-09  THRPROD=  1.00D-09
                         THRSW=  1.00D-05  THROV=  1.00D-12  THRAOF12= 1.00D-08

 CPU time for 3-index integral evaluation         3.49 sec
 CPU time for first  half transformation          0.14 sec (17636.1 MFLOP/sec)
 CPU time for second half transformation          0.01 sec ( 6217.0 MFLOP/sec)
 CPU time for sorting                             0.02 sec
 CPU time for fitting                             0.02 sec (56971.3 MFLOP/sec)
 CPU time for tilde quantities                    0.03 sec (50348.4 MFLOP/sec)
 CPU time for assembly                            0.21 sec (58826.6 MFLOP/sec)
 CPU time for tranop_f12                          0.27 sec (58741.6 MFLOP/sec)
 CPU time for f12 integrals (total)               4.62 sec, Elapsed time:      6.86 sec
 CPU time for f12 matrices (total)                0.09 sec, Elapsed time:      0.13 sec

 Diagonal F12 approximation with fixed coefficients:  TSING= 0.500,  TTRIP= 0.250 (scaled by -1/beta)

 DF-MP2-F12 energy corrections:
 ==============================
 Approx.                                    Singlet             Triplet             Total
 DF-MP2-F12/3*C(DX,FIX)                -0.038287487116     -0.004212637831     -0.042500124947
 DF-MP2-F12/3*C(FIX)                   -0.036088664378     -0.003930894245     -0.040019558623
 DF-MP2-F12/3C(FIX)                    -0.036031367011     -0.004065867791     -0.040097234802

 DF-MP2-F12 correlation energies:
 ================================
 Approx.                                    Singlet             Triplet             Ecorr            Total Energy
 DF-MP2                                -0.291095469076     -0.152363658691     -0.443459127767   -115.543593185862
 DF-MP2-F12/3*C(DX,FIX)                -0.329382956192     -0.156576296523     -0.485959252715   -115.586093310809
 DF-MP2-F12/3*C(FIX)                   -0.327184133454     -0.156294552937     -0.483478686390   -115.583612744485
 DF-MP2-F12/3C(FIX)                    -0.327126836086     -0.156429526483     -0.483556362569   -115.583690420663

 SCS-DF-MP2 energies (F_SING= 1.20000  F_TRIP= 0.62222  F_PARALLEL= 0.33333):
 ============================================================================
 SCS-DF-MP2                            -0.444118617188   -115.544252675282
 SCS-DF-MP2-F12/3*C(DX,FIX)            -0.492684798600   -115.592818856694
 SCS-DF-MP2-F12/3*C(FIX)               -0.489870904194   -115.590004962288
 SCS-DF-MP2-F12/3C(FIX)                -0.489886130893   -115.590020188987
 Symmetry transformation completed.

 Number of N-1 electron functions:               7
 Number of N-2 electron functions:              28
 Number of singly external CSFs:              1183
 Number of doubly external CSFs:            700336
 Total number of CSFs:                      701520

 Length of J-op  integral file:             104.98 MB
 Length of K-op  integral file:             138.67 MB

 Integral transformation finished. Total CPU:   1.36 sec, npass=  1  Memory used:   2.18 MW

 ITER.      SQ.NORM     CORR.ENERGY   TOTAL ENERGY   ENERGY CHANGE     VAR   MIC
   1      1.00000000    -0.44352553  -115.54365959    -0.44352553  0.00D+00   0
   2      1.11473551    -0.44352553  -115.54365959     0.00000000 -0.86D-16   0

 Solving MP2-F12 equations

   1      1.11469920    -0.48286471  -115.58299877    -0.03933918 -0.37D-04   0
   2      1.11469920    -0.48362136  -115.58375542    -0.00075665  0.68D-18   0
   3      1.11469920    -0.48362136  -115.58375542     0.00000000  0.18D-18   0

 CPU TIME FOR ITERATIVE MP2:    0.09 SEC


 MP2-F12 energy corrections:
 ===========================
 Approx.                                    Singlet             Triplet             Total
 MP2-F12/3*C(DX,FIX)                   -0.038287487116     -0.004212637831     -0.042500124947
 MP2-F12/3*C(FIX)                      -0.036088664378     -0.003930894245     -0.040019558623
 MP2-F12/3C(FIX)                       -0.036028666506     -0.004067164266     -0.040095830772

 MP2-F12 correlation energies:
 =============================
 Approx.                                    Singlet             Triplet             Ecorr            Total Energy
 MP2                                   -0.291278783548     -0.152246745365     -0.443525528914   -115.543659587008
 MP2-F12/3*C(DX,FIX)                   -0.329566270665     -0.156459383196     -0.486025653861   -115.586159711955
 MP2-F12/3*C(FIX)                      -0.327367447926     -0.156177639610     -0.483545087537   -115.583679145631
 MP2-F12/3C(FIX)                       -0.327307450054     -0.156313909631     -0.483621359686   -115.583755417780

 SCS-MP2 energies (F_SING= 1.20000  F_TRIP= 0.62222  F_PARALLEL= 0.33333):
 =========================================================================
 SCS-MP2                               -0.444265848485   -115.544399906580
 SCS-MP2-F12/3*C(DX,FIX)               -0.492832029897   -115.592966087992
 SCS-MP2-F12/3*C(FIX)                  -0.490018135491   -115.590152193585
 SCS-MP2-F12/3C(FIX)                   -0.490030928280   -115.590164986375


  Reference energy                   -115.098780421535
  F12 singles correction               -0.001353636559

 F12 singles corrections added to reference energy

  New reference energy               -115.100134058094

  F12/3C(F) singlet correction         -0.036028666506
  F12/3C(F) triplet correction         -0.004067164266
  F12/3C(F) total correction           -0.040095830772
  MP2-F12/3C(F) singlet pair energy    -0.327307450054
  MP2-F12/3C(F) triplet pair energy    -0.156313909631
  MP2-F12/3C(F) correlation energy     -0.483621359686

 !MP2-F12/3C(F) total energy         -115.583755417780


 **********************************************************************************************************************************
 DATASETS  * FILE   NREC   LENGTH (MB)   RECORD NAMES
              1      20      566.17       500      610      700      900      950      970     1000      129      960     1100   
                                          VAR    BASINP    GEOM    SYMINP    ZMAT    AOBASIS   BASIS     P2S    ABASIS      S 
                                         1400     1410     1200     1210     1080     1600     1650     1300     1700     1380   
                                           T        V       H0       H01     AOSYM     SMH    MOLCAS    ERIS     OPER     JKOP   

              2       7        4.13       700     1000      520     2100     7360     7350     7000   
                                         GEOM     BASIS   MCVARS     RHF    F12ABS    EF12   

 PROGRAMS   *        TOTAL   MP2-F12    HF-SCF       INT
 CPU TIMES  *        25.32      8.02      8.00      9.11
 REAL TIME  *       103.45 SEC
 DISK USED  *         2.14 GB
 **********************************************************************************************************************************


 PROGRAM * CCSD (Closed-shell coupled cluster)     Authors: C. Hampel, H.-J. Werner, 1991, M. Deegan, P.J. Knowles, 1992

                                  CCSD-F12 implementation by  H.-J. Werner, 2007

                   Density fitting integral evaluation by F.R. Manby, 2003,2007, G. Knizia, 2010



 Convergence thresholds:  THRVAR = 1.00D-08  THRDEN = 1.00D-06

 CCSD(T)     terms to be evaluated (factor= 1.000)


 Number of core orbitals:           2 (   2 )
 Number of closed-shell orbitals:   7 (   7 )
 Number of external orbitals:     169 ( 169 )

 Molecular orbitals read from record     2100.2  Type=RHF/CANONICAL (state 1.1)

 MP2-F12 correlation treatment (H.-J. Werner, 2006)
 ==================================================

 Using MP2-F12 with ansatz 3C(FIX)

 Using projected zeroth-order Hamiltonian (+Z)

 FOCKRIB=T FOCKRIC=T FOCKRIP=T CABSP=T CABSA=T CABSK=T CABSF=T GBC=F EBC=F DMAT=T NOFIK=T NOPAO=1 SOLVE=-1  USEPAO=0
 EXCH_A= T EXCH_B= F EXCH_C= F EXCH_P= F

 Geminal basis:    OPTFULL  GEM_TYPE=SLATER  BETA=1.0  NGEM=6

 Optimizing Gaussian exponents for each gem_beta

 Geminal optimization for beta= 1.0000
 Weight function:   m=0, omega= 1.4646

 Augmented Hessian optimization of geminal fit. Trust ratio= 0.40000
 Convergence reached after   2 iterations. Final gradient= 8.66D-16, Step= 4.23D-06, Delta= 1.28D-09

 Alpha:                 0.19532     0.81920     2.85917     9.50073    35.69989   197.79328
 Coeff:                 0.27070     0.30552     0.18297     0.10986     0.06810     0.04224


 All pairs explicitly correlated. Number of r12-pairs:           28

 Excluding core orbitals from MO domains

 AO(A)-basis ORBITAL           loaded. Number of functions:     178
 RI(R)-basis CC-PVTZ-F12/OPTRI loaded. Number of functions:     314
 DF-basis AUG-CC-PVTZ/JKFIT    loaded. Number of functions:     392

 Screening thresholds:   THRAO=  1.00D-10  THRMO=  1.00D-09  THRPROD=  1.00D-09
                         THRSW=  1.00D-05  THROV=  1.00D-12  THRAOF12= 1.00D-08

 CPU time for Fock operators                      1.54 sec

 Construction of ABS:
 Smallest eigenvalue of S          4.36E-04  (threshold= 1.00E-08)
 Ratio eigmin/eigmax               5.56E-05  (threshold= 1.00E-09)
 Smallest eigenvalue of S kept     4.36E-04  (threshold= 4.36E-04, 0 functions deleted, 314 kept)

 Construction of CABS:
 Smallest eigenvalue of S          7.26E-07  (threshold= 1.00E-08)
 Ratio eigmin/eigmax               7.26E-07  (threshold= 1.00E-09)
 Smallest eigenvalue of S kept     7.26E-07  (threshold= 7.26E-07, 0 functions deleted, 314 kept)

 CPU time for CABS singles                        0.04 sec

 CABS-singles contribution of  -0.00135364 patched into reference energy.
 New reference energy        -115.10013406

 AO(A)-basis ORBITAL           loaded. Number of functions:     178
 RI(R)-basis CC-PVTZ-F12/OPTRI loaded. Number of functions:     314
 DF-basis AUG-CC-PVTZ/MP2FIT   loaded. Number of functions:     396

 Screening thresholds:   THRAO=  1.00D-10  THRMO=  1.00D-09  THRPROD=  1.00D-09
                         THRSW=  1.00D-05  THROV=  1.00D-12  THRAOF12= 1.00D-08

 CPU time for 3-index integral evaluation         3.40 sec
 CPU time for first  half transformation          0.19 sec (12995.0 MFLOP/sec)
 CPU time for second half transformation          0.03 sec ( 2072.3 MFLOP/sec)
 CPU time for fitting                             0.02 sec (56971.3 MFLOP/sec)
 CPU time for tilde quantities                    0.02 sec (75522.6 MFLOP/sec)
 CPU time for assembly                            0.21 sec (58826.6 MFLOP/sec)
 CPU time for tranop_f12                          0.27 sec (58741.6 MFLOP/sec)
 CPU time for f12 integrals (total)               4.62 sec, Elapsed time:      5.46 sec
 CPU time for f12 matrices (total)                0.11 sec, Elapsed time:      0.16 sec

 Diagonal F12 approximation with fixed coefficients:  TSING= 0.500,  TTRIP= 0.250 (scaled by -1/beta)

 DF-MP2-F12 energy corrections:
 ==============================
 Approx.                                    Singlet             Triplet             Total
 DF-MP2-F12/3*C(DX,FIX)                -0.038287487116     -0.004212637831     -0.042500124947
 DF-MP2-F12/3*C(FIX)                   -0.036088664378     -0.003930894245     -0.040019558623
 DF-MP2-F12/3C(FIX)                    -0.036031367011     -0.004065867791     -0.040097234802

 DF-MP2-F12 correlation energies:
 ================================
 Approx.                                    Singlet             Triplet             Ecorr            Total Energy
 DF-MP2                                -0.291095469076     -0.152363658691     -0.443459127767   -115.543593185862
 DF-MP2-F12/3*C(DX,FIX)                -0.329382956192     -0.156576296523     -0.485959252715   -115.586093310809
 DF-MP2-F12/3*C(FIX)                   -0.327184133454     -0.156294552937     -0.483478686390   -115.583612744485
 DF-MP2-F12/3C(FIX)                    -0.327126836086     -0.156429526483     -0.483556362569   -115.583690420663

 SCS-DF-MP2 energies (F_SING= 1.20000  F_TRIP= 0.62222  F_PARALLEL= 0.33333):
 ============================================================================
 SCS-DF-MP2                            -0.444118617188   -115.544252675282
 SCS-DF-MP2-F12/3*C(DX,FIX)            -0.492684798600   -115.592818856694
 SCS-DF-MP2-F12/3*C(FIX)               -0.489870904194   -115.590004962288
 SCS-DF-MP2-F12/3C(FIX)                -0.489886130893   -115.590020188987
 Symmetry transformation completed.

 Number of N-1 electron functions:               7
 Number of N-2 electron functions:              28
 Number of singly external CSFs:              1183
 Number of doubly external CSFs:            700336
 Total number of CSFs:                      701520

 Length of J-op  integral file:             105.23 MB
 Length of K-op  integral file:             138.67 MB
 Length of 3-ext integral record:             0.00 MB

 Memory could be reduced to 48.01 Mwords without degradation in triples

 Integral transformation finished. Total CPU:   3.09 sec, npass=  1  Memory used:  24.86 MW

 Reference energy:                   -115.10013406

 Adding F12 terms to K(Cij), methodcc=6,  factor= 1.0

 ITER.      SQ.NORM     CORR.ENERGY   TOTAL ENERGY   ENERGY CHANGE        DEN1      VAR(S)    VAR(P)  DIIS     TIME  TIME/IT
   1      1.11762304    -0.45285833  -115.55299239    -0.00933280     0.00166849  0.15D-02  0.19D-02  1  1    12.35     6.26
   2      1.12503264    -0.45322016  -115.55335422    -0.00036183    -0.00904639  0.24D-04  0.23D-03  2  2    15.05     4.69
   3      1.12776214    -0.45339758  -115.55353163    -0.00017742    -0.00186511  0.15D-04  0.13D-04  3  3    17.77     4.09
   4      1.12870938    -0.45341546  -115.55354951    -0.00001788    -0.00060017  0.86D-06  0.12D-05  4  4    20.46     3.82
   5      1.12886492    -0.45341701  -115.55355107    -0.00000156    -0.00003791  0.23D-06  0.10D-06  5  5    23.21     3.64
   6      1.12890750    -0.45341466  -115.55354872     0.00000235    -0.00000423  0.36D-07  0.96D-08  6  6    25.91     3.53
   7      1.12891862    -0.45341378  -115.55354784     0.00000087    -0.00000298  0.39D-08  0.14D-08  6  1    28.65     3.45
   8      1.12892042    -0.45341384  -115.55354790    -0.00000006     0.00000033  0.67D-09  0.20D-09  6  3    31.38     3.38

 Norm of t1 vector:      0.05000727      S-energy:     0.00000010      T1 diagnostic:  0.00945049
                                                                       D1 diagnostic:  0.02003576

 Adding energy correction from Wij-K(Fij), methodcc=6  factor= 1.0

  CCSD correlation energy              -0.453413844753
  MP2-F12 correction (uncoupled)       -0.038545568306
  C*T doubles correction               -0.001164890312
  f12b correction                       0.007098775550


 Total CPU time for triples:     34.10 sec


 RESULTS
 =======

  Reference energy                   -115.098780421535
  F12 singles correction               -0.001353636559

 F12 singles corrections added to reference energy

  New reference energy               -115.100134058094

  F12a singlet correction              -0.035791885500
  F12a triplet correction              -0.003918573118
  F12a total correction                -0.039710458618

 F12a corrections for ansatz F12/3C(FIX) added to CCSD energy

  CCSD-F12a singlet pair energy        -0.351209404208
  CCSD-F12a triplet pair energy        -0.141915002359
  CCSD-F12a correlation energy         -0.493124303371

  Triples (T) contribution             -0.016014523156
  Total correlation energy             -0.509138826526

  CCSD-F12a total energy             -115.593258361465
  CCSD[T]-F12a energy                -115.609825980492
  CCSD-T-F12a energy                 -115.609029152356
 !CCSD(T)-F12a total energy          -115.609272884621

 F12b corrections for ansatz F12/3C(FIX) added to CCSD(T)-F12a energy

  CCSD-F12b singlet pair energy        -0.344572709749
  CCSD-F12b triplet pair energy        -0.141452921268
  CCSD-F12b correlation energy         -0.486025527821

  Triples (T) contribution             -0.016014523156
  Total correlation energy             -0.502040050977

  CCSD-F12b total energy             -115.586159585915
  CCSD[T]-F12b energy                -115.602727204942
  CCSD-T-F12b energy                 -115.601930376807
 !CCSD(T)-F12b total energy          -115.602174109071

 Timing summary (sec):

 STEP                 CPU(USER)    SYS     CPU(TOT)    WALL
 Transformation          3.14      0.73      3.87      6.33
 CCSD iterations        21.85      1.95     23.80     27.22
 Triples                34.10      1.00     35.10     35.46
 MP2-F12                 6.40      0.49      6.89      7.73
 F12b energy             2.19      0.11      2.30      2.31

 Program statistics:

 Available memory in ccsd:               499999646
 Min. memory needed in ccsd:               2228017
 Max. memory used in ccsd:                 2807120
 Max. memory used in cckext:               2027429 ( 9 integral passes)



 **********************************************************************************************************************************
 DATASETS  * FILE   NREC   LENGTH (MB)   RECORD NAMES
              1      20      702.12       500      610      700      900      950      970     1000      129      960     1100   
                                          VAR    BASINP    GEOM    SYMINP    ZMAT    AOBASIS   BASIS     P2S    ABASIS      S 
                                         1400     1410     1200     1210     1080     1600     1650     1300     1700     1380   
                                           T        V       H0       H01     AOSYM     SMH    MOLCAS    ERIS     OPER     JKOP   

              2       7        4.13       700     1000      520     2100     7360     7350     7000   
                                         GEOM     BASIS   MCVARS     RHF    F12ABS    EF12   

 PROGRAMS   *        TOTAL   CCSD(T)   MP2-F12    HF-SCF       INT
 CPU TIMES  *        93.05     67.73      8.02      8.00      9.11
 REAL TIME  *       182.82 SEC
 DISK USED  *         2.14 GB
 **********************************************************************************************************************************
 SETTING XXX            =    "MMM"
 SETTING POINT          =       119.00000000                                  

 *** ### CH3OH


 XXX       RCO          ROH          RCH1         RCH2         RCH3           ACOH           AOCH1          AOCH2          AOCH3         AHH1           AHH2           AHH3            ENERGY        POINT
 "MMM"   1.42077677   0.96013932   1.09174051   1.08440208   1.09169210   108.12930637   111.64097433   107.18815265   111.66296837   62.43364279   181.00000000   299.56635721   -115.60927288   119.0000
                                                  

 CCSD(T)-F12/cc-pVTZ-F12 energy=   -115.602174109071

     CCSD(T)-F12         MP2-F12          HF-SCF
   -115.60217411   -115.58375542   -115.09878042
 **********************************************************************************************************************************
 Molpro calculation terminated
