
 Primary working directories    : /tmpdir/job/2955586.undefined/molpro.3eGeamDwZ7
 Secondary working directories  : /tmpdir/job/2955586.undefined/molpro.3eGeamDwZ7
 Wavefunction directory         : /home/zcaposm/wfu/
 Main file repository           : /tmpdir/job/2955586.undefined/molpro.3eGeamDwZ7/

 id        : uclcc

 Nodes                         nprocs
 node-d00a-229.myriad.ucl.ac.uk    1

 Using customized tuning parameters: mindgm=1; mindgv=20; mindgc=4; mindgr=1; noblas=0; minvec=7
 default implementation of scratch files=df  


 Variables initialized (945), CPU time= 0.00 sec
 ***,Methanol Ground State Energy with CCSD(T)-F12 and cc-pVTZ-F12
 memory,500,m;
 
 geometry={angstrom
 c
 o , 1, rco
 h , 2, roh, 1, acoh
 h1, 1, rch1, 2, aoch1  3  ahh1
 h2, 1, rch2, 2, aoch2, 3, ahh2
 h3, 1, rch3, 2, aoch3, 3, ahh3
 }
 
                                                ! Specify the initial values of the internal coordinates (in Angstroms and degrees)
 
 rco= 1.42077677
 roh= 0.98513932
 rch1= 1.091717515605
 rch2= 1.08440070258
 rch3= 1.091717515605
 acoh= 108.12930637
 aoch1= 111.6522152299
 aoch2= 107.18733878260001
 aoch3= 111.6522152299
 ahh1=61.43364279
 ahh2=180.0
 ahh3=298.56635721
 
                                                                                 ! Use the cc-pVTZ-F12 basis set
 basis=cc-pVTZ-F12
 
 hf
 
                                                                                 ! Use explicitly correlated F12 methods
                                                                            ! First, MP2-F12 (useful for initial electronic energy)
 {mp2-f12}
 
                                                                        ! If desired, perform CCSD(T)-F12 for more accurate results
 {ccsd(t)-f12}
 
                                                                                 ! Output the energy
 xxx = "mmm"
 point = 22
 text ### CH3OH
 table,xxx,rco,roh,rch1,rch2,rch3,acoh,aoch1,aoch2,aoch3,ahh1,ahh2,ahh3,energy,point
 DIGITS, 0, 8, 8, 8, 8, 8, 8, 8, 8, 8,  8,  8,  8, 8, 4
 save,CH3OH_MEP_MP2_22.dat,new
 
 Commands  initialized (802), CPU time= 0.01 sec, 659 directives.
 Default parameters read. Elapsed time= 0.08 sec

 Checking input...
 Passed
1


                                         ***  PROGRAM SYSTEM MOLPRO  ***
                                       Copyright, TTI GmbH Stuttgart, 2015
                                    Version 2020.1 linked Oct  6 2020 12:04:11


 **********************************************************************************************************************************
 LABEL *   Methanol Ground State Energy with CCSD(T)-F12 and cc-pVTZ-F12                 
  64 bit serial version                                                                  DATE: 08-Oct-24          TIME: 17:11:38  
 **********************************************************************************************************************************

 SHA1:             8c27446f6450a7499e38f603e13c65f775101d37
 **********************************************************************************************************************************

 Memory per process:       500 MW
 Total memory per node:    500 MW

 GA preallocation disabled
 GA check disabled

 Variable memory set to 500.0 MW

 SETTING RCO            =         1.42077677                                  
 SETTING ROH            =         0.98513932                                  
 SETTING RCH1           =         1.09171752                                  
 SETTING RCH2           =         1.08440070                                  
 SETTING RCH3           =         1.09171752                                  
 SETTING ACOH           =       108.12930637                                  
 SETTING AOCH1          =       111.65221523                                  
 SETTING AOCH2          =       107.18733878                                  
 SETTING AOCH3          =       111.65221523                                  
 SETTING AHH1           =        61.43364279                                  
 SETTING AHH2           =       180.00000000                                  
 SETTING AHH3           =       298.56635721                                  
 SETTING BASIS          =    CC-PVTZ-F12


 Recomputing integrals since basis changed


 Using spherical harmonics

 Library entry C      S cc-pVTZ-F12          selected for orbital group  1
 Library entry C      P cc-pVTZ-F12          selected for orbital group  1
 Library entry C      D cc-pVTZ-F12          selected for orbital group  1
 Library entry C      F cc-pVTZ-F12          selected for orbital group  1
 Library entry O      S cc-pVTZ-F12          selected for orbital group  2
 Library entry O      P cc-pVTZ-F12          selected for orbital group  2
 Library entry O      D cc-pVTZ-F12          selected for orbital group  2
 Library entry O      F cc-pVTZ-F12          selected for orbital group  2
 Library entry H      S cc-pVTZ-F12          selected for orbital group  3
 Library entry H      P cc-pVTZ-F12          selected for orbital group  3
 Library entry H      D cc-pVTZ-F12          selected for orbital group  3


 PROGRAM * SEWARD (Integral evaluation for generally contracted gaussian basis sets)     Author: Roland Lindh, 1990

 Geometry written to block  1 of record 700

 Orientation using atomic masses  
 Molecule type: Asymmetric top
 Symmetry elements: X
 Rotational constants:      23.8921973     24.7848877    127.4997113 GHz  (calculated with average atomic masses)

 Point group  Cs  



 ATOMIC COORDINATES

 NR  ATOM    CHARGE       X              Y              Z

   1  C       6.00    0.000000000    0.026497825   -1.377081866
   2  O       8.00    0.000000000   -0.125988779    1.303463409
   3  H       1.00    0.000000000    1.607481249    1.982284606
   4  H1      1.00    1.684053272    0.985143519   -2.084984676
   5  H3      1.00   -1.684053272    0.985143519   -2.084984676
   6  H2      1.00    0.000000000   -1.893660609   -2.092830130

 Bond lengths in Bohr (Angstrom)

 1-2  2.684878979  1-4  2.063047110  1-5  2.063047110  1-6  2.049220337  2-3  1.861643509
     ( 1.420776770)     ( 1.091717516)     ( 1.091717516)     ( 1.084400703)     ( 0.985139320)

 Bond angles

  1-2-3  108.12930637   2-1-4  111.65221523   2-1-5  111.65221523   2-1-6  107.18733878

  4-1-5  109.43105099   4-1-6  108.39459424   5-1-6  108.39459424

 NUCLEAR CHARGE:                   18
 NUMBER OF PRIMITIVE AOS:         228
 NUMBER OF SYMMETRY AOS:          206
 NUMBER OF CONTRACTIONS:          178   (  114A'  +   64A"  )
 NUMBER OF INNER CORE ORBITALS:     0   (    0A'  +    0A"  )
 NUMBER OF OUTER CORE ORBITALS:     2   (    2A'  +    0A"  )
 NUMBER OF VALENCE ORBITALS:       12   (    9A'  +    3A"  )


 NUCLEAR REPULSION ENERGY   40.21496069

 Eigenvalues of metric

         1 0.881E-04 0.198E-03 0.310E-03 0.462E-03 0.497E-03 0.560E-03 0.617E-03 0.623E-03
         2 0.323E-03 0.570E-03 0.688E-03 0.178E-02 0.339E-02 0.505E-02 0.646E-02 0.958E-02


 Contracted 2-electron integrals neglected if value below      1.0D-11
 AO integral compression algorithm  1   Integral accuracy      1.0D-11

     331.612 MB (compressed) written to integral file ( 53.5%)


 NUMBER OF SORTED TWO-ELECTRON INTEGRALS:   64554730.     BUFFER LENGTH:  32768
 NUMBER OF SEGMENTS:   5  SEGMENT LENGTH:   15997996      RECORD LENGTH: 524288

 Memory used in sort:      16.56 MW

 SORT1 READ    77497885. AND WROTE    63550886. INTEGRALS IN    184 RECORDS. CPU TIME:     2.36 SEC, REAL TIME:    96.34 SEC
 SORT2 READ    63550886. AND WROTE    64554730. INTEGRALS IN   1265 RECORDS. CPU TIME:     1.34 SEC, REAL TIME:   132.84 SEC

 FILE SIZES:   FILE 1:   362.5 MBYTE,  FILE 4:   771.8 MBYTE,   TOTAL:   1134.3 MBYTE

 OPERATOR DM      FOR CENTER  0  COORDINATES:    0.000000    0.000000    0.000000


 **********************************************************************************************************************************
 DATASETS  * FILE   NREC   LENGTH (MB)   RECORD NAMES
              1      19      311.78       500      610      700      900      950      970     1000      129      960     1100   
                                          VAR    BASINP    GEOM    SYMINP    ZMAT    AOBASIS   BASIS     P2S    ABASIS      S 
                                         1400     1410     1200     1210     1080     1600     1650     1300     1700   
                                           T        V       H0       H01     AOSYM     SMH    MOLCAS    ERIS     OPER   

 PROGRAMS   *        TOTAL       INT
 CPU TIMES  *         7.38      7.26
 REAL TIME  *       291.52 SEC
 DISK USED  *         1.13 GB
 **********************************************************************************************************************************


 PROGRAM * RHF-SCF (CLOSED SHELL)       Authors: W. Meyer, H.-J. Werner


 NUMBER OF ELECTRONS:       9+    9-
 CONVERGENCE THRESHOLDS:    1.00E-05 (Density)    1.00E-07 (Energy)
 MAX. NUMBER OF ITERATIONS:       60
 INTERPOLATION TYPE:            DIIS
 INTERPOLATION STEPS:              2 (START)      1 (STEP)
 LEVEL SHIFTS:                  0.00 (CLOSED)  0.00 (OPEN) 



 Orbital guess generated from atomic densities. Full valence occupancy:   11   3

 Molecular orbital dump at record        2100.2

 Initial occupancy:   7   2

 ITERATION    DDIFF          GRAD             ENERGY        2-EL.EN.            DIPOLE MOMENTS         DIIS   ORB.
    1      0.000D+00      0.000D+00      -115.06031556    164.305243    0.00000    0.93274   -0.45681    0    start
    2      0.000D+00      0.667D-02      -115.08883835    161.668455    0.00000    0.50258   -0.29458    1    diag
    3      0.648D-02      0.370D-02      -115.09652544    162.965115    0.00000    0.61095   -0.38805    2    diag
    4      0.224D-02      0.730D-03      -115.09707722    162.783609    0.00000    0.60414   -0.38502    3    diag
    5      0.599D-03      0.151D-03      -115.09711484    162.795323    0.00000    0.59956   -0.39058    4    diag
    6      0.172D-03      0.290D-04      -115.09711669    162.793140    0.00000    0.59956   -0.39156    5    diag
    7      0.502D-04      0.661D-05      -115.09711679    162.792645    0.00000    0.59932   -0.39191    6    diag
    8      0.132D-04      0.181D-05      -115.09711680    162.793085    0.00000    0.59929   -0.39196    7    diag
    9      0.271D-05      0.553D-06      -115.09711680    162.792892    0.00000    0.59927   -0.39196    0    orth

 Final occupancy:   7   2

 !RHF STATE  1.1 Energy              -115.097116796882
 Nuclear energy                        40.21496069
 One-electron energy                 -236.70852365
 Two-electron energy                   81.39644617
 Virial quotient                       -1.00140316
 !RHF STATE  1.1 Dipole moment          0.00000000     0.59927449    -0.39196256
 Dipole moment /Debye                   0.00000000     1.52310405    -0.99620421

 Orbital energies:

         1.1          2.1          3.1          4.1          5.1          6.1          7.1          8.1          9.1
    -20.558621   -11.269487    -1.351373    -0.923965    -0.685781    -0.593481    -0.502571     0.054462     0.064875

         1.2          2.2          3.2          4.2
     -0.621080    -0.451457     0.073858     0.181520


 HOMO      2.2    -0.451457 =     -12.2848eV
 LUMO      8.1     0.054462 =       1.4820eV
 LUMO-HOMO         0.505920 =      13.7668eV


 **********************************************************************************************************************************
 DATASETS  * FILE   NREC   LENGTH (MB)   RECORD NAMES
              1      19      311.78       500      610      700      900      950      970     1000      129      960     1100   
                                          VAR    BASINP    GEOM    SYMINP    ZMAT    AOBASIS   BASIS     P2S    ABASIS      S 
                                         1400     1410     1200     1210     1080     1600     1650     1300     1700   
                                           T        V       H0       H01     AOSYM     SMH    MOLCAS    ERIS     OPER   

              2       4        3.18       700     1000      520     2100   
                                         GEOM     BASIS   MCVARS     RHF  

 PROGRAMS   *        TOTAL    HF-SCF       INT
 CPU TIMES  *        10.34      2.96      7.26
 REAL TIME  *       296.00 SEC
 DISK USED  *         1.13 GB
 **********************************************************************************************************************************


 PROGRAM * MP2 (Closed-shell)     Authors: C. Hampel, H.-J. Werner, 1991, M. Deegan, P.J. Knowles, 1992

                                   MP2-F12 implementation by H.-J. Werner, 2007

                   Density fitting integral evaluation by F.R. Manby, 2003,2007, G. Knizia, 2010


 Basis set AUG-CC-PVTZ/JKFIT generated.  Number of basis functions:   392 
 Basis set CC-PVTZ-F12/OPTRI generated.  Number of basis functions:   314 
 Basis set AUG-CC-PVTZ/MP2FIT generated. Number of basis functions:   396 

 Convergence thresholds:  THRVAR = 1.00D-08  THRDEN = 1.00D-06

 Number of core orbitals:           2 (   2   0 )
 Number of closed-shell orbitals:   7 (   5   2 )
 Number of external orbitals:     169 ( 107  62 )

 Molecular orbitals read from record     2100.2  Type=RHF/CANONICAL (state 1.1)

 MP2-F12 correlation treatment (H.-J. Werner, 2006)
 ==================================================

 Using MP2-F12 with ansatz 3C(FIX)

 Using projected zeroth-order Hamiltonian (+Z)

 FOCKRIB=T FOCKRIC=T FOCKRIP=T CABSP=T CABSA=T CABSK=T CABSF=T GBC=F EBC=F DMAT=T NOFIK=T NOPAO=1 SOLVE=-1  USEPAO=0
 EXCH_A= T EXCH_B= F EXCH_C= F EXCH_P= F

 Geminal basis:    OPTFULL  GEM_TYPE=SLATER  BETA=1.0  NGEM=6

 Optimizing Gaussian exponents for each gem_beta

 Geminal optimization for beta= 1.0000
 Weight function:   m=0, omega= 1.4646

 Augmented Hessian optimization of geminal fit. Trust ratio= 0.40000
 Convergence reached after   2 iterations. Final gradient= 8.66D-16, Step= 4.23D-06, Delta= 1.28D-09

 Alpha:                 0.19532     0.81920     2.85917     9.50073    35.69989   197.79328
 Coeff:                 0.27070     0.30552     0.18297     0.10986     0.06810     0.04224


 Symmetry turned off. Reference energy:       -115.097116796882

 All pairs explicitly correlated. Number of r12-pairs:           28

 Excluding core orbitals from MO domains

 AO(A)-basis ORBITAL           loaded. Number of functions:     178
 RI(R)-basis CC-PVTZ-F12/OPTRI loaded. Number of functions:     314
 DF-basis AUG-CC-PVTZ/JKFIT    loaded. Number of functions:     392

 Screening thresholds:   THRAO=  1.00D-10  THRMO=  1.00D-09  THRPROD=  1.00D-09
                         THRSW=  1.00D-05  THROV=  1.00D-12  THRAOF12= 1.00D-08

 CPU time for Fock operators                      5.50 sec

 Construction of ABS:
 Smallest eigenvalue of S          4.44E-04  (threshold= 1.00E-08)
 Ratio eigmin/eigmax               5.69E-05  (threshold= 1.00E-09)
 Smallest eigenvalue of S kept     4.44E-04  (threshold= 4.44E-04, 0 functions deleted, 314 kept)

 Construction of CABS:
 Smallest eigenvalue of S          7.34E-07  (threshold= 1.00E-08)
 Ratio eigmin/eigmax               7.34E-07  (threshold= 1.00E-09)
 Smallest eigenvalue of S kept     7.34E-07  (threshold= 7.34E-07, 0 functions deleted, 314 kept)

 CPU time for CABS singles                        0.04 sec

 CABS-singles contribution of  -0.00133105 patched into reference energy.
 New reference energy        -115.09844784

 AO(A)-basis ORBITAL           loaded. Number of functions:     178
 RI(R)-basis CC-PVTZ-F12/OPTRI loaded. Number of functions:     314
 DF-basis AUG-CC-PVTZ/MP2FIT   loaded. Number of functions:     396

 Screening thresholds:   THRAO=  1.00D-10  THRMO=  1.00D-09  THRPROD=  1.00D-09
                         THRSW=  1.00D-05  THROV=  1.00D-12  THRAOF12= 1.00D-08

 CPU time for 3-index integral evaluation         3.45 sec
 CPU time for first  half transformation          0.30 sec ( 8230.2 MFLOP/sec)
 CPU time for second half transformation          0.03 sec ( 2072.3 MFLOP/sec)
 CPU time for sorting                             0.01 sec
 CPU time for fitting                             0.03 sec (37980.8 MFLOP/sec)
 CPU time for tilde quantities                    0.04 sec (37761.3 MFLOP/sec)
 CPU time for assembly                            0.20 sec (61768.0 MFLOP/sec)
 CPU time for tranop_f12                          0.26 sec (61000.9 MFLOP/sec)
 CPU time for f12 integrals (total)               7.29 sec, Elapsed time:      7.67 sec
 CPU time for f12 matrices (total)                0.11 sec, Elapsed time:      0.49 sec

 Diagonal F12 approximation with fixed coefficients:  TSING= 0.500,  TTRIP= 0.250 (scaled by -1/beta)

 DF-MP2-F12 energy corrections:
 ==============================
 Approx.                                    Singlet             Triplet             Total
 DF-MP2-F12/3*C(DX,FIX)                -0.038221022347     -0.004201076045     -0.042422098392
 DF-MP2-F12/3*C(FIX)                   -0.036041108822     -0.003923291359     -0.039964400181
 DF-MP2-F12/3C(FIX)                    -0.035984501035     -0.004058331967     -0.040042833002

 DF-MP2-F12 correlation energies:
 ================================
 Approx.                                    Singlet             Triplet             Ecorr            Total Energy
 DF-MP2                                -0.291794764915     -0.152757065491     -0.444551830406   -115.542999674104
 DF-MP2-F12/3*C(DX,FIX)                -0.330015787261     -0.156958141536     -0.486973928798   -115.585421772496
 DF-MP2-F12/3*C(FIX)                   -0.327835873736     -0.156680356850     -0.484516230587   -115.582964074285
 DF-MP2-F12/3C(FIX)                    -0.327779265950     -0.156815397458     -0.484594663408   -115.583042507107

 SCS-DF-MP2 energies (F_SING= 1.20000  F_TRIP= 0.62222  F_PARALLEL= 0.33333):
 ============================================================================
 SCS-DF-MP2                            -0.445202558648   -115.543650402346
 SCS-DF-MP2-F12/3*C(DX,FIX)            -0.493681788336   -115.592129632035
 SCS-DF-MP2-F12/3*C(FIX)               -0.490893048302   -115.589340892000
 SCS-DF-MP2-F12/3C(FIX)                -0.490909144225   -115.589356987924

 Symmetry restored.
 Symmetry transformation completed.

 Number of N-1 electron functions:               7
 Number of N-2 electron functions:              28
 Number of singly external CSFs:               659
 Number of doubly external CSFs:            355020
 Total number of CSFs:                      355680

 Length of J-op  integral file:             103.49 MB
 Length of K-op  integral file:             127.95 MB

 Integral transformation finished. Total CPU:   0.47 sec, npass=  1  Memory used:   0.67 MW

 ITER.      SQ.NORM     CORR.ENERGY   TOTAL ENERGY   ENERGY CHANGE     VAR   MIC
   1      1.00000000    -0.44461847  -115.54306631    -0.44461847  0.00D+00   0
   2      1.11569291    -0.44461847  -115.54306631    -0.00000000  0.35D-16   0

 Solving MP2-F12 equations

   1      1.11565610    -0.48390421  -115.58235205    -0.03928574 -0.37D-04   0
   2      1.11565610    -0.48465984  -115.58310768    -0.00075563 -0.75D-19   0
   3      1.11565610    -0.48465984  -115.58310768     0.00000000 -0.64D-19   0

 CPU TIME FOR ITERATIVE MP2:    0.04 SEC


 MP2-F12 energy corrections:
 ===========================
 Approx.                                    Singlet             Triplet             Total
 MP2-F12/3*C(DX,FIX)                   -0.038221022347     -0.004201076045     -0.042422098392
 MP2-F12/3*C(FIX)                      -0.036041108822     -0.003923291359     -0.039964400181
 MP2-F12/3C(FIX)                       -0.035981794324     -0.004059574866     -0.040041369190

 MP2-F12 correlation energies:
 =============================
 Approx.                                    Singlet             Triplet             Ecorr            Total Energy
 MP2                                   -0.291978131145     -0.152640338257     -0.444618469402   -115.543066313101
 MP2-F12/3*C(DX,FIX)                   -0.330199153492     -0.156841414302     -0.487040567794   -115.585488411493
 MP2-F12/3*C(FIX)                      -0.328019239967     -0.156563629616     -0.484582869583   -115.583030713282
 MP2-F12/3C(FIX)                       -0.327959925469     -0.156699913123     -0.484659838593   -115.583107682291

 SCS-MP2 energies (F_SING= 1.20000  F_TRIP= 0.62222  F_PARALLEL= 0.33333):
 =========================================================================
 SCS-MP2                               -0.445349967845   -115.543797811544
 SCS-MP2-F12/3*C(DX,FIX)               -0.493829197534   -115.592277041233
 SCS-MP2-F12/3*C(FIX)                  -0.491040457499   -115.589488301198
 SCS-MP2-F12/3C(FIX)                   -0.491054078729   -115.589501922427


  Reference energy                   -115.097116796882
  F12 singles correction               -0.001331046817

 F12 singles corrections added to reference energy

  New reference energy               -115.098447843699

  F12/3C(F) singlet correction         -0.035981794324
  F12/3C(F) triplet correction         -0.004059574866
  F12/3C(F) total correction           -0.040041369190
  MP2-F12/3C(F) singlet pair energy    -0.327959925469
  MP2-F12/3C(F) triplet pair energy    -0.156699913123
  MP2-F12/3C(F) correlation energy     -0.484659838593

 !MP2-F12/3C(F) total energy         -115.583107682291


 **********************************************************************************************************************************
 DATASETS  * FILE   NREC   LENGTH (MB)   RECORD NAMES
              1      20      317.52       500      610      700      900      950      970     1000      129      960     1100   
                                          VAR    BASINP    GEOM    SYMINP    ZMAT    AOBASIS   BASIS     P2S    ABASIS      S 
                                         1400     1410     1200     1210     1080     1600     1650     1300     1700     1380   
                                           T        V       H0       H01     AOSYM     SMH    MOLCAS    ERIS     OPER     JKOP   

              2       7        3.55       700     1000      520     2100     7360     7350     7000   
                                         GEOM     BASIS   MCVARS     RHF    F12ABS    EF12   

 PROGRAMS   *        TOTAL   MP2-F12    HF-SCF       INT
 CPU TIMES  *        24.03     13.68      2.96      7.26
 REAL TIME  *       311.63 SEC
 DISK USED  *         1.13 GB
 **********************************************************************************************************************************


 PROGRAM * CCSD (Closed-shell coupled cluster)     Authors: C. Hampel, H.-J. Werner, 1991, M. Deegan, P.J. Knowles, 1992

                                  CCSD-F12 implementation by  H.-J. Werner, 2007

                   Density fitting integral evaluation by F.R. Manby, 2003,2007, G. Knizia, 2010



 Convergence thresholds:  THRVAR = 1.00D-08  THRDEN = 1.00D-06

 CCSD(T)     terms to be evaluated (factor= 1.000)


 Number of core orbitals:           2 (   2   0 )
 Number of closed-shell orbitals:   7 (   5   2 )
 Number of external orbitals:     169 ( 107  62 )

 Molecular orbitals read from record     2100.2  Type=RHF/CANONICAL (state 1.1)

 MP2-F12 correlation treatment (H.-J. Werner, 2006)
 ==================================================

 Using MP2-F12 with ansatz 3C(FIX)

 Using projected zeroth-order Hamiltonian (+Z)

 FOCKRIB=T FOCKRIC=T FOCKRIP=T CABSP=T CABSA=T CABSK=T CABSF=T GBC=F EBC=F DMAT=T NOFIK=T NOPAO=1 SOLVE=-1  USEPAO=0
 EXCH_A= T EXCH_B= F EXCH_C= F EXCH_P= F

 Geminal basis:    OPTFULL  GEM_TYPE=SLATER  BETA=1.0  NGEM=6

 Optimizing Gaussian exponents for each gem_beta

 Geminal optimization for beta= 1.0000
 Weight function:   m=0, omega= 1.4646

 Augmented Hessian optimization of geminal fit. Trust ratio= 0.40000
 Convergence reached after   2 iterations. Final gradient= 8.66D-16, Step= 4.23D-06, Delta= 1.28D-09

 Alpha:                 0.19532     0.81920     2.85917     9.50073    35.69989   197.79328
 Coeff:                 0.27070     0.30552     0.18297     0.10986     0.06810     0.04224


 Symmetry turned off. Reference energy:       -115.097116796882

 All pairs explicitly correlated. Number of r12-pairs:           28

 Excluding core orbitals from MO domains

 AO(A)-basis ORBITAL           loaded. Number of functions:     178
 RI(R)-basis CC-PVTZ-F12/OPTRI loaded. Number of functions:     314
 DF-basis AUG-CC-PVTZ/JKFIT    loaded. Number of functions:     392

 Screening thresholds:   THRAO=  1.00D-10  THRMO=  1.00D-09  THRPROD=  1.00D-09
                         THRSW=  1.00D-05  THROV=  1.00D-12  THRAOF12= 1.00D-08

 CPU time for Fock operators                      5.36 sec

 Construction of ABS:
 Smallest eigenvalue of S          4.44E-04  (threshold= 1.00E-08)
 Ratio eigmin/eigmax               5.69E-05  (threshold= 1.00E-09)
 Smallest eigenvalue of S kept     4.44E-04  (threshold= 4.44E-04, 0 functions deleted, 314 kept)

 Construction of CABS:
 Smallest eigenvalue of S          7.34E-07  (threshold= 1.00E-08)
 Ratio eigmin/eigmax               7.34E-07  (threshold= 1.00E-09)
 Smallest eigenvalue of S kept     7.34E-07  (threshold= 7.34E-07, 0 functions deleted, 314 kept)

 CPU time for CABS singles                        0.04 sec

 CABS-singles contribution of  -0.00133105 patched into reference energy.
 New reference energy        -115.09844784

 AO(A)-basis ORBITAL           loaded. Number of functions:     178
 RI(R)-basis CC-PVTZ-F12/OPTRI loaded. Number of functions:     314
 DF-basis AUG-CC-PVTZ/MP2FIT   loaded. Number of functions:     396

 Screening thresholds:   THRAO=  1.00D-10  THRMO=  1.00D-09  THRPROD=  1.00D-09
                         THRSW=  1.00D-05  THROV=  1.00D-12  THRAOF12= 1.00D-08

 CPU time for 3-index integral evaluation         3.49 sec
 CPU time for first  half transformation          0.25 sec ( 9876.2 MFLOP/sec)
 CPU time for second half transformation          0.01 sec ( 6217.0 MFLOP/sec)
 CPU time for sorting                             0.02 sec
 CPU time for fitting                             0.03 sec (37980.8 MFLOP/sec)
 CPU time for tilde quantities                    0.02 sec (75522.6 MFLOP/sec)
 CPU time for assembly                            0.20 sec (61768.0 MFLOP/sec)
 CPU time for tranop_f12                          0.27 sec (58741.6 MFLOP/sec)
 CPU time for f12 integrals (total)               7.18 sec, Elapsed time:      7.54 sec
 CPU time for f12 matrices (total)                0.11 sec, Elapsed time:      0.14 sec

 Diagonal F12 approximation with fixed coefficients:  TSING= 0.500,  TTRIP= 0.250 (scaled by -1/beta)

 DF-MP2-F12 energy corrections:
 ==============================
 Approx.                                    Singlet             Triplet             Total
 DF-MP2-F12/3*C(DX,FIX)                -0.038221022347     -0.004201076045     -0.042422098392
 DF-MP2-F12/3*C(FIX)                   -0.036041108822     -0.003923291359     -0.039964400181
 DF-MP2-F12/3C(FIX)                    -0.035984501035     -0.004058331967     -0.040042833002

 DF-MP2-F12 correlation energies:
 ================================
 Approx.                                    Singlet             Triplet             Ecorr            Total Energy
 DF-MP2                                -0.291794764915     -0.152757065491     -0.444551830406   -115.542999674104
 DF-MP2-F12/3*C(DX,FIX)                -0.330015787261     -0.156958141536     -0.486973928798   -115.585421772496
 DF-MP2-F12/3*C(FIX)                   -0.327835873736     -0.156680356850     -0.484516230587   -115.582964074285
 DF-MP2-F12/3C(FIX)                    -0.327779265950     -0.156815397458     -0.484594663408   -115.583042507107

 SCS-DF-MP2 energies (F_SING= 1.20000  F_TRIP= 0.62222  F_PARALLEL= 0.33333):
 ============================================================================
 SCS-DF-MP2                            -0.445202558648   -115.543650402346
 SCS-DF-MP2-F12/3*C(DX,FIX)            -0.493681788336   -115.592129632035
 SCS-DF-MP2-F12/3*C(FIX)               -0.490893048302   -115.589340892000
 SCS-DF-MP2-F12/3C(FIX)                -0.490909144225   -115.589356987924

 Symmetry restored.
 Symmetry transformation completed.

 Number of N-1 electron functions:               7
 Number of N-2 electron functions:              28
 Number of singly external CSFs:               659
 Number of doubly external CSFs:            355020
 Total number of CSFs:                      355680

 Length of J-op  integral file:             103.62 MB
 Length of K-op  integral file:             127.95 MB
 Length of 3-ext integral record:             0.00 MB

 Memory could be reduced to 24.20 Mwords without degradation in triples

 Integral transformation finished. Total CPU:   1.24 sec, npass=  1  Memory used:   7.45 MW

 Reference energy:                   -115.09844784

 Adding F12 terms to K(Cij), methodcc=6,  factor= 1.0

 ITER.      SQ.NORM     CORR.ENERGY   TOTAL ENERGY   ENERGY CHANGE        DEN1      VAR(S)    VAR(P)  DIIS     TIME  TIME/IT
   1      1.11843342    -0.45379183  -115.55223968    -0.00917336     0.00198860  0.15D-02  0.19D-02  1  1    14.83     0.88
   2      1.12597550    -0.45415993  -115.55260778    -0.00036810    -0.00916797  0.25D-04  0.24D-03  2  2    15.68     0.91
   3      1.12877978    -0.45434391  -115.55279176    -0.00018398    -0.00189980  0.15D-04  0.14D-04  3  3    16.54     0.92
   4      1.12976255    -0.45436320  -115.55281104    -0.00001928    -0.00061681  0.92D-06  0.12D-05  4  4    17.38     0.92
   5      1.12992551    -0.45436485  -115.55281269    -0.00000165    -0.00003947  0.25D-06  0.11D-06  5  5    18.21     0.93
   6      1.12997061    -0.45436244  -115.55281028     0.00000241    -0.00000455  0.39D-07  0.10D-07  6  6    19.05     0.93
   7      1.12998260    -0.45436153  -115.55280938     0.00000090    -0.00000312  0.44D-08  0.16D-08  6  1    19.92     0.94
   8      1.12998458    -0.45436160  -115.55280944    -0.00000007     0.00000036  0.74D-09  0.22D-09  6  3    20.76     0.94

 Norm of t1 vector:      0.05071991      S-energy:    -0.00000040      T1 diagnostic:  0.00958516
                                                                       D1 diagnostic:  0.02043649

 Adding energy correction from Wij-K(Fij), methodcc=6  factor= 1.0

  CCSD correlation energy              -0.454361599281
  MP2-F12 correction (uncoupled)       -0.038488120446
  C*T doubles correction               -0.001165106544
  f12b correction                       0.007105537789


 Total CPU time for triples:     13.42 sec


 RESULTS
 =======

  Reference energy                   -115.097116796882
  F12 singles correction               -0.001331046817

 F12 singles corrections added to reference energy

  New reference energy               -115.098447843699

  F12a singlet correction              -0.035742424241
  F12a triplet correction              -0.003910802749
  F12a total correction                -0.039653226990

 F12a corrections for ansatz F12/3C(FIX) added to CCSD energy

  CCSD-F12a singlet pair energy        -0.351986200040
  CCSD-F12a triplet pair energy        -0.142028229191
  CCSD-F12a correlation energy         -0.494014826271

  Triples (T) contribution             -0.016160370503
  Total correlation energy             -0.510175196774

  CCSD-F12a total energy             -115.592462669970
  CCSD[T]-F12a energy                -115.609187149749
  CCSD-T-F12a energy                 -115.608374210696
 !CCSD(T)-F12a total energy          -115.608623040473

 F12b corrections for ansatz F12/3C(FIX) added to CCSD(T)-F12a energy

  CCSD-F12b singlet pair energy        -0.345342224609
  CCSD-F12b triplet pair energy        -0.141566666833
  CCSD-F12b correlation energy         -0.486909288483

  Triples (T) contribution             -0.016160370503
  Total correlation energy             -0.503069658986

  CCSD-F12b total energy             -115.585357132181
  CCSD[T]-F12b energy                -115.602081611960
  CCSD-T-F12b energy                 -115.601268672907
 !CCSD(T)-F12b total energy          -115.601517502684

 Timing summary (sec):

 STEP                 CPU(USER)    SYS     CPU(TOT)    WALL
 Transformation          1.25      0.23      1.48      1.48
 CCSD iterations         6.76      0.74      7.50      7.52
 Triples                13.42      0.50     13.92     13.95
 MP2-F12                12.76      0.54     13.30     13.45
 F12b energy             0.68      0.05      0.73      0.74

 Program statistics:

 Available memory in ccsd:               499999650
 Min. memory needed in ccsd:               1149135
 Max. memory used in ccsd:                 1443104
 Max. memory used in cckext:               1888566 ( 9 integral passes)



 **********************************************************************************************************************************
 DATASETS  * FILE   NREC   LENGTH (MB)   RECORD NAMES
              1      20      386.09       500      610      700      900      950      970     1000      129      960     1100   
                                          VAR    BASINP    GEOM    SYMINP    ZMAT    AOBASIS   BASIS     P2S    ABASIS      S 
                                         1400     1410     1200     1210     1080     1600     1650     1300     1700     1380   
                                           T        V       H0       H01     AOSYM     SMH    MOLCAS    ERIS     OPER     JKOP   

              2       7        3.55       700     1000      520     2100     7360     7350     7000   
                                         GEOM     BASIS   MCVARS     RHF    F12ABS    EF12   

 PROGRAMS   *        TOTAL   CCSD(T)   MP2-F12    HF-SCF       INT
 CPU TIMES  *        58.93     34.90     13.68      2.96      7.26
 REAL TIME  *       348.84 SEC
 DISK USED  *         1.13 GB
 **********************************************************************************************************************************
 SETTING XXX            =    "MMM"
 SETTING POINT          =        22.00000000                                  

 *** ### CH3OH


 XXX       RCO          ROH          RCH1         RCH2         RCH3           ACOH           AOCH1          AOCH2          AOCH3         AHH1           AHH2           AHH3            ENERGY       POINT
 "MMM"   1.42077677   0.98513932   1.09171752   1.08440070   1.09171752   108.12930637   111.65221523   107.18733878   111.65221523   61.43364279   180.00000000   298.56635721   -115.60862304   22.0000
                                                  

 CCSD(T)-F12/cc-pVTZ-F12 energy=   -115.601517502684

     CCSD(T)-F12         MP2-F12          HF-SCF
   -115.60151750   -115.58310768   -115.09711680
 **********************************************************************************************************************************
 Molpro calculation terminated
