
 Primary working directories    : /tmpdir/job/2955580.undefined/molpro.Kaco6J6Naz
 Secondary working directories  : /tmpdir/job/2955580.undefined/molpro.Kaco6J6Naz
 Wavefunction directory         : /home/zcaposm/wfu/
 Main file repository           : /tmpdir/job/2955580.undefined/molpro.Kaco6J6Naz/

 id        : uclcc

 Nodes                         nprocs
 node-d00a-131.myriad.ucl.ac.uk    1

 Using customized tuning parameters: mindgm=1; mindgv=20; mindgc=4; mindgr=1; noblas=0; minvec=7
 default implementation of scratch files=df  


 Variables initialized (945), CPU time= 0.00 sec
 ***,Methanol Ground State Energy with CCSD(T)-F12 and cc-pVTZ-F12
 memory,500,m;
 
 geometry={angstrom
 c
 o , 1, rco
 h , 2, roh, 1, acoh
 h1, 1, rch1, 2, aoch1  3  ahh1
 h2, 1, rch2, 2, aoch2, 3, ahh2
 h3, 1, rch3, 2, aoch3, 3, ahh3
 }
 
                                                ! Specify the initial values of the internal coordinates (in Angstroms and degrees)
 
 rco= 1.42077677
 roh= 0.95013932
 rch1= 1.091717515605
 rch2= 1.08440070258
 rch3= 1.091717515605
 acoh= 108.12930637
 aoch1= 111.6522152299
 aoch2= 107.18733878260001
 aoch3= 111.6522152299
 ahh1=61.43364279
 ahh2=180.0
 ahh3=298.56635721
 
                                                                                 ! Use the cc-pVTZ-F12 basis set
 basis=cc-pVTZ-F12
 
 hf
 
                                                                                 ! Use explicitly correlated F12 methods
                                                                            ! First, MP2-F12 (useful for initial electronic energy)
 {mp2-f12}
 
                                                                        ! If desired, perform CCSD(T)-F12 for more accurate results
 {ccsd(t)-f12}
 
                                                                                 ! Output the energy
 xxx = "mmm"
 point = 17
 text ### CH3OH
 table,xxx,rco,roh,rch1,rch2,rch3,acoh,aoch1,aoch2,aoch3,ahh1,ahh2,ahh3,energy,point
 DIGITS, 0, 8, 8, 8, 8, 8, 8, 8, 8, 8,  8,  8,  8, 8, 4
 save,CH3OH_MEP_MP2_17.dat,new
 
 Commands  initialized (802), CPU time= 0.01 sec, 659 directives.
 Default parameters read. Elapsed time= 0.10 sec

 Checking input...
 Passed
1


                                         ***  PROGRAM SYSTEM MOLPRO  ***
                                       Copyright, TTI GmbH Stuttgart, 2015
                                    Version 2020.1 linked Oct  6 2020 12:04:11


 **********************************************************************************************************************************
 LABEL *   Methanol Ground State Energy with CCSD(T)-F12 and cc-pVTZ-F12                 
  64 bit serial version                                                                  DATE: 08-Oct-24          TIME: 17:11:37  
 **********************************************************************************************************************************

 SHA1:             8c27446f6450a7499e38f603e13c65f775101d37
 **********************************************************************************************************************************

 Memory per process:       500 MW
 Total memory per node:    500 MW

 GA preallocation disabled
 GA check disabled

 Variable memory set to 500.0 MW

 SETTING RCO            =         1.42077677                                  
 SETTING ROH            =         0.95013932                                  
 SETTING RCH1           =         1.09171752                                  
 SETTING RCH2           =         1.08440070                                  
 SETTING RCH3           =         1.09171752                                  
 SETTING ACOH           =       108.12930637                                  
 SETTING AOCH1          =       111.65221523                                  
 SETTING AOCH2          =       107.18733878                                  
 SETTING AOCH3          =       111.65221523                                  
 SETTING AHH1           =        61.43364279                                  
 SETTING AHH2           =       180.00000000                                  
 SETTING AHH3           =       298.56635721                                  
 SETTING BASIS          =    CC-PVTZ-F12


 Recomputing integrals since basis changed


 Using spherical harmonics

 Library entry C      S cc-pVTZ-F12          selected for orbital group  1
 Library entry C      P cc-pVTZ-F12          selected for orbital group  1
 Library entry C      D cc-pVTZ-F12          selected for orbital group  1
 Library entry C      F cc-pVTZ-F12          selected for orbital group  1
 Library entry O      S cc-pVTZ-F12          selected for orbital group  2
 Library entry O      P cc-pVTZ-F12          selected for orbital group  2
 Library entry O      D cc-pVTZ-F12          selected for orbital group  2
 Library entry O      F cc-pVTZ-F12          selected for orbital group  2
 Library entry H      S cc-pVTZ-F12          selected for orbital group  3
 Library entry H      P cc-pVTZ-F12          selected for orbital group  3
 Library entry H      D cc-pVTZ-F12          selected for orbital group  3


 PROGRAM * SEWARD (Integral evaluation for generally contracted gaussian basis sets)     Author: Roland Lindh, 1990

 Geometry written to block  1 of record 700

 Orientation using atomic masses  
 Molecule type: Asymmetric top
 Symmetry elements: X
 Rotational constants:      23.9848108     24.8173906    129.2928159 GHz  (calculated with average atomic masses)

 Point group  Cs  



 ATOMIC COORDINATES

 NR  ATOM    CHARGE       X              Y              Z

   1  C       6.00    0.000000000    0.024671651   -1.376395828
   2  O       8.00    0.000000000   -0.120484774    1.304556381
   3  H       1.00    0.000000000    1.553182537    1.954686440
   4  H1      1.00    1.684053272    0.981378091   -2.086917285
   5  H3      1.00   -1.684053272    0.981378091   -2.086917285
   6  H2      1.00    0.000000000   -1.897436727   -2.086890988

 Bond lengths in Bohr (Angstrom)

 1-2  2.684878979  1-4  2.063047110  1-5  2.063047110  1-6  2.049220337  2-3  1.795503095
     ( 1.420776770)     ( 1.091717516)     ( 1.091717516)     ( 1.084400703)     ( 0.950139320)

 Bond angles

  1-2-3  108.12930637   2-1-4  111.65221523   2-1-5  111.65221523   2-1-6  107.18733878

  4-1-5  109.43105099   4-1-6  108.39459424   5-1-6  108.39459424

 NUCLEAR CHARGE:                   18
 NUMBER OF PRIMITIVE AOS:         228
 NUMBER OF SYMMETRY AOS:          206
 NUMBER OF CONTRACTIONS:          178   (  114A'  +   64A"  )
 NUMBER OF INNER CORE ORBITALS:     0   (    0A'  +    0A"  )
 NUMBER OF OUTER CORE ORBITALS:     2   (    2A'  +    0A"  )
 NUMBER OF VALENCE ORBITALS:       12   (    9A'  +    3A"  )


 NUCLEAR REPULSION ENERGY   40.39944879

 Eigenvalues of metric

         1 0.879E-04 0.178E-03 0.309E-03 0.459E-03 0.492E-03 0.560E-03 0.616E-03 0.621E-03
         2 0.323E-03 0.570E-03 0.686E-03 0.178E-02 0.338E-02 0.489E-02 0.642E-02 0.838E-02


 Contracted 2-electron integrals neglected if value below      1.0D-11
 AO integral compression algorithm  1   Integral accuracy      1.0D-11

     331.350 MB (compressed) written to integral file ( 53.4%)


 NUMBER OF SORTED TWO-ELECTRON INTEGRALS:   64554730.     BUFFER LENGTH:  32768
 NUMBER OF SEGMENTS:   5  SEGMENT LENGTH:   15997996      RECORD LENGTH: 524288

 Memory used in sort:      16.56 MW

 SORT1 READ    77497885. AND WROTE    63556912. INTEGRALS IN    184 RECORDS. CPU TIME:     2.45 SEC, REAL TIME:   226.30 SEC
 SORT2 READ    63556912. AND WROTE    64554730. INTEGRALS IN   1264 RECORDS. CPU TIME:     1.38 SEC, REAL TIME:   415.32 SEC

 FILE SIZES:   FILE 1:   362.2 MBYTE,  FILE 4:   771.8 MBYTE,   TOTAL:   1134.0 MBYTE

 OPERATOR DM      FOR CENTER  0  COORDINATES:    0.000000    0.000000    0.000000


 **********************************************************************************************************************************
 DATASETS  * FILE   NREC   LENGTH (MB)   RECORD NAMES
              1      19      311.57       500      610      700      900      950      970     1000      129      960     1100   
                                          VAR    BASINP    GEOM    SYMINP    ZMAT    AOBASIS   BASIS     P2S    ABASIS      S 
                                         1400     1410     1200     1210     1080     1600     1650     1300     1700   
                                           T        V       H0       H01     AOSYM     SMH    MOLCAS    ERIS     OPER   

 PROGRAMS   *        TOTAL       INT
 CPU TIMES  *         7.61      7.50
 REAL TIME  *       800.15 SEC
 DISK USED  *         1.13 GB
 **********************************************************************************************************************************


 PROGRAM * RHF-SCF (CLOSED SHELL)       Authors: W. Meyer, H.-J. Werner


 NUMBER OF ELECTRONS:       9+    9-
 CONVERGENCE THRESHOLDS:    1.00E-05 (Density)    1.00E-07 (Energy)
 MAX. NUMBER OF ITERATIONS:       60
 INTERPOLATION TYPE:            DIIS
 INTERPOLATION STEPS:              2 (START)      1 (STEP)
 LEVEL SHIFTS:                  0.00 (CLOSED)  0.00 (OPEN) 



 Orbital guess generated from atomic densities. Full valence occupancy:   11   3

 Molecular orbital dump at record        2100.2

 Initial occupancy:   7   2

 ITERATION    DDIFF          GRAD             ENERGY        2-EL.EN.            DIPOLE MOMENTS         DIIS   ORB.
    1      0.000D+00      0.000D+00      -115.06284150    164.559855    0.00000    0.89299   -0.48650    0    start
    2      0.000D+00      0.669D-02      -115.09114075    161.996760    0.00000    0.49401   -0.30726    1    diag
    3      0.655D-02      0.364D-02      -115.09856132    163.247509    0.00000    0.59542   -0.40043    2    diag
    4      0.221D-02      0.717D-03      -115.09908670    163.073003    0.00000    0.59096   -0.39531    3    diag
    5      0.591D-03      0.143D-03      -115.09911998    163.084351    0.00000    0.58719   -0.39985    4    diag
    6      0.163D-03      0.263D-04      -115.09912144    163.082111    0.00000    0.58739   -0.40056    5    diag
    7      0.466D-04      0.541D-05      -115.09912151    163.081769    0.00000    0.58723   -0.40081    6    diag
    8      0.115D-04      0.138D-05      -115.09912151    163.082087    0.00000    0.58721   -0.40083    7    diag
    9      0.223D-05      0.439D-06      -115.09912151    163.081933    0.00000    0.58720   -0.40084    0    orth

 Final occupancy:   7   2

 !RHF STATE  1.1 Energy              -115.099121511821
 Nuclear energy                        40.39944879
 One-electron energy                 -237.03953692
 Two-electron energy                   81.54096661
 Virial quotient                       -1.00084865
 !RHF STATE  1.1 Dipole moment          0.00000000     0.58719954    -0.40083885
 Dipole moment /Debye                   0.00000000     1.49241461    -1.01876400

 Orbital energies:

         1.1          2.1          3.1          4.1          5.1          6.1          7.1          8.1          9.1
    -20.555408   -11.269891    -1.359285    -0.927382    -0.692830    -0.594762    -0.505015     0.054717     0.065060

         1.2          2.2          3.2          4.2
     -0.621766    -0.452461     0.073771     0.181483


 HOMO      2.2    -0.452461 =     -12.3121eV
 LUMO      8.1     0.054717 =       1.4889eV
 LUMO-HOMO         0.507178 =      13.8010eV


 **********************************************************************************************************************************
 DATASETS  * FILE   NREC   LENGTH (MB)   RECORD NAMES
              1      19      311.57       500      610      700      900      950      970     1000      129      960     1100   
                                          VAR    BASINP    GEOM    SYMINP    ZMAT    AOBASIS   BASIS     P2S    ABASIS      S 
                                         1400     1410     1200     1210     1080     1600     1650     1300     1700   
                                           T        V       H0       H01     AOSYM     SMH    MOLCAS    ERIS     OPER   

              2       4        3.18       700     1000      520     2100   
                                         GEOM     BASIS   MCVARS     RHF  

 PROGRAMS   *        TOTAL    HF-SCF       INT
 CPU TIMES  *        10.81      3.19      7.50
 REAL TIME  *       810.99 SEC
 DISK USED  *         1.13 GB
 **********************************************************************************************************************************


 PROGRAM * MP2 (Closed-shell)     Authors: C. Hampel, H.-J. Werner, 1991, M. Deegan, P.J. Knowles, 1992

                                   MP2-F12 implementation by H.-J. Werner, 2007

                   Density fitting integral evaluation by F.R. Manby, 2003,2007, G. Knizia, 2010


 Basis set AUG-CC-PVTZ/JKFIT generated.  Number of basis functions:   392 
 Basis set CC-PVTZ-F12/OPTRI generated.  Number of basis functions:   314 
 Basis set AUG-CC-PVTZ/MP2FIT generated. Number of basis functions:   396 

 Convergence thresholds:  THRVAR = 1.00D-08  THRDEN = 1.00D-06

 Number of core orbitals:           2 (   2   0 )
 Number of closed-shell orbitals:   7 (   5   2 )
 Number of external orbitals:     169 ( 107  62 )

 Molecular orbitals read from record     2100.2  Type=RHF/CANONICAL (state 1.1)

 MP2-F12 correlation treatment (H.-J. Werner, 2006)
 ==================================================

 Using MP2-F12 with ansatz 3C(FIX)

 Using projected zeroth-order Hamiltonian (+Z)

 FOCKRIB=T FOCKRIC=T FOCKRIP=T CABSP=T CABSA=T CABSK=T CABSF=T GBC=F EBC=F DMAT=T NOFIK=T NOPAO=1 SOLVE=-1  USEPAO=0
 EXCH_A= T EXCH_B= F EXCH_C= F EXCH_P= F

 Geminal basis:    OPTFULL  GEM_TYPE=SLATER  BETA=1.0  NGEM=6

 Optimizing Gaussian exponents for each gem_beta

 Geminal optimization for beta= 1.0000
 Weight function:   m=0, omega= 1.4646

 Augmented Hessian optimization of geminal fit. Trust ratio= 0.40000
 Convergence reached after   2 iterations. Final gradient= 8.66D-16, Step= 4.23D-06, Delta= 1.28D-09

 Alpha:                 0.19532     0.81920     2.85917     9.50073    35.69989   197.79328
 Coeff:                 0.27070     0.30552     0.18297     0.10986     0.06810     0.04224


 Symmetry turned off. Reference energy:       -115.099121511821

 All pairs explicitly correlated. Number of r12-pairs:           28

 Excluding core orbitals from MO domains

 AO(A)-basis ORBITAL           loaded. Number of functions:     178
 RI(R)-basis CC-PVTZ-F12/OPTRI loaded. Number of functions:     314
 DF-basis AUG-CC-PVTZ/JKFIT    loaded. Number of functions:     392

 Screening thresholds:   THRAO=  1.00D-10  THRMO=  1.00D-09  THRPROD=  1.00D-09
                         THRSW=  1.00D-05  THROV=  1.00D-12  THRAOF12= 1.00D-08

 CPU time for Fock operators                      5.66 sec

 Construction of ABS:
 Smallest eigenvalue of S          4.31E-04  (threshold= 1.00E-08)
 Ratio eigmin/eigmax               5.51E-05  (threshold= 1.00E-09)
 Smallest eigenvalue of S kept     4.31E-04  (threshold= 4.31E-04, 0 functions deleted, 314 kept)

 Construction of CABS:
 Smallest eigenvalue of S          7.22E-07  (threshold= 1.00E-08)
 Ratio eigmin/eigmax               7.22E-07  (threshold= 1.00E-09)
 Smallest eigenvalue of S kept     7.22E-07  (threshold= 7.22E-07, 0 functions deleted, 314 kept)

 CPU time for CABS singles                        0.05 sec

 CABS-singles contribution of  -0.00136318 patched into reference energy.
 New reference energy        -115.10048469

 AO(A)-basis ORBITAL           loaded. Number of functions:     178
 RI(R)-basis CC-PVTZ-F12/OPTRI loaded. Number of functions:     314
 DF-basis AUG-CC-PVTZ/MP2FIT   loaded. Number of functions:     396

 Screening thresholds:   THRAO=  1.00D-10  THRMO=  1.00D-09  THRPROD=  1.00D-09
                         THRSW=  1.00D-05  THROV=  1.00D-12  THRAOF12= 1.00D-08

 CPU time for 3-index integral evaluation         3.39 sec
 CPU time for first  half transformation          0.35 sec ( 7054.4 MFLOP/sec)
 CPU time for second half transformation          0.03 sec ( 2072.3 MFLOP/sec)
 CPU time for sorting                             0.03 sec
 CPU time for fitting                             0.03 sec (37980.8 MFLOP/sec)
 CPU time for tilde quantities                    0.03 sec (50348.4 MFLOP/sec)
 CPU time for assembly                            0.22 sec (56152.7 MFLOP/sec)
 CPU time for tranop_f12                          0.29 sec (54690.4 MFLOP/sec)
 CPU time for f12 integrals (total)               7.36 sec, Elapsed time:      7.69 sec
 CPU time for f12 matrices (total)                0.12 sec, Elapsed time:      0.21 sec

 Diagonal F12 approximation with fixed coefficients:  TSING= 0.500,  TTRIP= 0.250 (scaled by -1/beta)

 DF-MP2-F12 energy corrections:
 ==============================
 Approx.                                    Singlet             Triplet             Total
 DF-MP2-F12/3*C(DX,FIX)                -0.038315351915     -0.004217476169     -0.042532828084
 DF-MP2-F12/3*C(FIX)                   -0.036108609912     -0.003934080190     -0.040042690102
 DF-MP2-F12/3C(FIX)                    -0.036050873316     -0.004069003028     -0.040119876344

 DF-MP2-F12 correlation energies:
 ================================
 Approx.                                    Singlet             Triplet             Ecorr            Total Energy
 DF-MP2                                -0.290818739982     -0.152204235174     -0.443022975156   -115.543507667613
 DF-MP2-F12/3*C(DX,FIX)                -0.329134091897     -0.156421711343     -0.485555803240   -115.586040495697
 DF-MP2-F12/3*C(FIX)                   -0.326927349894     -0.156138315363     -0.483065665257   -115.583550357715
 DF-MP2-F12/3C(FIX)                    -0.326869613298     -0.156273238202     -0.483142851499   -115.583627543957

 SCS-DF-MP2 energies (F_SING= 1.20000  F_TRIP= 0.62222  F_PARALLEL= 0.33333):
 ============================================================================
 SCS-DF-MP2                            -0.443687345420   -115.544172037877
 SCS-DF-MP2-F12/3*C(DX,FIX)            -0.492289975112   -115.592774667569
 SCS-DF-MP2-F12/3*C(FIX)               -0.489465549432   -115.589950241890
 SCS-DF-MP2-F12/3C(FIX)                -0.489480217505   -115.589964909962

 Symmetry restored.
 Symmetry transformation completed.

 Number of N-1 electron functions:               7
 Number of N-2 electron functions:              28
 Number of singly external CSFs:               659
 Number of doubly external CSFs:            355020
 Total number of CSFs:                      355680

 Length of J-op  integral file:             103.49 MB
 Length of K-op  integral file:             127.95 MB

 Integral transformation finished. Total CPU:   0.48 sec, npass=  1  Memory used:   0.67 MW

 ITER.      SQ.NORM     CORR.ENERGY   TOTAL ENERGY   ENERGY CHANGE     VAR   MIC
   1      1.00000000    -0.44308930  -115.54357399    -0.44308930  0.00D+00   0
   2      1.11435918    -0.44308930  -115.54357399     0.00000000 -0.35D-15   0

 Solving MP2-F12 equations

   1      1.11432304    -0.48245066  -115.58293535    -0.03936136 -0.37D-04   0
   2      1.11432304    -0.48320779  -115.58369248    -0.00075713 -0.10D-17   0
   3      1.11432304    -0.48320779  -115.58369248    -0.00000000 -0.16D-18   0

 CPU TIME FOR ITERATIVE MP2:    0.04 SEC


 MP2-F12 energy corrections:
 ===========================
 Approx.                                    Singlet             Triplet             Total
 MP2-F12/3*C(DX,FIX)                   -0.038315351915     -0.004217476169     -0.042532828084
 MP2-F12/3*C(FIX)                      -0.036108609912     -0.003934080190     -0.040042690102
 MP2-F12/3C(FIX)                       -0.036048174071     -0.004070320927     -0.040118494998

 MP2-F12 correlation energies:
 =============================
 Approx.                                    Singlet             Triplet             Ecorr            Total Energy
 MP2                                   -0.291002072900     -0.152087224574     -0.443089297473   -115.543573989930
 MP2-F12/3*C(DX,FIX)                   -0.329317424815     -0.156304700743     -0.485622125557   -115.586106818014
 MP2-F12/3*C(FIX)                      -0.327110682812     -0.156021304763     -0.483131987575   -115.583616680032
 MP2-F12/3C(FIX)                       -0.327050246970     -0.156157545501     -0.483207792471   -115.583692484928

 SCS-MP2 energies (F_SING= 1.20000  F_TRIP= 0.62222  F_PARALLEL= 0.33333):
 =========================================================================
 SCS-MP2                               -0.443834538325   -115.544319230782
 SCS-MP2-F12/3*C(DX,FIX)               -0.492437168017   -115.592921860475
 SCS-MP2-F12/3*C(FIX)                  -0.489612742338   -115.590097434795
 SCS-MP2-F12/3C(FIX)                   -0.489624991343   -115.590109683800


  Reference energy                   -115.099121511821
  F12 singles correction               -0.001363180636

 F12 singles corrections added to reference energy

  New reference energy               -115.100484692457

  F12/3C(F) singlet correction         -0.036048174071
  F12/3C(F) triplet correction         -0.004070320927
  F12/3C(F) total correction           -0.040118494998
  MP2-F12/3C(F) singlet pair energy    -0.327050246970
  MP2-F12/3C(F) triplet pair energy    -0.156157545501
  MP2-F12/3C(F) correlation energy     -0.483207792471

 !MP2-F12/3C(F) total energy         -115.583692484928


 **********************************************************************************************************************************
 DATASETS  * FILE   NREC   LENGTH (MB)   RECORD NAMES
              1      20      317.31       500      610      700      900      950      970     1000      129      960     1100   
                                          VAR    BASINP    GEOM    SYMINP    ZMAT    AOBASIS   BASIS     P2S    ABASIS      S 
                                         1400     1410     1200     1210     1080     1600     1650     1300     1700     1380   
                                           T        V       H0       H01     AOSYM     SMH    MOLCAS    ERIS     OPER     JKOP   

              2       7        3.55       700     1000      520     2100     7360     7350     7000   
                                         GEOM     BASIS   MCVARS     RHF    F12ABS    EF12   

 PROGRAMS   *        TOTAL   MP2-F12    HF-SCF       INT
 CPU TIMES  *        24.69     13.88      3.19      7.50
 REAL TIME  *       825.90 SEC
 DISK USED  *         1.13 GB
 **********************************************************************************************************************************


 PROGRAM * CCSD (Closed-shell coupled cluster)     Authors: C. Hampel, H.-J. Werner, 1991, M. Deegan, P.J. Knowles, 1992

                                  CCSD-F12 implementation by  H.-J. Werner, 2007

                   Density fitting integral evaluation by F.R. Manby, 2003,2007, G. Knizia, 2010



 Convergence thresholds:  THRVAR = 1.00D-08  THRDEN = 1.00D-06

 CCSD(T)     terms to be evaluated (factor= 1.000)


 Number of core orbitals:           2 (   2   0 )
 Number of closed-shell orbitals:   7 (   5   2 )
 Number of external orbitals:     169 ( 107  62 )

 Molecular orbitals read from record     2100.2  Type=RHF/CANONICAL (state 1.1)

 MP2-F12 correlation treatment (H.-J. Werner, 2006)
 ==================================================

 Using MP2-F12 with ansatz 3C(FIX)

 Using projected zeroth-order Hamiltonian (+Z)

 FOCKRIB=T FOCKRIC=T FOCKRIP=T CABSP=T CABSA=T CABSK=T CABSF=T GBC=F EBC=F DMAT=T NOFIK=T NOPAO=1 SOLVE=-1  USEPAO=0
 EXCH_A= T EXCH_B= F EXCH_C= F EXCH_P= F

 Geminal basis:    OPTFULL  GEM_TYPE=SLATER  BETA=1.0  NGEM=6

 Optimizing Gaussian exponents for each gem_beta

 Geminal optimization for beta= 1.0000
 Weight function:   m=0, omega= 1.4646

 Augmented Hessian optimization of geminal fit. Trust ratio= 0.40000
 Convergence reached after   2 iterations. Final gradient= 8.66D-16, Step= 4.23D-06, Delta= 1.28D-09

 Alpha:                 0.19532     0.81920     2.85917     9.50073    35.69989   197.79328
 Coeff:                 0.27070     0.30552     0.18297     0.10986     0.06810     0.04224


 Symmetry turned off. Reference energy:       -115.099121511821

 All pairs explicitly correlated. Number of r12-pairs:           28

 Excluding core orbitals from MO domains

 AO(A)-basis ORBITAL           loaded. Number of functions:     178
 RI(R)-basis CC-PVTZ-F12/OPTRI loaded. Number of functions:     314
 DF-basis AUG-CC-PVTZ/JKFIT    loaded. Number of functions:     392

 Screening thresholds:   THRAO=  1.00D-10  THRMO=  1.00D-09  THRPROD=  1.00D-09
                         THRSW=  1.00D-05  THROV=  1.00D-12  THRAOF12= 1.00D-08

 CPU time for Fock operators                      5.51 sec

 Construction of ABS:
 Smallest eigenvalue of S          4.31E-04  (threshold= 1.00E-08)
 Ratio eigmin/eigmax               5.51E-05  (threshold= 1.00E-09)
 Smallest eigenvalue of S kept     4.31E-04  (threshold= 4.31E-04, 0 functions deleted, 314 kept)

 Construction of CABS:
 Smallest eigenvalue of S          7.22E-07  (threshold= 1.00E-08)
 Ratio eigmin/eigmax               7.22E-07  (threshold= 1.00E-09)
 Smallest eigenvalue of S kept     7.22E-07  (threshold= 7.22E-07, 0 functions deleted, 314 kept)

 CPU time for CABS singles                        0.04 sec

 CABS-singles contribution of  -0.00136318 patched into reference energy.
 New reference energy        -115.10048469

 AO(A)-basis ORBITAL           loaded. Number of functions:     178
 RI(R)-basis CC-PVTZ-F12/OPTRI loaded. Number of functions:     314
 DF-basis AUG-CC-PVTZ/MP2FIT   loaded. Number of functions:     396

 Screening thresholds:   THRAO=  1.00D-10  THRMO=  1.00D-09  THRPROD=  1.00D-09
                         THRSW=  1.00D-05  THROV=  1.00D-12  THRAOF12= 1.00D-08

 CPU time for 3-index integral evaluation         3.41 sec
 CPU time for first  half transformation          0.40 sec ( 6172.6 MFLOP/sec)
 CPU time for second half transformation          0.02 sec ( 3108.5 MFLOP/sec)
 CPU time for sorting                             0.03 sec
 CPU time for fitting                             0.03 sec (37980.8 MFLOP/sec)
 CPU time for tilde quantities                    0.03 sec (50348.4 MFLOP/sec)
 CPU time for assembly                            0.23 sec (53711.3 MFLOP/sec)
 CPU time for tranop_f12                          0.28 sec (56643.7 MFLOP/sec)
 CPU time for f12 integrals (total)               7.29 sec, Elapsed time:      7.67 sec
 CPU time for f12 matrices (total)                0.10 sec, Elapsed time:      0.14 sec

 Diagonal F12 approximation with fixed coefficients:  TSING= 0.500,  TTRIP= 0.250 (scaled by -1/beta)

 DF-MP2-F12 energy corrections:
 ==============================
 Approx.                                    Singlet             Triplet             Total
 DF-MP2-F12/3*C(DX,FIX)                -0.038315351915     -0.004217476169     -0.042532828084
 DF-MP2-F12/3*C(FIX)                   -0.036108609912     -0.003934080190     -0.040042690102
 DF-MP2-F12/3C(FIX)                    -0.036050873316     -0.004069003028     -0.040119876344

 DF-MP2-F12 correlation energies:
 ================================
 Approx.                                    Singlet             Triplet             Ecorr            Total Energy
 DF-MP2                                -0.290818739982     -0.152204235174     -0.443022975156   -115.543507667613
 DF-MP2-F12/3*C(DX,FIX)                -0.329134091897     -0.156421711343     -0.485555803240   -115.586040495697
 DF-MP2-F12/3*C(FIX)                   -0.326927349894     -0.156138315363     -0.483065665257   -115.583550357715
 DF-MP2-F12/3C(FIX)                    -0.326869613298     -0.156273238202     -0.483142851499   -115.583627543957

 SCS-DF-MP2 energies (F_SING= 1.20000  F_TRIP= 0.62222  F_PARALLEL= 0.33333):
 ============================================================================
 SCS-DF-MP2                            -0.443687345420   -115.544172037877
 SCS-DF-MP2-F12/3*C(DX,FIX)            -0.492289975112   -115.592774667569
 SCS-DF-MP2-F12/3*C(FIX)               -0.489465549432   -115.589950241890
 SCS-DF-MP2-F12/3C(FIX)                -0.489480217505   -115.589964909962

 Symmetry restored.
 Symmetry transformation completed.

 Number of N-1 electron functions:               7
 Number of N-2 electron functions:              28
 Number of singly external CSFs:               659
 Number of doubly external CSFs:            355020
 Total number of CSFs:                      355680

 Length of J-op  integral file:             103.62 MB
 Length of K-op  integral file:             127.95 MB
 Length of 3-ext integral record:             0.00 MB

 Memory could be reduced to 24.20 Mwords without degradation in triples

 Integral transformation finished. Total CPU:   1.39 sec, npass=  1  Memory used:   7.45 MW

 Reference energy:                   -115.10048469

 Adding F12 terms to K(Cij), methodcc=6,  factor= 1.0

 ITER.      SQ.NORM     CORR.ENERGY   TOTAL ENERGY   ENERGY CHANGE        DEN1      VAR(S)    VAR(P)  DIIS     TIME  TIME/IT
   1      1.11730681    -0.45248846  -115.55297315    -0.00939916     0.00154054  0.15D-02  0.19D-02  1  1    15.29     0.97
   2      1.12466666    -0.45284809  -115.55333278    -0.00035962    -0.00899951  0.24D-04  0.23D-03  2  2    16.22     1.08
   3      1.12736873    -0.45302310  -115.55350779    -0.00017501    -0.00185212  0.14D-04  0.13D-04  3  3    17.12     1.06
   4      1.12830318    -0.45304046  -115.55352515    -0.00001736    -0.00059405  0.84D-06  0.12D-05  4  4    18.05     1.05
   5      1.12845611    -0.45304198  -115.55352667    -0.00000152    -0.00003735  0.22D-06  0.10D-06  5  5    18.97     1.04
   6      1.12849777    -0.45303965  -115.55352434     0.00000233    -0.00000410  0.34D-07  0.93D-08  6  6    19.90     1.04
   7      1.12850858    -0.45303879  -115.55352348     0.00000086    -0.00000293  0.38D-08  0.14D-08  6  1    20.82     1.04
   8      1.12851031    -0.45303885  -115.55352354    -0.00000006     0.00000032  0.65D-09  0.19D-09  6  3    21.75     1.03

 Norm of t1 vector:      0.04974748      S-energy:    -0.00000035      T1 diagnostic:  0.00940139
                                                                       D1 diagnostic:  0.01988675

 Adding energy correction from Wij-K(Fij), methodcc=6  factor= 1.0

  CCSD correlation energy              -0.453038847602
  MP2-F12 correction (uncoupled)       -0.038569634579
  C*T doubles correction               -0.001164739376
  f12b correction                       0.007095984320


 Total CPU time for triples:     13.52 sec


 RESULTS
 =======

  Reference energy                   -115.099121511821
  F12 singles correction               -0.001363180636

 F12 singles corrections added to reference energy

  New reference energy               -115.100484692457

  F12a singlet correction              -0.035812562353
  F12a triplet correction              -0.003921811603
  F12a total correction                -0.039734373955

 F12a corrections for ansatz F12/3C(FIX) added to CCSD energy

  CCSD-F12a singlet pair energy        -0.350905844166
  CCSD-F12a triplet pair energy        -0.141867022752
  CCSD-F12a correlation energy         -0.492773221557

  Triples (T) contribution             -0.015956890721
  Total correlation energy             -0.508730112278

  CCSD-F12a total energy             -115.593257914014
  CCSD[T]-F12a energy                -115.609763790843
  CCSD-T-F12a energy                 -115.608973001913
 !CCSD(T)-F12a total energy          -115.609214804735

 F12b corrections for ansatz F12/3C(FIX) added to CCSD(T)-F12a energy

  CCSD-F12b singlet pair energy        -0.344272131825
  CCSD-F12b triplet pair energy        -0.141404750774
  CCSD-F12b correlation energy         -0.485677237238

  Triples (T) contribution             -0.015956890721
  Total correlation energy             -0.501634127958

  CCSD-F12b total energy             -115.586161929695
  CCSD[T]-F12b energy                -115.602667806523
  CCSD-T-F12b energy                 -115.601877017593
 !CCSD(T)-F12b total energy          -115.602118820416

 Timing summary (sec):

 STEP                 CPU(USER)    SYS     CPU(TOT)    WALL
 Transformation          1.40      0.22      1.62      1.77
 CCSD iterations         7.35      0.76      8.11      8.28
 Triples                13.52      0.49     14.01     14.05
 MP2-F12                13.01      0.57     13.58     13.75
 F12b energy             0.74      0.06      0.80      0.84

 Program statistics:

 Available memory in ccsd:               499999650
 Min. memory needed in ccsd:               1149135
 Max. memory used in ccsd:                 1443104
 Max. memory used in cckext:               1888566 ( 9 integral passes)



 **********************************************************************************************************************************
 DATASETS  * FILE   NREC   LENGTH (MB)   RECORD NAMES
              1      20      385.88       500      610      700      900      950      970     1000      129      960     1100   
                                          VAR    BASINP    GEOM    SYMINP    ZMAT    AOBASIS   BASIS     P2S    ABASIS      S 
                                         1400     1410     1200     1210     1080     1600     1650     1300     1700     1380   
                                           T        V       H0       H01     AOSYM     SMH    MOLCAS    ERIS     OPER     JKOP   

              2       7        3.55       700     1000      520     2100     7360     7350     7000   
                                         GEOM     BASIS   MCVARS     RHF    F12ABS    EF12   

 PROGRAMS   *        TOTAL   CCSD(T)   MP2-F12    HF-SCF       INT
 CPU TIMES  *        60.74     36.05     13.88      3.19      7.50
 REAL TIME  *       864.66 SEC
 DISK USED  *         1.13 GB
 **********************************************************************************************************************************
 SETTING XXX            =    "MMM"
 SETTING POINT          =        17.00000000                                  

 *** ### CH3OH


 XXX       RCO          ROH          RCH1         RCH2         RCH3           ACOH           AOCH1          AOCH2          AOCH3         AHH1           AHH2           AHH3            ENERGY       POINT
 "MMM"   1.42077677   0.95013932   1.09171752   1.08440070   1.09171752   108.12930637   111.65221523   107.18733878   111.65221523   61.43364279   180.00000000   298.56635721   -115.60921480   17.0000
                                                  

 CCSD(T)-F12/cc-pVTZ-F12 energy=   -115.602118820416

     CCSD(T)-F12         MP2-F12          HF-SCF
   -115.60211882   -115.58369248   -115.09912151
 **********************************************************************************************************************************
 Molpro calculation terminated
