
 Primary working directories    : /tmpdir/job/2955626.undefined/molpro.Pk8HhIEAdo
 Secondary working directories  : /tmpdir/job/2955626.undefined/molpro.Pk8HhIEAdo
 Wavefunction directory         : /home/zcaposm/wfu/
 Main file repository           : /tmpdir/job/2955626.undefined/molpro.Pk8HhIEAdo/

 id        : uclcc

 Nodes                         nprocs
 node-h00a-027.myriad.ucl.ac.uk    1

 Using customized tuning parameters: mindgm=1; mindgv=20; mindgc=4; mindgr=1; noblas=0; minvec=7
 default implementation of scratch files=df  


 Variables initialized (945), CPU time= 0.01 sec
 ***,Methanol Ground State Energy with CCSD(T)-F12 and cc-pVTZ-F12
 memory,500,m;
 
 geometry={angstrom
 c
 o , 1, rco
 h , 2, roh, 1, acoh
 h1, 1, rch1, 2, aoch1  3  ahh1
 h2, 1, rch2, 2, aoch2, 3, ahh2
 h3, 1, rch3, 2, aoch3, 3, ahh3
 }
 
                                                ! Specify the initial values of the internal coordinates (in Angstroms and degrees)
 
 rco= 1.42077677
 roh= 0.96013932
 rch1= 1.091717515605
 rch2= 1.08440070258
 rch3= 1.091717515605
 acoh= 106.87930637
 aoch1= 111.6522152299
 aoch2= 107.18733878260001
 aoch3= 111.6522152299
 ahh1=61.43364279
 ahh2=180.0
 ahh3=298.56635721
 
                                                                                 ! Use the cc-pVTZ-F12 basis set
 basis=cc-pVTZ-F12
 
 hf
 
                                                                                 ! Use explicitly correlated F12 methods
                                                                            ! First, MP2-F12 (useful for initial electronic energy)
 {mp2-f12}
 
                                                                        ! If desired, perform CCSD(T)-F12 for more accurate results
 {ccsd(t)-f12}
 
                                                                                 ! Output the energy
 xxx = "mmm"
 point = 59
 text ### CH3OH
 table,xxx,rco,roh,rch1,rch2,rch3,acoh,aoch1,aoch2,aoch3,ahh1,ahh2,ahh3,energy,point
 DIGITS, 0, 8, 8, 8, 8, 8, 8, 8, 8, 8,  8,  8,  8, 8, 4
 save,CH3OH_MEP_MP2_59.dat,new
 
 Commands  initialized (802), CPU time= 0.00 sec, 659 directives.
 Default parameters read. Elapsed time= 0.10 sec

 Checking input...
 Passed
1


                                         ***  PROGRAM SYSTEM MOLPRO  ***
                                       Copyright, TTI GmbH Stuttgart, 2015
                                    Version 2020.1 linked Oct  6 2020 12:04:11


 **********************************************************************************************************************************
 LABEL *   Methanol Ground State Energy with CCSD(T)-F12 and cc-pVTZ-F12                 
  64 bit serial version                                                                  DATE: 08-Oct-24          TIME: 17:18:00  
 **********************************************************************************************************************************

 SHA1:             8c27446f6450a7499e38f603e13c65f775101d37
 **********************************************************************************************************************************

 Memory per process:       500 MW
 Total memory per node:    500 MW

 GA preallocation disabled
 GA check disabled

 Variable memory set to 500.0 MW

 SETTING RCO            =         1.42077677                                  
 SETTING ROH            =         0.96013932                                  
 SETTING RCH1           =         1.09171752                                  
 SETTING RCH2           =         1.08440070                                  
 SETTING RCH3           =         1.09171752                                  
 SETTING ACOH           =       106.87930637                                  
 SETTING AOCH1          =       111.65221523                                  
 SETTING AOCH2          =       107.18733878                                  
 SETTING AOCH3          =       111.65221523                                  
 SETTING AHH1           =        61.43364279                                  
 SETTING AHH2           =       180.00000000                                  
 SETTING AHH3           =       298.56635721                                  
 SETTING BASIS          =    CC-PVTZ-F12


 Recomputing integrals since basis changed


 Using spherical harmonics

 Library entry C      S cc-pVTZ-F12          selected for orbital group  1
 Library entry C      P cc-pVTZ-F12          selected for orbital group  1
 Library entry C      D cc-pVTZ-F12          selected for orbital group  1
 Library entry C      F cc-pVTZ-F12          selected for orbital group  1
 Library entry O      S cc-pVTZ-F12          selected for orbital group  2
 Library entry O      P cc-pVTZ-F12          selected for orbital group  2
 Library entry O      D cc-pVTZ-F12          selected for orbital group  2
 Library entry O      F cc-pVTZ-F12          selected for orbital group  2
 Library entry H      S cc-pVTZ-F12          selected for orbital group  3
 Library entry H      P cc-pVTZ-F12          selected for orbital group  3
 Library entry H      D cc-pVTZ-F12          selected for orbital group  3


 PROGRAM * SEWARD (Integral evaluation for generally contracted gaussian basis sets)     Author: Roland Lindh, 1990

 Geometry written to block  1 of record 700

 Orientation using atomic masses  
 Molecule type: Asymmetric top
 Symmetry elements: X
 Rotational constants:      23.9906798     24.8577744    128.3755704 GHz  (calculated with average atomic masses)

 Point group  Cs  



 ATOMIC COORDINATES

 NR  ATOM    CHARGE       X              Y              Z

   1  C       6.00    0.000000000    0.024006546   -1.375439882
   2  O       8.00    0.000000000   -0.121787587    1.305477723
   3  H       1.00    0.000000000    1.583276486    1.925804381
   4  H1      1.00    1.684053272    0.980881970   -2.085733749
   5  H3      1.00   -1.684053272    0.980881970   -2.085733749
   6  H2      1.00    0.000000000   -1.897932774   -2.086392229

 Bond lengths in Bohr (Angstrom)

 1-2  2.684878979  1-4  2.063047110  1-5  2.063047110  1-6  2.049220337  2-3  1.814400356
     ( 1.420776770)     ( 1.091717516)     ( 1.091717516)     ( 1.084400703)     ( 0.960139320)

 Bond angles

  1-2-3  106.87930637   2-1-4  111.65221523   2-1-5  111.65221523   2-1-6  107.18733878

  4-1-5  109.43105099   4-1-6  108.39459424   5-1-6  108.39459424

 NUCLEAR CHARGE:                   18
 NUMBER OF PRIMITIVE AOS:         228
 NUMBER OF SYMMETRY AOS:          206
 NUMBER OF CONTRACTIONS:          178   (  114A'  +   64A"  )
 NUMBER OF INNER CORE ORBITALS:     0   (    0A'  +    0A"  )
 NUMBER OF OUTER CORE ORBITALS:     2   (    2A'  +    0A"  )
 NUMBER OF VALENCE ORBITALS:       12   (    9A'  +    3A"  )


 NUCLEAR REPULSION ENERGY   40.36184741

 Eigenvalues of metric

         1 0.879E-04 0.185E-03 0.308E-03 0.460E-03 0.493E-03 0.559E-03 0.617E-03 0.622E-03
         2 0.323E-03 0.570E-03 0.686E-03 0.178E-02 0.339E-02 0.497E-02 0.643E-02 0.871E-02


 Contracted 2-electron integrals neglected if value below      1.0D-11
 AO integral compression algorithm  1   Integral accuracy      1.0D-11

     331.612 MB (compressed) written to integral file ( 53.5%)


 NUMBER OF SORTED TWO-ELECTRON INTEGRALS:   64554730.     BUFFER LENGTH:  32768
 NUMBER OF SEGMENTS:   5  SEGMENT LENGTH:   15997996      RECORD LENGTH: 524288

 Memory used in sort:      16.56 MW

 SORT1 READ    77497885. AND WROTE    63557641. INTEGRALS IN    184 RECORDS. CPU TIME:     2.08 SEC, REAL TIME:    56.84 SEC
 SORT2 READ    63557641. AND WROTE    64554730. INTEGRALS IN   1265 RECORDS. CPU TIME:     1.39 SEC, REAL TIME:   143.42 SEC

 FILE SIZES:   FILE 1:   362.5 MBYTE,  FILE 4:   771.8 MBYTE,   TOTAL:   1134.3 MBYTE

 OPERATOR DM      FOR CENTER  0  COORDINATES:    0.000000    0.000000    0.000000


 **********************************************************************************************************************************
 DATASETS  * FILE   NREC   LENGTH (MB)   RECORD NAMES
              1      19      311.87       500      610      700      900      950      970     1000      129      960     1100   
                                          VAR    BASINP    GEOM    SYMINP    ZMAT    AOBASIS   BASIS     P2S    ABASIS      S 
                                         1400     1410     1200     1210     1080     1600     1650     1300     1700   
                                           T        V       H0       H01     AOSYM     SMH    MOLCAS    ERIS     OPER   

 PROGRAMS   *        TOTAL       INT
 CPU TIMES  *         6.98      6.86
 REAL TIME  *       252.20 SEC
 DISK USED  *         1.13 GB
 **********************************************************************************************************************************


 PROGRAM * RHF-SCF (CLOSED SHELL)       Authors: W. Meyer, H.-J. Werner


 NUMBER OF ELECTRONS:       9+    9-
 CONVERGENCE THRESHOLDS:    1.00E-05 (Density)    1.00E-07 (Energy)
 MAX. NUMBER OF ITERATIONS:       60
 INTERPOLATION TYPE:            DIIS
 INTERPOLATION STEPS:              2 (START)      1 (STEP)
 LEVEL SHIFTS:                  0.00 (CLOSED)  0.00 (OPEN) 



 Orbital guess generated from atomic densities. Full valence occupancy:   11   3

 Molecular orbital dump at record        2100.2

 Initial occupancy:   7   2

 ITERATION    DDIFF          GRAD             ENERGY        2-EL.EN.            DIPOLE MOMENTS         DIIS   ORB.
    1      0.000D+00      0.000D+00      -115.06211812    164.498511    0.00000    0.90901   -0.49441    0    start
    2      0.000D+00      0.669D-02      -115.09054715    161.929250    0.00000    0.49706   -0.31326    1    diag
    3      0.654D-02      0.366D-02      -115.09806058    163.186895    0.00000    0.60166   -0.40800    2    diag
    4      0.222D-02      0.722D-03      -115.09859464    163.010708    0.00000    0.59642   -0.40302    3    diag
    5      0.594D-03      0.146D-03      -115.09862952    163.022436    0.00000    0.59241   -0.40783    4    diag
    6      0.166D-03      0.273D-04      -115.09863112    163.020107    0.00000    0.59255   -0.40861    5    diag
    7      0.477D-04      0.581D-05      -115.09863119    163.019766    0.00000    0.59237   -0.40889    6    diag
    8      0.120D-04      0.149D-05      -115.09863120    163.020102    0.00000    0.59235   -0.40892    7    diag
    9      0.233D-05      0.463D-06      -115.09863120    163.019938    0.00000    0.59234   -0.40892    0    orth

 Final occupancy:   7   2

 !RHF STATE  1.1 Energy              -115.098631198506
 Nuclear energy                        40.36184741
 One-electron energy                 -236.97044755
 Two-electron energy                   81.50996895
 Virial quotient                       -1.00098547
 !RHF STATE  1.1 Dipole moment          0.00000000     0.59233542    -0.40892113
 Dipole moment /Debye                   0.00000000     1.50546785    -1.03930577

 Orbital energies:

         1.1          2.1          3.1          4.1          5.1          6.1          7.1          8.1          9.1
    -20.556919   -11.269708    -1.357875    -0.925894    -0.691039    -0.593849    -0.505600     0.054496     0.065007

         1.2          2.2          3.2          4.2
     -0.621931    -0.452440     0.073725     0.181582


 HOMO      2.2    -0.452440 =     -12.3115eV
 LUMO      8.1     0.054496 =       1.4829eV
 LUMO-HOMO         0.506937 =      13.7944eV


 **********************************************************************************************************************************
 DATASETS  * FILE   NREC   LENGTH (MB)   RECORD NAMES
              1      19      311.87       500      610      700      900      950      970     1000      129      960     1100   
                                          VAR    BASINP    GEOM    SYMINP    ZMAT    AOBASIS   BASIS     P2S    ABASIS      S 
                                         1400     1410     1200     1210     1080     1600     1650     1300     1700   
                                           T        V       H0       H01     AOSYM     SMH    MOLCAS    ERIS     OPER   

              2       4        3.18       700     1000      520     2100   
                                         GEOM     BASIS   MCVARS     RHF  

 PROGRAMS   *        TOTAL    HF-SCF       INT
 CPU TIMES  *         9.87      2.89      6.86
 REAL TIME  *       278.35 SEC
 DISK USED  *         1.13 GB
 **********************************************************************************************************************************


 PROGRAM * MP2 (Closed-shell)     Authors: C. Hampel, H.-J. Werner, 1991, M. Deegan, P.J. Knowles, 1992

                                   MP2-F12 implementation by H.-J. Werner, 2007

                   Density fitting integral evaluation by F.R. Manby, 2003,2007, G. Knizia, 2010


 Basis set AUG-CC-PVTZ/JKFIT generated.  Number of basis functions:   392 
 Basis set CC-PVTZ-F12/OPTRI generated.  Number of basis functions:   314 
 Basis set AUG-CC-PVTZ/MP2FIT generated. Number of basis functions:   396 

 Convergence thresholds:  THRVAR = 1.00D-08  THRDEN = 1.00D-06

 Number of core orbitals:           2 (   2   0 )
 Number of closed-shell orbitals:   7 (   5   2 )
 Number of external orbitals:     169 ( 107  62 )

 Molecular orbitals read from record     2100.2  Type=RHF/CANONICAL (state 1.1)

 MP2-F12 correlation treatment (H.-J. Werner, 2006)
 ==================================================

 Using MP2-F12 with ansatz 3C(FIX)

 Using projected zeroth-order Hamiltonian (+Z)

 FOCKRIB=T FOCKRIC=T FOCKRIP=T CABSP=T CABSA=T CABSK=T CABSF=T GBC=F EBC=F DMAT=T NOFIK=T NOPAO=1 SOLVE=-1  USEPAO=0
 EXCH_A= T EXCH_B= F EXCH_C= F EXCH_P= F

 Geminal basis:    OPTFULL  GEM_TYPE=SLATER  BETA=1.0  NGEM=6

 Optimizing Gaussian exponents for each gem_beta

 Geminal optimization for beta= 1.0000
 Weight function:   m=0, omega= 1.4646

 Augmented Hessian optimization of geminal fit. Trust ratio= 0.40000
 Convergence reached after   2 iterations. Final gradient= 8.66D-16, Step= 4.23D-06, Delta= 1.28D-09

 Alpha:                 0.19532     0.81920     2.85917     9.50073    35.69989   197.79328
 Coeff:                 0.27070     0.30552     0.18297     0.10986     0.06810     0.04224


 Symmetry turned off. Reference energy:       -115.098631198506

 All pairs explicitly correlated. Number of r12-pairs:           28

 Excluding core orbitals from MO domains

 AO(A)-basis ORBITAL           loaded. Number of functions:     178
 RI(R)-basis CC-PVTZ-F12/OPTRI loaded. Number of functions:     314
 DF-basis AUG-CC-PVTZ/JKFIT    loaded. Number of functions:     392

 Screening thresholds:   THRAO=  1.00D-10  THRMO=  1.00D-09  THRPROD=  1.00D-09
                         THRSW=  1.00D-05  THROV=  1.00D-12  THRAOF12= 1.00D-08

 CPU time for Fock operators                      5.25 sec

 Construction of ABS:
 Smallest eigenvalue of S          4.30E-04  (threshold= 1.00E-08)
 Ratio eigmin/eigmax               5.49E-05  (threshold= 1.00E-09)
 Smallest eigenvalue of S kept     4.30E-04  (threshold= 4.30E-04, 0 functions deleted, 314 kept)

 Construction of CABS:
 Smallest eigenvalue of S          7.25E-07  (threshold= 1.00E-08)
 Ratio eigmin/eigmax               7.25E-07  (threshold= 1.00E-09)
 Smallest eigenvalue of S kept     7.25E-07  (threshold= 7.25E-07, 0 functions deleted, 314 kept)

 CPU time for CABS singles                        0.04 sec

 CABS-singles contribution of  -0.00135379 patched into reference energy.
 New reference energy        -115.09998499

 AO(A)-basis ORBITAL           loaded. Number of functions:     178
 RI(R)-basis CC-PVTZ-F12/OPTRI loaded. Number of functions:     314
 DF-basis AUG-CC-PVTZ/MP2FIT   loaded. Number of functions:     396

 Screening thresholds:   THRAO=  1.00D-10  THRMO=  1.00D-09  THRPROD=  1.00D-09
                         THRSW=  1.00D-05  THROV=  1.00D-12  THRAOF12= 1.00D-08

 CPU time for 3-index integral evaluation         3.40 sec
 CPU time for first  half transformation          0.24 sec (10287.7 MFLOP/sec)
 CPU time for second half transformation          0.04 sec ( 1554.3 MFLOP/sec)
 CPU time for sorting                             0.02 sec
 CPU time for fitting                             0.02 sec (56971.3 MFLOP/sec)
 CPU time for tilde quantities                    0.02 sec (75522.6 MFLOP/sec)
 CPU time for assembly                            0.21 sec (58826.6 MFLOP/sec)
 CPU time for tranop_f12                          0.30 sec (52867.4 MFLOP/sec)
 CPU time for f12 integrals (total)               7.02 sec, Elapsed time:      7.42 sec
 CPU time for f12 matrices (total)                0.11 sec, Elapsed time:      0.13 sec

 Diagonal F12 approximation with fixed coefficients:  TSING= 0.500,  TTRIP= 0.250 (scaled by -1/beta)

 DF-MP2-F12 energy corrections:
 ==============================
 Approx.                                    Singlet             Triplet             Total
 DF-MP2-F12/3*C(DX,FIX)                -0.038285618484     -0.004214177742     -0.042499796226
 DF-MP2-F12/3*C(FIX)                   -0.036085979280     -0.003932647274     -0.040018626554
 DF-MP2-F12/3C(FIX)                    -0.036028620272     -0.004067683450     -0.040096303722

 DF-MP2-F12 correlation energies:
 ================================
 Approx.                                    Singlet             Triplet             Ecorr            Total Energy
 DF-MP2                                -0.291157768089     -0.152415076160     -0.443572844249   -115.543557831399
 DF-MP2-F12/3*C(DX,FIX)                -0.329443386573     -0.156629253902     -0.486072640475   -115.586057627625
 DF-MP2-F12/3*C(FIX)                   -0.327243747368     -0.156347723434     -0.483591470802   -115.583576457953
 DF-MP2-F12/3C(FIX)                    -0.327186388361     -0.156482759610     -0.483669147971   -115.583654135121

 SCS-DF-MP2 energies (F_SING= 1.20000  F_TRIP= 0.62222  F_PARALLEL= 0.33333):
 ============================================================================
 SCS-DF-MP2                            -0.444225369095   -115.544210356245
 SCS-DF-MP2-F12/3*C(DX,FIX)            -0.492790266316   -115.592775253466
 SCS-DF-MP2-F12/3*C(FIX)               -0.489975524756   -115.589960511907
 SCS-DF-MP2-F12/3C(FIX)                -0.489990716457   -115.589975703607

 Symmetry restored.
 Symmetry transformation completed.

 Number of N-1 electron functions:               7
 Number of N-2 electron functions:              28
 Number of singly external CSFs:               659
 Number of doubly external CSFs:            355020
 Total number of CSFs:                      355680

 Length of J-op  integral file:             103.49 MB
 Length of K-op  integral file:             127.95 MB

 Integral transformation finished. Total CPU:   0.45 sec, npass=  1  Memory used:   0.67 MW

 ITER.      SQ.NORM     CORR.ENERGY   TOTAL ENERGY   ENERGY CHANGE     VAR   MIC
   1      1.00000000    -0.44363907  -115.54362406    -0.44363907  0.00D+00   0
   2      1.11478417    -0.44363907  -115.54362406     0.00000000  0.11D-17   0

 Solving MP2-F12 equations

   1      1.11474788    -0.48297685  -115.58296183    -0.03933778 -0.37D-04   0
   2      1.11474788    -0.48373399  -115.58371898    -0.00075714  0.88D-19   0
   3      1.11474788    -0.48373399  -115.58371898     0.00000000 -0.12D-18   0

 CPU TIME FOR ITERATIVE MP2:    0.04 SEC


 MP2-F12 energy corrections:
 ===========================
 Approx.                                    Singlet             Triplet             Total
 MP2-F12/3*C(DX,FIX)                   -0.038285618484     -0.004214177742     -0.042499796226
 MP2-F12/3*C(FIX)                      -0.036085979280     -0.003932647274     -0.040018626554
 MP2-F12/3C(FIX)                       -0.036025932162     -0.004068985928     -0.040094918090

 MP2-F12 correlation energies:
 =============================
 Approx.                                    Singlet             Triplet             Ecorr            Total Energy
 MP2                                   -0.291341192455     -0.152297877894     -0.443639070349   -115.543624057499
 MP2-F12/3*C(DX,FIX)                   -0.329626810939     -0.156512055636     -0.486138866575   -115.586123853725
 MP2-F12/3*C(FIX)                      -0.327427171734     -0.156230525168     -0.483657696902   -115.583642684053
 MP2-F12/3C(FIX)                       -0.327367124617     -0.156366863822     -0.483733988439   -115.583718975589

 SCS-MP2 energies (F_SING= 1.20000  F_TRIP= 0.62222  F_PARALLEL= 0.33333):
 =========================================================================
 SCS-MP2                               -0.444372554969   -115.544357542119
 SCS-MP2-F12/3*C(DX,FIX)               -0.492937452189   -115.592922439340
 SCS-MP2-F12/3*C(FIX)                  -0.490122710630   -115.590107697780
 SCS-MP2-F12/3C(FIX)                   -0.490135487029   -115.590120474180


  Reference energy                   -115.098631198506
  F12 singles correction               -0.001353788645

 F12 singles corrections added to reference energy

  New reference energy               -115.099984987150

  F12/3C(F) singlet correction         -0.036025932162
  F12/3C(F) triplet correction         -0.004068985928
  F12/3C(F) total correction           -0.040094918090
  MP2-F12/3C(F) singlet pair energy    -0.327367124617
  MP2-F12/3C(F) triplet pair energy    -0.156366863822
  MP2-F12/3C(F) correlation energy     -0.483733988439

 !MP2-F12/3C(F) total energy         -115.583718975589


 **********************************************************************************************************************************
 DATASETS  * FILE   NREC   LENGTH (MB)   RECORD NAMES
              1      20      317.61       500      610      700      900      950      970     1000      129      960     1100   
                                          VAR    BASINP    GEOM    SYMINP    ZMAT    AOBASIS   BASIS     P2S    ABASIS      S 
                                         1400     1410     1200     1210     1080     1600     1650     1300     1700     1380   
                                           T        V       H0       H01     AOSYM     SMH    MOLCAS    ERIS     OPER     JKOP   

              2       7        3.55       700     1000      520     2100     7360     7350     7000   
                                         GEOM     BASIS   MCVARS     RHF    F12ABS    EF12   

 PROGRAMS   *        TOTAL   MP2-F12    HF-SCF       INT
 CPU TIMES  *        22.98     13.11      2.89      6.86
 REAL TIME  *       293.48 SEC
 DISK USED  *         1.13 GB
 **********************************************************************************************************************************


 PROGRAM * CCSD (Closed-shell coupled cluster)     Authors: C. Hampel, H.-J. Werner, 1991, M. Deegan, P.J. Knowles, 1992

                                  CCSD-F12 implementation by  H.-J. Werner, 2007

                   Density fitting integral evaluation by F.R. Manby, 2003,2007, G. Knizia, 2010



 Convergence thresholds:  THRVAR = 1.00D-08  THRDEN = 1.00D-06

 CCSD(T)     terms to be evaluated (factor= 1.000)


 Number of core orbitals:           2 (   2   0 )
 Number of closed-shell orbitals:   7 (   5   2 )
 Number of external orbitals:     169 ( 107  62 )

 Molecular orbitals read from record     2100.2  Type=RHF/CANONICAL (state 1.1)

 MP2-F12 correlation treatment (H.-J. Werner, 2006)
 ==================================================

 Using MP2-F12 with ansatz 3C(FIX)

 Using projected zeroth-order Hamiltonian (+Z)

 FOCKRIB=T FOCKRIC=T FOCKRIP=T CABSP=T CABSA=T CABSK=T CABSF=T GBC=F EBC=F DMAT=T NOFIK=T NOPAO=1 SOLVE=-1  USEPAO=0
 EXCH_A= T EXCH_B= F EXCH_C= F EXCH_P= F

 Geminal basis:    OPTFULL  GEM_TYPE=SLATER  BETA=1.0  NGEM=6

 Optimizing Gaussian exponents for each gem_beta

 Geminal optimization for beta= 1.0000
 Weight function:   m=0, omega= 1.4646

 Augmented Hessian optimization of geminal fit. Trust ratio= 0.40000
 Convergence reached after   2 iterations. Final gradient= 8.66D-16, Step= 4.23D-06, Delta= 1.28D-09

 Alpha:                 0.19532     0.81920     2.85917     9.50073    35.69989   197.79328
 Coeff:                 0.27070     0.30552     0.18297     0.10986     0.06810     0.04224


 Symmetry turned off. Reference energy:       -115.098631198506

 All pairs explicitly correlated. Number of r12-pairs:           28

 Excluding core orbitals from MO domains

 AO(A)-basis ORBITAL           loaded. Number of functions:     178
 RI(R)-basis CC-PVTZ-F12/OPTRI loaded. Number of functions:     314
 DF-basis AUG-CC-PVTZ/JKFIT    loaded. Number of functions:     392

 Screening thresholds:   THRAO=  1.00D-10  THRMO=  1.00D-09  THRPROD=  1.00D-09
                         THRSW=  1.00D-05  THROV=  1.00D-12  THRAOF12= 1.00D-08

 CPU time for Fock operators                      5.42 sec

 Construction of ABS:
 Smallest eigenvalue of S          4.30E-04  (threshold= 1.00E-08)
 Ratio eigmin/eigmax               5.49E-05  (threshold= 1.00E-09)
 Smallest eigenvalue of S kept     4.30E-04  (threshold= 4.30E-04, 0 functions deleted, 314 kept)

 Construction of CABS:
 Smallest eigenvalue of S          7.25E-07  (threshold= 1.00E-08)
 Ratio eigmin/eigmax               7.25E-07  (threshold= 1.00E-09)
 Smallest eigenvalue of S kept     7.25E-07  (threshold= 7.25E-07, 0 functions deleted, 314 kept)

 CPU time for CABS singles                        0.04 sec

 CABS-singles contribution of  -0.00135379 patched into reference energy.
 New reference energy        -115.09998499

 AO(A)-basis ORBITAL           loaded. Number of functions:     178
 RI(R)-basis CC-PVTZ-F12/OPTRI loaded. Number of functions:     314
 DF-basis AUG-CC-PVTZ/MP2FIT   loaded. Number of functions:     396

 Screening thresholds:   THRAO=  1.00D-10  THRMO=  1.00D-09  THRPROD=  1.00D-09
                         THRSW=  1.00D-05  THROV=  1.00D-12  THRAOF12= 1.00D-08

 CPU time for 3-index integral evaluation         3.39 sec
 CPU time for first  half transformation          0.24 sec (10287.7 MFLOP/sec)
 CPU time for second half transformation          0.01 sec ( 6217.0 MFLOP/sec)
 CPU time for fitting                             0.01 sec (******* MFLOP/sec)
 CPU time for tilde quantities                    0.02 sec (75522.6 MFLOP/sec)
 CPU time for assembly                            0.25 sec (49414.4 MFLOP/sec)
 CPU time for tranop_f12                          0.23 sec (68957.5 MFLOP/sec)
 CPU time for f12 integrals (total)               7.00 sec, Elapsed time:      7.36 sec
 CPU time for f12 matrices (total)                0.10 sec, Elapsed time:      0.13 sec

 Diagonal F12 approximation with fixed coefficients:  TSING= 0.500,  TTRIP= 0.250 (scaled by -1/beta)

 DF-MP2-F12 energy corrections:
 ==============================
 Approx.                                    Singlet             Triplet             Total
 DF-MP2-F12/3*C(DX,FIX)                -0.038285618484     -0.004214177742     -0.042499796226
 DF-MP2-F12/3*C(FIX)                   -0.036085979280     -0.003932647274     -0.040018626554
 DF-MP2-F12/3C(FIX)                    -0.036028620272     -0.004067683450     -0.040096303722

 DF-MP2-F12 correlation energies:
 ================================
 Approx.                                    Singlet             Triplet             Ecorr            Total Energy
 DF-MP2                                -0.291157768089     -0.152415076160     -0.443572844249   -115.543557831399
 DF-MP2-F12/3*C(DX,FIX)                -0.329443386573     -0.156629253902     -0.486072640475   -115.586057627625
 DF-MP2-F12/3*C(FIX)                   -0.327243747368     -0.156347723434     -0.483591470802   -115.583576457953
 DF-MP2-F12/3C(FIX)                    -0.327186388361     -0.156482759610     -0.483669147971   -115.583654135121

 SCS-DF-MP2 energies (F_SING= 1.20000  F_TRIP= 0.62222  F_PARALLEL= 0.33333):
 ============================================================================
 SCS-DF-MP2                            -0.444225369095   -115.544210356245
 SCS-DF-MP2-F12/3*C(DX,FIX)            -0.492790266316   -115.592775253466
 SCS-DF-MP2-F12/3*C(FIX)               -0.489975524756   -115.589960511907
 SCS-DF-MP2-F12/3C(FIX)                -0.489990716457   -115.589975703607

 Symmetry restored.
 Symmetry transformation completed.

 Number of N-1 electron functions:               7
 Number of N-2 electron functions:              28
 Number of singly external CSFs:               659
 Number of doubly external CSFs:            355020
 Total number of CSFs:                      355680

 Length of J-op  integral file:             103.62 MB
 Length of K-op  integral file:             127.95 MB
 Length of 3-ext integral record:             0.00 MB

 Memory could be reduced to 24.20 Mwords without degradation in triples

 Integral transformation finished. Total CPU:   1.20 sec, npass=  1  Memory used:   7.45 MW

 Reference energy:                   -115.09998499

 Adding F12 terms to K(Cij), methodcc=6,  factor= 1.0

 ITER.      SQ.NORM     CORR.ENERGY   TOTAL ENERGY   ENERGY CHANGE        DEN1      VAR(S)    VAR(P)  DIIS     TIME  TIME/IT
   1      1.11766106    -0.45296060  -115.55294559    -0.00932153     0.00169128  0.15D-02  0.19D-02  1  1    14.69     1.13
   2      1.12507441    -0.45332009  -115.55330507    -0.00035949    -0.00905367  0.24D-04  0.23D-03  2  2    15.52     1.71
   3      1.12780568    -0.45349742  -115.55348241    -0.00017734    -0.00186589  0.15D-04  0.13D-04  3  3    16.36     1.45
   4      1.12875406    -0.45351526  -115.55350025    -0.00001784    -0.00060123  0.86D-06  0.12D-05  4  4    17.21     1.33
   5      1.12890936    -0.45351683  -115.55350182    -0.00000157    -0.00003792  0.23D-06  0.10D-06  5  5    18.06     1.25
   6      1.12895169    -0.45351448  -115.55349947     0.00000235    -0.00000418  0.35D-07  0.95D-08  6  6    18.91     1.20
   7      1.12896267    -0.45351361  -115.55349860     0.00000087    -0.00000296  0.39D-08  0.14D-08  6  1    19.75     1.16
   8      1.12896445    -0.45351367  -115.55349866    -0.00000006     0.00000033  0.66D-09  0.20D-09  6  3    20.59     1.14

 Norm of t1 vector:      0.05003697      S-energy:    -0.00000037      T1 diagnostic:  0.00945610
                                                                       D1 diagnostic:  0.02007822

 Adding energy correction from Wij-K(Fij), methodcc=6  factor= 1.0

  CCSD correlation energy              -0.453513669778
  MP2-F12 correction (uncoupled)       -0.038543642530
  C*T doubles correction               -0.001165687453
  f12b correction                       0.007098199329


 Total CPU time for triples:     13.87 sec


 RESULTS
 =======

  Reference energy                   -115.098631198506
  F12 singles correction               -0.001353788645

 F12 singles corrections added to reference energy

  New reference energy               -115.099984987150

  F12a singlet correction              -0.035789066356
  F12a triplet correction              -0.003920263627
  F12a total correction                -0.039709329983

 F12a corrections for ansatz F12/3C(FIX) added to CCSD energy

  CCSD-F12a singlet pair energy        -0.351271282017
  CCSD-F12a triplet pair energy        -0.141951350961
  CCSD-F12a correlation energy         -0.493222999761

  Triples (T) contribution             -0.016025446128
  Total correlation energy             -0.509248445889

  CCSD-F12a total energy             -115.593207986911
  CCSD[T]-F12a energy                -115.609787222394
  CCSD-T-F12a energy                 -115.608989280286
 !CCSD(T)-F12a total energy          -115.609233433040

 F12b corrections for ansatz F12/3C(FIX) added to CCSD(T)-F12a energy

  CCSD-F12b singlet pair energy        -0.344635198680
  CCSD-F12b triplet pair energy        -0.141489234968
  CCSD-F12b correlation energy         -0.486124800432

  Triples (T) contribution             -0.016025446128
  Total correlation energy             -0.502150246560

  CCSD-F12b total energy             -115.586109787582
  CCSD[T]-F12b energy                -115.602689023065
  CCSD-T-F12b energy                 -115.601891080956
 !CCSD(T)-F12b total energy          -115.602135233710

 Timing summary (sec):

 STEP                 CPU(USER)    SYS     CPU(TOT)    WALL
 Transformation          1.21      0.32      1.53      2.36
 CCSD iterations         6.75      0.79      7.54      9.11
 Triples                13.87      0.51     14.38     14.41
 MP2-F12                12.63      0.55     13.18     13.34
 F12b energy             0.71      0.05      0.76      0.76

 Program statistics:

 Available memory in ccsd:               499999650
 Min. memory needed in ccsd:               1149135
 Max. memory used in ccsd:                 1443104
 Max. memory used in cckext:               1888566 ( 9 integral passes)



 **********************************************************************************************************************************
 DATASETS  * FILE   NREC   LENGTH (MB)   RECORD NAMES
              1      20      386.18       500      610      700      900      950      970     1000      129      960     1100   
                                          VAR    BASINP    GEOM    SYMINP    ZMAT    AOBASIS   BASIS     P2S    ABASIS      S 
                                         1400     1410     1200     1210     1080     1600     1650     1300     1700     1380   
                                           T        V       H0       H01     AOSYM     SMH    MOLCAS    ERIS     OPER     JKOP   

              2       7        3.55       700     1000      520     2100     7360     7350     7000   
                                         GEOM     BASIS   MCVARS     RHF    F12ABS    EF12   

 PROGRAMS   *        TOTAL   CCSD(T)   MP2-F12    HF-SCF       INT
 CPU TIMES  *        58.18     35.20     13.11      2.89      6.86
 REAL TIME  *       333.52 SEC
 DISK USED  *         1.13 GB
 **********************************************************************************************************************************
 SETTING XXX            =    "MMM"
 SETTING POINT          =        59.00000000                                  

 *** ### CH3OH


 XXX       RCO          ROH          RCH1         RCH2         RCH3           ACOH           AOCH1          AOCH2          AOCH3         AHH1           AHH2           AHH3            ENERGY       POINT
 "MMM"   1.42077677   0.96013932   1.09171752   1.08440070   1.09171752   106.87930637   111.65221523   107.18733878   111.65221523   61.43364279   180.00000000   298.56635721   -115.60923343   59.0000
                                                  

 CCSD(T)-F12/cc-pVTZ-F12 energy=   -115.602135233710

     CCSD(T)-F12         MP2-F12          HF-SCF
   -115.60213523   -115.58371898   -115.09863120
 **********************************************************************************************************************************
 Molpro calculation terminated
