
 Primary working directories    : /tmpdir/job/2955619.undefined/molpro.gfkbntWEtf
 Secondary working directories  : /tmpdir/job/2955619.undefined/molpro.gfkbntWEtf
 Wavefunction directory         : /home/zcaposm/wfu/
 Main file repository           : /tmpdir/job/2955619.undefined/molpro.gfkbntWEtf/

 id        : uclcc

 Nodes                         nprocs
 node-d00a-059.myriad.ucl.ac.uk    1

 Using customized tuning parameters: mindgm=1; mindgv=20; mindgc=4; mindgr=1; noblas=0; minvec=7
 default implementation of scratch files=df  


 Variables initialized (945), CPU time= 0.00 sec
 ***,Methanol Ground State Energy with CCSD(T)-F12 and cc-pVTZ-F12
 memory,500,m;
 
 geometry={angstrom
 c
 o , 1, rco
 h , 2, roh, 1, acoh
 h1, 1, rch1, 2, aoch1  3  ahh1
 h2, 1, rch2, 2, aoch2, 3, ahh2
 h3, 1, rch3, 2, aoch3, 3, ahh3
 }
 
                                                ! Specify the initial values of the internal coordinates (in Angstroms and degrees)
 
 rco= 1.42077677
 roh= 0.96013932
 rch1= 1.091717515605
 rch2= 1.08440070258
 rch3= 1.091717515605
 acoh= 107.62930637
 aoch1= 111.6522152299
 aoch2= 107.18733878260001
 aoch3= 111.6522152299
 ahh1=61.43364279
 ahh2=180.0
 ahh3=298.56635721
 
                                                                                 ! Use the cc-pVTZ-F12 basis set
 basis=cc-pVTZ-F12
 
 hf
 
                                                                                 ! Use explicitly correlated F12 methods
                                                                            ! First, MP2-F12 (useful for initial electronic energy)
 {mp2-f12}
 
                                                                        ! If desired, perform CCSD(T)-F12 for more accurate results
 {ccsd(t)-f12}
 
                                                                                 ! Output the energy
 xxx = "mmm"
 point = 53
 text ### CH3OH
 table,xxx,rco,roh,rch1,rch2,rch3,acoh,aoch1,aoch2,aoch3,ahh1,ahh2,ahh3,energy,point
 DIGITS, 0, 8, 8, 8, 8, 8, 8, 8, 8, 8,  8,  8,  8, 8, 4
 save,CH3OH_MEP_MP2_53.dat,new
 
 Commands  initialized (802), CPU time= 0.01 sec, 659 directives.
 Default parameters read. Elapsed time= 0.30 sec

 Checking input...
 Passed
1


                                         ***  PROGRAM SYSTEM MOLPRO  ***
                                       Copyright, TTI GmbH Stuttgart, 2015
                                    Version 2020.1 linked Oct  6 2020 12:04:11


 **********************************************************************************************************************************
 LABEL *   Methanol Ground State Energy with CCSD(T)-F12 and cc-pVTZ-F12                 
  64 bit serial version                                                                  DATE: 08-Oct-24          TIME: 17:18:00  
 **********************************************************************************************************************************

 SHA1:             8c27446f6450a7499e38f603e13c65f775101d37
 **********************************************************************************************************************************

 Memory per process:       500 MW
 Total memory per node:    500 MW

 GA preallocation disabled
 GA check disabled

 Variable memory set to 500.0 MW

 SETTING RCO            =         1.42077677                                  
 SETTING ROH            =         0.96013932                                  
 SETTING RCH1           =         1.09171752                                  
 SETTING RCH2           =         1.08440070                                  
 SETTING RCH3           =         1.09171752                                  
 SETTING ACOH           =       107.62930637                                  
 SETTING AOCH1          =       111.65221523                                  
 SETTING AOCH2          =       107.18733878                                  
 SETTING AOCH3          =       111.65221523                                  
 SETTING AHH1           =        61.43364279                                  
 SETTING AHH2           =       180.00000000                                  
 SETTING AHH3           =       298.56635721                                  
 SETTING BASIS          =    CC-PVTZ-F12


 Recomputing integrals since basis changed


 Using spherical harmonics

 Library entry C      S cc-pVTZ-F12          selected for orbital group  1
 Library entry C      P cc-pVTZ-F12          selected for orbital group  1
 Library entry C      D cc-pVTZ-F12          selected for orbital group  1
 Library entry C      F cc-pVTZ-F12          selected for orbital group  1
 Library entry O      S cc-pVTZ-F12          selected for orbital group  2
 Library entry O      P cc-pVTZ-F12          selected for orbital group  2
 Library entry O      D cc-pVTZ-F12          selected for orbital group  2
 Library entry O      F cc-pVTZ-F12          selected for orbital group  2
 Library entry H      S cc-pVTZ-F12          selected for orbital group  3
 Library entry H      P cc-pVTZ-F12          selected for orbital group  3
 Library entry H      D cc-pVTZ-F12          selected for orbital group  3


 PROGRAM * SEWARD (Integral evaluation for generally contracted gaussian basis sets)     Author: Roland Lindh, 1990

 Geometry written to block  1 of record 700

 Orientation using atomic masses  
 Molecule type: Asymmetric top
 Symmetry elements: X
 Rotational constants:      23.9713670     24.8280471    128.6163839 GHz  (calculated with average atomic masses)

 Point group  Cs  



 ATOMIC COORDINATES

 NR  ATOM    CHARGE       X              Y              Z

   1  C       6.00    0.000000000    0.024719532   -1.376132217
   2  O       8.00    0.000000000   -0.121957042    1.304737253
   3  H       1.00    0.000000000    1.574629522    1.947887847
   4  H1      1.00    1.684053272    0.981828704   -2.086111082
   5  H3      1.00   -1.684053272    0.981828704   -2.086111082
   6  H2      1.00    0.000000000   -1.896985667   -2.087717150

 Bond lengths in Bohr (Angstrom)

 1-2  2.684878979  1-4  2.063047110  1-5  2.063047110  1-6  2.049220337  2-3  1.814400356
     ( 1.420776770)     ( 1.091717516)     ( 1.091717516)     ( 1.084400703)     ( 0.960139320)

 Bond angles

  1-2-3  107.62930637   2-1-4  111.65221523   2-1-5  111.65221523   2-1-6  107.18733878

  4-1-5  109.43105099   4-1-6  108.39459424   5-1-6  108.39459424

 NUCLEAR CHARGE:                   18
 NUMBER OF PRIMITIVE AOS:         228
 NUMBER OF SYMMETRY AOS:          206
 NUMBER OF CONTRACTIONS:          178   (  114A'  +   64A"  )
 NUMBER OF INNER CORE ORBITALS:     0   (    0A'  +    0A"  )
 NUMBER OF OUTER CORE ORBITALS:     2   (    2A'  +    0A"  )
 NUMBER OF VALENCE ORBITALS:       12   (    9A'  +    3A"  )


 NUCLEAR REPULSION ENERGY   40.35200150

 Eigenvalues of metric

         1 0.879E-04 0.184E-03 0.309E-03 0.460E-03 0.493E-03 0.559E-03 0.617E-03 0.621E-03
         2 0.323E-03 0.570E-03 0.686E-03 0.178E-02 0.339E-02 0.495E-02 0.643E-02 0.871E-02


 Contracted 2-electron integrals neglected if value below      1.0D-11
 AO integral compression algorithm  1   Integral accuracy      1.0D-11

     331.612 MB (compressed) written to integral file ( 53.5%)


 NUMBER OF SORTED TWO-ELECTRON INTEGRALS:   64554730.     BUFFER LENGTH:  32768
 NUMBER OF SEGMENTS:   5  SEGMENT LENGTH:   15997996      RECORD LENGTH: 524288

 Memory used in sort:      16.56 MW

 SORT1 READ    77497885. AND WROTE    63556385. INTEGRALS IN    184 RECORDS. CPU TIME:     1.10 SEC, REAL TIME:    12.24 SEC
 SORT2 READ    63556385. AND WROTE    64554730. INTEGRALS IN   1265 RECORDS. CPU TIME:     1.33 SEC, REAL TIME:    21.99 SEC

 FILE SIZES:   FILE 1:   362.5 MBYTE,  FILE 4:   771.8 MBYTE,   TOTAL:   1134.3 MBYTE

 OPERATOR DM      FOR CENTER  0  COORDINATES:    0.000000    0.000000    0.000000


 **********************************************************************************************************************************
 DATASETS  * FILE   NREC   LENGTH (MB)   RECORD NAMES
              1      19      311.88       500      610      700      900      950      970     1000      129      960     1100   
                                          VAR    BASINP    GEOM    SYMINP    ZMAT    AOBASIS   BASIS     P2S    ABASIS      S 
                                         1400     1410     1200     1210     1080     1600     1650     1300     1700   
                                           T        V       H0       H01     AOSYM     SMH    MOLCAS    ERIS     OPER   

 PROGRAMS   *        TOTAL       INT
 CPU TIMES  *         6.24      6.09
 REAL TIME  *        47.06 SEC
 DISK USED  *         1.13 GB
 **********************************************************************************************************************************


 PROGRAM * RHF-SCF (CLOSED SHELL)       Authors: W. Meyer, H.-J. Werner


 NUMBER OF ELECTRONS:       9+    9-
 CONVERGENCE THRESHOLDS:    1.00E-05 (Density)    1.00E-07 (Energy)
 MAX. NUMBER OF ITERATIONS:       60
 INTERPOLATION TYPE:            DIIS
 INTERPOLATION STEPS:              2 (START)      1 (STEP)
 LEVEL SHIFTS:                  0.00 (CLOSED)  0.00 (OPEN) 



 Orbital guess generated from atomic densities. Full valence occupancy:   11   3

 Molecular orbital dump at record        2100.2

 Initial occupancy:   7   2

 ITERATION    DDIFF          GRAD             ENERGY        2-EL.EN.            DIPOLE MOMENTS         DIIS   ORB.
    1      0.000D+00      0.000D+00      -115.06228552    164.489829    0.00000    0.90619   -0.48451    0    start
    2      0.000D+00      0.668D-02      -115.09066745    161.913027    0.00000    0.49677   -0.30749    1    diag
    3      0.653D-02      0.366D-02      -115.09816355    163.173928    0.00000    0.60062   -0.40131    2    diag
    4      0.222D-02      0.721D-03      -115.09869657    162.997511    0.00000    0.59545   -0.39659    3    diag
    5      0.593D-03      0.145D-03      -115.09873116    163.009086    0.00000    0.59146   -0.40140    4    diag
    6      0.166D-03      0.271D-04      -115.09873274    163.006822    0.00000    0.59160   -0.40219    5    diag
    7      0.476D-04      0.576D-05      -115.09873281    163.006455    0.00000    0.59142   -0.40246    6    diag
    8      0.120D-04      0.150D-05      -115.09873281    163.006801    0.00000    0.59141   -0.40249    7    diag
    9      0.235D-05      0.469D-06      -115.09873281    163.006636    0.00000    0.59139   -0.40250    0    orth

 Final occupancy:   7   2

 !RHF STATE  1.1 Energy              -115.098732813636
 Nuclear energy                        40.35200150
 One-electron energy                 -236.95405219
 Two-electron energy                   81.50331787
 Virial quotient                       -1.00100422
 !RHF STATE  1.1 Dipole moment          0.00000000     0.59139240    -0.40249515
 Dipole moment /Debye                   0.00000000     1.50307110    -1.02297362

 Orbital energies:

         1.1          2.1          3.1          4.1          5.1          6.1          7.1          8.1          9.1
    -20.556578   -11.269743    -1.357306    -0.926180    -0.690899    -0.594176    -0.504842     0.054588     0.065009

         1.2          2.2          3.2          4.2
     -0.621710    -0.452275     0.073768     0.181529


 HOMO      2.2    -0.452275 =     -12.3070eV
 LUMO      8.1     0.054588 =       1.4854eV
 LUMO-HOMO         0.506863 =      13.7925eV


 **********************************************************************************************************************************
 DATASETS  * FILE   NREC   LENGTH (MB)   RECORD NAMES
              1      19      311.88       500      610      700      900      950      970     1000      129      960     1100   
                                          VAR    BASINP    GEOM    SYMINP    ZMAT    AOBASIS   BASIS     P2S    ABASIS      S 
                                         1400     1410     1200     1210     1080     1600     1650     1300     1700   
                                           T        V       H0       H01     AOSYM     SMH    MOLCAS    ERIS     OPER   

              2       4        3.18       700     1000      520     2100   
                                         GEOM     BASIS   MCVARS     RHF  

 PROGRAMS   *        TOTAL    HF-SCF       INT
 CPU TIMES  *         9.26      3.02      6.09
 REAL TIME  *        52.97 SEC
 DISK USED  *         1.13 GB
 **********************************************************************************************************************************


 PROGRAM * MP2 (Closed-shell)     Authors: C. Hampel, H.-J. Werner, 1991, M. Deegan, P.J. Knowles, 1992

                                   MP2-F12 implementation by H.-J. Werner, 2007

                   Density fitting integral evaluation by F.R. Manby, 2003,2007, G. Knizia, 2010


 Basis set AUG-CC-PVTZ/JKFIT generated.  Number of basis functions:   392 
 Basis set CC-PVTZ-F12/OPTRI generated.  Number of basis functions:   314 
 Basis set AUG-CC-PVTZ/MP2FIT generated. Number of basis functions:   396 

 Convergence thresholds:  THRVAR = 1.00D-08  THRDEN = 1.00D-06

 Number of core orbitals:           2 (   2   0 )
 Number of closed-shell orbitals:   7 (   5   2 )
 Number of external orbitals:     169 ( 107  62 )

 Molecular orbitals read from record     2100.2  Type=RHF/CANONICAL (state 1.1)

 MP2-F12 correlation treatment (H.-J. Werner, 2006)
 ==================================================

 Using MP2-F12 with ansatz 3C(FIX)

 Using projected zeroth-order Hamiltonian (+Z)

 FOCKRIB=T FOCKRIC=T FOCKRIP=T CABSP=T CABSA=T CABSK=T CABSF=T GBC=F EBC=F DMAT=T NOFIK=T NOPAO=1 SOLVE=-1  USEPAO=0
 EXCH_A= T EXCH_B= F EXCH_C= F EXCH_P= F

 Geminal basis:    OPTFULL  GEM_TYPE=SLATER  BETA=1.0  NGEM=6

 Optimizing Gaussian exponents for each gem_beta

 Geminal optimization for beta= 1.0000
 Weight function:   m=0, omega= 1.4646

 Augmented Hessian optimization of geminal fit. Trust ratio= 0.40000
 Convergence reached after   2 iterations. Final gradient= 8.66D-16, Step= 4.23D-06, Delta= 1.28D-09

 Alpha:                 0.19532     0.81920     2.85917     9.50073    35.69989   197.79328
 Coeff:                 0.27070     0.30552     0.18297     0.10986     0.06810     0.04224


 Symmetry turned off. Reference energy:       -115.098732813636

 All pairs explicitly correlated. Number of r12-pairs:           28

 Excluding core orbitals from MO domains

 AO(A)-basis ORBITAL           loaded. Number of functions:     178
 RI(R)-basis CC-PVTZ-F12/OPTRI loaded. Number of functions:     314
 DF-basis AUG-CC-PVTZ/JKFIT    loaded. Number of functions:     392

 Screening thresholds:   THRAO=  1.00D-10  THRMO=  1.00D-09  THRPROD=  1.00D-09
                         THRSW=  1.00D-05  THROV=  1.00D-12  THRAOF12= 1.00D-08

 CPU time for Fock operators                      5.35 sec

 Construction of ABS:
 Smallest eigenvalue of S          4.33E-04  (threshold= 1.00E-08)
 Ratio eigmin/eigmax               5.53E-05  (threshold= 1.00E-09)
 Smallest eigenvalue of S kept     4.33E-04  (threshold= 4.33E-04, 0 functions deleted, 314 kept)

 Construction of CABS:
 Smallest eigenvalue of S          7.26E-07  (threshold= 1.00E-08)
 Ratio eigmin/eigmax               7.26E-07  (threshold= 1.00E-09)
 Smallest eigenvalue of S kept     7.26E-07  (threshold= 7.26E-07, 0 functions deleted, 314 kept)

 CPU time for CABS singles                        0.04 sec

 CABS-singles contribution of  -0.00135370 patched into reference energy.
 New reference energy        -115.10008652

 AO(A)-basis ORBITAL           loaded. Number of functions:     178
 RI(R)-basis CC-PVTZ-F12/OPTRI loaded. Number of functions:     314
 DF-basis AUG-CC-PVTZ/MP2FIT   loaded. Number of functions:     396

 Screening thresholds:   THRAO=  1.00D-10  THRMO=  1.00D-09  THRPROD=  1.00D-09
                         THRSW=  1.00D-05  THROV=  1.00D-12  THRAOF12= 1.00D-08

 CPU time for 3-index integral evaluation         3.34 sec
 CPU time for first  half transformation          0.33 sec ( 7482.0 MFLOP/sec)
 CPU time for sorting                             0.02 sec
 CPU time for fitting                             0.03 sec (37980.8 MFLOP/sec)
 CPU time for tilde quantities                    0.02 sec (75522.6 MFLOP/sec)
 CPU time for assembly                            0.21 sec (58826.6 MFLOP/sec)
 CPU time for tranop_f12                          0.30 sec (52867.4 MFLOP/sec)
 CPU time for f12 integrals (total)               7.07 sec, Elapsed time:      7.44 sec
 CPU time for f12 matrices (total)                0.11 sec, Elapsed time:      0.16 sec

 Diagonal F12 approximation with fixed coefficients:  TSING= 0.500,  TTRIP= 0.250 (scaled by -1/beta)

 DF-MP2-F12 energy corrections:
 ==============================
 Approx.                                    Singlet             Triplet             Total
 DF-MP2-F12/3*C(DX,FIX)                -0.038286638943     -0.004213221585     -0.042499860527
 DF-MP2-F12/3*C(FIX)                   -0.036087493622     -0.003931563366     -0.040019056988
 DF-MP2-F12/3C(FIX)                    -0.036030176948     -0.004066560606     -0.040096737554

 DF-MP2-F12 correlation energies:
 ================================
 Approx.                                    Singlet             Triplet             Ecorr            Total Energy
 DF-MP2                                -0.291119814722     -0.152383221845     -0.443503036567   -115.543589552581
 DF-MP2-F12/3*C(DX,FIX)                -0.329406453665     -0.156596443430     -0.486002897095   -115.586089413109
 DF-MP2-F12/3*C(FIX)                   -0.327207308344     -0.156314785211     -0.483522093555   -115.583608609569
 DF-MP2-F12/3C(FIX)                    -0.327149991670     -0.156449782451     -0.483599774121   -115.583686290135

 SCS-DF-MP2 energies (F_SING= 1.20000  F_TRIP= 0.62222  F_PARALLEL= 0.33333):
 ============================================================================
 SCS-DF-MP2                            -0.444160004593   -115.544246520606
 SCS-DF-MP2-F12/3*C(DX,FIX)            -0.492725531421   -115.592812047435
 SCS-DF-MP2-F12/3*C(FIX)               -0.489911303033   -115.589997819047
 SCS-DF-MP2-F12/3C(FIX)                -0.489926521307   -115.590013037321

 Symmetry restored.
 Symmetry transformation completed.

 Number of N-1 electron functions:               7
 Number of N-2 electron functions:              28
 Number of singly external CSFs:               659
 Number of doubly external CSFs:            355020
 Total number of CSFs:                      355680

 Length of J-op  integral file:             103.49 MB
 Length of K-op  integral file:             127.95 MB

 Integral transformation finished. Total CPU:   0.45 sec, npass=  1  Memory used:   0.67 MW

 ITER.      SQ.NORM     CORR.ENERGY   TOTAL ENERGY   ENERGY CHANGE     VAR   MIC
   1      1.00000000    -0.44356937  -115.54365588    -0.44356937  0.00D+00   0
   2      1.11475439    -0.44356937  -115.54365588    -0.00000000 -0.56D-17   0

 Solving MP2-F12 equations

   1      1.11471808    -0.48290787  -115.58299438    -0.03933850 -0.37D-04   0
   2      1.11471808    -0.48366471  -115.58375123    -0.00075684  0.51D-18   0
   3      1.11471808    -0.48366471  -115.58375123    -0.00000000  0.64D-19   0

 CPU TIME FOR ITERATIVE MP2:    0.03 SEC


 MP2-F12 energy corrections:
 ===========================
 Approx.                                    Singlet             Triplet             Total
 MP2-F12/3*C(DX,FIX)                   -0.038286638943     -0.004213221585     -0.042499860527
 MP2-F12/3*C(FIX)                      -0.036087493622     -0.003931563366     -0.040019056988
 MP2-F12/3C(FIX)                       -0.036027481426     -0.004067859477     -0.040095340903

 MP2-F12 correlation energies:
 =============================
 Approx.                                    Singlet             Triplet             Ecorr            Total Energy
 MP2                                   -0.291303173075     -0.152266195636     -0.443569368711   -115.543655884724
 MP2-F12/3*C(DX,FIX)                   -0.329589812017     -0.156479417221     -0.486069229238   -115.586155745252
 MP2-F12/3*C(FIX)                      -0.327390666697     -0.156197759002     -0.483588425699   -115.583674941712
 MP2-F12/3C(FIX)                       -0.327330654501     -0.156334055113     -0.483664709613   -115.583751225627

 SCS-MP2 energies (F_SING= 1.20000  F_TRIP= 0.62222  F_PARALLEL= 0.33333):
 =========================================================================
 SCS-MP2                               -0.444307218308   -115.544393734321
 SCS-MP2-F12/3*C(DX,FIX)               -0.492872745136   -115.592959261150
 SCS-MP2-F12/3*C(FIX)                  -0.490058516748   -115.590145032762
 SCS-MP2-F12/3C(FIX)                   -0.490071308582   -115.590157824596


  Reference energy                   -115.098732813636
  F12 singles correction               -0.001353702378

 F12 singles corrections added to reference energy

  New reference energy               -115.100086516014

  F12/3C(F) singlet correction         -0.036027481426
  F12/3C(F) triplet correction         -0.004067859477
  F12/3C(F) total correction           -0.040095340903
  MP2-F12/3C(F) singlet pair energy    -0.327330654501
  MP2-F12/3C(F) triplet pair energy    -0.156334055113
  MP2-F12/3C(F) correlation energy     -0.483664709613

 !MP2-F12/3C(F) total energy         -115.583751225627


 **********************************************************************************************************************************
 DATASETS  * FILE   NREC   LENGTH (MB)   RECORD NAMES
              1      20      317.62       500      610      700      900      950      970     1000      129      960     1100   
                                          VAR    BASINP    GEOM    SYMINP    ZMAT    AOBASIS   BASIS     P2S    ABASIS      S 
                                         1400     1410     1200     1210     1080     1600     1650     1300     1700     1380   
                                           T        V       H0       H01     AOSYM     SMH    MOLCAS    ERIS     OPER     JKOP   

              2       7        3.55       700     1000      520     2100     7360     7350     7000   
                                         GEOM     BASIS   MCVARS     RHF    F12ABS    EF12   

 PROGRAMS   *        TOTAL   MP2-F12    HF-SCF       INT
 CPU TIMES  *        22.48     13.21      3.02      6.09
 REAL TIME  *        67.54 SEC
 DISK USED  *         1.13 GB
 **********************************************************************************************************************************


 PROGRAM * CCSD (Closed-shell coupled cluster)     Authors: C. Hampel, H.-J. Werner, 1991, M. Deegan, P.J. Knowles, 1992

                                  CCSD-F12 implementation by  H.-J. Werner, 2007

                   Density fitting integral evaluation by F.R. Manby, 2003,2007, G. Knizia, 2010



 Convergence thresholds:  THRVAR = 1.00D-08  THRDEN = 1.00D-06

 CCSD(T)     terms to be evaluated (factor= 1.000)


 Number of core orbitals:           2 (   2   0 )
 Number of closed-shell orbitals:   7 (   5   2 )
 Number of external orbitals:     169 ( 107  62 )

 Molecular orbitals read from record     2100.2  Type=RHF/CANONICAL (state 1.1)

 MP2-F12 correlation treatment (H.-J. Werner, 2006)
 ==================================================

 Using MP2-F12 with ansatz 3C(FIX)

 Using projected zeroth-order Hamiltonian (+Z)

 FOCKRIB=T FOCKRIC=T FOCKRIP=T CABSP=T CABSA=T CABSK=T CABSF=T GBC=F EBC=F DMAT=T NOFIK=T NOPAO=1 SOLVE=-1  USEPAO=0
 EXCH_A= T EXCH_B= F EXCH_C= F EXCH_P= F

 Geminal basis:    OPTFULL  GEM_TYPE=SLATER  BETA=1.0  NGEM=6

 Optimizing Gaussian exponents for each gem_beta

 Geminal optimization for beta= 1.0000
 Weight function:   m=0, omega= 1.4646

 Augmented Hessian optimization of geminal fit. Trust ratio= 0.40000
 Convergence reached after   2 iterations. Final gradient= 8.66D-16, Step= 4.23D-06, Delta= 1.28D-09

 Alpha:                 0.19532     0.81920     2.85917     9.50073    35.69989   197.79328
 Coeff:                 0.27070     0.30552     0.18297     0.10986     0.06810     0.04224


 Symmetry turned off. Reference energy:       -115.098732813636

 All pairs explicitly correlated. Number of r12-pairs:           28

 Excluding core orbitals from MO domains

 AO(A)-basis ORBITAL           loaded. Number of functions:     178
 RI(R)-basis CC-PVTZ-F12/OPTRI loaded. Number of functions:     314
 DF-basis AUG-CC-PVTZ/JKFIT    loaded. Number of functions:     392

 Screening thresholds:   THRAO=  1.00D-10  THRMO=  1.00D-09  THRPROD=  1.00D-09
                         THRSW=  1.00D-05  THROV=  1.00D-12  THRAOF12= 1.00D-08

 CPU time for Fock operators                      5.33 sec

 Construction of ABS:
 Smallest eigenvalue of S          4.33E-04  (threshold= 1.00E-08)
 Ratio eigmin/eigmax               5.53E-05  (threshold= 1.00E-09)
 Smallest eigenvalue of S kept     4.33E-04  (threshold= 4.33E-04, 0 functions deleted, 314 kept)

 Construction of CABS:
 Smallest eigenvalue of S          7.26E-07  (threshold= 1.00E-08)
 Ratio eigmin/eigmax               7.26E-07  (threshold= 1.00E-09)
 Smallest eigenvalue of S kept     7.26E-07  (threshold= 7.26E-07, 0 functions deleted, 314 kept)

 CPU time for CABS singles                        0.04 sec

 CABS-singles contribution of  -0.00135370 patched into reference energy.
 New reference energy        -115.10008652

 AO(A)-basis ORBITAL           loaded. Number of functions:     178
 RI(R)-basis CC-PVTZ-F12/OPTRI loaded. Number of functions:     314
 DF-basis AUG-CC-PVTZ/MP2FIT   loaded. Number of functions:     396

 Screening thresholds:   THRAO=  1.00D-10  THRMO=  1.00D-09  THRPROD=  1.00D-09
                         THRSW=  1.00D-05  THROV=  1.00D-12  THRAOF12= 1.00D-08

 CPU time for 3-index integral evaluation         3.39 sec
 CPU time for first  half transformation          0.23 sec (10735.0 MFLOP/sec)
 CPU time for second half transformation          0.02 sec ( 3108.5 MFLOP/sec)
 CPU time for sorting                             0.01 sec
 CPU time for fitting                             0.01 sec (******* MFLOP/sec)
 CPU time for tilde quantities                    0.03 sec (50348.4 MFLOP/sec)
 CPU time for assembly                            0.21 sec (58826.6 MFLOP/sec)
 CPU time for tranop_f12                          0.24 sec (66084.3 MFLOP/sec)
 CPU time for f12 integrals (total)               7.01 sec, Elapsed time:      7.42 sec
 CPU time for f12 matrices (total)                0.11 sec, Elapsed time:      0.15 sec

 Diagonal F12 approximation with fixed coefficients:  TSING= 0.500,  TTRIP= 0.250 (scaled by -1/beta)

 DF-MP2-F12 energy corrections:
 ==============================
 Approx.                                    Singlet             Triplet             Total
 DF-MP2-F12/3*C(DX,FIX)                -0.038286638943     -0.004213221585     -0.042499860527
 DF-MP2-F12/3*C(FIX)                   -0.036087493622     -0.003931563366     -0.040019056988
 DF-MP2-F12/3C(FIX)                    -0.036030176948     -0.004066560606     -0.040096737554

 DF-MP2-F12 correlation energies:
 ================================
 Approx.                                    Singlet             Triplet             Ecorr            Total Energy
 DF-MP2                                -0.291119814722     -0.152383221845     -0.443503036567   -115.543589552581
 DF-MP2-F12/3*C(DX,FIX)                -0.329406453665     -0.156596443430     -0.486002897095   -115.586089413109
 DF-MP2-F12/3*C(FIX)                   -0.327207308344     -0.156314785211     -0.483522093555   -115.583608609569
 DF-MP2-F12/3C(FIX)                    -0.327149991670     -0.156449782451     -0.483599774121   -115.583686290135

 SCS-DF-MP2 energies (F_SING= 1.20000  F_TRIP= 0.62222  F_PARALLEL= 0.33333):
 ============================================================================
 SCS-DF-MP2                            -0.444160004593   -115.544246520606
 SCS-DF-MP2-F12/3*C(DX,FIX)            -0.492725531421   -115.592812047435
 SCS-DF-MP2-F12/3*C(FIX)               -0.489911303033   -115.589997819047
 SCS-DF-MP2-F12/3C(FIX)                -0.489926521307   -115.590013037321

 Symmetry restored.
 Symmetry transformation completed.

 Number of N-1 electron functions:               7
 Number of N-2 electron functions:              28
 Number of singly external CSFs:               659
 Number of doubly external CSFs:            355020
 Total number of CSFs:                      355680

 Length of J-op  integral file:             103.62 MB
 Length of K-op  integral file:             127.95 MB
 Length of 3-ext integral record:             0.00 MB

 Memory could be reduced to 24.20 Mwords without degradation in triples

 Integral transformation finished. Total CPU:   1.20 sec, npass=  1  Memory used:   7.45 MW

 Reference energy:                   -115.10008652

 Adding F12 terms to K(Cij), methodcc=6,  factor= 1.0

 ITER.      SQ.NORM     CORR.ENERGY   TOTAL ENERGY   ENERGY CHANGE        DEN1      VAR(S)    VAR(P)  DIIS     TIME  TIME/IT
   1      1.11763822    -0.45289852  -115.55298504    -0.00932915     0.00167690  0.15D-02  0.19D-02  1  1    14.58     0.88
   2      1.12504941    -0.45325944  -115.55334595    -0.00036091    -0.00904940  0.24D-04  0.23D-03  2  2    15.42     0.92
   3      1.12777974    -0.45343683  -115.55352334    -0.00017739    -0.00186549  0.15D-04  0.13D-04  3  3    16.24     0.92
   4      1.12872750    -0.45345469  -115.55354121    -0.00001787    -0.00060062  0.86D-06  0.12D-05  4  4    17.08     0.93
   5      1.12888297    -0.45345626  -115.55354277    -0.00000156    -0.00003792  0.23D-06  0.10D-06  5  5    17.90     0.93
   6      1.12892545    -0.45345390  -115.55354042     0.00000235    -0.00000421  0.36D-07  0.96D-08  6  6    18.74     0.93
   7      1.12893652    -0.45345303  -115.55353954     0.00000087    -0.00000298  0.39D-08  0.14D-08  6  1    19.58     0.93
   8      1.12893831    -0.45345309  -115.55353961    -0.00000006     0.00000033  0.67D-09  0.20D-09  6  3    20.40     0.93

 Norm of t1 vector:      0.05002467      S-energy:    -0.00000037      T1 diagnostic:  0.00945377
                                                                       D1 diagnostic:  0.02005626

 Adding energy correction from Wij-K(Fij), methodcc=6  factor= 1.0

  CCSD correlation energy              -0.453453089530
  MP2-F12 correction (uncoupled)       -0.038544673113
  C*T doubles correction               -0.001165211335
  f12b correction                       0.007098494829


 Total CPU time for triples:     11.56 sec


 RESULTS
 =======

  Reference energy                   -115.098732813636
  F12 singles correction               -0.001353702378

 F12 singles corrections added to reference energy

  New reference energy               -115.100086516014

  F12a singlet correction              -0.035790666581
  F12a triplet correction              -0.003919217867
  F12a total correction                -0.039709884448

 F12a corrections for ansatz F12/3C(FIX) added to CCSD energy

  CCSD-F12a singlet pair energy        -0.351233715334
  CCSD-F12a triplet pair energy        -0.141928891997
  CCSD-F12a correlation energy         -0.493162973978

  Triples (T) contribution             -0.016018724101
  Total correlation energy             -0.509181698079

  CCSD-F12a total energy             -115.593249489991
  CCSD[T]-F12a energy                -115.609821633785
  CCSD-T-F12a energy                 -115.609024305716
 !CCSD(T)-F12a total energy          -115.609268214093

 F12b corrections for ansatz F12/3C(FIX) added to CCSD(T)-F12a energy

  CCSD-F12b singlet pair energy        -0.344597306563
  CCSD-F12b triplet pair energy        -0.141466805940
  CCSD-F12b correlation energy         -0.486064479149

  Triples (T) contribution             -0.016018724101
  Total correlation energy             -0.502083203250

  CCSD-F12b total energy             -115.586150995163
  CCSD[T]-F12b energy                -115.602723138956
  CCSD-T-F12b energy                 -115.601925810887
 !CCSD(T)-F12b total energy          -115.602169719264

 Timing summary (sec):

 STEP                 CPU(USER)    SYS     CPU(TOT)    WALL
 Transformation          1.21      0.18      1.39      1.38
 CCSD iterations         6.65      0.84      7.49      7.51
 Triples                11.56      0.52     12.08     12.12
 MP2-F12                12.56      0.58     13.14     13.31
 F12b energy             0.65      0.06      0.71      0.72

 Program statistics:

 Available memory in ccsd:               499999650
 Min. memory needed in ccsd:               1149135
 Max. memory used in ccsd:                 1443104
 Max. memory used in cckext:               1888566 ( 9 integral passes)



 **********************************************************************************************************************************
 DATASETS  * FILE   NREC   LENGTH (MB)   RECORD NAMES
              1      20      386.19       500      610      700      900      950      970     1000      129      960     1100   
                                          VAR    BASINP    GEOM    SYMINP    ZMAT    AOBASIS   BASIS     P2S    ABASIS      S 
                                         1400     1410     1200     1210     1080     1600     1650     1300     1700     1380   
                                           T        V       H0       H01     AOSYM     SMH    MOLCAS    ERIS     OPER     JKOP   

              2       7        3.55       700     1000      520     2100     7360     7350     7000   
                                         GEOM     BASIS   MCVARS     RHF    F12ABS    EF12   

 PROGRAMS   *        TOTAL   CCSD(T)   MP2-F12    HF-SCF       INT
 CPU TIMES  *        55.14     32.66     13.21      3.02      6.09
 REAL TIME  *       102.71 SEC
 DISK USED  *         1.13 GB
 **********************************************************************************************************************************
 SETTING XXX            =    "MMM"
 SETTING POINT          =        53.00000000                                  

 *** ### CH3OH


 XXX       RCO          ROH          RCH1         RCH2         RCH3           ACOH           AOCH1          AOCH2          AOCH3         AHH1           AHH2           AHH3            ENERGY       POINT
 "MMM"   1.42077677   0.96013932   1.09171752   1.08440070   1.09171752   107.62930637   111.65221523   107.18733878   111.65221523   61.43364279   180.00000000   298.56635721   -115.60926821   53.0000
                                                  

 CCSD(T)-F12/cc-pVTZ-F12 energy=   -115.602169719264

     CCSD(T)-F12         MP2-F12          HF-SCF
   -115.60216972   -115.58375123   -115.09873281
 **********************************************************************************************************************************
 Molpro calculation terminated
