
 Primary working directories    : /tmpdir/job/2955693.undefined/molpro.WC1hvKlCJN
 Secondary working directories  : /tmpdir/job/2955693.undefined/molpro.WC1hvKlCJN
 Wavefunction directory         : /home/zcaposm/wfu/
 Main file repository           : /tmpdir/job/2955693.undefined/molpro.WC1hvKlCJN/

 id        : uclcc

 Nodes                         nprocs
 node-d00a-115.myriad.ucl.ac.uk    1

 Using customized tuning parameters: mindgm=1; mindgv=20; mindgc=4; mindgr=1; noblas=0; minvec=7
 default implementation of scratch files=df  


 Variables initialized (945), CPU time= 0.00 sec
 ***,Methanol Ground State Energy with CCSD(T)-F12 and cc-pVTZ-F12
 memory,500,m;
 
 geometry={angstrom
 c
 o , 1, rco
 h , 2, roh, 1, acoh
 h1, 1, rch1, 2, aoch1  3  ahh1
 h2, 1, rch2, 2, aoch2, 3, ahh2
 h3, 1, rch3, 2, aoch3, 3, ahh3
 }
 
                                                ! Specify the initial values of the internal coordinates (in Angstroms and degrees)
 
 rco= 1.42077677
 roh= 0.96013932
 rch1= 1.0917490068558244
 rch2= 1.0844034069225945
 rch3= 1.0916812628641015
 acoh= 108.12930637
 aoch1= 111.63633563087174
 aoch2= 107.18893388117954
 aoch3= 111.66713875252772
 ahh1=62.83364279
 ahh2=181.4
 ahh3=299.96635720999996
 
                                                                                 ! Use the cc-pVTZ-F12 basis set
 basis=cc-pVTZ-F12
 
 hf
 
                                                                                 ! Use explicitly correlated F12 methods
                                                                            ! First, MP2-F12 (useful for initial electronic energy)
 {mp2-f12}
 
                                                                        ! If desired, perform CCSD(T)-F12 for more accurate results
 {ccsd(t)-f12}
 
                                                                                 ! Output the energy
 xxx = "mmm"
 point = 121
 text ### CH3OH
 table,xxx,rco,roh,rch1,rch2,rch3,acoh,aoch1,aoch2,aoch3,ahh1,ahh2,ahh3,energy,point
 DIGITS, 0, 8, 8, 8, 8, 8, 8, 8, 8, 8,  8,  8,  8, 8, 4
 save,CH3OH_MEP_MP2_121.dat,new
 
 Commands  initialized (802), CPU time= 0.01 sec, 659 directives.
 Default parameters read. Elapsed time= 0.09 sec

 Checking input...
 Passed
1


                                         ***  PROGRAM SYSTEM MOLPRO  ***
                                       Copyright, TTI GmbH Stuttgart, 2015
                                    Version 2020.1 linked Oct  6 2020 12:04:11


 **********************************************************************************************************************************
 LABEL *   Methanol Ground State Energy with CCSD(T)-F12 and cc-pVTZ-F12                 
  64 bit serial version                                                                  DATE: 08-Oct-24          TIME: 17:40:04  
 **********************************************************************************************************************************

 SHA1:             8c27446f6450a7499e38f603e13c65f775101d37
 **********************************************************************************************************************************

 Memory per process:       500 MW
 Total memory per node:    500 MW

 GA preallocation disabled
 GA check disabled

 Variable memory set to 500.0 MW

 SETTING RCO            =         1.42077677                                  
 SETTING ROH            =         0.96013932                                  
 SETTING RCH1           =         1.09174901                                  
 SETTING RCH2           =         1.08440341                                  
 SETTING RCH3           =         1.09168126                                  
 SETTING ACOH           =       108.12930637                                  
 SETTING AOCH1          =       111.63633563                                  
 SETTING AOCH2          =       107.18893388                                  
 SETTING AOCH3          =       111.66713875                                  
 SETTING AHH1           =        62.83364279                                  
 SETTING AHH2           =       181.40000000                                  
 SETTING AHH3           =       299.96635721                                  
 SETTING BASIS          =    CC-PVTZ-F12


 Recomputing integrals since basis changed


 Using spherical harmonics

 Library entry C      S cc-pVTZ-F12          selected for orbital group  1
 Library entry C      P cc-pVTZ-F12          selected for orbital group  1
 Library entry C      D cc-pVTZ-F12          selected for orbital group  1
 Library entry C      F cc-pVTZ-F12          selected for orbital group  1
 Library entry O      S cc-pVTZ-F12          selected for orbital group  2
 Library entry O      P cc-pVTZ-F12          selected for orbital group  2
 Library entry O      D cc-pVTZ-F12          selected for orbital group  2
 Library entry O      F cc-pVTZ-F12          selected for orbital group  2
 Library entry H      S cc-pVTZ-F12          selected for orbital group  3
 Library entry H      P cc-pVTZ-F12          selected for orbital group  3
 Library entry H      D cc-pVTZ-F12          selected for orbital group  3


 PROGRAM * SEWARD (Integral evaluation for generally contracted gaussian basis sets)     Author: Roland Lindh, 1990

 Geometry written to block  1 of record 700

 Orientation using atomic masses  
 Molecule type: Asymmetric top
 Rotational constants:      23.9585282     24.8081515    128.7819390 GHz  (calculated with average atomic masses)

 Point group  C1  



 ATOMIC COORDINATES

 NR  ATOM    CHARGE       X              Y              Z

   1  C       6.00    0.000098277    0.025185929   -1.376591334
   2  O       8.00   -0.000045860   -0.122053759    1.304247264
   3  H       1.00    0.001849735    1.568716411    1.962533897
   4  H1      1.00    1.707305113    0.939272821   -2.088138168
   5  H2      1.00   -0.049885904   -1.895716508   -2.088602812
   6  H3      1.00   -1.659712101    1.025006008   -2.084595592

 Bond lengths in Bohr (Angstrom)

 1-2  2.684878979  1-4  2.063106620  1-5  2.049225448  1-6  2.062978602  2-3  1.814400356
     ( 1.420776770)     ( 1.091749007)     ( 1.084403407)     ( 1.091681263)     ( 0.960139320)

 Bond angles

  1-2-3  108.12930637   2-1-4  111.63633563   2-1-5  107.18893388   2-1-6  111.66713875

  4-1-5  108.40119753   4-1-6  109.43158936   5-1-6  108.38680982

 NUCLEAR CHARGE:                   18
 NUMBER OF PRIMITIVE AOS:         228
 NUMBER OF SYMMETRY AOS:          206
 NUMBER OF CONTRACTIONS:          178   (  178A   )
 NUMBER OF INNER CORE ORBITALS:     0   (    0A   )
 NUMBER OF OUTER CORE ORBITALS:     2   (    2A   )
 NUMBER OF VALENCE ORBITALS:       12   (   12A   )


 NUCLEAR REPULSION ENERGY   40.34553371

 Eigenvalues of metric

         1 0.879E-04 0.183E-03 0.309E-03 0.323E-03 0.460E-03 0.493E-03 0.560E-03 0.570E-03


 Contracted 2-electron integrals neglected if value below      1.0D-11
 AO integral compression algorithm  1   Integral accuracy      1.0D-11

     602.669 MB (compressed) written to integral file ( 50.6%)


 NUMBER OF SORTED TWO-ELECTRON INTEGRALS:  126906346.     BUFFER LENGTH:  32768
 NUMBER OF SEGMENTS:   8  SEGMENT LENGTH:   15999503      RECORD LENGTH: 524288

 Memory used in sort:      16.56 MW

 SORT1 READ   149034713. AND WROTE   124711051. INTEGRALS IN    360 RECORDS. CPU TIME:     2.56 SEC, REAL TIME:    30.15 SEC
 SORT2 READ   124711051. AND WROTE   126906346. INTEGRALS IN   2299 RECORDS. CPU TIME:     2.02 SEC, REAL TIME:    42.60 SEC

 FILE SIZES:   FILE 1:   633.9 MBYTE,  FILE 4:  1510.0 MBYTE,   TOTAL:   2143.9 MBYTE

 OPERATOR DM      FOR CENTER  0  COORDINATES:    0.000000    0.000000    0.000000


 **********************************************************************************************************************************
 DATASETS  * FILE   NREC   LENGTH (MB)   RECORD NAMES
              1      19      556.92       500      610      700      900      950      970     1000      129      960     1100   
                                          VAR    BASINP    GEOM    SYMINP    ZMAT    AOBASIS   BASIS     P2S    ABASIS      S 
                                         1400     1410     1200     1210     1080     1600     1650     1300     1700   
                                           T        V       H0       H01     AOSYM     SMH    MOLCAS    ERIS     OPER   

 PROGRAMS   *        TOTAL       INT
 CPU TIMES  *         9.24      9.12
 REAL TIME  *        89.23 SEC
 DISK USED  *         2.14 GB
 **********************************************************************************************************************************


 PROGRAM * RHF-SCF (CLOSED SHELL)       Authors: W. Meyer, H.-J. Werner


 NUMBER OF ELECTRONS:       9+    9-    SPACE SYMMETRY=1    SPIN SYMMETRY: Singlet 
 CONVERGENCE THRESHOLDS:    1.00E-05 (Density)    1.00E-07 (Energy)
 MAX. NUMBER OF ITERATIONS:       60
 INTERPOLATION TYPE:            DIIS
 INTERPOLATION STEPS:              2 (START)      1 (STEP)
 LEVEL SHIFTS:                  0.00 (CLOSED)  0.00 (OPEN) 



 Orbital guess generated from atomic densities. Full valence occupancy:   14

 Molecular orbital dump at record        2100.2

 Initial occupancy:   9

 ITERATION    DDIFF          GRAD             ENERGY        2-EL.EN.            DIPOLE MOMENTS         DIIS   ORB.
    1      0.000D+00      0.000D+00      -115.06237377    164.484253   -0.00001    0.90428   -0.47795    0    start
    2      0.000D+00      0.506D-02      -115.09072524    161.902324   -0.00048    0.49655   -0.30366    1    diag
    3      0.480D-02      0.277D-02      -115.09821093    163.165440   -0.00025    0.59990   -0.39688    2    diag
    4      0.163D-02      0.546D-03      -115.09874327    162.988880   -0.00024    0.59479   -0.39232    3    diag
    5      0.436D-03      0.110D-03      -115.09877767    163.000354   -0.00025    0.59081   -0.39714    4    diag
    6      0.121D-03      0.205D-04      -115.09877923    162.998131   -0.00025    0.59095   -0.39793    5    diag
    7      0.349D-04      0.434D-05      -115.09877930    162.997749   -0.00025    0.59077   -0.39820    6    diag
    8      0.877D-05      0.114D-05      -115.09877930    162.998094   -0.00025    0.59076   -0.39822    0    orth

 Final occupancy:   9

 !RHF STATE  1.1 Energy              -115.098779304828
 Nuclear energy                        40.34553371
 One-electron energy                 -236.94336006
 Two-electron energy                   81.49904704
 Virial quotient                       -1.00101596
 !RHF STATE  1.1 Dipole moment         -0.00024670     0.59076377    -0.39821618
 Dipole moment /Debye                  -0.00062700     1.50147339    -1.01209829

 Orbital energies:

         1.1          2.1          3.1          4.1          5.1          6.1          7.1          8.1          9.1         10.1
    -20.556341   -11.269758    -1.356925    -0.926369    -0.690810    -0.621559    -0.594389    -0.504324    -0.452157     0.054650

        11.1
      0.065010


 HOMO      9.1    -0.452157 =     -12.3038eV
 LUMO     10.1     0.054650 =       1.4871eV
 LUMO-HOMO         0.506807 =      13.7909eV


 **********************************************************************************************************************************
 DATASETS  * FILE   NREC   LENGTH (MB)   RECORD NAMES
              1      19      556.92       500      610      700      900      950      970     1000      129      960     1100   
                                          VAR    BASINP    GEOM    SYMINP    ZMAT    AOBASIS   BASIS     P2S    ABASIS      S 
                                         1400     1410     1200     1210     1080     1600     1650     1300     1700   
                                           T        V       H0       H01     AOSYM     SMH    MOLCAS    ERIS     OPER   

              2       4        3.48       700     1000      520     2100   
                                         GEOM     BASIS   MCVARS     RHF  

 PROGRAMS   *        TOTAL    HF-SCF       INT
 CPU TIMES  *        17.31      8.08      9.12
 REAL TIME  *       101.72 SEC
 DISK USED  *         2.14 GB
 **********************************************************************************************************************************


 PROGRAM * MP2 (Closed-shell)     Authors: C. Hampel, H.-J. Werner, 1991, M. Deegan, P.J. Knowles, 1992

                                   MP2-F12 implementation by H.-J. Werner, 2007

                   Density fitting integral evaluation by F.R. Manby, 2003,2007, G. Knizia, 2010


 Basis set AUG-CC-PVTZ/JKFIT generated.  Number of basis functions:   392 
 Basis set CC-PVTZ-F12/OPTRI generated.  Number of basis functions:   314 
 Basis set AUG-CC-PVTZ/MP2FIT generated. Number of basis functions:   396 

 Convergence thresholds:  THRVAR = 1.00D-08  THRDEN = 1.00D-06

 Number of core orbitals:           2 (   2 )
 Number of closed-shell orbitals:   7 (   7 )
 Number of external orbitals:     169 ( 169 )

 Molecular orbitals read from record     2100.2  Type=RHF/CANONICAL (state 1.1)

 MP2-F12 correlation treatment (H.-J. Werner, 2006)
 ==================================================

 Using MP2-F12 with ansatz 3C(FIX)

 Using projected zeroth-order Hamiltonian (+Z)

 FOCKRIB=T FOCKRIC=T FOCKRIP=T CABSP=T CABSA=T CABSK=T CABSF=T GBC=F EBC=F DMAT=T NOFIK=T NOPAO=1 SOLVE=-1  USEPAO=0
 EXCH_A= T EXCH_B= F EXCH_C= F EXCH_P= F

 Geminal basis:    OPTFULL  GEM_TYPE=SLATER  BETA=1.0  NGEM=6

 Optimizing Gaussian exponents for each gem_beta

 Geminal optimization for beta= 1.0000
 Weight function:   m=0, omega= 1.4646

 Augmented Hessian optimization of geminal fit. Trust ratio= 0.40000
 Convergence reached after   2 iterations. Final gradient= 8.66D-16, Step= 4.23D-06, Delta= 1.28D-09

 Alpha:                 0.19532     0.81920     2.85917     9.50073    35.69989   197.79328
 Coeff:                 0.27070     0.30552     0.18297     0.10986     0.06810     0.04224


 All pairs explicitly correlated. Number of r12-pairs:           28

 Excluding core orbitals from MO domains

 AO(A)-basis ORBITAL           loaded. Number of functions:     178
 RI(R)-basis CC-PVTZ-F12/OPTRI loaded. Number of functions:     314
 DF-basis AUG-CC-PVTZ/JKFIT    loaded. Number of functions:     392

 Screening thresholds:   THRAO=  1.00D-10  THRMO=  1.00D-09  THRPROD=  1.00D-09
                         THRSW=  1.00D-05  THROV=  1.00D-12  THRAOF12= 1.00D-08

 CPU time for Fock operators                      1.59 sec

 Construction of ABS:
 Smallest eigenvalue of S          4.36E-04  (threshold= 1.00E-08)
 Ratio eigmin/eigmax               5.56E-05  (threshold= 1.00E-09)
 Smallest eigenvalue of S kept     4.36E-04  (threshold= 4.36E-04, 0 functions deleted, 314 kept)

 Construction of CABS:
 Smallest eigenvalue of S          7.26E-07  (threshold= 1.00E-08)
 Ratio eigmin/eigmax               7.26E-07  (threshold= 1.00E-09)
 Smallest eigenvalue of S kept     7.26E-07  (threshold= 7.26E-07, 0 functions deleted, 314 kept)

 CPU time for CABS singles                        0.04 sec

 CABS-singles contribution of  -0.00135363 patched into reference energy.
 New reference energy        -115.10013294

 AO(A)-basis ORBITAL           loaded. Number of functions:     178
 RI(R)-basis CC-PVTZ-F12/OPTRI loaded. Number of functions:     314
 DF-basis AUG-CC-PVTZ/MP2FIT   loaded. Number of functions:     396

 Screening thresholds:   THRAO=  1.00D-10  THRMO=  1.00D-09  THRPROD=  1.00D-09
                         THRSW=  1.00D-05  THROV=  1.00D-12  THRAOF12= 1.00D-08

 CPU time for 3-index integral evaluation         3.53 sec
 CPU time for first  half transformation          0.40 sec ( 6172.6 MFLOP/sec)
 CPU time for second half transformation          0.01 sec ( 6217.0 MFLOP/sec)
 CPU time for sorting                             0.01 sec
 CPU time for fitting                             0.04 sec (28485.6 MFLOP/sec)
 CPU time for tilde quantities                    0.03 sec (50348.4 MFLOP/sec)
 CPU time for assembly                            0.24 sec (51473.3 MFLOP/sec)
 CPU time for tranop_f12                          0.32 sec (49563.2 MFLOP/sec)
 CPU time for f12 integrals (total)               5.09 sec, Elapsed time:      6.17 sec
 CPU time for f12 matrices (total)                0.12 sec, Elapsed time:      0.23 sec

 Diagonal F12 approximation with fixed coefficients:  TSING= 0.500,  TTRIP= 0.250 (scaled by -1/beta)

 DF-MP2-F12 energy corrections:
 ==============================
 Approx.                                    Singlet             Triplet             Total
 DF-MP2-F12/3*C(DX,FIX)                -0.038287500709     -0.004212641632     -0.042500142341
 DF-MP2-F12/3*C(FIX)                   -0.036088676601     -0.003930898314     -0.040019574914
 DF-MP2-F12/3C(FIX)                    -0.036031379242     -0.004065871607     -0.040097250849

 DF-MP2-F12 correlation energies:
 ================================
 Approx.                                    Singlet             Triplet             Ecorr            Total Energy
 DF-MP2                                -0.291095479843     -0.152363697276     -0.443459177119   -115.543592114393
 DF-MP2-F12/3*C(DX,FIX)                -0.329382980552     -0.156576338908     -0.485959319460   -115.586092256733
 DF-MP2-F12/3*C(FIX)                   -0.327184156444     -0.156294595590     -0.483478752033   -115.583611689307
 DF-MP2-F12/3C(FIX)                    -0.327126859085     -0.156429568883     -0.483556427968   -115.583689365241

 SCS-DF-MP2 energies (F_SING= 1.20000  F_TRIP= 0.62222  F_PARALLEL= 0.33333):
 ============================================================================
 SCS-DF-MP2                            -0.444118654117   -115.544251591390
 SCS-DF-MP2-F12/3*C(DX,FIX)            -0.492684854205   -115.592817791478
 SCS-DF-MP2-F12/3*C(FIX)               -0.489870958322   -115.590003895595
 SCS-DF-MP2-F12/3C(FIX)                -0.489886184874   -115.590019122147
 Symmetry transformation completed.

 Number of N-1 electron functions:               7
 Number of N-2 electron functions:              28
 Number of singly external CSFs:              1183
 Number of doubly external CSFs:            700336
 Total number of CSFs:                      701520

 Length of J-op  integral file:             104.98 MB
 Length of K-op  integral file:             138.67 MB

 Integral transformation finished. Total CPU:   1.48 sec, npass=  1  Memory used:   2.18 MW

 ITER.      SQ.NORM     CORR.ENERGY   TOTAL ENERGY   ENERGY CHANGE     VAR   MIC
   1      1.00000000    -0.44352558  -115.54365852    -0.44352558  0.00D+00   0
   2      1.11473550    -0.44352558  -115.54365852     0.00000000 -0.31D-15   0

 Solving MP2-F12 equations

   1      1.11469919    -0.48286477  -115.58299771    -0.03933920 -0.37D-04   0
   2      1.11469919    -0.48362143  -115.58375436    -0.00075665 -0.20D-18   0
   3      1.11469919    -0.48362143  -115.58375436     0.00000000 -0.48D-19   0

 CPU TIME FOR ITERATIVE MP2:    0.13 SEC


 MP2-F12 energy corrections:
 ===========================
 Approx.                                    Singlet             Triplet             Total
 MP2-F12/3*C(DX,FIX)                   -0.038287500709     -0.004212641632     -0.042500142341
 MP2-F12/3*C(FIX)                      -0.036088676601     -0.003930898314     -0.040019574914
 MP2-F12/3C(FIX)                       -0.036028678786     -0.004067168061     -0.040095846847

 MP2-F12 correlation energies:
 =============================
 Approx.                                    Singlet             Triplet             Ecorr            Total Energy
 MP2                                   -0.291278793961     -0.152246784471     -0.443525578432   -115.543658515705
 MP2-F12/3*C(DX,FIX)                   -0.329566294670     -0.156459426103     -0.486025720772   -115.586158658046
 MP2-F12/3*C(FIX)                      -0.327367470562     -0.156177682784     -0.483545153346   -115.583678090619
 MP2-F12/3C(FIX)                       -0.327307472747     -0.156313952532     -0.483621425279   -115.583754362552

 SCS-MP2 energies (F_SING= 1.20000  F_TRIP= 0.62222  F_PARALLEL= 0.33333):
 =========================================================================
 SCS-MP2                               -0.444265885313   -115.544398822586
 SCS-MP2-F12/3*C(DX,FIX)               -0.492832085401   -115.592965022674
 SCS-MP2-F12/3*C(FIX)                  -0.490018189518   -115.590151126791
 SCS-MP2-F12/3C(FIX)                   -0.490030982205   -115.590163919479


  Reference energy                   -115.098779304828
  F12 singles correction               -0.001353632445

 F12 singles corrections added to reference energy

  New reference energy               -115.100132937273

  F12/3C(F) singlet correction         -0.036028678786
  F12/3C(F) triplet correction         -0.004067168061
  F12/3C(F) total correction           -0.040095846847
  MP2-F12/3C(F) singlet pair energy    -0.327307472747
  MP2-F12/3C(F) triplet pair energy    -0.156313952532
  MP2-F12/3C(F) correlation energy     -0.483621425279

 !MP2-F12/3C(F) total energy         -115.583754362552


 **********************************************************************************************************************************
 DATASETS  * FILE   NREC   LENGTH (MB)   RECORD NAMES
              1      20      568.10       500      610      700      900      950      970     1000      129      960     1100   
                                          VAR    BASINP    GEOM    SYMINP    ZMAT    AOBASIS   BASIS     P2S    ABASIS      S 
                                         1400     1410     1200     1210     1080     1600     1650     1300     1700     1380   
                                           T        V       H0       H01     AOSYM     SMH    MOLCAS    ERIS     OPER     JKOP   

              2       7        4.13       700     1000      520     2100     7360     7350     7000   
                                         GEOM     BASIS   MCVARS     RHF    F12ABS    EF12   

 PROGRAMS   *        TOTAL   MP2-F12    HF-SCF       INT
 CPU TIMES  *        26.00      8.69      8.08      9.12
 REAL TIME  *       112.87 SEC
 DISK USED  *         2.14 GB
 **********************************************************************************************************************************


 PROGRAM * CCSD (Closed-shell coupled cluster)     Authors: C. Hampel, H.-J. Werner, 1991, M. Deegan, P.J. Knowles, 1992

                                  CCSD-F12 implementation by  H.-J. Werner, 2007

                   Density fitting integral evaluation by F.R. Manby, 2003,2007, G. Knizia, 2010



 Convergence thresholds:  THRVAR = 1.00D-08  THRDEN = 1.00D-06

 CCSD(T)     terms to be evaluated (factor= 1.000)


 Number of core orbitals:           2 (   2 )
 Number of closed-shell orbitals:   7 (   7 )
 Number of external orbitals:     169 ( 169 )

 Molecular orbitals read from record     2100.2  Type=RHF/CANONICAL (state 1.1)

 MP2-F12 correlation treatment (H.-J. Werner, 2006)
 ==================================================

 Using MP2-F12 with ansatz 3C(FIX)

 Using projected zeroth-order Hamiltonian (+Z)

 FOCKRIB=T FOCKRIC=T FOCKRIP=T CABSP=T CABSA=T CABSK=T CABSF=T GBC=F EBC=F DMAT=T NOFIK=T NOPAO=1 SOLVE=-1  USEPAO=0
 EXCH_A= T EXCH_B= F EXCH_C= F EXCH_P= F

 Geminal basis:    OPTFULL  GEM_TYPE=SLATER  BETA=1.0  NGEM=6

 Optimizing Gaussian exponents for each gem_beta

 Geminal optimization for beta= 1.0000
 Weight function:   m=0, omega= 1.4646

 Augmented Hessian optimization of geminal fit. Trust ratio= 0.40000
 Convergence reached after   2 iterations. Final gradient= 8.66D-16, Step= 4.23D-06, Delta= 1.28D-09

 Alpha:                 0.19532     0.81920     2.85917     9.50073    35.69989   197.79328
 Coeff:                 0.27070     0.30552     0.18297     0.10986     0.06810     0.04224


 All pairs explicitly correlated. Number of r12-pairs:           28

 Excluding core orbitals from MO domains

 AO(A)-basis ORBITAL           loaded. Number of functions:     178
 RI(R)-basis CC-PVTZ-F12/OPTRI loaded. Number of functions:     314
 DF-basis AUG-CC-PVTZ/JKFIT    loaded. Number of functions:     392

 Screening thresholds:   THRAO=  1.00D-10  THRMO=  1.00D-09  THRPROD=  1.00D-09
                         THRSW=  1.00D-05  THROV=  1.00D-12  THRAOF12= 1.00D-08

 CPU time for Fock operators                      1.57 sec

 Construction of ABS:
 Smallest eigenvalue of S          4.36E-04  (threshold= 1.00E-08)
 Ratio eigmin/eigmax               5.56E-05  (threshold= 1.00E-09)
 Smallest eigenvalue of S kept     4.36E-04  (threshold= 4.36E-04, 0 functions deleted, 314 kept)

 Construction of CABS:
 Smallest eigenvalue of S          7.26E-07  (threshold= 1.00E-08)
 Ratio eigmin/eigmax               7.26E-07  (threshold= 1.00E-09)
 Smallest eigenvalue of S kept     7.26E-07  (threshold= 7.26E-07, 0 functions deleted, 314 kept)

 CPU time for CABS singles                        0.04 sec

 CABS-singles contribution of  -0.00135363 patched into reference energy.
 New reference energy        -115.10013294

 AO(A)-basis ORBITAL           loaded. Number of functions:     178
 RI(R)-basis CC-PVTZ-F12/OPTRI loaded. Number of functions:     314
 DF-basis AUG-CC-PVTZ/MP2FIT   loaded. Number of functions:     396

 Screening thresholds:   THRAO=  1.00D-10  THRMO=  1.00D-09  THRPROD=  1.00D-09
                         THRSW=  1.00D-05  THROV=  1.00D-12  THRAOF12= 1.00D-08

 CPU time for 3-index integral evaluation         3.61 sec
 CPU time for first  half transformation          0.31 sec ( 7964.7 MFLOP/sec)
 CPU time for second half transformation          0.02 sec ( 3108.5 MFLOP/sec)
 CPU time for sorting                             0.03 sec
 CPU time for fitting                             0.02 sec (56971.3 MFLOP/sec)
 CPU time for tilde quantities                    0.04 sec (37761.3 MFLOP/sec)
 CPU time for assembly                            0.23 sec (53711.3 MFLOP/sec)
 CPU time for tranop_f12                          0.28 sec (56643.7 MFLOP/sec)
 CPU time for f12 integrals (total)               5.00 sec, Elapsed time:      5.52 sec
 CPU time for f12 matrices (total)                0.11 sec, Elapsed time:      0.15 sec

 Diagonal F12 approximation with fixed coefficients:  TSING= 0.500,  TTRIP= 0.250 (scaled by -1/beta)

 DF-MP2-F12 energy corrections:
 ==============================
 Approx.                                    Singlet             Triplet             Total
 DF-MP2-F12/3*C(DX,FIX)                -0.038287500709     -0.004212641632     -0.042500142341
 DF-MP2-F12/3*C(FIX)                   -0.036088676601     -0.003930898314     -0.040019574914
 DF-MP2-F12/3C(FIX)                    -0.036031379242     -0.004065871607     -0.040097250849

 DF-MP2-F12 correlation energies:
 ================================
 Approx.                                    Singlet             Triplet             Ecorr            Total Energy
 DF-MP2                                -0.291095479843     -0.152363697276     -0.443459177119   -115.543592114393
 DF-MP2-F12/3*C(DX,FIX)                -0.329382980552     -0.156576338908     -0.485959319460   -115.586092256733
 DF-MP2-F12/3*C(FIX)                   -0.327184156444     -0.156294595590     -0.483478752033   -115.583611689307
 DF-MP2-F12/3C(FIX)                    -0.327126859085     -0.156429568883     -0.483556427968   -115.583689365241

 SCS-DF-MP2 energies (F_SING= 1.20000  F_TRIP= 0.62222  F_PARALLEL= 0.33333):
 ============================================================================
 SCS-DF-MP2                            -0.444118654117   -115.544251591390
 SCS-DF-MP2-F12/3*C(DX,FIX)            -0.492684854205   -115.592817791478
 SCS-DF-MP2-F12/3*C(FIX)               -0.489870958322   -115.590003895595
 SCS-DF-MP2-F12/3C(FIX)                -0.489886184874   -115.590019122147
 Symmetry transformation completed.

 Number of N-1 electron functions:               7
 Number of N-2 electron functions:              28
 Number of singly external CSFs:              1183
 Number of doubly external CSFs:            700336
 Total number of CSFs:                      701520

 Length of J-op  integral file:             105.23 MB
 Length of K-op  integral file:             138.67 MB
 Length of 3-ext integral record:             0.00 MB

 Memory could be reduced to 48.01 Mwords without degradation in triples

 Integral transformation finished. Total CPU:   3.37 sec, npass=  1  Memory used:  24.86 MW

 Reference energy:                   -115.10013294

 Adding F12 terms to K(Cij), methodcc=6,  factor= 1.0

 ITER.      SQ.NORM     CORR.ENERGY   TOTAL ENERGY   ENERGY CHANGE        DEN1      VAR(S)    VAR(P)  DIIS     TIME  TIME/IT
   1      1.11762304    -0.45285838  -115.55299132    -0.00933281     0.00166848  0.15D-02  0.19D-02  1  1    13.55     8.83
   2      1.12503264    -0.45322021  -115.55335315    -0.00036183    -0.00904638  0.24D-04  0.23D-03  2  2    16.63     6.52
   3      1.12776215    -0.45339763  -115.55353057    -0.00017742    -0.00186511  0.15D-04  0.13D-04  3  3    19.70     5.47
   4      1.12870939    -0.45341551  -115.55354845    -0.00001788    -0.00060017  0.86D-06  0.12D-05  4  4    22.77     4.94
   5      1.12886494    -0.45341707  -115.55355001    -0.00000156    -0.00003791  0.23D-06  0.10D-06  5  5    25.86     4.63
   6      1.12890752    -0.45341471  -115.55354765     0.00000235    -0.00000423  0.36D-07  0.96D-08  6  6    28.93     4.42
   7      1.12891865    -0.45341384  -115.55354678     0.00000087    -0.00000298  0.39D-08  0.14D-08  6  1    31.99     4.27
   8      1.12892045    -0.45341390  -115.55354684    -0.00000006     0.00000033  0.67D-09  0.20D-09  6  3    35.07     4.15

 Norm of t1 vector:      0.05000751      S-energy:     0.00000010      T1 diagnostic:  0.00945053
                                                                       D1 diagnostic:  0.02003631

 Adding energy correction from Wij-K(Fij), methodcc=6  factor= 1.0

  CCSD correlation energy              -0.453413902017
  MP2-F12 correction (uncoupled)       -0.038545579375
  C*T doubles correction               -0.001164894004
  f12b correction                       0.007098778788


 Total CPU time for triples:     39.33 sec


 RESULTS
 =======

  Reference energy                   -115.098779304828
  F12 singles correction               -0.001353632445

 F12 singles corrections added to reference energy

  New reference energy               -115.100132937273

  F12a singlet correction              -0.035791896542
  F12a triplet correction              -0.003918576837
  F12a total correction                -0.039710473379

 F12a corrections for ansatz F12/3C(FIX) added to CCSD energy

  CCSD-F12a singlet pair energy        -0.351209423414
  CCSD-F12a triplet pair energy        -0.141915055153
  CCSD-F12a correlation energy         -0.493124375397

  Triples (T) contribution             -0.016014523528
  Total correlation energy             -0.509138898925

  CCSD-F12a total energy             -115.593257312670
  CCSD[T]-F12a energy                -115.609824933820
  CCSD-T-F12a energy                 -115.609028103697
 !CCSD(T)-F12a total energy          -115.609271836198

 F12b corrections for ansatz F12/3C(FIX) added to CCSD(T)-F12a energy

  CCSD-F12b singlet pair energy        -0.344572726225
  CCSD-F12b triplet pair energy        -0.141452973555
  CCSD-F12b correlation energy         -0.486025596609

  Triples (T) contribution             -0.016014523528
  Total correlation energy             -0.502040120137

  CCSD-F12b total energy             -115.586158533883
  CCSD[T]-F12b energy                -115.602726155032
  CCSD-T-F12b energy                 -115.601929324909
 !CCSD(T)-F12b total energy          -115.602173057410

 Timing summary (sec):

 STEP                 CPU(USER)    SYS     CPU(TOT)    WALL
 Transformation          3.42      1.08      4.50      7.75
 CCSD iterations        24.84      3.04     27.88     33.66
 Triples                39.33      1.09     40.42     40.54
 MP2-F12                 6.83      0.64      7.47      7.50
 F12b energy             2.46      0.16      2.62      2.64

 Program statistics:

 Available memory in ccsd:               499999646
 Min. memory needed in ccsd:               2228017
 Max. memory used in ccsd:                 2807120
 Max. memory used in cckext:               2027429 ( 9 integral passes)



 **********************************************************************************************************************************
 DATASETS  * FILE   NREC   LENGTH (MB)   RECORD NAMES
              1      20      704.05       500      610      700      900      950      970     1000      129      960     1100   
                                          VAR    BASINP    GEOM    SYMINP    ZMAT    AOBASIS   BASIS     P2S    ABASIS      S 
                                         1400     1410     1200     1210     1080     1600     1650     1300     1700     1380   
                                           T        V       H0       H01     AOSYM     SMH    MOLCAS    ERIS     OPER     JKOP   

              2       7        4.13       700     1000      520     2100     7360     7350     7000   
                                         GEOM     BASIS   MCVARS     RHF    F12ABS    EF12   

 PROGRAMS   *        TOTAL   CCSD(T)   MP2-F12    HF-SCF       INT
 CPU TIMES  *       102.91     76.91      8.69      8.08      9.12
 REAL TIME  *       205.09 SEC
 DISK USED  *         2.14 GB
 **********************************************************************************************************************************
 SETTING XXX            =    "MMM"
 SETTING POINT          =       121.00000000                                  

 *** ### CH3OH


 XXX       RCO          ROH          RCH1         RCH2         RCH3           ACOH           AOCH1          AOCH2          AOCH3         AHH1           AHH2           AHH3            ENERGY        POINT
 "MMM"   1.42077677   0.96013932   1.09174901   1.08440341   1.09168126   108.12930637   111.63633563   107.18893388   111.66713875   62.83364279   181.40000000   299.96635721   -115.60927184   121.0000
                                                  

 CCSD(T)-F12/cc-pVTZ-F12 energy=   -115.602173057410

     CCSD(T)-F12         MP2-F12          HF-SCF
   -115.60217306   -115.58375436   -115.09877930
 **********************************************************************************************************************************
 Molpro calculation terminated
