
 Primary working directories    : /tmpdir/job/2955633.undefined/molpro.U4UOKLH2vV
 Secondary working directories  : /tmpdir/job/2955633.undefined/molpro.U4UOKLH2vV
 Wavefunction directory         : /home/zcaposm/wfu/
 Main file repository           : /tmpdir/job/2955633.undefined/molpro.U4UOKLH2vV/

 id        : uclcc

 Nodes                         nprocs
 node-d00a-211.myriad.ucl.ac.uk    1

 Using customized tuning parameters: mindgm=1; mindgv=20; mindgc=4; mindgr=1; noblas=0; minvec=7
 default implementation of scratch files=df  


 Variables initialized (945), CPU time= 0.00 sec
 ***,Methanol Ground State Energy with CCSD(T)-F12 and cc-pVTZ-F12
 memory,500,m;
 
 geometry={angstrom
 c
 o , 1, rco
 h , 2, roh, 1, acoh
 h1, 1, rch1, 2, aoch1  3  ahh1
 h2, 1, rch2, 2, aoch2, 3, ahh2
 h3, 1, rch3, 2, aoch3, 3, ahh3
 }
 
                                                ! Specify the initial values of the internal coordinates (in Angstroms and degrees)
 
 rco= 1.42077677
 roh= 0.96013932
 rch1= 1.091717515605
 rch2= 1.08440070258
 rch3= 1.091717515605
 acoh= 108.12930637
 aoch1= 112.4022152299
 aoch2= 107.18733878260001
 aoch3= 111.6522152299
 ahh1=61.43364279
 ahh2=180.0
 ahh3=298.56635721
 
                                                                                 ! Use the cc-pVTZ-F12 basis set
 basis=cc-pVTZ-F12
 
 hf
 
                                                                                 ! Use explicitly correlated F12 methods
                                                                            ! First, MP2-F12 (useful for initial electronic energy)
 {mp2-f12}
 
                                                                        ! If desired, perform CCSD(T)-F12 for more accurate results
 {ccsd(t)-f12}
 
                                                                                 ! Output the energy
 xxx = "mmm"
 point = 66
 text ### CH3OH
 table,xxx,rco,roh,rch1,rch2,rch3,acoh,aoch1,aoch2,aoch3,ahh1,ahh2,ahh3,energy,point
 DIGITS, 0, 8, 8, 8, 8, 8, 8, 8, 8, 8,  8,  8,  8, 8, 4
 save,CH3OH_MEP_MP2_66.dat,new
 
 Commands  initialized (802), CPU time= 0.01 sec, 659 directives.
 Default parameters read. Elapsed time= 0.09 sec

 Checking input...
 Passed
1


                                         ***  PROGRAM SYSTEM MOLPRO  ***
                                       Copyright, TTI GmbH Stuttgart, 2015
                                    Version 2020.1 linked Oct  6 2020 12:04:11


 **********************************************************************************************************************************
 LABEL *   Methanol Ground State Energy with CCSD(T)-F12 and cc-pVTZ-F12                 
  64 bit serial version                                                                  DATE: 08-Oct-24          TIME: 17:30:36  
 **********************************************************************************************************************************

 SHA1:             8c27446f6450a7499e38f603e13c65f775101d37
 **********************************************************************************************************************************

 Memory per process:       500 MW
 Total memory per node:    500 MW

 GA preallocation disabled
 GA check disabled

 Variable memory set to 500.0 MW

 SETTING RCO            =         1.42077677                                  
 SETTING ROH            =         0.96013932                                  
 SETTING RCH1           =         1.09171752                                  
 SETTING RCH2           =         1.08440070                                  
 SETTING RCH3           =         1.09171752                                  
 SETTING ACOH           =       108.12930637                                  
 SETTING AOCH1          =       112.40221523                                  
 SETTING AOCH2          =       107.18733878                                  
 SETTING AOCH3          =       111.65221523                                  
 SETTING AHH1           =        61.43364279                                  
 SETTING AHH2           =       180.00000000                                  
 SETTING AHH3           =       298.56635721                                  
 SETTING BASIS          =    CC-PVTZ-F12


 Recomputing integrals since basis changed


 Using spherical harmonics

 Library entry C      S cc-pVTZ-F12          selected for orbital group  1
 Library entry C      P cc-pVTZ-F12          selected for orbital group  1
 Library entry C      D cc-pVTZ-F12          selected for orbital group  1
 Library entry C      F cc-pVTZ-F12          selected for orbital group  1
 Library entry O      S cc-pVTZ-F12          selected for orbital group  2
 Library entry O      P cc-pVTZ-F12          selected for orbital group  2
 Library entry O      D cc-pVTZ-F12          selected for orbital group  2
 Library entry O      F cc-pVTZ-F12          selected for orbital group  2
 Library entry H      S cc-pVTZ-F12          selected for orbital group  3
 Library entry H      P cc-pVTZ-F12          selected for orbital group  3
 Library entry H      D cc-pVTZ-F12          selected for orbital group  3


 PROGRAM * SEWARD (Integral evaluation for generally contracted gaussian basis sets)     Author: Roland Lindh, 1990

 Geometry written to block  1 of record 700

 Orientation using atomic masses  
 Molecule type: Asymmetric top
 Rotational constants:      23.9267534     24.7820459    129.1222497 GHz  (calculated with average atomic masses)

 Point group  C1  



 ATOMIC COORDINATES

 NR  ATOM    CHARGE       X              Y              Z

   1  C       6.00   -0.000116240    0.024882319   -1.375804833
   2  O       8.00    0.000103760   -0.121552406    1.305077849
   3  H       1.00    0.009885322    1.569389029    1.962854435
   4  H1      1.00    1.680100012    0.969006336   -2.111784836
   5  H2      1.00   -0.011218800   -1.896855961   -2.087213793
   6  H3      1.00   -1.679028395    0.991399108   -2.085214905

 Bond lengths in Bohr (Angstrom)

 1-2  2.684878979  1-4  2.063047110  1-5  2.049220337  1-6  2.063047110  2-3  1.814400356
     ( 1.420776770)     ( 1.091717516)     ( 1.084400703)     ( 1.091717516)     ( 0.960139320)

 Bond angles

  1-2-3  108.12930637   2-1-4  112.40221523   2-1-5  107.18733878   2-1-6  111.65221523

  4-1-5  108.04302894   4-1-6  109.00912497   5-1-6  108.39459424

 NUCLEAR CHARGE:                   18
 NUMBER OF PRIMITIVE AOS:         228
 NUMBER OF SYMMETRY AOS:          206
 NUMBER OF CONTRACTIONS:          178   (  178A   )
 NUMBER OF INNER CORE ORBITALS:     0   (    0A   )
 NUMBER OF OUTER CORE ORBITALS:     2   (    2A   )
 NUMBER OF VALENCE ORBITALS:       12   (   12A   )


 NUCLEAR REPULSION ENERGY   40.33723477

 Eigenvalues of metric

         1 0.879E-04 0.183E-03 0.310E-03 0.323E-03 0.460E-03 0.493E-03 0.560E-03 0.570E-03


 Contracted 2-electron integrals neglected if value below      1.0D-11
 AO integral compression algorithm  1   Integral accuracy      1.0D-11

     604.766 MB (compressed) written to integral file ( 50.7%)


 NUMBER OF SORTED TWO-ELECTRON INTEGRALS:  126906346.     BUFFER LENGTH:  32768
 NUMBER OF SEGMENTS:   8  SEGMENT LENGTH:   15999503      RECORD LENGTH: 524288

 Memory used in sort:      16.56 MW

 SORT1 READ   149034713. AND WROTE   124716974. INTEGRALS IN    360 RECORDS. CPU TIME:     4.01 SEC, REAL TIME:   112.24 SEC
 SORT2 READ   124716974. AND WROTE   126906346. INTEGRALS IN   2307 RECORDS. CPU TIME:     2.22 SEC, REAL TIME:   249.38 SEC

 FILE SIZES:   FILE 1:   636.0 MBYTE,  FILE 4:  1510.0 MBYTE,   TOTAL:   2146.0 MBYTE

 OPERATOR DM      FOR CENTER  0  COORDINATES:    0.000000    0.000000    0.000000


 **********************************************************************************************************************************
 DATASETS  * FILE   NREC   LENGTH (MB)   RECORD NAMES
              1      19      558.44       500      610      700      900      950      970     1000      129      960     1100   
                                          VAR    BASINP    GEOM    SYMINP    ZMAT    AOBASIS   BASIS     P2S    ABASIS      S 
                                         1400     1410     1200     1210     1080     1600     1650     1300     1700   
                                           T        V       H0       H01     AOSYM     SMH    MOLCAS    ERIS     OPER   

 PROGRAMS   *        TOTAL       INT
 CPU TIMES  *        10.88     10.77
 REAL TIME  *       408.68 SEC
 DISK USED  *         2.15 GB
 **********************************************************************************************************************************


 PROGRAM * RHF-SCF (CLOSED SHELL)       Authors: W. Meyer, H.-J. Werner


 NUMBER OF ELECTRONS:       9+    9-    SPACE SYMMETRY=1    SPIN SYMMETRY: Singlet 
 CONVERGENCE THRESHOLDS:    1.00E-05 (Density)    1.00E-07 (Energy)
 MAX. NUMBER OF ITERATIONS:       60
 INTERPOLATION TYPE:            DIIS
 INTERPOLATION STEPS:              2 (START)      1 (STEP)
 LEVEL SHIFTS:                  0.00 (CLOSED)  0.00 (OPEN) 



 Orbital guess generated from atomic densities. Full valence occupancy:   14

 Molecular orbital dump at record        2100.2

 Initial occupancy:   9

 ITERATION    DDIFF          GRAD             ENERGY        2-EL.EN.            DIPOLE MOMENTS         DIIS   ORB.
    1      0.000D+00      0.000D+00      -115.06241358    164.458642    0.00618    0.90477   -0.47831    0    start
    2      0.000D+00      0.506D-02      -115.09072643    161.884881    0.00274    0.49686   -0.30373    1    diag
    3      0.480D-02      0.276D-02      -115.09817727    163.144929    0.00369    0.60027   -0.39679    2    diag
    4      0.163D-02      0.547D-03      -115.09870993    162.968020    0.00366    0.59511   -0.39209    3    diag
    5      0.437D-03      0.110D-03      -115.09874437    162.979489    0.00364    0.59114   -0.39686    4    diag
    6      0.122D-03      0.205D-04      -115.09874593    162.977282    0.00364    0.59128   -0.39762    5    diag
    7      0.349D-04      0.433D-05      -115.09874600    162.976888    0.00364    0.59110   -0.39789    6    diag
    8      0.874D-05      0.114D-05      -115.09874601    162.977238    0.00364    0.59109   -0.39790    0    orth

 Final occupancy:   9

 !RHF STATE  1.1 Energy              -115.098746007763
 Nuclear energy                        40.33723477
 One-electron energy                 -236.92459976
 Two-electron energy                   81.48861898
 Virial quotient                       -1.00102797
 !RHF STATE  1.1 Dipole moment          0.00364060     0.59109326    -0.39790494
 Dipole moment /Debye                   0.00925287     1.50231081    -1.01130723

 Orbital energies:

         1.1          2.1          3.1          4.1          5.1          6.1          7.1          8.1          9.1         10.1
    -20.556791   -11.269750    -1.357089    -0.926600    -0.691258    -0.620927    -0.594375    -0.504612    -0.452279     0.054599

        11.1
      0.064971


 HOMO      9.1    -0.452279 =     -12.3071eV
 LUMO     10.1     0.054599 =       1.4857eV
 LUMO-HOMO         0.506878 =      13.7928eV


 **********************************************************************************************************************************
 DATASETS  * FILE   NREC   LENGTH (MB)   RECORD NAMES
              1      19      558.44       500      610      700      900      950      970     1000      129      960     1100   
                                          VAR    BASINP    GEOM    SYMINP    ZMAT    AOBASIS   BASIS     P2S    ABASIS      S 
                                         1400     1410     1200     1210     1080     1600     1650     1300     1700   
                                           T        V       H0       H01     AOSYM     SMH    MOLCAS    ERIS     OPER   

              2       4        3.48       700     1000      520     2100   
                                         GEOM     BASIS   MCVARS     RHF  

 PROGRAMS   *        TOTAL    HF-SCF       INT
 CPU TIMES  *        18.97      8.09     10.77
 REAL TIME  *       457.04 SEC
 DISK USED  *         2.15 GB
 **********************************************************************************************************************************


 PROGRAM * MP2 (Closed-shell)     Authors: C. Hampel, H.-J. Werner, 1991, M. Deegan, P.J. Knowles, 1992

                                   MP2-F12 implementation by H.-J. Werner, 2007

                   Density fitting integral evaluation by F.R. Manby, 2003,2007, G. Knizia, 2010


 Basis set AUG-CC-PVTZ/JKFIT generated.  Number of basis functions:   392 
 Basis set CC-PVTZ-F12/OPTRI generated.  Number of basis functions:   314 
 Basis set AUG-CC-PVTZ/MP2FIT generated. Number of basis functions:   396 

 Convergence thresholds:  THRVAR = 1.00D-08  THRDEN = 1.00D-06

 Number of core orbitals:           2 (   2 )
 Number of closed-shell orbitals:   7 (   7 )
 Number of external orbitals:     169 ( 169 )

 Molecular orbitals read from record     2100.2  Type=RHF/CANONICAL (state 1.1)

 MP2-F12 correlation treatment (H.-J. Werner, 2006)
 ==================================================

 Using MP2-F12 with ansatz 3C(FIX)

 Using projected zeroth-order Hamiltonian (+Z)

 FOCKRIB=T FOCKRIC=T FOCKRIP=T CABSP=T CABSA=T CABSK=T CABSF=T GBC=F EBC=F DMAT=T NOFIK=T NOPAO=1 SOLVE=-1  USEPAO=0
 EXCH_A= T EXCH_B= F EXCH_C= F EXCH_P= F

 Geminal basis:    OPTFULL  GEM_TYPE=SLATER  BETA=1.0  NGEM=6

 Optimizing Gaussian exponents for each gem_beta

 Geminal optimization for beta= 1.0000
 Weight function:   m=0, omega= 1.4646

 Augmented Hessian optimization of geminal fit. Trust ratio= 0.40000
 Convergence reached after   2 iterations. Final gradient= 8.66D-16, Step= 4.23D-06, Delta= 1.28D-09

 Alpha:                 0.19532     0.81920     2.85917     9.50073    35.69989   197.79328
 Coeff:                 0.27070     0.30552     0.18297     0.10986     0.06810     0.04224


 All pairs explicitly correlated. Number of r12-pairs:           28

 Excluding core orbitals from MO domains

 AO(A)-basis ORBITAL           loaded. Number of functions:     178
 RI(R)-basis CC-PVTZ-F12/OPTRI loaded. Number of functions:     314
 DF-basis AUG-CC-PVTZ/JKFIT    loaded. Number of functions:     392

 Screening thresholds:   THRAO=  1.00D-10  THRMO=  1.00D-09  THRPROD=  1.00D-09
                         THRSW=  1.00D-05  THROV=  1.00D-12  THRAOF12= 1.00D-08

 CPU time for Fock operators                      1.61 sec

 Construction of ABS:
 Smallest eigenvalue of S          4.36E-04  (threshold= 1.00E-08)
 Ratio eigmin/eigmax               5.57E-05  (threshold= 1.00E-09)
 Smallest eigenvalue of S kept     4.36E-04  (threshold= 4.36E-04, 0 functions deleted, 314 kept)

 Construction of CABS:
 Smallest eigenvalue of S          7.27E-07  (threshold= 1.00E-08)
 Ratio eigmin/eigmax               7.27E-07  (threshold= 1.00E-09)
 Smallest eigenvalue of S kept     7.27E-07  (threshold= 7.27E-07, 0 functions deleted, 314 kept)

 CPU time for CABS singles                        0.05 sec

 CABS-singles contribution of  -0.00135391 patched into reference energy.
 New reference energy        -115.10009992

 AO(A)-basis ORBITAL           loaded. Number of functions:     178
 RI(R)-basis CC-PVTZ-F12/OPTRI loaded. Number of functions:     314
 DF-basis AUG-CC-PVTZ/MP2FIT   loaded. Number of functions:     396

 Screening thresholds:   THRAO=  1.00D-10  THRMO=  1.00D-09  THRPROD=  1.00D-09
                         THRSW=  1.00D-05  THROV=  1.00D-12  THRAOF12= 1.00D-08

 CPU time for 3-index integral evaluation         3.62 sec
 CPU time for first  half transformation          0.27 sec ( 9144.6 MFLOP/sec)
 CPU time for second half transformation          0.03 sec ( 2072.3 MFLOP/sec)
 CPU time for sorting                             0.01 sec
 CPU time for fitting                             0.03 sec (37980.8 MFLOP/sec)
 CPU time for tilde quantities                    0.03 sec (50348.4 MFLOP/sec)
 CPU time for assembly                            0.27 sec (45754.1 MFLOP/sec)
 CPU time for tranop_f12                          0.38 sec (41737.4 MFLOP/sec)
 CPU time for f12 integrals (total)               5.14 sec, Elapsed time:     21.51 sec
 CPU time for f12 matrices (total)                0.10 sec, Elapsed time:      0.33 sec

 Diagonal F12 approximation with fixed coefficients:  TSING= 0.500,  TTRIP= 0.250 (scaled by -1/beta)

 DF-MP2-F12 energy corrections:
 ==============================
 Approx.                                    Singlet             Triplet             Total
 DF-MP2-F12/3*C(DX,FIX)                -0.038284397025     -0.004211801223     -0.042496198248
 DF-MP2-F12/3*C(FIX)                   -0.036086326520     -0.003930101689     -0.040016428208
 DF-MP2-F12/3C(FIX)                    -0.036028808305     -0.004065004261     -0.040093812566

 DF-MP2-F12 correlation energies:
 ================================
 Approx.                                    Singlet             Triplet             Ecorr            Total Energy
 DF-MP2                                -0.291106036913     -0.152383116513     -0.443489153426   -115.543589072434
 DF-MP2-F12/3*C(DX,FIX)                -0.329390433938     -0.156594917736     -0.485985351674   -115.586085270682
 DF-MP2-F12/3*C(FIX)                   -0.327192363433     -0.156313218201     -0.483505581634   -115.583605500642
 DF-MP2-F12/3C(FIX)                    -0.327134845218     -0.156448120773     -0.483582965991   -115.583682884999

 SCS-DF-MP2 energies (F_SING= 1.20000  F_TRIP= 0.62222  F_PARALLEL= 0.33333):
 ============================================================================
 SCS-DF-MP2                            -0.444143405681   -115.544243324689
 SCS-DF-MP2-F12/3*C(DX,FIX)            -0.492705358428   -115.592805277436
 SCS-DF-MP2-F12/3*C(FIX)               -0.489892394111   -115.589992313119
 SCS-DF-MP2-F12/3C(FIX)                -0.489907311632   -115.590007230640
 Symmetry transformation completed.

 Number of N-1 electron functions:               7
 Number of N-2 electron functions:              28
 Number of singly external CSFs:              1183
 Number of doubly external CSFs:            700336
 Total number of CSFs:                      701520

 Length of J-op  integral file:             104.98 MB
 Length of K-op  integral file:             138.67 MB

 Integral transformation finished. Total CPU:   1.35 sec, npass=  1  Memory used:   2.18 MW

 ITER.      SQ.NORM     CORR.ENERGY   TOTAL ENERGY   ENERGY CHANGE     VAR   MIC
   1      1.00000000    -0.44355551  -115.54365543    -0.44355551  0.00D+00   0
   2      1.11476159    -0.44355551  -115.54365543    -0.00000000  0.24D-15   0

 Solving MP2-F12 equations

   1      1.11472518    -0.48289159  -115.58299151    -0.03933608 -0.37D-04   0
   2      1.11472518    -0.48364792  -115.58374784    -0.00075633  0.29D-17   0
   3      1.11472518    -0.48364792  -115.58374784     0.00000000  0.95D-19   0

 CPU TIME FOR ITERATIVE MP2:    0.13 SEC


 MP2-F12 energy corrections:
 ===========================
 Approx.                                    Singlet             Triplet             Total
 MP2-F12/3*C(DX,FIX)                   -0.038284397025     -0.004211801223     -0.042496198248
 MP2-F12/3*C(FIX)                      -0.036086326520     -0.003930101689     -0.040016428208
 MP2-F12/3C(FIX)                       -0.036026112665     -0.004066302205     -0.040092414871

 MP2-F12 correlation energies:
 =============================
 Approx.                                    Singlet             Triplet             Ecorr            Total Energy
 MP2                                   -0.291289325269     -0.152266182778     -0.443555508046   -115.543655427054
 MP2-F12/3*C(DX,FIX)                   -0.329573722294     -0.156477984001     -0.486051706295   -115.586151625303
 MP2-F12/3*C(FIX)                      -0.327375651788     -0.156196284466     -0.483571936254   -115.583671855262
 MP2-F12/3C(FIX)                       -0.327315437934     -0.156332484983     -0.483647922917   -115.583747841925

 SCS-MP2 energies (F_SING= 1.20000  F_TRIP= 0.62222  F_PARALLEL= 0.33333):
 =========================================================================
 SCS-MP2                               -0.444290592940   -115.544390511948
 SCS-MP2-F12/3*C(DX,FIX)               -0.492852545687   -115.592952464694
 SCS-MP2-F12/3*C(FIX)                  -0.490039581369   -115.590139500377
 SCS-MP2-F12/3C(FIX)                   -0.490052071732   -115.590151990740


  Reference energy                   -115.098746007763
  F12 singles correction               -0.001353911245

 F12 singles corrections added to reference energy

  New reference energy               -115.100099919008

  F12/3C(F) singlet correction         -0.036026112665
  F12/3C(F) triplet correction         -0.004066302205
  F12/3C(F) total correction           -0.040092414871
  MP2-F12/3C(F) singlet pair energy    -0.327315437934
  MP2-F12/3C(F) triplet pair energy    -0.156332484983
  MP2-F12/3C(F) correlation energy     -0.483647922917

 !MP2-F12/3C(F) total energy         -115.583747841925


 **********************************************************************************************************************************
 DATASETS  * FILE   NREC   LENGTH (MB)   RECORD NAMES
              1      20      569.62       500      610      700      900      950      970     1000      129      960     1100   
                                          VAR    BASINP    GEOM    SYMINP    ZMAT    AOBASIS   BASIS     P2S    ABASIS      S 
                                         1400     1410     1200     1210     1080     1600     1650     1300     1700     1380   
                                           T        V       H0       H01     AOSYM     SMH    MOLCAS    ERIS     OPER     JKOP   

              2       7        4.13       700     1000      520     2100     7360     7350     7000   
                                         GEOM     BASIS   MCVARS     RHF    F12ABS    EF12   

 PROGRAMS   *        TOTAL   MP2-F12    HF-SCF       INT
 CPU TIMES  *        27.61      8.64      8.09     10.77
 REAL TIME  *       484.71 SEC
 DISK USED  *         2.15 GB
 **********************************************************************************************************************************


 PROGRAM * CCSD (Closed-shell coupled cluster)     Authors: C. Hampel, H.-J. Werner, 1991, M. Deegan, P.J. Knowles, 1992

                                  CCSD-F12 implementation by  H.-J. Werner, 2007

                   Density fitting integral evaluation by F.R. Manby, 2003,2007, G. Knizia, 2010



 Convergence thresholds:  THRVAR = 1.00D-08  THRDEN = 1.00D-06

 CCSD(T)     terms to be evaluated (factor= 1.000)


 Number of core orbitals:           2 (   2 )
 Number of closed-shell orbitals:   7 (   7 )
 Number of external orbitals:     169 ( 169 )

 Molecular orbitals read from record     2100.2  Type=RHF/CANONICAL (state 1.1)

 MP2-F12 correlation treatment (H.-J. Werner, 2006)
 ==================================================

 Using MP2-F12 with ansatz 3C(FIX)

 Using projected zeroth-order Hamiltonian (+Z)

 FOCKRIB=T FOCKRIC=T FOCKRIP=T CABSP=T CABSA=T CABSK=T CABSF=T GBC=F EBC=F DMAT=T NOFIK=T NOPAO=1 SOLVE=-1  USEPAO=0
 EXCH_A= T EXCH_B= F EXCH_C= F EXCH_P= F

 Geminal basis:    OPTFULL  GEM_TYPE=SLATER  BETA=1.0  NGEM=6

 Optimizing Gaussian exponents for each gem_beta

 Geminal optimization for beta= 1.0000
 Weight function:   m=0, omega= 1.4646

 Augmented Hessian optimization of geminal fit. Trust ratio= 0.40000
 Convergence reached after   2 iterations. Final gradient= 8.66D-16, Step= 4.23D-06, Delta= 1.28D-09

 Alpha:                 0.19532     0.81920     2.85917     9.50073    35.69989   197.79328
 Coeff:                 0.27070     0.30552     0.18297     0.10986     0.06810     0.04224


 All pairs explicitly correlated. Number of r12-pairs:           28

 Excluding core orbitals from MO domains

 AO(A)-basis ORBITAL           loaded. Number of functions:     178
 RI(R)-basis CC-PVTZ-F12/OPTRI loaded. Number of functions:     314
 DF-basis AUG-CC-PVTZ/JKFIT    loaded. Number of functions:     392

 Screening thresholds:   THRAO=  1.00D-10  THRMO=  1.00D-09  THRPROD=  1.00D-09
                         THRSW=  1.00D-05  THROV=  1.00D-12  THRAOF12= 1.00D-08

 CPU time for Fock operators                      1.50 sec

 Construction of ABS:
 Smallest eigenvalue of S          4.36E-04  (threshold= 1.00E-08)
 Ratio eigmin/eigmax               5.57E-05  (threshold= 1.00E-09)
 Smallest eigenvalue of S kept     4.36E-04  (threshold= 4.36E-04, 0 functions deleted, 314 kept)

 Construction of CABS:
 Smallest eigenvalue of S          7.27E-07  (threshold= 1.00E-08)
 Ratio eigmin/eigmax               7.27E-07  (threshold= 1.00E-09)
 Smallest eigenvalue of S kept     7.27E-07  (threshold= 7.27E-07, 0 functions deleted, 314 kept)

 CPU time for CABS singles                        0.03 sec

 CABS-singles contribution of  -0.00135391 patched into reference energy.
 New reference energy        -115.10009992

 AO(A)-basis ORBITAL           loaded. Number of functions:     178
 RI(R)-basis CC-PVTZ-F12/OPTRI loaded. Number of functions:     314
 DF-basis AUG-CC-PVTZ/MP2FIT   loaded. Number of functions:     396

 Screening thresholds:   THRAO=  1.00D-10  THRMO=  1.00D-09  THRPROD=  1.00D-09
                         THRSW=  1.00D-05  THROV=  1.00D-12  THRAOF12= 1.00D-08

 CPU time for 3-index integral evaluation         3.41 sec
 CPU time for first  half transformation          0.27 sec ( 9144.6 MFLOP/sec)
 CPU time for second half transformation          0.05 sec ( 1243.4 MFLOP/sec)
 CPU time for sorting                             0.02 sec
 CPU time for fitting                             0.02 sec (56971.3 MFLOP/sec)
 CPU time for tilde quantities                    0.03 sec (50348.4 MFLOP/sec)
 CPU time for assembly                            0.22 sec (56152.7 MFLOP/sec)
 CPU time for tranop_f12                          0.27 sec (58741.6 MFLOP/sec)
 CPU time for f12 integrals (total)               4.72 sec, Elapsed time:      5.90 sec
 CPU time for f12 matrices (total)                0.11 sec, Elapsed time:      0.23 sec

 Diagonal F12 approximation with fixed coefficients:  TSING= 0.500,  TTRIP= 0.250 (scaled by -1/beta)

 DF-MP2-F12 energy corrections:
 ==============================
 Approx.                                    Singlet             Triplet             Total
 DF-MP2-F12/3*C(DX,FIX)                -0.038284397025     -0.004211801223     -0.042496198248
 DF-MP2-F12/3*C(FIX)                   -0.036086326520     -0.003930101689     -0.040016428208
 DF-MP2-F12/3C(FIX)                    -0.036028808305     -0.004065004261     -0.040093812566

 DF-MP2-F12 correlation energies:
 ================================
 Approx.                                    Singlet             Triplet             Ecorr            Total Energy
 DF-MP2                                -0.291106036913     -0.152383116513     -0.443489153426   -115.543589072434
 DF-MP2-F12/3*C(DX,FIX)                -0.329390433938     -0.156594917736     -0.485985351674   -115.586085270682
 DF-MP2-F12/3*C(FIX)                   -0.327192363433     -0.156313218201     -0.483505581634   -115.583605500642
 DF-MP2-F12/3C(FIX)                    -0.327134845218     -0.156448120773     -0.483582965991   -115.583682884999

 SCS-DF-MP2 energies (F_SING= 1.20000  F_TRIP= 0.62222  F_PARALLEL= 0.33333):
 ============================================================================
 SCS-DF-MP2                            -0.444143405681   -115.544243324689
 SCS-DF-MP2-F12/3*C(DX,FIX)            -0.492705358428   -115.592805277436
 SCS-DF-MP2-F12/3*C(FIX)               -0.489892394111   -115.589992313119
 SCS-DF-MP2-F12/3C(FIX)                -0.489907311632   -115.590007230640
 Symmetry transformation completed.

 Number of N-1 electron functions:               7
 Number of N-2 electron functions:              28
 Number of singly external CSFs:              1183
 Number of doubly external CSFs:            700336
 Total number of CSFs:                      701520

 Length of J-op  integral file:             105.23 MB
 Length of K-op  integral file:             138.67 MB
 Length of 3-ext integral record:             0.00 MB

 Memory could be reduced to 48.01 Mwords without degradation in triples

 Integral transformation finished. Total CPU:   2.98 sec, npass=  1  Memory used:  24.86 MW

 Reference energy:                   -115.10009992

 Adding F12 terms to K(Cij), methodcc=6,  factor= 1.0

 ITER.      SQ.NORM     CORR.ENERGY   TOTAL ENERGY   ENERGY CHANGE        DEN1      VAR(S)    VAR(P)  DIIS     TIME  TIME/IT
   1      1.11764557    -0.45288269  -115.55298261    -0.00932718     0.00167502  0.15D-02  0.19D-02  1  1    14.16    31.52
   2      1.12505530    -0.45324411  -115.55334403    -0.00036143    -0.00904665  0.24D-04  0.23D-03  2  2    17.07    19.91
   3      1.12778523    -0.45342153  -115.55352145    -0.00017742    -0.00186521  0.15D-04  0.13D-04  3  3    20.33    17.56
   4      1.12873262    -0.45343939  -115.55353931    -0.00001786    -0.00060031  0.86D-06  0.12D-05  4  4    23.35    16.95
   5      1.12888805    -0.45344095  -115.55354087    -0.00000156    -0.00003792  0.23D-06  0.10D-06  5  5    27.02    16.97
   6      1.12893056    -0.45343860  -115.55353852     0.00000235    -0.00000422  0.35D-07  0.96D-08  6  6    29.82    14.65
   7      1.12894163    -0.45343773  -115.55353765     0.00000087    -0.00000298  0.39D-08  0.14D-08  6  1    32.65    13.02
   8      1.12894342    -0.45343779  -115.55353771    -0.00000006     0.00000033  0.67D-09  0.20D-09  6  3    35.61    11.79

 Norm of t1 vector:      0.05000762      S-energy:     0.00000011      T1 diagnostic:  0.00945055
                                                                       D1 diagnostic:  0.02005894

 Adding energy correction from Wij-K(Fij), methodcc=6  factor= 1.0

  CCSD correlation energy              -0.453437792681
  MP2-F12 correction (uncoupled)       -0.038543061109
  C*T doubles correction               -0.001164274611
  f12b correction                       0.007098462448


 Total CPU time for triples:     36.56 sec


 RESULTS
 =======

  Reference energy                   -115.098746007763
  F12 singles correction               -0.001353911245

 F12 singles corrections added to reference energy

  New reference energy               -115.100099919008

  F12a singlet correction              -0.035789551973
  F12a triplet correction              -0.003917783747
  F12a total correction                -0.039707335720

 F12a corrections for ansatz F12/3C(FIX) added to CCSD energy

  CCSD-F12a singlet pair energy        -0.351216174539
  CCSD-F12a triplet pair energy        -0.141929061901
  CCSD-F12a correlation energy         -0.493145128401

  Triples (T) contribution             -0.016018879745
  Total correlation energy             -0.509164008146

  CCSD-F12a total energy             -115.593245047409
  CCSD[T]-F12a energy                -115.609817079812
  CCSD-T-F12a energy                 -115.609020190191
 !CCSD(T)-F12a total energy          -115.609263927154

 F12b corrections for ansatz F12/3C(FIX) added to CCSD(T)-F12a energy

  CCSD-F12b singlet pair energy        -0.344579746671
  CCSD-F12b triplet pair energy        -0.141467027322
  CCSD-F12b correlation energy         -0.486046665953

  Triples (T) contribution             -0.016018879745
  Total correlation energy             -0.502065545698

  CCSD-F12b total energy             -115.586146584961
  CCSD[T]-F12b energy                -115.602718617364
  CCSD-T-F12b energy                 -115.601921727743
 !CCSD(T)-F12b total energy          -115.602165464706

 Timing summary (sec):

 STEP                 CPU(USER)    SYS     CPU(TOT)    WALL
 Transformation          3.02      1.12      4.14     14.50
 CCSD iterations        26.14     11.10     37.24     94.60
 Triples                36.56      0.97     37.53     38.13
 MP2-F12                 6.47      0.59      7.06      8.04
 F12b energy             2.37      0.12      2.49      2.58

 Program statistics:

 Available memory in ccsd:               499999646
 Min. memory needed in ccsd:               2228017
 Max. memory used in ccsd:                 2807120
 Max. memory used in cckext:               2027429 ( 9 integral passes)



 **********************************************************************************************************************************
 DATASETS  * FILE   NREC   LENGTH (MB)   RECORD NAMES
              1      20      705.57       500      610      700      900      950      970     1000      129      960     1100   
                                          VAR    BASINP    GEOM    SYMINP    ZMAT    AOBASIS   BASIS     P2S    ABASIS      S 
                                         1400     1410     1200     1210     1080     1600     1650     1300     1700     1380   
                                           T        V       H0       H01     AOSYM     SMH    MOLCAS    ERIS     OPER     JKOP   

              2       7        4.13       700     1000      520     2100     7360     7350     7000   
                                         GEOM     BASIS   MCVARS     RHF    F12ABS    EF12   

 PROGRAMS   *        TOTAL   CCSD(T)   MP2-F12    HF-SCF       INT
 CPU TIMES  *       102.22     74.61      8.64      8.09     10.77
 REAL TIME  *       642.77 SEC
 DISK USED  *         2.15 GB
 **********************************************************************************************************************************
 SETTING XXX            =    "MMM"
 SETTING POINT          =        66.00000000                                  

 *** ### CH3OH


 XXX       RCO          ROH          RCH1         RCH2         RCH3           ACOH           AOCH1          AOCH2          AOCH3         AHH1           AHH2           AHH3            ENERGY       POINT
 "MMM"   1.42077677   0.96013932   1.09171752   1.08440070   1.09171752   108.12930637   112.40221523   107.18733878   111.65221523   61.43364279   180.00000000   298.56635721   -115.60926393   66.0000
                                                  

 CCSD(T)-F12/cc-pVTZ-F12 energy=   -115.602165464706

     CCSD(T)-F12         MP2-F12          HF-SCF
   -115.60216546   -115.58374784   -115.09874601
 **********************************************************************************************************************************
 Molpro calculation terminated
