
 Primary working directories    : /tmpdir/job/2955675.undefined/molpro.oL78kiWReu
 Secondary working directories  : /tmpdir/job/2955675.undefined/molpro.oL78kiWReu
 Wavefunction directory         : /home/zcaposm/wfu/
 Main file repository           : /tmpdir/job/2955675.undefined/molpro.oL78kiWReu/

 id        : uclcc

 Nodes                         nprocs
 node-d00a-101.myriad.ucl.ac.uk    1

 Using customized tuning parameters: mindgm=1; mindgv=20; mindgc=4; mindgr=1; noblas=0; minvec=7
 default implementation of scratch files=df  


 Variables initialized (945), CPU time= 0.01 sec
 ***,Methanol Ground State Energy with CCSD(T)-F12 and cc-pVTZ-F12
 memory,500,m;
 
 geometry={angstrom
 c
 o , 1, rco
 h , 2, roh, 1, acoh
 h1, 1, rch1, 2, aoch1  3  ahh1
 h2, 1, rch2, 2, aoch2, 3, ahh2
 h3, 1, rch3, 2, aoch3, 3, ahh3
 }
 
                                                ! Specify the initial values of the internal coordinates (in Angstroms and degrees)
 
 rco= 1.42077677
 roh= 0.96013932
 rch1= 1.091717515605
 rch2= 1.08440070258
 rch3= 1.091717515605
 acoh= 108.12930637
 aoch1= 111.6522152299
 aoch2= 107.18733878260001
 aoch3= 111.6522152299
 ahh1=61.90504731079104
 ahh2=179.7642977396045
 ahh3=298.3306549496045
 
                                                                                 ! Use the cc-pVTZ-F12 basis set
 basis=cc-pVTZ-F12
 
 hf
 
                                                                                 ! Use explicitly correlated F12 methods
                                                                            ! First, MP2-F12 (useful for initial electronic energy)
 {mp2-f12}
 
                                                                        ! If desired, perform CCSD(T)-F12 for more accurate results
 {ccsd(t)-f12}
 
                                                                                 ! Output the energy
 xxx = "mmm"
 point = 104
 text ### CH3OH
 table,xxx,rco,roh,rch1,rch2,rch3,acoh,aoch1,aoch2,aoch3,ahh1,ahh2,ahh3,energy,point
 DIGITS, 0, 8, 8, 8, 8, 8, 8, 8, 8, 8,  8,  8,  8, 8, 4
 save,CH3OH_MEP_MP2_104.dat,new
 
 Commands  initialized (802), CPU time= 0.01 sec, 659 directives.
 Default parameters read. Elapsed time= 1.17 sec

 Checking input...
 Passed
1


                                         ***  PROGRAM SYSTEM MOLPRO  ***
                                       Copyright, TTI GmbH Stuttgart, 2015
                                    Version 2020.1 linked Oct  6 2020 12:04:11


 **********************************************************************************************************************************
 LABEL *   Methanol Ground State Energy with CCSD(T)-F12 and cc-pVTZ-F12                 
  64 bit serial version                                                                  DATE: 08-Oct-24          TIME: 17:30:54  
 **********************************************************************************************************************************

 SHA1:             8c27446f6450a7499e38f603e13c65f775101d37
 **********************************************************************************************************************************

 Memory per process:       500 MW
 Total memory per node:    500 MW

 GA preallocation disabled
 GA check disabled

 Variable memory set to 500.0 MW

 SETTING RCO            =         1.42077677                                  
 SETTING ROH            =         0.96013932                                  
 SETTING RCH1           =         1.09171752                                  
 SETTING RCH2           =         1.08440070                                  
 SETTING RCH3           =         1.09171752                                  
 SETTING ACOH           =       108.12930637                                  
 SETTING AOCH1          =       111.65221523                                  
 SETTING AOCH2          =       107.18733878                                  
 SETTING AOCH3          =       111.65221523                                  
 SETTING AHH1           =        61.90504731                                  
 SETTING AHH2           =       179.76429774                                  
 SETTING AHH3           =       298.33065495                                  
 SETTING BASIS          =    CC-PVTZ-F12


 Recomputing integrals since basis changed


 Using spherical harmonics

 Library entry C      S cc-pVTZ-F12          selected for orbital group  1
 Library entry C      P cc-pVTZ-F12          selected for orbital group  1
 Library entry C      D cc-pVTZ-F12          selected for orbital group  1
 Library entry C      F cc-pVTZ-F12          selected for orbital group  1
 Library entry O      S cc-pVTZ-F12          selected for orbital group  2
 Library entry O      P cc-pVTZ-F12          selected for orbital group  2
 Library entry O      D cc-pVTZ-F12          selected for orbital group  2
 Library entry O      F cc-pVTZ-F12          selected for orbital group  2
 Library entry H      S cc-pVTZ-F12          selected for orbital group  3
 Library entry H      P cc-pVTZ-F12          selected for orbital group  3
 Library entry H      D cc-pVTZ-F12          selected for orbital group  3


 PROGRAM * SEWARD (Integral evaluation for generally contracted gaussian basis sets)     Author: Roland Lindh, 1990

 Geometry written to block  1 of record 700

 Orientation using atomic masses  
 Molecule type: Asymmetric top
 Rotational constants:      23.9700027     24.7935395    128.8067584 GHz  (calculated with average atomic masses)

 Point group  C1  



 ATOMIC COORDINATES

 NR  ATOM    CHARGE       X              Y              Z

   1  C       6.00   -0.000690056    0.026843048   -1.376536718
   2  O       8.00   -0.000980044   -0.122337490    1.304194566
   3  H       1.00    0.015201044    1.567880251    1.963702575
   4  H1      1.00    1.699362839    0.954791057   -2.087097075
   5  H2      1.00   -0.011011667   -1.894169092   -2.089915868
   6  H3      1.00   -1.679772641    0.993533411   -2.085306632

 Bond lengths in Bohr (Angstrom)

 1-2  2.684878979  1-4  2.063047110  1-5  2.049220337  1-6  2.063047110  2-3  1.814400356
     ( 1.420776770)     ( 1.091717516)     ( 1.084400703)     ( 1.091717516)     ( 0.960139320)

 Bond angles

  1-2-3  108.12930637   2-1-4  111.65221523   2-1-5  107.18733878   2-1-6  111.65221523

  4-1-5  107.81250670   4-1-6  109.97383470   5-1-6  108.39459424

 NUCLEAR CHARGE:                   18
 NUMBER OF PRIMITIVE AOS:         228
 NUMBER OF SYMMETRY AOS:          206
 NUMBER OF CONTRACTIONS:          178   (  178A   )
 NUMBER OF INNER CORE ORBITALS:     0   (    0A   )
 NUMBER OF OUTER CORE ORBITALS:     2   (    2A   )
 NUMBER OF VALENCE ORBITALS:       12   (   12A   )


 NUCLEAR REPULSION ENERGY   40.34523428

 Eigenvalues of metric

         1 0.880E-04 0.183E-03 0.310E-03 0.322E-03 0.460E-03 0.493E-03 0.560E-03 0.570E-03


 Contracted 2-electron integrals neglected if value below      1.0D-11
 AO integral compression algorithm  1   Integral accuracy      1.0D-11

     606.077 MB (compressed) written to integral file ( 50.8%)


 NUMBER OF SORTED TWO-ELECTRON INTEGRALS:  126906346.     BUFFER LENGTH:  32768
 NUMBER OF SEGMENTS:   8  SEGMENT LENGTH:   15999503      RECORD LENGTH: 524288

 Memory used in sort:      16.56 MW

 SORT1 READ   149034713. AND WROTE   124738122. INTEGRALS IN    360 RECORDS. CPU TIME:     2.45 SEC, REAL TIME:    32.07 SEC
 SORT2 READ   124738122. AND WROTE   126906346. INTEGRALS IN   2312 RECORDS. CPU TIME:     2.13 SEC, REAL TIME:    35.77 SEC

 FILE SIZES:   FILE 1:   637.3 MBYTE,  FILE 4:  1510.0 MBYTE,   TOTAL:   2147.3 MBYTE

 OPERATOR DM      FOR CENTER  0  COORDINATES:    0.000000    0.000000    0.000000


 **********************************************************************************************************************************
 DATASETS  * FILE   NREC   LENGTH (MB)   RECORD NAMES
              1      19      559.66       500      610      700      900      950      970     1000      129      960     1100   
                                          VAR    BASINP    GEOM    SYMINP    ZMAT    AOBASIS   BASIS     P2S    ABASIS      S 
                                         1400     1410     1200     1210     1080     1600     1650     1300     1700   
                                           T        V       H0       H01     AOSYM     SMH    MOLCAS    ERIS     OPER   

 PROGRAMS   *        TOTAL       INT
 CPU TIMES  *        11.93     11.65
 REAL TIME  *       153.62 SEC
 DISK USED  *         2.15 GB
 **********************************************************************************************************************************


 PROGRAM * RHF-SCF (CLOSED SHELL)       Authors: W. Meyer, H.-J. Werner


 NUMBER OF ELECTRONS:       9+    9-    SPACE SYMMETRY=1    SPIN SYMMETRY: Singlet 
 CONVERGENCE THRESHOLDS:    1.00E-05 (Density)    1.00E-07 (Energy)
 MAX. NUMBER OF ITERATIONS:       60
 INTERPOLATION TYPE:            DIIS
 INTERPOLATION STEPS:              2 (START)      1 (STEP)
 LEVEL SHIFTS:                  0.00 (CLOSED)  0.00 (OPEN) 



 Orbital guess generated from atomic densities. Full valence occupancy:   14

 Molecular orbital dump at record        2100.2

 Initial occupancy:   9

 ITERATION    DDIFF          GRAD             ENERGY        2-EL.EN.            DIPOLE MOMENTS         DIIS   ORB.
    1      0.000D+00      0.000D+00      -115.06235518    164.484194    0.00957    0.90230   -0.47757    0    start
    2      0.000D+00      0.506D-02      -115.09069794    161.902639    0.00527    0.49554   -0.30352    1    diag
    3      0.480D-02      0.277D-02      -115.09818131    163.165298    0.00621    0.59890   -0.39664    2    diag
    4      0.163D-02      0.546D-03      -115.09871342    162.988834    0.00612    0.59385   -0.39208    3    diag
    5      0.436D-03      0.110D-03      -115.09874779    163.000304    0.00606    0.58992   -0.39690    4    diag
    6      0.121D-03      0.204D-04      -115.09874935    162.998067    0.00606    0.59007   -0.39768    5    diag
    7      0.349D-04      0.434D-05      -115.09874942    162.997695    0.00606    0.58989   -0.39796    6    diag
    8      0.877D-05      0.113D-05      -115.09874942    162.998034    0.00606    0.58988   -0.39797    0    orth

 Final occupancy:   9

 !RHF STATE  1.1 Energy              -115.098749423412
 Nuclear energy                        40.34523428
 One-electron energy                 -236.94300059
 Two-electron energy                   81.49901689
 Virial quotient                       -1.00101667
 !RHF STATE  1.1 Dipole moment          0.00605611     0.58988095    -0.39796996
 Dipole moment /Debye                   0.01539209     1.49922963    -1.01147250

 Orbital energies:

         1.1          2.1          3.1          4.1          5.1          6.1          7.1          8.1          9.1         10.1
    -20.556347   -11.269719    -1.356913    -0.926401    -0.690388    -0.622233    -0.594327    -0.503624    -0.452531     0.054729

        11.1
      0.064994


 HOMO      9.1    -0.452531 =     -12.3140eV
 LUMO     10.1     0.054729 =       1.4892eV
 LUMO-HOMO         0.507259 =      13.8032eV


 **********************************************************************************************************************************
 DATASETS  * FILE   NREC   LENGTH (MB)   RECORD NAMES
              1      19      559.66       500      610      700      900      950      970     1000      129      960     1100   
                                          VAR    BASINP    GEOM    SYMINP    ZMAT    AOBASIS   BASIS     P2S    ABASIS      S 
                                         1400     1410     1200     1210     1080     1600     1650     1300     1700   
                                           T        V       H0       H01     AOSYM     SMH    MOLCAS    ERIS     OPER   

              2       4        3.48       700     1000      520     2100   
                                         GEOM     BASIS   MCVARS     RHF  

 PROGRAMS   *        TOTAL    HF-SCF       INT
 CPU TIMES  *        19.91      7.97     11.65
 REAL TIME  *       165.63 SEC
 DISK USED  *         2.15 GB
 **********************************************************************************************************************************


 PROGRAM * MP2 (Closed-shell)     Authors: C. Hampel, H.-J. Werner, 1991, M. Deegan, P.J. Knowles, 1992

                                   MP2-F12 implementation by H.-J. Werner, 2007

                   Density fitting integral evaluation by F.R. Manby, 2003,2007, G. Knizia, 2010


 Basis set AUG-CC-PVTZ/JKFIT generated.  Number of basis functions:   392 
 Basis set CC-PVTZ-F12/OPTRI generated.  Number of basis functions:   314 
 Basis set AUG-CC-PVTZ/MP2FIT generated. Number of basis functions:   396 

 Convergence thresholds:  THRVAR = 1.00D-08  THRDEN = 1.00D-06

 Number of core orbitals:           2 (   2 )
 Number of closed-shell orbitals:   7 (   7 )
 Number of external orbitals:     169 ( 169 )

 Molecular orbitals read from record     2100.2  Type=RHF/CANONICAL (state 1.1)

 MP2-F12 correlation treatment (H.-J. Werner, 2006)
 ==================================================

 Using MP2-F12 with ansatz 3C(FIX)

 Using projected zeroth-order Hamiltonian (+Z)

 FOCKRIB=T FOCKRIC=T FOCKRIP=T CABSP=T CABSA=T CABSK=T CABSF=T GBC=F EBC=F DMAT=T NOFIK=T NOPAO=1 SOLVE=-1  USEPAO=0
 EXCH_A= T EXCH_B= F EXCH_C= F EXCH_P= F

 Geminal basis:    OPTFULL  GEM_TYPE=SLATER  BETA=1.0  NGEM=6

 Optimizing Gaussian exponents for each gem_beta

 Geminal optimization for beta= 1.0000
 Weight function:   m=0, omega= 1.4646

 Augmented Hessian optimization of geminal fit. Trust ratio= 0.40000
 Convergence reached after   2 iterations. Final gradient= 8.66D-16, Step= 4.23D-06, Delta= 1.28D-09

 Alpha:                 0.19532     0.81920     2.85917     9.50073    35.69989   197.79328
 Coeff:                 0.27070     0.30552     0.18297     0.10986     0.06810     0.04224


 All pairs explicitly correlated. Number of r12-pairs:           28

 Excluding core orbitals from MO domains

 AO(A)-basis ORBITAL           loaded. Number of functions:     178
 RI(R)-basis CC-PVTZ-F12/OPTRI loaded. Number of functions:     314
 DF-basis AUG-CC-PVTZ/JKFIT    loaded. Number of functions:     392

 Screening thresholds:   THRAO=  1.00D-10  THRMO=  1.00D-09  THRPROD=  1.00D-09
                         THRSW=  1.00D-05  THROV=  1.00D-12  THRAOF12= 1.00D-08

 CPU time for Fock operators                      1.66 sec

 Construction of ABS:
 Smallest eigenvalue of S          4.39E-04  (threshold= 1.00E-08)
 Ratio eigmin/eigmax               5.60E-05  (threshold= 1.00E-09)
 Smallest eigenvalue of S kept     4.39E-04  (threshold= 4.39E-04, 0 functions deleted, 314 kept)

 Construction of CABS:
 Smallest eigenvalue of S          7.26E-07  (threshold= 1.00E-08)
 Ratio eigmin/eigmax               7.26E-07  (threshold= 1.00E-09)
 Smallest eigenvalue of S kept     7.26E-07  (threshold= 7.26E-07, 0 functions deleted, 314 kept)

 CPU time for CABS singles                        0.04 sec

 CABS-singles contribution of  -0.00135359 patched into reference energy.
 New reference energy        -115.10010301

 AO(A)-basis ORBITAL           loaded. Number of functions:     178
 RI(R)-basis CC-PVTZ-F12/OPTRI loaded. Number of functions:     314
 DF-basis AUG-CC-PVTZ/MP2FIT   loaded. Number of functions:     396

 Screening thresholds:   THRAO=  1.00D-10  THRMO=  1.00D-09  THRPROD=  1.00D-09
                         THRSW=  1.00D-05  THROV=  1.00D-12  THRAOF12= 1.00D-08

 CPU time for 3-index integral evaluation         3.48 sec
 CPU time for first  half transformation          0.23 sec (10735.0 MFLOP/sec)
 CPU time for second half transformation          0.02 sec ( 3108.5 MFLOP/sec)
 CPU time for sorting                             0.02 sec
 CPU time for fitting                             0.04 sec (28485.6 MFLOP/sec)
 CPU time for tilde quantities                    0.04 sec (37761.3 MFLOP/sec)
 CPU time for assembly                            0.29 sec (42598.6 MFLOP/sec)
 CPU time for tranop_f12                          0.38 sec (41737.4 MFLOP/sec)
 CPU time for f12 integrals (total)               4.97 sec, Elapsed time:     15.22 sec
 CPU time for f12 matrices (total)                0.13 sec, Elapsed time:      0.35 sec

 Diagonal F12 approximation with fixed coefficients:  TSING= 0.500,  TTRIP= 0.250 (scaled by -1/beta)

 DF-MP2-F12 energy corrections:
 ==============================
 Approx.                                    Singlet             Triplet             Total
 DF-MP2-F12/3*C(DX,FIX)                -0.038287509493     -0.004212708591     -0.042500218084
 DF-MP2-F12/3*C(FIX)                   -0.036088772416     -0.003930968153     -0.040019740569
 DF-MP2-F12/3C(FIX)                    -0.036031428410     -0.004065938534     -0.040097366944

 DF-MP2-F12 correlation energies:
 ================================
 Approx.                                    Singlet             Triplet             Ecorr            Total Energy
 DF-MP2                                -0.291097891781     -0.152369552436     -0.443467444217   -115.543570454183
 DF-MP2-F12/3*C(DX,FIX)                -0.329385401275     -0.156582261027     -0.485967662301   -115.586070672266
 DF-MP2-F12/3*C(FIX)                   -0.327186664198     -0.156300520588     -0.483487184786   -115.583590194751
 DF-MP2-F12/3C(FIX)                    -0.327129320192     -0.156435490970     -0.483564811161   -115.583667821127

 SCS-DF-MP2 energies (F_SING= 1.20000  F_TRIP= 0.62222  F_PARALLEL= 0.33333):
 ============================================================================
 SCS-DF-MP2                            -0.444125191653   -115.544228201619
 SCS-DF-MP2-F12/3*C(DX,FIX)            -0.492691443946   -115.592794453911
 SCS-DF-MP2-F12/3*C(FIX)               -0.489877654292   -115.589980664258
 SCS-DF-MP2-F12/3C(FIX)                -0.489892823056   -115.589995833021
 Symmetry transformation completed.

 Number of N-1 electron functions:               7
 Number of N-2 electron functions:              28
 Number of singly external CSFs:              1183
 Number of doubly external CSFs:            700336
 Total number of CSFs:                      701520

 Length of J-op  integral file:             104.98 MB
 Length of K-op  integral file:             138.67 MB

 Integral transformation finished. Total CPU:   1.34 sec, npass=  1  Memory used:   2.18 MW

 ITER.      SQ.NORM     CORR.ENERGY   TOTAL ENERGY   ENERGY CHANGE     VAR   MIC
   1      1.00000000    -0.44353384  -115.54363685    -0.44353384  0.00D+00   0
   2      1.11473993    -0.44353384  -115.54363685     0.00000000 -0.14D-16   0

 Solving MP2-F12 equations

   1      1.11470362    -0.48287326  -115.58297627    -0.03933942 -0.37D-04   0
   2      1.11470362    -0.48362980  -115.58373281    -0.00075655  0.41D-18   0
   3      1.11470362    -0.48362980  -115.58373281    -0.00000000 -0.70D-19   0

 CPU TIME FOR ITERATIVE MP2:    0.11 SEC


 MP2-F12 energy corrections:
 ===========================
 Approx.                                    Singlet             Triplet             Total
 MP2-F12/3*C(DX,FIX)                   -0.038287509493     -0.004212708591     -0.042500218084
 MP2-F12/3*C(FIX)                      -0.036088772416     -0.003930968153     -0.040019740569
 MP2-F12/3C(FIX)                       -0.036028726629     -0.004067236172     -0.040095962801

 MP2-F12 correlation energies:
 =============================
 Approx.                                    Singlet             Triplet             Ecorr            Total Energy
 MP2                                   -0.291281209057     -0.152252632831     -0.443533841888   -115.543636851853
 MP2-F12/3*C(DX,FIX)                   -0.329568718550     -0.156465341422     -0.486034059972   -115.586137069937
 MP2-F12/3*C(FIX)                      -0.327369981473     -0.156183600984     -0.483553582457   -115.583656592422
 MP2-F12/3C(FIX)                       -0.327309935686     -0.156319869003     -0.483629804689   -115.583732814654

 SCS-MP2 energies (F_SING= 1.20000  F_TRIP= 0.62222  F_PARALLEL= 0.33333):
 =========================================================================
 SCS-MP2                               -0.444272422407   -115.544375432373
 SCS-MP2-F12/3*C(DX,FIX)               -0.492838674700   -115.592941684665
 SCS-MP2-F12/3*C(FIX)                  -0.490024885046   -115.590127895012
 SCS-MP2-F12/3C(FIX)                   -0.490037619091   -115.590140629057


  Reference energy                   -115.098749423412
  F12 singles correction               -0.001353586553

 F12 singles corrections added to reference energy

  New reference energy               -115.100103009965

  F12/3C(F) singlet correction         -0.036028726629
  F12/3C(F) triplet correction         -0.004067236172
  F12/3C(F) total correction           -0.040095962801
  MP2-F12/3C(F) singlet pair energy    -0.327309935686
  MP2-F12/3C(F) triplet pair energy    -0.156319869003
  MP2-F12/3C(F) correlation energy     -0.483629804689

 !MP2-F12/3C(F) total energy         -115.583732814654


 **********************************************************************************************************************************
 DATASETS  * FILE   NREC   LENGTH (MB)   RECORD NAMES
              1      20      570.84       500      610      700      900      950      970     1000      129      960     1100   
                                          VAR    BASINP    GEOM    SYMINP    ZMAT    AOBASIS   BASIS     P2S    ABASIS      S 
                                         1400     1410     1200     1210     1080     1600     1650     1300     1700     1380   
                                           T        V       H0       H01     AOSYM     SMH    MOLCAS    ERIS     OPER     JKOP   

              2       7        4.13       700     1000      520     2100     7360     7350     7000   
                                         GEOM     BASIS   MCVARS     RHF    F12ABS    EF12   

 PROGRAMS   *        TOTAL   MP2-F12    HF-SCF       INT
 CPU TIMES  *        28.53      8.61      7.97     11.65
 REAL TIME  *       190.50 SEC
 DISK USED  *         2.15 GB
 **********************************************************************************************************************************


 PROGRAM * CCSD (Closed-shell coupled cluster)     Authors: C. Hampel, H.-J. Werner, 1991, M. Deegan, P.J. Knowles, 1992

                                  CCSD-F12 implementation by  H.-J. Werner, 2007

                   Density fitting integral evaluation by F.R. Manby, 2003,2007, G. Knizia, 2010



 Convergence thresholds:  THRVAR = 1.00D-08  THRDEN = 1.00D-06

 CCSD(T)     terms to be evaluated (factor= 1.000)


 Number of core orbitals:           2 (   2 )
 Number of closed-shell orbitals:   7 (   7 )
 Number of external orbitals:     169 ( 169 )

 Molecular orbitals read from record     2100.2  Type=RHF/CANONICAL (state 1.1)

 MP2-F12 correlation treatment (H.-J. Werner, 2006)
 ==================================================

 Using MP2-F12 with ansatz 3C(FIX)

 Using projected zeroth-order Hamiltonian (+Z)

 FOCKRIB=T FOCKRIC=T FOCKRIP=T CABSP=T CABSA=T CABSK=T CABSF=T GBC=F EBC=F DMAT=T NOFIK=T NOPAO=1 SOLVE=-1  USEPAO=0
 EXCH_A= T EXCH_B= F EXCH_C= F EXCH_P= F

 Geminal basis:    OPTFULL  GEM_TYPE=SLATER  BETA=1.0  NGEM=6

 Optimizing Gaussian exponents for each gem_beta

 Geminal optimization for beta= 1.0000
 Weight function:   m=0, omega= 1.4646

 Augmented Hessian optimization of geminal fit. Trust ratio= 0.40000
 Convergence reached after   2 iterations. Final gradient= 8.66D-16, Step= 4.23D-06, Delta= 1.28D-09

 Alpha:                 0.19532     0.81920     2.85917     9.50073    35.69989   197.79328
 Coeff:                 0.27070     0.30552     0.18297     0.10986     0.06810     0.04224


 All pairs explicitly correlated. Number of r12-pairs:           28

 Excluding core orbitals from MO domains

 AO(A)-basis ORBITAL           loaded. Number of functions:     178
 RI(R)-basis CC-PVTZ-F12/OPTRI loaded. Number of functions:     314
 DF-basis AUG-CC-PVTZ/JKFIT    loaded. Number of functions:     392

 Screening thresholds:   THRAO=  1.00D-10  THRMO=  1.00D-09  THRPROD=  1.00D-09
                         THRSW=  1.00D-05  THROV=  1.00D-12  THRAOF12= 1.00D-08

 CPU time for Fock operators                      1.54 sec

 Construction of ABS:
 Smallest eigenvalue of S          4.39E-04  (threshold= 1.00E-08)
 Ratio eigmin/eigmax               5.60E-05  (threshold= 1.00E-09)
 Smallest eigenvalue of S kept     4.39E-04  (threshold= 4.39E-04, 0 functions deleted, 314 kept)

 Construction of CABS:
 Smallest eigenvalue of S          7.26E-07  (threshold= 1.00E-08)
 Ratio eigmin/eigmax               7.26E-07  (threshold= 1.00E-09)
 Smallest eigenvalue of S kept     7.26E-07  (threshold= 7.26E-07, 0 functions deleted, 314 kept)

 CPU time for CABS singles                        0.04 sec

 CABS-singles contribution of  -0.00135359 patched into reference energy.
 New reference energy        -115.10010301

 AO(A)-basis ORBITAL           loaded. Number of functions:     178
 RI(R)-basis CC-PVTZ-F12/OPTRI loaded. Number of functions:     314
 DF-basis AUG-CC-PVTZ/MP2FIT   loaded. Number of functions:     396

 Screening thresholds:   THRAO=  1.00D-10  THRMO=  1.00D-09  THRPROD=  1.00D-09
                         THRSW=  1.00D-05  THROV=  1.00D-12  THRAOF12= 1.00D-08

 CPU time for 3-index integral evaluation         3.38 sec
 CPU time for first  half transformation          0.21 sec (11757.4 MFLOP/sec)
 CPU time for second half transformation          0.02 sec ( 3108.5 MFLOP/sec)
 CPU time for sorting                             0.01 sec
 CPU time for fitting                             0.04 sec (28485.6 MFLOP/sec)
 CPU time for tilde quantities                    0.03 sec (50348.4 MFLOP/sec)
 CPU time for assembly                            0.21 sec (58826.6 MFLOP/sec)
 CPU time for tranop_f12                          0.25 sec (63440.9 MFLOP/sec)
 CPU time for f12 integrals (total)               4.56 sec, Elapsed time:      4.85 sec
 CPU time for f12 matrices (total)                0.13 sec, Elapsed time:      0.15 sec

 Diagonal F12 approximation with fixed coefficients:  TSING= 0.500,  TTRIP= 0.250 (scaled by -1/beta)

 DF-MP2-F12 energy corrections:
 ==============================
 Approx.                                    Singlet             Triplet             Total
 DF-MP2-F12/3*C(DX,FIX)                -0.038287509493     -0.004212708591     -0.042500218084
 DF-MP2-F12/3*C(FIX)                   -0.036088772416     -0.003930968153     -0.040019740569
 DF-MP2-F12/3C(FIX)                    -0.036031428410     -0.004065938534     -0.040097366944

 DF-MP2-F12 correlation energies:
 ================================
 Approx.                                    Singlet             Triplet             Ecorr            Total Energy
 DF-MP2                                -0.291097891781     -0.152369552436     -0.443467444217   -115.543570454183
 DF-MP2-F12/3*C(DX,FIX)                -0.329385401275     -0.156582261027     -0.485967662301   -115.586070672266
 DF-MP2-F12/3*C(FIX)                   -0.327186664198     -0.156300520588     -0.483487184786   -115.583590194751
 DF-MP2-F12/3C(FIX)                    -0.327129320192     -0.156435490970     -0.483564811161   -115.583667821127

 SCS-DF-MP2 energies (F_SING= 1.20000  F_TRIP= 0.62222  F_PARALLEL= 0.33333):
 ============================================================================
 SCS-DF-MP2                            -0.444125191653   -115.544228201619
 SCS-DF-MP2-F12/3*C(DX,FIX)            -0.492691443946   -115.592794453911
 SCS-DF-MP2-F12/3*C(FIX)               -0.489877654292   -115.589980664258
 SCS-DF-MP2-F12/3C(FIX)                -0.489892823056   -115.589995833021
 Symmetry transformation completed.

 Number of N-1 electron functions:               7
 Number of N-2 electron functions:              28
 Number of singly external CSFs:              1183
 Number of doubly external CSFs:            700336
 Total number of CSFs:                      701520

 Length of J-op  integral file:             105.23 MB
 Length of K-op  integral file:             138.67 MB
 Length of 3-ext integral record:             0.00 MB

 Memory could be reduced to 48.01 Mwords without degradation in triples

 Integral transformation finished. Total CPU:   3.86 sec, npass=  1  Memory used:  24.86 MW

 Reference energy:                   -115.10010301

 Adding F12 terms to K(Cij), methodcc=6,  factor= 1.0

 ITER.      SQ.NORM     CORR.ENERGY   TOTAL ENERGY   ENERGY CHANGE        DEN1      VAR(S)    VAR(P)  DIIS     TIME  TIME/IT
   1      1.11762753    -0.45286554  -115.55296855    -0.00933170     0.00166928  0.15D-02  0.19D-02  1  1    12.97     4.15
   2      1.12503712    -0.45322751  -115.55333052    -0.00036197    -0.00904619  0.24D-04  0.23D-03  2  2    15.82     5.35
   3      1.12776675    -0.45340495  -115.55350796    -0.00017745    -0.00186522  0.15D-04  0.13D-04  3  3    18.55     4.54
   4      1.12871395    -0.45342284  -115.55352585    -0.00001788    -0.00060014  0.86D-06  0.12D-05  4  4    21.19     4.10
   5      1.12886945    -0.45342440  -115.55352741    -0.00000156    -0.00003789  0.23D-06  0.10D-06  5  5    23.80     3.85
   6      1.12891200    -0.45342204  -115.55352505     0.00000235    -0.00000422  0.36D-07  0.96D-08  6  6    26.45     3.67
   7      1.12892311    -0.45342117  -115.55352418     0.00000087    -0.00000298  0.39D-08  0.14D-08  6  1    29.09     3.55
   8      1.12892491    -0.45342123  -115.55352424    -0.00000006     0.00000033  0.67D-09  0.20D-09  6  3    31.71     3.45

 Norm of t1 vector:      0.05000070      S-energy:     0.00000010      T1 diagnostic:  0.00944924
                                                                       D1 diagnostic:  0.02002907

 Adding energy correction from Wij-K(Fij), methodcc=6  factor= 1.0

  CCSD correlation energy              -0.453421230491
  MP2-F12 correction (uncoupled)       -0.038545934151
  C*T doubles correction               -0.001164717681
  f12b correction                       0.007098799370


 Total CPU time for triples:     34.36 sec


 RESULTS
 =======

  Reference energy                   -115.098749423412
  F12 singles correction               -0.001353586553

 F12 singles corrections added to reference energy

  New reference energy               -115.100103009965

  F12a singlet correction              -0.035791998422
  F12a triplet correction              -0.003918653410
  F12a total correction                -0.039710651832

 F12a corrections for ansatz F12/3C(FIX) added to CCSD energy

  CCSD-F12a singlet pair energy        -0.351211985346
  CCSD-F12a triplet pair energy        -0.141919995834
  CCSD-F12a correlation energy         -0.493131882323

  Triples (T) contribution             -0.016015033138
  Total correlation energy             -0.509146915461

  CCSD-F12a total energy             -115.593234892288
  CCSD[T]-F12a energy                -115.609802954380
  CCSD-T-F12a energy                 -115.609006222454
 !CCSD(T)-F12a total energy          -115.609249925426

 F12b corrections for ansatz F12/3C(FIX) added to CCSD(T)-F12a energy

  CCSD-F12b singlet pair energy        -0.344575286004
  CCSD-F12b triplet pair energy        -0.141457895807
  CCSD-F12b correlation energy         -0.486033082953

  Triples (T) contribution             -0.016015033138
  Total correlation energy             -0.502048116091

  CCSD-F12b total energy             -115.586136092918
  CCSD[T]-F12b energy                -115.602704155010
  CCSD-T-F12b energy                 -115.601907423084
 !CCSD(T)-F12b total energy          -115.602151126056

 Timing summary (sec):

 STEP                 CPU(USER)    SYS     CPU(TOT)    WALL
 Transformation          3.91      1.01      4.92     11.15
 CCSD iterations        21.42      1.96     23.38     28.15
 Triples                34.36      0.73     35.09     35.21
 MP2-F12                 6.39      0.29      6.68      7.40
 F12b energy             2.15      0.11      2.26      2.29

 Program statistics:

 Available memory in ccsd:               499999646
 Min. memory needed in ccsd:               2228017
 Max. memory used in ccsd:                 2807120
 Max. memory used in cckext:               2027429 ( 9 integral passes)



 **********************************************************************************************************************************
 DATASETS  * FILE   NREC   LENGTH (MB)   RECORD NAMES
              1      20      706.79       500      610      700      900      950      970     1000      129      960     1100   
                                          VAR    BASINP    GEOM    SYMINP    ZMAT    AOBASIS   BASIS     P2S    ABASIS      S 
                                         1400     1410     1200     1210     1080     1600     1650     1300     1700     1380   
                                           T        V       H0       H01     AOSYM     SMH    MOLCAS    ERIS     OPER     JKOP   

              2       7        4.13       700     1000      520     2100     7360     7350     7000   
                                         GEOM     BASIS   MCVARS     RHF    F12ABS    EF12   

 PROGRAMS   *        TOTAL   CCSD(T)   MP2-F12    HF-SCF       INT
 CPU TIMES  *        96.82     68.29      8.61      7.97     11.65
 REAL TIME  *       275.45 SEC
 DISK USED  *         2.15 GB
 **********************************************************************************************************************************
 SETTING XXX            =    "MMM"
 SETTING POINT          =       104.00000000                                  

 *** ### CH3OH


 XXX       RCO          ROH          RCH1         RCH2         RCH3           ACOH           AOCH1          AOCH2          AOCH3         AHH1           AHH2           AHH3            ENERGY        POINT
 "MMM"   1.42077677   0.96013932   1.09171752   1.08440070   1.09171752   108.12930637   111.65221523   107.18733878   111.65221523   61.90504731   179.76429774   298.33065495   -115.60924993   104.0000
                                                  

 CCSD(T)-F12/cc-pVTZ-F12 energy=   -115.602151126056

     CCSD(T)-F12         MP2-F12          HF-SCF
   -115.60215113   -115.58373281   -115.09874942
 **********************************************************************************************************************************
 Molpro calculation terminated
