
 Primary working directories    : /tmpdir/job/2955634.undefined/molpro.2e1mxU64iU
 Secondary working directories  : /tmpdir/job/2955634.undefined/molpro.2e1mxU64iU
 Wavefunction directory         : /home/zcaposm/wfu/
 Main file repository           : /tmpdir/job/2955634.undefined/molpro.2e1mxU64iU/

 id        : uclcc

 Nodes                         nprocs
 node-d00a-211.myriad.ucl.ac.uk    1

 Using customized tuning parameters: mindgm=1; mindgv=20; mindgc=4; mindgr=1; noblas=0; minvec=7
 default implementation of scratch files=df  


 Variables initialized (945), CPU time= 0.01 sec
 ***,Methanol Ground State Energy with CCSD(T)-F12 and cc-pVTZ-F12
 memory,500,m;
 
 geometry={angstrom
 c
 o , 1, rco
 h , 2, roh, 1, acoh
 h1, 1, rch1, 2, aoch1  3  ahh1
 h2, 1, rch2, 2, aoch2, 3, ahh2
 h3, 1, rch3, 2, aoch3, 3, ahh3
 }
 
                                                ! Specify the initial values of the internal coordinates (in Angstroms and degrees)
 
 rco= 1.42077677
 roh= 0.96013932
 rch1= 1.091717515605
 rch2= 1.08440070258
 rch3= 1.091717515605
 acoh= 108.12930637
 aoch1= 110.9022152299
 aoch2= 107.18733878260001
 aoch3= 111.6522152299
 ahh1=61.43364279
 ahh2=180.0
 ahh3=298.56635721
 
                                                                                 ! Use the cc-pVTZ-F12 basis set
 basis=cc-pVTZ-F12
 
 hf
 
                                                                                 ! Use explicitly correlated F12 methods
                                                                            ! First, MP2-F12 (useful for initial electronic energy)
 {mp2-f12}
 
                                                                        ! If desired, perform CCSD(T)-F12 for more accurate results
 {ccsd(t)-f12}
 
                                                                                 ! Output the energy
 xxx = "mmm"
 point = 67
 text ### CH3OH
 table,xxx,rco,roh,rch1,rch2,rch3,acoh,aoch1,aoch2,aoch3,ahh1,ahh2,ahh3,energy,point
 DIGITS, 0, 8, 8, 8, 8, 8, 8, 8, 8, 8,  8,  8,  8, 8, 4
 save,CH3OH_MEP_MP2_67.dat,new
 
 Commands  initialized (802), CPU time= 0.00 sec, 659 directives.
 Default parameters read. Elapsed time= 0.11 sec

 Checking input...
 Passed
1


                                         ***  PROGRAM SYSTEM MOLPRO  ***
                                       Copyright, TTI GmbH Stuttgart, 2015
                                    Version 2020.1 linked Oct  6 2020 12:04:11


 **********************************************************************************************************************************
 LABEL *   Methanol Ground State Energy with CCSD(T)-F12 and cc-pVTZ-F12                 
  64 bit serial version                                                                  DATE: 08-Oct-24          TIME: 17:30:36  
 **********************************************************************************************************************************

 SHA1:             8c27446f6450a7499e38f603e13c65f775101d37
 **********************************************************************************************************************************

 Memory per process:       500 MW
 Total memory per node:    500 MW

 GA preallocation disabled
 GA check disabled

 Variable memory set to 500.0 MW

 SETTING RCO            =         1.42077677                                  
 SETTING ROH            =         0.96013932                                  
 SETTING RCH1           =         1.09171752                                  
 SETTING RCH2           =         1.08440070                                  
 SETTING RCH3           =         1.09171752                                  
 SETTING ACOH           =       108.12930637                                  
 SETTING AOCH1          =       110.90221523                                  
 SETTING AOCH2          =       107.18733878                                  
 SETTING AOCH3          =       111.65221523                                  
 SETTING AHH1           =        61.43364279                                  
 SETTING AHH2           =       180.00000000                                  
 SETTING AHH3           =       298.56635721                                  
 SETTING BASIS          =    CC-PVTZ-F12


 Recomputing integrals since basis changed


 Using spherical harmonics

 Library entry C      S cc-pVTZ-F12          selected for orbital group  1
 Library entry C      P cc-pVTZ-F12          selected for orbital group  1
 Library entry C      D cc-pVTZ-F12          selected for orbital group  1
 Library entry C      F cc-pVTZ-F12          selected for orbital group  1
 Library entry O      S cc-pVTZ-F12          selected for orbital group  2
 Library entry O      P cc-pVTZ-F12          selected for orbital group  2
 Library entry O      D cc-pVTZ-F12          selected for orbital group  2
 Library entry O      F cc-pVTZ-F12          selected for orbital group  2
 Library entry H      S cc-pVTZ-F12          selected for orbital group  3
 Library entry H      P cc-pVTZ-F12          selected for orbital group  3
 Library entry H      D cc-pVTZ-F12          selected for orbital group  3


 PROGRAM * SEWARD (Integral evaluation for generally contracted gaussian basis sets)     Author: Roland Lindh, 1990

 Geometry written to block  1 of record 700

 Orientation using atomic masses  
 Molecule type: Asymmetric top
 Rotational constants:      23.9902417     24.8344210    128.4531905 GHz  (calculated with average atomic masses)

 Point group  C1  



 ATOMIC COORDINATES

 NR  ATOM    CHARGE       X              Y              Z

   1  C       6.00    0.000155640    0.025511913   -1.377382538
   2  O       8.00   -0.000129899   -0.122563014    1.303410044
   3  H       1.00   -0.009750945    1.567976647    1.962220900
   4  H1      1.00    1.687757853    0.995629336   -2.060781643
   5  H2      1.00    0.011075095   -1.895791868   -2.089966943
   6  H3      1.00   -1.688874744    0.973663642   -2.087557192

 Bond lengths in Bohr (Angstrom)

 1-2  2.684878979  1-4  2.063047110  1-5  2.049220337  1-6  2.063047110  2-3  1.814400356
     ( 1.420776770)     ( 1.091717516)     ( 1.084400703)     ( 1.091717516)     ( 0.960139320)

 Bond angles

  1-2-3  108.12930637   2-1-4  110.90221523   2-1-5  107.18733878   2-1-6  111.65221523

  4-1-5  108.74360691   4-1-6  109.85060365   5-1-6  108.39459424

 NUCLEAR CHARGE:                   18
 NUMBER OF PRIMITIVE AOS:         228
 NUMBER OF SYMMETRY AOS:          206
 NUMBER OF CONTRACTIONS:          178   (  178A   )
 NUMBER OF INNER CORE ORBITALS:     0   (    0A   )
 NUMBER OF OUTER CORE ORBITALS:     2   (    2A   )
 NUMBER OF VALENCE ORBITALS:       12   (   12A   )


 NUCLEAR REPULSION ENERGY   40.35402436

 Eigenvalues of metric

         1 0.880E-04 0.184E-03 0.309E-03 0.323E-03 0.460E-03 0.493E-03 0.560E-03 0.570E-03


 Contracted 2-electron integrals neglected if value below      1.0D-11
 AO integral compression algorithm  1   Integral accuracy      1.0D-11

     605.553 MB (compressed) written to integral file ( 50.8%)


 NUMBER OF SORTED TWO-ELECTRON INTEGRALS:  126906346.     BUFFER LENGTH:  32768
 NUMBER OF SEGMENTS:   8  SEGMENT LENGTH:   15999503      RECORD LENGTH: 524288

 Memory used in sort:      16.56 MW

 SORT1 READ   149034713. AND WROTE   124734151. INTEGRALS IN    360 RECORDS. CPU TIME:     4.06 SEC, REAL TIME:   115.10 SEC
 SORT2 READ   124734151. AND WROTE   126906346. INTEGRALS IN   2310 RECORDS. CPU TIME:     2.16 SEC, REAL TIME:   254.59 SEC

 FILE SIZES:   FILE 1:   636.8 MBYTE,  FILE 4:  1510.0 MBYTE,   TOTAL:   2146.7 MBYTE

 OPERATOR DM      FOR CENTER  0  COORDINATES:    0.000000    0.000000    0.000000


 **********************************************************************************************************************************
 DATASETS  * FILE   NREC   LENGTH (MB)   RECORD NAMES
              1      19      559.24       500      610      700      900      950      970     1000      129      960     1100   
                                          VAR    BASINP    GEOM    SYMINP    ZMAT    AOBASIS   BASIS     P2S    ABASIS      S 
                                         1400     1410     1200     1210     1080     1600     1650     1300     1700   
                                           T        V       H0       H01     AOSYM     SMH    MOLCAS    ERIS     OPER   

 PROGRAMS   *        TOTAL       INT
 CPU TIMES  *        10.74     10.63
 REAL TIME  *       415.50 SEC
 DISK USED  *         2.15 GB
 **********************************************************************************************************************************


 PROGRAM * RHF-SCF (CLOSED SHELL)       Authors: W. Meyer, H.-J. Werner


 NUMBER OF ELECTRONS:       9+    9-    SPACE SYMMETRY=1    SPIN SYMMETRY: Singlet 
 CONVERGENCE THRESHOLDS:    1.00E-05 (Density)    1.00E-07 (Energy)
 MAX. NUMBER OF ITERATIONS:       60
 INTERPOLATION TYPE:            DIIS
 INTERPOLATION STEPS:              2 (START)      1 (STEP)
 LEVEL SHIFTS:                  0.00 (CLOSED)  0.00 (OPEN) 



 Orbital guess generated from atomic densities. Full valence occupancy:   14

 Molecular orbital dump at record        2100.2

 Initial occupancy:   9

 ITERATION    DDIFF          GRAD             ENERGY        2-EL.EN.            DIPOLE MOMENTS         DIIS   ORB.
    1      0.000D+00      0.000D+00      -115.06228862    164.510148   -0.00607    0.90367   -0.47757    0    start
    2      0.000D+00      0.507D-02      -115.09067890    161.920058   -0.00270    0.49614   -0.30353    1    diag
    3      0.481D-02      0.278D-02      -115.09819963    163.186248   -0.00364    0.59943   -0.39692    2    diag
    4      0.164D-02      0.545D-03      -115.09873173    163.010025   -0.00360    0.59436   -0.39251    3    diag
    5      0.436D-03      0.110D-03      -115.09876610    163.021503   -0.00359    0.59038   -0.39739    4    diag
    6      0.121D-03      0.205D-04      -115.09876766    163.019265   -0.00359    0.59052   -0.39819    5    diag
    7      0.350D-04      0.435D-05      -115.09876773    163.018894   -0.00359    0.59034   -0.39847    6    diag
    8      0.880D-05      0.114D-05      -115.09876774    163.019234   -0.00359    0.59033   -0.39848    0    orth

 Final occupancy:   9

 !RHF STATE  1.1 Energy              -115.098767737619
 Nuclear energy                        40.35402436
 One-electron energy                 -236.96240917
 Two-electron energy                   81.50961708
 Virial quotient                       -1.00100330
 !RHF STATE  1.1 Dipole moment         -0.00358636     0.59033276    -0.39848330
 Dipole moment /Debye                  -0.00911502     1.50037793    -1.01277719

 Orbital energies:

         1.1          2.1          3.1          4.1          5.1          6.1          7.1          8.1          9.1         10.1
    -20.555897   -11.269768    -1.356768    -0.926140    -0.690364    -0.622225    -0.594376    -0.504028    -0.452021     0.054702

        11.1
      0.065046


 HOMO      9.1    -0.452021 =     -12.3001eV
 LUMO     10.1     0.054702 =       1.4885eV
 LUMO-HOMO         0.506723 =      13.7886eV


 **********************************************************************************************************************************
 DATASETS  * FILE   NREC   LENGTH (MB)   RECORD NAMES
              1      19      559.24       500      610      700      900      950      970     1000      129      960     1100   
                                          VAR    BASINP    GEOM    SYMINP    ZMAT    AOBASIS   BASIS     P2S    ABASIS      S 
                                         1400     1410     1200     1210     1080     1600     1650     1300     1700   
                                           T        V       H0       H01     AOSYM     SMH    MOLCAS    ERIS     OPER   

              2       4        3.48       700     1000      520     2100   
                                         GEOM     BASIS   MCVARS     RHF  

 PROGRAMS   *        TOTAL    HF-SCF       INT
 CPU TIMES  *        19.55      8.81     10.63
 REAL TIME  *       466.41 SEC
 DISK USED  *         2.15 GB
 **********************************************************************************************************************************


 PROGRAM * MP2 (Closed-shell)     Authors: C. Hampel, H.-J. Werner, 1991, M. Deegan, P.J. Knowles, 1992

                                   MP2-F12 implementation by H.-J. Werner, 2007

                   Density fitting integral evaluation by F.R. Manby, 2003,2007, G. Knizia, 2010


 Basis set AUG-CC-PVTZ/JKFIT generated.  Number of basis functions:   392 
 Basis set CC-PVTZ-F12/OPTRI generated.  Number of basis functions:   314 
 Basis set AUG-CC-PVTZ/MP2FIT generated. Number of basis functions:   396 

 Convergence thresholds:  THRVAR = 1.00D-08  THRDEN = 1.00D-06

 Number of core orbitals:           2 (   2 )
 Number of closed-shell orbitals:   7 (   7 )
 Number of external orbitals:     169 ( 169 )

 Molecular orbitals read from record     2100.2  Type=RHF/CANONICAL (state 1.1)

 MP2-F12 correlation treatment (H.-J. Werner, 2006)
 ==================================================

 Using MP2-F12 with ansatz 3C(FIX)

 Using projected zeroth-order Hamiltonian (+Z)

 FOCKRIB=T FOCKRIC=T FOCKRIP=T CABSP=T CABSA=T CABSK=T CABSF=T GBC=F EBC=F DMAT=T NOFIK=T NOPAO=1 SOLVE=-1  USEPAO=0
 EXCH_A= T EXCH_B= F EXCH_C= F EXCH_P= F

 Geminal basis:    OPTFULL  GEM_TYPE=SLATER  BETA=1.0  NGEM=6

 Optimizing Gaussian exponents for each gem_beta

 Geminal optimization for beta= 1.0000
 Weight function:   m=0, omega= 1.4646

 Augmented Hessian optimization of geminal fit. Trust ratio= 0.40000
 Convergence reached after   2 iterations. Final gradient= 8.66D-16, Step= 4.23D-06, Delta= 1.28D-09

 Alpha:                 0.19532     0.81920     2.85917     9.50073    35.69989   197.79328
 Coeff:                 0.27070     0.30552     0.18297     0.10986     0.06810     0.04224


 All pairs explicitly correlated. Number of r12-pairs:           28

 Excluding core orbitals from MO domains

 AO(A)-basis ORBITAL           loaded. Number of functions:     178
 RI(R)-basis CC-PVTZ-F12/OPTRI loaded. Number of functions:     314
 DF-basis AUG-CC-PVTZ/JKFIT    loaded. Number of functions:     392

 Screening thresholds:   THRAO=  1.00D-10  THRMO=  1.00D-09  THRPROD=  1.00D-09
                         THRSW=  1.00D-05  THROV=  1.00D-12  THRAOF12= 1.00D-08

 CPU time for Fock operators                      1.65 sec

 Construction of ABS:
 Smallest eigenvalue of S          4.35E-04  (threshold= 1.00E-08)
 Ratio eigmin/eigmax               5.55E-05  (threshold= 1.00E-09)
 Smallest eigenvalue of S kept     4.35E-04  (threshold= 4.35E-04, 0 functions deleted, 314 kept)

 Construction of CABS:
 Smallest eigenvalue of S          7.25E-07  (threshold= 1.00E-08)
 Ratio eigmin/eigmax               7.25E-07  (threshold= 1.00E-09)
 Smallest eigenvalue of S kept     7.25E-07  (threshold= 7.25E-07, 0 functions deleted, 314 kept)

 CPU time for CABS singles                        0.05 sec

 CABS-singles contribution of  -0.00135333 patched into reference energy.
 New reference energy        -115.10012107

 AO(A)-basis ORBITAL           loaded. Number of functions:     178
 RI(R)-basis CC-PVTZ-F12/OPTRI loaded. Number of functions:     314
 DF-basis AUG-CC-PVTZ/MP2FIT   loaded. Number of functions:     396

 Screening thresholds:   THRAO=  1.00D-10  THRMO=  1.00D-09  THRPROD=  1.00D-09
                         THRSW=  1.00D-05  THROV=  1.00D-12  THRAOF12= 1.00D-08

 CPU time for 3-index integral evaluation         3.41 sec
 CPU time for first  half transformation          0.28 sec ( 8818.0 MFLOP/sec)
 CPU time for second half transformation          0.01 sec ( 6217.0 MFLOP/sec)
 CPU time for sorting                             0.03 sec
 CPU time for fitting                             0.03 sec (37980.8 MFLOP/sec)
 CPU time for tilde quantities                    0.03 sec (50348.4 MFLOP/sec)
 CPU time for assembly                            0.20 sec (61768.0 MFLOP/sec)
 CPU time for tranop_f12                          0.28 sec (56643.7 MFLOP/sec)
 CPU time for f12 integrals (total)               4.67 sec, Elapsed time:      5.35 sec
 CPU time for f12 matrices (total)                0.11 sec, Elapsed time:      0.16 sec

 Diagonal F12 approximation with fixed coefficients:  TSING= 0.500,  TTRIP= 0.250 (scaled by -1/beta)

 DF-MP2-F12 energy corrections:
 ==============================
 Approx.                                    Singlet             Triplet             Total
 DF-MP2-F12/3*C(DX,FIX)                -0.038290663691     -0.004213553501     -0.042504217192
 DF-MP2-F12/3*C(FIX)                   -0.036091083512     -0.003931771785     -0.040022855297
 DF-MP2-F12/3C(FIX)                    -0.036034013391     -0.004066824022     -0.040100837413

 DF-MP2-F12 correlation energies:
 ================================
 Approx.                                    Singlet             Triplet             Ecorr            Total Energy
 DF-MP2                                -0.291087184747     -0.152346632045     -0.443433816792   -115.543554888693
 DF-MP2-F12/3*C(DX,FIX)                -0.329377848438     -0.156560185546     -0.485938033984   -115.586059105885
 DF-MP2-F12/3*C(FIX)                   -0.327178268259     -0.156278403831     -0.483456672089   -115.583577743990
 DF-MP2-F12/3C(FIX)                    -0.327121198138     -0.156413456067     -0.483534654206   -115.583655726106

 SCS-DF-MP2 energies (F_SING= 1.20000  F_TRIP= 0.62222  F_PARALLEL= 0.33333):
 ============================================================================
 SCS-DF-MP2                            -0.444098081636   -115.544219153536
 SCS-DF-MP2-F12/3*C(DX,FIX)            -0.492668644688   -115.592789716589
 SCS-DF-MP2-F12/3*C(FIX)               -0.489853817627   -115.589974889528
 SCS-DF-MP2-F12/3C(FIX)                -0.489869365986   -115.589990437886
 Symmetry transformation completed.

 Number of N-1 electron functions:               7
 Number of N-2 electron functions:              28
 Number of singly external CSFs:              1183
 Number of doubly external CSFs:            700336
 Total number of CSFs:                      701520

 Length of J-op  integral file:             104.98 MB
 Length of K-op  integral file:             138.67 MB

 Integral transformation finished. Total CPU:   1.35 sec, npass=  1  Memory used:   2.18 MW

 ITER.      SQ.NORM     CORR.ENERGY   TOTAL ENERGY   ENERGY CHANGE     VAR   MIC
   1      1.00000000    -0.44350026  -115.54362133    -0.44350026  0.00D+00   0
   2      1.11471226    -0.44350026  -115.54362133     0.00000000 -0.48D-16   0

 Solving MP2-F12 equations

   1      1.11467605    -0.48284273  -115.58296380    -0.03934247 -0.37D-04   0
   2      1.11467605    -0.48359969  -115.58372076    -0.00075696  0.84D-18   0
   3      1.11467605    -0.48359969  -115.58372076     0.00000000  0.34D-19   0

 CPU TIME FOR ITERATIVE MP2:    0.12 SEC


 MP2-F12 energy corrections:
 ===========================
 Approx.                                    Singlet             Triplet             Total
 MP2-F12/3*C(DX,FIX)                   -0.038290663691     -0.004213553501     -0.042504217192
 MP2-F12/3*C(FIX)                      -0.036091083512     -0.003931771785     -0.040022855297
 MP2-F12/3C(FIX)                       -0.036031307689     -0.004068119083     -0.040099426772

 MP2-F12 correlation energies:
 =============================
 Approx.                                    Singlet             Triplet             Ecorr            Total Energy
 MP2                                   -0.291270528674     -0.152229732796     -0.443500261470   -115.543621333370
 MP2-F12/3*C(DX,FIX)                   -0.329561192365     -0.156443286297     -0.486004478662   -115.586125550562
 MP2-F12/3*C(FIX)                      -0.327361612185     -0.156161504581     -0.483523116766   -115.583644188667
 MP2-F12/3C(FIX)                       -0.327301836362     -0.156297851879     -0.483599688241   -115.583720760142

 SCS-MP2 energies (F_SING= 1.20000  F_TRIP= 0.62222  F_PARALLEL= 0.33333):
 =========================================================================
 SCS-MP2                               -0.444245357037   -115.544366428938
 SCS-MP2-F12/3*C(DX,FIX)               -0.492815920089   -115.592936991990
 SCS-MP2-F12/3*C(FIX)                  -0.490001093028   -115.590122164929
 SCS-MP2-F12/3C(FIX)                   -0.490014200359   -115.590135272260


  Reference energy                   -115.098767737619
  F12 singles correction               -0.001353334282

 F12 singles corrections added to reference energy

  New reference energy               -115.100121071901

  F12/3C(F) singlet correction         -0.036031307689
  F12/3C(F) triplet correction         -0.004068119083
  F12/3C(F) total correction           -0.040099426772
  MP2-F12/3C(F) singlet pair energy    -0.327301836362
  MP2-F12/3C(F) triplet pair energy    -0.156297851879
  MP2-F12/3C(F) correlation energy     -0.483599688241

 !MP2-F12/3C(F) total energy         -115.583720760142


 **********************************************************************************************************************************
 DATASETS  * FILE   NREC   LENGTH (MB)   RECORD NAMES
              1      20      570.42       500      610      700      900      950      970     1000      129      960     1100   
                                          VAR    BASINP    GEOM    SYMINP    ZMAT    AOBASIS   BASIS     P2S    ABASIS      S 
                                         1400     1410     1200     1210     1080     1600     1650     1300     1700     1380   
                                           T        V       H0       H01     AOSYM     SMH    MOLCAS    ERIS     OPER     JKOP   

              2       7        4.13       700     1000      520     2100     7360     7350     7000   
                                         GEOM     BASIS   MCVARS     RHF    F12ABS    EF12   

 PROGRAMS   *        TOTAL   MP2-F12    HF-SCF       INT
 CPU TIMES  *        27.87      8.31      8.81     10.63
 REAL TIME  *       488.31 SEC
 DISK USED  *         2.15 GB
 **********************************************************************************************************************************


 PROGRAM * CCSD (Closed-shell coupled cluster)     Authors: C. Hampel, H.-J. Werner, 1991, M. Deegan, P.J. Knowles, 1992

                                  CCSD-F12 implementation by  H.-J. Werner, 2007

                   Density fitting integral evaluation by F.R. Manby, 2003,2007, G. Knizia, 2010



 Convergence thresholds:  THRVAR = 1.00D-08  THRDEN = 1.00D-06

 CCSD(T)     terms to be evaluated (factor= 1.000)


 Number of core orbitals:           2 (   2 )
 Number of closed-shell orbitals:   7 (   7 )
 Number of external orbitals:     169 ( 169 )

 Molecular orbitals read from record     2100.2  Type=RHF/CANONICAL (state 1.1)

 MP2-F12 correlation treatment (H.-J. Werner, 2006)
 ==================================================

 Using MP2-F12 with ansatz 3C(FIX)

 Using projected zeroth-order Hamiltonian (+Z)

 FOCKRIB=T FOCKRIC=T FOCKRIP=T CABSP=T CABSA=T CABSK=T CABSF=T GBC=F EBC=F DMAT=T NOFIK=T NOPAO=1 SOLVE=-1  USEPAO=0
 EXCH_A= T EXCH_B= F EXCH_C= F EXCH_P= F

 Geminal basis:    OPTFULL  GEM_TYPE=SLATER  BETA=1.0  NGEM=6

 Optimizing Gaussian exponents for each gem_beta

 Geminal optimization for beta= 1.0000
 Weight function:   m=0, omega= 1.4646

 Augmented Hessian optimization of geminal fit. Trust ratio= 0.40000
 Convergence reached after   2 iterations. Final gradient= 8.66D-16, Step= 4.23D-06, Delta= 1.28D-09

 Alpha:                 0.19532     0.81920     2.85917     9.50073    35.69989   197.79328
 Coeff:                 0.27070     0.30552     0.18297     0.10986     0.06810     0.04224


 All pairs explicitly correlated. Number of r12-pairs:           28

 Excluding core orbitals from MO domains

 AO(A)-basis ORBITAL           loaded. Number of functions:     178
 RI(R)-basis CC-PVTZ-F12/OPTRI loaded. Number of functions:     314
 DF-basis AUG-CC-PVTZ/JKFIT    loaded. Number of functions:     392

 Screening thresholds:   THRAO=  1.00D-10  THRMO=  1.00D-09  THRPROD=  1.00D-09
                         THRSW=  1.00D-05  THROV=  1.00D-12  THRAOF12= 1.00D-08

 CPU time for Fock operators                      1.39 sec

 Construction of ABS:
 Smallest eigenvalue of S          4.35E-04  (threshold= 1.00E-08)
 Ratio eigmin/eigmax               5.55E-05  (threshold= 1.00E-09)
 Smallest eigenvalue of S kept     4.35E-04  (threshold= 4.35E-04, 0 functions deleted, 314 kept)

 Construction of CABS:
 Smallest eigenvalue of S          7.25E-07  (threshold= 1.00E-08)
 Ratio eigmin/eigmax               7.25E-07  (threshold= 1.00E-09)
 Smallest eigenvalue of S kept     7.25E-07  (threshold= 7.25E-07, 0 functions deleted, 314 kept)

 CPU time for CABS singles                        0.04 sec

 CABS-singles contribution of  -0.00135333 patched into reference energy.
 New reference energy        -115.10012107

 AO(A)-basis ORBITAL           loaded. Number of functions:     178
 RI(R)-basis CC-PVTZ-F12/OPTRI loaded. Number of functions:     314
 DF-basis AUG-CC-PVTZ/MP2FIT   loaded. Number of functions:     396

 Screening thresholds:   THRAO=  1.00D-10  THRMO=  1.00D-09  THRPROD=  1.00D-09
                         THRSW=  1.00D-05  THROV=  1.00D-12  THRAOF12= 1.00D-08

 CPU time for 3-index integral evaluation         3.28 sec
 CPU time for first  half transformation          0.40 sec ( 6172.6 MFLOP/sec)
 CPU time for sorting                             0.03 sec
 CPU time for fitting                             0.03 sec (37980.8 MFLOP/sec)
 CPU time for tilde quantities                    0.02 sec (75522.6 MFLOP/sec)
 CPU time for assembly                            0.23 sec (53711.3 MFLOP/sec)
 CPU time for tranop_f12                          0.26 sec (61000.9 MFLOP/sec)
 CPU time for f12 integrals (total)               4.72 sec, Elapsed time:      5.43 sec
 CPU time for f12 matrices (total)                0.10 sec, Elapsed time:      0.12 sec

 Diagonal F12 approximation with fixed coefficients:  TSING= 0.500,  TTRIP= 0.250 (scaled by -1/beta)

 DF-MP2-F12 energy corrections:
 ==============================
 Approx.                                    Singlet             Triplet             Total
 DF-MP2-F12/3*C(DX,FIX)                -0.038290663691     -0.004213553501     -0.042504217192
 DF-MP2-F12/3*C(FIX)                   -0.036091083512     -0.003931771785     -0.040022855297
 DF-MP2-F12/3C(FIX)                    -0.036034013391     -0.004066824022     -0.040100837413

 DF-MP2-F12 correlation energies:
 ================================
 Approx.                                    Singlet             Triplet             Ecorr            Total Energy
 DF-MP2                                -0.291087184747     -0.152346632045     -0.443433816792   -115.543554888693
 DF-MP2-F12/3*C(DX,FIX)                -0.329377848438     -0.156560185546     -0.485938033984   -115.586059105885
 DF-MP2-F12/3*C(FIX)                   -0.327178268259     -0.156278403831     -0.483456672089   -115.583577743990
 DF-MP2-F12/3C(FIX)                    -0.327121198138     -0.156413456067     -0.483534654206   -115.583655726106

 SCS-DF-MP2 energies (F_SING= 1.20000  F_TRIP= 0.62222  F_PARALLEL= 0.33333):
 ============================================================================
 SCS-DF-MP2                            -0.444098081636   -115.544219153536
 SCS-DF-MP2-F12/3*C(DX,FIX)            -0.492668644688   -115.592789716589
 SCS-DF-MP2-F12/3*C(FIX)               -0.489853817627   -115.589974889528
 SCS-DF-MP2-F12/3C(FIX)                -0.489869365986   -115.589990437886
 Symmetry transformation completed.

 Number of N-1 electron functions:               7
 Number of N-2 electron functions:              28
 Number of singly external CSFs:              1183
 Number of doubly external CSFs:            700336
 Total number of CSFs:                      701520

 Length of J-op  integral file:             105.23 MB
 Length of K-op  integral file:             138.67 MB
 Length of 3-ext integral record:             0.00 MB

 Memory could be reduced to 48.01 Mwords without degradation in triples

 Integral transformation finished. Total CPU:   3.28 sec, npass=  1  Memory used:  24.86 MW

 Reference energy:                   -115.10012107

 Adding F12 terms to K(Cij), methodcc=6,  factor= 1.0

 ITER.      SQ.NORM     CORR.ENERGY   TOTAL ENERGY   ENERGY CHANGE        DEN1      VAR(S)    VAR(P)  DIIS     TIME  TIME/IT
   1      1.11760315    -0.45283826  -115.55295933    -0.00933800     0.00166274  0.15D-02  0.19D-02  1  1    13.36    17.80
   2      1.12501301    -0.45320053  -115.55332160    -0.00036227    -0.00904637  0.24D-04  0.23D-03  2  2    16.27    15.17
   3      1.12774234    -0.45337797  -115.55349904    -0.00017744    -0.00186511  0.15D-04  0.13D-04  3  3    19.24    12.77
   4      1.12868957    -0.45339587  -115.55351694    -0.00001790    -0.00060010  0.86D-06  0.12D-05  4  4    22.01    10.55
   5      1.12884528    -0.45339742  -115.55351850    -0.00000155    -0.00003791  0.23D-06  0.10D-06  5  5    24.89     9.32
   6      1.12888793    -0.45339506  -115.55351613     0.00000236    -0.00000423  0.36D-07  0.97D-08  6  6    27.78     8.83
   7      1.12889911    -0.45339419  -115.55351526     0.00000088    -0.00000299  0.40D-08  0.14D-08  6  1    30.50     8.22
   8      1.12890092    -0.45339425  -115.55351532    -0.00000006     0.00000034  0.68D-09  0.20D-09  6  3    33.48     7.63

 Norm of t1 vector:      0.05000932      S-energy:     0.00000010      T1 diagnostic:  0.00945087
                                                                       D1 diagnostic:  0.02001257

 Adding energy correction from Wij-K(Fij), methodcc=6  factor= 1.0

  CCSD correlation energy              -0.453394247779
  MP2-F12 correction (uncoupled)       -0.038548245268
  C*T doubles correction               -0.001165505500
  f12b correction                       0.007099117341


 Total CPU time for triples:     35.99 sec


 RESULTS
 =======

  Reference energy                   -115.098767737619
  F12 singles correction               -0.001353334282

 F12 singles corrections added to reference energy

  New reference energy               -115.100121071901

  F12a singlet correction              -0.035794301508
  F12a triplet correction              -0.003919449261
  F12a total correction                -0.039713750769

 F12a corrections for ansatz F12/3C(FIX) added to CCSD energy

  CCSD-F12a singlet pair energy        -0.351205270378
  CCSD-F12a triplet pair energy        -0.141902826700
  CCSD-F12a correlation energy         -0.493107998548

  Triples (T) contribution             -0.016010723172
  Total correlation energy             -0.509118721720

  CCSD-F12a total energy             -115.593229070448
  CCSD[T]-F12a energy                -115.609792864290
  CCSD-T-F12a energy                 -115.608996057239
 !CCSD(T)-F12a total energy          -115.609239793621

 F12b corrections for ansatz F12/3C(FIX) added to CCSD(T)-F12a energy

  CCSD-F12b singlet pair energy        -0.344568288873
  CCSD-F12b triplet pair energy        -0.141440690864
  CCSD-F12b correlation energy         -0.486008881206

  Triples (T) contribution             -0.016010723172
  Total correlation energy             -0.502019604378

  CCSD-F12b total energy             -115.586129953107
  CCSD[T]-F12b energy                -115.602693746948
  CCSD-T-F12b energy                 -115.601896939898
 !CCSD(T)-F12b total energy          -115.602140676279

 Timing summary (sec):

 STEP                 CPU(USER)    SYS     CPU(TOT)    WALL
 Transformation          3.32      1.16      4.48     14.04
 CCSD iterations        23.80      3.43     27.23     61.69
 Triples                35.99      0.97     36.96     41.37
 MP2-F12                 6.39      0.46      6.85      7.48
 F12b energy             2.07      0.11      2.18      2.24

 Program statistics:

 Available memory in ccsd:               499999646
 Min. memory needed in ccsd:               2228017
 Max. memory used in ccsd:                 2807120
 Max. memory used in cckext:               2027429 ( 9 integral passes)



 **********************************************************************************************************************************
 DATASETS  * FILE   NREC   LENGTH (MB)   RECORD NAMES
              1      20      706.37       500      610      700      900      950      970     1000      129      960     1100   
                                          VAR    BASINP    GEOM    SYMINP    ZMAT    AOBASIS   BASIS     P2S    ABASIS      S 
                                         1400     1410     1200     1210     1080     1600     1650     1300     1700     1380   
                                           T        V       H0       H01     AOSYM     SMH    MOLCAS    ERIS     OPER     JKOP   

              2       7        4.13       700     1000      520     2100     7360     7350     7000   
                                         GEOM     BASIS   MCVARS     RHF    F12ABS    EF12   

 PROGRAMS   *        TOTAL   CCSD(T)   MP2-F12    HF-SCF       INT
 CPU TIMES  *        99.49     71.61      8.31      8.81     10.63
 REAL TIME  *       615.79 SEC
 DISK USED  *         2.15 GB
 **********************************************************************************************************************************
 SETTING XXX            =    "MMM"
 SETTING POINT          =        67.00000000                                  

 *** ### CH3OH


 XXX       RCO          ROH          RCH1         RCH2         RCH3           ACOH           AOCH1          AOCH2          AOCH3         AHH1           AHH2           AHH3            ENERGY       POINT
 "MMM"   1.42077677   0.96013932   1.09171752   1.08440070   1.09171752   108.12930637   110.90221523   107.18733878   111.65221523   61.43364279   180.00000000   298.56635721   -115.60923979   67.0000
                                                  

 CCSD(T)-F12/cc-pVTZ-F12 energy=   -115.602140676279

     CCSD(T)-F12         MP2-F12          HF-SCF
   -115.60214068   -115.58372076   -115.09876774
 **********************************************************************************************************************************
 Molpro calculation terminated
