
 Primary working directories    : /tmpdir/job/2955631.undefined/molpro.vTltxjkY50
 Secondary working directories  : /tmpdir/job/2955631.undefined/molpro.vTltxjkY50
 Wavefunction directory         : /home/zcaposm/wfu/
 Main file repository           : /tmpdir/job/2955631.undefined/molpro.vTltxjkY50/

 id        : uclcc

 Nodes                         nprocs
 node-d00a-084.myriad.ucl.ac.uk    1

 Using customized tuning parameters: mindgm=1; mindgv=20; mindgc=4; mindgr=1; noblas=0; minvec=7
 default implementation of scratch files=df  


 Variables initialized (945), CPU time= 0.00 sec
 ***,Methanol Ground State Energy with CCSD(T)-F12 and cc-pVTZ-F12
 memory,500,m;
 
 geometry={angstrom
 c
 o , 1, rco
 h , 2, roh, 1, acoh
 h1, 1, rch1, 2, aoch1  3  ahh1
 h2, 1, rch2, 2, aoch2, 3, ahh2
 h3, 1, rch3, 2, aoch3, 3, ahh3
 }
 
                                                ! Specify the initial values of the internal coordinates (in Angstroms and degrees)
 
 rco= 1.42077677
 roh= 0.96013932
 rch1= 1.091717515605
 rch2= 1.08440070258
 rch3= 1.091717515605
 acoh= 108.12930637
 aoch1= 112.1522152299
 aoch2= 107.18733878260001
 aoch3= 111.6522152299
 ahh1=61.43364279
 ahh2=180.0
 ahh3=298.56635721
 
                                                                                 ! Use the cc-pVTZ-F12 basis set
 basis=cc-pVTZ-F12
 
 hf
 
                                                                                 ! Use explicitly correlated F12 methods
                                                                            ! First, MP2-F12 (useful for initial electronic energy)
 {mp2-f12}
 
                                                                        ! If desired, perform CCSD(T)-F12 for more accurate results
 {ccsd(t)-f12}
 
                                                                                 ! Output the energy
 xxx = "mmm"
 point = 64
 text ### CH3OH
 table,xxx,rco,roh,rch1,rch2,rch3,acoh,aoch1,aoch2,aoch3,ahh1,ahh2,ahh3,energy,point
 DIGITS, 0, 8, 8, 8, 8, 8, 8, 8, 8, 8,  8,  8,  8, 8, 4
 save,CH3OH_MEP_MP2_64.dat,new
 
 Commands  initialized (802), CPU time= 0.00 sec, 659 directives.
 Default parameters read. Elapsed time= 0.09 sec

 Checking input...
 Passed
1


                                         ***  PROGRAM SYSTEM MOLPRO  ***
                                       Copyright, TTI GmbH Stuttgart, 2015
                                    Version 2020.1 linked Oct  6 2020 12:04:11


 **********************************************************************************************************************************
 LABEL *   Methanol Ground State Energy with CCSD(T)-F12 and cc-pVTZ-F12                 
  64 bit serial version                                                                  DATE: 08-Oct-24          TIME: 17:30:36  
 **********************************************************************************************************************************

 SHA1:             8c27446f6450a7499e38f603e13c65f775101d37
 **********************************************************************************************************************************

 Memory per process:       500 MW
 Total memory per node:    500 MW

 GA preallocation disabled
 GA check disabled

 Variable memory set to 500.0 MW

 SETTING RCO            =         1.42077677                                  
 SETTING ROH            =         0.96013932                                  
 SETTING RCH1           =         1.09171752                                  
 SETTING RCH2           =         1.08440070                                  
 SETTING RCH3           =         1.09171752                                  
 SETTING ACOH           =       108.12930637                                  
 SETTING AOCH1          =       112.15221523                                  
 SETTING AOCH2          =       107.18733878                                  
 SETTING AOCH3          =       111.65221523                                  
 SETTING AHH1           =        61.43364279                                  
 SETTING AHH2           =       180.00000000                                  
 SETTING AHH3           =       298.56635721                                  
 SETTING BASIS          =    CC-PVTZ-F12


 Recomputing integrals since basis changed


 Using spherical harmonics

 Library entry C      S cc-pVTZ-F12          selected for orbital group  1
 Library entry C      P cc-pVTZ-F12          selected for orbital group  1
 Library entry C      D cc-pVTZ-F12          selected for orbital group  1
 Library entry C      F cc-pVTZ-F12          selected for orbital group  1
 Library entry O      S cc-pVTZ-F12          selected for orbital group  2
 Library entry O      P cc-pVTZ-F12          selected for orbital group  2
 Library entry O      D cc-pVTZ-F12          selected for orbital group  2
 Library entry O      F cc-pVTZ-F12          selected for orbital group  2
 Library entry H      S cc-pVTZ-F12          selected for orbital group  3
 Library entry H      P cc-pVTZ-F12          selected for orbital group  3
 Library entry H      D cc-pVTZ-F12          selected for orbital group  3


 PROGRAM * SEWARD (Integral evaluation for generally contracted gaussian basis sets)     Author: Roland Lindh, 1990

 Geometry written to block  1 of record 700

 Orientation using atomic masses  
 Molecule type: Asymmetric top
 Rotational constants:      23.9373655     24.7907365    129.0072928 GHz  (calculated with average atomic masses)

 Point group  C1  



 ATOMIC COORDINATES

 NR  ATOM    CHARGE       X              Y              Z

   1  C       6.00   -0.000081886    0.024980426   -1.376066813
   2  O       8.00    0.000072018   -0.121716592    1.304801534
   3  H       1.00    0.006576515    1.569175768    1.962744821
   4  H1      1.00    1.681446248    0.973510613   -2.103333612
   5  H2      1.00   -0.007464714   -1.896705600   -2.087665226
   6  H3      1.00   -1.680725436    0.988394825   -2.085597172

 Bond lengths in Bohr (Angstrom)

 1-2  2.684878979  1-4  2.063047110  1-5  2.049220337  1-6  2.063047110  2-3  1.814400356
     ( 1.420776770)     ( 1.091717516)     ( 1.084400703)     ( 1.091717516)     ( 0.960139320)

 Bond angles

  1-2-3  108.12930637   2-1-4  112.15221523   2-1-5  107.18733878   2-1-6  111.65221523

  4-1-5  108.16049714   4-1-6  109.15002651   5-1-6  108.39459424

 NUCLEAR CHARGE:                   18
 NUMBER OF PRIMITIVE AOS:         228
 NUMBER OF SYMMETRY AOS:          206
 NUMBER OF CONTRACTIONS:          178   (  178A   )
 NUMBER OF INNER CORE ORBITALS:     0   (    0A   )
 NUMBER OF OUTER CORE ORBITALS:     2   (    2A   )
 NUMBER OF VALENCE ORBITALS:       12   (   12A   )


 NUCLEAR REPULSION ENERGY   40.33997797

 Eigenvalues of metric

         1 0.879E-04 0.183E-03 0.309E-03 0.323E-03 0.460E-03 0.493E-03 0.560E-03 0.570E-03


 Contracted 2-electron integrals neglected if value below      1.0D-11
 AO integral compression algorithm  1   Integral accuracy      1.0D-11

     602.145 MB (compressed) written to integral file ( 50.5%)


 NUMBER OF SORTED TWO-ELECTRON INTEGRALS:  126906346.     BUFFER LENGTH:  32768
 NUMBER OF SEGMENTS:   8  SEGMENT LENGTH:   15999503      RECORD LENGTH: 524288

 Memory used in sort:      16.56 MW

 SORT1 READ   149034713. AND WROTE   124686144. INTEGRALS IN    360 RECORDS. CPU TIME:     3.88 SEC, REAL TIME:   165.46 SEC
 SORT2 READ   124686144. AND WROTE   126906346. INTEGRALS IN   2297 RECORDS. CPU TIME:     2.08 SEC, REAL TIME:   310.22 SEC

 FILE SIZES:   FILE 1:   633.4 MBYTE,  FILE 4:  1510.0 MBYTE,   TOTAL:   2143.3 MBYTE

 OPERATOR DM      FOR CENTER  0  COORDINATES:    0.000000    0.000000    0.000000


 **********************************************************************************************************************************
 DATASETS  * FILE   NREC   LENGTH (MB)   RECORD NAMES
              1      19      556.26       500      610      700      900      950      970     1000      129      960     1100   
                                          VAR    BASINP    GEOM    SYMINP    ZMAT    AOBASIS   BASIS     P2S    ABASIS      S 
                                         1400     1410     1200     1210     1080     1600     1650     1300     1700   
                                           T        V       H0       H01     AOSYM     SMH    MOLCAS    ERIS     OPER   

 PROGRAMS   *        TOTAL       INT
 CPU TIMES  *        10.68     10.58
 REAL TIME  *       564.16 SEC
 DISK USED  *         2.14 GB
 **********************************************************************************************************************************


 PROGRAM * RHF-SCF (CLOSED SHELL)       Authors: W. Meyer, H.-J. Werner


 NUMBER OF ELECTRONS:       9+    9-    SPACE SYMMETRY=1    SPIN SYMMETRY: Singlet 
 CONVERGENCE THRESHOLDS:    1.00E-05 (Density)    1.00E-07 (Energy)
 MAX. NUMBER OF ITERATIONS:       60
 INTERPOLATION TYPE:            DIIS
 INTERPOLATION STEPS:              2 (START)      1 (STEP)
 LEVEL SHIFTS:                  0.00 (CLOSED)  0.00 (OPEN) 



 Orbital guess generated from atomic densities. Full valence occupancy:   14

 Molecular orbital dump at record        2100.2

 Initial occupancy:   9

 ITERATION    DDIFF          GRAD             ENERGY        2-EL.EN.            DIPOLE MOMENTS         DIIS   ORB.
    1      0.000D+00      0.000D+00      -115.06240678    164.467126    0.00411    0.90460   -0.47819    0    start
    2      0.000D+00      0.506D-02      -115.09073236    161.890665    0.00183    0.49675   -0.30371    1    diag
    3      0.480D-02      0.276D-02      -115.09819473    163.151725    0.00246    0.60013   -0.39683    2    diag
    4      0.163D-02      0.546D-03      -115.09872728    162.974932    0.00243    0.59499   -0.39217    3    diag
    5      0.437D-03      0.110D-03      -115.09876171    162.986402    0.00242    0.59102   -0.39696    4    diag
    6      0.122D-03      0.205D-04      -115.09876327    162.984191    0.00242    0.59116   -0.39773    5    diag
    7      0.349D-04      0.434D-05      -115.09876334    162.983800    0.00242    0.59098   -0.39800    6    diag
    8      0.875D-05      0.114D-05      -115.09876334    162.984149    0.00242    0.59098   -0.39801    0    orth

 Final occupancy:   9

 !RHF STATE  1.1 Energy              -115.098763341987
 Nuclear energy                        40.33997797
 One-electron energy                 -236.93081573
 Two-electron energy                   81.49207442
 Virial quotient                       -1.00102408
 !RHF STATE  1.1 Dipole moment          0.00242148     0.59097533    -0.39801443
 Dipole moment /Debye                   0.00615438     1.50201108    -1.01158552

 Orbital energies:

         1.1          2.1          3.1          4.1          5.1          6.1          7.1          8.1          9.1         10.1
    -20.556641   -11.269753    -1.357034    -0.926523    -0.691108    -0.621134    -0.594382    -0.504518    -0.452241     0.054616

        11.1
      0.064984


 HOMO      9.1    -0.452241 =     -12.3061eV
 LUMO     10.1     0.054616 =       1.4862eV
 LUMO-HOMO         0.506857 =      13.7923eV


 **********************************************************************************************************************************
 DATASETS  * FILE   NREC   LENGTH (MB)   RECORD NAMES
              1      19      556.26       500      610      700      900      950      970     1000      129      960     1100   
                                          VAR    BASINP    GEOM    SYMINP    ZMAT    AOBASIS   BASIS     P2S    ABASIS      S 
                                         1400     1410     1200     1210     1080     1600     1650     1300     1700   
                                           T        V       H0       H01     AOSYM     SMH    MOLCAS    ERIS     OPER   

              2       4        3.48       700     1000      520     2100   
                                         GEOM     BASIS   MCVARS     RHF  

 PROGRAMS   *        TOTAL    HF-SCF       INT
 CPU TIMES  *        18.93      8.25     10.58
 REAL TIME  *       610.36 SEC
 DISK USED  *         2.14 GB
 **********************************************************************************************************************************


 PROGRAM * MP2 (Closed-shell)     Authors: C. Hampel, H.-J. Werner, 1991, M. Deegan, P.J. Knowles, 1992

                                   MP2-F12 implementation by H.-J. Werner, 2007

                   Density fitting integral evaluation by F.R. Manby, 2003,2007, G. Knizia, 2010


 Basis set AUG-CC-PVTZ/JKFIT generated.  Number of basis functions:   392 
 Basis set CC-PVTZ-F12/OPTRI generated.  Number of basis functions:   314 
 Basis set AUG-CC-PVTZ/MP2FIT generated. Number of basis functions:   396 

 Convergence thresholds:  THRVAR = 1.00D-08  THRDEN = 1.00D-06

 Number of core orbitals:           2 (   2 )
 Number of closed-shell orbitals:   7 (   7 )
 Number of external orbitals:     169 ( 169 )

 Molecular orbitals read from record     2100.2  Type=RHF/CANONICAL (state 1.1)

 MP2-F12 correlation treatment (H.-J. Werner, 2006)
 ==================================================

 Using MP2-F12 with ansatz 3C(FIX)

 Using projected zeroth-order Hamiltonian (+Z)

 FOCKRIB=T FOCKRIC=T FOCKRIP=T CABSP=T CABSA=T CABSK=T CABSF=T GBC=F EBC=F DMAT=T NOFIK=T NOPAO=1 SOLVE=-1  USEPAO=0
 EXCH_A= T EXCH_B= F EXCH_C= F EXCH_P= F

 Geminal basis:    OPTFULL  GEM_TYPE=SLATER  BETA=1.0  NGEM=6

 Optimizing Gaussian exponents for each gem_beta

 Geminal optimization for beta= 1.0000
 Weight function:   m=0, omega= 1.4646

 Augmented Hessian optimization of geminal fit. Trust ratio= 0.40000
 Convergence reached after   2 iterations. Final gradient= 8.66D-16, Step= 4.23D-06, Delta= 1.28D-09

 Alpha:                 0.19532     0.81920     2.85917     9.50073    35.69989   197.79328
 Coeff:                 0.27070     0.30552     0.18297     0.10986     0.06810     0.04224


 All pairs explicitly correlated. Number of r12-pairs:           28

 Excluding core orbitals from MO domains

 AO(A)-basis ORBITAL           loaded. Number of functions:     178
 RI(R)-basis CC-PVTZ-F12/OPTRI loaded. Number of functions:     314
 DF-basis AUG-CC-PVTZ/JKFIT    loaded. Number of functions:     392

 Screening thresholds:   THRAO=  1.00D-10  THRMO=  1.00D-09  THRPROD=  1.00D-09
                         THRSW=  1.00D-05  THROV=  1.00D-12  THRAOF12= 1.00D-08

 CPU time for Fock operators                      1.48 sec

 Construction of ABS:
 Smallest eigenvalue of S          4.36E-04  (threshold= 1.00E-08)
 Ratio eigmin/eigmax               5.57E-05  (threshold= 1.00E-09)
 Smallest eigenvalue of S kept     4.36E-04  (threshold= 4.36E-04, 0 functions deleted, 314 kept)

 Construction of CABS:
 Smallest eigenvalue of S          7.27E-07  (threshold= 1.00E-08)
 Ratio eigmin/eigmax               7.27E-07  (threshold= 1.00E-09)
 Smallest eigenvalue of S kept     7.27E-07  (threshold= 7.27E-07, 0 functions deleted, 314 kept)

 CPU time for CABS singles                        0.04 sec

 CABS-singles contribution of  -0.00135383 patched into reference energy.
 New reference energy        -115.10011717

 AO(A)-basis ORBITAL           loaded. Number of functions:     178
 RI(R)-basis CC-PVTZ-F12/OPTRI loaded. Number of functions:     314
 DF-basis AUG-CC-PVTZ/MP2FIT   loaded. Number of functions:     396

 Screening thresholds:   THRAO=  1.00D-10  THRMO=  1.00D-09  THRPROD=  1.00D-09
                         THRSW=  1.00D-05  THROV=  1.00D-12  THRAOF12= 1.00D-08

 CPU time for 3-index integral evaluation         3.37 sec
 CPU time for first  half transformation          0.23 sec (10735.0 MFLOP/sec)
 CPU time for second half transformation          0.01 sec ( 6217.0 MFLOP/sec)
 CPU time for sorting                             0.03 sec
 CPU time for fitting                             0.01 sec (******* MFLOP/sec)
 CPU time for tilde quantities                    0.01 sec (******* MFLOP/sec)
 CPU time for assembly                            0.23 sec (53711.3 MFLOP/sec)
 CPU time for tranop_f12                          0.26 sec (61000.9 MFLOP/sec)
 CPU time for f12 integrals (total)               4.55 sec, Elapsed time:      8.16 sec
 CPU time for f12 matrices (total)                0.13 sec, Elapsed time:      0.76 sec

 Diagonal F12 approximation with fixed coefficients:  TSING= 0.500,  TTRIP= 0.250 (scaled by -1/beta)

 DF-MP2-F12 energy corrections:
 ==============================
 Approx.                                    Singlet             Triplet             Total
 DF-MP2-F12/3*C(DX,FIX)                -0.038285409549     -0.004212069117     -0.042497478666
 DF-MP2-F12/3*C(FIX)                   -0.036087089642     -0.003930354068     -0.040017443711
 DF-MP2-F12/3C(FIX)                    -0.036029644349     -0.004065279592     -0.040094923940

 DF-MP2-F12 correlation energies:
 ================================
 Approx.                                    Singlet             Triplet             Ecorr            Total Energy
 DF-MP2                                -0.291102255325     -0.152376340375     -0.443478595699   -115.543595762736
 DF-MP2-F12/3*C(DX,FIX)                -0.329387664874     -0.156588409491     -0.485976074365   -115.586093241402
 DF-MP2-F12/3*C(FIX)                   -0.327189344967     -0.156306694443     -0.483496039410   -115.583613206447
 DF-MP2-F12/3C(FIX)                    -0.327131899673     -0.156441619966     -0.483573519640   -115.583690686677

 SCS-DF-MP2 energies (F_SING= 1.20000  F_TRIP= 0.62222  F_PARALLEL= 0.33333):
 ============================================================================
 SCS-DF-MP2                            -0.444134651512   -115.544251818549
 SCS-DF-MP2-F12/3*C(DX,FIX)            -0.492697985977   -115.592815153014
 SCS-DF-MP2-F12/3*C(FIX)               -0.489884712725   -115.590001879762
 SCS-DF-MP2-F12/3C(FIX)                -0.489899732031   -115.590016899068
 Symmetry transformation completed.

 Number of N-1 electron functions:               7
 Number of N-2 electron functions:              28
 Number of singly external CSFs:              1183
 Number of doubly external CSFs:            700336
 Total number of CSFs:                      701520

 Length of J-op  integral file:             104.98 MB
 Length of K-op  integral file:             138.67 MB

 Integral transformation finished. Total CPU:   1.31 sec, npass=  1  Memory used:   2.18 MW

 ITER.      SQ.NORM     CORR.ENERGY   TOTAL ENERGY   ENERGY CHANGE     VAR   MIC
   1      1.00000000    -0.44354497  -115.54366213    -0.44354497  0.00D+00   0
   2      1.11475259    -0.44354497  -115.54366213    -0.00000000  0.27D-16   0

 Solving MP2-F12 equations

   1      1.11471621    -0.48288205  -115.58299922    -0.03933709 -0.37D-04   0
   2      1.11471621    -0.48363849  -115.58375566    -0.00075644 -0.24D-18   0
   3      1.11471621    -0.48363849  -115.58375566     0.00000000  0.67D-19   0

 CPU TIME FOR ITERATIVE MP2:    0.10 SEC


 MP2-F12 energy corrections:
 ===========================
 Approx.                                    Singlet             Triplet             Total
 MP2-F12/3*C(DX,FIX)                   -0.038285409549     -0.004212069117     -0.042497478666
 MP2-F12/3*C(FIX)                      -0.036087089642     -0.003930354068     -0.040017443711
 MP2-F12/3C(FIX)                       -0.036026947108     -0.004066577051     -0.040093524159

 MP2-F12 correlation energies:
 =============================
 Approx.                                    Singlet             Triplet             Ecorr            Total Energy
 MP2                                   -0.291285552019     -0.152259413817     -0.443544965837   -115.543662132873
 MP2-F12/3*C(DX,FIX)                   -0.329570961568     -0.156471482934     -0.486042444503   -115.586159611539
 MP2-F12/3*C(FIX)                      -0.327372641661     -0.156189767886     -0.483562409547   -115.583679576584
 MP2-F12/3C(FIX)                       -0.327312499127     -0.156325990869     -0.483638489995   -115.583755657032

 SCS-MP2 energies (F_SING= 1.20000  F_TRIP= 0.62222  F_PARALLEL= 0.33333):
 =========================================================================
 SCS-MP2                               -0.444281853243   -115.544399020280
 SCS-MP2-F12/3*C(DX,FIX)               -0.492845187708   -115.592962354745
 SCS-MP2-F12/3*C(FIX)                  -0.490031914456   -115.590149081493
 SCS-MP2-F12/3C(FIX)                   -0.490044504381   -115.590161671418


  Reference energy                   -115.098763341987
  F12 singles correction               -0.001353825050

 F12 singles corrections added to reference energy

  New reference energy               -115.100117167037

  F12/3C(F) singlet correction         -0.036026947108
  F12/3C(F) triplet correction         -0.004066577051
  F12/3C(F) total correction           -0.040093524159
  MP2-F12/3C(F) singlet pair energy    -0.327312499127
  MP2-F12/3C(F) triplet pair energy    -0.156325990869
  MP2-F12/3C(F) correlation energy     -0.483638489995

 !MP2-F12/3C(F) total energy         -115.583755657032


 **********************************************************************************************************************************
 DATASETS  * FILE   NREC   LENGTH (MB)   RECORD NAMES
              1      20      567.43       500      610      700      900      950      970     1000      129      960     1100   
                                          VAR    BASINP    GEOM    SYMINP    ZMAT    AOBASIS   BASIS     P2S    ABASIS      S 
                                         1400     1410     1200     1210     1080     1600     1650     1300     1700     1380   
                                           T        V       H0       H01     AOSYM     SMH    MOLCAS    ERIS     OPER     JKOP   

              2       7        4.13       700     1000      520     2100     7360     7350     7000   
                                         GEOM     BASIS   MCVARS     RHF    F12ABS    EF12   

 PROGRAMS   *        TOTAL   MP2-F12    HF-SCF       INT
 CPU TIMES  *        26.79      7.85      8.25     10.58
 REAL TIME  *       625.64 SEC
 DISK USED  *         2.14 GB
 **********************************************************************************************************************************


 PROGRAM * CCSD (Closed-shell coupled cluster)     Authors: C. Hampel, H.-J. Werner, 1991, M. Deegan, P.J. Knowles, 1992

                                  CCSD-F12 implementation by  H.-J. Werner, 2007

                   Density fitting integral evaluation by F.R. Manby, 2003,2007, G. Knizia, 2010



 Convergence thresholds:  THRVAR = 1.00D-08  THRDEN = 1.00D-06

 CCSD(T)     terms to be evaluated (factor= 1.000)


 Number of core orbitals:           2 (   2 )
 Number of closed-shell orbitals:   7 (   7 )
 Number of external orbitals:     169 ( 169 )

 Molecular orbitals read from record     2100.2  Type=RHF/CANONICAL (state 1.1)

 MP2-F12 correlation treatment (H.-J. Werner, 2006)
 ==================================================

 Using MP2-F12 with ansatz 3C(FIX)

 Using projected zeroth-order Hamiltonian (+Z)

 FOCKRIB=T FOCKRIC=T FOCKRIP=T CABSP=T CABSA=T CABSK=T CABSF=T GBC=F EBC=F DMAT=T NOFIK=T NOPAO=1 SOLVE=-1  USEPAO=0
 EXCH_A= T EXCH_B= F EXCH_C= F EXCH_P= F

 Geminal basis:    OPTFULL  GEM_TYPE=SLATER  BETA=1.0  NGEM=6

 Optimizing Gaussian exponents for each gem_beta

 Geminal optimization for beta= 1.0000
 Weight function:   m=0, omega= 1.4646

 Augmented Hessian optimization of geminal fit. Trust ratio= 0.40000
 Convergence reached after   2 iterations. Final gradient= 8.66D-16, Step= 4.23D-06, Delta= 1.28D-09

 Alpha:                 0.19532     0.81920     2.85917     9.50073    35.69989   197.79328
 Coeff:                 0.27070     0.30552     0.18297     0.10986     0.06810     0.04224


 All pairs explicitly correlated. Number of r12-pairs:           28

 Excluding core orbitals from MO domains

 AO(A)-basis ORBITAL           loaded. Number of functions:     178
 RI(R)-basis CC-PVTZ-F12/OPTRI loaded. Number of functions:     314
 DF-basis AUG-CC-PVTZ/JKFIT    loaded. Number of functions:     392

 Screening thresholds:   THRAO=  1.00D-10  THRMO=  1.00D-09  THRPROD=  1.00D-09
                         THRSW=  1.00D-05  THROV=  1.00D-12  THRAOF12= 1.00D-08

 CPU time for Fock operators                      1.43 sec

 Construction of ABS:
 Smallest eigenvalue of S          4.36E-04  (threshold= 1.00E-08)
 Ratio eigmin/eigmax               5.57E-05  (threshold= 1.00E-09)
 Smallest eigenvalue of S kept     4.36E-04  (threshold= 4.36E-04, 0 functions deleted, 314 kept)

 Construction of CABS:
 Smallest eigenvalue of S          7.27E-07  (threshold= 1.00E-08)
 Ratio eigmin/eigmax               7.27E-07  (threshold= 1.00E-09)
 Smallest eigenvalue of S kept     7.27E-07  (threshold= 7.27E-07, 0 functions deleted, 314 kept)

 CPU time for CABS singles                        0.04 sec

 CABS-singles contribution of  -0.00135383 patched into reference energy.
 New reference energy        -115.10011717

 AO(A)-basis ORBITAL           loaded. Number of functions:     178
 RI(R)-basis CC-PVTZ-F12/OPTRI loaded. Number of functions:     314
 DF-basis AUG-CC-PVTZ/MP2FIT   loaded. Number of functions:     396

 Screening thresholds:   THRAO=  1.00D-10  THRMO=  1.00D-09  THRPROD=  1.00D-09
                         THRSW=  1.00D-05  THROV=  1.00D-12  THRAOF12= 1.00D-08

 CPU time for 3-index integral evaluation         3.22 sec
 CPU time for first  half transformation          0.34 sec ( 7261.9 MFLOP/sec)
 CPU time for sorting                             0.01 sec
 CPU time for fitting                             0.02 sec (56971.3 MFLOP/sec)
 CPU time for tilde quantities                    0.03 sec (50348.4 MFLOP/sec)
 CPU time for assembly                            0.19 sec (65018.9 MFLOP/sec)
 CPU time for tranop_f12                          0.19 sec (83474.9 MFLOP/sec)
 CPU time for f12 integrals (total)               4.39 sec, Elapsed time:      4.78 sec
 CPU time for f12 matrices (total)                0.10 sec, Elapsed time:      0.13 sec

 Diagonal F12 approximation with fixed coefficients:  TSING= 0.500,  TTRIP= 0.250 (scaled by -1/beta)

 DF-MP2-F12 energy corrections:
 ==============================
 Approx.                                    Singlet             Triplet             Total
 DF-MP2-F12/3*C(DX,FIX)                -0.038285409549     -0.004212069117     -0.042497478666
 DF-MP2-F12/3*C(FIX)                   -0.036087089642     -0.003930354068     -0.040017443711
 DF-MP2-F12/3C(FIX)                    -0.036029644349     -0.004065279592     -0.040094923940

 DF-MP2-F12 correlation energies:
 ================================
 Approx.                                    Singlet             Triplet             Ecorr            Total Energy
 DF-MP2                                -0.291102255325     -0.152376340375     -0.443478595699   -115.543595762736
 DF-MP2-F12/3*C(DX,FIX)                -0.329387664874     -0.156588409491     -0.485976074365   -115.586093241402
 DF-MP2-F12/3*C(FIX)                   -0.327189344967     -0.156306694443     -0.483496039410   -115.583613206447
 DF-MP2-F12/3C(FIX)                    -0.327131899673     -0.156441619966     -0.483573519640   -115.583690686677

 SCS-DF-MP2 energies (F_SING= 1.20000  F_TRIP= 0.62222  F_PARALLEL= 0.33333):
 ============================================================================
 SCS-DF-MP2                            -0.444134651512   -115.544251818549
 SCS-DF-MP2-F12/3*C(DX,FIX)            -0.492697985977   -115.592815153014
 SCS-DF-MP2-F12/3*C(FIX)               -0.489884712725   -115.590001879762
 SCS-DF-MP2-F12/3C(FIX)                -0.489899732031   -115.590016899068
 Symmetry transformation completed.

 Number of N-1 electron functions:               7
 Number of N-2 electron functions:              28
 Number of singly external CSFs:              1183
 Number of doubly external CSFs:            700336
 Total number of CSFs:                      701520

 Length of J-op  integral file:             105.23 MB
 Length of K-op  integral file:             138.67 MB
 Length of 3-ext integral record:             0.00 MB

 Memory could be reduced to 48.01 Mwords without degradation in triples

 Integral transformation finished. Total CPU:   3.06 sec, npass=  1  Memory used:  24.86 MW

 Reference energy:                   -115.10011717

 Adding F12 terms to K(Cij), methodcc=6,  factor= 1.0

 ITER.      SQ.NORM     CORR.ENERGY   TOTAL ENERGY   ENERGY CHANGE        DEN1      VAR(S)    VAR(P)  DIIS     TIME  TIME/IT
   1      1.11763777    -0.45287406  -115.55299123    -0.00932909     0.00167277  0.15D-02  0.19D-02  1  1    12.73    18.55
   2      1.12504741    -0.45323562  -115.55335279    -0.00036156    -0.00904653  0.24D-04  0.23D-03  2  2    15.63    14.21
   3      1.12777716    -0.45341303  -115.55353020    -0.00017741    -0.00186517  0.15D-04  0.13D-04  3  3    18.30    10.46
   4      1.12872448    -0.45343090  -115.55354807    -0.00001787    -0.00060026  0.86D-06  0.12D-05  4  4    20.89     8.54
   5      1.12887994    -0.45343246  -115.55354962    -0.00000156    -0.00003791  0.23D-06  0.10D-06  5  5    23.62     7.41
   6      1.12892247    -0.45343011  -115.55354727     0.00000235    -0.00000422  0.35D-07  0.96D-08  6  6    26.25     6.65
   7      1.12893356    -0.45342923  -115.55354640     0.00000087    -0.00000298  0.39D-08  0.14D-08  6  1    28.93     6.11
   8      1.12893535    -0.45342930  -115.55354646    -0.00000006     0.00000033  0.67D-09  0.20D-09  6  3    31.63     5.71

 Norm of t1 vector:      0.05000710      S-energy:     0.00000011      T1 diagnostic:  0.00945045
                                                                       D1 diagnostic:  0.02005090

 Adding energy correction from Wij-K(Fij), methodcc=6  factor= 1.0

  CCSD correlation energy              -0.453429295615
  MP2-F12 correction (uncoupled)       -0.038543871634
  C*T doubles correction               -0.001164477665
  f12b correction                       0.007098561808


 Total CPU time for triples:     34.42 sec


 RESULTS
 =======

  Reference energy                   -115.098763341987
  F12 singles correction               -0.001353825050

 F12 singles corrections added to reference energy

  New reference energy               -115.100117167037

  F12a singlet correction              -0.035790314228
  F12a triplet correction              -0.003918035072
  F12a total correction                -0.039708349299

 F12a corrections for ansatz F12/3C(FIX) added to CCSD energy

  CCSD-F12a singlet pair energy        -0.351213614013
  CCSD-F12a triplet pair energy        -0.141924137323
  CCSD-F12a correlation energy         -0.493137644915

  Triples (T) contribution             -0.016017365911
  Total correlation energy             -0.509155010825

  CCSD-F12a total energy             -115.593254811952
  CCSD[T]-F12a energy                -115.609825307108
  CCSD-T-F12a energy                 -115.609028443575
 !CCSD(T)-F12a total energy          -115.609272177862

 F12b corrections for ansatz F12/3C(FIX) added to CCSD(T)-F12a energy

  CCSD-F12b singlet pair energy        -0.344577101079
  CCSD-F12b triplet pair energy        -0.141462088448
  CCSD-F12b correlation energy         -0.486039083106

  Triples (T) contribution             -0.016017365911
  Total correlation energy             -0.502056449017

  CCSD-F12b total energy             -115.586156250143
  CCSD[T]-F12b energy                -115.602726745300
  CCSD-T-F12b energy                 -115.601929881767
 !CCSD(T)-F12b total energy          -115.602173616054

 Timing summary (sec):

 STEP                 CPU(USER)    SYS     CPU(TOT)    WALL
 Transformation          3.10      1.28      4.38      8.12
 CCSD iterations        22.52      2.00     24.52     45.83
 Triples                34.42      0.89     35.31     35.47
 MP2-F12                 6.03      0.46      6.49      6.54
 F12b energy             2.26      0.10      2.36      2.40

 Program statistics:

 Available memory in ccsd:               499999646
 Min. memory needed in ccsd:               2228017
 Max. memory used in ccsd:                 2807120
 Max. memory used in cckext:               2027429 ( 9 integral passes)



 **********************************************************************************************************************************
 DATASETS  * FILE   NREC   LENGTH (MB)   RECORD NAMES
              1      20      703.38       500      610      700      900      950      970     1000      129      960     1100   
                                          VAR    BASINP    GEOM    SYMINP    ZMAT    AOBASIS   BASIS     P2S    ABASIS      S 
                                         1400     1410     1200     1210     1080     1600     1650     1300     1700     1380   
                                           T        V       H0       H01     AOSYM     SMH    MOLCAS    ERIS     OPER     JKOP   

              2       7        4.13       700     1000      520     2100     7360     7350     7000   
                                         GEOM     BASIS   MCVARS     RHF    F12ABS    EF12   

 PROGRAMS   *        TOTAL   CCSD(T)   MP2-F12    HF-SCF       INT
 CPU TIMES  *        95.16     68.36      7.85      8.25     10.58
 REAL TIME  *       724.15 SEC
 DISK USED  *         2.14 GB
 **********************************************************************************************************************************
 SETTING XXX            =    "MMM"
 SETTING POINT          =        64.00000000                                  

 *** ### CH3OH


 XXX       RCO          ROH          RCH1         RCH2         RCH3           ACOH           AOCH1          AOCH2          AOCH3         AHH1           AHH2           AHH3            ENERGY       POINT
 "MMM"   1.42077677   0.96013932   1.09171752   1.08440070   1.09171752   108.12930637   112.15221523   107.18733878   111.65221523   61.43364279   180.00000000   298.56635721   -115.60927218   64.0000
                                                  

 CCSD(T)-F12/cc-pVTZ-F12 energy=   -115.602173616054

     CCSD(T)-F12         MP2-F12          HF-SCF
   -115.60217362   -115.58375566   -115.09876334
 **********************************************************************************************************************************
 Molpro calculation terminated
