
 Primary working directories    : /tmpdir/job/2955648.undefined/molpro.Spt9iPwAWl
 Secondary working directories  : /tmpdir/job/2955648.undefined/molpro.Spt9iPwAWl
 Wavefunction directory         : /home/zcaposm/wfu/
 Main file repository           : /tmpdir/job/2955648.undefined/molpro.Spt9iPwAWl/

 id        : uclcc

 Nodes                         nprocs
 node-d00a-252.myriad.ucl.ac.uk    1

 Using customized tuning parameters: mindgm=1; mindgv=20; mindgc=4; mindgr=1; noblas=0; minvec=7
 default implementation of scratch files=df  


 Variables initialized (945), CPU time= 0.00 sec
 ***,Methanol Ground State Energy with CCSD(T)-F12 and cc-pVTZ-F12
 memory,500,m;
 
 geometry={angstrom
 c
 o , 1, rco
 h , 2, roh, 1, acoh
 h1, 1, rch1, 2, aoch1  3  ahh1
 h2, 1, rch2, 2, aoch2, 3, ahh2
 h3, 1, rch3, 2, aoch3, 3, ahh3
 }
 
                                                ! Specify the initial values of the internal coordinates (in Angstroms and degrees)
 
 rco= 1.42077677
 roh= 0.96013932
 rch1= 1.091717515605
 rch2= 1.08440070258
 rch3= 1.091717515605
 acoh= 108.12930637
 aoch1= 111.6522152299
 aoch2= 106.43733878260001
 aoch3= 111.6522152299
 ahh1=61.43364279
 ahh2=180.0
 ahh3=298.56635721
 
                                                                                 ! Use the cc-pVTZ-F12 basis set
 basis=cc-pVTZ-F12
 
 hf
 
                                                                                 ! Use explicitly correlated F12 methods
                                                                            ! First, MP2-F12 (useful for initial electronic energy)
 {mp2-f12}
 
                                                                        ! If desired, perform CCSD(T)-F12 for more accurate results
 {ccsd(t)-f12}
 
                                                                                 ! Output the energy
 xxx = "mmm"
 point = 79
 text ### CH3OH
 table,xxx,rco,roh,rch1,rch2,rch3,acoh,aoch1,aoch2,aoch3,ahh1,ahh2,ahh3,energy,point
 DIGITS, 0, 8, 8, 8, 8, 8, 8, 8, 8, 8,  8,  8,  8, 8, 4
 save,CH3OH_MEP_MP2_79.dat,new
 
 Commands  initialized (802), CPU time= 0.01 sec, 659 directives.
 Default parameters read. Elapsed time= 0.09 sec

 Checking input...
 Passed
1


                                         ***  PROGRAM SYSTEM MOLPRO  ***
                                       Copyright, TTI GmbH Stuttgart, 2015
                                    Version 2020.1 linked Oct  6 2020 12:04:11


 **********************************************************************************************************************************
 LABEL *   Methanol Ground State Energy with CCSD(T)-F12 and cc-pVTZ-F12                 
  64 bit serial version                                                                  DATE: 08-Oct-24          TIME: 17:30:40  
 **********************************************************************************************************************************

 SHA1:             8c27446f6450a7499e38f603e13c65f775101d37
 **********************************************************************************************************************************

 Memory per process:       500 MW
 Total memory per node:    500 MW

 GA preallocation disabled
 GA check disabled

 Variable memory set to 500.0 MW

 SETTING RCO            =         1.42077677                                  
 SETTING ROH            =         0.96013932                                  
 SETTING RCH1           =         1.09171752                                  
 SETTING RCH2           =         1.08440070                                  
 SETTING RCH3           =         1.09171752                                  
 SETTING ACOH           =       108.12930637                                  
 SETTING AOCH1          =       111.65221523                                  
 SETTING AOCH2          =       106.43733878                                  
 SETTING AOCH3          =       111.65221523                                  
 SETTING AHH1           =        61.43364279                                  
 SETTING AHH2           =       180.00000000                                  
 SETTING AHH3           =       298.56635721                                  
 SETTING BASIS          =    CC-PVTZ-F12


 Recomputing integrals since basis changed


 Using spherical harmonics

 Library entry C      S cc-pVTZ-F12          selected for orbital group  1
 Library entry C      P cc-pVTZ-F12          selected for orbital group  1
 Library entry C      D cc-pVTZ-F12          selected for orbital group  1
 Library entry C      F cc-pVTZ-F12          selected for orbital group  1
 Library entry O      S cc-pVTZ-F12          selected for orbital group  2
 Library entry O      P cc-pVTZ-F12          selected for orbital group  2
 Library entry O      D cc-pVTZ-F12          selected for orbital group  2
 Library entry O      F cc-pVTZ-F12          selected for orbital group  2
 Library entry H      S cc-pVTZ-F12          selected for orbital group  3
 Library entry H      P cc-pVTZ-F12          selected for orbital group  3
 Library entry H      D cc-pVTZ-F12          selected for orbital group  3


 PROGRAM * SEWARD (Integral evaluation for generally contracted gaussian basis sets)     Author: Roland Lindh, 1990

 Geometry written to block  1 of record 700

 Orientation using atomic masses  
 Molecule type: Asymmetric top
 Symmetry elements: X
 Rotational constants:      23.9809839     24.8442017    128.4600759 GHz  (calculated with average atomic masses)

 Point group  Cs  



 ATOMIC COORDINATES

 NR  ATOM    CHARGE       X              Y              Z

   1  C       6.00    0.000000000    0.024787608   -1.377397589
   2  O       8.00    0.000000000   -0.121113685    1.303514187
   3  H       1.00    0.000000000    1.569985996    1.960956596
   4  H1      1.00    1.684053272    0.981691423   -2.087653208
   5  H3      1.00   -1.684053272    0.981691423   -2.087653208
   6  H2      1.00    0.000000000   -1.906265722   -2.063208806

 Bond lengths in Bohr (Angstrom)

 1-2  2.684878979  1-4  2.063047110  1-5  2.063047110  1-6  2.049220337  2-3  1.814400356
     ( 1.420776770)     ( 1.091717516)     ( 1.091717516)     ( 1.084400703)     ( 0.960139320)

 Bond angles

  1-2-3  108.12930637   2-1-4  111.65221523   2-1-5  111.65221523   2-1-6  106.43733878

  4-1-5  109.43105099   4-1-6  108.77578253   5-1-6  108.77578253

 NUCLEAR CHARGE:                   18
 NUMBER OF PRIMITIVE AOS:         228
 NUMBER OF SYMMETRY AOS:          206
 NUMBER OF CONTRACTIONS:          178   (  114A'  +   64A"  )
 NUMBER OF INNER CORE ORBITALS:     0   (    0A'  +    0A"  )
 NUMBER OF OUTER CORE ORBITALS:     2   (    2A'  +    0A"  )
 NUMBER OF VALENCE ORBITALS:       12   (    9A'  +    3A"  )


 NUCLEAR REPULSION ENERGY   40.35445841

 Eigenvalues of metric

         1 0.879E-04 0.183E-03 0.309E-03 0.460E-03 0.493E-03 0.560E-03 0.616E-03 0.621E-03
         2 0.322E-03 0.570E-03 0.686E-03 0.177E-02 0.337E-02 0.494E-02 0.652E-02 0.870E-02


 Contracted 2-electron integrals neglected if value below      1.0D-11
 AO integral compression algorithm  1   Integral accuracy      1.0D-11

     331.874 MB (compressed) written to integral file ( 53.5%)


 NUMBER OF SORTED TWO-ELECTRON INTEGRALS:   64554730.     BUFFER LENGTH:  32768
 NUMBER OF SEGMENTS:   5  SEGMENT LENGTH:   15997996      RECORD LENGTH: 524288

 Memory used in sort:      16.56 MW

 SORT1 READ    77497885. AND WROTE    63557138. INTEGRALS IN    184 RECORDS. CPU TIME:     1.20 SEC, REAL TIME:     9.68 SEC
 SORT2 READ    63557138. AND WROTE    64554730. INTEGRALS IN   1266 RECORDS. CPU TIME:     1.31 SEC, REAL TIME:    13.58 SEC

 FILE SIZES:   FILE 1:   362.8 MBYTE,  FILE 4:   771.8 MBYTE,   TOTAL:   1134.6 MBYTE

 OPERATOR DM      FOR CENTER  0  COORDINATES:    0.000000    0.000000    0.000000


 **********************************************************************************************************************************
 DATASETS  * FILE   NREC   LENGTH (MB)   RECORD NAMES
              1      19      311.92       500      610      700      900      950      970     1000      129      960     1100   
                                          VAR    BASINP    GEOM    SYMINP    ZMAT    AOBASIS   BASIS     P2S    ABASIS      S 
                                         1400     1410     1200     1210     1080     1600     1650     1300     1700   
                                           T        V       H0       H01     AOSYM     SMH    MOLCAS    ERIS     OPER   

 PROGRAMS   *        TOTAL       INT
 CPU TIMES  *         5.70      5.59
 REAL TIME  *        34.92 SEC
 DISK USED  *         1.13 GB
 **********************************************************************************************************************************


 PROGRAM * RHF-SCF (CLOSED SHELL)       Authors: W. Meyer, H.-J. Werner


 NUMBER OF ELECTRONS:       9+    9-
 CONVERGENCE THRESHOLDS:    1.00E-05 (Density)    1.00E-07 (Energy)
 MAX. NUMBER OF ITERATIONS:       60
 INTERPOLATION TYPE:            DIIS
 INTERPOLATION STEPS:              2 (START)      1 (STEP)
 LEVEL SHIFTS:                  0.00 (CLOSED)  0.00 (OPEN) 



 Orbital guess generated from atomic densities. Full valence occupancy:   11   3

 Molecular orbital dump at record        2100.2

 Initial occupancy:   7   2

 ITERATION    DDIFF          GRAD             ENERGY        2-EL.EN.            DIPOLE MOMENTS         DIIS   ORB.
    1      0.000D+00      0.000D+00      -115.06230485    164.507631    0.00000    0.90548   -0.47717    0    start
    2      0.000D+00      0.669D-02      -115.09068210    161.920353    0.00000    0.49617   -0.30258    1    diag
    3      0.653D-02      0.366D-02      -115.09820244    163.185914    0.00000    0.60011   -0.39627    2    diag
    4      0.222D-02      0.720D-03      -115.09873490    163.009524    0.00000    0.59503   -0.39182    3    diag
    5      0.593D-03      0.145D-03      -115.09876935    163.021033    0.00000    0.59106   -0.39670    4    diag
    6      0.165D-03      0.270D-04      -115.09877092    163.018793    0.00000    0.59120   -0.39750    5    diag
    7      0.475D-04      0.574D-05      -115.09877099    163.018421    0.00000    0.59102   -0.39778    6    diag
    8      0.119D-04      0.150D-05      -115.09877100    163.018768    0.00000    0.59100   -0.39781    7    diag
    9      0.235D-05      0.470D-06      -115.09877100    163.018603    0.00000    0.59099   -0.39782    0    orth

 Final occupancy:   7   2

 !RHF STATE  1.1 Energy              -115.098770996190
 Nuclear energy                        40.35445841
 One-electron energy                 -236.96253113
 Two-electron energy                   81.50930172
 Virial quotient                       -1.00100017
 !RHF STATE  1.1 Dipole moment          0.00000000     0.59098762    -0.39781772
 Dipole moment /Debye                   0.00000000     1.50204232    -1.01108557

 Orbital energies:

         1.1          2.1          3.1          4.1          5.1          6.1          7.1          8.1          9.1
    -20.556116   -11.269719    -1.356876    -0.926170    -0.691147    -0.593478    -0.504833     0.054649     0.065079

         1.2          2.2          3.2          4.2
     -0.621552    -0.452073     0.073790     0.181519


 HOMO      2.2    -0.452073 =     -12.3015eV
 LUMO      8.1     0.054649 =       1.4871eV
 LUMO-HOMO         0.506721 =      13.7886eV


 **********************************************************************************************************************************
 DATASETS  * FILE   NREC   LENGTH (MB)   RECORD NAMES
              1      19      311.92       500      610      700      900      950      970     1000      129      960     1100   
                                          VAR    BASINP    GEOM    SYMINP    ZMAT    AOBASIS   BASIS     P2S    ABASIS      S 
                                         1400     1410     1200     1210     1080     1600     1650     1300     1700   
                                           T        V       H0       H01     AOSYM     SMH    MOLCAS    ERIS     OPER   

              2       4        3.18       700     1000      520     2100   
                                         GEOM     BASIS   MCVARS     RHF  

 PROGRAMS   *        TOTAL    HF-SCF       INT
 CPU TIMES  *         8.41      2.71      5.59
 REAL TIME  *        39.33 SEC
 DISK USED  *         1.13 GB
 **********************************************************************************************************************************


 PROGRAM * MP2 (Closed-shell)     Authors: C. Hampel, H.-J. Werner, 1991, M. Deegan, P.J. Knowles, 1992

                                   MP2-F12 implementation by H.-J. Werner, 2007

                   Density fitting integral evaluation by F.R. Manby, 2003,2007, G. Knizia, 2010


 Basis set AUG-CC-PVTZ/JKFIT generated.  Number of basis functions:   392 
 Basis set CC-PVTZ-F12/OPTRI generated.  Number of basis functions:   314 
 Basis set AUG-CC-PVTZ/MP2FIT generated. Number of basis functions:   396 

 Convergence thresholds:  THRVAR = 1.00D-08  THRDEN = 1.00D-06

 Number of core orbitals:           2 (   2   0 )
 Number of closed-shell orbitals:   7 (   5   2 )
 Number of external orbitals:     169 ( 107  62 )

 Molecular orbitals read from record     2100.2  Type=RHF/CANONICAL (state 1.1)

 MP2-F12 correlation treatment (H.-J. Werner, 2006)
 ==================================================

 Using MP2-F12 with ansatz 3C(FIX)

 Using projected zeroth-order Hamiltonian (+Z)

 FOCKRIB=T FOCKRIC=T FOCKRIP=T CABSP=T CABSA=T CABSK=T CABSF=T GBC=F EBC=F DMAT=T NOFIK=T NOPAO=1 SOLVE=-1  USEPAO=0
 EXCH_A= T EXCH_B= F EXCH_C= F EXCH_P= F

 Geminal basis:    OPTFULL  GEM_TYPE=SLATER  BETA=1.0  NGEM=6

 Optimizing Gaussian exponents for each gem_beta

 Geminal optimization for beta= 1.0000
 Weight function:   m=0, omega= 1.4646

 Augmented Hessian optimization of geminal fit. Trust ratio= 0.40000
 Convergence reached after   2 iterations. Final gradient= 8.66D-16, Step= 4.23D-06, Delta= 1.28D-09

 Alpha:                 0.19532     0.81920     2.85917     9.50073    35.69989   197.79328
 Coeff:                 0.27070     0.30552     0.18297     0.10986     0.06810     0.04224


 Symmetry turned off. Reference energy:       -115.098770996190

 All pairs explicitly correlated. Number of r12-pairs:           28

 Excluding core orbitals from MO domains

 AO(A)-basis ORBITAL           loaded. Number of functions:     178
 RI(R)-basis CC-PVTZ-F12/OPTRI loaded. Number of functions:     314
 DF-basis AUG-CC-PVTZ/JKFIT    loaded. Number of functions:     392

 Screening thresholds:   THRAO=  1.00D-10  THRMO=  1.00D-09  THRPROD=  1.00D-09
                         THRSW=  1.00D-05  THROV=  1.00D-12  THRAOF12= 1.00D-08

 CPU time for Fock operators                      4.98 sec

 Construction of ABS:
 Smallest eigenvalue of S          4.36E-04  (threshold= 1.00E-08)
 Ratio eigmin/eigmax               5.57E-05  (threshold= 1.00E-09)
 Smallest eigenvalue of S kept     4.36E-04  (threshold= 4.36E-04, 0 functions deleted, 314 kept)

 Construction of CABS:
 Smallest eigenvalue of S          7.27E-07  (threshold= 1.00E-08)
 Ratio eigmin/eigmax               7.27E-07  (threshold= 1.00E-09)
 Smallest eigenvalue of S kept     7.27E-07  (threshold= 7.27E-07, 0 functions deleted, 314 kept)

 CPU time for CABS singles                        0.04 sec

 CABS-singles contribution of  -0.00135296 patched into reference energy.
 New reference energy        -115.10012396

 AO(A)-basis ORBITAL           loaded. Number of functions:     178
 RI(R)-basis CC-PVTZ-F12/OPTRI loaded. Number of functions:     314
 DF-basis AUG-CC-PVTZ/MP2FIT   loaded. Number of functions:     396

 Screening thresholds:   THRAO=  1.00D-10  THRMO=  1.00D-09  THRPROD=  1.00D-09
                         THRSW=  1.00D-05  THROV=  1.00D-12  THRAOF12= 1.00D-08

 CPU time for 3-index integral evaluation         3.20 sec
 CPU time for first  half transformation          0.28 sec ( 8818.0 MFLOP/sec)
 CPU time for second half transformation          0.01 sec ( 6217.0 MFLOP/sec)
 CPU time for sorting                             0.01 sec
 CPU time for fitting                             0.02 sec (56971.3 MFLOP/sec)
 CPU time for tilde quantities                    0.01 sec (******* MFLOP/sec)
 CPU time for assembly                            0.17 sec (72668.2 MFLOP/sec)
 CPU time for tranop_f12                          0.22 sec (72091.9 MFLOP/sec)
 CPU time for f12 integrals (total)               6.52 sec, Elapsed time:      6.96 sec
 CPU time for f12 matrices (total)                0.10 sec, Elapsed time:      0.12 sec

 Diagonal F12 approximation with fixed coefficients:  TSING= 0.500,  TTRIP= 0.250 (scaled by -1/beta)

 DF-MP2-F12 energy corrections:
 ==============================
 Approx.                                    Singlet             Triplet             Total
 DF-MP2-F12/3*C(DX,FIX)                -0.038289209269     -0.004213430840     -0.042502640108
 DF-MP2-F12/3*C(FIX)                   -0.036089789411     -0.003931686294     -0.040021475706
 DF-MP2-F12/3C(FIX)                    -0.036032581420     -0.004066724492     -0.040099305911

 DF-MP2-F12 correlation energies:
 ================================
 Approx.                                    Singlet             Triplet             Ecorr            Total Energy
 DF-MP2                                -0.291108907776     -0.152369792256     -0.443478700033   -115.543602656932
 DF-MP2-F12/3*C(DX,FIX)                -0.329398117045     -0.156583223096     -0.485981340141   -115.586105297041
 DF-MP2-F12/3*C(FIX)                   -0.327198697188     -0.156301478550     -0.483500175738   -115.583624132638
 DF-MP2-F12/3C(FIX)                    -0.327141489196     -0.156436516748     -0.483578005944   -115.583701962844

 SCS-DF-MP2 energies (F_SING= 1.20000  F_TRIP= 0.62222  F_PARALLEL= 0.33333):
 ============================================================================
 SCS-DF-MP2                            -0.444138560069   -115.544262516969
 SCS-DF-MP2-F12/3*C(DX,FIX)            -0.492707301492   -115.592831258391
 SCS-DF-MP2-F12/3*C(FIX)               -0.489892689946   -115.590016646845
 SCS-DF-MP2-F12/3C(FIX)                -0.489908064123   -115.590032021023

 Symmetry restored.
 Symmetry transformation completed.

 Number of N-1 electron functions:               7
 Number of N-2 electron functions:              28
 Number of singly external CSFs:               659
 Number of doubly external CSFs:            355020
 Total number of CSFs:                      355680

 Length of J-op  integral file:             103.49 MB
 Length of K-op  integral file:             127.95 MB

 Integral transformation finished. Total CPU:   0.45 sec, npass=  1  Memory used:   0.67 MW

 ITER.      SQ.NORM     CORR.ENERGY   TOTAL ENERGY   ENERGY CHANGE     VAR   MIC
   1      1.00000000    -0.44354509  -115.54366905    -0.44354509  0.00D+00   0
   2      1.11474146    -0.44354509  -115.54366905     0.00000000 -0.75D-16   0

 Solving MP2-F12 equations

   1      1.11470520    -0.48288625  -115.58301020    -0.03934115 -0.37D-04   0
   2      1.11470520    -0.48364299  -115.58376694    -0.00075674 -0.14D-18   0
   3      1.11470520    -0.48364299  -115.58376694     0.00000000 -0.77D-19   0

 CPU TIME FOR ITERATIVE MP2:    0.04 SEC


 MP2-F12 energy corrections:
 ===========================
 Approx.                                    Singlet             Triplet             Total
 MP2-F12/3*C(DX,FIX)                   -0.038289209269     -0.004213430840     -0.042502640108
 MP2-F12/3*C(FIX)                      -0.036089789411     -0.003931686294     -0.040021475706
 MP2-F12/3C(FIX)                       -0.036029876345     -0.004068018845     -0.040097895190

 MP2-F12 correlation energies:
 =============================
 Approx.                                    Singlet             Triplet             Ecorr            Total Energy
 MP2                                   -0.291292228721     -0.152252864088     -0.443545092808   -115.543669049708
 MP2-F12/3*C(DX,FIX)                   -0.329581437990     -0.156466294927     -0.486047732917   -115.586171689816
 MP2-F12/3*C(FIX)                      -0.327382018132     -0.156184550382     -0.483566568514   -115.583690525414
 MP2-F12/3C(FIX)                       -0.327322105066     -0.156320882933     -0.483642987999   -115.583766944898

 SCS-MP2 energies (F_SING= 1.20000  F_TRIP= 0.62222  F_PARALLEL= 0.33333):
 =========================================================================
 SCS-MP2                               -0.444285789897   -115.544409746797
 SCS-MP2-F12/3*C(DX,FIX)               -0.492854531320   -115.592978488220
 SCS-MP2-F12/3*C(FIX)                  -0.490039919774   -115.590163876674
 SCS-MP2-F12/3C(FIX)                   -0.490052853237   -115.590176810137


  Reference energy                   -115.098770996190
  F12 singles correction               -0.001352960710

 F12 singles corrections added to reference energy

  New reference energy               -115.100123956900

  F12/3C(F) singlet correction         -0.036029876345
  F12/3C(F) triplet correction         -0.004068018845
  F12/3C(F) total correction           -0.040097895190
  MP2-F12/3C(F) singlet pair energy    -0.327322105066
  MP2-F12/3C(F) triplet pair energy    -0.156320882933
  MP2-F12/3C(F) correlation energy     -0.483642987999

 !MP2-F12/3C(F) total energy         -115.583766944898


 **********************************************************************************************************************************
 DATASETS  * FILE   NREC   LENGTH (MB)   RECORD NAMES
              1      20      317.66       500      610      700      900      950      970     1000      129      960     1100   
                                          VAR    BASINP    GEOM    SYMINP    ZMAT    AOBASIS   BASIS     P2S    ABASIS      S 
                                         1400     1410     1200     1210     1080     1600     1650     1300     1700     1380   
                                           T        V       H0       H01     AOSYM     SMH    MOLCAS    ERIS     OPER     JKOP   

              2       7        3.55       700     1000      520     2100     7360     7350     7000   
                                         GEOM     BASIS   MCVARS     RHF    F12ABS    EF12   

 PROGRAMS   *        TOTAL   MP2-F12    HF-SCF       INT
 CPU TIMES  *        20.70     12.29      2.71      5.59
 REAL TIME  *        52.93 SEC
 DISK USED  *         1.13 GB
 **********************************************************************************************************************************


 PROGRAM * CCSD (Closed-shell coupled cluster)     Authors: C. Hampel, H.-J. Werner, 1991, M. Deegan, P.J. Knowles, 1992

                                  CCSD-F12 implementation by  H.-J. Werner, 2007

                   Density fitting integral evaluation by F.R. Manby, 2003,2007, G. Knizia, 2010



 Convergence thresholds:  THRVAR = 1.00D-08  THRDEN = 1.00D-06

 CCSD(T)     terms to be evaluated (factor= 1.000)


 Number of core orbitals:           2 (   2   0 )
 Number of closed-shell orbitals:   7 (   5   2 )
 Number of external orbitals:     169 ( 107  62 )

 Molecular orbitals read from record     2100.2  Type=RHF/CANONICAL (state 1.1)

 MP2-F12 correlation treatment (H.-J. Werner, 2006)
 ==================================================

 Using MP2-F12 with ansatz 3C(FIX)

 Using projected zeroth-order Hamiltonian (+Z)

 FOCKRIB=T FOCKRIC=T FOCKRIP=T CABSP=T CABSA=T CABSK=T CABSF=T GBC=F EBC=F DMAT=T NOFIK=T NOPAO=1 SOLVE=-1  USEPAO=0
 EXCH_A= T EXCH_B= F EXCH_C= F EXCH_P= F

 Geminal basis:    OPTFULL  GEM_TYPE=SLATER  BETA=1.0  NGEM=6

 Optimizing Gaussian exponents for each gem_beta

 Geminal optimization for beta= 1.0000
 Weight function:   m=0, omega= 1.4646

 Augmented Hessian optimization of geminal fit. Trust ratio= 0.40000
 Convergence reached after   2 iterations. Final gradient= 8.66D-16, Step= 4.23D-06, Delta= 1.28D-09

 Alpha:                 0.19532     0.81920     2.85917     9.50073    35.69989   197.79328
 Coeff:                 0.27070     0.30552     0.18297     0.10986     0.06810     0.04224


 Symmetry turned off. Reference energy:       -115.098770996190

 All pairs explicitly correlated. Number of r12-pairs:           28

 Excluding core orbitals from MO domains

 AO(A)-basis ORBITAL           loaded. Number of functions:     178
 RI(R)-basis CC-PVTZ-F12/OPTRI loaded. Number of functions:     314
 DF-basis AUG-CC-PVTZ/JKFIT    loaded. Number of functions:     392

 Screening thresholds:   THRAO=  1.00D-10  THRMO=  1.00D-09  THRPROD=  1.00D-09
                         THRSW=  1.00D-05  THROV=  1.00D-12  THRAOF12= 1.00D-08

 CPU time for Fock operators                      4.87 sec

 Construction of ABS:
 Smallest eigenvalue of S          4.36E-04  (threshold= 1.00E-08)
 Ratio eigmin/eigmax               5.57E-05  (threshold= 1.00E-09)
 Smallest eigenvalue of S kept     4.36E-04  (threshold= 4.36E-04, 0 functions deleted, 314 kept)

 Construction of CABS:
 Smallest eigenvalue of S          7.27E-07  (threshold= 1.00E-08)
 Ratio eigmin/eigmax               7.27E-07  (threshold= 1.00E-09)
 Smallest eigenvalue of S kept     7.27E-07  (threshold= 7.27E-07, 0 functions deleted, 314 kept)

 CPU time for CABS singles                        0.03 sec

 CABS-singles contribution of  -0.00135296 patched into reference energy.
 New reference energy        -115.10012396

 AO(A)-basis ORBITAL           loaded. Number of functions:     178
 RI(R)-basis CC-PVTZ-F12/OPTRI loaded. Number of functions:     314
 DF-basis AUG-CC-PVTZ/MP2FIT   loaded. Number of functions:     396

 Screening thresholds:   THRAO=  1.00D-10  THRMO=  1.00D-09  THRPROD=  1.00D-09
                         THRSW=  1.00D-05  THROV=  1.00D-12  THRAOF12= 1.00D-08

 CPU time for 3-index integral evaluation         3.14 sec
 CPU time for first  half transformation          0.26 sec ( 9496.4 MFLOP/sec)
 CPU time for sorting                             0.03 sec
 CPU time for fitting                             0.02 sec (56971.3 MFLOP/sec)
 CPU time for tilde quantities                    0.01 sec (******* MFLOP/sec)
 CPU time for assembly                            0.18 sec (68631.1 MFLOP/sec)
 CPU time for tranop_f12                          0.22 sec (72091.9 MFLOP/sec)
 CPU time for f12 integrals (total)               6.50 sec, Elapsed time:      6.91 sec
 CPU time for f12 matrices (total)                0.09 sec, Elapsed time:      0.12 sec

 Diagonal F12 approximation with fixed coefficients:  TSING= 0.500,  TTRIP= 0.250 (scaled by -1/beta)

 DF-MP2-F12 energy corrections:
 ==============================
 Approx.                                    Singlet             Triplet             Total
 DF-MP2-F12/3*C(DX,FIX)                -0.038289209269     -0.004213430840     -0.042502640108
 DF-MP2-F12/3*C(FIX)                   -0.036089789411     -0.003931686294     -0.040021475706
 DF-MP2-F12/3C(FIX)                    -0.036032581420     -0.004066724492     -0.040099305911

 DF-MP2-F12 correlation energies:
 ================================
 Approx.                                    Singlet             Triplet             Ecorr            Total Energy
 DF-MP2                                -0.291108907776     -0.152369792256     -0.443478700033   -115.543602656932
 DF-MP2-F12/3*C(DX,FIX)                -0.329398117045     -0.156583223096     -0.485981340141   -115.586105297041
 DF-MP2-F12/3*C(FIX)                   -0.327198697188     -0.156301478550     -0.483500175738   -115.583624132638
 DF-MP2-F12/3C(FIX)                    -0.327141489196     -0.156436516748     -0.483578005944   -115.583701962844

 SCS-DF-MP2 energies (F_SING= 1.20000  F_TRIP= 0.62222  F_PARALLEL= 0.33333):
 ============================================================================
 SCS-DF-MP2                            -0.444138560069   -115.544262516969
 SCS-DF-MP2-F12/3*C(DX,FIX)            -0.492707301492   -115.592831258391
 SCS-DF-MP2-F12/3*C(FIX)               -0.489892689946   -115.590016646845
 SCS-DF-MP2-F12/3C(FIX)                -0.489908064123   -115.590032021023

 Symmetry restored.
 Symmetry transformation completed.

 Number of N-1 electron functions:               7
 Number of N-2 electron functions:              28
 Number of singly external CSFs:               659
 Number of doubly external CSFs:            355020
 Total number of CSFs:                      355680

 Length of J-op  integral file:             103.62 MB
 Length of K-op  integral file:             127.95 MB
 Length of 3-ext integral record:             0.00 MB

 Memory could be reduced to 24.20 Mwords without degradation in triples

 Integral transformation finished. Total CPU:   1.13 sec, npass=  1  Memory used:   7.45 MW

 Reference energy:                   -115.10012396

 Adding F12 terms to K(Cij), methodcc=6,  factor= 1.0

 ITER.      SQ.NORM     CORR.ENERGY   TOTAL ENERGY   ENERGY CHANGE        DEN1      VAR(S)    VAR(P)  DIIS     TIME  TIME/IT
   1      1.11762162    -0.45287150  -115.55299546    -0.00932641     0.00168011  0.15D-02  0.19D-02  1  1    13.45     0.83
   2      1.12503417    -0.45323253  -115.55335648    -0.00036102    -0.00905014  0.24D-04  0.23D-03  2  2    14.21     0.85
   3      1.12776451    -0.45340992  -115.55353388    -0.00017740    -0.00186535  0.15D-04  0.13D-04  3  3    14.97     0.85
   4      1.12871237    -0.45342775  -115.55355171    -0.00001783    -0.00060053  0.86D-06  0.12D-05  4  4    15.72     0.85
   5      1.12886801    -0.45342932  -115.55355327    -0.00000156    -0.00003793  0.23D-06  0.10D-06  5  5    16.48     0.85
   6      1.12891061    -0.45342695  -115.55355091     0.00000236    -0.00000422  0.36D-07  0.96D-08  6  6    17.26     0.86
   7      1.12892173    -0.45342608  -115.55355004     0.00000088    -0.00000298  0.39D-08  0.14D-08  6  1    18.12     0.87
   8      1.12892353    -0.45342614  -115.55355010    -0.00000006     0.00000033  0.67D-09  0.20D-09  6  3    18.95     0.88

 Norm of t1 vector:      0.05002947      S-energy:    -0.00000037      T1 diagnostic:  0.00945468
                                                                       D1 diagnostic:  0.02005815

 Adding energy correction from Wij-K(Fij), methodcc=6  factor= 1.0

  CCSD correlation energy              -0.453426139492
  MP2-F12 correction (uncoupled)       -0.038547189658
  C*T doubles correction               -0.001165178208
  f12b correction                       0.007099047709


 Total CPU time for triples:     11.86 sec


 RESULTS
 =======

  Reference energy                   -115.098770996190
  F12 singles correction               -0.001352960710

 F12 singles corrections added to reference energy

  New reference energy               -115.100123956900

  F12a singlet correction              -0.035793008731
  F12a triplet correction              -0.003919359135
  F12a total correction                -0.039712367866

 F12a corrections for ansatz F12/3C(FIX) added to CCSD energy

  CCSD-F12a singlet pair energy        -0.351223249758
  CCSD-F12a triplet pair energy        -0.141914889740
  CCSD-F12a correlation energy         -0.493138507358

  Triples (T) contribution             -0.016016114808
  Total correlation energy             -0.509154622167

  CCSD-F12a total energy             -115.593262464258
  CCSD[T]-F12a energy                -115.609832170032
  CCSD-T-F12a energy                 -115.609034642645
 !CCSD(T)-F12a total energy          -115.609278579066

 F12b corrections for ansatz F12/3C(FIX) added to CCSD(T)-F12a energy

  CCSD-F12b singlet pair energy        -0.344586329309
  CCSD-F12b triplet pair energy        -0.141452762479
  CCSD-F12b correlation energy         -0.486039459649

  Triples (T) contribution             -0.016016114808
  Total correlation energy             -0.502055574457

  CCSD-F12b total energy             -115.586163416548
  CCSD[T]-F12b energy                -115.602733122323
  CCSD-T-F12b energy                 -115.601935594935
 !CCSD(T)-F12b total energy          -115.602179531357

 Timing summary (sec):

 STEP                 CPU(USER)    SYS     CPU(TOT)    WALL
 Transformation          1.14      0.24      1.38      1.66
 CCSD iterations         6.25      0.77      7.02      7.03
 Triples                11.86      0.49     12.35     12.38
 MP2-F12                11.56      0.59     12.15     12.30
 F12b energy             0.61      0.07      0.68      0.68

 Program statistics:

 Available memory in ccsd:               499999650
 Min. memory needed in ccsd:               1149135
 Max. memory used in ccsd:                 1443104
 Max. memory used in cckext:               1888566 ( 9 integral passes)



 **********************************************************************************************************************************
 DATASETS  * FILE   NREC   LENGTH (MB)   RECORD NAMES
              1      20      386.23       500      610      700      900      950      970     1000      129      960     1100   
                                          VAR    BASINP    GEOM    SYMINP    ZMAT    AOBASIS   BASIS     P2S    ABASIS      S 
                                         1400     1410     1200     1210     1080     1600     1650     1300     1700     1380   
                                           T        V       H0       H01     AOSYM     SMH    MOLCAS    ERIS     OPER     JKOP   

              2       7        3.55       700     1000      520     2100     7360     7350     7000   
                                         GEOM     BASIS   MCVARS     RHF    F12ABS    EF12   

 PROGRAMS   *        TOTAL   CCSD(T)   MP2-F12    HF-SCF       INT
 CPU TIMES  *        52.15     31.45     12.29      2.71      5.59
 REAL TIME  *        87.05 SEC
 DISK USED  *         1.13 GB
 **********************************************************************************************************************************
 SETTING XXX            =    "MMM"
 SETTING POINT          =        79.00000000                                  

 *** ### CH3OH


 XXX       RCO          ROH          RCH1         RCH2         RCH3           ACOH           AOCH1          AOCH2          AOCH3         AHH1           AHH2           AHH3            ENERGY       POINT
 "MMM"   1.42077677   0.96013932   1.09171752   1.08440070   1.09171752   108.12930637   111.65221523   106.43733878   111.65221523   61.43364279   180.00000000   298.56635721   -115.60927858   79.0000
                                                  

 CCSD(T)-F12/cc-pVTZ-F12 energy=   -115.602179531357

     CCSD(T)-F12         MP2-F12          HF-SCF
   -115.60217953   -115.58376694   -115.09877100
 **********************************************************************************************************************************
 Molpro calculation terminated
