
 Primary working directories    : /tmpdir/job/2955644.undefined/molpro.CPJzmpxiRw
 Secondary working directories  : /tmpdir/job/2955644.undefined/molpro.CPJzmpxiRw
 Wavefunction directory         : /home/zcaposm/wfu/
 Main file repository           : /tmpdir/job/2955644.undefined/molpro.CPJzmpxiRw/

 id        : uclcc

 Nodes                         nprocs
 node-d00a-246.myriad.ucl.ac.uk    1

 Using customized tuning parameters: mindgm=1; mindgv=20; mindgc=4; mindgr=1; noblas=0; minvec=7
 default implementation of scratch files=df  


 Variables initialized (945), CPU time= 0.00 sec
 ***,Methanol Ground State Energy with CCSD(T)-F12 and cc-pVTZ-F12
 memory,500,m;
 
 geometry={angstrom
 c
 o , 1, rco
 h , 2, roh, 1, acoh
 h1, 1, rch1, 2, aoch1  3  ahh1
 h2, 1, rch2, 2, aoch2, 3, ahh2
 h3, 1, rch3, 2, aoch3, 3, ahh3
 }
 
                                                ! Specify the initial values of the internal coordinates (in Angstroms and degrees)
 
 rco= 1.42077677
 roh= 0.96013932
 rch1= 1.091717515605
 rch2= 1.08440070258
 rch3= 1.091717515605
 acoh= 108.12930637
 aoch1= 111.6522152299
 aoch2= 107.68733878260001
 aoch3= 111.6522152299
 ahh1=61.43364279
 ahh2=180.0
 ahh3=298.56635721
 
                                                                                 ! Use the cc-pVTZ-F12 basis set
 basis=cc-pVTZ-F12
 
 hf
 
                                                                                 ! Use explicitly correlated F12 methods
                                                                            ! First, MP2-F12 (useful for initial electronic energy)
 {mp2-f12}
 
                                                                        ! If desired, perform CCSD(T)-F12 for more accurate results
 {ccsd(t)-f12}
 
                                                                                 ! Output the energy
 xxx = "mmm"
 point = 76
 text ### CH3OH
 table,xxx,rco,roh,rch1,rch2,rch3,acoh,aoch1,aoch2,aoch3,ahh1,ahh2,ahh3,energy,point
 DIGITS, 0, 8, 8, 8, 8, 8, 8, 8, 8, 8,  8,  8,  8, 8, 4
 save,CH3OH_MEP_MP2_76.dat,new
 
 Commands  initialized (802), CPU time= 0.01 sec, 659 directives.
 Default parameters read. Elapsed time= 0.10 sec

 Checking input...
 Passed
1


                                         ***  PROGRAM SYSTEM MOLPRO  ***
                                       Copyright, TTI GmbH Stuttgart, 2015
                                    Version 2020.1 linked Oct  6 2020 12:04:11


 **********************************************************************************************************************************
 LABEL *   Methanol Ground State Energy with CCSD(T)-F12 and cc-pVTZ-F12                 
  64 bit serial version                                                                  DATE: 08-Oct-24          TIME: 17:30:38  
 **********************************************************************************************************************************

 SHA1:             8c27446f6450a7499e38f603e13c65f775101d37
 **********************************************************************************************************************************

 Memory per process:       500 MW
 Total memory per node:    500 MW

 GA preallocation disabled
 GA check disabled

 Variable memory set to 500.0 MW

 SETTING RCO            =         1.42077677                                  
 SETTING ROH            =         0.96013932                                  
 SETTING RCH1           =         1.09171752                                  
 SETTING RCH2           =         1.08440070                                  
 SETTING RCH3           =         1.09171752                                  
 SETTING ACOH           =       108.12930637                                  
 SETTING AOCH1          =       111.65221523                                  
 SETTING AOCH2          =       107.68733878                                  
 SETTING AOCH3          =       111.65221523                                  
 SETTING AHH1           =        61.43364279                                  
 SETTING AHH2           =       180.00000000                                  
 SETTING AHH3           =       298.56635721                                  
 SETTING BASIS          =    CC-PVTZ-F12


 Recomputing integrals since basis changed


 Using spherical harmonics

 Library entry C      S cc-pVTZ-F12          selected for orbital group  1
 Library entry C      P cc-pVTZ-F12          selected for orbital group  1
 Library entry C      D cc-pVTZ-F12          selected for orbital group  1
 Library entry C      F cc-pVTZ-F12          selected for orbital group  1
 Library entry O      S cc-pVTZ-F12          selected for orbital group  2
 Library entry O      P cc-pVTZ-F12          selected for orbital group  2
 Library entry O      D cc-pVTZ-F12          selected for orbital group  2
 Library entry O      F cc-pVTZ-F12          selected for orbital group  2
 Library entry H      S cc-pVTZ-F12          selected for orbital group  3
 Library entry H      P cc-pVTZ-F12          selected for orbital group  3
 Library entry H      D cc-pVTZ-F12          selected for orbital group  3


 PROGRAM * SEWARD (Integral evaluation for generally contracted gaussian basis sets)     Author: Roland Lindh, 1990

 Geometry written to block  1 of record 700

 Orientation using atomic masses  
 Molecule type: Asymmetric top
 Symmetry elements: X
 Rotational constants:      23.9436884     24.7840560    129.0024242 GHz  (calculated with average atomic masses)

 Point group  Cs  



 ATOMIC COORDINATES

 NR  ATOM    CHARGE       X              Y              Z

   1  C       6.00    0.000000000    0.025423597   -1.376057332
   2  O       8.00    0.000000000   -0.122661751    1.304734690
   3  H       1.00    0.000000000    1.567901759    1.963554598
   4  H1      1.00    1.684053272    0.982905730   -2.085533138
   5  H3      1.00   -1.684053272    0.982905730   -2.085533138
   6  H2      1.00    0.000000000   -1.889615758   -2.105391451

 Bond lengths in Bohr (Angstrom)

 1-2  2.684878979  1-4  2.063047110  1-5  2.063047110  1-6  2.049220337  2-3  1.814400356
     ( 1.420776770)     ( 1.091717516)     ( 1.091717516)     ( 1.084400703)     ( 0.960139320)

 Bond angles

  1-2-3  108.12930637   2-1-4  111.65221523   2-1-5  111.65221523   2-1-6  107.68733878

  4-1-5  109.43105099   4-1-6  108.13912245   5-1-6  108.13912245

 NUCLEAR CHARGE:                   18
 NUMBER OF PRIMITIVE AOS:         228
 NUMBER OF SYMMETRY AOS:          206
 NUMBER OF CONTRACTIONS:          178   (  114A'  +   64A"  )
 NUMBER OF INNER CORE ORBITALS:     0   (    0A'  +    0A"  )
 NUMBER OF OUTER CORE ORBITALS:     2   (    2A'  +    0A"  )
 NUMBER OF VALENCE ORBITALS:       12   (    9A'  +    3A"  )


 NUCLEAR REPULSION ENERGY   40.33969477

 Eigenvalues of metric

         1 0.880E-04 0.184E-03 0.309E-03 0.460E-03 0.493E-03 0.560E-03 0.617E-03 0.621E-03
         2 0.323E-03 0.570E-03 0.686E-03 0.178E-02 0.340E-02 0.494E-02 0.638E-02 0.870E-02


 Contracted 2-electron integrals neglected if value below      1.0D-11
 AO integral compression algorithm  1   Integral accuracy      1.0D-11

     331.612 MB (compressed) written to integral file ( 53.5%)


 NUMBER OF SORTED TWO-ELECTRON INTEGRALS:   64554730.     BUFFER LENGTH:  32768
 NUMBER OF SEGMENTS:   5  SEGMENT LENGTH:   15997996      RECORD LENGTH: 524288

 Memory used in sort:      16.56 MW

 SORT1 READ    77497885. AND WROTE    63554245. INTEGRALS IN    184 RECORDS. CPU TIME:     1.62 SEC, REAL TIME:    29.42 SEC
 SORT2 READ    63554245. AND WROTE    64554730. INTEGRALS IN   1265 RECORDS. CPU TIME:     1.31 SEC, REAL TIME:    51.54 SEC

 FILE SIZES:   FILE 1:   362.5 MBYTE,  FILE 4:   771.8 MBYTE,   TOTAL:   1134.3 MBYTE

 OPERATOR DM      FOR CENTER  0  COORDINATES:    0.000000    0.000000    0.000000


 **********************************************************************************************************************************
 DATASETS  * FILE   NREC   LENGTH (MB)   RECORD NAMES
              1      19      311.88       500      610      700      900      950      970     1000      129      960     1100   
                                          VAR    BASINP    GEOM    SYMINP    ZMAT    AOBASIS   BASIS     P2S    ABASIS      S 
                                         1400     1410     1200     1210     1080     1600     1650     1300     1700   
                                           T        V       H0       H01     AOSYM     SMH    MOLCAS    ERIS     OPER   

 PROGRAMS   *        TOTAL       INT
 CPU TIMES  *         6.53      6.41
 REAL TIME  *       104.40 SEC
 DISK USED  *         1.13 GB
 **********************************************************************************************************************************


 PROGRAM * RHF-SCF (CLOSED SHELL)       Authors: W. Meyer, H.-J. Werner


 NUMBER OF ELECTRONS:       9+    9-
 CONVERGENCE THRESHOLDS:    1.00E-05 (Density)    1.00E-07 (Energy)
 MAX. NUMBER OF ITERATIONS:       60
 INTERPOLATION TYPE:            DIIS
 INTERPOLATION STEPS:              2 (START)      1 (STEP)
 LEVEL SHIFTS:                  0.00 (CLOSED)  0.00 (OPEN) 



 Orbital guess generated from atomic densities. Full valence occupancy:   11   3

 Molecular orbital dump at record        2100.2

 Initial occupancy:   7   2

 ITERATION    DDIFF          GRAD             ENERGY        2-EL.EN.            DIPOLE MOMENTS         DIIS   ORB.
    1      0.000D+00      0.000D+00      -115.06239699    164.468797    0.00000    0.90340   -0.47848    0    start
    2      0.000D+00      0.668D-02      -115.09073058    161.890494    0.00000    0.49675   -0.30436    1    diag
    3      0.652D-02      0.365D-02      -115.09819302    163.151957    0.00000    0.59970   -0.39728    2    diag
    4      0.221D-02      0.721D-03      -115.09872532    162.975276    0.00000    0.59457   -0.39265    3    diag
    5      0.593D-03      0.145D-03      -115.09875969    162.986725    0.00000    0.59059   -0.39743    4    diag
    6      0.166D-03      0.270D-04      -115.09876125    162.984515    0.00000    0.59073   -0.39820    5    diag
    7      0.475D-04      0.572D-05      -115.09876132    162.984125    0.00000    0.59055   -0.39848    6    diag
    8      0.119D-04      0.150D-05      -115.09876132    162.984479    0.00000    0.59053   -0.39850    7    diag
    9      0.236D-05      0.473D-06      -115.09876132    162.984314    0.00000    0.59052   -0.39851    0    orth

 Final occupancy:   7   2

 !RHF STATE  1.1 Energy              -115.098761324241
 Nuclear energy                        40.33969477
 One-electron energy                 -236.93061286
 Two-electron energy                   81.49215677
 Virial quotient                       -1.00102688
 !RHF STATE  1.1 Dipole moment          0.00000000     0.59051945    -0.39850778
 Dipole moment /Debye                   0.00000000     1.50085243    -1.01283941

 Orbital energies:

         1.1          2.1          3.1          4.1          5.1          6.1          7.1          8.1          9.1
    -20.556503   -11.269807    -1.356966    -0.926510    -0.690598    -0.594989    -0.503977     0.054650     0.064963

         1.2          2.2          3.2          4.2
     -0.621574    -0.452226     0.073800     0.181476


 HOMO      2.2    -0.452226 =     -12.3057eV
 LUMO      8.1     0.054650 =       1.4871eV
 LUMO-HOMO         0.506875 =      13.7928eV


 **********************************************************************************************************************************
 DATASETS  * FILE   NREC   LENGTH (MB)   RECORD NAMES
              1      19      311.88       500      610      700      900      950      970     1000      129      960     1100   
                                          VAR    BASINP    GEOM    SYMINP    ZMAT    AOBASIS   BASIS     P2S    ABASIS      S 
                                         1400     1410     1200     1210     1080     1600     1650     1300     1700   
                                           T        V       H0       H01     AOSYM     SMH    MOLCAS    ERIS     OPER   

              2       4        3.18       700     1000      520     2100   
                                         GEOM     BASIS   MCVARS     RHF  

 PROGRAMS   *        TOTAL    HF-SCF       INT
 CPU TIMES  *         9.51      2.98      6.41
 REAL TIME  *       109.21 SEC
 DISK USED  *         1.13 GB
 **********************************************************************************************************************************


 PROGRAM * MP2 (Closed-shell)     Authors: C. Hampel, H.-J. Werner, 1991, M. Deegan, P.J. Knowles, 1992

                                   MP2-F12 implementation by H.-J. Werner, 2007

                   Density fitting integral evaluation by F.R. Manby, 2003,2007, G. Knizia, 2010


 Basis set AUG-CC-PVTZ/JKFIT generated.  Number of basis functions:   392 
 Basis set CC-PVTZ-F12/OPTRI generated.  Number of basis functions:   314 
 Basis set AUG-CC-PVTZ/MP2FIT generated. Number of basis functions:   396 

 Convergence thresholds:  THRVAR = 1.00D-08  THRDEN = 1.00D-06

 Number of core orbitals:           2 (   2   0 )
 Number of closed-shell orbitals:   7 (   5   2 )
 Number of external orbitals:     169 ( 107  62 )

 Molecular orbitals read from record     2100.2  Type=RHF/CANONICAL (state 1.1)

 MP2-F12 correlation treatment (H.-J. Werner, 2006)
 ==================================================

 Using MP2-F12 with ansatz 3C(FIX)

 Using projected zeroth-order Hamiltonian (+Z)

 FOCKRIB=T FOCKRIC=T FOCKRIP=T CABSP=T CABSA=T CABSK=T CABSF=T GBC=F EBC=F DMAT=T NOFIK=T NOPAO=1 SOLVE=-1  USEPAO=0
 EXCH_A= T EXCH_B= F EXCH_C= F EXCH_P= F

 Geminal basis:    OPTFULL  GEM_TYPE=SLATER  BETA=1.0  NGEM=6

 Optimizing Gaussian exponents for each gem_beta

 Geminal optimization for beta= 1.0000
 Weight function:   m=0, omega= 1.4646

 Augmented Hessian optimization of geminal fit. Trust ratio= 0.40000
 Convergence reached after   2 iterations. Final gradient= 8.66D-16, Step= 4.23D-06, Delta= 1.28D-09

 Alpha:                 0.19532     0.81920     2.85917     9.50073    35.69989   197.79328
 Coeff:                 0.27070     0.30552     0.18297     0.10986     0.06810     0.04224


 Symmetry turned off. Reference energy:       -115.098761324241

 All pairs explicitly correlated. Number of r12-pairs:           28

 Excluding core orbitals from MO domains

 AO(A)-basis ORBITAL           loaded. Number of functions:     178
 RI(R)-basis CC-PVTZ-F12/OPTRI loaded. Number of functions:     314
 DF-basis AUG-CC-PVTZ/JKFIT    loaded. Number of functions:     392

 Screening thresholds:   THRAO=  1.00D-10  THRMO=  1.00D-09  THRPROD=  1.00D-09
                         THRSW=  1.00D-05  THROV=  1.00D-12  THRAOF12= 1.00D-08

 CPU time for Fock operators                      5.23 sec

 Construction of ABS:
 Smallest eigenvalue of S          4.35E-04  (threshold= 1.00E-08)
 Ratio eigmin/eigmax               5.56E-05  (threshold= 1.00E-09)
 Smallest eigenvalue of S kept     4.35E-04  (threshold= 4.35E-04, 0 functions deleted, 314 kept)

 Construction of CABS:
 Smallest eigenvalue of S          7.25E-07  (threshold= 1.00E-08)
 Ratio eigmin/eigmax               7.25E-07  (threshold= 1.00E-09)
 Smallest eigenvalue of S kept     7.25E-07  (threshold= 7.25E-07, 0 functions deleted, 314 kept)

 CPU time for CABS singles                        0.04 sec

 CABS-singles contribution of  -0.00135406 patched into reference energy.
 New reference energy        -115.10011538

 AO(A)-basis ORBITAL           loaded. Number of functions:     178
 RI(R)-basis CC-PVTZ-F12/OPTRI loaded. Number of functions:     314
 DF-basis AUG-CC-PVTZ/MP2FIT   loaded. Number of functions:     396

 Screening thresholds:   THRAO=  1.00D-10  THRMO=  1.00D-09  THRPROD=  1.00D-09
                         THRSW=  1.00D-05  THROV=  1.00D-12  THRAOF12= 1.00D-08

 CPU time for 3-index integral evaluation         3.38 sec
 CPU time for first  half transformation          0.23 sec (10735.0 MFLOP/sec)
 CPU time for sorting                             0.01 sec
 CPU time for fitting                             0.02 sec (56971.3 MFLOP/sec)
 CPU time for tilde quantities                    0.03 sec (50348.4 MFLOP/sec)
 CPU time for assembly                            0.19 sec (65018.9 MFLOP/sec)
 CPU time for tranop_f12                          0.26 sec (61000.9 MFLOP/sec)
 CPU time for f12 integrals (total)               6.92 sec, Elapsed time:      7.26 sec
 CPU time for f12 matrices (total)                0.11 sec, Elapsed time:      0.17 sec

 Diagonal F12 approximation with fixed coefficients:  TSING= 0.500,  TTRIP= 0.250 (scaled by -1/beta)

 DF-MP2-F12 energy corrections:
 ==============================
 Approx.                                    Singlet             Triplet             Total
 DF-MP2-F12/3*C(DX,FIX)                -0.038286249128     -0.004212124045     -0.042498373173
 DF-MP2-F12/3*C(FIX)                   -0.036087831302     -0.003930386249     -0.040018217550
 DF-MP2-F12/3C(FIX)                    -0.036030470347     -0.004065317149     -0.040095787496

 DF-MP2-F12 correlation energies:
 ================================
 Approx.                                    Singlet             Triplet             Ecorr            Total Energy
 DF-MP2                                -0.291087240291     -0.152360197052     -0.443447437343   -115.543562820937
 DF-MP2-F12/3*C(DX,FIX)                -0.329373489419     -0.156572321096     -0.485945810516   -115.586061194110
 DF-MP2-F12/3*C(FIX)                   -0.327175071593     -0.156290583300     -0.483465654893   -115.583581038488
 DF-MP2-F12/3C(FIX)                    -0.327117710638     -0.156425514201     -0.483543224839   -115.583658608433

 SCS-DF-MP2 energies (F_SING= 1.20000  F_TRIP= 0.62222  F_PARALLEL= 0.33333):
 ============================================================================
 SCS-DF-MP2                            -0.444106588737   -115.544221972332
 SCS-DF-MP2-F12/3*C(DX,FIX)            -0.492670964874   -115.592786348469
 SCS-DF-MP2-F12/3*C(FIX)               -0.489857559965   -115.589972943559
 SCS-DF-MP2-F12/3C(FIX)                -0.489872683824   -115.589988067419

 Symmetry restored.
 Symmetry transformation completed.

 Number of N-1 electron functions:               7
 Number of N-2 electron functions:              28
 Number of singly external CSFs:               659
 Number of doubly external CSFs:            355020
 Total number of CSFs:                      355680

 Length of J-op  integral file:             103.49 MB
 Length of K-op  integral file:             127.95 MB

 Integral transformation finished. Total CPU:   0.46 sec, npass=  1  Memory used:   0.67 MW

 ITER.      SQ.NORM     CORR.ENERGY   TOTAL ENERGY   ENERGY CHANGE     VAR   MIC
   1      1.00000000    -0.44351384  -115.54362922    -0.44351384  0.00D+00   0
   2      1.11473275    -0.44351384  -115.54362922     0.00000000 -0.15D-15   0

 Solving MP2-F12 equations

   1      1.11469640    -0.48285166  -115.58296704    -0.03933782 -0.37D-04   0
   2      1.11469640    -0.48360823  -115.58372361    -0.00075657 -0.57D-18   0
   3      1.11469640    -0.48360823  -115.58372361     0.00000000 -0.69D-19   0

 CPU TIME FOR ITERATIVE MP2:    0.03 SEC


 MP2-F12 energy corrections:
 ===========================
 Approx.                                    Singlet             Triplet             Total
 MP2-F12/3*C(DX,FIX)                   -0.038286249128     -0.004212124045     -0.042498373173
 MP2-F12/3*C(FIX)                      -0.036087831302     -0.003930386249     -0.040018217550
 MP2-F12/3C(FIX)                       -0.036027772937     -0.004066614992     -0.040094387929

 MP2-F12 correlation energies:
 =============================
 Approx.                                    Singlet             Triplet             Ecorr            Total Energy
 MP2                                   -0.291270550066     -0.152243291229     -0.443513841295   -115.543629224889
 MP2-F12/3*C(DX,FIX)                   -0.329556799194     -0.156455415273     -0.486012214467   -115.586127598062
 MP2-F12/3*C(FIX)                      -0.327358381368     -0.156173677477     -0.483532058845   -115.583647442439
 MP2-F12/3C(FIX)                       -0.327298323003     -0.156309906221     -0.483608229224   -115.583723612818

 SCS-MP2 energies (F_SING= 1.20000  F_TRIP= 0.62222  F_PARALLEL= 0.33333):
 =========================================================================
 SCS-MP2                               -0.444253819066   -115.544369202660
 SCS-MP2-F12/3*C(DX,FIX)               -0.492818195203   -115.592933578797
 SCS-MP2-F12/3*C(FIX)                  -0.490004790294   -115.590120173888
 SCS-MP2-F12/3C(FIX)                   -0.490017484808   -115.590132868402


  Reference energy                   -115.098761324241
  F12 singles correction               -0.001354059353

 F12 singles corrections added to reference energy

  New reference energy               -115.100115383594

  F12/3C(F) singlet correction         -0.036027772937
  F12/3C(F) triplet correction         -0.004066614992
  F12/3C(F) total correction           -0.040094387929
  MP2-F12/3C(F) singlet pair energy    -0.327298323003
  MP2-F12/3C(F) triplet pair energy    -0.156309906221
  MP2-F12/3C(F) correlation energy     -0.483608229224

 !MP2-F12/3C(F) total energy         -115.583723612818


 **********************************************************************************************************************************
 DATASETS  * FILE   NREC   LENGTH (MB)   RECORD NAMES
              1      20      317.62       500      610      700      900      950      970     1000      129      960     1100   
                                          VAR    BASINP    GEOM    SYMINP    ZMAT    AOBASIS   BASIS     P2S    ABASIS      S 
                                         1400     1410     1200     1210     1080     1600     1650     1300     1700     1380   
                                           T        V       H0       H01     AOSYM     SMH    MOLCAS    ERIS     OPER     JKOP   

              2       7        3.55       700     1000      520     2100     7360     7350     7000   
                                         GEOM     BASIS   MCVARS     RHF    F12ABS    EF12   

 PROGRAMS   *        TOTAL   MP2-F12    HF-SCF       INT
 CPU TIMES  *        22.49     12.96      2.98      6.41
 REAL TIME  *       124.99 SEC
 DISK USED  *         1.13 GB
 **********************************************************************************************************************************


 PROGRAM * CCSD (Closed-shell coupled cluster)     Authors: C. Hampel, H.-J. Werner, 1991, M. Deegan, P.J. Knowles, 1992

                                  CCSD-F12 implementation by  H.-J. Werner, 2007

                   Density fitting integral evaluation by F.R. Manby, 2003,2007, G. Knizia, 2010



 Convergence thresholds:  THRVAR = 1.00D-08  THRDEN = 1.00D-06

 CCSD(T)     terms to be evaluated (factor= 1.000)


 Number of core orbitals:           2 (   2   0 )
 Number of closed-shell orbitals:   7 (   5   2 )
 Number of external orbitals:     169 ( 107  62 )

 Molecular orbitals read from record     2100.2  Type=RHF/CANONICAL (state 1.1)

 MP2-F12 correlation treatment (H.-J. Werner, 2006)
 ==================================================

 Using MP2-F12 with ansatz 3C(FIX)

 Using projected zeroth-order Hamiltonian (+Z)

 FOCKRIB=T FOCKRIC=T FOCKRIP=T CABSP=T CABSA=T CABSK=T CABSF=T GBC=F EBC=F DMAT=T NOFIK=T NOPAO=1 SOLVE=-1  USEPAO=0
 EXCH_A= T EXCH_B= F EXCH_C= F EXCH_P= F

 Geminal basis:    OPTFULL  GEM_TYPE=SLATER  BETA=1.0  NGEM=6

 Optimizing Gaussian exponents for each gem_beta

 Geminal optimization for beta= 1.0000
 Weight function:   m=0, omega= 1.4646

 Augmented Hessian optimization of geminal fit. Trust ratio= 0.40000
 Convergence reached after   2 iterations. Final gradient= 8.66D-16, Step= 4.23D-06, Delta= 1.28D-09

 Alpha:                 0.19532     0.81920     2.85917     9.50073    35.69989   197.79328
 Coeff:                 0.27070     0.30552     0.18297     0.10986     0.06810     0.04224


 Symmetry turned off. Reference energy:       -115.098761324241

 All pairs explicitly correlated. Number of r12-pairs:           28

 Excluding core orbitals from MO domains

 AO(A)-basis ORBITAL           loaded. Number of functions:     178
 RI(R)-basis CC-PVTZ-F12/OPTRI loaded. Number of functions:     314
 DF-basis AUG-CC-PVTZ/JKFIT    loaded. Number of functions:     392

 Screening thresholds:   THRAO=  1.00D-10  THRMO=  1.00D-09  THRPROD=  1.00D-09
                         THRSW=  1.00D-05  THROV=  1.00D-12  THRAOF12= 1.00D-08

 CPU time for Fock operators                      5.37 sec

 Construction of ABS:
 Smallest eigenvalue of S          4.35E-04  (threshold= 1.00E-08)
 Ratio eigmin/eigmax               5.56E-05  (threshold= 1.00E-09)
 Smallest eigenvalue of S kept     4.35E-04  (threshold= 4.35E-04, 0 functions deleted, 314 kept)

 Construction of CABS:
 Smallest eigenvalue of S          7.25E-07  (threshold= 1.00E-08)
 Ratio eigmin/eigmax               7.25E-07  (threshold= 1.00E-09)
 Smallest eigenvalue of S kept     7.25E-07  (threshold= 7.25E-07, 0 functions deleted, 314 kept)

 CPU time for CABS singles                        0.04 sec

 CABS-singles contribution of  -0.00135406 patched into reference energy.
 New reference energy        -115.10011538

 AO(A)-basis ORBITAL           loaded. Number of functions:     178
 RI(R)-basis CC-PVTZ-F12/OPTRI loaded. Number of functions:     314
 DF-basis AUG-CC-PVTZ/MP2FIT   loaded. Number of functions:     396

 Screening thresholds:   THRAO=  1.00D-10  THRMO=  1.00D-09  THRPROD=  1.00D-09
                         THRSW=  1.00D-05  THROV=  1.00D-12  THRAOF12= 1.00D-08

 CPU time for 3-index integral evaluation         3.43 sec
 CPU time for first  half transformation          0.19 sec (12995.0 MFLOP/sec)
 CPU time for second half transformation          0.01 sec ( 6217.0 MFLOP/sec)
 CPU time for sorting                             0.01 sec
 CPU time for fitting                             0.02 sec (56971.3 MFLOP/sec)
 CPU time for tilde quantities                    0.02 sec (75522.6 MFLOP/sec)
 CPU time for assembly                            0.22 sec (56152.7 MFLOP/sec)
 CPU time for tranop_f12                          0.23 sec (68957.5 MFLOP/sec)
 CPU time for f12 integrals (total)               6.99 sec, Elapsed time:      8.10 sec
 CPU time for f12 matrices (total)                0.09 sec, Elapsed time:      0.13 sec

 Diagonal F12 approximation with fixed coefficients:  TSING= 0.500,  TTRIP= 0.250 (scaled by -1/beta)

 DF-MP2-F12 energy corrections:
 ==============================
 Approx.                                    Singlet             Triplet             Total
 DF-MP2-F12/3*C(DX,FIX)                -0.038286249128     -0.004212124045     -0.042498373173
 DF-MP2-F12/3*C(FIX)                   -0.036087831302     -0.003930386249     -0.040018217550
 DF-MP2-F12/3C(FIX)                    -0.036030470347     -0.004065317149     -0.040095787496

 DF-MP2-F12 correlation energies:
 ================================
 Approx.                                    Singlet             Triplet             Ecorr            Total Energy
 DF-MP2                                -0.291087240291     -0.152360197052     -0.443447437343   -115.543562820937
 DF-MP2-F12/3*C(DX,FIX)                -0.329373489419     -0.156572321096     -0.485945810516   -115.586061194110
 DF-MP2-F12/3*C(FIX)                   -0.327175071593     -0.156290583300     -0.483465654893   -115.583581038488
 DF-MP2-F12/3C(FIX)                    -0.327117710638     -0.156425514201     -0.483543224839   -115.583658608433

 SCS-DF-MP2 energies (F_SING= 1.20000  F_TRIP= 0.62222  F_PARALLEL= 0.33333):
 ============================================================================
 SCS-DF-MP2                            -0.444106588737   -115.544221972332
 SCS-DF-MP2-F12/3*C(DX,FIX)            -0.492670964874   -115.592786348469
 SCS-DF-MP2-F12/3*C(FIX)               -0.489857559965   -115.589972943559
 SCS-DF-MP2-F12/3C(FIX)                -0.489872683824   -115.589988067419

 Symmetry restored.
 Symmetry transformation completed.

 Number of N-1 electron functions:               7
 Number of N-2 electron functions:              28
 Number of singly external CSFs:               659
 Number of doubly external CSFs:            355020
 Total number of CSFs:                      355680

 Length of J-op  integral file:             103.62 MB
 Length of K-op  integral file:             127.95 MB
 Length of 3-ext integral record:             0.00 MB

 Memory could be reduced to 24.20 Mwords without degradation in triples

 Integral transformation finished. Total CPU:   1.18 sec, npass=  1  Memory used:   7.45 MW

 Reference energy:                   -115.10011538

 Adding F12 terms to K(Cij), methodcc=6,  factor= 1.0

 ITER.      SQ.NORM     CORR.ENERGY   TOTAL ENERGY   ENERGY CHANGE        DEN1      VAR(S)    VAR(P)  DIIS     TIME  TIME/IT
   1      1.11762597    -0.45285213  -115.55296751    -0.00933829     0.00166031  0.15D-02  0.19D-02  1  1    14.57     0.87
   2      1.12503413    -0.45321451  -115.55332990    -0.00036239    -0.00904439  0.24D-04  0.23D-03  2  2    15.43     0.91
   3      1.12776357    -0.45339197  -115.55350735    -0.00017745    -0.00186518  0.15D-04  0.13D-04  3  3    16.28     0.93
   4      1.12871066    -0.45340988  -115.55352527    -0.00001792    -0.00060003  0.86D-06  0.12D-05  4  4    17.10     0.92
   5      1.12886622    -0.45341144  -115.55352682    -0.00000155    -0.00003791  0.23D-06  0.10D-06  5  5    17.94     0.93
   6      1.12890881    -0.45340909  -115.55352447     0.00000235    -0.00000423  0.36D-07  0.96D-08  6  6    18.78     0.94
   7      1.12891994    -0.45340821  -115.55352360     0.00000087    -0.00000299  0.40D-08  0.14D-08  6  1    19.53     0.92
   8      1.12892174    -0.45340828  -115.55352366    -0.00000006     0.00000034  0.67D-09  0.20D-09  6  3    20.38     0.93

 Norm of t1 vector:      0.05000935      S-energy:    -0.00000037      T1 diagnostic:  0.00945088
                                                                       D1 diagnostic:  0.02003061

 Adding energy correction from Wij-K(Fij), methodcc=6  factor= 1.0

  CCSD correlation energy              -0.453408275106
  MP2-F12 correction (uncoupled)       -0.038544460853
  C*T doubles correction               -0.001164676767
  f12b correction                       0.007098503461


 Total CPU time for triples:     10.76 sec


 RESULTS
 =======

  Reference energy                   -115.098761324241
  F12 singles correction               -0.001354059353

 F12 singles corrections added to reference energy

  New reference energy               -115.100115383594

  F12a singlet correction              -0.035791066405
  F12a triplet correction              -0.003918071215
  F12a total correction                -0.039709137620

 F12a corrections for ansatz F12/3C(FIX) added to CCSD energy

  CCSD-F12a singlet pair energy        -0.351201186515
  CCSD-F12a triplet pair energy        -0.141915860631
  CCSD-F12a correlation energy         -0.493117412725

  Triples (T) contribution             -0.016013623073
  Total correlation energy             -0.509131035799

  CCSD-F12a total energy             -115.593232796320
  CCSD[T]-F12a energy                -115.609799355101
  CCSD-T-F12a energy                 -115.609002784333
 !CCSD(T)-F12a total energy          -115.609246419393

 F12b corrections for ansatz F12/3C(FIX) added to CCSD(T)-F12a energy

  CCSD-F12b singlet pair energy        -0.344564719777
  CCSD-F12b triplet pair energy        -0.141453823909
  CCSD-F12b correlation energy         -0.486018909265

  Triples (T) contribution             -0.016013623073
  Total correlation energy             -0.502032532338

  CCSD-F12b total energy             -115.586134292859
  CCSD[T]-F12b energy                -115.602700851641
  CCSD-T-F12b energy                 -115.601904280873
 !CCSD(T)-F12b total energy          -115.602147915932

 Timing summary (sec):

 STEP                 CPU(USER)    SYS     CPU(TOT)    WALL
 Transformation          1.19      0.20      1.39      1.44
 CCSD iterations         6.61      0.76      7.37      7.47
 Triples                10.76      0.44     11.20     11.23
 MP2-F12                12.58      0.58     13.16     14.32
 F12b energy             0.67      0.07      0.74      0.73

 Program statistics:

 Available memory in ccsd:               499999650
 Min. memory needed in ccsd:               1149135
 Max. memory used in ccsd:                 1443104
 Max. memory used in cckext:               1888566 ( 9 integral passes)



 **********************************************************************************************************************************
 DATASETS  * FILE   NREC   LENGTH (MB)   RECORD NAMES
              1      20      386.19       500      610      700      900      950      970     1000      129      960     1100   
                                          VAR    BASINP    GEOM    SYMINP    ZMAT    AOBASIS   BASIS     P2S    ABASIS      S 
                                         1400     1410     1200     1210     1080     1600     1650     1300     1700     1380   
                                           T        V       H0       H01     AOSYM     SMH    MOLCAS    ERIS     OPER     JKOP   

              2       7        3.55       700     1000      520     2100     7360     7350     7000   
                                         GEOM     BASIS   MCVARS     RHF    F12ABS    EF12   

 PROGRAMS   *        TOTAL   CCSD(T)   MP2-F12    HF-SCF       INT
 CPU TIMES  *        54.33     31.84     12.96      2.98      6.41
 REAL TIME  *       160.25 SEC
 DISK USED  *         1.13 GB
 **********************************************************************************************************************************
 SETTING XXX            =    "MMM"
 SETTING POINT          =        76.00000000                                  

 *** ### CH3OH


 XXX       RCO          ROH          RCH1         RCH2         RCH3           ACOH           AOCH1          AOCH2          AOCH3         AHH1           AHH2           AHH3            ENERGY       POINT
 "MMM"   1.42077677   0.96013932   1.09171752   1.08440070   1.09171752   108.12930637   111.65221523   107.68733878   111.65221523   61.43364279   180.00000000   298.56635721   -115.60924642   76.0000
                                                  

 CCSD(T)-F12/cc-pVTZ-F12 energy=   -115.602147915932

     CCSD(T)-F12         MP2-F12          HF-SCF
   -115.60214792   -115.58372361   -115.09876132
 **********************************************************************************************************************************
 Molpro calculation terminated
