
 Primary working directories    : /tmpdir/job/2955566.undefined/molpro.BNMLwR0A2j
 Secondary working directories  : /tmpdir/job/2955566.undefined/molpro.BNMLwR0A2j
 Wavefunction directory         : /home/zcaposm/wfu/
 Main file repository           : /tmpdir/job/2955566.undefined/molpro.BNMLwR0A2j/

 id        : uclcc

 Nodes                         nprocs
 node-d00a-084.myriad.ucl.ac.uk    1

 Using customized tuning parameters: mindgm=1; mindgv=20; mindgc=4; mindgr=1; noblas=0; minvec=7
 default implementation of scratch files=df  


 Variables initialized (945), CPU time= 0.01 sec
 ***,Methanol Ground State Energy with CCSD(T)-F12 and cc-pVTZ-F12
 memory,500,m;
 
 geometry={angstrom
 c
 o , 1, rco
 h , 2, roh, 1, acoh
 h1, 1, rch1, 2, aoch1  3  ahh1
 h2, 1, rch2, 2, aoch2, 3, ahh2
 h3, 1, rch3, 2, aoch3, 3, ahh3
 }
 
                                                ! Specify the initial values of the internal coordinates (in Angstroms and degrees)
 
 rco= 1.43077677
 roh= 0.96013932
 rch1= 1.091717515605
 rch2= 1.08440070258
 rch3= 1.091717515605
 acoh= 108.12930637
 aoch1= 111.6522152299
 aoch2= 107.18733878260001
 aoch3= 111.6522152299
 ahh1=61.43364279
 ahh2=180.0
 ahh3=298.56635721
 
                                                                                 ! Use the cc-pVTZ-F12 basis set
 basis=cc-pVTZ-F12
 
 hf
 
                                                                                 ! Use explicitly correlated F12 methods
                                                                            ! First, MP2-F12 (useful for initial electronic energy)
 {mp2-f12}
 
                                                                        ! If desired, perform CCSD(T)-F12 for more accurate results
 {ccsd(t)-f12}
 
                                                                                 ! Output the energy
 xxx = "mmm"
 point = 4
 text ### CH3OH
 table,xxx,rco,roh,rch1,rch2,rch3,acoh,aoch1,aoch2,aoch3,ahh1,ahh2,ahh3,energy,point
 DIGITS, 0, 8, 8, 8, 8, 8, 8, 8, 8, 8,  8,  8,  8, 8, 4
 save,CH3OH_MEP_MP2_4.dat,new
 
 Commands  initialized (802), CPU time= 0.01 sec, 659 directives.
 Default parameters read. Elapsed time= 0.09 sec

 Checking input...
 Passed
1


                                         ***  PROGRAM SYSTEM MOLPRO  ***
                                       Copyright, TTI GmbH Stuttgart, 2015
                                    Version 2020.1 linked Oct  6 2020 12:04:11


 **********************************************************************************************************************************
 LABEL *   Methanol Ground State Energy with CCSD(T)-F12 and cc-pVTZ-F12                 
  64 bit serial version                                                                  DATE: 08-Oct-24          TIME: 17:11:34  
 **********************************************************************************************************************************

 SHA1:             8c27446f6450a7499e38f603e13c65f775101d37
 **********************************************************************************************************************************

 Memory per process:       500 MW
 Total memory per node:    500 MW

 GA preallocation disabled
 GA check disabled

 Variable memory set to 500.0 MW

 SETTING RCO            =         1.43077677                                  
 SETTING ROH            =         0.96013932                                  
 SETTING RCH1           =         1.09171752                                  
 SETTING RCH2           =         1.08440070                                  
 SETTING RCH3           =         1.09171752                                  
 SETTING ACOH           =       108.12930637                                  
 SETTING AOCH1          =       111.65221523                                  
 SETTING AOCH2          =       107.18733878                                  
 SETTING AOCH3          =       111.65221523                                  
 SETTING AHH1           =        61.43364279                                  
 SETTING AHH2           =       180.00000000                                  
 SETTING AHH3           =       298.56635721                                  
 SETTING BASIS          =    CC-PVTZ-F12


 Recomputing integrals since basis changed


 Using spherical harmonics

 Library entry C      S cc-pVTZ-F12          selected for orbital group  1
 Library entry C      P cc-pVTZ-F12          selected for orbital group  1
 Library entry C      D cc-pVTZ-F12          selected for orbital group  1
 Library entry C      F cc-pVTZ-F12          selected for orbital group  1
 Library entry O      S cc-pVTZ-F12          selected for orbital group  2
 Library entry O      P cc-pVTZ-F12          selected for orbital group  2
 Library entry O      D cc-pVTZ-F12          selected for orbital group  2
 Library entry O      F cc-pVTZ-F12          selected for orbital group  2
 Library entry H      S cc-pVTZ-F12          selected for orbital group  3
 Library entry H      P cc-pVTZ-F12          selected for orbital group  3
 Library entry H      D cc-pVTZ-F12          selected for orbital group  3


 PROGRAM * SEWARD (Integral evaluation for generally contracted gaussian basis sets)     Author: Roland Lindh, 1990

 Geometry written to block  1 of record 700

 Orientation using atomic masses  
 Molecule type: Asymmetric top
 Symmetry elements: X
 Rotational constants:      23.6863248     24.5166578    128.7744978 GHz  (calculated with average atomic masses)

 Point group  Cs  



 ATOMIC COORDINATES

 NR  ATOM    CHARGE       X              Y              Z

   1  C       6.00    0.000000000    0.025017276   -1.386620286
   2  O       8.00    0.000000000   -0.121856789    1.313163773
   3  H       1.00    0.000000000    1.569256076    1.970572270
   4  H1      1.00    1.684053272    0.981906846   -2.096895095
   5  H3      1.00   -1.684053272    0.981906846   -2.096895095
   6  H2      1.00    0.000000000   -1.896907883   -2.097610914

 Bond lengths in Bohr (Angstrom)

 1-2  2.703776241  1-4  2.063047110  1-5  2.063047110  1-6  2.049220337  2-3  1.814400356
     ( 1.430776770)     ( 1.091717516)     ( 1.091717516)     ( 1.084400703)     ( 0.960139320)

 Bond angles

  1-2-3  108.12930637   2-1-4  111.65221523   2-1-5  111.65221523   2-1-6  107.18733878

  4-1-5  109.43105099   4-1-6  108.39459424   5-1-6  108.39459424

 NUCLEAR CHARGE:                   18
 NUMBER OF PRIMITIVE AOS:         228
 NUMBER OF SYMMETRY AOS:          206
 NUMBER OF CONTRACTIONS:          178   (  114A'  +   64A"  )
 NUMBER OF INNER CORE ORBITALS:     0   (    0A'  +    0A"  )
 NUMBER OF OUTER CORE ORBITALS:     2   (    2A'  +    0A"  )
 NUMBER OF VALENCE ORBITALS:       12   (    9A'  +    3A"  )


 NUCLEAR REPULSION ENERGY   40.18522029

 Eigenvalues of metric

         1 0.885E-04 0.185E-03 0.310E-03 0.462E-03 0.496E-03 0.560E-03 0.619E-03 0.622E-03
         2 0.323E-03 0.570E-03 0.687E-03 0.178E-02 0.339E-02 0.502E-02 0.644E-02 0.873E-02


 Contracted 2-electron integrals neglected if value below      1.0D-11
 AO integral compression algorithm  1   Integral accuracy      1.0D-11

     331.350 MB (compressed) written to integral file ( 53.4%)


 NUMBER OF SORTED TWO-ELECTRON INTEGRALS:   64554730.     BUFFER LENGTH:  32768
 NUMBER OF SEGMENTS:   5  SEGMENT LENGTH:   15997996      RECORD LENGTH: 524288

 Memory used in sort:      16.56 MW

 SORT1 READ    77497885. AND WROTE    63551840. INTEGRALS IN    184 RECORDS. CPU TIME:     1.02 SEC, REAL TIME:     9.47 SEC
 SORT2 READ    63551840. AND WROTE    64554730. INTEGRALS IN   1264 RECORDS. CPU TIME:     1.16 SEC, REAL TIME:    15.70 SEC

 FILE SIZES:   FILE 1:   362.2 MBYTE,  FILE 4:   771.8 MBYTE,   TOTAL:   1134.0 MBYTE

 OPERATOR DM      FOR CENTER  0  COORDINATES:    0.000000    0.000000    0.000000


 **********************************************************************************************************************************
 DATASETS  * FILE   NREC   LENGTH (MB)   RECORD NAMES
              1      19      311.60       500      610      700      900      950      970     1000      129      960     1100   
                                          VAR    BASINP    GEOM    SYMINP    ZMAT    AOBASIS   BASIS     P2S    ABASIS      S 
                                         1400     1410     1200     1210     1080     1600     1650     1300     1700   
                                           T        V       H0       H01     AOSYM     SMH    MOLCAS    ERIS     OPER   

 PROGRAMS   *        TOTAL       INT
 CPU TIMES  *         5.84      5.73
 REAL TIME  *        37.51 SEC
 DISK USED  *         1.13 GB
 **********************************************************************************************************************************


 PROGRAM * RHF-SCF (CLOSED SHELL)       Authors: W. Meyer, H.-J. Werner


 NUMBER OF ELECTRONS:       9+    9-
 CONVERGENCE THRESHOLDS:    1.00E-05 (Density)    1.00E-07 (Energy)
 MAX. NUMBER OF ITERATIONS:       60
 INTERPOLATION TYPE:            DIIS
 INTERPOLATION STEPS:              2 (START)      1 (STEP)
 LEVEL SHIFTS:                  0.00 (CLOSED)  0.00 (OPEN) 



 Orbital guess generated from atomic densities. Full valence occupancy:   11   3

 Molecular orbital dump at record        2100.2

 Initial occupancy:   7   2

 ITERATION    DDIFF          GRAD             ENERGY        2-EL.EN.            DIPOLE MOMENTS         DIIS   ORB.
    1      0.000D+00      0.000D+00      -115.06198123    164.173778    0.00000    0.90425   -0.49792    0    start
    2      0.000D+00      0.669D-02      -115.09027530    161.605407    0.00000    0.49622   -0.31751    1    diag
    3      0.653D-02      0.368D-02      -115.09786725    162.867008    0.00000    0.59982   -0.41257    2    diag
    4      0.223D-02      0.722D-03      -115.09840033    162.691237    0.00000    0.59484   -0.40759    3    diag
    5      0.592D-03      0.145D-03      -115.09843483    162.702694    0.00000    0.59089   -0.41235    4    diag
    6      0.165D-03      0.270D-04      -115.09843639    162.700364    0.00000    0.59103   -0.41312    5    diag
    7      0.473D-04      0.568D-05      -115.09843646    162.700026    0.00000    0.59086   -0.41339    6    diag
    8      0.118D-04      0.146D-05      -115.09843647    162.700355    0.00000    0.59084   -0.41342    7    diag
    9      0.229D-05      0.459D-06      -115.09843647    162.700193    0.00000    0.59083   -0.41342    0    orth

 Final occupancy:   7   2

 !RHF STATE  1.1 Energy              -115.098436467340
 Nuclear energy                        40.18522029
 One-electron energy                 -236.63375348
 Two-electron energy                   81.35009671
 Virial quotient                       -1.00119250
 !RHF STATE  1.1 Dipole moment          0.00000000     0.59082546    -0.41342200
 Dipole moment /Debye                   0.00000000     1.50163016    -1.05074509

 Orbital energies:

         1.1          2.1          3.1          4.1          5.1          6.1          7.1          8.1          9.1
    -20.556393   -11.270875    -1.353388    -0.926848    -0.688650    -0.592243    -0.505261     0.054673     0.064870

         1.2          2.2          3.2          4.2
     -0.620027    -0.453094     0.073798     0.181682


 HOMO      2.2    -0.453094 =     -12.3293eV
 LUMO      8.1     0.054673 =       1.4877eV
 LUMO-HOMO         0.507767 =      13.8171eV


 **********************************************************************************************************************************
 DATASETS  * FILE   NREC   LENGTH (MB)   RECORD NAMES
              1      19      311.60       500      610      700      900      950      970     1000      129      960     1100   
                                          VAR    BASINP    GEOM    SYMINP    ZMAT    AOBASIS   BASIS     P2S    ABASIS      S 
                                         1400     1410     1200     1210     1080     1600     1650     1300     1700   
                                           T        V       H0       H01     AOSYM     SMH    MOLCAS    ERIS     OPER   

              2       4        3.18       700     1000      520     2100   
                                         GEOM     BASIS   MCVARS     RHF  

 PROGRAMS   *        TOTAL    HF-SCF       INT
 CPU TIMES  *         8.71      2.87      5.73
 REAL TIME  *        42.21 SEC
 DISK USED  *         1.13 GB
 **********************************************************************************************************************************


 PROGRAM * MP2 (Closed-shell)     Authors: C. Hampel, H.-J. Werner, 1991, M. Deegan, P.J. Knowles, 1992

                                   MP2-F12 implementation by H.-J. Werner, 2007

                   Density fitting integral evaluation by F.R. Manby, 2003,2007, G. Knizia, 2010


 Basis set AUG-CC-PVTZ/JKFIT generated.  Number of basis functions:   392 
 Basis set CC-PVTZ-F12/OPTRI generated.  Number of basis functions:   314 
 Basis set AUG-CC-PVTZ/MP2FIT generated. Number of basis functions:   396 

 Convergence thresholds:  THRVAR = 1.00D-08  THRDEN = 1.00D-06

 Number of core orbitals:           2 (   2   0 )
 Number of closed-shell orbitals:   7 (   5   2 )
 Number of external orbitals:     169 ( 107  62 )

 Molecular orbitals read from record     2100.2  Type=RHF/CANONICAL (state 1.1)

 MP2-F12 correlation treatment (H.-J. Werner, 2006)
 ==================================================

 Using MP2-F12 with ansatz 3C(FIX)

 Using projected zeroth-order Hamiltonian (+Z)

 FOCKRIB=T FOCKRIC=T FOCKRIP=T CABSP=T CABSA=T CABSK=T CABSF=T GBC=F EBC=F DMAT=T NOFIK=T NOPAO=1 SOLVE=-1  USEPAO=0
 EXCH_A= T EXCH_B= F EXCH_C= F EXCH_P= F

 Geminal basis:    OPTFULL  GEM_TYPE=SLATER  BETA=1.0  NGEM=6

 Optimizing Gaussian exponents for each gem_beta

 Geminal optimization for beta= 1.0000
 Weight function:   m=0, omega= 1.4646

 Augmented Hessian optimization of geminal fit. Trust ratio= 0.40000
 Convergence reached after   2 iterations. Final gradient= 8.66D-16, Step= 4.23D-06, Delta= 1.28D-09

 Alpha:                 0.19532     0.81920     2.85917     9.50073    35.69989   197.79328
 Coeff:                 0.27070     0.30552     0.18297     0.10986     0.06810     0.04224


 Symmetry turned off. Reference energy:       -115.098436467339

 All pairs explicitly correlated. Number of r12-pairs:           28

 Excluding core orbitals from MO domains

 AO(A)-basis ORBITAL           loaded. Number of functions:     178
 RI(R)-basis CC-PVTZ-F12/OPTRI loaded. Number of functions:     314
 DF-basis AUG-CC-PVTZ/JKFIT    loaded. Number of functions:     392

 Screening thresholds:   THRAO=  1.00D-10  THRMO=  1.00D-09  THRPROD=  1.00D-09
                         THRSW=  1.00D-05  THROV=  1.00D-12  THRAOF12= 1.00D-08

 CPU time for Fock operators                      5.27 sec

 Construction of ABS:
 Smallest eigenvalue of S          4.41E-04  (threshold= 1.00E-08)
 Ratio eigmin/eigmax               5.64E-05  (threshold= 1.00E-09)
 Smallest eigenvalue of S kept     4.41E-04  (threshold= 4.41E-04, 0 functions deleted, 314 kept)

 Construction of CABS:
 Smallest eigenvalue of S          7.41E-07  (threshold= 1.00E-08)
 Ratio eigmin/eigmax               7.41E-07  (threshold= 1.00E-09)
 Smallest eigenvalue of S kept     7.41E-07  (threshold= 7.41E-07, 0 functions deleted, 314 kept)

 CPU time for CABS singles                        0.04 sec

 CABS-singles contribution of  -0.00134803 patched into reference energy.
 New reference energy        -115.09978450

 AO(A)-basis ORBITAL           loaded. Number of functions:     178
 RI(R)-basis CC-PVTZ-F12/OPTRI loaded. Number of functions:     314
 DF-basis AUG-CC-PVTZ/MP2FIT   loaded. Number of functions:     396

 Screening thresholds:   THRAO=  1.00D-10  THRMO=  1.00D-09  THRPROD=  1.00D-09
                         THRSW=  1.00D-05  THROV=  1.00D-12  THRAOF12= 1.00D-08

 CPU time for 3-index integral evaluation         3.26 sec
 CPU time for first  half transformation          0.23 sec (10735.0 MFLOP/sec)
 CPU time for sorting                             0.01 sec
 CPU time for fitting                             0.02 sec (56971.3 MFLOP/sec)
 CPU time for tilde quantities                    0.02 sec (75522.6 MFLOP/sec)
 CPU time for assembly                            0.20 sec (61768.0 MFLOP/sec)
 CPU time for tranop_f12                          0.25 sec (63440.9 MFLOP/sec)
 CPU time for f12 integrals (total)               6.79 sec, Elapsed time:      7.27 sec
 CPU time for f12 matrices (total)                0.10 sec, Elapsed time:      0.13 sec

 Diagonal F12 approximation with fixed coefficients:  TSING= 0.500,  TTRIP= 0.250 (scaled by -1/beta)

 DF-MP2-F12 energy corrections:
 ==============================
 Approx.                                    Singlet             Triplet             Total
 DF-MP2-F12/3*C(DX,FIX)                -0.038259686530     -0.004202808773     -0.042462495303
 DF-MP2-F12/3*C(FIX)                   -0.036070769316     -0.003923435870     -0.039994205186
 DF-MP2-F12/3C(FIX)                    -0.036014514503     -0.004058370863     -0.040072885366

 DF-MP2-F12 correlation energies:
 ================================
 Approx.                                    Singlet             Triplet             Ecorr            Total Energy
 DF-MP2                                -0.291333733989     -0.152405850309     -0.443739584298   -115.543524080488
 DF-MP2-F12/3*C(DX,FIX)                -0.329593420520     -0.156608659081     -0.486202079601   -115.585986575791
 DF-MP2-F12/3*C(FIX)                   -0.327404503305     -0.156329286179     -0.483733789484   -115.583518285674
 DF-MP2-F12/3C(FIX)                    -0.327348248492     -0.156464221172     -0.483812469664   -115.583596965854

 SCS-DF-MP2 energies (F_SING= 1.20000  F_TRIP= 0.62222  F_PARALLEL= 0.33333):
 ============================================================================
 SCS-DF-MP2                            -0.444430787646   -115.544215283836
 SCS-DF-MP2-F12/3*C(DX,FIX)            -0.492957492497   -115.592741988687
 SCS-DF-MP2-F12/3*C(FIX)               -0.490156959811   -115.589941456001
 SCS-DF-MP2-F12/3C(FIX)                -0.490173413587   -115.589957909777

 Symmetry restored.
 Symmetry transformation completed.

 Number of N-1 electron functions:               7
 Number of N-2 electron functions:              28
 Number of singly external CSFs:               659
 Number of doubly external CSFs:            355020
 Total number of CSFs:                      355680

 Length of J-op  integral file:             103.49 MB
 Length of K-op  integral file:             127.95 MB

 Integral transformation finished. Total CPU:   0.46 sec, npass=  1  Memory used:   0.67 MW

 ITER.      SQ.NORM     CORR.ENERGY   TOTAL ENERGY   ENERGY CHANGE     VAR   MIC
   1      1.00000000    -0.44380628  -115.54359077    -0.44380628  0.00D+00   0
   2      1.11512921    -0.44380628  -115.54359077     0.00000000 -0.25D-15   0

 Solving MP2-F12 equations

   1      1.11509267    -0.48312004  -115.58290454    -0.03931377 -0.37D-04   0
   2      1.11509267    -0.48387776  -115.58366225    -0.00075771 -0.12D-17   0
   3      1.11509267    -0.48387776  -115.58366225     0.00000000 -0.60D-19   0

 CPU TIME FOR ITERATIVE MP2:    0.04 SEC


 MP2-F12 energy corrections:
 ===========================
 Approx.                                    Singlet             Triplet             Total
 MP2-F12/3*C(DX,FIX)                   -0.038259686530     -0.004202808773     -0.042462495303
 MP2-F12/3*C(FIX)                      -0.036070769316     -0.003923435870     -0.039994205186
 MP2-F12/3C(FIX)                       -0.036011836000     -0.004059646018     -0.040071482018

 MP2-F12 correlation energies:
 =============================
 Approx.                                    Singlet             Triplet             Ecorr            Total Energy
 MP2                                   -0.291516508057     -0.152289767065     -0.443806275122   -115.543590771312
 MP2-F12/3*C(DX,FIX)                   -0.329776194587     -0.156492575837     -0.486268770425   -115.586053266615
 MP2-F12/3*C(FIX)                      -0.327587277373     -0.156213202935     -0.483800480308   -115.583584976498
 MP2-F12/3C(FIX)                       -0.327528344057     -0.156349413083     -0.483877757140   -115.583662253330

 SCS-MP2 energies (F_SING= 1.20000  F_TRIP= 0.62222  F_PARALLEL= 0.33333):
 =========================================================================
 SCS-MP2                               -0.444577886953   -115.544362383143
 SCS-MP2-F12/3*C(DX,FIX)               -0.493104591804   -115.592889087994
 SCS-MP2-F12/3*C(FIX)                  -0.490304059118   -115.590088555308
 SCS-MP2-F12/3C(FIX)                   -0.490318092120   -115.590102588310


  Reference energy                   -115.098436467339
  F12 singles correction               -0.001348028851

 F12 singles corrections added to reference energy

  New reference energy               -115.099784496190

  F12/3C(F) singlet correction         -0.036011836000
  F12/3C(F) triplet correction         -0.004059646018
  F12/3C(F) total correction           -0.040071482018
  MP2-F12/3C(F) singlet pair energy    -0.327528344057
  MP2-F12/3C(F) triplet pair energy    -0.156349413083
  MP2-F12/3C(F) correlation energy     -0.483877757140

 !MP2-F12/3C(F) total energy         -115.583662253330


 **********************************************************************************************************************************
 DATASETS  * FILE   NREC   LENGTH (MB)   RECORD NAMES
              1      20      317.34       500      610      700      900      950      970     1000      129      960     1100   
                                          VAR    BASINP    GEOM    SYMINP    ZMAT    AOBASIS   BASIS     P2S    ABASIS      S 
                                         1400     1410     1200     1210     1080     1600     1650     1300     1700     1380   
                                           T        V       H0       H01     AOSYM     SMH    MOLCAS    ERIS     OPER     JKOP   

              2       7        3.55       700     1000      520     2100     7360     7350     7000   
                                         GEOM     BASIS   MCVARS     RHF    F12ABS    EF12   

 PROGRAMS   *        TOTAL   MP2-F12    HF-SCF       INT
 CPU TIMES  *        21.60     12.88      2.87      5.73
 REAL TIME  *        56.33 SEC
 DISK USED  *         1.13 GB
 **********************************************************************************************************************************


 PROGRAM * CCSD (Closed-shell coupled cluster)     Authors: C. Hampel, H.-J. Werner, 1991, M. Deegan, P.J. Knowles, 1992

                                  CCSD-F12 implementation by  H.-J. Werner, 2007

                   Density fitting integral evaluation by F.R. Manby, 2003,2007, G. Knizia, 2010



 Convergence thresholds:  THRVAR = 1.00D-08  THRDEN = 1.00D-06

 CCSD(T)     terms to be evaluated (factor= 1.000)


 Number of core orbitals:           2 (   2   0 )
 Number of closed-shell orbitals:   7 (   5   2 )
 Number of external orbitals:     169 ( 107  62 )

 Molecular orbitals read from record     2100.2  Type=RHF/CANONICAL (state 1.1)

 MP2-F12 correlation treatment (H.-J. Werner, 2006)
 ==================================================

 Using MP2-F12 with ansatz 3C(FIX)

 Using projected zeroth-order Hamiltonian (+Z)

 FOCKRIB=T FOCKRIC=T FOCKRIP=T CABSP=T CABSA=T CABSK=T CABSF=T GBC=F EBC=F DMAT=T NOFIK=T NOPAO=1 SOLVE=-1  USEPAO=0
 EXCH_A= T EXCH_B= F EXCH_C= F EXCH_P= F

 Geminal basis:    OPTFULL  GEM_TYPE=SLATER  BETA=1.0  NGEM=6

 Optimizing Gaussian exponents for each gem_beta

 Geminal optimization for beta= 1.0000
 Weight function:   m=0, omega= 1.4646

 Augmented Hessian optimization of geminal fit. Trust ratio= 0.40000
 Convergence reached after   2 iterations. Final gradient= 8.66D-16, Step= 4.23D-06, Delta= 1.28D-09

 Alpha:                 0.19532     0.81920     2.85917     9.50073    35.69989   197.79328
 Coeff:                 0.27070     0.30552     0.18297     0.10986     0.06810     0.04224


 Symmetry turned off. Reference energy:       -115.098436467339

 All pairs explicitly correlated. Number of r12-pairs:           28

 Excluding core orbitals from MO domains

 AO(A)-basis ORBITAL           loaded. Number of functions:     178
 RI(R)-basis CC-PVTZ-F12/OPTRI loaded. Number of functions:     314
 DF-basis AUG-CC-PVTZ/JKFIT    loaded. Number of functions:     392

 Screening thresholds:   THRAO=  1.00D-10  THRMO=  1.00D-09  THRPROD=  1.00D-09
                         THRSW=  1.00D-05  THROV=  1.00D-12  THRAOF12= 1.00D-08

 CPU time for Fock operators                      5.29 sec

 Construction of ABS:
 Smallest eigenvalue of S          4.41E-04  (threshold= 1.00E-08)
 Ratio eigmin/eigmax               5.64E-05  (threshold= 1.00E-09)
 Smallest eigenvalue of S kept     4.41E-04  (threshold= 4.41E-04, 0 functions deleted, 314 kept)

 Construction of CABS:
 Smallest eigenvalue of S          7.41E-07  (threshold= 1.00E-08)
 Ratio eigmin/eigmax               7.41E-07  (threshold= 1.00E-09)
 Smallest eigenvalue of S kept     7.41E-07  (threshold= 7.41E-07, 0 functions deleted, 314 kept)

 CPU time for CABS singles                        0.03 sec

 CABS-singles contribution of  -0.00134803 patched into reference energy.
 New reference energy        -115.09978450

 AO(A)-basis ORBITAL           loaded. Number of functions:     178
 RI(R)-basis CC-PVTZ-F12/OPTRI loaded. Number of functions:     314
 DF-basis AUG-CC-PVTZ/MP2FIT   loaded. Number of functions:     396

 Screening thresholds:   THRAO=  1.00D-10  THRMO=  1.00D-09  THRPROD=  1.00D-09
                         THRSW=  1.00D-05  THROV=  1.00D-12  THRAOF12= 1.00D-08

 CPU time for 3-index integral evaluation         3.28 sec
 CPU time for first  half transformation          0.24 sec (10287.7 MFLOP/sec)
 CPU time for second half transformation          0.01 sec ( 6217.0 MFLOP/sec)
 CPU time for fitting                             0.02 sec (56971.3 MFLOP/sec)
 CPU time for tilde quantities                    0.02 sec (75522.6 MFLOP/sec)
 CPU time for assembly                            0.22 sec (56152.7 MFLOP/sec)
 CPU time for tranop_f12                          0.26 sec (61000.9 MFLOP/sec)
 CPU time for f12 integrals (total)               6.87 sec, Elapsed time:      7.21 sec
 CPU time for f12 matrices (total)                0.10 sec, Elapsed time:      0.13 sec

 Diagonal F12 approximation with fixed coefficients:  TSING= 0.500,  TTRIP= 0.250 (scaled by -1/beta)

 DF-MP2-F12 energy corrections:
 ==============================
 Approx.                                    Singlet             Triplet             Total
 DF-MP2-F12/3*C(DX,FIX)                -0.038259686530     -0.004202808773     -0.042462495303
 DF-MP2-F12/3*C(FIX)                   -0.036070769316     -0.003923435870     -0.039994205186
 DF-MP2-F12/3C(FIX)                    -0.036014514503     -0.004058370863     -0.040072885366

 DF-MP2-F12 correlation energies:
 ================================
 Approx.                                    Singlet             Triplet             Ecorr            Total Energy
 DF-MP2                                -0.291333733989     -0.152405850309     -0.443739584298   -115.543524080488
 DF-MP2-F12/3*C(DX,FIX)                -0.329593420520     -0.156608659081     -0.486202079601   -115.585986575791
 DF-MP2-F12/3*C(FIX)                   -0.327404503305     -0.156329286179     -0.483733789484   -115.583518285674
 DF-MP2-F12/3C(FIX)                    -0.327348248492     -0.156464221172     -0.483812469664   -115.583596965854

 SCS-DF-MP2 energies (F_SING= 1.20000  F_TRIP= 0.62222  F_PARALLEL= 0.33333):
 ============================================================================
 SCS-DF-MP2                            -0.444430787646   -115.544215283836
 SCS-DF-MP2-F12/3*C(DX,FIX)            -0.492957492497   -115.592741988687
 SCS-DF-MP2-F12/3*C(FIX)               -0.490156959811   -115.589941456001
 SCS-DF-MP2-F12/3C(FIX)                -0.490173413587   -115.589957909777

 Symmetry restored.
 Symmetry transformation completed.

 Number of N-1 electron functions:               7
 Number of N-2 electron functions:              28
 Number of singly external CSFs:               659
 Number of doubly external CSFs:            355020
 Total number of CSFs:                      355680

 Length of J-op  integral file:             103.62 MB
 Length of K-op  integral file:             127.95 MB
 Length of 3-ext integral record:             0.00 MB

 Memory could be reduced to 24.20 Mwords without degradation in triples

 Integral transformation finished. Total CPU:   1.17 sec, npass=  1  Memory used:   7.45 MW

 Reference energy:                   -115.09978450

 Adding F12 terms to K(Cij), methodcc=6,  factor= 1.0

 ITER.      SQ.NORM     CORR.ENERGY   TOTAL ENERGY   ENERGY CHANGE        DEN1      VAR(S)    VAR(P)  DIIS     TIME  TIME/IT
   1      1.11796214    -0.45310224  -115.55288674    -0.00929596     0.00177487  0.15D-02  0.19D-02  1  1    14.35     0.85
   2      1.12542582    -0.45345933  -115.55324383    -0.00035709    -0.00909488  0.24D-04  0.23D-03  2  2    15.15     0.87
   3      1.12818109    -0.45363848  -115.55342298    -0.00017915    -0.00187466  0.15D-04  0.14D-04  3  3    15.96     0.88
   4      1.12914287    -0.45365625  -115.55344075    -0.00001777    -0.00060747  0.87D-06  0.12D-05  4  4    16.77     0.88
   5      1.12930174    -0.45365793  -115.55344242    -0.00000167    -0.00003882  0.24D-06  0.10D-06  5  5    17.57     0.88
   6      1.12934545    -0.45365551  -115.55344001     0.00000242    -0.00000440  0.36D-07  0.99D-08  6  6    18.37     0.89
   7      1.12935683    -0.45365463  -115.55343912     0.00000088    -0.00000303  0.40D-08  0.15D-08  6  1    19.18     0.89
   8      1.12935867    -0.45365469  -115.55343919    -0.00000006     0.00000034  0.70D-09  0.21D-09  6  3    19.97     0.89

 Norm of t1 vector:      0.05029188      S-energy:    -0.00000037      T1 diagnostic:  0.00950427
                                                                       D1 diagnostic:  0.02015224

 Adding energy correction from Wij-K(Fij), methodcc=6  factor= 1.0

  CCSD correlation energy              -0.453654691078
  MP2-F12 correction (uncoupled)       -0.038517017861
  C*T doubles correction               -0.001167311009
  f12b correction                       0.007102348206


 Total CPU time for triples:     10.81 sec


 RESULTS
 =======

  Reference energy                   -115.098436467339
  F12 singles correction               -0.001348028851

 F12 singles corrections added to reference energy

  New reference energy               -115.099784496190

  F12a singlet correction              -0.035773321585
  F12a triplet correction              -0.003911007285
  F12a total correction                -0.039684328870

 F12a corrections for ansatz F12/3C(FIX) added to CCSD energy

  CCSD-F12a singlet pair energy        -0.351483822350
  CCSD-F12a triplet pair energy        -0.141854825441
  CCSD-F12a correlation energy         -0.493339019948

  Triples (T) contribution             -0.016083523233
  Total correlation energy             -0.509422543181

  CCSD-F12a total energy             -115.593123516138
  CCSD[T]-F12a energy                -115.609767127219
  CCSD-T-F12a energy                 -115.608959464235
 !CCSD(T)-F12a total energy          -115.609207039371

 F12b corrections for ansatz F12/3C(FIX) added to CCSD(T)-F12a energy

  CCSD-F12b singlet pair energy        -0.344843064254
  CCSD-F12b triplet pair energy        -0.141393235332
  CCSD-F12b correlation energy         -0.486236671742

  Triples (T) contribution             -0.016083523233
  Total correlation energy             -0.502320194975

  CCSD-F12b total energy             -115.586021167932
  CCSD[T]-F12b energy                -115.602664779014
  CCSD-T-F12b energy                 -115.601857116029
 !CCSD(T)-F12b total energy          -115.602104691165

 Timing summary (sec):

 STEP                 CPU(USER)    SYS     CPU(TOT)    WALL
 Transformation          1.19      0.35      1.54      1.60
 CCSD iterations         6.41      0.69      7.10      7.13
 Triples                10.81      0.44     11.25     11.28
 MP2-F12                12.37      0.51     12.88     13.07
 F12b energy             0.63      0.06      0.69      0.69

 Program statistics:

 Available memory in ccsd:               499999650
 Min. memory needed in ccsd:               1149135
 Max. memory used in ccsd:                 1443104
 Max. memory used in cckext:               1888566 ( 9 integral passes)



 **********************************************************************************************************************************
 DATASETS  * FILE   NREC   LENGTH (MB)   RECORD NAMES
              1      20      385.91       500      610      700      900      950      970     1000      129      960     1100   
                                          VAR    BASINP    GEOM    SYMINP    ZMAT    AOBASIS   BASIS     P2S    ABASIS      S 
                                         1400     1410     1200     1210     1080     1600     1650     1300     1700     1380   
                                           T        V       H0       H01     AOSYM     SMH    MOLCAS    ERIS     OPER     JKOP   

              2       7        3.55       700     1000      520     2100     7360     7350     7000   
                                         GEOM     BASIS   MCVARS     RHF    F12ABS    EF12   

 PROGRAMS   *        TOTAL   CCSD(T)   MP2-F12    HF-SCF       INT
 CPU TIMES  *        53.04     31.44     12.88      2.87      5.73
 REAL TIME  *        90.16 SEC
 DISK USED  *         1.13 GB
 **********************************************************************************************************************************
 SETTING XXX            =    "MMM"
 SETTING POINT          =         4.00000000                                  

 *** ### CH3OH


 XXX       RCO          ROH          RCH1         RCH2         RCH3           ACOH           AOCH1          AOCH2          AOCH3         AHH1           AHH2           AHH3            ENERGY      POINT
 "MMM"   1.43077677   0.96013932   1.09171752   1.08440070   1.09171752   108.12930637   111.65221523   107.18733878   111.65221523   61.43364279   180.00000000   298.56635721   -115.60920704   4.0000
                                                  

 CCSD(T)-F12/cc-pVTZ-F12 energy=   -115.602104691165

     CCSD(T)-F12         MP2-F12          HF-SCF
   -115.60210469   -115.58366225   -115.09843647
 **********************************************************************************************************************************
 Molpro calculation terminated
