
 Primary working directories    : /tmpdir/job/2955606.undefined/molpro.wkYd0mybT6
 Secondary working directories  : /tmpdir/job/2955606.undefined/molpro.wkYd0mybT6
 Wavefunction directory         : /home/zcaposm/wfu/
 Main file repository           : /tmpdir/job/2955606.undefined/molpro.wkYd0mybT6/

 id        : uclcc

 Nodes                         nprocs
 node-d00a-245.myriad.ucl.ac.uk    1

 Using customized tuning parameters: mindgm=1; mindgv=20; mindgc=4; mindgr=1; noblas=0; minvec=7
 default implementation of scratch files=df  


 Variables initialized (945), CPU time= 0.01 sec
 ***,Methanol Ground State Energy with CCSD(T)-F12 and cc-pVTZ-F12
 memory,500,m;
 
 geometry={angstrom
 c
 o , 1, rco
 h , 2, roh, 1, acoh
 h1, 1, rch1, 2, aoch1  3  ahh1
 h2, 1, rch2, 2, aoch2, 3, ahh2
 h3, 1, rch3, 2, aoch3, 3, ahh3
 }
 
                                                ! Specify the initial values of the internal coordinates (in Angstroms and degrees)
 
 rco= 1.42077677
 roh= 0.96013932
 rch1= 1.091717515605
 rch2= 1.07440070258
 rch3= 1.091717515605
 acoh= 108.12930637
 aoch1= 111.6522152299
 aoch2= 107.18733878260001
 aoch3= 111.6522152299
 ahh1=61.43364279
 ahh2=180.0
 ahh3=298.56635721
 
                                                                                 ! Use the cc-pVTZ-F12 basis set
 basis=cc-pVTZ-F12
 
 hf
 
                                                                                 ! Use explicitly correlated F12 methods
                                                                            ! First, MP2-F12 (useful for initial electronic energy)
 {mp2-f12}
 
                                                                        ! If desired, perform CCSD(T)-F12 for more accurate results
 {ccsd(t)-f12}
 
                                                                                 ! Output the energy
 xxx = "mmm"
 point = 41
 text ### CH3OH
 table,xxx,rco,roh,rch1,rch2,rch3,acoh,aoch1,aoch2,aoch3,ahh1,ahh2,ahh3,energy,point
 DIGITS, 0, 8, 8, 8, 8, 8, 8, 8, 8, 8,  8,  8,  8, 8, 4
 save,CH3OH_MEP_MP2_41.dat,new
 
 Commands  initialized (802), CPU time= 0.00 sec, 659 directives.
 Default parameters read. Elapsed time= 0.08 sec

 Checking input...
 Passed
1


                                         ***  PROGRAM SYSTEM MOLPRO  ***
                                       Copyright, TTI GmbH Stuttgart, 2015
                                    Version 2020.1 linked Oct  6 2020 12:04:11


 **********************************************************************************************************************************
 LABEL *   Methanol Ground State Energy with CCSD(T)-F12 and cc-pVTZ-F12                 
  64 bit serial version                                                                  DATE: 08-Oct-24          TIME: 17:15:52  
 **********************************************************************************************************************************

 SHA1:             8c27446f6450a7499e38f603e13c65f775101d37
 **********************************************************************************************************************************

 Memory per process:       500 MW
 Total memory per node:    500 MW

 GA preallocation disabled
 GA check disabled

 Variable memory set to 500.0 MW

 SETTING RCO            =         1.42077677                                  
 SETTING ROH            =         0.96013932                                  
 SETTING RCH1           =         1.09171752                                  
 SETTING RCH2           =         1.07440070                                  
 SETTING RCH3           =         1.09171752                                  
 SETTING ACOH           =       108.12930637                                  
 SETTING AOCH1          =       111.65221523                                  
 SETTING AOCH2          =       107.18733878                                  
 SETTING AOCH3          =       111.65221523                                  
 SETTING AHH1           =        61.43364279                                  
 SETTING AHH2           =       180.00000000                                  
 SETTING AHH3           =       298.56635721                                  
 SETTING BASIS          =    CC-PVTZ-F12


 Recomputing integrals since basis changed


 Using spherical harmonics

 Library entry C      S cc-pVTZ-F12          selected for orbital group  1
 Library entry C      P cc-pVTZ-F12          selected for orbital group  1
 Library entry C      D cc-pVTZ-F12          selected for orbital group  1
 Library entry C      F cc-pVTZ-F12          selected for orbital group  1
 Library entry O      S cc-pVTZ-F12          selected for orbital group  2
 Library entry O      P cc-pVTZ-F12          selected for orbital group  2
 Library entry O      D cc-pVTZ-F12          selected for orbital group  2
 Library entry O      F cc-pVTZ-F12          selected for orbital group  2
 Library entry H      S cc-pVTZ-F12          selected for orbital group  3
 Library entry H      P cc-pVTZ-F12          selected for orbital group  3
 Library entry H      D cc-pVTZ-F12          selected for orbital group  3


 PROGRAM * SEWARD (Integral evaluation for generally contracted gaussian basis sets)     Author: Roland Lindh, 1990

 Geometry written to block  1 of record 700

 Orientation using atomic masses  
 Molecule type: Asymmetric top
 Symmetry elements: X
 Rotational constants:      23.9888190     24.8175668    129.4045824 GHz  (calculated with average atomic masses)

 Point group  Cs  



 ATOMIC COORDINATES

 NR  ATOM    CHARGE       X              Y              Z

   1  C       6.00    0.000000000    0.023462192   -1.376818842
   2  O       8.00    0.000000000   -0.121503838    1.304143669
   3  H       1.00    0.000000000    1.569825094    1.960996086
   4  H1      1.00    1.684053272    0.980118170   -2.087408241
   5  H3      1.00   -1.684053272    0.980118170   -2.087408241
   6  H2      1.00    0.000000000   -1.880971099   -2.080626794

 Bond lengths in Bohr (Angstrom)

 1-2  2.684878979  1-4  2.063047110  1-5  2.063047110  1-6  2.030323076  2-3  1.814400356
     ( 1.420776770)     ( 1.091717516)     ( 1.091717516)     ( 1.074400703)     ( 0.960139320)

 Bond angles

  1-2-3  108.12930637   2-1-4  111.65221523   2-1-5  111.65221523   2-1-6  107.18733878

  4-1-5  109.43105099   4-1-6  108.39459424   5-1-6  108.39459424

 NUCLEAR CHARGE:                   18
 NUMBER OF PRIMITIVE AOS:         228
 NUMBER OF SYMMETRY AOS:          206
 NUMBER OF CONTRACTIONS:          178   (  114A'  +   64A"  )
 NUMBER OF INNER CORE ORBITALS:     0   (    0A'  +    0A"  )
 NUMBER OF OUTER CORE ORBITALS:     2   (    2A'  +    0A"  )
 NUMBER OF VALENCE ORBITALS:       12   (    9A'  +    3A"  )


 NUCLEAR REPULSION ENERGY   40.38379756

 Eigenvalues of metric

         1 0.872E-04 0.183E-03 0.305E-03 0.460E-03 0.493E-03 0.557E-03 0.617E-03 0.621E-03
         2 0.322E-03 0.570E-03 0.686E-03 0.177E-02 0.337E-02 0.494E-02 0.635E-02 0.869E-02


 Contracted 2-electron integrals neglected if value below      1.0D-11
 AO integral compression algorithm  1   Integral accuracy      1.0D-11

     331.874 MB (compressed) written to integral file ( 53.5%)


 NUMBER OF SORTED TWO-ELECTRON INTEGRALS:   64554730.     BUFFER LENGTH:  32768
 NUMBER OF SEGMENTS:   5  SEGMENT LENGTH:   15997996      RECORD LENGTH: 524288

 Memory used in sort:      16.56 MW

 SORT1 READ    77497885. AND WROTE    63557103. INTEGRALS IN    184 RECORDS. CPU TIME:     2.07 SEC, REAL TIME:   118.55 SEC
 SORT2 READ    63557103. AND WROTE    64554730. INTEGRALS IN   1266 RECORDS. CPU TIME:     1.42 SEC, REAL TIME:   264.33 SEC

 FILE SIZES:   FILE 1:   362.8 MBYTE,  FILE 4:   771.8 MBYTE,   TOTAL:   1134.6 MBYTE

 OPERATOR DM      FOR CENTER  0  COORDINATES:    0.000000    0.000000    0.000000


 **********************************************************************************************************************************
 DATASETS  * FILE   NREC   LENGTH (MB)   RECORD NAMES
              1      19      311.94       500      610      700      900      950      970     1000      129      960     1100   
                                          VAR    BASINP    GEOM    SYMINP    ZMAT    AOBASIS   BASIS     P2S    ABASIS      S 
                                         1400     1410     1200     1210     1080     1600     1650     1300     1700   
                                           T        V       H0       H01     AOSYM     SMH    MOLCAS    ERIS     OPER   

 PROGRAMS   *        TOTAL       INT
 CPU TIMES  *         7.05      6.94
 REAL TIME  *       491.55 SEC
 DISK USED  *         1.13 GB
 **********************************************************************************************************************************


 PROGRAM * RHF-SCF (CLOSED SHELL)       Authors: W. Meyer, H.-J. Werner


 NUMBER OF ELECTRONS:       9+    9-
 CONVERGENCE THRESHOLDS:    1.00E-05 (Density)    1.00E-07 (Energy)
 MAX. NUMBER OF ITERATIONS:       60
 INTERPOLATION TYPE:            DIIS
 INTERPOLATION STEPS:              2 (START)      1 (STEP)
 LEVEL SHIFTS:                  0.00 (CLOSED)  0.00 (OPEN) 



 Orbital guess generated from atomic densities. Full valence occupancy:   11   3

 Molecular orbital dump at record        2100.2

 Initial occupancy:   7   2

 ITERATION    DDIFF          GRAD             ENERGY        2-EL.EN.            DIPOLE MOMENTS         DIIS   ORB.
    1      0.000D+00      0.000D+00      -115.06238261    164.560826    0.00000    0.90627   -0.47857    0    start
    2      0.000D+00      0.668D-02      -115.09075682    161.970693    0.00000    0.49475   -0.30585    1    diag
    3      0.653D-02      0.365D-02      -115.09821211    163.236376    0.00000    0.59764   -0.39891    2    diag
    4      0.221D-02      0.722D-03      -115.09874521    163.059447    0.00000    0.59207   -0.39444    3    diag
    5      0.594D-03      0.145D-03      -115.09877971    163.070541    0.00000    0.58790   -0.39934    4    diag
    6      0.165D-03      0.271D-04      -115.09878128    163.068564    0.00000    0.58801   -0.40014    5    diag
    7      0.475D-04      0.581D-05      -115.09878135    163.068038    0.00000    0.58782   -0.40043    6    diag
    8      0.119D-04      0.160D-05      -115.09878135    163.068444    0.00000    0.58780   -0.40046    7    diag
    9      0.245D-05      0.499D-06      -115.09878135    163.068275    0.00000    0.58779   -0.40047    0    orth

 Final occupancy:   7   2

 !RHF STATE  1.1 Energy              -115.098781353300
 Nuclear energy                        40.38379756
 One-electron energy                 -237.01671627
 Two-electron energy                   81.53413736
 Virial quotient                       -1.00088411
 !RHF STATE  1.1 Dipole moment          0.00000000     0.58778595    -0.40046530
 Dipole moment /Debye                   0.00000000     1.49390502    -1.01781459

 Orbital energies:

         1.1          2.1          3.1          4.1          5.1          6.1          7.1          8.1          9.1
    -20.556191   -11.268523    -1.356820    -0.927588    -0.690791    -0.595663    -0.505198     0.054674     0.064958

         1.2          2.2          3.2          4.2
     -0.621413    -0.452033     0.073794     0.181508


 HOMO      2.2    -0.452033 =     -12.3004eV
 LUMO      8.1     0.054674 =       1.4878eV
 LUMO-HOMO         0.506707 =      13.7882eV


 **********************************************************************************************************************************
 DATASETS  * FILE   NREC   LENGTH (MB)   RECORD NAMES
              1      19      311.94       500      610      700      900      950      970     1000      129      960     1100   
                                          VAR    BASINP    GEOM    SYMINP    ZMAT    AOBASIS   BASIS     P2S    ABASIS      S 
                                         1400     1410     1200     1210     1080     1600     1650     1300     1700   
                                           T        V       H0       H01     AOSYM     SMH    MOLCAS    ERIS     OPER   

              2       4        3.18       700     1000      520     2100   
                                         GEOM     BASIS   MCVARS     RHF  

 PROGRAMS   *        TOTAL    HF-SCF       INT
 CPU TIMES  *         9.62      2.57      6.94
 REAL TIME  *       513.88 SEC
 DISK USED  *         1.13 GB
 **********************************************************************************************************************************


 PROGRAM * MP2 (Closed-shell)     Authors: C. Hampel, H.-J. Werner, 1991, M. Deegan, P.J. Knowles, 1992

                                   MP2-F12 implementation by H.-J. Werner, 2007

                   Density fitting integral evaluation by F.R. Manby, 2003,2007, G. Knizia, 2010


 Basis set AUG-CC-PVTZ/JKFIT generated.  Number of basis functions:   392 
 Basis set CC-PVTZ-F12/OPTRI generated.  Number of basis functions:   314 
 Basis set AUG-CC-PVTZ/MP2FIT generated. Number of basis functions:   396 

 Convergence thresholds:  THRVAR = 1.00D-08  THRDEN = 1.00D-06

 Number of core orbitals:           2 (   2   0 )
 Number of closed-shell orbitals:   7 (   5   2 )
 Number of external orbitals:     169 ( 107  62 )

 Molecular orbitals read from record     2100.2  Type=RHF/CANONICAL (state 1.1)

 MP2-F12 correlation treatment (H.-J. Werner, 2006)
 ==================================================

 Using MP2-F12 with ansatz 3C(FIX)

 Using projected zeroth-order Hamiltonian (+Z)

 FOCKRIB=T FOCKRIC=T FOCKRIP=T CABSP=T CABSA=T CABSK=T CABSF=T GBC=F EBC=F DMAT=T NOFIK=T NOPAO=1 SOLVE=-1  USEPAO=0
 EXCH_A= T EXCH_B= F EXCH_C= F EXCH_P= F

 Geminal basis:    OPTFULL  GEM_TYPE=SLATER  BETA=1.0  NGEM=6

 Optimizing Gaussian exponents for each gem_beta

 Geminal optimization for beta= 1.0000
 Weight function:   m=0, omega= 1.4646

 Augmented Hessian optimization of geminal fit. Trust ratio= 0.40000
 Convergence reached after   2 iterations. Final gradient= 8.66D-16, Step= 4.23D-06, Delta= 1.28D-09

 Alpha:                 0.19532     0.81920     2.85917     9.50073    35.69989   197.79328
 Coeff:                 0.27070     0.30552     0.18297     0.10986     0.06810     0.04224


 Symmetry turned off. Reference energy:       -115.098781353300

 All pairs explicitly correlated. Number of r12-pairs:           28

 Excluding core orbitals from MO domains

 AO(A)-basis ORBITAL           loaded. Number of functions:     178
 RI(R)-basis CC-PVTZ-F12/OPTRI loaded. Number of functions:     314
 DF-basis AUG-CC-PVTZ/JKFIT    loaded. Number of functions:     392

 Screening thresholds:   THRAO=  1.00D-10  THRMO=  1.00D-09  THRPROD=  1.00D-09
                         THRSW=  1.00D-05  THROV=  1.00D-12  THRAOF12= 1.00D-08

 CPU time for Fock operators                      4.60 sec

 Construction of ABS:
 Smallest eigenvalue of S          4.31E-04  (threshold= 1.00E-08)
 Ratio eigmin/eigmax               5.50E-05  (threshold= 1.00E-09)
 Smallest eigenvalue of S kept     4.31E-04  (threshold= 4.31E-04, 0 functions deleted, 314 kept)

 Construction of CABS:
 Smallest eigenvalue of S          7.11E-07  (threshold= 1.00E-08)
 Ratio eigmin/eigmax               7.11E-07  (threshold= 1.00E-09)
 Smallest eigenvalue of S kept     7.11E-07  (threshold= 7.11E-07, 0 functions deleted, 314 kept)

 CPU time for CABS singles                        0.03 sec

 CABS-singles contribution of  -0.00135716 patched into reference energy.
 New reference energy        -115.10013852

 AO(A)-basis ORBITAL           loaded. Number of functions:     178
 RI(R)-basis CC-PVTZ-F12/OPTRI loaded. Number of functions:     314
 DF-basis AUG-CC-PVTZ/MP2FIT   loaded. Number of functions:     396

 Screening thresholds:   THRAO=  1.00D-10  THRMO=  1.00D-09  THRPROD=  1.00D-09
                         THRSW=  1.00D-05  THROV=  1.00D-12  THRAOF12= 1.00D-08

 CPU time for 3-index integral evaluation         3.07 sec
 CPU time for first  half transformation          0.20 sec (12345.3 MFLOP/sec)
 CPU time for second half transformation          0.02 sec ( 3108.5 MFLOP/sec)
 CPU time for sorting                             0.01 sec
 CPU time for fitting                             0.01 sec (******* MFLOP/sec)
 CPU time for tilde quantities                    0.03 sec (50348.4 MFLOP/sec)
 CPU time for assembly                            0.16 sec (77210.0 MFLOP/sec)
 CPU time for tranop_f12                          0.19 sec (83474.9 MFLOP/sec)
 CPU time for f12 integrals (total)               5.98 sec, Elapsed time:      6.43 sec
 CPU time for f12 matrices (total)                0.08 sec, Elapsed time:      0.11 sec

 Diagonal F12 approximation with fixed coefficients:  TSING= 0.500,  TTRIP= 0.250 (scaled by -1/beta)

 DF-MP2-F12 energy corrections:
 ==============================
 Approx.                                    Singlet             Triplet             Total
 DF-MP2-F12/3*C(DX,FIX)                -0.038307083539     -0.004215072589     -0.042522156128
 DF-MP2-F12/3*C(FIX)                   -0.036103752738     -0.003932740913     -0.040036493651
 DF-MP2-F12/3C(FIX)                    -0.036046332407     -0.004067630166     -0.040113962573

 DF-MP2-F12 correlation energies:
 ================================
 Approx.                                    Singlet             Triplet             Ecorr            Total Energy
 DF-MP2                                -0.291017253868     -0.152362046486     -0.443379300354   -115.543517815689
 DF-MP2-F12/3*C(DX,FIX)                -0.329324337407     -0.156577119075     -0.485901456481   -115.586039971817
 DF-MP2-F12/3*C(FIX)                   -0.327121006606     -0.156294787399     -0.483415794005   -115.583554309341
 DF-MP2-F12/3C(FIX)                    -0.327063586275     -0.156429676652     -0.483493262927   -115.583631778262

 SCS-DF-MP2 energies (F_SING= 1.20000  F_TRIP= 0.62222  F_PARALLEL= 0.33333):
 ============================================================================
 SCS-DF-MP2                            -0.444023755788   -115.544162271124
 SCS-DF-MP2-F12/3*C(DX,FIX)            -0.492614967868   -115.592753483203
 SCS-DF-MP2-F12/3*C(FIX)               -0.489795297864   -115.589933813200
 SCS-DF-MP2-F12/3C(FIX)                -0.489810324558   -115.589948839893

 Symmetry restored.
 Symmetry transformation completed.

 Number of N-1 electron functions:               7
 Number of N-2 electron functions:              28
 Number of singly external CSFs:               659
 Number of doubly external CSFs:            355020
 Total number of CSFs:                      355680

 Length of J-op  integral file:             103.49 MB
 Length of K-op  integral file:             127.95 MB

 Integral transformation finished. Total CPU:   0.36 sec, npass=  1  Memory used:   0.67 MW

 ITER.      SQ.NORM     CORR.ENERGY   TOTAL ENERGY   ENERGY CHANGE     VAR   MIC
   1      1.00000000    -0.44344558  -115.54358409    -0.44344558  0.00D+00   0
   2      1.11456939    -0.44344558  -115.54358409     0.00000000 -0.97D-17   0

 Solving MP2-F12 equations

   1      1.11453327    -0.48280166  -115.58294018    -0.03935608 -0.37D-04   0
   2      1.11453327    -0.48355814  -115.58369666    -0.00075648 -0.17D-17   0
   3      1.11453327    -0.48355814  -115.58369666     0.00000000  0.30D-19   0

 CPU TIME FOR ITERATIVE MP2:    0.04 SEC


 MP2-F12 energy corrections:
 ===========================
 Approx.                                    Singlet             Triplet             Total
 MP2-F12/3*C(DX,FIX)                   -0.038307083539     -0.004215072589     -0.042522156128
 MP2-F12/3*C(FIX)                      -0.036103752738     -0.003932740913     -0.040036493651
 MP2-F12/3C(FIX)                       -0.036043633509     -0.004068932448     -0.040112565956

 MP2-F12 correlation energies:
 =============================
 Approx.                                    Singlet             Triplet             Ecorr            Total Energy
 MP2                                   -0.291200479044     -0.152245097165     -0.443445576209   -115.543584091544
 MP2-F12/3*C(DX,FIX)                   -0.329507562583     -0.156460169754     -0.485967732336   -115.586106247672
 MP2-F12/3*C(FIX)                      -0.327304231782     -0.156177838078     -0.483482069860   -115.583620585196
 MP2-F12/3C(FIX)                       -0.327244112552     -0.156314029612     -0.483558142165   -115.583696657500

 SCS-MP2 energies (F_SING= 1.20000  F_TRIP= 0.62222  F_PARALLEL= 0.33333):
 =========================================================================
 SCS-MP2                               -0.444170857533   -115.544309372868
 SCS-MP2-F12/3*C(DX,FIX)               -0.492762069613   -115.592900584948
 SCS-MP2-F12/3*C(FIX)                  -0.489942399609   -115.590080914945
 SCS-MP2-F12/3C(FIX)                   -0.489954997933   -115.590093513268


  Reference energy                   -115.098781353300
  F12 singles correction               -0.001357162035

 F12 singles corrections added to reference energy

  New reference energy               -115.100138515335

  F12/3C(F) singlet correction         -0.036043633509
  F12/3C(F) triplet correction         -0.004068932448
  F12/3C(F) total correction           -0.040112565956
  MP2-F12/3C(F) singlet pair energy    -0.327244112552
  MP2-F12/3C(F) triplet pair energy    -0.156314029612
  MP2-F12/3C(F) correlation energy     -0.483558142165

 !MP2-F12/3C(F) total energy         -115.583696657500


 **********************************************************************************************************************************
 DATASETS  * FILE   NREC   LENGTH (MB)   RECORD NAMES
              1      20      317.68       500      610      700      900      950      970     1000      129      960     1100   
                                          VAR    BASINP    GEOM    SYMINP    ZMAT    AOBASIS   BASIS     P2S    ABASIS      S 
                                         1400     1410     1200     1210     1080     1600     1650     1300     1700     1380   
                                           T        V       H0       H01     AOSYM     SMH    MOLCAS    ERIS     OPER     JKOP   

              2       7        3.55       700     1000      520     2100     7360     7350     7000   
                                         GEOM     BASIS   MCVARS     RHF    F12ABS    EF12   

 PROGRAMS   *        TOTAL   MP2-F12    HF-SCF       INT
 CPU TIMES  *        20.92     11.30      2.57      6.94
 REAL TIME  *       530.55 SEC
 DISK USED  *         1.13 GB
 **********************************************************************************************************************************


 PROGRAM * CCSD (Closed-shell coupled cluster)     Authors: C. Hampel, H.-J. Werner, 1991, M. Deegan, P.J. Knowles, 1992

                                  CCSD-F12 implementation by  H.-J. Werner, 2007

                   Density fitting integral evaluation by F.R. Manby, 2003,2007, G. Knizia, 2010



 Convergence thresholds:  THRVAR = 1.00D-08  THRDEN = 1.00D-06

 CCSD(T)     terms to be evaluated (factor= 1.000)


 Number of core orbitals:           2 (   2   0 )
 Number of closed-shell orbitals:   7 (   5   2 )
 Number of external orbitals:     169 ( 107  62 )

 Molecular orbitals read from record     2100.2  Type=RHF/CANONICAL (state 1.1)

 MP2-F12 correlation treatment (H.-J. Werner, 2006)
 ==================================================

 Using MP2-F12 with ansatz 3C(FIX)

 Using projected zeroth-order Hamiltonian (+Z)

 FOCKRIB=T FOCKRIC=T FOCKRIP=T CABSP=T CABSA=T CABSK=T CABSF=T GBC=F EBC=F DMAT=T NOFIK=T NOPAO=1 SOLVE=-1  USEPAO=0
 EXCH_A= T EXCH_B= F EXCH_C= F EXCH_P= F

 Geminal basis:    OPTFULL  GEM_TYPE=SLATER  BETA=1.0  NGEM=6

 Optimizing Gaussian exponents for each gem_beta

 Geminal optimization for beta= 1.0000
 Weight function:   m=0, omega= 1.4646

 Augmented Hessian optimization of geminal fit. Trust ratio= 0.40000
 Convergence reached after   2 iterations. Final gradient= 8.66D-16, Step= 4.23D-06, Delta= 1.28D-09

 Alpha:                 0.19532     0.81920     2.85917     9.50073    35.69989   197.79328
 Coeff:                 0.27070     0.30552     0.18297     0.10986     0.06810     0.04224


 Symmetry turned off. Reference energy:       -115.098781353300

 All pairs explicitly correlated. Number of r12-pairs:           28

 Excluding core orbitals from MO domains

 AO(A)-basis ORBITAL           loaded. Number of functions:     178
 RI(R)-basis CC-PVTZ-F12/OPTRI loaded. Number of functions:     314
 DF-basis AUG-CC-PVTZ/JKFIT    loaded. Number of functions:     392

 Screening thresholds:   THRAO=  1.00D-10  THRMO=  1.00D-09  THRPROD=  1.00D-09
                         THRSW=  1.00D-05  THROV=  1.00D-12  THRAOF12= 1.00D-08

 CPU time for Fock operators                      4.44 sec

 Construction of ABS:
 Smallest eigenvalue of S          4.31E-04  (threshold= 1.00E-08)
 Ratio eigmin/eigmax               5.50E-05  (threshold= 1.00E-09)
 Smallest eigenvalue of S kept     4.31E-04  (threshold= 4.31E-04, 0 functions deleted, 314 kept)

 Construction of CABS:
 Smallest eigenvalue of S          7.11E-07  (threshold= 1.00E-08)
 Ratio eigmin/eigmax               7.11E-07  (threshold= 1.00E-09)
 Smallest eigenvalue of S kept     7.11E-07  (threshold= 7.11E-07, 0 functions deleted, 314 kept)

 CPU time for CABS singles                        0.03 sec

 CABS-singles contribution of  -0.00135716 patched into reference energy.
 New reference energy        -115.10013852

 AO(A)-basis ORBITAL           loaded. Number of functions:     178
 RI(R)-basis CC-PVTZ-F12/OPTRI loaded. Number of functions:     314
 DF-basis AUG-CC-PVTZ/MP2FIT   loaded. Number of functions:     396

 Screening thresholds:   THRAO=  1.00D-10  THRMO=  1.00D-09  THRPROD=  1.00D-09
                         THRSW=  1.00D-05  THROV=  1.00D-12  THRAOF12= 1.00D-08

 CPU time for 3-index integral evaluation         3.06 sec
 CPU time for first  half transformation          0.22 sec (11223.0 MFLOP/sec)
 CPU time for second half transformation          0.02 sec ( 3108.5 MFLOP/sec)
 CPU time for fitting                             0.01 sec (******* MFLOP/sec)
 CPU time for tilde quantities                    0.02 sec (75522.6 MFLOP/sec)
 CPU time for assembly                            0.16 sec (77210.0 MFLOP/sec)
 CPU time for tranop_f12                          0.19 sec (83474.9 MFLOP/sec)
 CPU time for f12 integrals (total)               6.02 sec, Elapsed time:      6.32 sec
 CPU time for f12 matrices (total)                0.08 sec, Elapsed time:      0.11 sec

 Diagonal F12 approximation with fixed coefficients:  TSING= 0.500,  TTRIP= 0.250 (scaled by -1/beta)

 DF-MP2-F12 energy corrections:
 ==============================
 Approx.                                    Singlet             Triplet             Total
 DF-MP2-F12/3*C(DX,FIX)                -0.038307083539     -0.004215072589     -0.042522156128
 DF-MP2-F12/3*C(FIX)                   -0.036103752738     -0.003932740913     -0.040036493651
 DF-MP2-F12/3C(FIX)                    -0.036046332407     -0.004067630166     -0.040113962573

 DF-MP2-F12 correlation energies:
 ================================
 Approx.                                    Singlet             Triplet             Ecorr            Total Energy
 DF-MP2                                -0.291017253868     -0.152362046486     -0.443379300354   -115.543517815689
 DF-MP2-F12/3*C(DX,FIX)                -0.329324337407     -0.156577119075     -0.485901456481   -115.586039971817
 DF-MP2-F12/3*C(FIX)                   -0.327121006606     -0.156294787399     -0.483415794005   -115.583554309341
 DF-MP2-F12/3C(FIX)                    -0.327063586275     -0.156429676652     -0.483493262927   -115.583631778262

 SCS-DF-MP2 energies (F_SING= 1.20000  F_TRIP= 0.62222  F_PARALLEL= 0.33333):
 ============================================================================
 SCS-DF-MP2                            -0.444023755788   -115.544162271124
 SCS-DF-MP2-F12/3*C(DX,FIX)            -0.492614967868   -115.592753483203
 SCS-DF-MP2-F12/3*C(FIX)               -0.489795297864   -115.589933813200
 SCS-DF-MP2-F12/3C(FIX)                -0.489810324558   -115.589948839893

 Symmetry restored.
 Symmetry transformation completed.

 Number of N-1 electron functions:               7
 Number of N-2 electron functions:              28
 Number of singly external CSFs:               659
 Number of doubly external CSFs:            355020
 Total number of CSFs:                      355680

 Length of J-op  integral file:             103.62 MB
 Length of K-op  integral file:             127.95 MB
 Length of 3-ext integral record:             0.00 MB

 Memory could be reduced to 24.20 Mwords without degradation in triples

 Integral transformation finished. Total CPU:   0.96 sec, npass=  1  Memory used:   7.45 MW

 Reference energy:                   -115.10013852

 Adding F12 terms to K(Cij), methodcc=6,  factor= 1.0

 ITER.      SQ.NORM     CORR.ENERGY   TOTAL ENERGY   ENERGY CHANGE        DEN1      VAR(S)    VAR(P)  DIIS     TIME  TIME/IT
   1      1.11742746    -0.45276359  -115.55290210    -0.00931801     0.00165857  0.15D-02  0.19D-02  1  1    12.22     0.67
   2      1.12480595    -0.45311969  -115.55325820    -0.00035610    -0.00902718  0.24D-04  0.23D-03  2  2    12.86     0.70
   3      1.12751616    -0.45329553  -115.55343404    -0.00017584    -0.00185561  0.15D-04  0.13D-04  3  3    13.51     0.71
   4      1.12845696    -0.45331342  -115.55345193    -0.00001789    -0.00059697  0.86D-06  0.12D-05  4  4    14.15     0.71
   5      1.12861185    -0.45331490  -115.55345341    -0.00000148    -0.00003776  0.23D-06  0.10D-06  5  5    14.79     0.71
   6      1.12865431    -0.45331253  -115.55345105     0.00000236    -0.00000421  0.36D-07  0.95D-08  6  6    15.45     0.72
   7      1.12866545    -0.45331166  -115.55345018     0.00000087    -0.00000297  0.40D-08  0.14D-08  6  1    16.11     0.72
   8      1.12866726    -0.45331172  -115.55345024    -0.00000006     0.00000034  0.67D-09  0.20D-09  6  3    16.75     0.72

 Norm of t1 vector:      0.04993923      S-energy:    -0.00000036      T1 diagnostic:  0.00943763
                                                                       D1 diagnostic:  0.02003940

 Adding energy correction from Wij-K(Fij), methodcc=6  factor= 1.0

  CCSD correlation energy              -0.453311724223
  MP2-F12 correction (uncoupled)       -0.038563041489
  C*T doubles correction               -0.001164535633
  f12b correction                       0.007098751762


 Total CPU time for triples:     11.13 sec


 RESULTS
 =======

  Reference energy                   -115.098781353300
  F12 singles correction               -0.001357162035

 F12 singles corrections added to reference energy

  New reference energy               -115.100138515335

  F12a singlet correction              -0.035807174438
  F12a triplet correction              -0.003920402684
  F12a total correction                -0.039727577122

 F12a corrections for ansatz F12/3C(FIX) added to CCSD energy

  CCSD-F12a singlet pair energy        -0.351097804617
  CCSD-F12a triplet pair energy        -0.141941132930
  CCSD-F12a correlation energy         -0.493039301345

  Triples (T) contribution             -0.015993215929
  Total correlation energy             -0.509032517274

  CCSD-F12a total energy             -115.593177816681
  CCSD[T]-F12a energy                -115.609721984703
  CCSD-T-F12a energy                 -115.608928249742
 !CCSD(T)-F12a total energy          -115.609171032610

 F12b corrections for ansatz F12/3C(FIX) added to CCSD(T)-F12a energy

  CCSD-F12b singlet pair energy        -0.344461375847
  CCSD-F12b triplet pair energy        -0.141478809937
  CCSD-F12b correlation energy         -0.485940549583

  Triples (T) contribution             -0.015993215929
  Total correlation energy             -0.501933765512

  CCSD-F12b total energy             -115.586079064918
  CCSD[T]-F12b energy                -115.602623232941
  CCSD-T-F12b energy                 -115.601829497979
 !CCSD(T)-F12b total energy          -115.602072280847

 Timing summary (sec):

 STEP                 CPU(USER)    SYS     CPU(TOT)    WALL
 Transformation          0.97      0.16      1.13      1.13
 CCSD iterations         5.16      0.63      5.79      5.79
 Triples                11.13      0.44     11.57     11.60
 MP2-F12                10.62      0.48     11.10     11.26
 F12b energy             0.53      0.04      0.57      0.57

 Program statistics:

 Available memory in ccsd:               499999650
 Min. memory needed in ccsd:               1149135
 Max. memory used in ccsd:                 1443104
 Max. memory used in cckext:               1888566 ( 9 integral passes)



 **********************************************************************************************************************************
 DATASETS  * FILE   NREC   LENGTH (MB)   RECORD NAMES
              1      20      386.25       500      610      700      900      950      970     1000      129      960     1100   
                                          VAR    BASINP    GEOM    SYMINP    ZMAT    AOBASIS   BASIS     P2S    ABASIS      S 
                                         1400     1410     1200     1210     1080     1600     1650     1300     1700     1380   
                                           T        V       H0       H01     AOSYM     SMH    MOLCAS    ERIS     OPER     JKOP   

              2       7        3.55       700     1000      520     2100     7360     7350     7000   
                                         GEOM     BASIS   MCVARS     RHF    F12ABS    EF12   

 PROGRAMS   *        TOTAL   CCSD(T)   MP2-F12    HF-SCF       INT
 CPU TIMES  *        49.36     28.44     11.30      2.57      6.94
 REAL TIME  *       560.96 SEC
 DISK USED  *         1.13 GB
 **********************************************************************************************************************************
 SETTING XXX            =    "MMM"
 SETTING POINT          =        41.00000000                                  

 *** ### CH3OH


 XXX       RCO          ROH          RCH1         RCH2         RCH3           ACOH           AOCH1          AOCH2          AOCH3         AHH1           AHH2           AHH3            ENERGY       POINT
 "MMM"   1.42077677   0.96013932   1.09171752   1.07440070   1.09171752   108.12930637   111.65221523   107.18733878   111.65221523   61.43364279   180.00000000   298.56635721   -115.60917103   41.0000
                                                  

 CCSD(T)-F12/cc-pVTZ-F12 energy=   -115.602072280847

     CCSD(T)-F12         MP2-F12          HF-SCF
   -115.60207228   -115.58369666   -115.09878135
 **********************************************************************************************************************************
 Molpro calculation terminated
