
 Primary working directories    : /tmpdir/job/2955598.undefined/molpro.0TL0Z6Un6j
 Secondary working directories  : /tmpdir/job/2955598.undefined/molpro.0TL0Z6Un6j
 Wavefunction directory         : /home/zcaposm/wfu/
 Main file repository           : /tmpdir/job/2955598.undefined/molpro.0TL0Z6Un6j/

 id        : uclcc

 Nodes                         nprocs
 node-d00a-132.myriad.ucl.ac.uk    1

 Using customized tuning parameters: mindgm=1; mindgv=20; mindgc=4; mindgr=1; noblas=0; minvec=7
 default implementation of scratch files=df  


 Variables initialized (945), CPU time= 0.01 sec
 ***,Methanol Ground State Energy with CCSD(T)-F12 and cc-pVTZ-F12
 memory,500,m;
 
 geometry={angstrom
 c
 o , 1, rco
 h , 2, roh, 1, acoh
 h1, 1, rch1, 2, aoch1  3  ahh1
 h2, 1, rch2, 2, aoch2, 3, ahh2
 h3, 1, rch3, 2, aoch3, 3, ahh3
 }
 
                                                ! Specify the initial values of the internal coordinates (in Angstroms and degrees)
 
 rco= 1.42077677
 roh= 0.96013932
 rch1= 1.116717515605
 rch2= 1.08440070258
 rch3= 1.091717515605
 acoh= 108.12930637
 aoch1= 111.6522152299
 aoch2= 107.18733878260001
 aoch3= 111.6522152299
 ahh1=61.43364279
 ahh2=180.0
 ahh3=298.56635721
 
                                                                                 ! Use the cc-pVTZ-F12 basis set
 basis=cc-pVTZ-F12
 
 hf
 
                                                                                 ! Use explicitly correlated F12 methods
                                                                            ! First, MP2-F12 (useful for initial electronic energy)
 {mp2-f12}
 
                                                                        ! If desired, perform CCSD(T)-F12 for more accurate results
 {ccsd(t)-f12}
 
                                                                                 ! Output the energy
 xxx = "mmm"
 point = 34
 text ### CH3OH
 table,xxx,rco,roh,rch1,rch2,rch3,acoh,aoch1,aoch2,aoch3,ahh1,ahh2,ahh3,energy,point
 DIGITS, 0, 8, 8, 8, 8, 8, 8, 8, 8, 8,  8,  8,  8, 8, 4
 save,CH3OH_MEP_MP2_34.dat,new
 
 Commands  initialized (802), CPU time= 0.01 sec, 659 directives.
 Default parameters read. Elapsed time= 0.20 sec

 Checking input...
 Passed
1


                                         ***  PROGRAM SYSTEM MOLPRO  ***
                                       Copyright, TTI GmbH Stuttgart, 2015
                                    Version 2020.1 linked Oct  6 2020 12:04:11


 **********************************************************************************************************************************
 LABEL *   Methanol Ground State Energy with CCSD(T)-F12 and cc-pVTZ-F12                 
  64 bit serial version                                                                  DATE: 08-Oct-24          TIME: 17:15:07  
 **********************************************************************************************************************************

 SHA1:             8c27446f6450a7499e38f603e13c65f775101d37
 **********************************************************************************************************************************

 Memory per process:       500 MW
 Total memory per node:    500 MW

 GA preallocation disabled
 GA check disabled

 Variable memory set to 500.0 MW

 SETTING RCO            =         1.42077677                                  
 SETTING ROH            =         0.96013932                                  
 SETTING RCH1           =         1.11671752                                  
 SETTING RCH2           =         1.08440070                                  
 SETTING RCH3           =         1.09171752                                  
 SETTING ACOH           =       108.12930637                                  
 SETTING AOCH1          =       111.65221523                                  
 SETTING AOCH2          =       107.18733878                                  
 SETTING AOCH3          =       111.65221523                                  
 SETTING AHH1           =        61.43364279                                  
 SETTING AHH2           =       180.00000000                                  
 SETTING AHH3           =       298.56635721                                  
 SETTING BASIS          =    CC-PVTZ-F12


 Recomputing integrals since basis changed


 Using spherical harmonics

 Library entry C      S cc-pVTZ-F12          selected for orbital group  1
 Library entry C      P cc-pVTZ-F12          selected for orbital group  1
 Library entry C      D cc-pVTZ-F12          selected for orbital group  1
 Library entry C      F cc-pVTZ-F12          selected for orbital group  1
 Library entry O      S cc-pVTZ-F12          selected for orbital group  2
 Library entry O      P cc-pVTZ-F12          selected for orbital group  2
 Library entry O      D cc-pVTZ-F12          selected for orbital group  2
 Library entry O      F cc-pVTZ-F12          selected for orbital group  2
 Library entry H      S cc-pVTZ-F12          selected for orbital group  3
 Library entry H      P cc-pVTZ-F12          selected for orbital group  3
 Library entry H      D cc-pVTZ-F12          selected for orbital group  3


 PROGRAM * SEWARD (Integral evaluation for generally contracted gaussian basis sets)     Author: Roland Lindh, 1990

 Geometry written to block  1 of record 700

 Orientation using atomic masses  
 Molecule type: Asymmetric top
 Rotational constants:      23.9220265     24.7405779    127.1842756 GHz  (calculated with average atomic masses)

 Point group  C1  



 ATOMIC COORDINATES

 NR  ATOM    CHARGE       X              Y              Z

   1  C       6.00   -0.004371294    0.022904680   -1.376101655
   2  O       8.00    0.004818333   -0.121257236    1.304888466
   3  H       1.00   -0.045607802    1.569465011    1.961367059
   4  H1      1.00    1.686298153    1.053360521   -2.106254087
   5  H2      1.00    0.053001186   -1.898554737   -2.086035524
   6  H3      1.00   -1.718084668    0.927548675   -2.083893356

 Bond lengths in Bohr (Angstrom)

 1-2  2.684878979  1-4  2.110290263  1-5  2.049220337  1-6  2.063047110  2-3  1.814400356
     ( 1.420776770)     ( 1.116717516)     ( 1.084400703)     ( 1.091717516)     ( 0.960139320)

 Bond angles

  1-2-3  108.12930637   2-1-4  111.65221523   2-1-5  107.18733878   2-1-6  111.65221523

  4-1-5  108.39459424   4-1-6  109.43105099   5-1-6  108.39459424

 NUCLEAR CHARGE:                   18
 NUMBER OF PRIMITIVE AOS:         228
 NUMBER OF SYMMETRY AOS:          206
 NUMBER OF CONTRACTIONS:          178   (  178A   )
 NUMBER OF INNER CORE ORBITALS:     0   (    0A   )
 NUMBER OF OUTER CORE ORBITALS:     2   (    2A   )
 NUMBER OF VALENCE ORBITALS:       12   (   12A   )


 NUCLEAR REPULSION ENERGY   40.25356647

 Eigenvalues of metric

         1 0.897E-04 0.184E-03 0.311E-03 0.332E-03 0.460E-03 0.493E-03 0.561E-03 0.576E-03


 Contracted 2-electron integrals neglected if value below      1.0D-11
 AO integral compression algorithm  1   Integral accuracy      1.0D-11

     619.184 MB (compressed) written to integral file ( 51.9%)


 NUMBER OF SORTED TWO-ELECTRON INTEGRALS:  126906346.     BUFFER LENGTH:  32768
 NUMBER OF SEGMENTS:   8  SEGMENT LENGTH:   15999503      RECORD LENGTH: 524288

 Memory used in sort:      16.56 MW

 SORT1 READ   149034713. AND WROTE   124850499. INTEGRALS IN    360 RECORDS. CPU TIME:     3.72 SEC, REAL TIME:    69.37 SEC
 SORT2 READ   124850499. AND WROTE   126906346. INTEGRALS IN   2362 RECORDS. CPU TIME:     2.01 SEC, REAL TIME:   136.01 SEC

 FILE SIZES:   FILE 1:   650.4 MBYTE,  FILE 4:  1510.0 MBYTE,   TOTAL:   2160.4 MBYTE

 OPERATOR DM      FOR CENTER  0  COORDINATES:    0.000000    0.000000    0.000000


 **********************************************************************************************************************************
 DATASETS  * FILE   NREC   LENGTH (MB)   RECORD NAMES
              1      19      570.42       500      610      700      900      950      970     1000      129      960     1100   
                                          VAR    BASINP    GEOM    SYMINP    ZMAT    AOBASIS   BASIS     P2S    ABASIS      S 
                                         1400     1410     1200     1210     1080     1600     1650     1300     1700   
                                           T        V       H0       H01     AOSYM     SMH    MOLCAS    ERIS     OPER   

 PROGRAMS   *        TOTAL       INT
 CPU TIMES  *        10.88     10.75
 REAL TIME  *       235.92 SEC
 DISK USED  *         2.16 GB
 **********************************************************************************************************************************


 PROGRAM * RHF-SCF (CLOSED SHELL)       Authors: W. Meyer, H.-J. Werner


 NUMBER OF ELECTRONS:       9+    9-    SPACE SYMMETRY=1    SPIN SYMMETRY: Singlet 
 CONVERGENCE THRESHOLDS:    1.00E-05 (Density)    1.00E-07 (Energy)
 MAX. NUMBER OF ITERATIONS:       60
 INTERPOLATION TYPE:            DIIS
 INTERPOLATION STEPS:              2 (START)      1 (STEP)
 LEVEL SHIFTS:                  0.00 (CLOSED)  0.00 (OPEN) 



 Orbital guess generated from atomic densities. Full valence occupancy:   14

 Molecular orbital dump at record        2100.2

 Initial occupancy:   9

 ITERATION    DDIFF          GRAD             ENERGY        2-EL.EN.            DIPOLE MOMENTS         DIIS   ORB.
    1      0.000D+00      0.000D+00      -115.06165084    164.295845   -0.02485    0.90562   -0.47763    0    start
    2      0.000D+00      0.507D-02      -115.09002813    161.729950   -0.02165    0.49199   -0.29772    1    diag
    3      0.480D-02      0.278D-02      -115.09760406    162.989621   -0.02544    0.59504   -0.39191    2    diag
    4      0.164D-02      0.544D-03      -115.09813573    162.813231   -0.02629    0.58951   -0.38689    3    diag
    5      0.435D-03      0.110D-03      -115.09817012    162.825691   -0.02664    0.58527   -0.39146    4    diag
    6      0.121D-03      0.203D-04      -115.09817167    162.822897   -0.02674    0.58534   -0.39218    5    diag
    7      0.348D-04      0.423D-05      -115.09817174    162.822837   -0.02676    0.58516   -0.39242    6    diag
    8      0.876D-05      0.993D-06      -115.09817175    162.822999   -0.02676    0.58515   -0.39243    0    orth

 Final occupancy:   9

 !RHF STATE  1.1 Energy              -115.098171746977
 Nuclear energy                        40.25356647
 One-electron energy                 -236.76323756
 Two-electron energy                   81.41149934
 Virial quotient                       -1.00132303
 !RHF STATE  1.1 Dipole moment         -0.02675784     0.58514615    -0.39243179
 Dipole moment /Debye                  -0.06800718     1.48719575    -0.99739678

 Orbital energies:

         1.1          2.1          3.1          4.1          5.1          6.1          7.1          8.1          9.1         10.1
    -20.556943   -11.272948    -1.357326    -0.923956    -0.690119    -0.619014    -0.594864    -0.503814    -0.451135     0.054836

        11.1
      0.065018


 HOMO      9.1    -0.451135 =     -12.2760eV
 LUMO     10.1     0.054836 =       1.4922eV
 LUMO-HOMO         0.505972 =      13.7682eV


 **********************************************************************************************************************************
 DATASETS  * FILE   NREC   LENGTH (MB)   RECORD NAMES
              1      19      570.42       500      610      700      900      950      970     1000      129      960     1100   
                                          VAR    BASINP    GEOM    SYMINP    ZMAT    AOBASIS   BASIS     P2S    ABASIS      S 
                                         1400     1410     1200     1210     1080     1600     1650     1300     1700   
                                           T        V       H0       H01     AOSYM     SMH    MOLCAS    ERIS     OPER   

              2       4        3.48       700     1000      520     2100   
                                         GEOM     BASIS   MCVARS     RHF  

 PROGRAMS   *        TOTAL    HF-SCF       INT
 CPU TIMES  *        18.87      7.99     10.75
 REAL TIME  *       273.07 SEC
 DISK USED  *         2.16 GB
 **********************************************************************************************************************************


 PROGRAM * MP2 (Closed-shell)     Authors: C. Hampel, H.-J. Werner, 1991, M. Deegan, P.J. Knowles, 1992

                                   MP2-F12 implementation by H.-J. Werner, 2007

                   Density fitting integral evaluation by F.R. Manby, 2003,2007, G. Knizia, 2010


 Basis set AUG-CC-PVTZ/JKFIT generated.  Number of basis functions:   392 
 Basis set CC-PVTZ-F12/OPTRI generated.  Number of basis functions:   314 
 Basis set AUG-CC-PVTZ/MP2FIT generated. Number of basis functions:   396 

 Convergence thresholds:  THRVAR = 1.00D-08  THRDEN = 1.00D-06

 Number of core orbitals:           2 (   2 )
 Number of closed-shell orbitals:   7 (   7 )
 Number of external orbitals:     169 ( 169 )

 Molecular orbitals read from record     2100.2  Type=RHF/CANONICAL (state 1.1)

 MP2-F12 correlation treatment (H.-J. Werner, 2006)
 ==================================================

 Using MP2-F12 with ansatz 3C(FIX)

 Using projected zeroth-order Hamiltonian (+Z)

 FOCKRIB=T FOCKRIC=T FOCKRIP=T CABSP=T CABSA=T CABSK=T CABSF=T GBC=F EBC=F DMAT=T NOFIK=T NOPAO=1 SOLVE=-1  USEPAO=0
 EXCH_A= T EXCH_B= F EXCH_C= F EXCH_P= F

 Geminal basis:    OPTFULL  GEM_TYPE=SLATER  BETA=1.0  NGEM=6

 Optimizing Gaussian exponents for each gem_beta

 Geminal optimization for beta= 1.0000
 Weight function:   m=0, omega= 1.4646

 Augmented Hessian optimization of geminal fit. Trust ratio= 0.40000
 Convergence reached after   2 iterations. Final gradient= 8.66D-16, Step= 4.23D-06, Delta= 1.28D-09

 Alpha:                 0.19532     0.81920     2.85917     9.50073    35.69989   197.79328
 Coeff:                 0.27070     0.30552     0.18297     0.10986     0.06810     0.04224


 All pairs explicitly correlated. Number of r12-pairs:           28

 Excluding core orbitals from MO domains

 AO(A)-basis ORBITAL           loaded. Number of functions:     178
 RI(R)-basis CC-PVTZ-F12/OPTRI loaded. Number of functions:     314
 DF-basis AUG-CC-PVTZ/JKFIT    loaded. Number of functions:     392

 Screening thresholds:   THRAO=  1.00D-10  THRMO=  1.00D-09  THRPROD=  1.00D-09
                         THRSW=  1.00D-05  THROV=  1.00D-12  THRAOF12= 1.00D-08

 CPU time for Fock operators                      1.50 sec

 Construction of ABS:
 Smallest eigenvalue of S          4.48E-04  (threshold= 1.00E-08)
 Ratio eigmin/eigmax               5.74E-05  (threshold= 1.00E-09)
 Smallest eigenvalue of S kept     4.48E-04  (threshold= 4.48E-04, 0 functions deleted, 314 kept)

 Construction of CABS:
 Smallest eigenvalue of S          7.59E-07  (threshold= 1.00E-08)
 Ratio eigmin/eigmax               7.59E-07  (threshold= 1.00E-09)
 Smallest eigenvalue of S kept     7.59E-07  (threshold= 7.59E-07, 0 functions deleted, 314 kept)

 CPU time for CABS singles                        0.04 sec

 CABS-singles contribution of  -0.00134631 patched into reference energy.
 New reference energy        -115.09951806

 AO(A)-basis ORBITAL           loaded. Number of functions:     178
 RI(R)-basis CC-PVTZ-F12/OPTRI loaded. Number of functions:     314
 DF-basis AUG-CC-PVTZ/MP2FIT   loaded. Number of functions:     396

 Screening thresholds:   THRAO=  1.00D-10  THRMO=  1.00D-09  THRPROD=  1.00D-09
                         THRSW=  1.00D-05  THROV=  1.00D-12  THRAOF12= 1.00D-08

 CPU time for 3-index integral evaluation         3.26 sec
 CPU time for first  half transformation          0.38 sec ( 6497.5 MFLOP/sec)
 CPU time for second half transformation          0.01 sec ( 6217.0 MFLOP/sec)
 CPU time for sorting                             0.01 sec
 CPU time for fitting                             0.04 sec (28485.6 MFLOP/sec)
 CPU time for tilde quantities                    0.03 sec (50348.4 MFLOP/sec)
 CPU time for assembly                            0.19 sec (65018.9 MFLOP/sec)
 CPU time for tranop_f12                          0.26 sec (61000.9 MFLOP/sec)
 CPU time for f12 integrals (total)               4.59 sec, Elapsed time:      8.10 sec
 CPU time for f12 matrices (total)                0.11 sec, Elapsed time:      0.27 sec

 Diagonal F12 approximation with fixed coefficients:  TSING= 0.500,  TTRIP= 0.250 (scaled by -1/beta)

 DF-MP2-F12 energy corrections:
 ==============================
 Approx.                                    Singlet             Triplet             Total
 DF-MP2-F12/3*C(DX,FIX)                -0.038237634583     -0.004206287657     -0.042443922240
 DF-MP2-F12/3*C(FIX)                   -0.036049779486     -0.003925904565     -0.039975684051
 DF-MP2-F12/3C(FIX)                    -0.035993294935     -0.004061191519     -0.040054486454

 DF-MP2-F12 correlation energies:
 ================================
 Approx.                                    Singlet             Triplet             Ecorr            Total Energy
 DF-MP2                                -0.291311856453     -0.152376567551     -0.443688424004   -115.543206480924
 DF-MP2-F12/3*C(DX,FIX)                -0.329549491036     -0.156582855208     -0.486132346244   -115.585650403164
 DF-MP2-F12/3*C(FIX)                   -0.327361635939     -0.156302472116     -0.483664108055   -115.583182164975
 DF-MP2-F12/3C(FIX)                    -0.327305151387     -0.156437759070     -0.483742910458   -115.583260967378

 SCS-DF-MP2 energies (F_SING= 1.20000  F_TRIP= 0.62222  F_PARALLEL= 0.33333):
 ============================================================================
 SCS-DF-MP2                            -0.444386314220   -115.543904371140
 SCS-DF-MP2-F12/3*C(DX,FIX)            -0.492888721372   -115.592406778292
 SCS-DF-MP2-F12/3*C(FIX)               -0.490088834665   -115.589606891586
 SCS-DF-MP2-F12/3C(FIX)                -0.490105231753   -115.589623288673
 Symmetry transformation completed.

 Number of N-1 electron functions:               7
 Number of N-2 electron functions:              28
 Number of singly external CSFs:              1183
 Number of doubly external CSFs:            700336
 Total number of CSFs:                      701520

 Length of J-op  integral file:             104.98 MB
 Length of K-op  integral file:             138.67 MB

 Integral transformation finished. Total CPU:   1.25 sec, npass=  1  Memory used:   2.18 MW

 ITER.      SQ.NORM     CORR.ENERGY   TOTAL ENERGY   ENERGY CHANGE     VAR   MIC
   1      1.00000000    -0.44375508  -115.54327314    -0.44375508  0.00D+00   0
   2      1.11518164    -0.44375508  -115.54327314     0.00000000 -0.22D-16   0

 Solving MP2-F12 equations

   1      1.11514504    -0.48305120  -115.58256925    -0.03929612 -0.37D-04   0
   2      1.11514504    -0.48380815  -115.58332620    -0.00075695  0.12D-17   0
   3      1.11514504    -0.48380815  -115.58332620     0.00000000 -0.11D-18   0

 CPU TIME FOR ITERATIVE MP2:    0.11 SEC


 MP2-F12 energy corrections:
 ===========================
 Approx.                                    Singlet             Triplet             Total
 MP2-F12/3*C(DX,FIX)                   -0.038237634583     -0.004206287657     -0.042443922240
 MP2-F12/3*C(FIX)                      -0.036049779486     -0.003925904565     -0.039975684051
 MP2-F12/3C(FIX)                       -0.035990595455     -0.004062471774     -0.040053067229

 MP2-F12 correlation energies:
 =============================
 Approx.                                    Singlet             Triplet             Ecorr            Total Energy
 MP2                                   -0.291495422237     -0.152259658286     -0.443755080523   -115.543273137443
 MP2-F12/3*C(DX,FIX)                   -0.329733056820     -0.156465945943     -0.486199002762   -115.585717059682
 MP2-F12/3*C(FIX)                      -0.327545201723     -0.156185562850     -0.483730764573   -115.583248821493
 MP2-F12/3C(FIX)                       -0.327486017692     -0.156322130060     -0.483808147752   -115.583326204672

 SCS-MP2 energies (F_SING= 1.20000  F_TRIP= 0.62222  F_PARALLEL= 0.33333):
 =========================================================================
 SCS-MP2                               -0.444533849618   -115.544051906538
 SCS-MP2-F12/3*C(DX,FIX)               -0.493036256770   -115.592554313690
 SCS-MP2-F12/3*C(FIX)                  -0.490236370063   -115.589754426983
 SCS-MP2-F12/3C(FIX)                   -0.490250324379   -115.589768381299


  Reference energy                   -115.098171746977
  F12 singles correction               -0.001346309943

 F12 singles corrections added to reference energy

  New reference energy               -115.099518056920

  F12/3C(F) singlet correction         -0.035990595455
  F12/3C(F) triplet correction         -0.004062471774
  F12/3C(F) total correction           -0.040053067229
  MP2-F12/3C(F) singlet pair energy    -0.327486017692
  MP2-F12/3C(F) triplet pair energy    -0.156322130060
  MP2-F12/3C(F) correlation energy     -0.483808147752

 !MP2-F12/3C(F) total energy         -115.583326204672


 **********************************************************************************************************************************
 DATASETS  * FILE   NREC   LENGTH (MB)   RECORD NAMES
              1      20      581.60       500      610      700      900      950      970     1000      129      960     1100   
                                          VAR    BASINP    GEOM    SYMINP    ZMAT    AOBASIS   BASIS     P2S    ABASIS      S 
                                         1400     1410     1200     1210     1080     1600     1650     1300     1700     1380   
                                           T        V       H0       H01     AOSYM     SMH    MOLCAS    ERIS     OPER     JKOP   

              2       7        4.13       700     1000      520     2100     7360     7350     7000   
                                         GEOM     BASIS   MCVARS     RHF    F12ABS    EF12   

 PROGRAMS   *        TOTAL   MP2-F12    HF-SCF       INT
 CPU TIMES  *        26.71      7.83      7.99     10.75
 REAL TIME  *       286.52 SEC
 DISK USED  *         2.16 GB
 **********************************************************************************************************************************


 PROGRAM * CCSD (Closed-shell coupled cluster)     Authors: C. Hampel, H.-J. Werner, 1991, M. Deegan, P.J. Knowles, 1992

                                  CCSD-F12 implementation by  H.-J. Werner, 2007

                   Density fitting integral evaluation by F.R. Manby, 2003,2007, G. Knizia, 2010



 Convergence thresholds:  THRVAR = 1.00D-08  THRDEN = 1.00D-06

 CCSD(T)     terms to be evaluated (factor= 1.000)


 Number of core orbitals:           2 (   2 )
 Number of closed-shell orbitals:   7 (   7 )
 Number of external orbitals:     169 ( 169 )

 Molecular orbitals read from record     2100.2  Type=RHF/CANONICAL (state 1.1)

 MP2-F12 correlation treatment (H.-J. Werner, 2006)
 ==================================================

 Using MP2-F12 with ansatz 3C(FIX)

 Using projected zeroth-order Hamiltonian (+Z)

 FOCKRIB=T FOCKRIC=T FOCKRIP=T CABSP=T CABSA=T CABSK=T CABSF=T GBC=F EBC=F DMAT=T NOFIK=T NOPAO=1 SOLVE=-1  USEPAO=0
 EXCH_A= T EXCH_B= F EXCH_C= F EXCH_P= F

 Geminal basis:    OPTFULL  GEM_TYPE=SLATER  BETA=1.0  NGEM=6

 Optimizing Gaussian exponents for each gem_beta

 Geminal optimization for beta= 1.0000
 Weight function:   m=0, omega= 1.4646

 Augmented Hessian optimization of geminal fit. Trust ratio= 0.40000
 Convergence reached after   2 iterations. Final gradient= 8.66D-16, Step= 4.23D-06, Delta= 1.28D-09

 Alpha:                 0.19532     0.81920     2.85917     9.50073    35.69989   197.79328
 Coeff:                 0.27070     0.30552     0.18297     0.10986     0.06810     0.04224


 All pairs explicitly correlated. Number of r12-pairs:           28

 Excluding core orbitals from MO domains

 AO(A)-basis ORBITAL           loaded. Number of functions:     178
 RI(R)-basis CC-PVTZ-F12/OPTRI loaded. Number of functions:     314
 DF-basis AUG-CC-PVTZ/JKFIT    loaded. Number of functions:     392

 Screening thresholds:   THRAO=  1.00D-10  THRMO=  1.00D-09  THRPROD=  1.00D-09
                         THRSW=  1.00D-05  THROV=  1.00D-12  THRAOF12= 1.00D-08

 CPU time for Fock operators                      1.39 sec

 Construction of ABS:
 Smallest eigenvalue of S          4.48E-04  (threshold= 1.00E-08)
 Ratio eigmin/eigmax               5.74E-05  (threshold= 1.00E-09)
 Smallest eigenvalue of S kept     4.48E-04  (threshold= 4.48E-04, 0 functions deleted, 314 kept)

 Construction of CABS:
 Smallest eigenvalue of S          7.59E-07  (threshold= 1.00E-08)
 Ratio eigmin/eigmax               7.59E-07  (threshold= 1.00E-09)
 Smallest eigenvalue of S kept     7.59E-07  (threshold= 7.59E-07, 0 functions deleted, 314 kept)

 CPU time for CABS singles                        0.04 sec

 CABS-singles contribution of  -0.00134631 patched into reference energy.
 New reference energy        -115.09951806

 AO(A)-basis ORBITAL           loaded. Number of functions:     178
 RI(R)-basis CC-PVTZ-F12/OPTRI loaded. Number of functions:     314
 DF-basis AUG-CC-PVTZ/MP2FIT   loaded. Number of functions:     396

 Screening thresholds:   THRAO=  1.00D-10  THRMO=  1.00D-09  THRPROD=  1.00D-09
                         THRSW=  1.00D-05  THROV=  1.00D-12  THRAOF12= 1.00D-08

 CPU time for 3-index integral evaluation         3.28 sec
 CPU time for first  half transformation          0.23 sec (10735.0 MFLOP/sec)
 CPU time for sorting                             0.03 sec
 CPU time for fitting                             0.02 sec (56971.3 MFLOP/sec)
 CPU time for tilde quantities                    0.02 sec (75522.6 MFLOP/sec)
 CPU time for assembly                            0.20 sec (61768.0 MFLOP/sec)
 CPU time for tranop_f12                          0.24 sec (66084.3 MFLOP/sec)
 CPU time for f12 integrals (total)               4.38 sec, Elapsed time:      4.87 sec
 CPU time for f12 matrices (total)                0.09 sec, Elapsed time:      0.14 sec

 Diagonal F12 approximation with fixed coefficients:  TSING= 0.500,  TTRIP= 0.250 (scaled by -1/beta)

 DF-MP2-F12 energy corrections:
 ==============================
 Approx.                                    Singlet             Triplet             Total
 DF-MP2-F12/3*C(DX,FIX)                -0.038237634583     -0.004206287657     -0.042443922240
 DF-MP2-F12/3*C(FIX)                   -0.036049779486     -0.003925904565     -0.039975684051
 DF-MP2-F12/3C(FIX)                    -0.035993294935     -0.004061191519     -0.040054486454

 DF-MP2-F12 correlation energies:
 ================================
 Approx.                                    Singlet             Triplet             Ecorr            Total Energy
 DF-MP2                                -0.291311856453     -0.152376567551     -0.443688424004   -115.543206480924
 DF-MP2-F12/3*C(DX,FIX)                -0.329549491036     -0.156582855208     -0.486132346244   -115.585650403164
 DF-MP2-F12/3*C(FIX)                   -0.327361635939     -0.156302472116     -0.483664108055   -115.583182164975
 DF-MP2-F12/3C(FIX)                    -0.327305151387     -0.156437759070     -0.483742910458   -115.583260967378

 SCS-DF-MP2 energies (F_SING= 1.20000  F_TRIP= 0.62222  F_PARALLEL= 0.33333):
 ============================================================================
 SCS-DF-MP2                            -0.444386314220   -115.543904371140
 SCS-DF-MP2-F12/3*C(DX,FIX)            -0.492888721372   -115.592406778292
 SCS-DF-MP2-F12/3*C(FIX)               -0.490088834665   -115.589606891586
 SCS-DF-MP2-F12/3C(FIX)                -0.490105231753   -115.589623288673
 Symmetry transformation completed.

 Number of N-1 electron functions:               7
 Number of N-2 electron functions:              28
 Number of singly external CSFs:              1183
 Number of doubly external CSFs:            700336
 Total number of CSFs:                      701520

 Length of J-op  integral file:             105.23 MB
 Length of K-op  integral file:             138.67 MB
 Length of 3-ext integral record:             0.00 MB

 Memory could be reduced to 48.01 Mwords without degradation in triples

 Integral transformation finished. Total CPU:   3.05 sec, npass=  1  Memory used:  24.86 MW

 Reference energy:                   -115.09951806

 Adding F12 terms to K(Cij), methodcc=6,  factor= 1.0

 ITER.      SQ.NORM     CORR.ENERGY   TOTAL ENERGY   ENERGY CHANGE        DEN1      VAR(S)    VAR(P)  DIIS     TIME  TIME/IT
   1      1.11814167    -0.45312345  -115.55264151    -0.00936837     0.00170495  0.15D-02  0.19D-02  1  1    12.43    11.63
   2      1.12563952    -0.45349974  -115.55301780    -0.00037629    -0.00910144  0.24D-04  0.23D-03  2  2    16.20    16.70
   3      1.12842259    -0.45368132  -115.55319937    -0.00018157    -0.00189007  0.15D-04  0.14D-04  3  3    19.09    13.65
   4      1.12938966    -0.45369906  -115.55321712    -0.00001775    -0.00060992  0.87D-06  0.12D-05  4  4    21.77    11.55
   5      1.12954775    -0.45370079  -115.55321885    -0.00000173    -0.00003874  0.23D-06  0.10D-06  5  5    24.48    10.62
   6      1.12959096    -0.45369846  -115.55321652     0.00000233    -0.00000429  0.36D-07  0.98D-08  6  6    27.06     9.43
   7      1.12960211    -0.45369757  -115.55321563     0.00000089    -0.00000302  0.40D-08  0.14D-08  6  1    29.66     8.62
   8      1.12960389    -0.45369763  -115.55321569    -0.00000006     0.00000034  0.69D-09  0.21D-09  6  3    32.29     7.90

 Norm of t1 vector:      0.05025584      S-energy:    -0.00000003      T1 diagnostic:  0.00949746
                                                                       D1 diagnostic:  0.02016150

 Adding energy correction from Wij-K(Fij), methodcc=6  factor= 1.0

  CCSD correlation energy              -0.453697634199
  MP2-F12 correction (uncoupled)       -0.038500034163
  C*T doubles correction               -0.001166234061
  f12b correction                       0.007098437173


 Total CPU time for triples:     34.60 sec


 RESULTS
 =======

  Reference energy                   -115.098171746977
  F12 singles correction               -0.001346309943

 F12 singles corrections added to reference energy

  New reference energy               -115.099518056920

  F12a singlet correction              -0.035752634372
  F12a triplet correction              -0.003913633853
  F12a total correction                -0.039666268224

 F12a corrections for ansatz F12/3C(FIX) added to CCSD energy

  CCSD-F12a singlet pair energy        -0.351511629758
  CCSD-F12a triplet pair energy        -0.141852247660
  CCSD-F12a correlation energy         -0.493363902423

  Triples (T) contribution             -0.016076426195
  Total correlation energy             -0.509440328618

  CCSD-F12a total energy             -115.592881959343
  CCSD[T]-F12a energy                -115.609517727006
  CCSD-T-F12a energy                 -115.608711844380
 !CCSD(T)-F12a total energy          -115.608958385539

 F12b corrections for ansatz F12/3C(FIX) added to CCSD(T)-F12a energy

  CCSD-F12b singlet pair energy        -0.344874603553
  CCSD-F12b triplet pair energy        -0.141390836693
  CCSD-F12b correlation energy         -0.486265465251

  Triples (T) contribution             -0.016076426195
  Total correlation energy             -0.502341891446

  CCSD-F12b total energy             -115.585783522171
  CCSD[T]-F12b energy                -115.602419289833
  CCSD-T-F12b energy                 -115.601613407207
 !CCSD(T)-F12b total energy          -115.601859948366

 Timing summary (sec):

 STEP                 CPU(USER)    SYS     CPU(TOT)    WALL
 Transformation          3.10      1.25      4.35     11.16
 CCSD iterations        23.23      9.00     32.23     63.51
 Triples                34.60      0.96     35.56     36.33
 MP2-F12                 5.97      0.51      6.48      6.67
 F12b energy             2.09      0.09      2.18      2.26

 Program statistics:

 Available memory in ccsd:               499999646
 Min. memory needed in ccsd:               2228017
 Max. memory used in ccsd:                 2807120
 Max. memory used in cckext:               2027429 ( 9 integral passes)



 **********************************************************************************************************************************
 DATASETS  * FILE   NREC   LENGTH (MB)   RECORD NAMES
              1      20      717.55       500      610      700      900      950      970     1000      129      960     1100   
                                          VAR    BASINP    GEOM    SYMINP    ZMAT    AOBASIS   BASIS     P2S    ABASIS      S 
                                         1400     1410     1200     1210     1080     1600     1650     1300     1700     1380   
                                           T        V       H0       H01     AOSYM     SMH    MOLCAS    ERIS     OPER     JKOP   

              2       7        4.13       700     1000      520     2100     7360     7350     7000   
                                         GEOM     BASIS   MCVARS     RHF    F12ABS    EF12   

 PROGRAMS   *        TOTAL   CCSD(T)   MP2-F12    HF-SCF       INT
 CPU TIMES  *        95.76     69.03      7.83      7.99     10.75
 REAL TIME  *       406.68 SEC
 DISK USED  *         2.16 GB
 **********************************************************************************************************************************
 SETTING XXX            =    "MMM"
 SETTING POINT          =        34.00000000                                  

 *** ### CH3OH


 XXX       RCO          ROH          RCH1         RCH2         RCH3           ACOH           AOCH1          AOCH2          AOCH3         AHH1           AHH2           AHH3            ENERGY       POINT
 "MMM"   1.42077677   0.96013932   1.11671752   1.08440070   1.09171752   108.12930637   111.65221523   107.18733878   111.65221523   61.43364279   180.00000000   298.56635721   -115.60895839   34.0000
                                                  

 CCSD(T)-F12/cc-pVTZ-F12 energy=   -115.601859948366

     CCSD(T)-F12         MP2-F12          HF-SCF
   -115.60185995   -115.58332620   -115.09817175
 **********************************************************************************************************************************
 Molpro calculation terminated
