
 Primary working directories    : /tmpdir/job/2955630.undefined/molpro.DWOQ361Pf8
 Secondary working directories  : /tmpdir/job/2955630.undefined/molpro.DWOQ361Pf8
 Wavefunction directory         : /home/zcaposm/wfu/
 Main file repository           : /tmpdir/job/2955630.undefined/molpro.DWOQ361Pf8/

 id        : uclcc

 Nodes                         nprocs
 node-d00a-084.myriad.ucl.ac.uk    1

 Using customized tuning parameters: mindgm=1; mindgv=20; mindgc=4; mindgr=1; noblas=0; minvec=7
 default implementation of scratch files=df  


 Variables initialized (945), CPU time= 0.00 sec
 ***,Methanol Ground State Energy with CCSD(T)-F12 and cc-pVTZ-F12
 memory,500,m;
 
 geometry={angstrom
 c
 o , 1, rco
 h , 2, roh, 1, acoh
 h1, 1, rch1, 2, aoch1  3  ahh1
 h2, 1, rch2, 2, aoch2, 3, ahh2
 h3, 1, rch3, 2, aoch3, 3, ahh3
 }
 
                                                ! Specify the initial values of the internal coordinates (in Angstroms and degrees)
 
 rco= 1.42077677
 roh= 0.96013932
 rch1= 1.091717515605
 rch2= 1.08440070258
 rch3= 1.091717515605
 acoh= 108.12930637
 aoch1= 111.4022152299
 aoch2= 107.18733878260001
 aoch3= 111.6522152299
 ahh1=61.43364279
 ahh2=180.0
 ahh3=298.56635721
 
                                                                                 ! Use the cc-pVTZ-F12 basis set
 basis=cc-pVTZ-F12
 
 hf
 
                                                                                 ! Use explicitly correlated F12 methods
                                                                            ! First, MP2-F12 (useful for initial electronic energy)
 {mp2-f12}
 
                                                                        ! If desired, perform CCSD(T)-F12 for more accurate results
 {ccsd(t)-f12}
 
                                                                                 ! Output the energy
 xxx = "mmm"
 point = 63
 text ### CH3OH
 table,xxx,rco,roh,rch1,rch2,rch3,acoh,aoch1,aoch2,aoch3,ahh1,ahh2,ahh3,energy,point
 DIGITS, 0, 8, 8, 8, 8, 8, 8, 8, 8, 8,  8,  8,  8, 8, 4
 save,CH3OH_MEP_MP2_63.dat,new
 
 Commands  initialized (802), CPU time= 0.01 sec, 659 directives.
 Default parameters read. Elapsed time= 0.10 sec

 Checking input...
 Passed
1


                                         ***  PROGRAM SYSTEM MOLPRO  ***
                                       Copyright, TTI GmbH Stuttgart, 2015
                                    Version 2020.1 linked Oct  6 2020 12:04:11


 **********************************************************************************************************************************
 LABEL *   Methanol Ground State Energy with CCSD(T)-F12 and cc-pVTZ-F12                 
  64 bit serial version                                                                  DATE: 08-Oct-24          TIME: 17:30:36  
 **********************************************************************************************************************************

 SHA1:             8c27446f6450a7499e38f603e13c65f775101d37
 **********************************************************************************************************************************

 Memory per process:       500 MW
 Total memory per node:    500 MW

 GA preallocation disabled
 GA check disabled

 Variable memory set to 500.0 MW

 SETTING RCO            =         1.42077677                                  
 SETTING ROH            =         0.96013932                                  
 SETTING RCH1           =         1.09171752                                  
 SETTING RCH2           =         1.08440070                                  
 SETTING RCH3           =         1.09171752                                  
 SETTING ACOH           =       108.12930637                                  
 SETTING AOCH1          =       111.40221523                                  
 SETTING AOCH2          =       107.18733878                                  
 SETTING AOCH3          =       111.65221523                                  
 SETTING AHH1           =        61.43364279                                  
 SETTING AHH2           =       180.00000000                                  
 SETTING AHH3           =       298.56635721                                  
 SETTING BASIS          =    CC-PVTZ-F12


 Recomputing integrals since basis changed


 Using spherical harmonics

 Library entry C      S cc-pVTZ-F12          selected for orbital group  1
 Library entry C      P cc-pVTZ-F12          selected for orbital group  1
 Library entry C      D cc-pVTZ-F12          selected for orbital group  1
 Library entry C      F cc-pVTZ-F12          selected for orbital group  1
 Library entry O      S cc-pVTZ-F12          selected for orbital group  2
 Library entry O      P cc-pVTZ-F12          selected for orbital group  2
 Library entry O      D cc-pVTZ-F12          selected for orbital group  2
 Library entry O      F cc-pVTZ-F12          selected for orbital group  2
 Library entry H      S cc-pVTZ-F12          selected for orbital group  3
 Library entry H      P cc-pVTZ-F12          selected for orbital group  3
 Library entry H      D cc-pVTZ-F12          selected for orbital group  3


 PROGRAM * SEWARD (Integral evaluation for generally contracted gaussian basis sets)     Author: Roland Lindh, 1990

 Geometry written to block  1 of record 700

 Orientation using atomic masses  
 Molecule type: Asymmetric top
 Rotational constants:      23.9691293     24.8169023    128.6706826 GHz  (calculated with average atomic masses)

 Point group  C1  



 ATOMIC COORDINATES

 NR  ATOM    CHARGE       X              Y              Z

   1  C       6.00    0.000047514    0.025291067   -1.376855110
   2  O       8.00   -0.000040347   -0.122219353    1.303968607
   3  H       1.00   -0.003266233    1.568482436    1.962425672
   4  H1      1.00    1.685315072    0.986866584   -2.077860931
   5  H2      1.00    0.003708853   -1.896189334   -2.089037427
   6  H3      1.00   -1.685683441    0.979494705   -2.086763514

 Bond lengths in Bohr (Angstrom)

 1-2  2.684878979  1-4  2.063047110  1-5  2.049220337  1-6  2.063047110  2-3  1.814400356
     ( 1.420776770)     ( 1.091717516)     ( 1.084400703)     ( 1.091717516)     ( 0.960139320)

 Bond angles

  1-2-3  108.12930637   2-1-4  111.40221523   2-1-5  107.18733878   2-1-6  111.65221523

  4-1-5  108.51121851   4-1-6  109.57116894   5-1-6  108.39459424

 NUCLEAR CHARGE:                   18
 NUMBER OF PRIMITIVE AOS:         228
 NUMBER OF SYMMETRY AOS:          206
 NUMBER OF CONTRACTIONS:          178   (  178A   )
 NUMBER OF INNER CORE ORBITALS:     0   (    0A   )
 NUMBER OF OUTER CORE ORBITALS:     2   (    2A   )
 NUMBER OF VALENCE ORBITALS:       12   (   12A   )


 NUCLEAR REPULSION ENERGY   40.34833930

 Eigenvalues of metric

         1 0.880E-04 0.184E-03 0.309E-03 0.323E-03 0.460E-03 0.493E-03 0.560E-03 0.570E-03


 Contracted 2-electron integrals neglected if value below      1.0D-11
 AO integral compression algorithm  1   Integral accuracy      1.0D-11

     597.688 MB (compressed) written to integral file ( 50.1%)


 NUMBER OF SORTED TWO-ELECTRON INTEGRALS:  126906346.     BUFFER LENGTH:  32768
 NUMBER OF SEGMENTS:   8  SEGMENT LENGTH:   15999503      RECORD LENGTH: 524288

 Memory used in sort:      16.56 MW

 SORT1 READ   149034713. AND WROTE   124625741. INTEGRALS IN    360 RECORDS. CPU TIME:     4.07 SEC, REAL TIME:   169.31 SEC
 SORT2 READ   124625741. AND WROTE   126906346. INTEGRALS IN   2280 RECORDS. CPU TIME:     2.16 SEC, REAL TIME:   306.27 SEC

 FILE SIZES:   FILE 1:   628.9 MBYTE,  FILE 4:  1510.0 MBYTE,   TOTAL:   2138.9 MBYTE

 OPERATOR DM      FOR CENTER  0  COORDINATES:    0.000000    0.000000    0.000000


 **********************************************************************************************************************************
 DATASETS  * FILE   NREC   LENGTH (MB)   RECORD NAMES
              1      19      552.31       500      610      700      900      950      970     1000      129      960     1100   
                                          VAR    BASINP    GEOM    SYMINP    ZMAT    AOBASIS   BASIS     P2S    ABASIS      S 
                                         1400     1410     1200     1210     1080     1600     1650     1300     1700   
                                           T        V       H0       H01     AOSYM     SMH    MOLCAS    ERIS     OPER   

 PROGRAMS   *        TOTAL       INT
 CPU TIMES  *        10.93     10.82
 REAL TIME  *       568.45 SEC
 DISK USED  *         2.14 GB
 **********************************************************************************************************************************


 PROGRAM * RHF-SCF (CLOSED SHELL)       Authors: W. Meyer, H.-J. Werner


 NUMBER OF ELECTRONS:       9+    9-    SPACE SYMMETRY=1    SPIN SYMMETRY: Singlet 
 CONVERGENCE THRESHOLDS:    1.00E-05 (Density)    1.00E-07 (Energy)
 MAX. NUMBER OF ITERATIONS:       60
 INTERPOLATION TYPE:            DIIS
 INTERPOLATION STEPS:              2 (START)      1 (STEP)
 LEVEL SHIFTS:                  0.00 (CLOSED)  0.00 (OPEN) 



 Orbital guess generated from atomic densities. Full valence occupancy:   14

 Molecular orbital dump at record        2100.2

 Initial occupancy:   9

 ITERATION    DDIFF          GRAD             ENERGY        2-EL.EN.            DIPOLE MOMENTS         DIIS   ORB.
    1      0.000D+00      0.000D+00      -115.06235276    164.492820   -0.00204    0.90405   -0.47783    0    start
    2      0.000D+00      0.506D-02      -115.09071694    161.908205   -0.00091    0.49639   -0.30362    1    diag
    3      0.481D-02      0.277D-02      -115.09821419    163.172330   -0.00122    0.59972   -0.39690    2    diag
    4      0.163D-02      0.546D-03      -115.09874644    162.995881   -0.00121    0.59463   -0.39239    3    diag
    5      0.436D-03      0.110D-03      -115.09878084    163.007356   -0.00120    0.59065   -0.39723    4    diag
    6      0.121D-03      0.205D-04      -115.09878240    163.005129   -0.00120    0.59079   -0.39802    5    diag
    7      0.350D-04      0.434D-05      -115.09878247    163.004750   -0.00120    0.59061   -0.39830    6    diag
    8      0.878D-05      0.114D-05      -115.09878247    163.005094   -0.00120    0.59060   -0.39831    0    orth

 Final occupancy:   9

 !RHF STATE  1.1 Energy              -115.098782473812
 Nuclear energy                        40.34833930
 One-electron energy                 -236.94966853
 Two-electron energy                   81.50254676
 Virial quotient                       -1.00101187
 !RHF STATE  1.1 Dipole moment         -0.00120183     0.59060026    -0.39831174
 Dipole moment /Debye                  -0.00305456     1.50105781    -1.01234115

 Orbital energies:

         1.1          2.1          3.1          4.1          5.1          6.1          7.1          8.1          9.1         10.1
    -20.556194   -11.269762    -1.356872    -0.926292    -0.690660    -0.621778    -0.594386    -0.504228    -0.452115     0.054667

        11.1
      0.065022


 HOMO      9.1    -0.452115 =     -12.3027eV
 LUMO     10.1     0.054667 =       1.4876eV
 LUMO-HOMO         0.506782 =      13.7902eV


 **********************************************************************************************************************************
 DATASETS  * FILE   NREC   LENGTH (MB)   RECORD NAMES
              1      19      552.31       500      610      700      900      950      970     1000      129      960     1100   
                                          VAR    BASINP    GEOM    SYMINP    ZMAT    AOBASIS   BASIS     P2S    ABASIS      S 
                                         1400     1410     1200     1210     1080     1600     1650     1300     1700   
                                           T        V       H0       H01     AOSYM     SMH    MOLCAS    ERIS     OPER   

              2       4        3.48       700     1000      520     2100   
                                         GEOM     BASIS   MCVARS     RHF  

 PROGRAMS   *        TOTAL    HF-SCF       INT
 CPU TIMES  *        19.41      8.47     10.82
 REAL TIME  *       612.78 SEC
 DISK USED  *         2.14 GB
 **********************************************************************************************************************************


 PROGRAM * MP2 (Closed-shell)     Authors: C. Hampel, H.-J. Werner, 1991, M. Deegan, P.J. Knowles, 1992

                                   MP2-F12 implementation by H.-J. Werner, 2007

                   Density fitting integral evaluation by F.R. Manby, 2003,2007, G. Knizia, 2010


 Basis set AUG-CC-PVTZ/JKFIT generated.  Number of basis functions:   392 
 Basis set CC-PVTZ-F12/OPTRI generated.  Number of basis functions:   314 
 Basis set AUG-CC-PVTZ/MP2FIT generated. Number of basis functions:   396 

 Convergence thresholds:  THRVAR = 1.00D-08  THRDEN = 1.00D-06

 Number of core orbitals:           2 (   2 )
 Number of closed-shell orbitals:   7 (   7 )
 Number of external orbitals:     169 ( 169 )

 Molecular orbitals read from record     2100.2  Type=RHF/CANONICAL (state 1.1)

 MP2-F12 correlation treatment (H.-J. Werner, 2006)
 ==================================================

 Using MP2-F12 with ansatz 3C(FIX)

 Using projected zeroth-order Hamiltonian (+Z)

 FOCKRIB=T FOCKRIC=T FOCKRIP=T CABSP=T CABSA=T CABSK=T CABSF=T GBC=F EBC=F DMAT=T NOFIK=T NOPAO=1 SOLVE=-1  USEPAO=0
 EXCH_A= T EXCH_B= F EXCH_C= F EXCH_P= F

 Geminal basis:    OPTFULL  GEM_TYPE=SLATER  BETA=1.0  NGEM=6

 Optimizing Gaussian exponents for each gem_beta

 Geminal optimization for beta= 1.0000
 Weight function:   m=0, omega= 1.4646

 Augmented Hessian optimization of geminal fit. Trust ratio= 0.40000
 Convergence reached after   2 iterations. Final gradient= 8.66D-16, Step= 4.23D-06, Delta= 1.28D-09

 Alpha:                 0.19532     0.81920     2.85917     9.50073    35.69989   197.79328
 Coeff:                 0.27070     0.30552     0.18297     0.10986     0.06810     0.04224


 All pairs explicitly correlated. Number of r12-pairs:           28

 Excluding core orbitals from MO domains

 AO(A)-basis ORBITAL           loaded. Number of functions:     178
 RI(R)-basis CC-PVTZ-F12/OPTRI loaded. Number of functions:     314
 DF-basis AUG-CC-PVTZ/JKFIT    loaded. Number of functions:     392

 Screening thresholds:   THRAO=  1.00D-10  THRMO=  1.00D-09  THRPROD=  1.00D-09
                         THRSW=  1.00D-05  THROV=  1.00D-12  THRAOF12= 1.00D-08

 CPU time for Fock operators                      1.46 sec

 Construction of ABS:
 Smallest eigenvalue of S          4.35E-04  (threshold= 1.00E-08)
 Ratio eigmin/eigmax               5.56E-05  (threshold= 1.00E-09)
 Smallest eigenvalue of S kept     4.35E-04  (threshold= 4.35E-04, 0 functions deleted, 314 kept)

 Construction of CABS:
 Smallest eigenvalue of S          7.26E-07  (threshold= 1.00E-08)
 Ratio eigmin/eigmax               7.26E-07  (threshold= 1.00E-09)
 Smallest eigenvalue of S kept     7.26E-07  (threshold= 7.26E-07, 0 functions deleted, 314 kept)

 CPU time for CABS singles                        0.04 sec

 CABS-singles contribution of  -0.00135354 patched into reference energy.
 New reference energy        -115.10013602

 AO(A)-basis ORBITAL           loaded. Number of functions:     178
 RI(R)-basis CC-PVTZ-F12/OPTRI loaded. Number of functions:     314
 DF-basis AUG-CC-PVTZ/MP2FIT   loaded. Number of functions:     396

 Screening thresholds:   THRAO=  1.00D-10  THRMO=  1.00D-09  THRPROD=  1.00D-09
                         THRSW=  1.00D-05  THROV=  1.00D-12  THRAOF12= 1.00D-08

 CPU time for 3-index integral evaluation         3.36 sec
 CPU time for first  half transformation          0.22 sec (11223.0 MFLOP/sec)
 CPU time for sorting                             0.01 sec
 CPU time for fitting                             0.02 sec (56971.3 MFLOP/sec)
 CPU time for tilde quantities                    0.02 sec (75522.6 MFLOP/sec)
 CPU time for assembly                            0.22 sec (56152.7 MFLOP/sec)
 CPU time for tranop_f12                          0.28 sec (56643.7 MFLOP/sec)
 CPU time for f12 integrals (total)               4.56 sec, Elapsed time:      6.92 sec
 CPU time for f12 matrices (total)                0.12 sec, Elapsed time:      0.58 sec

 Diagonal F12 approximation with fixed coefficients:  TSING= 0.500,  TTRIP= 0.250 (scaled by -1/beta)

 DF-MP2-F12 energy corrections:
 ==============================
 Approx.                                    Singlet             Triplet             Total
 DF-MP2-F12/3*C(DX,FIX)                -0.038288523805     -0.004212930743     -0.042501454548
 DF-MP2-F12/3*C(FIX)                   -0.036089450459     -0.003931173555     -0.040020624014
 DF-MP2-F12/3C(FIX)                    -0.036032228091     -0.004066172703     -0.040098400794

 DF-MP2-F12 correlation energies:
 ================================
 Approx.                                    Singlet             Triplet             Ecorr            Total Energy
 DF-MP2                                -0.291092443114     -0.152357675403     -0.443450118517   -115.543586135108
 DF-MP2-F12/3*C(DX,FIX)                -0.329380966919     -0.156570606145     -0.485951573065   -115.586087589655
 DF-MP2-F12/3*C(FIX)                   -0.327181893573     -0.156288848957     -0.483470742531   -115.583606759122
 DF-MP2-F12/3C(FIX)                    -0.327124671205     -0.156423848105     -0.483548519311   -115.583684535901

 SCS-DF-MP2 energies (F_SING= 1.20000  F_TRIP= 0.62222  F_PARALLEL= 0.33333):
 ============================================================================
 SCS-DF-MP2                            -0.444111263099   -115.544247279690
 SCS-DF-MP2-F12/3*C(DX,FIX)            -0.492678870794   -115.592814887384
 SCS-DF-MP2-F12/3*C(FIX)               -0.489864667195   -115.590000683786
 SCS-DF-MP2-F12/3C(FIX)                -0.489879999823   -115.590016016414
 Symmetry transformation completed.

 Number of N-1 electron functions:               7
 Number of N-2 electron functions:              28
 Number of singly external CSFs:              1183
 Number of doubly external CSFs:            700336
 Total number of CSFs:                      701520

 Length of J-op  integral file:             104.98 MB
 Length of K-op  integral file:             138.67 MB

 Integral transformation finished. Total CPU:   1.38 sec, npass=  1  Memory used:   2.18 MW

 ITER.      SQ.NORM     CORR.ENERGY   TOTAL ENERGY   ENERGY CHANGE     VAR   MIC
   1      1.00000000    -0.44351653  -115.54365255    -0.44351653  0.00D+00   0
   2      1.11472746    -0.44351653  -115.54365255    -0.00000000  0.32D-15   0

 Solving MP2-F12 equations

   1      1.11469118    -0.48285678  -115.58299280    -0.03934025 -0.37D-04   0
   2      1.11469118    -0.48361353  -115.58374955    -0.00075675  0.16D-17   0
   3      1.11469118    -0.48361353  -115.58374955    -0.00000000  0.49D-19   0

 CPU TIME FOR ITERATIVE MP2:    0.10 SEC


 MP2-F12 energy corrections:
 ===========================
 Approx.                                    Singlet             Triplet             Total
 MP2-F12/3*C(DX,FIX)                   -0.038288523805     -0.004212930743     -0.042501454548
 MP2-F12/3*C(FIX)                      -0.036089450459     -0.003931173555     -0.040020624014
 MP2-F12/3C(FIX)                       -0.036029525873     -0.004067468718     -0.040096994591

 MP2-F12 correlation energies:
 =============================
 Approx.                                    Singlet             Triplet             Ecorr            Total Energy
 MP2                                   -0.291275767331     -0.152240766918     -0.443516534249   -115.543652550840
 MP2-F12/3*C(DX,FIX)                   -0.329564291136     -0.156453697660     -0.486017988797   -115.586154005387
 MP2-F12/3*C(FIX)                      -0.327365217790     -0.156171940473     -0.483537158263   -115.583673174853
 MP2-F12/3C(FIX)                       -0.327305293203     -0.156308235636     -0.483613528840   -115.583749545430

 SCS-MP2 energies (F_SING= 1.20000  F_TRIP= 0.62222  F_PARALLEL= 0.33333):
 =========================================================================
 SCS-MP2                               -0.444258509102   -115.544394525692
 SCS-MP2-F12/3*C(DX,FIX)               -0.492826116796   -115.592962133387
 SCS-MP2-F12/3*C(FIX)                  -0.490011913198   -115.590147929788
 SCS-MP2-F12/3C(FIX)                   -0.490024809573   -115.590160826164


  Reference energy                   -115.098782473812
  F12 singles correction               -0.001353542779

 F12 singles corrections added to reference energy

  New reference energy               -115.100136016591

  F12/3C(F) singlet correction         -0.036029525873
  F12/3C(F) triplet correction         -0.004067468718
  F12/3C(F) total correction           -0.040096994591
  MP2-F12/3C(F) singlet pair energy    -0.327305293203
  MP2-F12/3C(F) triplet pair energy    -0.156308235636
  MP2-F12/3C(F) correlation energy     -0.483613528840

 !MP2-F12/3C(F) total energy         -115.583749545430


 **********************************************************************************************************************************
 DATASETS  * FILE   NREC   LENGTH (MB)   RECORD NAMES
              1      20      563.49       500      610      700      900      950      970     1000      129      960     1100   
                                          VAR    BASINP    GEOM    SYMINP    ZMAT    AOBASIS   BASIS     P2S    ABASIS      S 
                                         1400     1410     1200     1210     1080     1600     1650     1300     1700     1380   
                                           T        V       H0       H01     AOSYM     SMH    MOLCAS    ERIS     OPER     JKOP   

              2       7        4.13       700     1000      520     2100     7360     7350     7000   
                                         GEOM     BASIS   MCVARS     RHF    F12ABS    EF12   

 PROGRAMS   *        TOTAL   MP2-F12    HF-SCF       INT
 CPU TIMES  *        27.32      7.91      8.47     10.82
 REAL TIME  *       627.39 SEC
 DISK USED  *         2.14 GB
 **********************************************************************************************************************************


 PROGRAM * CCSD (Closed-shell coupled cluster)     Authors: C. Hampel, H.-J. Werner, 1991, M. Deegan, P.J. Knowles, 1992

                                  CCSD-F12 implementation by  H.-J. Werner, 2007

                   Density fitting integral evaluation by F.R. Manby, 2003,2007, G. Knizia, 2010



 Convergence thresholds:  THRVAR = 1.00D-08  THRDEN = 1.00D-06

 CCSD(T)     terms to be evaluated (factor= 1.000)


 Number of core orbitals:           2 (   2 )
 Number of closed-shell orbitals:   7 (   7 )
 Number of external orbitals:     169 ( 169 )

 Molecular orbitals read from record     2100.2  Type=RHF/CANONICAL (state 1.1)

 MP2-F12 correlation treatment (H.-J. Werner, 2006)
 ==================================================

 Using MP2-F12 with ansatz 3C(FIX)

 Using projected zeroth-order Hamiltonian (+Z)

 FOCKRIB=T FOCKRIC=T FOCKRIP=T CABSP=T CABSA=T CABSK=T CABSF=T GBC=F EBC=F DMAT=T NOFIK=T NOPAO=1 SOLVE=-1  USEPAO=0
 EXCH_A= T EXCH_B= F EXCH_C= F EXCH_P= F

 Geminal basis:    OPTFULL  GEM_TYPE=SLATER  BETA=1.0  NGEM=6

 Optimizing Gaussian exponents for each gem_beta

 Geminal optimization for beta= 1.0000
 Weight function:   m=0, omega= 1.4646

 Augmented Hessian optimization of geminal fit. Trust ratio= 0.40000
 Convergence reached after   2 iterations. Final gradient= 8.66D-16, Step= 4.23D-06, Delta= 1.28D-09

 Alpha:                 0.19532     0.81920     2.85917     9.50073    35.69989   197.79328
 Coeff:                 0.27070     0.30552     0.18297     0.10986     0.06810     0.04224


 All pairs explicitly correlated. Number of r12-pairs:           28

 Excluding core orbitals from MO domains

 AO(A)-basis ORBITAL           loaded. Number of functions:     178
 RI(R)-basis CC-PVTZ-F12/OPTRI loaded. Number of functions:     314
 DF-basis AUG-CC-PVTZ/JKFIT    loaded. Number of functions:     392

 Screening thresholds:   THRAO=  1.00D-10  THRMO=  1.00D-09  THRPROD=  1.00D-09
                         THRSW=  1.00D-05  THROV=  1.00D-12  THRAOF12= 1.00D-08

 CPU time for Fock operators                      1.41 sec

 Construction of ABS:
 Smallest eigenvalue of S          4.35E-04  (threshold= 1.00E-08)
 Ratio eigmin/eigmax               5.56E-05  (threshold= 1.00E-09)
 Smallest eigenvalue of S kept     4.35E-04  (threshold= 4.35E-04, 0 functions deleted, 314 kept)

 Construction of CABS:
 Smallest eigenvalue of S          7.26E-07  (threshold= 1.00E-08)
 Ratio eigmin/eigmax               7.26E-07  (threshold= 1.00E-09)
 Smallest eigenvalue of S kept     7.26E-07  (threshold= 7.26E-07, 0 functions deleted, 314 kept)

 CPU time for CABS singles                        0.03 sec

 CABS-singles contribution of  -0.00135354 patched into reference energy.
 New reference energy        -115.10013602

 AO(A)-basis ORBITAL           loaded. Number of functions:     178
 RI(R)-basis CC-PVTZ-F12/OPTRI loaded. Number of functions:     314
 DF-basis AUG-CC-PVTZ/MP2FIT   loaded. Number of functions:     396

 Screening thresholds:   THRAO=  1.00D-10  THRMO=  1.00D-09  THRPROD=  1.00D-09
                         THRSW=  1.00D-05  THROV=  1.00D-12  THRAOF12= 1.00D-08

 CPU time for 3-index integral evaluation         3.28 sec
 CPU time for first  half transformation          0.33 sec ( 7482.0 MFLOP/sec)
 CPU time for second half transformation          0.03 sec ( 2072.3 MFLOP/sec)
 CPU time for sorting                             0.01 sec
 CPU time for fitting                             0.03 sec (37980.8 MFLOP/sec)
 CPU time for tilde quantities                    0.02 sec (75522.6 MFLOP/sec)
 CPU time for assembly                            0.19 sec (65018.9 MFLOP/sec)
 CPU time for tranop_f12                          0.24 sec (66084.3 MFLOP/sec)
 CPU time for f12 integrals (total)               4.47 sec, Elapsed time:      5.13 sec
 CPU time for f12 matrices (total)                0.10 sec, Elapsed time:      0.13 sec

 Diagonal F12 approximation with fixed coefficients:  TSING= 0.500,  TTRIP= 0.250 (scaled by -1/beta)

 DF-MP2-F12 energy corrections:
 ==============================
 Approx.                                    Singlet             Triplet             Total
 DF-MP2-F12/3*C(DX,FIX)                -0.038288523805     -0.004212930743     -0.042501454548
 DF-MP2-F12/3*C(FIX)                   -0.036089450459     -0.003931173555     -0.040020624014
 DF-MP2-F12/3C(FIX)                    -0.036032228091     -0.004066172703     -0.040098400794

 DF-MP2-F12 correlation energies:
 ================================
 Approx.                                    Singlet             Triplet             Ecorr            Total Energy
 DF-MP2                                -0.291092443114     -0.152357675403     -0.443450118517   -115.543586135108
 DF-MP2-F12/3*C(DX,FIX)                -0.329380966919     -0.156570606145     -0.485951573065   -115.586087589655
 DF-MP2-F12/3*C(FIX)                   -0.327181893573     -0.156288848957     -0.483470742531   -115.583606759122
 DF-MP2-F12/3C(FIX)                    -0.327124671205     -0.156423848105     -0.483548519311   -115.583684535901

 SCS-DF-MP2 energies (F_SING= 1.20000  F_TRIP= 0.62222  F_PARALLEL= 0.33333):
 ============================================================================
 SCS-DF-MP2                            -0.444111263099   -115.544247279690
 SCS-DF-MP2-F12/3*C(DX,FIX)            -0.492678870794   -115.592814887384
 SCS-DF-MP2-F12/3*C(FIX)               -0.489864667195   -115.590000683786
 SCS-DF-MP2-F12/3C(FIX)                -0.489879999823   -115.590016016414
 Symmetry transformation completed.

 Number of N-1 electron functions:               7
 Number of N-2 electron functions:              28
 Number of singly external CSFs:              1183
 Number of doubly external CSFs:            700336
 Total number of CSFs:                      701520

 Length of J-op  integral file:             105.23 MB
 Length of K-op  integral file:             138.67 MB
 Length of 3-ext integral record:             0.00 MB

 Memory could be reduced to 48.01 Mwords without degradation in triples

 Integral transformation finished. Total CPU:   2.96 sec, npass=  1  Memory used:  24.86 MW

 Reference energy:                   -115.10013602

 Adding F12 terms to K(Cij), methodcc=6,  factor= 1.0

 ITER.      SQ.NORM     CORR.ENERGY   TOTAL ENERGY   ENERGY CHANGE        DEN1      VAR(S)    VAR(P)  DIIS     TIME  TIME/IT
   1      1.11761611    -0.45285111  -115.55298712    -0.00933457     0.00166650  0.15D-02  0.19D-02  1  1    13.69    35.06
   2      1.12502575    -0.45321308  -115.55334910    -0.00036197    -0.00904636  0.24D-04  0.23D-03  2  2    16.41    20.93
   3      1.12775516    -0.45339050  -115.55352652    -0.00017742    -0.00186510  0.15D-04  0.13D-04  3  3    19.11    14.93
   4      1.12870238    -0.45340839  -115.55354440    -0.00001788    -0.00060014  0.86D-06  0.12D-05  4  4    21.90    11.95
   5      1.12885797    -0.45340994  -115.55354596    -0.00000155    -0.00003791  0.23D-06  0.10D-06  5  5    24.67    10.16
   6      1.12890056    -0.45340759  -115.55354360     0.00000236    -0.00000423  0.36D-07  0.96D-08  6  6    27.36     8.94
   7      1.12891170    -0.45340671  -115.55354273     0.00000088    -0.00000299  0.40D-08  0.14D-08  6  1    30.03     8.07
   8      1.12891351    -0.45340677  -115.55354279    -0.00000006     0.00000034  0.68D-09  0.20D-09  6  3    32.75     7.43

 Norm of t1 vector:      0.05000747      S-energy:     0.00000010      T1 diagnostic:  0.00945052
                                                                       D1 diagnostic:  0.02002753

 Adding energy correction from Wij-K(Fij), methodcc=6  factor= 1.0

  CCSD correlation energy              -0.453406773851
  MP2-F12 correction (uncoupled)       -0.038546431480
  C*T doubles correction               -0.001165092103
  f12b correction                       0.007098883500


 Total CPU time for triples:     34.20 sec


 RESULTS
 =======

  Reference energy                   -115.098782473812
  F12 singles correction               -0.001353542779

 F12 singles corrections added to reference energy

  New reference energy               -115.100136016591

  F12a singlet correction              -0.035792671501
  F12a triplet correction              -0.003918852081
  F12a total correction                -0.039711523583

 F12a corrections for ansatz F12/3C(FIX) added to CCSD energy

  CCSD-F12a singlet pair energy        -0.351207715069
  CCSD-F12a triplet pair energy        -0.141910684008
  CCSD-F12a correlation energy         -0.493118297433

  Triples (T) contribution             -0.016013193974
  Total correlation energy             -0.509131491407

  CCSD-F12a total energy             -115.593254314024
  CCSD[T]-F12a energy                -115.609820590305
  CCSD-T-F12a energy                 -115.609023775566
 !CCSD(T)-F12a total energy          -115.609267507998

 F12b corrections for ansatz F12/3C(FIX) added to CCSD(T)-F12a energy

  CCSD-F12b singlet pair energy        -0.344570929513
  CCSD-F12b triplet pair energy        -0.141448586063
  CCSD-F12b correlation energy         -0.486019413933

  Triples (T) contribution             -0.016013193974
  Total correlation energy             -0.502032607907

  CCSD-F12b total energy             -115.586155430524
  CCSD[T]-F12b energy                -115.602721706805
  CCSD-T-F12b energy                 -115.601924892066
 !CCSD(T)-F12b total energy          -115.602168624497

 Timing summary (sec):

 STEP                 CPU(USER)    SYS     CPU(TOT)    WALL
 Transformation          3.00      1.08      4.08      7.84
 CCSD iterations        23.65      3.37     27.02     59.64
 Triples                34.20      0.93     35.13     35.41
 MP2-F12                 6.11      0.51      6.62      6.87
 F12b energy             2.22      0.11      2.33      2.39

 Program statistics:

 Available memory in ccsd:               499999646
 Min. memory needed in ccsd:               2228017
 Max. memory used in ccsd:                 2807120
 Max. memory used in cckext:               2027429 ( 9 integral passes)



 **********************************************************************************************************************************
 DATASETS  * FILE   NREC   LENGTH (MB)   RECORD NAMES
              1      20      699.44       500      610      700      900      950      970     1000      129      960     1100   
                                          VAR    BASINP    GEOM    SYMINP    ZMAT    AOBASIS   BASIS     P2S    ABASIS      S 
                                         1400     1410     1200     1210     1080     1600     1650     1300     1700     1380   
                                           T        V       H0       H01     AOSYM     SMH    MOLCAS    ERIS     OPER     JKOP   

              2       7        4.13       700     1000      520     2100     7360     7350     7000   
                                         GEOM     BASIS   MCVARS     RHF    F12ABS    EF12   

 PROGRAMS   *        TOTAL   CCSD(T)   MP2-F12    HF-SCF       INT
 CPU TIMES  *        96.55     69.23      7.91      8.47     10.82
 REAL TIME  *       739.72 SEC
 DISK USED  *         2.14 GB
 **********************************************************************************************************************************
 SETTING XXX            =    "MMM"
 SETTING POINT          =        63.00000000                                  

 *** ### CH3OH


 XXX       RCO          ROH          RCH1         RCH2         RCH3           ACOH           AOCH1          AOCH2          AOCH3         AHH1           AHH2           AHH3            ENERGY       POINT
 "MMM"   1.42077677   0.96013932   1.09171752   1.08440070   1.09171752   108.12930637   111.40221523   107.18733878   111.65221523   61.43364279   180.00000000   298.56635721   -115.60926751   63.0000
                                                  

 CCSD(T)-F12/cc-pVTZ-F12 energy=   -115.602168624497

     CCSD(T)-F12         MP2-F12          HF-SCF
   -115.60216862   -115.58374955   -115.09878247
 **********************************************************************************************************************************
 Molpro calculation terminated
