
 Primary working directories    : /tmpdir/job/2955669.undefined/molpro.qhEXZSl0PW
 Secondary working directories  : /tmpdir/job/2955669.undefined/molpro.qhEXZSl0PW
 Wavefunction directory         : /home/zcaposm/wfu/
 Main file repository           : /tmpdir/job/2955669.undefined/molpro.qhEXZSl0PW/

 id        : uclcc

 Nodes                         nprocs
 node-d00a-114.myriad.ucl.ac.uk    1

 Using customized tuning parameters: mindgm=1; mindgv=20; mindgc=4; mindgr=1; noblas=0; minvec=7
 default implementation of scratch files=df  


 Variables initialized (945), CPU time= 0.00 sec
 ***,Methanol Ground State Energy with CCSD(T)-F12 and cc-pVTZ-F12
 memory,500,m;
 
 geometry={angstrom
 c
 o , 1, rco
 h , 2, roh, 1, acoh
 h1, 1, rch1, 2, aoch1  3  ahh1
 h2, 1, rch2, 2, aoch2, 3, ahh2
 h3, 1, rch3, 2, aoch3, 3, ahh3
 }
 
                                                ! Specify the initial values of the internal coordinates (in Angstroms and degrees)
 
 rco= 1.42077677
 roh= 0.96013932
 rch1= 1.091717515605
 rch2= 1.08440070258
 rch3= 1.091717515605
 acoh= 108.12930637
 aoch1= 111.6522152299
 aoch2= 107.18733878260001
 aoch3= 111.6522152299
 ahh1=61.31579165980225
 ahh2=180.0589255650989
 ahh3=298.62528277509887
 
                                                                                 ! Use the cc-pVTZ-F12 basis set
 basis=cc-pVTZ-F12
 
 hf
 
                                                                                 ! Use explicitly correlated F12 methods
                                                                            ! First, MP2-F12 (useful for initial electronic energy)
 {mp2-f12}
 
                                                                        ! If desired, perform CCSD(T)-F12 for more accurate results
 {ccsd(t)-f12}
 
                                                                                 ! Output the energy
 xxx = "mmm"
 point = 99
 text ### CH3OH
 table,xxx,rco,roh,rch1,rch2,rch3,acoh,aoch1,aoch2,aoch3,ahh1,ahh2,ahh3,energy,point
 DIGITS, 0, 8, 8, 8, 8, 8, 8, 8, 8, 8,  8,  8,  8, 8, 4
 save,CH3OH_MEP_MP2_99.dat,new
 
 Commands  initialized (802), CPU time= 0.00 sec, 659 directives.
 Default parameters read. Elapsed time= 0.11 sec

 Checking input...
 Passed
1


                                         ***  PROGRAM SYSTEM MOLPRO  ***
                                       Copyright, TTI GmbH Stuttgart, 2015
                                    Version 2020.1 linked Oct  6 2020 12:04:11


 **********************************************************************************************************************************
 LABEL *   Methanol Ground State Energy with CCSD(T)-F12 and cc-pVTZ-F12                 
  64 bit serial version                                                                  DATE: 08-Oct-24          TIME: 17:30:42  
 **********************************************************************************************************************************

 SHA1:             8c27446f6450a7499e38f603e13c65f775101d37
 **********************************************************************************************************************************

 Memory per process:       500 MW
 Total memory per node:    500 MW

 GA preallocation disabled
 GA check disabled

 Variable memory set to 500.0 MW

 SETTING RCO            =         1.42077677                                  
 SETTING ROH            =         0.96013932                                  
 SETTING RCH1           =         1.09171752                                  
 SETTING RCH2           =         1.08440070                                  
 SETTING RCH3           =         1.09171752                                  
 SETTING ACOH           =       108.12930637                                  
 SETTING AOCH1          =       111.65221523                                  
 SETTING AOCH2          =       107.18733878                                  
 SETTING AOCH3          =       111.65221523                                  
 SETTING AHH1           =        61.31579166                                  
 SETTING AHH2           =       180.05892557                                  
 SETTING AHH3           =       298.62528278                                  
 SETTING BASIS          =    CC-PVTZ-F12


 Recomputing integrals since basis changed


 Using spherical harmonics

 Library entry C      S cc-pVTZ-F12          selected for orbital group  1
 Library entry C      P cc-pVTZ-F12          selected for orbital group  1
 Library entry C      D cc-pVTZ-F12          selected for orbital group  1
 Library entry C      F cc-pVTZ-F12          selected for orbital group  1
 Library entry O      S cc-pVTZ-F12          selected for orbital group  2
 Library entry O      P cc-pVTZ-F12          selected for orbital group  2
 Library entry O      D cc-pVTZ-F12          selected for orbital group  2
 Library entry O      F cc-pVTZ-F12          selected for orbital group  2
 Library entry H      S cc-pVTZ-F12          selected for orbital group  3
 Library entry H      P cc-pVTZ-F12          selected for orbital group  3
 Library entry H      D cc-pVTZ-F12          selected for orbital group  3


 PROGRAM * SEWARD (Integral evaluation for generally contracted gaussian basis sets)     Author: Roland Lindh, 1990

 Geometry written to block  1 of record 700

 Orientation using atomic masses  
 Molecule type: Asymmetric top
 Rotational constants:      23.9556611     24.8118553    128.7753756 GHz  (calculated with average atomic masses)

 Point group  C1  



 ATOMIC COORDINATES

 NR  ATOM    CHARGE       X              Y              Z

   1  C       6.00    0.000180794    0.024773046   -1.376605406
   2  O       8.00    0.000231333   -0.121977048    1.304260040
   3  H       1.00   -0.003636798    1.568910034    1.962237674
   4  H1      1.00    1.680255694    0.989136145   -2.086193682
   5  H2      1.00    0.002559737   -1.896911178   -2.088243005
   6  H3      1.00   -1.685005068    0.979846135   -2.086638774

 Bond lengths in Bohr (Angstrom)

 1-2  2.684878979  1-4  2.063047110  1-5  2.049220337  1-6  2.063047110  2-3  1.814400356
     ( 1.420776770)     ( 1.091717516)     ( 1.084400703)     ( 1.091717516)     ( 0.960139320)

 Bond angles

  1-2-3  108.12930637   2-1-4  111.65221523   2-1-5  107.18733878   2-1-6  111.65221523

  4-1-5  108.53981414   4-1-6  109.29495964   5-1-6  108.39459424

 NUCLEAR CHARGE:                   18
 NUMBER OF PRIMITIVE AOS:         228
 NUMBER OF SYMMETRY AOS:          206
 NUMBER OF CONTRACTIONS:          178   (  178A   )
 NUMBER OF INNER CORE ORBITALS:     0   (    0A   )
 NUMBER OF OUTER CORE ORBITALS:     2   (    2A   )
 NUMBER OF VALENCE ORBITALS:       12   (   12A   )


 NUCLEAR REPULSION ENERGY   40.34560995

 Eigenvalues of metric

         1 0.879E-04 0.183E-03 0.309E-03 0.323E-03 0.460E-03 0.493E-03 0.560E-03 0.570E-03


 Contracted 2-electron integrals neglected if value below      1.0D-11
 AO integral compression algorithm  1   Integral accuracy      1.0D-11

     595.591 MB (compressed) written to integral file ( 50.0%)


 NUMBER OF SORTED TWO-ELECTRON INTEGRALS:  126906346.     BUFFER LENGTH:  32768
 NUMBER OF SEGMENTS:   8  SEGMENT LENGTH:   15999503      RECORD LENGTH: 524288

 Memory used in sort:      16.56 MW

 SORT1 READ   149034713. AND WROTE   124567033. INTEGRALS IN    359 RECORDS. CPU TIME:     2.19 SEC, REAL TIME:    23.68 SEC
 SORT2 READ   124567033. AND WROTE   126906346. INTEGRALS IN   2272 RECORDS. CPU TIME:     2.00 SEC, REAL TIME:    35.02 SEC

 FILE SIZES:   FILE 1:   626.8 MBYTE,  FILE 4:  1505.8 MBYTE,   TOTAL:   2132.6 MBYTE

 OPERATOR DM      FOR CENTER  0  COORDINATES:    0.000000    0.000000    0.000000


 **********************************************************************************************************************************
 DATASETS  * FILE   NREC   LENGTH (MB)   RECORD NAMES
              1      19      550.38       500      610      700      900      950      970     1000      129      960     1100   
                                          VAR    BASINP    GEOM    SYMINP    ZMAT    AOBASIS   BASIS     P2S    ABASIS      S 
                                         1400     1410     1200     1210     1080     1600     1650     1300     1700   
                                           T        V       H0       H01     AOSYM     SMH    MOLCAS    ERIS     OPER   

 PROGRAMS   *        TOTAL       INT
 CPU TIMES  *         8.93      8.82
 REAL TIME  *        73.39 SEC
 DISK USED  *         2.13 GB
 **********************************************************************************************************************************


 PROGRAM * RHF-SCF (CLOSED SHELL)       Authors: W. Meyer, H.-J. Werner


 NUMBER OF ELECTRONS:       9+    9-    SPACE SYMMETRY=1    SPIN SYMMETRY: Singlet 
 CONVERGENCE THRESHOLDS:    1.00E-05 (Density)    1.00E-07 (Energy)
 MAX. NUMBER OF ITERATIONS:       60
 INTERPOLATION TYPE:            DIIS
 INTERPOLATION STEPS:              2 (START)      1 (STEP)
 LEVEL SHIFTS:                  0.00 (CLOSED)  0.00 (OPEN) 



 Orbital guess generated from atomic densities. Full valence occupancy:   14

 Molecular orbital dump at record        2100.2

 Initial occupancy:   9

 ITERATION    DDIFF          GRAD             ENERGY        2-EL.EN.            DIPOLE MOMENTS         DIIS   ORB.
    1      0.000D+00      0.000D+00      -115.06237690    164.484235   -0.00230    0.90471   -0.47806    0    start
    2      0.000D+00      0.506D-02      -115.09073029    161.902251   -0.00127    0.49674   -0.30369    1    diag
    3      0.480D-02      0.277D-02      -115.09821643    163.165464   -0.00149    0.60009   -0.39694    2    diag
    4      0.163D-02      0.546D-03      -115.09874884    162.988877   -0.00147    0.59496   -0.39239    3    diag
    5      0.436D-03      0.110D-03      -115.09878326    163.000351   -0.00146    0.59098   -0.39721    4    diag
    6      0.121D-03      0.205D-04      -115.09878482    162.998132   -0.00146    0.59112   -0.39799    5    diag
    7      0.349D-04      0.434D-05      -115.09878489    162.997747   -0.00146    0.59094   -0.39827    6    diag
    8      0.877D-05      0.114D-05      -115.09878489    162.998094   -0.00146    0.59093   -0.39828    0    orth

 Final occupancy:   9

 !RHF STATE  1.1 Energy              -115.098784892654
 Nuclear energy                        40.34560995
 One-electron energy                 -236.94344173
 Two-electron energy                   81.49904688
 Virial quotient                       -1.00101583
 !RHF STATE  1.1 Dipole moment         -0.00145584     0.59092889    -0.39828086
 Dipole moment /Debye                  -0.00370013     1.50189305    -1.01226266

 Orbital energies:

         1.1          2.1          3.1          4.1          5.1          6.1          7.1          8.1          9.1         10.1
    -20.556342   -11.269769    -1.356929    -0.926362    -0.690915    -0.621393    -0.594401    -0.504500    -0.452065     0.054630

        11.1
      0.065013


 HOMO      9.1    -0.452065 =     -12.3013eV
 LUMO     10.1     0.054630 =       1.4865eV
 LUMO-HOMO         0.506694 =      13.7879eV


 **********************************************************************************************************************************
 DATASETS  * FILE   NREC   LENGTH (MB)   RECORD NAMES
              1      19      550.38       500      610      700      900      950      970     1000      129      960     1100   
                                          VAR    BASINP    GEOM    SYMINP    ZMAT    AOBASIS   BASIS     P2S    ABASIS      S 
                                         1400     1410     1200     1210     1080     1600     1650     1300     1700   
                                           T        V       H0       H01     AOSYM     SMH    MOLCAS    ERIS     OPER   

              2       4        3.48       700     1000      520     2100   
                                         GEOM     BASIS   MCVARS     RHF  

 PROGRAMS   *        TOTAL    HF-SCF       INT
 CPU TIMES  *        16.83      7.90      8.82
 REAL TIME  *        84.46 SEC
 DISK USED  *         2.13 GB
 **********************************************************************************************************************************


 PROGRAM * MP2 (Closed-shell)     Authors: C. Hampel, H.-J. Werner, 1991, M. Deegan, P.J. Knowles, 1992

                                   MP2-F12 implementation by H.-J. Werner, 2007

                   Density fitting integral evaluation by F.R. Manby, 2003,2007, G. Knizia, 2010


 Basis set AUG-CC-PVTZ/JKFIT generated.  Number of basis functions:   392 
 Basis set CC-PVTZ-F12/OPTRI generated.  Number of basis functions:   314 
 Basis set AUG-CC-PVTZ/MP2FIT generated. Number of basis functions:   396 

 Convergence thresholds:  THRVAR = 1.00D-08  THRDEN = 1.00D-06

 Number of core orbitals:           2 (   2 )
 Number of closed-shell orbitals:   7 (   7 )
 Number of external orbitals:     169 ( 169 )

 Molecular orbitals read from record     2100.2  Type=RHF/CANONICAL (state 1.1)

 MP2-F12 correlation treatment (H.-J. Werner, 2006)
 ==================================================

 Using MP2-F12 with ansatz 3C(FIX)

 Using projected zeroth-order Hamiltonian (+Z)

 FOCKRIB=T FOCKRIC=T FOCKRIP=T CABSP=T CABSA=T CABSK=T CABSF=T GBC=F EBC=F DMAT=T NOFIK=T NOPAO=1 SOLVE=-1  USEPAO=0
 EXCH_A= T EXCH_B= F EXCH_C= F EXCH_P= F

 Geminal basis:    OPTFULL  GEM_TYPE=SLATER  BETA=1.0  NGEM=6

 Optimizing Gaussian exponents for each gem_beta

 Geminal optimization for beta= 1.0000
 Weight function:   m=0, omega= 1.4646

 Augmented Hessian optimization of geminal fit. Trust ratio= 0.40000
 Convergence reached after   2 iterations. Final gradient= 8.66D-16, Step= 4.23D-06, Delta= 1.28D-09

 Alpha:                 0.19532     0.81920     2.85917     9.50073    35.69989   197.79328
 Coeff:                 0.27070     0.30552     0.18297     0.10986     0.06810     0.04224


 All pairs explicitly correlated. Number of r12-pairs:           28

 Excluding core orbitals from MO domains

 AO(A)-basis ORBITAL           loaded. Number of functions:     178
 RI(R)-basis CC-PVTZ-F12/OPTRI loaded. Number of functions:     314
 DF-basis AUG-CC-PVTZ/JKFIT    loaded. Number of functions:     392

 Screening thresholds:   THRAO=  1.00D-10  THRMO=  1.00D-09  THRPROD=  1.00D-09
                         THRSW=  1.00D-05  THROV=  1.00D-12  THRAOF12= 1.00D-08

 CPU time for Fock operators                      1.54 sec

 Construction of ABS:
 Smallest eigenvalue of S          4.35E-04  (threshold= 1.00E-08)
 Ratio eigmin/eigmax               5.55E-05  (threshold= 1.00E-09)
 Smallest eigenvalue of S kept     4.35E-04  (threshold= 4.35E-04, 0 functions deleted, 314 kept)

 Construction of CABS:
 Smallest eigenvalue of S          7.26E-07  (threshold= 1.00E-08)
 Ratio eigmin/eigmax               7.26E-07  (threshold= 1.00E-09)
 Smallest eigenvalue of S kept     7.26E-07  (threshold= 7.26E-07, 0 functions deleted, 314 kept)

 CPU time for CABS singles                        0.04 sec

 CABS-singles contribution of  -0.00135365 patched into reference energy.
 New reference energy        -115.10013854

 AO(A)-basis ORBITAL           loaded. Number of functions:     178
 RI(R)-basis CC-PVTZ-F12/OPTRI loaded. Number of functions:     314
 DF-basis AUG-CC-PVTZ/MP2FIT   loaded. Number of functions:     396

 Screening thresholds:   THRAO=  1.00D-10  THRMO=  1.00D-09  THRPROD=  1.00D-09
                         THRSW=  1.00D-05  THROV=  1.00D-12  THRAOF12= 1.00D-08

 CPU time for 3-index integral evaluation         3.51 sec
 CPU time for first  half transformation          0.17 sec (14523.8 MFLOP/sec)
 CPU time for second half transformation          0.01 sec ( 6217.0 MFLOP/sec)
 CPU time for fitting                             0.01 sec (******* MFLOP/sec)
 CPU time for tilde quantities                    0.03 sec (50348.4 MFLOP/sec)
 CPU time for assembly                            0.22 sec (56152.7 MFLOP/sec)
 CPU time for tranop_f12                          0.27 sec (58741.6 MFLOP/sec)
 CPU time for f12 integrals (total)               4.63 sec, Elapsed time:      6.17 sec
 CPU time for f12 matrices (total)                0.12 sec, Elapsed time:      0.26 sec

 Diagonal F12 approximation with fixed coefficients:  TSING= 0.500,  TTRIP= 0.250 (scaled by -1/beta)

 DF-MP2-F12 energy corrections:
 ==============================
 Approx.                                    Singlet             Triplet             Total
 DF-MP2-F12/3*C(DX,FIX)                -0.038287465163     -0.004212621269     -0.042500086432
 DF-MP2-F12/3*C(FIX)                   -0.036088624105     -0.003930877019     -0.040019501125
 DF-MP2-F12/3C(FIX)                    -0.036031337331     -0.004065851641     -0.040097188973

 DF-MP2-F12 correlation energies:
 ================================
 Approx.                                    Singlet             Triplet             Ecorr            Total Energy
 DF-MP2                                -0.291095066924     -0.152362432397     -0.443457499321   -115.543596043784
 DF-MP2-F12/3*C(DX,FIX)                -0.329382532087     -0.156575053666     -0.485957585753   -115.586096130216
 DF-MP2-F12/3*C(FIX)                   -0.327183691029     -0.156293309416     -0.483477000446   -115.583615544908
 DF-MP2-F12/3C(FIX)                    -0.327126404255     -0.156428284038     -0.483554688294   -115.583693232757

 SCS-DF-MP2 energies (F_SING= 1.20000  F_TRIP= 0.62222  F_PARALLEL= 0.33333):
 ============================================================================
 SCS-DF-MP2                            -0.444117371578   -115.544255916041
 SCS-DF-MP2-F12/3*C(DX,FIX)            -0.492683516341   -115.592822060803
 SCS-DF-MP2-F12/3*C(FIX)               -0.489869599539   -115.590008144001
 SCS-DF-MP2-F12/3C(FIX)                -0.489884839619   -115.590023384082
 Symmetry transformation completed.

 Number of N-1 electron functions:               7
 Number of N-2 electron functions:              28
 Number of singly external CSFs:              1183
 Number of doubly external CSFs:            700336
 Total number of CSFs:                      701520

 Length of J-op  integral file:             104.98 MB
 Length of K-op  integral file:             138.67 MB

 Integral transformation finished. Total CPU:   1.36 sec, npass=  1  Memory used:   2.18 MW

 ITER.      SQ.NORM     CORR.ENERGY   TOTAL ENERGY   ENERGY CHANGE     VAR   MIC
   1      1.00000000    -0.44352390  -115.54366244    -0.44352390  0.00D+00   0
   2      1.11473473    -0.44352390  -115.54366244     0.00000000 -0.90D-15   0

 Solving MP2-F12 equations

   1      1.11469841    -0.48286302  -115.58300156    -0.03933912 -0.37D-04   0
   2      1.11469841    -0.48361969  -115.58375823    -0.00075667  0.47D-18   0
   3      1.11469841    -0.48361969  -115.58375823     0.00000000  0.74D-19   0

 CPU TIME FOR ITERATIVE MP2:    0.09 SEC


 MP2-F12 energy corrections:
 ===========================
 Approx.                                    Singlet             Triplet             Total
 MP2-F12/3*C(DX,FIX)                   -0.038287465163     -0.004212621269     -0.042500086432
 MP2-F12/3*C(FIX)                      -0.036088624105     -0.003930877019     -0.040019501125
 MP2-F12/3C(FIX)                       -0.036028637116     -0.004067147890     -0.040095785006

 MP2-F12 correlation energies:
 =============================
 Approx.                                    Singlet             Triplet             Ecorr            Total Energy
 MP2                                   -0.291278381211     -0.152245519089     -0.443523900300   -115.543662444763
 MP2-F12/3*C(DX,FIX)                   -0.329565846374     -0.156458140358     -0.486023986732   -115.586162531195
 MP2-F12/3*C(FIX)                      -0.327367005316     -0.156176396108     -0.483543401424   -115.583681945887
 MP2-F12/3C(FIX)                       -0.327307018327     -0.156312666979     -0.483619685306   -115.583758229769

 SCS-MP2 energies (F_SING= 1.20000  F_TRIP= 0.62222  F_PARALLEL= 0.33333):
 =========================================================================
 SCS-MP2                               -0.444264602664   -115.544403147127
 SCS-MP2-F12/3*C(DX,FIX)               -0.492830747427   -115.592969291890
 SCS-MP2-F12/3*C(FIX)                  -0.490016830625   -115.590155375088
 SCS-MP2-F12/3C(FIX)                   -0.490029637001   -115.590168181464


  Reference energy                   -115.098784892654
  F12 singles correction               -0.001353651809

 F12 singles corrections added to reference energy

  New reference energy               -115.100138544463

  F12/3C(F) singlet correction         -0.036028637116
  F12/3C(F) triplet correction         -0.004067147890
  F12/3C(F) total correction           -0.040095785006
  MP2-F12/3C(F) singlet pair energy    -0.327307018327
  MP2-F12/3C(F) triplet pair energy    -0.156312666979
  MP2-F12/3C(F) correlation energy     -0.483619685306

 !MP2-F12/3C(F) total energy         -115.583758229769


 **********************************************************************************************************************************
 DATASETS  * FILE   NREC   LENGTH (MB)   RECORD NAMES
              1      20      561.55       500      610      700      900      950      970     1000      129      960     1100   
                                          VAR    BASINP    GEOM    SYMINP    ZMAT    AOBASIS   BASIS     P2S    ABASIS      S 
                                         1400     1410     1200     1210     1080     1600     1650     1300     1700     1380   
                                           T        V       H0       H01     AOSYM     SMH    MOLCAS    ERIS     OPER     JKOP   

              2       7        4.13       700     1000      520     2100     7360     7350     7000   
                                         GEOM     BASIS   MCVARS     RHF    F12ABS    EF12   

 PROGRAMS   *        TOTAL   MP2-F12    HF-SCF       INT
 CPU TIMES  *        24.84      8.00      7.90      8.82
 REAL TIME  *        95.42 SEC
 DISK USED  *         2.13 GB
 **********************************************************************************************************************************


 PROGRAM * CCSD (Closed-shell coupled cluster)     Authors: C. Hampel, H.-J. Werner, 1991, M. Deegan, P.J. Knowles, 1992

                                  CCSD-F12 implementation by  H.-J. Werner, 2007

                   Density fitting integral evaluation by F.R. Manby, 2003,2007, G. Knizia, 2010



 Convergence thresholds:  THRVAR = 1.00D-08  THRDEN = 1.00D-06

 CCSD(T)     terms to be evaluated (factor= 1.000)


 Number of core orbitals:           2 (   2 )
 Number of closed-shell orbitals:   7 (   7 )
 Number of external orbitals:     169 ( 169 )

 Molecular orbitals read from record     2100.2  Type=RHF/CANONICAL (state 1.1)

 MP2-F12 correlation treatment (H.-J. Werner, 2006)
 ==================================================

 Using MP2-F12 with ansatz 3C(FIX)

 Using projected zeroth-order Hamiltonian (+Z)

 FOCKRIB=T FOCKRIC=T FOCKRIP=T CABSP=T CABSA=T CABSK=T CABSF=T GBC=F EBC=F DMAT=T NOFIK=T NOPAO=1 SOLVE=-1  USEPAO=0
 EXCH_A= T EXCH_B= F EXCH_C= F EXCH_P= F

 Geminal basis:    OPTFULL  GEM_TYPE=SLATER  BETA=1.0  NGEM=6

 Optimizing Gaussian exponents for each gem_beta

 Geminal optimization for beta= 1.0000
 Weight function:   m=0, omega= 1.4646

 Augmented Hessian optimization of geminal fit. Trust ratio= 0.40000
 Convergence reached after   2 iterations. Final gradient= 8.66D-16, Step= 4.23D-06, Delta= 1.28D-09

 Alpha:                 0.19532     0.81920     2.85917     9.50073    35.69989   197.79328
 Coeff:                 0.27070     0.30552     0.18297     0.10986     0.06810     0.04224


 All pairs explicitly correlated. Number of r12-pairs:           28

 Excluding core orbitals from MO domains

 AO(A)-basis ORBITAL           loaded. Number of functions:     178
 RI(R)-basis CC-PVTZ-F12/OPTRI loaded. Number of functions:     314
 DF-basis AUG-CC-PVTZ/JKFIT    loaded. Number of functions:     392

 Screening thresholds:   THRAO=  1.00D-10  THRMO=  1.00D-09  THRPROD=  1.00D-09
                         THRSW=  1.00D-05  THROV=  1.00D-12  THRAOF12= 1.00D-08

 CPU time for Fock operators                      1.50 sec

 Construction of ABS:
 Smallest eigenvalue of S          4.35E-04  (threshold= 1.00E-08)
 Ratio eigmin/eigmax               5.55E-05  (threshold= 1.00E-09)
 Smallest eigenvalue of S kept     4.35E-04  (threshold= 4.35E-04, 0 functions deleted, 314 kept)

 Construction of CABS:
 Smallest eigenvalue of S          7.26E-07  (threshold= 1.00E-08)
 Ratio eigmin/eigmax               7.26E-07  (threshold= 1.00E-09)
 Smallest eigenvalue of S kept     7.26E-07  (threshold= 7.26E-07, 0 functions deleted, 314 kept)

 CPU time for CABS singles                        0.04 sec

 CABS-singles contribution of  -0.00135365 patched into reference energy.
 New reference energy        -115.10013854

 AO(A)-basis ORBITAL           loaded. Number of functions:     178
 RI(R)-basis CC-PVTZ-F12/OPTRI loaded. Number of functions:     314
 DF-basis AUG-CC-PVTZ/MP2FIT   loaded. Number of functions:     396

 Screening thresholds:   THRAO=  1.00D-10  THRMO=  1.00D-09  THRPROD=  1.00D-09
                         THRSW=  1.00D-05  THROV=  1.00D-12  THRAOF12= 1.00D-08

 CPU time for 3-index integral evaluation         3.37 sec
 CPU time for first  half transformation          0.24 sec (10287.7 MFLOP/sec)
 CPU time for second half transformation          0.01 sec ( 6217.0 MFLOP/sec)
 CPU time for fitting                             0.03 sec (37980.8 MFLOP/sec)
 CPU time for tilde quantities                    0.02 sec (75522.6 MFLOP/sec)
 CPU time for assembly                            0.21 sec (58826.6 MFLOP/sec)
 CPU time for tranop_f12                          0.27 sec (58741.6 MFLOP/sec)
 CPU time for f12 integrals (total)               4.56 sec, Elapsed time:      4.97 sec
 CPU time for f12 matrices (total)                0.10 sec, Elapsed time:      0.14 sec

 Diagonal F12 approximation with fixed coefficients:  TSING= 0.500,  TTRIP= 0.250 (scaled by -1/beta)

 DF-MP2-F12 energy corrections:
 ==============================
 Approx.                                    Singlet             Triplet             Total
 DF-MP2-F12/3*C(DX,FIX)                -0.038287465163     -0.004212621269     -0.042500086432
 DF-MP2-F12/3*C(FIX)                   -0.036088624105     -0.003930877019     -0.040019501125
 DF-MP2-F12/3C(FIX)                    -0.036031337331     -0.004065851641     -0.040097188973

 DF-MP2-F12 correlation energies:
 ================================
 Approx.                                    Singlet             Triplet             Ecorr            Total Energy
 DF-MP2                                -0.291095066924     -0.152362432397     -0.443457499321   -115.543596043784
 DF-MP2-F12/3*C(DX,FIX)                -0.329382532087     -0.156575053666     -0.485957585753   -115.586096130216
 DF-MP2-F12/3*C(FIX)                   -0.327183691029     -0.156293309416     -0.483477000446   -115.583615544908
 DF-MP2-F12/3C(FIX)                    -0.327126404255     -0.156428284038     -0.483554688294   -115.583693232757

 SCS-DF-MP2 energies (F_SING= 1.20000  F_TRIP= 0.62222  F_PARALLEL= 0.33333):
 ============================================================================
 SCS-DF-MP2                            -0.444117371578   -115.544255916041
 SCS-DF-MP2-F12/3*C(DX,FIX)            -0.492683516341   -115.592822060803
 SCS-DF-MP2-F12/3*C(FIX)               -0.489869599539   -115.590008144001
 SCS-DF-MP2-F12/3C(FIX)                -0.489884839619   -115.590023384082
 Symmetry transformation completed.

 Number of N-1 electron functions:               7
 Number of N-2 electron functions:              28
 Number of singly external CSFs:              1183
 Number of doubly external CSFs:            700336
 Total number of CSFs:                      701520

 Length of J-op  integral file:             105.23 MB
 Length of K-op  integral file:             138.67 MB
 Length of 3-ext integral record:             0.00 MB

 Memory could be reduced to 48.01 Mwords without degradation in triples

 Integral transformation finished. Total CPU:   3.23 sec, npass=  1  Memory used:  24.86 MW

 Reference energy:                   -115.10013854

 Adding F12 terms to K(Cij), methodcc=6,  factor= 1.0

 ITER.      SQ.NORM     CORR.ENERGY   TOTAL ENERGY   ENERGY CHANGE        DEN1      VAR(S)    VAR(P)  DIIS     TIME  TIME/IT
   1      1.11762222    -0.45285692  -115.55299547    -0.00933302     0.00166837  0.15D-02  0.19D-02  1  1    12.42     6.41
   2      1.12503185    -0.45321873  -115.55335727    -0.00036180    -0.00904645  0.24D-04  0.23D-03  2  2    15.21     6.12
   3      1.12776133    -0.45339614  -115.55353468    -0.00017741    -0.00186510  0.15D-04  0.13D-04  3  3    17.93     5.69
   4      1.12870859    -0.45341402  -115.55355256    -0.00001788    -0.00060019  0.86D-06  0.12D-05  4  4    20.58     4.99
   5      1.12886414    -0.45341557  -115.55355411    -0.00000155    -0.00003791  0.23D-06  0.10D-06  5  5    23.26     4.57
   6      1.12890672    -0.45341322  -115.55355176     0.00000235    -0.00000423  0.36D-07  0.96D-08  6  6    25.94     4.30
   7      1.12891785    -0.45341234  -115.55355089     0.00000087    -0.00000298  0.40D-08  0.14D-08  6  1    28.60     4.14
   8      1.12891965    -0.45341240  -115.55355095    -0.00000006     0.00000034  0.67D-09  0.20D-09  6  3    31.25     3.97

 Norm of t1 vector:      0.05000874      S-energy:     0.00000010      T1 diagnostic:  0.00945076
                                                                       D1 diagnostic:  0.02003679

 Adding energy correction from Wij-K(Fij), methodcc=6  factor= 1.0

  CCSD correlation energy              -0.453412403284
  MP2-F12 correction (uncoupled)       -0.038545475159
  C*T doubles correction               -0.001164925580
  f12b correction                       0.007098768026


 Total CPU time for triples:     34.97 sec


 RESULTS
 =======

  Reference energy                   -115.098784892654
  F12 singles correction               -0.001353651809

 F12 singles corrections added to reference energy

  New reference energy               -115.100138544463

  F12a singlet correction              -0.035791845860
  F12a triplet correction              -0.003918554880
  F12a total correction                -0.039710400740

 F12a corrections for ansatz F12/3C(FIX) added to CCSD energy

  CCSD-F12a singlet pair energy        -0.351208975265
  CCSD-F12a triplet pair energy        -0.141913933115
  CCSD-F12a correlation energy         -0.493122804023

  Triples (T) contribution             -0.016014448150
  Total correlation energy             -0.509137252173

  CCSD-F12a total energy             -115.593261348486
  CCSD[T]-F12a energy                -115.609828908102
  CCSD-T-F12a energy                 -115.609032057241
 !CCSD(T)-F12a total energy          -115.609275796636

 F12b corrections for ansatz F12/3C(FIX) added to CCSD(T)-F12a energy

  CCSD-F12b singlet pair energy        -0.344572283863
  CCSD-F12b triplet pair energy        -0.141451856492
  CCSD-F12b correlation energy         -0.486024035998

  Triples (T) contribution             -0.016014448150
  Total correlation energy             -0.502038484148

  CCSD-F12b total energy             -115.586162580461
  CCSD[T]-F12b energy                -115.602730140076
  CCSD-T-F12b energy                 -115.601933289216
 !CCSD(T)-F12b total energy          -115.602177028611

 Timing summary (sec):

 STEP                 CPU(USER)    SYS     CPU(TOT)    WALL
 Transformation          3.27      0.97      4.24      7.22
 CCSD iterations        21.71      3.06     24.77     31.92
 Triples                34.97      1.00     35.97     36.07
 MP2-F12                 6.29      0.48      6.77      6.87
 F12b energy             2.18      0.10      2.28      2.35

 Program statistics:

 Available memory in ccsd:               499999646
 Min. memory needed in ccsd:               2228017
 Max. memory used in ccsd:                 2807120
 Max. memory used in cckext:               2027429 ( 9 integral passes)



 **********************************************************************************************************************************
 DATASETS  * FILE   NREC   LENGTH (MB)   RECORD NAMES
              1      20      697.50       500      610      700      900      950      970     1000      129      960     1100   
                                          VAR    BASINP    GEOM    SYMINP    ZMAT    AOBASIS   BASIS     P2S    ABASIS      S 
                                         1400     1410     1200     1210     1080     1600     1650     1300     1700     1380   
                                           T        V       H0       H01     AOSYM     SMH    MOLCAS    ERIS     OPER     JKOP   

              2       7        4.13       700     1000      520     2100     7360     7350     7000   
                                         GEOM     BASIS   MCVARS     RHF    F12ABS    EF12   

 PROGRAMS   *        TOTAL   CCSD(T)   MP2-F12    HF-SCF       INT
 CPU TIMES  *        93.29     68.45      8.00      7.90      8.82
 REAL TIME  *       180.01 SEC
 DISK USED  *         2.13 GB
 **********************************************************************************************************************************
 SETTING XXX            =    "MMM"
 SETTING POINT          =        99.00000000                                  

 *** ### CH3OH


 XXX       RCO          ROH          RCH1         RCH2         RCH3           ACOH           AOCH1          AOCH2          AOCH3         AHH1           AHH2           AHH3            ENERGY       POINT
 "MMM"   1.42077677   0.96013932   1.09171752   1.08440070   1.09171752   108.12930637   111.65221523   107.18733878   111.65221523   61.31579166   180.05892557   298.62528278   -115.60927580   99.0000
                                                  

 CCSD(T)-F12/cc-pVTZ-F12 energy=   -115.602177028611

     CCSD(T)-F12         MP2-F12          HF-SCF
   -115.60217703   -115.58375823   -115.09878489
 **********************************************************************************************************************************
 Molpro calculation terminated
