
 Primary working directories    : /tmpdir/job/2955569.undefined/molpro.or4IJZkhn7
 Secondary working directories  : /tmpdir/job/2955569.undefined/molpro.or4IJZkhn7
 Wavefunction directory         : /home/zcaposm/wfu/
 Main file repository           : /tmpdir/job/2955569.undefined/molpro.or4IJZkhn7/

 id        : uclcc

 Nodes                         nprocs
 node-d00a-085.myriad.ucl.ac.uk    1

 Using customized tuning parameters: mindgm=1; mindgv=20; mindgc=4; mindgr=1; noblas=0; minvec=7
 default implementation of scratch files=df  


 Variables initialized (945), CPU time= 0.00 sec
 ***,Methanol Ground State Energy with CCSD(T)-F12 and cc-pVTZ-F12
 memory,500,m;
 
 geometry={angstrom
 c
 o , 1, rco
 h , 2, roh, 1, acoh
 h1, 1, rch1, 2, aoch1  3  ahh1
 h2, 1, rch2, 2, aoch2, 3, ahh2
 h3, 1, rch3, 2, aoch3, 3, ahh3
 }
 
                                                ! Specify the initial values of the internal coordinates (in Angstroms and degrees)
 
 rco= 1.4057767700000001
 roh= 0.96013932
 rch1= 1.091717515605
 rch2= 1.08440070258
 rch3= 1.091717515605
 acoh= 108.12930637
 aoch1= 111.6522152299
 aoch2= 107.18733878260001
 aoch3= 111.6522152299
 ahh1=61.43364279
 ahh2=180.0
 ahh3=298.56635721
 
                                                                                 ! Use the cc-pVTZ-F12 basis set
 basis=cc-pVTZ-F12
 
 hf
 
                                                                                 ! Use explicitly correlated F12 methods
                                                                            ! First, MP2-F12 (useful for initial electronic energy)
 {mp2-f12}
 
                                                                        ! If desired, perform CCSD(T)-F12 for more accurate results
 {ccsd(t)-f12}
 
                                                                                 ! Output the energy
 xxx = "mmm"
 point = 7
 text ### CH3OH
 table,xxx,rco,roh,rch1,rch2,rch3,acoh,aoch1,aoch2,aoch3,ahh1,ahh2,ahh3,energy,point
 DIGITS, 0, 8, 8, 8, 8, 8, 8, 8, 8, 8,  8,  8,  8, 8, 4
 save,CH3OH_MEP_MP2_7.dat,new
 
 Commands  initialized (802), CPU time= 0.01 sec, 659 directives.
 Default parameters read. Elapsed time= 0.11 sec

 Checking input...
 Passed
1


                                         ***  PROGRAM SYSTEM MOLPRO  ***
                                       Copyright, TTI GmbH Stuttgart, 2015
                                    Version 2020.1 linked Oct  6 2020 12:04:11


 **********************************************************************************************************************************
 LABEL *   Methanol Ground State Energy with CCSD(T)-F12 and cc-pVTZ-F12                 
  64 bit serial version                                                                  DATE: 08-Oct-24          TIME: 17:11:36  
 **********************************************************************************************************************************

 SHA1:             8c27446f6450a7499e38f603e13c65f775101d37
 **********************************************************************************************************************************

 Memory per process:       500 MW
 Total memory per node:    500 MW

 GA preallocation disabled
 GA check disabled

 Variable memory set to 500.0 MW

 SETTING RCO            =         1.40577677                                  
 SETTING ROH            =         0.96013932                                  
 SETTING RCH1           =         1.09171752                                  
 SETTING RCH2           =         1.08440070                                  
 SETTING RCH3           =         1.09171752                                  
 SETTING ACOH           =       108.12930637                                  
 SETTING AOCH1          =       111.65221523                                  
 SETTING AOCH2          =       107.18733878                                  
 SETTING AOCH3          =       111.65221523                                  
 SETTING AHH1           =        61.43364279                                  
 SETTING AHH2           =       180.00000000                                  
 SETTING AHH3           =       298.56635721                                  
 SETTING BASIS          =    CC-PVTZ-F12


 Recomputing integrals since basis changed


 Using spherical harmonics

 Library entry C      S cc-pVTZ-F12          selected for orbital group  1
 Library entry C      P cc-pVTZ-F12          selected for orbital group  1
 Library entry C      D cc-pVTZ-F12          selected for orbital group  1
 Library entry C      F cc-pVTZ-F12          selected for orbital group  1
 Library entry O      S cc-pVTZ-F12          selected for orbital group  2
 Library entry O      P cc-pVTZ-F12          selected for orbital group  2
 Library entry O      D cc-pVTZ-F12          selected for orbital group  2
 Library entry O      F cc-pVTZ-F12          selected for orbital group  2
 Library entry H      S cc-pVTZ-F12          selected for orbital group  3
 Library entry H      P cc-pVTZ-F12          selected for orbital group  3
 Library entry H      D cc-pVTZ-F12          selected for orbital group  3


 PROGRAM * SEWARD (Integral evaluation for generally contracted gaussian basis sets)     Author: Roland Lindh, 1990

 Geometry written to block  1 of record 700

 Orientation using atomic masses  
 Molecule type: Asymmetric top
 Symmetry elements: X
 Rotational constants:      24.3753172     25.2548723    128.7922784 GHz  (calculated with average atomic masses)

 Point group  Cs  



 ATOMIC COORDINATES

 NR  ATOM    CHARGE       X              Y              Z

   1  C       6.00    0.000000000    0.025442282   -1.361549365
   2  O       8.00    0.000000000   -0.122347090    1.290869597
   3  H       1.00    0.000000000    1.567901417    1.950497249
   4  H1      1.00    1.684053272    0.983263321   -2.070567567
   5  H3      1.00   -1.684053272    0.983263321   -2.070567567
   6  H2      1.00    0.000000000   -1.895547989   -2.075062062

 Bond lengths in Bohr (Angstrom)

 1-2  2.656533088  1-4  2.063047110  1-5  2.063047110  1-6  2.049220337  2-3  1.814400356
     ( 1.405776770)     ( 1.091717516)     ( 1.091717516)     ( 1.084400703)     ( 0.960139320)

 Bond angles

  1-2-3  108.12930637   2-1-4  111.65221523   2-1-5  111.65221523   2-1-6  107.18733878

  4-1-5  109.43105099   4-1-6  108.39459424   5-1-6  108.39459424

 NUCLEAR CHARGE:                   18
 NUMBER OF PRIMITIVE AOS:         228
 NUMBER OF SYMMETRY AOS:          206
 NUMBER OF CONTRACTIONS:          178   (  114A'  +   64A"  )
 NUMBER OF INNER CORE ORBITALS:     0   (    0A'  +    0A"  )
 NUMBER OF OUTER CORE ORBITALS:     2   (    2A'  +    0A"  )
 NUMBER OF VALENCE ORBITALS:       12   (    9A'  +    3A"  )


 NUCLEAR REPULSION ENERGY   40.58980356

 Eigenvalues of metric

         1 0.872E-04 0.181E-03 0.309E-03 0.456E-03 0.489E-03 0.559E-03 0.614E-03 0.620E-03
         2 0.322E-03 0.570E-03 0.685E-03 0.177E-02 0.337E-02 0.481E-02 0.643E-02 0.865E-02


 Contracted 2-electron integrals neglected if value below      1.0D-11
 AO integral compression algorithm  1   Integral accuracy      1.0D-11

     332.136 MB (compressed) written to integral file ( 53.6%)


 NUMBER OF SORTED TWO-ELECTRON INTEGRALS:   64554730.     BUFFER LENGTH:  32768
 NUMBER OF SEGMENTS:   5  SEGMENT LENGTH:   15997996      RECORD LENGTH: 524288

 Memory used in sort:      16.56 MW

 SORT1 READ    77497885. AND WROTE    63560292. INTEGRALS IN    184 RECORDS. CPU TIME:     1.38 SEC, REAL TIME:    12.56 SEC
 SORT2 READ    63560292. AND WROTE    64554730. INTEGRALS IN   1267 RECORDS. CPU TIME:     1.31 SEC, REAL TIME:    14.15 SEC

 FILE SIZES:   FILE 1:   363.0 MBYTE,  FILE 4:   771.8 MBYTE,   TOTAL:   1134.8 MBYTE

 OPERATOR DM      FOR CENTER  0  COORDINATES:    0.000000    0.000000    0.000000


 **********************************************************************************************************************************
 DATASETS  * FILE   NREC   LENGTH (MB)   RECORD NAMES
              1      19      312.18       500      610      700      900      950      970     1000      129      960     1100   
                                          VAR    BASINP    GEOM    SYMINP    ZMAT    AOBASIS   BASIS     P2S    ABASIS      S 
                                         1400     1410     1200     1210     1080     1600     1650     1300     1700   
                                           T        V       H0       H01     AOSYM     SMH    MOLCAS    ERIS     OPER   

 PROGRAMS   *        TOTAL       INT
 CPU TIMES  *         6.31      6.20
 REAL TIME  *        40.18 SEC
 DISK USED  *         1.14 GB
 **********************************************************************************************************************************


 PROGRAM * RHF-SCF (CLOSED SHELL)       Authors: W. Meyer, H.-J. Werner


 NUMBER OF ELECTRONS:       9+    9-
 CONVERGENCE THRESHOLDS:    1.00E-05 (Density)    1.00E-07 (Energy)
 MAX. NUMBER OF ITERATIONS:       60
 INTERPOLATION TYPE:            DIIS
 INTERPOLATION STEPS:              2 (START)      1 (STEP)
 LEVEL SHIFTS:                  0.00 (CLOSED)  0.00 (OPEN) 



 Orbital guess generated from atomic densities. Full valence occupancy:   11   3

 Molecular orbital dump at record        2100.2

 Initial occupancy:   7   2

 ITERATION    DDIFF          GRAD             ENERGY        2-EL.EN.            DIPOLE MOMENTS         DIIS   ORB.
    1      0.000D+00      0.000D+00      -115.06269465    164.957328    0.00000    0.90420   -0.44792    0    start
    2      0.000D+00      0.667D-02      -115.09114232    162.352326    0.00000    0.49685   -0.28253    1    diag
    3      0.653D-02      0.362D-02      -115.09848381    163.618926    0.00000    0.59985   -0.37315    2    diag
    4      0.220D-02      0.718D-03      -115.09901517    163.441181    0.00000    0.59455   -0.36921    3    diag
    5      0.595D-03      0.145D-03      -115.09904940    163.452690    0.00000    0.59053   -0.37413    4    diag
    6      0.165D-03      0.270D-04      -115.09905097    163.450626    0.00000    0.59068   -0.37493    5    diag
    7      0.479D-04      0.581D-05      -115.09905104    163.450180    0.00000    0.59049   -0.37521    6    diag
    8      0.122D-04      0.156D-05      -115.09905104    163.450562    0.00000    0.59047   -0.37524    7    diag
    9      0.245D-05      0.489D-06      -115.09905104    163.450393    0.00000    0.59046   -0.37525    0    orth

 Final occupancy:   7   2

 !RHF STATE  1.1 Energy              -115.099051044716
 Nuclear energy                        40.58980356
 One-electron energy                 -237.41405125
 Two-electron energy                   81.72519664
 Virial quotient                       -1.00073834
 !RHF STATE  1.1 Dipole moment          0.00000000     0.59045733    -0.37524537
 Dipole moment /Debye                   0.00000000     1.50069454    -0.95371612

 Orbital energies:

         1.1          2.1          3.1          4.1          5.1          6.1          7.1          8.1          9.1
    -20.556269   -11.268125    -1.362422    -0.925675    -0.694109    -0.597722    -0.502816     0.054599     0.065225

         1.2          2.2          3.2          4.2
     -0.623997    -0.450695     0.073793     0.181204


 HOMO      2.2    -0.450695 =     -12.2640eV
 LUMO      8.1     0.054599 =       1.4857eV
 LUMO-HOMO         0.505294 =      13.7498eV


 **********************************************************************************************************************************
 DATASETS  * FILE   NREC   LENGTH (MB)   RECORD NAMES
              1      19      312.18       500      610      700      900      950      970     1000      129      960     1100   
                                          VAR    BASINP    GEOM    SYMINP    ZMAT    AOBASIS   BASIS     P2S    ABASIS      S 
                                         1400     1410     1200     1210     1080     1600     1650     1300     1700   
                                           T        V       H0       H01     AOSYM     SMH    MOLCAS    ERIS     OPER   

              2       4        3.18       700     1000      520     2100   
                                         GEOM     BASIS   MCVARS     RHF  

 PROGRAMS   *        TOTAL    HF-SCF       INT
 CPU TIMES  *         9.32      3.00      6.20
 REAL TIME  *        45.39 SEC
 DISK USED  *         1.14 GB
 **********************************************************************************************************************************


 PROGRAM * MP2 (Closed-shell)     Authors: C. Hampel, H.-J. Werner, 1991, M. Deegan, P.J. Knowles, 1992

                                   MP2-F12 implementation by H.-J. Werner, 2007

                   Density fitting integral evaluation by F.R. Manby, 2003,2007, G. Knizia, 2010


 Basis set AUG-CC-PVTZ/JKFIT generated.  Number of basis functions:   392 
 Basis set CC-PVTZ-F12/OPTRI generated.  Number of basis functions:   314 
 Basis set AUG-CC-PVTZ/MP2FIT generated. Number of basis functions:   396 

 Convergence thresholds:  THRVAR = 1.00D-08  THRDEN = 1.00D-06

 Number of core orbitals:           2 (   2   0 )
 Number of closed-shell orbitals:   7 (   5   2 )
 Number of external orbitals:     169 ( 107  62 )

 Molecular orbitals read from record     2100.2  Type=RHF/CANONICAL (state 1.1)

 MP2-F12 correlation treatment (H.-J. Werner, 2006)
 ==================================================

 Using MP2-F12 with ansatz 3C(FIX)

 Using projected zeroth-order Hamiltonian (+Z)

 FOCKRIB=T FOCKRIC=T FOCKRIP=T CABSP=T CABSA=T CABSK=T CABSF=T GBC=F EBC=F DMAT=T NOFIK=T NOPAO=1 SOLVE=-1  USEPAO=0
 EXCH_A= T EXCH_B= F EXCH_C= F EXCH_P= F

 Geminal basis:    OPTFULL  GEM_TYPE=SLATER  BETA=1.0  NGEM=6

 Optimizing Gaussian exponents for each gem_beta

 Geminal optimization for beta= 1.0000
 Weight function:   m=0, omega= 1.4646

 Augmented Hessian optimization of geminal fit. Trust ratio= 0.40000
 Convergence reached after   2 iterations. Final gradient= 8.66D-16, Step= 4.23D-06, Delta= 1.28D-09

 Alpha:                 0.19532     0.81920     2.85917     9.50073    35.69989   197.79328
 Coeff:                 0.27070     0.30552     0.18297     0.10986     0.06810     0.04224


 Symmetry turned off. Reference energy:       -115.099051044716

 All pairs explicitly correlated. Number of r12-pairs:           28

 Excluding core orbitals from MO domains

 AO(A)-basis ORBITAL           loaded. Number of functions:     178
 RI(R)-basis CC-PVTZ-F12/OPTRI loaded. Number of functions:     314
 DF-basis AUG-CC-PVTZ/JKFIT    loaded. Number of functions:     392

 Screening thresholds:   THRAO=  1.00D-10  THRMO=  1.00D-09  THRPROD=  1.00D-09
                         THRSW=  1.00D-05  THROV=  1.00D-12  THRAOF12= 1.00D-08

 CPU time for Fock operators                      5.77 sec

 Construction of ABS:
 Smallest eigenvalue of S          4.28E-04  (threshold= 1.00E-08)
 Ratio eigmin/eigmax               5.44E-05  (threshold= 1.00E-09)
 Smallest eigenvalue of S kept     4.28E-04  (threshold= 4.28E-04, 0 functions deleted, 314 kept)

 Construction of CABS:
 Smallest eigenvalue of S          7.03E-07  (threshold= 1.00E-08)
 Ratio eigmin/eigmax               7.03E-07  (threshold= 1.00E-09)
 Smallest eigenvalue of S kept     7.03E-07  (threshold= 7.03E-07, 0 functions deleted, 314 kept)

 CPU time for CABS singles                        0.04 sec

 CABS-singles contribution of  -0.00136217 patched into reference energy.
 New reference energy        -115.10041321

 AO(A)-basis ORBITAL           loaded. Number of functions:     178
 RI(R)-basis CC-PVTZ-F12/OPTRI loaded. Number of functions:     314
 DF-basis AUG-CC-PVTZ/MP2FIT   loaded. Number of functions:     396

 Screening thresholds:   THRAO=  1.00D-10  THRMO=  1.00D-09  THRPROD=  1.00D-09
                         THRSW=  1.00D-05  THROV=  1.00D-12  THRAOF12= 1.00D-08

 CPU time for 3-index integral evaluation         3.51 sec
 CPU time for first  half transformation          0.19 sec (12995.0 MFLOP/sec)
 CPU time for second half transformation          0.01 sec ( 6217.0 MFLOP/sec)
 CPU time for sorting                             0.01 sec
 CPU time for fitting                             0.02 sec (56971.3 MFLOP/sec)
 CPU time for tilde quantities                    0.03 sec (50348.4 MFLOP/sec)
 CPU time for assembly                            0.23 sec (53711.3 MFLOP/sec)
 CPU time for tranop_f12                          0.28 sec (56643.7 MFLOP/sec)
 CPU time for f12 integrals (total)               7.30 sec, Elapsed time:      7.73 sec
 CPU time for f12 matrices (total)                0.10 sec, Elapsed time:      0.16 sec

 Diagonal F12 approximation with fixed coefficients:  TSING= 0.500,  TTRIP= 0.250 (scaled by -1/beta)

 DF-MP2-F12 energy corrections:
 ==============================
 Approx.                                    Singlet             Triplet             Total
 DF-MP2-F12/3*C(DX,FIX)                -0.038330238748     -0.004227723836     -0.042557962585
 DF-MP2-F12/3*C(FIX)                   -0.036116219410     -0.003942317134     -0.040058536544
 DF-MP2-F12/3C(FIX)                    -0.036057181020     -0.004077301816     -0.040134482836

 DF-MP2-F12 correlation energies:
 ================================
 Approx.                                    Singlet             Triplet             Ecorr            Total Energy
 DF-MP2                                -0.290741210031     -0.152302312844     -0.443043522875   -115.543456737395
 DF-MP2-F12/3*C(DX,FIX)                -0.329071448779     -0.156530036680     -0.485601485459   -115.586014699980
 DF-MP2-F12/3*C(FIX)                   -0.326857429440     -0.156244629978     -0.483102059419   -115.583515273939
 DF-MP2-F12/3C(FIX)                    -0.326798391051     -0.156379614659     -0.483178005710   -115.583591220231

 SCS-DF-MP2 energies (F_SING= 1.20000  F_TRIP= 0.62222  F_PARALLEL= 0.33333):
 ============================================================================
 SCS-DF-MP2                            -0.443655335584   -115.544068550105
 SCS-DF-MP2-F12/3*C(DX,FIX)            -0.492282205803   -115.592695420323
 SCS-DF-MP2-F12/3*C(FIX)               -0.489447796204   -115.589861010724
 SCS-DF-MP2-F12/3C(FIX)                -0.489460940605   -115.589874155125

 Symmetry restored.
 Symmetry transformation completed.

 Number of N-1 electron functions:               7
 Number of N-2 electron functions:              28
 Number of singly external CSFs:               659
 Number of doubly external CSFs:            355020
 Total number of CSFs:                      355680

 Length of J-op  integral file:             103.49 MB
 Length of K-op  integral file:             127.95 MB

 Integral transformation finished. Total CPU:   0.47 sec, npass=  1  Memory used:   0.67 MW

 ITER.      SQ.NORM     CORR.ENERGY   TOTAL ENERGY   ENERGY CHANGE     VAR   MIC
   1      1.00000000    -0.44310948  -115.54352269    -0.44310948  0.00D+00   0
   2      1.11415202    -0.44310948  -115.54352269    -0.00000000  0.57D-15   0

 Solving MP2-F12 equations

   1      1.11411600    -0.48248752  -115.58290074    -0.03937805 -0.37D-04   0
   2      1.11411600    -0.48324255  -115.58365577    -0.00075503  0.41D-18   0
   3      1.11411600    -0.48324255  -115.58365577     0.00000000  0.87D-19   0

 CPU TIME FOR ITERATIVE MP2:    0.04 SEC


 MP2-F12 energy corrections:
 ===========================
 Approx.                                    Singlet             Triplet             Total
 MP2-F12/3*C(DX,FIX)                   -0.038330238748     -0.004227723836     -0.042557962585
 MP2-F12/3*C(FIX)                      -0.036116219410     -0.003942317134     -0.040058536544
 MP2-F12/3C(FIX)                       -0.036054443021     -0.004078633984     -0.040133077004

 MP2-F12 correlation energies:
 =============================
 Approx.                                    Singlet             Triplet             Ecorr            Total Energy
 MP2                                   -0.290925375818     -0.152184101738     -0.443109477556   -115.543522692076
 MP2-F12/3*C(DX,FIX)                   -0.329255614566     -0.156411825574     -0.485667440140   -115.586080654661
 MP2-F12/3*C(FIX)                      -0.327041595227     -0.156126418872     -0.483168014100   -115.583581228620
 MP2-F12/3C(FIX)                       -0.326979818838     -0.156262735722     -0.483242554560   -115.583655769080

 SCS-MP2 energies (F_SING= 1.20000  F_TRIP= 0.62222  F_PARALLEL= 0.33333):
 =========================================================================
 SCS-MP2                               -0.443802780951   -115.544215995472
 SCS-MP2-F12/3*C(DX,FIX)               -0.492429651170   -115.592842865690
 SCS-MP2-F12/3*C(FIX)                  -0.489595241571   -115.590008456091
 SCS-MP2-F12/3C(FIX)                   -0.489605929277   -115.590019143798


  Reference energy                   -115.099051044716
  F12 singles correction               -0.001362169804

 F12 singles corrections added to reference energy

  New reference energy               -115.100413214520

  F12/3C(F) singlet correction         -0.036054443021
  F12/3C(F) triplet correction         -0.004078633984
  F12/3C(F) total correction           -0.040133077004
  MP2-F12/3C(F) singlet pair energy    -0.326979818838
  MP2-F12/3C(F) triplet pair energy    -0.156262735722
  MP2-F12/3C(F) correlation energy     -0.483242554560

 !MP2-F12/3C(F) total energy         -115.583655769080


 **********************************************************************************************************************************
 DATASETS  * FILE   NREC   LENGTH (MB)   RECORD NAMES
              1      20      317.92       500      610      700      900      950      970     1000      129      960     1100   
                                          VAR    BASINP    GEOM    SYMINP    ZMAT    AOBASIS   BASIS     P2S    ABASIS      S 
                                         1400     1410     1200     1210     1080     1600     1650     1300     1700     1380   
                                           T        V       H0       H01     AOSYM     SMH    MOLCAS    ERIS     OPER     JKOP   

              2       7        3.55       700     1000      520     2100     7360     7350     7000   
                                         GEOM     BASIS   MCVARS     RHF    F12ABS    EF12   

 PROGRAMS   *        TOTAL   MP2-F12    HF-SCF       INT
 CPU TIMES  *        23.24     13.91      3.00      6.20
 REAL TIME  *        66.34 SEC
 DISK USED  *         1.14 GB
 **********************************************************************************************************************************


 PROGRAM * CCSD (Closed-shell coupled cluster)     Authors: C. Hampel, H.-J. Werner, 1991, M. Deegan, P.J. Knowles, 1992

                                  CCSD-F12 implementation by  H.-J. Werner, 2007

                   Density fitting integral evaluation by F.R. Manby, 2003,2007, G. Knizia, 2010



 Convergence thresholds:  THRVAR = 1.00D-08  THRDEN = 1.00D-06

 CCSD(T)     terms to be evaluated (factor= 1.000)


 Number of core orbitals:           2 (   2   0 )
 Number of closed-shell orbitals:   7 (   5   2 )
 Number of external orbitals:     169 ( 107  62 )

 Molecular orbitals read from record     2100.2  Type=RHF/CANONICAL (state 1.1)

 MP2-F12 correlation treatment (H.-J. Werner, 2006)
 ==================================================

 Using MP2-F12 with ansatz 3C(FIX)

 Using projected zeroth-order Hamiltonian (+Z)

 FOCKRIB=T FOCKRIC=T FOCKRIP=T CABSP=T CABSA=T CABSK=T CABSF=T GBC=F EBC=F DMAT=T NOFIK=T NOPAO=1 SOLVE=-1  USEPAO=0
 EXCH_A= T EXCH_B= F EXCH_C= F EXCH_P= F

 Geminal basis:    OPTFULL  GEM_TYPE=SLATER  BETA=1.0  NGEM=6

 Optimizing Gaussian exponents for each gem_beta

 Geminal optimization for beta= 1.0000
 Weight function:   m=0, omega= 1.4646

 Augmented Hessian optimization of geminal fit. Trust ratio= 0.40000
 Convergence reached after   2 iterations. Final gradient= 8.66D-16, Step= 4.23D-06, Delta= 1.28D-09

 Alpha:                 0.19532     0.81920     2.85917     9.50073    35.69989   197.79328
 Coeff:                 0.27070     0.30552     0.18297     0.10986     0.06810     0.04224


 Symmetry turned off. Reference energy:       -115.099051044716

 All pairs explicitly correlated. Number of r12-pairs:           28

 Excluding core orbitals from MO domains

 AO(A)-basis ORBITAL           loaded. Number of functions:     178
 RI(R)-basis CC-PVTZ-F12/OPTRI loaded. Number of functions:     314
 DF-basis AUG-CC-PVTZ/JKFIT    loaded. Number of functions:     392

 Screening thresholds:   THRAO=  1.00D-10  THRMO=  1.00D-09  THRPROD=  1.00D-09
                         THRSW=  1.00D-05  THROV=  1.00D-12  THRAOF12= 1.00D-08

 CPU time for Fock operators                      5.73 sec

 Construction of ABS:
 Smallest eigenvalue of S          4.28E-04  (threshold= 1.00E-08)
 Ratio eigmin/eigmax               5.44E-05  (threshold= 1.00E-09)
 Smallest eigenvalue of S kept     4.28E-04  (threshold= 4.28E-04, 0 functions deleted, 314 kept)

 Construction of CABS:
 Smallest eigenvalue of S          7.03E-07  (threshold= 1.00E-08)
 Ratio eigmin/eigmax               7.03E-07  (threshold= 1.00E-09)
 Smallest eigenvalue of S kept     7.03E-07  (threshold= 7.03E-07, 0 functions deleted, 314 kept)

 CPU time for CABS singles                        0.04 sec

 CABS-singles contribution of  -0.00136217 patched into reference energy.
 New reference energy        -115.10041321

 AO(A)-basis ORBITAL           loaded. Number of functions:     178
 RI(R)-basis CC-PVTZ-F12/OPTRI loaded. Number of functions:     314
 DF-basis AUG-CC-PVTZ/MP2FIT   loaded. Number of functions:     396

 Screening thresholds:   THRAO=  1.00D-10  THRMO=  1.00D-09  THRPROD=  1.00D-09
                         THRSW=  1.00D-05  THROV=  1.00D-12  THRAOF12= 1.00D-08

 CPU time for 3-index integral evaluation         3.43 sec
 CPU time for first  half transformation          0.28 sec ( 8818.0 MFLOP/sec)
 CPU time for second half transformation          0.01 sec ( 6217.0 MFLOP/sec)
 CPU time for sorting                             0.02 sec
 CPU time for fitting                             0.02 sec (56971.3 MFLOP/sec)
 CPU time for tilde quantities                    0.03 sec (50348.4 MFLOP/sec)
 CPU time for assembly                            0.20 sec (61768.0 MFLOP/sec)
 CPU time for tranop_f12                          0.27 sec (58741.6 MFLOP/sec)
 CPU time for f12 integrals (total)               7.24 sec, Elapsed time:      7.62 sec
 CPU time for f12 matrices (total)                0.11 sec, Elapsed time:      0.16 sec

 Diagonal F12 approximation with fixed coefficients:  TSING= 0.500,  TTRIP= 0.250 (scaled by -1/beta)

 DF-MP2-F12 energy corrections:
 ==============================
 Approx.                                    Singlet             Triplet             Total
 DF-MP2-F12/3*C(DX,FIX)                -0.038330238748     -0.004227723836     -0.042557962585
 DF-MP2-F12/3*C(FIX)                   -0.036116219410     -0.003942317134     -0.040058536544
 DF-MP2-F12/3C(FIX)                    -0.036057181020     -0.004077301816     -0.040134482836

 DF-MP2-F12 correlation energies:
 ================================
 Approx.                                    Singlet             Triplet             Ecorr            Total Energy
 DF-MP2                                -0.290741210031     -0.152302312844     -0.443043522875   -115.543456737395
 DF-MP2-F12/3*C(DX,FIX)                -0.329071448779     -0.156530036680     -0.485601485459   -115.586014699980
 DF-MP2-F12/3*C(FIX)                   -0.326857429440     -0.156244629978     -0.483102059419   -115.583515273939
 DF-MP2-F12/3C(FIX)                    -0.326798391051     -0.156379614659     -0.483178005710   -115.583591220231

 SCS-DF-MP2 energies (F_SING= 1.20000  F_TRIP= 0.62222  F_PARALLEL= 0.33333):
 ============================================================================
 SCS-DF-MP2                            -0.443655335584   -115.544068550105
 SCS-DF-MP2-F12/3*C(DX,FIX)            -0.492282205803   -115.592695420323
 SCS-DF-MP2-F12/3*C(FIX)               -0.489447796204   -115.589861010724
 SCS-DF-MP2-F12/3C(FIX)                -0.489460940605   -115.589874155125

 Symmetry restored.
 Symmetry transformation completed.

 Number of N-1 electron functions:               7
 Number of N-2 electron functions:              28
 Number of singly external CSFs:               659
 Number of doubly external CSFs:            355020
 Total number of CSFs:                      355680

 Length of J-op  integral file:             103.62 MB
 Length of K-op  integral file:             127.95 MB
 Length of 3-ext integral record:             0.00 MB

 Memory could be reduced to 24.20 Mwords without degradation in triples

 Integral transformation finished. Total CPU:   1.25 sec, npass=  1  Memory used:   7.45 MW

 Reference energy:                   -115.10041321

 Adding F12 terms to K(Cij), methodcc=6,  factor= 1.0

 ITER.      SQ.NORM     CORR.ENERGY   TOTAL ENERGY   ENERGY CHANGE        DEN1      VAR(S)    VAR(P)  DIIS     TIME  TIME/IT
   1      1.11712059    -0.45249804  -115.55291126    -0.00938857     0.00151211  0.15D-02  0.19D-02  1  1    15.32     0.98
   2      1.12445272    -0.45286682  -115.55328003    -0.00036877    -0.00897606  0.24D-04  0.23D-03  2  2    16.17     0.97
   3      1.12714595    -0.45304181  -115.55345502    -0.00017499    -0.00185133  0.14D-04  0.13D-04  3  3    17.00     0.96
   4      1.12807299    -0.45305983  -115.55347305    -0.00001803    -0.00058980  0.85D-06  0.11D-05  4  4    17.86     0.96
   5      1.12822409    -0.45306121  -115.55347443    -0.00000138    -0.00003666  0.22D-06  0.98D-07  5  5    18.74     0.97
   6      1.12826515    -0.45305894  -115.55347216     0.00000227    -0.00000398  0.35D-07  0.92D-08  6  6    19.59     0.97
   7      1.12827594    -0.45305808  -115.55347130     0.00000086    -0.00000293  0.38D-08  0.14D-08  6  1    20.43     0.97
   8      1.12827769    -0.45305814  -115.55347136    -0.00000006     0.00000033  0.64D-09  0.19D-09  6  3    21.27     0.97

 Norm of t1 vector:      0.04962709      S-energy:    -0.00000036      T1 diagnostic:  0.00937864
                                                                       D1 diagnostic:  0.01987493

 Adding energy correction from Wij-K(Fij), methodcc=6  factor= 1.0

  CCSD correlation energy              -0.453058140977
  MP2-F12 correction (uncoupled)       -0.038589551968
  C*T doubles correction               -0.001161026303
  f12b correction                       0.007093220749


 Total CPU time for triples:     12.29 sec


 RESULTS
 =======

  Reference energy                   -115.099051044716
  F12 singles correction               -0.001362169804

 F12 singles corrections added to reference energy

  New reference energy               -115.100413214520

  F12a singlet correction              -0.035820422649
  F12a triplet correction              -0.003930155622
  F12a total correction                -0.039750578271

 F12a corrections for ansatz F12/3C(FIX) added to CCSD energy

  CCSD-F12a singlet pair energy        -0.350802692347
  CCSD-F12a triplet pair energy        -0.142005669977
  CCSD-F12a correlation energy         -0.492808719248

  Triples (T) contribution             -0.015912653543
  Total correlation energy             -0.508721372792

  CCSD-F12a total energy             -115.593221933769
  CCSD[T]-F12a energy                -115.609677812052
  CCSD-T-F12a energy                 -115.608896439479
 !CCSD(T)-F12a total energy          -115.609134587312

 F12b corrections for ansatz F12/3C(FIX) added to CCSD(T)-F12a energy

  CCSD-F12b singlet pair energy        -0.344172270371
  CCSD-F12b triplet pair energy        -0.141542871204
  CCSD-F12b correlation energy         -0.485715498500

  Triples (T) contribution             -0.015912653543
  Total correlation energy             -0.501628152043

  CCSD-F12b total energy             -115.586128713020
  CCSD[T]-F12b energy                -115.602584591303
  CCSD-T-F12b energy                 -115.601803218730
 !CCSD(T)-F12b total energy          -115.602041366564

 Timing summary (sec):

 STEP                 CPU(USER)    SYS     CPU(TOT)    WALL
 Transformation          1.26      0.19      1.45      1.45
 CCSD iterations         6.81      0.77      7.58      7.81
 Triples                12.29      0.47     12.76     12.79
 MP2-F12                13.21      0.54     13.75     19.56
 F12b energy             0.69      0.06      0.75      0.76

 Program statistics:

 Available memory in ccsd:               499999650
 Min. memory needed in ccsd:               1149135
 Max. memory used in ccsd:                 1443104
 Max. memory used in cckext:               1888566 ( 9 integral passes)



 **********************************************************************************************************************************
 DATASETS  * FILE   NREC   LENGTH (MB)   RECORD NAMES
              1      20      386.49       500      610      700      900      950      970     1000      129      960     1100   
                                          VAR    BASINP    GEOM    SYMINP    ZMAT    AOBASIS   BASIS     P2S    ABASIS      S 
                                         1400     1410     1200     1210     1080     1600     1650     1300     1700     1380   
                                           T        V       H0       H01     AOSYM     SMH    MOLCAS    ERIS     OPER     JKOP   

              2       7        3.55       700     1000      520     2100     7360     7350     7000   
                                         GEOM     BASIS   MCVARS     RHF    F12ABS    EF12   

 PROGRAMS   *        TOTAL   CCSD(T)   MP2-F12    HF-SCF       INT
 CPU TIMES  *        57.54     34.29     13.91      3.00      6.20
 REAL TIME  *       108.82 SEC
 DISK USED  *         1.14 GB
 **********************************************************************************************************************************
 SETTING XXX            =    "MMM"
 SETTING POINT          =         7.00000000                                  

 *** ### CH3OH


 XXX       RCO          ROH          RCH1         RCH2         RCH3           ACOH           AOCH1          AOCH2          AOCH3         AHH1           AHH2           AHH3            ENERGY      POINT
 "MMM"   1.40577677   0.96013932   1.09171752   1.08440070   1.09171752   108.12930637   111.65221523   107.18733878   111.65221523   61.43364279   180.00000000   298.56635721   -115.60913459   7.0000
                                                  

 CCSD(T)-F12/cc-pVTZ-F12 energy=   -115.602041366564

     CCSD(T)-F12         MP2-F12          HF-SCF
   -115.60204137   -115.58365577   -115.09905104
 **********************************************************************************************************************************
 Molpro calculation terminated
