
 Primary working directories    : /tmpdir/job/2955700.undefined/molpro.GTRnBcImG4
 Secondary working directories  : /tmpdir/job/2955700.undefined/molpro.GTRnBcImG4
 Wavefunction directory         : /home/zcaposm/wfu/
 Main file repository           : /tmpdir/job/2955700.undefined/molpro.GTRnBcImG4/

 id        : uclcc

 Nodes                         nprocs
 node-h00a-001.myriad.ucl.ac.uk    1

 Using customized tuning parameters: mindgm=1; mindgv=20; mindgc=4; mindgr=1; noblas=0; minvec=7
 default implementation of scratch files=df  


 Variables initialized (945), CPU time= 0.00 sec
 ***,Methanol Ground State Energy with CCSD(T)-F12 and cc-pVTZ-F12
 memory,500,m;
 
 geometry={angstrom
 c
 o , 1, rco
 h , 2, roh, 1, acoh
 h1, 1, rch1, 2, aoch1  3  ahh1
 h2, 1, rch2, 2, aoch2, 3, ahh2
 h3, 1, rch3, 2, aoch3, 3, ahh3
 }
 
                                                ! Specify the initial values of the internal coordinates (in Angstroms and degrees)
 
 rco= 1.42077677
 roh= 0.96013932
 rch1= 1.091806922866072
 rch2= 1.0844351597600115
 rch3= 1.0915675498769708
 acoh= 108.12930637
 aoch1= 111.59061441135447
 aoch2= 107.20765833311123
 aoch3= 111.70160447338341
 ahh1=66.43364279
 ahh2=185.0
 ahh3=303.56635721
 
                                                                                 ! Use the cc-pVTZ-F12 basis set
 basis=cc-pVTZ-F12
 
 hf
 
                                                                                 ! Use explicitly correlated F12 methods
                                                                            ! First, MP2-F12 (useful for initial electronic energy)
 {mp2-f12}
 
                                                                        ! If desired, perform CCSD(T)-F12 for more accurate results
 {ccsd(t)-f12}
 
                                                                                 ! Output the energy
 xxx = "mmm"
 point = 127
 text ### CH3OH
 table,xxx,rco,roh,rch1,rch2,rch3,acoh,aoch1,aoch2,aoch3,ahh1,ahh2,ahh3,energy,point
 DIGITS, 0, 8, 8, 8, 8, 8, 8, 8, 8, 8,  8,  8,  8, 8, 4
 save,CH3OH_MEP_MP2_127.dat,new
 
 Commands  initialized (802), CPU time= 0.01 sec, 659 directives.
 Default parameters read. Elapsed time= 0.46 sec

 Checking input...
 Passed
1


                                         ***  PROGRAM SYSTEM MOLPRO  ***
                                       Copyright, TTI GmbH Stuttgart, 2015
                                    Version 2020.1 linked Oct  6 2020 12:04:11


 **********************************************************************************************************************************
 LABEL *   Methanol Ground State Energy with CCSD(T)-F12 and cc-pVTZ-F12                 
  64 bit serial version                                                                  DATE: 08-Oct-24          TIME: 17:40:57  
 **********************************************************************************************************************************

 SHA1:             8c27446f6450a7499e38f603e13c65f775101d37
 **********************************************************************************************************************************

 Memory per process:       500 MW
 Total memory per node:    500 MW

 GA preallocation disabled
 GA check disabled

 Variable memory set to 500.0 MW

 SETTING RCO            =         1.42077677                                  
 SETTING ROH            =         0.96013932                                  
 SETTING RCH1           =         1.09180692                                  
 SETTING RCH2           =         1.08443516                                  
 SETTING RCH3           =         1.09156755                                  
 SETTING ACOH           =       108.12930637                                  
 SETTING AOCH1          =       111.59061441                                  
 SETTING AOCH2          =       107.20765833                                  
 SETTING AOCH3          =       111.70160447                                  
 SETTING AHH1           =        66.43364279                                  
 SETTING AHH2           =       185.00000000                                  
 SETTING AHH3           =       303.56635721                                  
 SETTING BASIS          =    CC-PVTZ-F12


 Recomputing integrals since basis changed


 Using spherical harmonics

 Library entry C      S cc-pVTZ-F12          selected for orbital group  1
 Library entry C      P cc-pVTZ-F12          selected for orbital group  1
 Library entry C      D cc-pVTZ-F12          selected for orbital group  1
 Library entry C      F cc-pVTZ-F12          selected for orbital group  1
 Library entry O      S cc-pVTZ-F12          selected for orbital group  2
 Library entry O      P cc-pVTZ-F12          selected for orbital group  2
 Library entry O      D cc-pVTZ-F12          selected for orbital group  2
 Library entry O      F cc-pVTZ-F12          selected for orbital group  2
 Library entry H      S cc-pVTZ-F12          selected for orbital group  3
 Library entry H      P cc-pVTZ-F12          selected for orbital group  3
 Library entry H      D cc-pVTZ-F12          selected for orbital group  3


 PROGRAM * SEWARD (Integral evaluation for generally contracted gaussian basis sets)     Author: Roland Lindh, 1990

 Geometry written to block  1 of record 700

 Orientation using atomic masses  
 Molecule type: Asymmetric top
 Rotational constants:      23.9582271     24.8079947    128.7869969 GHz  (calculated with average atomic masses)

 Point group  C1  



 ATOMIC COORDINATES

 NR  ATOM    CHARGE       X              Y              Z

   1  C       6.00    0.000353941    0.025199168   -1.376584038
   2  O       8.00   -0.000169587   -0.122096881    1.304251416
   3  H       1.00    0.006618512    1.568646677    1.962574129
   4  H1      1.00    1.762006923    0.825664903   -2.092610513
   5  H2      1.00   -0.177940235   -1.888013089   -2.088904830
   6  H3      1.00   -1.592210986    1.131506971   -2.080014307

 Bond lengths in Bohr (Angstrom)

 1-2  2.684878979  1-4  2.063216065  1-5  2.049285452  1-6  2.062763716  2-3  1.814400356
     ( 1.420776770)     ( 1.091806923)     ( 1.084435160)     ( 1.091567550)     ( 0.960139320)

 Bond angles

  1-2-3  108.12930637   2-1-4  111.59061441   2-1-5  107.20765833   2-1-6  111.70160447

  4-1-5  108.41301344   4-1-6  109.43792713   5-1-6  108.36114530

 NUCLEAR CHARGE:                   18
 NUMBER OF PRIMITIVE AOS:         228
 NUMBER OF SYMMETRY AOS:          206
 NUMBER OF CONTRACTIONS:          178   (  178A   )
 NUMBER OF INNER CORE ORBITALS:     0   (    0A   )
 NUMBER OF OUTER CORE ORBITALS:     2   (    2A   )
 NUMBER OF VALENCE ORBITALS:       12   (   12A   )


 NUCLEAR REPULSION ENERGY   40.34557566

 Eigenvalues of metric

         1 0.880E-04 0.184E-03 0.309E-03 0.322E-03 0.460E-03 0.493E-03 0.560E-03 0.570E-03


 Contracted 2-electron integrals neglected if value below      1.0D-11
 AO integral compression algorithm  1   Integral accuracy      1.0D-11

     610.796 MB (compressed) written to integral file ( 51.2%)


 NUMBER OF SORTED TWO-ELECTRON INTEGRALS:  126906346.     BUFFER LENGTH:  32768
 NUMBER OF SEGMENTS:   8  SEGMENT LENGTH:   15999503      RECORD LENGTH: 524288

 Memory used in sort:      16.56 MW

 SORT1 READ   149034713. AND WROTE   124806643. INTEGRALS IN    360 RECORDS. CPU TIME:     1.46 SEC, REAL TIME:    25.05 SEC
 SORT2 READ   124806643. AND WROTE   126906346. INTEGRALS IN   2330 RECORDS. CPU TIME:     1.68 SEC, REAL TIME:    47.02 SEC

 FILE SIZES:   FILE 1:   642.0 MBYTE,  FILE 4:  1510.0 MBYTE,   TOTAL:   2152.0 MBYTE

 OPERATOR DM      FOR CENTER  0  COORDINATES:    0.000000    0.000000    0.000000


 **********************************************************************************************************************************
 DATASETS  * FILE   NREC   LENGTH (MB)   RECORD NAMES
              1      19      563.82       500      610      700      900      950      970     1000      129      960     1100   
                                          VAR    BASINP    GEOM    SYMINP    ZMAT    AOBASIS   BASIS     P2S    ABASIS      S 
                                         1400     1410     1200     1210     1080     1600     1650     1300     1700   
                                           T        V       H0       H01     AOSYM     SMH    MOLCAS    ERIS     OPER   

 PROGRAMS   *        TOTAL       INT
 CPU TIMES  *         8.77      8.65
 REAL TIME  *        88.81 SEC
 DISK USED  *         2.15 GB
 **********************************************************************************************************************************


 PROGRAM * RHF-SCF (CLOSED SHELL)       Authors: W. Meyer, H.-J. Werner


 NUMBER OF ELECTRONS:       9+    9-    SPACE SYMMETRY=1    SPIN SYMMETRY: Singlet 
 CONVERGENCE THRESHOLDS:    1.00E-05 (Density)    1.00E-07 (Energy)
 MAX. NUMBER OF ITERATIONS:       60
 INTERPOLATION TYPE:            DIIS
 INTERPOLATION STEPS:              2 (START)      1 (STEP)
 LEVEL SHIFTS:                  0.00 (CLOSED)  0.00 (OPEN) 



 Orbital guess generated from atomic densities. Full valence occupancy:   14

 Molecular orbital dump at record        2100.2

 Initial occupancy:   9

 ITERATION    DDIFF          GRAD             ENERGY        2-EL.EN.            DIPOLE MOMENTS         DIIS   ORB.
    1      0.000D+00      0.000D+00      -115.06234324    164.484701    0.00001    0.90473   -0.47794    0    start
    2      0.000D+00      0.506D-02      -115.09069735    161.902294   -0.00166    0.49698   -0.30365    1    diag
    3      0.480D-02      0.277D-02      -115.09818443    163.165616   -0.00085    0.60030   -0.39686    2    diag
    4      0.163D-02      0.546D-03      -115.09871663    162.989084   -0.00083    0.59519   -0.39231    3    diag
    5      0.436D-03      0.110D-03      -115.09875101    163.000557   -0.00084    0.59122   -0.39712    4    diag
    6      0.121D-03      0.204D-04      -115.09875256    162.998337   -0.00084    0.59136   -0.39791    5    diag
    7      0.348D-04      0.434D-05      -115.09875264    162.997954   -0.00084    0.59118   -0.39818    6    diag
    8      0.874D-05      0.114D-05      -115.09875264    162.998299   -0.00084    0.59117   -0.39820    0    orth

 Final occupancy:   9

 !RHF STATE  1.1 Energy              -115.098752639897
 Nuclear energy                        40.34557566
 One-electron energy                 -236.94347787
 Two-electron energy                   81.49914958
 Virial quotient                       -1.00101519
 !RHF STATE  1.1 Dipole moment         -0.00084208     0.59117260    -0.39819616
 Dipole moment /Debye                  -0.00214022     1.50251246    -1.01204739

 Orbital energies:

         1.1          2.1          3.1          4.1          5.1          6.1          7.1          8.1          9.1         10.1
    -20.556325   -11.269754    -1.356918    -0.926367    -0.690822    -0.621551    -0.594408    -0.504311    -0.452133     0.054654

        11.1
      0.065016


 HOMO      9.1    -0.452133 =     -12.3032eV
 LUMO     10.1     0.054654 =       1.4872eV
 LUMO-HOMO         0.506786 =      13.7904eV


 **********************************************************************************************************************************
 DATASETS  * FILE   NREC   LENGTH (MB)   RECORD NAMES
              1      19      563.82       500      610      700      900      950      970     1000      129      960     1100   
                                          VAR    BASINP    GEOM    SYMINP    ZMAT    AOBASIS   BASIS     P2S    ABASIS      S 
                                         1400     1410     1200     1210     1080     1600     1650     1300     1700   
                                           T        V       H0       H01     AOSYM     SMH    MOLCAS    ERIS     OPER   

              2       4        3.48       700     1000      520     2100   
                                         GEOM     BASIS   MCVARS     RHF  

 PROGRAMS   *        TOTAL    HF-SCF       INT
 CPU TIMES  *        17.77      9.00      8.65
 REAL TIME  *       104.33 SEC
 DISK USED  *         2.15 GB
 **********************************************************************************************************************************


 PROGRAM * MP2 (Closed-shell)     Authors: C. Hampel, H.-J. Werner, 1991, M. Deegan, P.J. Knowles, 1992

                                   MP2-F12 implementation by H.-J. Werner, 2007

                   Density fitting integral evaluation by F.R. Manby, 2003,2007, G. Knizia, 2010


 Basis set AUG-CC-PVTZ/JKFIT generated.  Number of basis functions:   392 
 Basis set CC-PVTZ-F12/OPTRI generated.  Number of basis functions:   314 
 Basis set AUG-CC-PVTZ/MP2FIT generated. Number of basis functions:   396 

 Convergence thresholds:  THRVAR = 1.00D-08  THRDEN = 1.00D-06

 Number of core orbitals:           2 (   2 )
 Number of closed-shell orbitals:   7 (   7 )
 Number of external orbitals:     169 ( 169 )

 Molecular orbitals read from record     2100.2  Type=RHF/CANONICAL (state 1.1)

 MP2-F12 correlation treatment (H.-J. Werner, 2006)
 ==================================================

 Using MP2-F12 with ansatz 3C(FIX)

 Using projected zeroth-order Hamiltonian (+Z)

 FOCKRIB=T FOCKRIC=T FOCKRIP=T CABSP=T CABSA=T CABSK=T CABSF=T GBC=F EBC=F DMAT=T NOFIK=T NOPAO=1 SOLVE=-1  USEPAO=0
 EXCH_A= T EXCH_B= F EXCH_C= F EXCH_P= F

 Geminal basis:    OPTFULL  GEM_TYPE=SLATER  BETA=1.0  NGEM=6

 Optimizing Gaussian exponents for each gem_beta

 Geminal optimization for beta= 1.0000
 Weight function:   m=0, omega= 1.4646

 Augmented Hessian optimization of geminal fit. Trust ratio= 0.40000
 Convergence reached after   2 iterations. Final gradient= 8.66D-16, Step= 4.23D-06, Delta= 1.28D-09

 Alpha:                 0.19532     0.81920     2.85917     9.50073    35.69989   197.79328
 Coeff:                 0.27070     0.30552     0.18297     0.10986     0.06810     0.04224


 All pairs explicitly correlated. Number of r12-pairs:           28

 Excluding core orbitals from MO domains

 AO(A)-basis ORBITAL           loaded. Number of functions:     178
 RI(R)-basis CC-PVTZ-F12/OPTRI loaded. Number of functions:     314
 DF-basis AUG-CC-PVTZ/JKFIT    loaded. Number of functions:     392

 Screening thresholds:   THRAO=  1.00D-10  THRMO=  1.00D-09  THRPROD=  1.00D-09
                         THRSW=  1.00D-05  THROV=  1.00D-12  THRAOF12= 1.00D-08

 CPU time for Fock operators                      1.75 sec

 Construction of ABS:
 Smallest eigenvalue of S          4.35E-04  (threshold= 1.00E-08)
 Ratio eigmin/eigmax               5.56E-05  (threshold= 1.00E-09)
 Smallest eigenvalue of S kept     4.35E-04  (threshold= 4.35E-04, 0 functions deleted, 314 kept)

 Construction of CABS:
 Smallest eigenvalue of S          7.26E-07  (threshold= 1.00E-08)
 Ratio eigmin/eigmax               7.26E-07  (threshold= 1.00E-09)
 Smallest eigenvalue of S kept     7.26E-07  (threshold= 7.26E-07, 0 functions deleted, 314 kept)

 CPU time for CABS singles                        0.05 sec

 CABS-singles contribution of  -0.00135354 patched into reference energy.
 New reference energy        -115.10010618

 AO(A)-basis ORBITAL           loaded. Number of functions:     178
 RI(R)-basis CC-PVTZ-F12/OPTRI loaded. Number of functions:     314
 DF-basis AUG-CC-PVTZ/MP2FIT   loaded. Number of functions:     396

 Screening thresholds:   THRAO=  1.00D-10  THRMO=  1.00D-09  THRPROD=  1.00D-09
                         THRSW=  1.00D-05  THROV=  1.00D-12  THRAOF12= 1.00D-08

 CPU time for 3-index integral evaluation         3.80 sec
 CPU time for first  half transformation          0.32 sec ( 7715.8 MFLOP/sec)
 CPU time for second half transformation          0.03 sec ( 2072.3 MFLOP/sec)
 CPU time for sorting                             0.01 sec
 CPU time for fitting                             0.03 sec (37980.8 MFLOP/sec)
 CPU time for tilde quantities                    0.03 sec (50348.4 MFLOP/sec)
 CPU time for assembly                            0.24 sec (51473.3 MFLOP/sec)
 CPU time for tranop_f12                          0.38 sec (41737.4 MFLOP/sec)
 CPU time for f12 integrals (total)               5.31 sec, Elapsed time:      7.04 sec
 CPU time for f12 matrices (total)                0.13 sec, Elapsed time:      0.26 sec

 Diagonal F12 approximation with fixed coefficients:  TSING= 0.500,  TTRIP= 0.250 (scaled by -1/beta)

 DF-MP2-F12 energy corrections:
 ==============================
 Approx.                                    Singlet             Triplet             Total
 DF-MP2-F12/3*C(DX,FIX)                -0.038287824727     -0.004212732067     -0.042500556794
 DF-MP2-F12/3*C(FIX)                   -0.036088968052     -0.003930995030     -0.040019963082
 DF-MP2-F12/3C(FIX)                    -0.036031669634     -0.004065962044     -0.040097631677

 DF-MP2-F12 correlation energies:
 ================================
 Approx.                                    Singlet             Triplet             Ecorr            Total Energy
 DF-MP2                                -0.291095738055     -0.152364618862     -0.443460356917   -115.543566532089
 DF-MP2-F12/3*C(DX,FIX)                -0.329383562782     -0.156577350929     -0.485960913711   -115.586067088883
 DF-MP2-F12/3*C(FIX)                   -0.327184706107     -0.156295613892     -0.483480319999   -115.583586495171
 DF-MP2-F12/3C(FIX)                    -0.327127407689     -0.156430580905     -0.483557988594   -115.583664163767

 SCS-DF-MP2 energies (F_SING= 1.20000  F_TRIP= 0.62222  F_PARALLEL= 0.33333):
 ============================================================================
 SCS-DF-MP2                            -0.444119537403   -115.544225712575
 SCS-DF-MP2-F12/3*C(DX,FIX)            -0.492686182583   -115.592792357755
 SCS-DF-MP2-F12/3*C(FIX)               -0.489872251528   -115.589978426700
 SCS-DF-MP2-F12/3C(FIX)                -0.489887472901   -115.589993648074
 Symmetry transformation completed.

 Number of N-1 electron functions:               7
 Number of N-2 electron functions:              28
 Number of singly external CSFs:              1183
 Number of doubly external CSFs:            700336
 Total number of CSFs:                      701520

 Length of J-op  integral file:             104.98 MB
 Length of K-op  integral file:             138.67 MB

 Integral transformation finished. Total CPU:   1.60 sec, npass=  1  Memory used:   2.18 MW

 ITER.      SQ.NORM     CORR.ENERGY   TOTAL ENERGY   ENERGY CHANGE     VAR   MIC
   1      1.00000000    -0.44352677  -115.54363294    -0.44352677  0.00D+00   0
   2      1.11473523    -0.44352677  -115.54363294     0.00000000 -0.21D-15   0

 Solving MP2-F12 equations

   1      1.11469893    -0.48286625  -115.58297243    -0.03933949 -0.37D-04   0
   2      1.11469893    -0.48362299  -115.58372917    -0.00075674  0.23D-18   0
   3      1.11469893    -0.48362299  -115.58372917     0.00000000 -0.36D-19   0

 CPU TIME FOR ITERATIVE MP2:    0.11 SEC


 MP2-F12 energy corrections:
 ===========================
 Approx.                                    Singlet             Triplet             Total
 MP2-F12/3*C(DX,FIX)                   -0.038287824727     -0.004212732067     -0.042500556794
 MP2-F12/3*C(FIX)                      -0.036088968052     -0.003930995030     -0.040019963082
 MP2-F12/3C(FIX)                       -0.036028969894     -0.004067257896     -0.040096227790

 MP2-F12 correlation energies:
 =============================
 Approx.                                    Singlet             Triplet             Ecorr            Total Energy
 MP2                                   -0.291279045716     -0.152247719556     -0.443526765273   -115.543632940445
 MP2-F12/3*C(DX,FIX)                   -0.329566870443     -0.156460451623     -0.486027322066   -115.586133497239
 MP2-F12/3*C(FIX)                      -0.327368013768     -0.156178714587     -0.483546728355   -115.583652903527
 MP2-F12/3C(FIX)                       -0.327308015610     -0.156314977452     -0.483622993063   -115.583729168235

 SCS-MP2 energies (F_SING= 1.20000  F_TRIP= 0.62222  F_PARALLEL= 0.33333):
 =========================================================================
 SCS-MP2                               -0.444266769250   -115.544372944422
 SCS-MP2-F12/3*C(DX,FIX)               -0.492833414431   -115.592939589603
 SCS-MP2-F12/3*C(FIX)                  -0.490019483375   -115.590125658548
 SCS-MP2-F12/3C(FIX)                   -0.490032271369   -115.590138446542


  Reference energy                   -115.098752639897
  F12 singles correction               -0.001353535275

 F12 singles corrections added to reference energy

  New reference energy               -115.100106175172

  F12/3C(F) singlet correction         -0.036028969894
  F12/3C(F) triplet correction         -0.004067257896
  F12/3C(F) total correction           -0.040096227790
  MP2-F12/3C(F) singlet pair energy    -0.327308015610
  MP2-F12/3C(F) triplet pair energy    -0.156314977452
  MP2-F12/3C(F) correlation energy     -0.483622993063

 !MP2-F12/3C(F) total energy         -115.583729168235


 **********************************************************************************************************************************
 DATASETS  * FILE   NREC   LENGTH (MB)   RECORD NAMES
              1      20      574.99       500      610      700      900      950      970     1000      129      960     1100   
                                          VAR    BASINP    GEOM    SYMINP    ZMAT    AOBASIS   BASIS     P2S    ABASIS      S 
                                         1400     1410     1200     1210     1080     1600     1650     1300     1700     1380   
                                           T        V       H0       H01     AOSYM     SMH    MOLCAS    ERIS     OPER     JKOP   

              2       7        4.13       700     1000      520     2100     7360     7350     7000   
                                         GEOM     BASIS   MCVARS     RHF    F12ABS    EF12   

 PROGRAMS   *        TOTAL   MP2-F12    HF-SCF       INT
 CPU TIMES  *        26.97      9.20      9.00      8.65
 REAL TIME  *       117.29 SEC
 DISK USED  *         2.15 GB
 **********************************************************************************************************************************


 PROGRAM * CCSD (Closed-shell coupled cluster)     Authors: C. Hampel, H.-J. Werner, 1991, M. Deegan, P.J. Knowles, 1992

                                  CCSD-F12 implementation by  H.-J. Werner, 2007

                   Density fitting integral evaluation by F.R. Manby, 2003,2007, G. Knizia, 2010



 Convergence thresholds:  THRVAR = 1.00D-08  THRDEN = 1.00D-06

 CCSD(T)     terms to be evaluated (factor= 1.000)


 Number of core orbitals:           2 (   2 )
 Number of closed-shell orbitals:   7 (   7 )
 Number of external orbitals:     169 ( 169 )

 Molecular orbitals read from record     2100.2  Type=RHF/CANONICAL (state 1.1)

 MP2-F12 correlation treatment (H.-J. Werner, 2006)
 ==================================================

 Using MP2-F12 with ansatz 3C(FIX)

 Using projected zeroth-order Hamiltonian (+Z)

 FOCKRIB=T FOCKRIC=T FOCKRIP=T CABSP=T CABSA=T CABSK=T CABSF=T GBC=F EBC=F DMAT=T NOFIK=T NOPAO=1 SOLVE=-1  USEPAO=0
 EXCH_A= T EXCH_B= F EXCH_C= F EXCH_P= F

 Geminal basis:    OPTFULL  GEM_TYPE=SLATER  BETA=1.0  NGEM=6

 Optimizing Gaussian exponents for each gem_beta

 Geminal optimization for beta= 1.0000
 Weight function:   m=0, omega= 1.4646

 Augmented Hessian optimization of geminal fit. Trust ratio= 0.40000
 Convergence reached after   2 iterations. Final gradient= 8.66D-16, Step= 4.23D-06, Delta= 1.28D-09

 Alpha:                 0.19532     0.81920     2.85917     9.50073    35.69989   197.79328
 Coeff:                 0.27070     0.30552     0.18297     0.10986     0.06810     0.04224


 All pairs explicitly correlated. Number of r12-pairs:           28

 Excluding core orbitals from MO domains

 AO(A)-basis ORBITAL           loaded. Number of functions:     178
 RI(R)-basis CC-PVTZ-F12/OPTRI loaded. Number of functions:     314
 DF-basis AUG-CC-PVTZ/JKFIT    loaded. Number of functions:     392

 Screening thresholds:   THRAO=  1.00D-10  THRMO=  1.00D-09  THRPROD=  1.00D-09
                         THRSW=  1.00D-05  THROV=  1.00D-12  THRAOF12= 1.00D-08

 CPU time for Fock operators                      1.72 sec

 Construction of ABS:
 Smallest eigenvalue of S          4.35E-04  (threshold= 1.00E-08)
 Ratio eigmin/eigmax               5.56E-05  (threshold= 1.00E-09)
 Smallest eigenvalue of S kept     4.35E-04  (threshold= 4.35E-04, 0 functions deleted, 314 kept)

 Construction of CABS:
 Smallest eigenvalue of S          7.26E-07  (threshold= 1.00E-08)
 Ratio eigmin/eigmax               7.26E-07  (threshold= 1.00E-09)
 Smallest eigenvalue of S kept     7.26E-07  (threshold= 7.26E-07, 0 functions deleted, 314 kept)

 CPU time for CABS singles                        0.05 sec

 CABS-singles contribution of  -0.00135354 patched into reference energy.
 New reference energy        -115.10010618

 AO(A)-basis ORBITAL           loaded. Number of functions:     178
 RI(R)-basis CC-PVTZ-F12/OPTRI loaded. Number of functions:     314
 DF-basis AUG-CC-PVTZ/MP2FIT   loaded. Number of functions:     396

 Screening thresholds:   THRAO=  1.00D-10  THRMO=  1.00D-09  THRPROD=  1.00D-09
                         THRSW=  1.00D-05  THROV=  1.00D-12  THRAOF12= 1.00D-08

 CPU time for 3-index integral evaluation         3.84 sec
 CPU time for first  half transformation          0.27 sec ( 9144.6 MFLOP/sec)
 CPU time for second half transformation          0.02 sec ( 3108.5 MFLOP/sec)
 CPU time for fitting                             0.03 sec (37980.8 MFLOP/sec)
 CPU time for tilde quantities                    0.03 sec (50348.4 MFLOP/sec)
 CPU time for assembly                            0.25 sec (49414.4 MFLOP/sec)
 CPU time for tranop_f12                          0.33 sec (48061.3 MFLOP/sec)
 CPU time for f12 integrals (total)               5.28 sec, Elapsed time:      6.11 sec
 CPU time for f12 matrices (total)                0.13 sec, Elapsed time:      0.19 sec

 Diagonal F12 approximation with fixed coefficients:  TSING= 0.500,  TTRIP= 0.250 (scaled by -1/beta)

 DF-MP2-F12 energy corrections:
 ==============================
 Approx.                                    Singlet             Triplet             Total
 DF-MP2-F12/3*C(DX,FIX)                -0.038287824727     -0.004212732067     -0.042500556794
 DF-MP2-F12/3*C(FIX)                   -0.036088968052     -0.003930995030     -0.040019963082
 DF-MP2-F12/3C(FIX)                    -0.036031669634     -0.004065962044     -0.040097631677

 DF-MP2-F12 correlation energies:
 ================================
 Approx.                                    Singlet             Triplet             Ecorr            Total Energy
 DF-MP2                                -0.291095738055     -0.152364618862     -0.443460356917   -115.543566532089
 DF-MP2-F12/3*C(DX,FIX)                -0.329383562782     -0.156577350929     -0.485960913711   -115.586067088883
 DF-MP2-F12/3*C(FIX)                   -0.327184706107     -0.156295613892     -0.483480319999   -115.583586495171
 DF-MP2-F12/3C(FIX)                    -0.327127407689     -0.156430580905     -0.483557988594   -115.583664163767

 SCS-DF-MP2 energies (F_SING= 1.20000  F_TRIP= 0.62222  F_PARALLEL= 0.33333):
 ============================================================================
 SCS-DF-MP2                            -0.444119537403   -115.544225712575
 SCS-DF-MP2-F12/3*C(DX,FIX)            -0.492686182583   -115.592792357755
 SCS-DF-MP2-F12/3*C(FIX)               -0.489872251528   -115.589978426700
 SCS-DF-MP2-F12/3C(FIX)                -0.489887472901   -115.589993648074
 Symmetry transformation completed.

 Number of N-1 electron functions:               7
 Number of N-2 electron functions:              28
 Number of singly external CSFs:              1183
 Number of doubly external CSFs:            700336
 Total number of CSFs:                      701520

 Length of J-op  integral file:             105.23 MB
 Length of K-op  integral file:             138.67 MB
 Length of 3-ext integral record:             0.00 MB

 Memory could be reduced to 48.01 Mwords without degradation in triples

 Integral transformation finished. Total CPU:   3.72 sec, npass=  1  Memory used:  24.86 MW

 Reference energy:                   -115.10010618

 Adding F12 terms to K(Cij), methodcc=6,  factor= 1.0

 ITER.      SQ.NORM     CORR.ENERGY   TOTAL ENERGY   ENERGY CHANGE        DEN1      VAR(S)    VAR(P)  DIIS     TIME  TIME/IT
   1      1.11762304    -0.45285972  -115.55296590    -0.00933296     0.00166820  0.15D-02  0.19D-02  1  1    14.32     7.27
   2      1.12503275    -0.45322155  -115.55332772    -0.00036183    -0.00904629  0.24D-04  0.23D-03  2  2    17.70     7.36
   3      1.12776242    -0.45339900  -115.55350517    -0.00017745    -0.00186508  0.15D-04  0.13D-04  3  3    21.02     8.21
   4      1.12870979    -0.45341689  -115.55352306    -0.00001789    -0.00060018  0.86D-06  0.12D-05  4  4    24.38     8.88
   5      1.12886544    -0.45341844  -115.55352462    -0.00000156    -0.00003791  0.23D-06  0.10D-06  5  5    27.71     8.79
   6      1.12890807    -0.45341609  -115.55352226     0.00000236    -0.00000424  0.36D-07  0.96D-08  6  6    31.11     9.07
   7      1.12891923    -0.45341521  -115.55352139     0.00000088    -0.00000299  0.40D-08  0.14D-08  6  1    34.43     9.27
   8      1.12892103    -0.45341527  -115.55352145    -0.00000006     0.00000034  0.67D-09  0.20D-09  6  3    37.67     8.95

 Norm of t1 vector:      0.05001318      S-energy:     0.00000010      T1 diagnostic:  0.00945160
                                                                       D1 diagnostic:  0.02004926

 Adding energy correction from Wij-K(Fij), methodcc=6  factor= 1.0

  CCSD correlation energy              -0.453415272913
  MP2-F12 correction (uncoupled)       -0.038545844639
  C*T doubles correction               -0.001164979859
  f12b correction                       0.007098852744


 Total CPU time for triples:     39.46 sec


 RESULTS
 =======

  Reference energy                   -115.098752639897
  F12 singles correction               -0.001353535275

 F12 singles corrections added to reference energy

  New reference energy               -115.100106175172

  F12a singlet correction              -0.035792159345
  F12a triplet correction              -0.003918665153
  F12a total correction                -0.039710824498

 F12a corrections for ansatz F12/3C(FIX) added to CCSD energy

  CCSD-F12a singlet pair energy        -0.351209883590
  CCSD-F12a triplet pair energy        -0.141916316386
  CCSD-F12a correlation energy         -0.493126097411

  Triples (T) contribution             -0.016014532405
  Total correlation energy             -0.509140629816

  CCSD-F12a total energy             -115.593232272583
  CCSD[T]-F12a energy                -115.609799944421
  CCSD-T-F12a energy                 -115.609003066827
 !CCSD(T)-F12a total energy          -115.609246804989

 F12b corrections for ansatz F12/3C(FIX) added to CCSD(T)-F12a energy

  CCSD-F12b singlet pair energy        -0.344573124684
  CCSD-F12b triplet pair energy        -0.141454222549
  CCSD-F12b correlation energy         -0.486027244667

  Triples (T) contribution             -0.016014532405
  Total correlation energy             -0.502041777073

  CCSD-F12b total energy             -115.586133419840
  CCSD[T]-F12b energy                -115.602701091678
  CCSD-T-F12b energy                 -115.601904214084
 !CCSD(T)-F12b total energy          -115.602147952245

 Timing summary (sec):

 STEP                 CPU(USER)    SYS     CPU(TOT)    WALL
 Transformation          3.77      2.09      5.86     10.74
 CCSD iterations        26.65      9.96     36.61     71.82
 Triples                39.46      1.55     41.01     43.51
 MP2-F12                 7.27      0.82      8.09      8.30
 F12b energy             2.65      0.98      3.63      6.42

 Program statistics:

 Available memory in ccsd:               499999646
 Min. memory needed in ccsd:               2228017
 Max. memory used in ccsd:                 2807120
 Max. memory used in cckext:               2027429 ( 9 integral passes)



 **********************************************************************************************************************************
 DATASETS  * FILE   NREC   LENGTH (MB)   RECORD NAMES
              1      20      710.94       500      610      700      900      950      970     1000      129      960     1100   
                                          VAR    BASINP    GEOM    SYMINP    ZMAT    AOBASIS   BASIS     P2S    ABASIS      S 
                                         1400     1410     1200     1210     1080     1600     1650     1300     1700     1380   
                                           T        V       H0       H01     AOSYM     SMH    MOLCAS    ERIS     OPER     JKOP   

              2       7        4.13       700     1000      520     2100     7360     7350     7000   
                                         GEOM     BASIS   MCVARS     RHF    F12ABS    EF12   

 PROGRAMS   *        TOTAL   CCSD(T)   MP2-F12    HF-SCF       INT
 CPU TIMES  *       106.80     79.83      9.20      9.00      8.65
 REAL TIME  *       258.27 SEC
 DISK USED  *         2.15 GB
 **********************************************************************************************************************************
 SETTING XXX            =    "MMM"
 SETTING POINT          =       127.00000000                                  

 *** ### CH3OH


 XXX       RCO          ROH          RCH1         RCH2         RCH3           ACOH           AOCH1          AOCH2          AOCH3         AHH1           AHH2           AHH3            ENERGY        POINT
 "MMM"   1.42077677   0.96013932   1.09180692   1.08443516   1.09156755   108.12930637   111.59061441   107.20765833   111.70160447   66.43364279   185.00000000   303.56635721   -115.60924680   127.0000
                                                  

 CCSD(T)-F12/cc-pVTZ-F12 energy=   -115.602147952245

     CCSD(T)-F12         MP2-F12          HF-SCF
   -115.60214795   -115.58372917   -115.09875264
 **********************************************************************************************************************************
 Molpro calculation terminated
