
 Primary working directories    : /tmpdir/job/2955594.undefined/molpro.Ikp3r6DdTu
 Secondary working directories  : /tmpdir/job/2955594.undefined/molpro.Ikp3r6DdTu
 Wavefunction directory         : /home/zcaposm/wfu/
 Main file repository           : /tmpdir/job/2955594.undefined/molpro.Ikp3r6DdTu/

 id        : uclcc

 Nodes                         nprocs
 node-d00a-139.myriad.ucl.ac.uk    1

 Using customized tuning parameters: mindgm=1; mindgv=20; mindgc=4; mindgr=1; noblas=0; minvec=7
 default implementation of scratch files=df  


 Variables initialized (945), CPU time= 0.00 sec
 ***,Methanol Ground State Energy with CCSD(T)-F12 and cc-pVTZ-F12
 memory,500,m;
 
 geometry={angstrom
 c
 o , 1, rco
 h , 2, roh, 1, acoh
 h1, 1, rch1, 2, aoch1  3  ahh1
 h2, 1, rch2, 2, aoch2, 3, ahh2
 h3, 1, rch3, 2, aoch3, 3, ahh3
 }
 
                                                ! Specify the initial values of the internal coordinates (in Angstroms and degrees)
 
 rco= 1.42077677
 roh= 0.96013932
 rch1= 1.106717515605
 rch2= 1.08440070258
 rch3= 1.091717515605
 acoh= 108.12930637
 aoch1= 111.6522152299
 aoch2= 107.18733878260001
 aoch3= 111.6522152299
 ahh1=61.43364279
 ahh2=180.0
 ahh3=298.56635721
 
                                                                                 ! Use the cc-pVTZ-F12 basis set
 basis=cc-pVTZ-F12
 
 hf
 
                                                                                 ! Use explicitly correlated F12 methods
                                                                            ! First, MP2-F12 (useful for initial electronic energy)
 {mp2-f12}
 
                                                                        ! If desired, perform CCSD(T)-F12 for more accurate results
 {ccsd(t)-f12}
 
                                                                                 ! Output the energy
 xxx = "mmm"
 point = 30
 text ### CH3OH
 table,xxx,rco,roh,rch1,rch2,rch3,acoh,aoch1,aoch2,aoch3,ahh1,ahh2,ahh3,energy,point
 DIGITS, 0, 8, 8, 8, 8, 8, 8, 8, 8, 8,  8,  8,  8, 8, 4
 save,CH3OH_MEP_MP2_30.dat,new
 
 Commands  initialized (802), CPU time= 0.01 sec, 659 directives.
 Default parameters read. Elapsed time= 0.51 sec

 Checking input...
 Passed
1


                                         ***  PROGRAM SYSTEM MOLPRO  ***
                                       Copyright, TTI GmbH Stuttgart, 2015
                                    Version 2020.1 linked Oct  6 2020 12:04:11


 **********************************************************************************************************************************
 LABEL *   Methanol Ground State Energy with CCSD(T)-F12 and cc-pVTZ-F12                 
  64 bit serial version                                                                  DATE: 08-Oct-24          TIME: 17:11:43  
 **********************************************************************************************************************************

 SHA1:             8c27446f6450a7499e38f603e13c65f775101d37
 **********************************************************************************************************************************

 Memory per process:       500 MW
 Total memory per node:    500 MW

 GA preallocation disabled
 GA check disabled

 Variable memory set to 500.0 MW

 SETTING RCO            =         1.42077677                                  
 SETTING ROH            =         0.96013932                                  
 SETTING RCH1           =         1.10671752                                  
 SETTING RCH2           =         1.08440070                                  
 SETTING RCH3           =         1.09171752                                  
 SETTING ACOH           =       108.12930637                                  
 SETTING AOCH1          =       111.65221523                                  
 SETTING AOCH2          =       107.18733878                                  
 SETTING AOCH3          =       111.65221523                                  
 SETTING AHH1           =        61.43364279                                  
 SETTING AHH2           =       180.00000000                                  
 SETTING AHH3           =       298.56635721                                  
 SETTING BASIS          =    CC-PVTZ-F12


 Recomputing integrals since basis changed


 Using spherical harmonics

 Library entry C      S cc-pVTZ-F12          selected for orbital group  1
 Library entry C      P cc-pVTZ-F12          selected for orbital group  1
 Library entry C      D cc-pVTZ-F12          selected for orbital group  1
 Library entry C      F cc-pVTZ-F12          selected for orbital group  1
 Library entry O      S cc-pVTZ-F12          selected for orbital group  2
 Library entry O      P cc-pVTZ-F12          selected for orbital group  2
 Library entry O      D cc-pVTZ-F12          selected for orbital group  2
 Library entry O      F cc-pVTZ-F12          selected for orbital group  2
 Library entry H      S cc-pVTZ-F12          selected for orbital group  3
 Library entry H      P cc-pVTZ-F12          selected for orbital group  3
 Library entry H      D cc-pVTZ-F12          selected for orbital group  3


 PROGRAM * SEWARD (Integral evaluation for generally contracted gaussian basis sets)     Author: Roland Lindh, 1990

 Geometry written to block  1 of record 700

 Orientation using atomic masses  
 Molecule type: Asymmetric top
 Rotational constants:      23.9368770     24.7675181    127.8219899 GHz  (calculated with average atomic masses)

 Point group  C1  



 ATOMIC COORDINATES

 NR  ATOM    CHARGE       X              Y              Z

   1  C       6.00   -0.002627774    0.023849360   -1.376299149
   2  O       8.00    0.002854497   -0.121599615    1.304631599
   3  H       1.00   -0.026875849    1.569331357    1.961835682
   4  H1      1.00    1.686063592    1.024348872   -2.098273446
   5  H2      1.00    0.031198861   -1.897864026   -2.087057485
   6  H3      1.00   -1.704383518    0.950180794   -2.084889893

 Bond lengths in Bohr (Angstrom)

 1-2  2.684878979  1-4  2.091393002  1-5  2.049220337  1-6  2.063047110  2-3  1.814400356
     ( 1.420776770)     ( 1.106717516)     ( 1.084400703)     ( 1.091717516)     ( 0.960139320)

 Bond angles

  1-2-3  108.12930637   2-1-4  111.65221523   2-1-5  107.18733878   2-1-6  111.65221523

  4-1-5  108.39459424   4-1-6  109.43105099   5-1-6  108.39459424

 NUCLEAR CHARGE:                   18
 NUMBER OF PRIMITIVE AOS:         228
 NUMBER OF SYMMETRY AOS:          206
 NUMBER OF CONTRACTIONS:          178   (  178A   )
 NUMBER OF INNER CORE ORBITALS:     0   (    0A   )
 NUMBER OF OUTER CORE ORBITALS:     2   (    2A   )
 NUMBER OF VALENCE ORBITALS:       12   (   12A   )


 NUCLEAR REPULSION ENERGY   40.28995716

 Eigenvalues of metric

         1 0.890E-04 0.184E-03 0.311E-03 0.328E-03 0.460E-03 0.493E-03 0.560E-03 0.574E-03


 Contracted 2-electron integrals neglected if value below      1.0D-11
 AO integral compression algorithm  1   Integral accuracy      1.0D-11

     617.087 MB (compressed) written to integral file ( 51.8%)


 NUMBER OF SORTED TWO-ELECTRON INTEGRALS:  126906346.     BUFFER LENGTH:  32768
 NUMBER OF SEGMENTS:   8  SEGMENT LENGTH:   15999503      RECORD LENGTH: 524288

 Memory used in sort:      16.56 MW

 SORT1 READ   149034713. AND WROTE   124834783. INTEGRALS IN    360 RECORDS. CPU TIME:     2.39 SEC, REAL TIME:    28.77 SEC
 SORT2 READ   124834783. AND WROTE   126906346. INTEGRALS IN   2354 RECORDS. CPU TIME:     1.78 SEC, REAL TIME:    57.95 SEC

 FILE SIZES:   FILE 1:   648.3 MBYTE,  FILE 4:  1510.0 MBYTE,   TOTAL:   2158.3 MBYTE

 OPERATOR DM      FOR CENTER  0  COORDINATES:    0.000000    0.000000    0.000000


 **********************************************************************************************************************************
 DATASETS  * FILE   NREC   LENGTH (MB)   RECORD NAMES
              1      19      568.64       500      610      700      900      950      970     1000      129      960     1100   
                                          VAR    BASINP    GEOM    SYMINP    ZMAT    AOBASIS   BASIS     P2S    ABASIS      S 
                                         1400     1410     1200     1210     1080     1600     1650     1300     1700   
                                           T        V       H0       H01     AOSYM     SMH    MOLCAS    ERIS     OPER   

 PROGRAMS   *        TOTAL       INT
 CPU TIMES  *         9.01      8.81
 REAL TIME  *       104.42 SEC
 DISK USED  *         2.16 GB
 **********************************************************************************************************************************


 PROGRAM * RHF-SCF (CLOSED SHELL)       Authors: W. Meyer, H.-J. Werner


 NUMBER OF ELECTRONS:       9+    9-    SPACE SYMMETRY=1    SPIN SYMMETRY: Singlet 
 CONVERGENCE THRESHOLDS:    1.00E-05 (Density)    1.00E-07 (Energy)
 MAX. NUMBER OF ITERATIONS:       60
 INTERPOLATION TYPE:            DIIS
 INTERPOLATION STEPS:              2 (START)      1 (STEP)
 LEVEL SHIFTS:                  0.00 (CLOSED)  0.00 (OPEN) 



 Orbital guess generated from atomic densities. Full valence occupancy:   14

 Molecular orbital dump at record        2100.2

 Initial occupancy:   9

 ITERATION    DDIFF          GRAD             ENERGY        2-EL.EN.            DIPOLE MOMENTS         DIIS   ORB.
    1      0.000D+00      0.000D+00      -115.06202817    164.370599   -0.01455    0.90520   -0.47780    0    start
    2      0.000D+00      0.507D-02      -115.09039293    161.798483   -0.01282    0.49393   -0.30013    1    diag
    3      0.480D-02      0.278D-02      -115.09793333    163.059502   -0.01506    0.59712   -0.39394    2    diag
    4      0.164D-02      0.545D-03      -115.09846512    162.883073   -0.01556    0.59177   -0.38911    3    diag
    5      0.436D-03      0.110D-03      -115.09849950    162.895151   -0.01577    0.58765   -0.39378    4    diag
    6      0.121D-03      0.204D-04      -115.09850105    162.892582   -0.01583    0.58775   -0.39453    5    diag
    7      0.349D-04      0.427D-05      -115.09850112    162.892394   -0.01584    0.58756   -0.39478    6    diag
    8      0.877D-05      0.104D-05      -115.09850113    162.892631   -0.01584    0.58755   -0.39479    0    orth

 Final occupancy:   9

 !RHF STATE  1.1 Energy              -115.098501128273
 Nuclear energy                        40.28995716
 One-electron energy                 -236.83477369
 Two-electron energy                   81.44631541
 Virial quotient                       -1.00120332
 !RHF STATE  1.1 Dipole moment         -0.01584150     0.58755466    -0.39479427
 Dipole moment /Debye                  -0.04026245     1.49331717    -1.00340122

 Orbital energies:

         1.1          2.1          3.1          4.1          5.1          6.1          7.1          8.1          9.1         10.1
    -20.556698   -11.271676    -1.357161    -0.924889    -0.690376    -0.620030    -0.594669    -0.504015    -0.451556     0.054763

        11.1
      0.065014


 HOMO      9.1    -0.451556 =     -12.2875eV
 LUMO     10.1     0.054763 =       1.4902eV
 LUMO-HOMO         0.506319 =      13.7776eV


 **********************************************************************************************************************************
 DATASETS  * FILE   NREC   LENGTH (MB)   RECORD NAMES
              1      19      568.64       500      610      700      900      950      970     1000      129      960     1100   
                                          VAR    BASINP    GEOM    SYMINP    ZMAT    AOBASIS   BASIS     P2S    ABASIS      S 
                                         1400     1410     1200     1210     1080     1600     1650     1300     1700   
                                           T        V       H0       H01     AOSYM     SMH    MOLCAS    ERIS     OPER   

              2       4        3.48       700     1000      520     2100   
                                         GEOM     BASIS   MCVARS     RHF  

 PROGRAMS   *        TOTAL    HF-SCF       INT
 CPU TIMES  *        16.91      7.90      8.81
 REAL TIME  *       118.06 SEC
 DISK USED  *         2.16 GB
 **********************************************************************************************************************************


 PROGRAM * MP2 (Closed-shell)     Authors: C. Hampel, H.-J. Werner, 1991, M. Deegan, P.J. Knowles, 1992

                                   MP2-F12 implementation by H.-J. Werner, 2007

                   Density fitting integral evaluation by F.R. Manby, 2003,2007, G. Knizia, 2010


 Basis set AUG-CC-PVTZ/JKFIT generated.  Number of basis functions:   392 
 Basis set CC-PVTZ-F12/OPTRI generated.  Number of basis functions:   314 
 Basis set AUG-CC-PVTZ/MP2FIT generated. Number of basis functions:   396 

 Convergence thresholds:  THRVAR = 1.00D-08  THRDEN = 1.00D-06

 Number of core orbitals:           2 (   2 )
 Number of closed-shell orbitals:   7 (   7 )
 Number of external orbitals:     169 ( 169 )

 Molecular orbitals read from record     2100.2  Type=RHF/CANONICAL (state 1.1)

 MP2-F12 correlation treatment (H.-J. Werner, 2006)
 ==================================================

 Using MP2-F12 with ansatz 3C(FIX)

 Using projected zeroth-order Hamiltonian (+Z)

 FOCKRIB=T FOCKRIC=T FOCKRIP=T CABSP=T CABSA=T CABSK=T CABSF=T GBC=F EBC=F DMAT=T NOFIK=T NOPAO=1 SOLVE=-1  USEPAO=0
 EXCH_A= T EXCH_B= F EXCH_C= F EXCH_P= F

 Geminal basis:    OPTFULL  GEM_TYPE=SLATER  BETA=1.0  NGEM=6

 Optimizing Gaussian exponents for each gem_beta

 Geminal optimization for beta= 1.0000
 Weight function:   m=0, omega= 1.4646

 Augmented Hessian optimization of geminal fit. Trust ratio= 0.40000
 Convergence reached after   2 iterations. Final gradient= 8.66D-16, Step= 4.23D-06, Delta= 1.28D-09

 Alpha:                 0.19532     0.81920     2.85917     9.50073    35.69989   197.79328
 Coeff:                 0.27070     0.30552     0.18297     0.10986     0.06810     0.04224


 All pairs explicitly correlated. Number of r12-pairs:           28

 Excluding core orbitals from MO domains

 AO(A)-basis ORBITAL           loaded. Number of functions:     178
 RI(R)-basis CC-PVTZ-F12/OPTRI loaded. Number of functions:     314
 DF-basis AUG-CC-PVTZ/JKFIT    loaded. Number of functions:     392

 Screening thresholds:   THRAO=  1.00D-10  THRMO=  1.00D-09  THRPROD=  1.00D-09
                         THRSW=  1.00D-05  THROV=  1.00D-12  THRAOF12= 1.00D-08

 CPU time for Fock operators                      1.54 sec

 Construction of ABS:
 Smallest eigenvalue of S          4.44E-04  (threshold= 1.00E-08)
 Ratio eigmin/eigmax               5.68E-05  (threshold= 1.00E-09)
 Smallest eigenvalue of S kept     4.44E-04  (threshold= 4.44E-04, 0 functions deleted, 314 kept)

 Construction of CABS:
 Smallest eigenvalue of S          7.46E-07  (threshold= 1.00E-08)
 Ratio eigmin/eigmax               7.46E-07  (threshold= 1.00E-09)
 Smallest eigenvalue of S kept     7.46E-07  (threshold= 7.46E-07, 0 functions deleted, 314 kept)

 CPU time for CABS singles                        0.04 sec

 CABS-singles contribution of  -0.00134912 patched into reference energy.
 New reference energy        -115.09985025

 AO(A)-basis ORBITAL           loaded. Number of functions:     178
 RI(R)-basis CC-PVTZ-F12/OPTRI loaded. Number of functions:     314
 DF-basis AUG-CC-PVTZ/MP2FIT   loaded. Number of functions:     396

 Screening thresholds:   THRAO=  1.00D-10  THRMO=  1.00D-09  THRPROD=  1.00D-09
                         THRSW=  1.00D-05  THROV=  1.00D-12  THRAOF12= 1.00D-08

 CPU time for 3-index integral evaluation         3.31 sec
 CPU time for first  half transformation          0.39 sec ( 6330.9 MFLOP/sec)
 CPU time for second half transformation          0.01 sec ( 6217.0 MFLOP/sec)
 CPU time for fitting                             0.05 sec (22788.5 MFLOP/sec)
 CPU time for tilde quantities                    0.02 sec (75522.6 MFLOP/sec)
 CPU time for assembly                            0.21 sec (58826.6 MFLOP/sec)
 CPU time for tranop_f12                          0.27 sec (58741.6 MFLOP/sec)
 CPU time for f12 integrals (total)               4.69 sec, Elapsed time:      5.75 sec
 CPU time for f12 matrices (total)                0.11 sec, Elapsed time:      0.17 sec

 Diagonal F12 approximation with fixed coefficients:  TSING= 0.500,  TTRIP= 0.250 (scaled by -1/beta)

 DF-MP2-F12 energy corrections:
 ==============================
 Approx.                                    Singlet             Triplet             Total
 DF-MP2-F12/3*C(DX,FIX)                -0.038257447728     -0.004208810640     -0.042466258368
 DF-MP2-F12/3*C(FIX)                   -0.036065248687     -0.003927893074     -0.039993141760
 DF-MP2-F12/3C(FIX)                    -0.036008407897     -0.004063049047     -0.040071456943

 DF-MP2-F12 correlation energies:
 ================================
 Approx.                                    Singlet             Triplet             Ecorr            Total Energy
 DF-MP2                                -0.291223936600     -0.152371155736     -0.443595092336   -115.543445337829
 DF-MP2-F12/3*C(DX,FIX)                -0.329481384328     -0.156579966376     -0.486061350704   -115.585911596197
 DF-MP2-F12/3*C(FIX)                   -0.327289185287     -0.156299048810     -0.483588234097   -115.583438479590
 DF-MP2-F12/3C(FIX)                    -0.327232344497     -0.156434204783     -0.483666549280   -115.583516794773

 SCS-DF-MP2 energies (F_SING= 1.20000  F_TRIP= 0.62222  F_PARALLEL= 0.33333):
 ============================================================================
 SCS-DF-MP2                            -0.444277443045   -115.544127688538
 SCS-DF-MP2-F12/3*C(DX,FIX)            -0.492805195828   -115.592655441321
 SCS-DF-MP2-F12/3*C(FIX)               -0.489999763826   -115.589850009319
 SCS-DF-MP2-F12/3C(FIX)                -0.490015651928   -115.589865897421
 Symmetry transformation completed.

 Number of N-1 electron functions:               7
 Number of N-2 electron functions:              28
 Number of singly external CSFs:              1183
 Number of doubly external CSFs:            700336
 Total number of CSFs:                      701520

 Length of J-op  integral file:             104.98 MB
 Length of K-op  integral file:             138.67 MB

 Integral transformation finished. Total CPU:   1.32 sec, npass=  1  Memory used:   2.18 MW

 ITER.      SQ.NORM     CORR.ENERGY   TOTAL ENERGY   ENERGY CHANGE     VAR   MIC
   1      1.00000000    -0.44366165  -115.54351190    -0.44366165  0.00D+00   0
   2      1.11500140    -0.44366165  -115.54351190     0.00000000 -0.42D-14   0

 Solving MP2-F12 equations

   1      1.11496490    -0.48297485  -115.58282510    -0.03931320 -0.37D-04   0
   2      1.11496490    -0.48373169  -115.58358194    -0.00075684 -0.10D-17   0
   3      1.11496490    -0.48373169  -115.58358194     0.00000000  0.73D-19   0

 CPU TIME FOR ITERATIVE MP2:    0.11 SEC


 MP2-F12 energy corrections:
 ===========================
 Approx.                                    Singlet             Triplet             Total
 MP2-F12/3*C(DX,FIX)                   -0.038257447728     -0.004208810640     -0.042466258368
 MP2-F12/3*C(FIX)                      -0.036065248687     -0.003927893074     -0.039993141760
 MP2-F12/3C(FIX)                       -0.036005707723     -0.004064335612     -0.040070043335

 MP2-F12 correlation energies:
 =============================
 Approx.                                    Singlet             Triplet             Ecorr            Total Energy
 MP2                                   -0.291407408922     -0.152254242350     -0.443661651272   -115.543511896765
 MP2-F12/3*C(DX,FIX)                   -0.329664856649     -0.156463052991     -0.486127909640   -115.585978155133
 MP2-F12/3*C(FIX)                      -0.327472657608     -0.156182135424     -0.483654793033   -115.583505038526
 MP2-F12/3C(FIX)                       -0.327413116645     -0.156318577962     -0.483731694607   -115.583581940100

 SCS-MP2 energies (F_SING= 1.20000  F_TRIP= 0.62222  F_PARALLEL= 0.33333):
 =========================================================================
 SCS-MP2                               -0.444424863724   -115.544275109217
 SCS-MP2-F12/3*C(DX,FIX)               -0.492952616507   -115.592802862000
 SCS-MP2-F12/3*C(FIX)                  -0.490147184505   -115.589997429998
 SCS-MP2-F12/3C(FIX)                   -0.490160632928   -115.590010878421


  Reference energy                   -115.098501128273
  F12 singles correction               -0.001349117220

 F12 singles corrections added to reference energy

  New reference energy               -115.099850245493

  F12/3C(F) singlet correction         -0.036005707723
  F12/3C(F) triplet correction         -0.004064335612
  F12/3C(F) total correction           -0.040070043335
  MP2-F12/3C(F) singlet pair energy    -0.327413116645
  MP2-F12/3C(F) triplet pair energy    -0.156318577962
  MP2-F12/3C(F) correlation energy     -0.483731694607

 !MP2-F12/3C(F) total energy         -115.583581940100


 **********************************************************************************************************************************
 DATASETS  * FILE   NREC   LENGTH (MB)   RECORD NAMES
              1      20      579.82       500      610      700      900      950      970     1000      129      960     1100   
                                          VAR    BASINP    GEOM    SYMINP    ZMAT    AOBASIS   BASIS     P2S    ABASIS      S 
                                         1400     1410     1200     1210     1080     1600     1650     1300     1700     1380   
                                           T        V       H0       H01     AOSYM     SMH    MOLCAS    ERIS     OPER     JKOP   

              2       7        4.13       700     1000      520     2100     7360     7350     7000   
                                         GEOM     BASIS   MCVARS     RHF    F12ABS    EF12   

 PROGRAMS   *        TOTAL   MP2-F12    HF-SCF       INT
 CPU TIMES  *        24.95      8.04      7.90      8.81
 REAL TIME  *       129.44 SEC
 DISK USED  *         2.16 GB
 **********************************************************************************************************************************


 PROGRAM * CCSD (Closed-shell coupled cluster)     Authors: C. Hampel, H.-J. Werner, 1991, M. Deegan, P.J. Knowles, 1992

                                  CCSD-F12 implementation by  H.-J. Werner, 2007

                   Density fitting integral evaluation by F.R. Manby, 2003,2007, G. Knizia, 2010



 Convergence thresholds:  THRVAR = 1.00D-08  THRDEN = 1.00D-06

 CCSD(T)     terms to be evaluated (factor= 1.000)


 Number of core orbitals:           2 (   2 )
 Number of closed-shell orbitals:   7 (   7 )
 Number of external orbitals:     169 ( 169 )

 Molecular orbitals read from record     2100.2  Type=RHF/CANONICAL (state 1.1)

 MP2-F12 correlation treatment (H.-J. Werner, 2006)
 ==================================================

 Using MP2-F12 with ansatz 3C(FIX)

 Using projected zeroth-order Hamiltonian (+Z)

 FOCKRIB=T FOCKRIC=T FOCKRIP=T CABSP=T CABSA=T CABSK=T CABSF=T GBC=F EBC=F DMAT=T NOFIK=T NOPAO=1 SOLVE=-1  USEPAO=0
 EXCH_A= T EXCH_B= F EXCH_C= F EXCH_P= F

 Geminal basis:    OPTFULL  GEM_TYPE=SLATER  BETA=1.0  NGEM=6

 Optimizing Gaussian exponents for each gem_beta

 Geminal optimization for beta= 1.0000
 Weight function:   m=0, omega= 1.4646

 Augmented Hessian optimization of geminal fit. Trust ratio= 0.40000
 Convergence reached after   2 iterations. Final gradient= 8.66D-16, Step= 4.23D-06, Delta= 1.28D-09

 Alpha:                 0.19532     0.81920     2.85917     9.50073    35.69989   197.79328
 Coeff:                 0.27070     0.30552     0.18297     0.10986     0.06810     0.04224


 All pairs explicitly correlated. Number of r12-pairs:           28

 Excluding core orbitals from MO domains

 AO(A)-basis ORBITAL           loaded. Number of functions:     178
 RI(R)-basis CC-PVTZ-F12/OPTRI loaded. Number of functions:     314
 DF-basis AUG-CC-PVTZ/JKFIT    loaded. Number of functions:     392

 Screening thresholds:   THRAO=  1.00D-10  THRMO=  1.00D-09  THRPROD=  1.00D-09
                         THRSW=  1.00D-05  THROV=  1.00D-12  THRAOF12= 1.00D-08

 CPU time for Fock operators                      1.50 sec

 Construction of ABS:
 Smallest eigenvalue of S          4.44E-04  (threshold= 1.00E-08)
 Ratio eigmin/eigmax               5.68E-05  (threshold= 1.00E-09)
 Smallest eigenvalue of S kept     4.44E-04  (threshold= 4.44E-04, 0 functions deleted, 314 kept)

 Construction of CABS:
 Smallest eigenvalue of S          7.46E-07  (threshold= 1.00E-08)
 Ratio eigmin/eigmax               7.46E-07  (threshold= 1.00E-09)
 Smallest eigenvalue of S kept     7.46E-07  (threshold= 7.46E-07, 0 functions deleted, 314 kept)

 CPU time for CABS singles                        0.04 sec

 CABS-singles contribution of  -0.00134912 patched into reference energy.
 New reference energy        -115.09985025

 AO(A)-basis ORBITAL           loaded. Number of functions:     178
 RI(R)-basis CC-PVTZ-F12/OPTRI loaded. Number of functions:     314
 DF-basis AUG-CC-PVTZ/MP2FIT   loaded. Number of functions:     396

 Screening thresholds:   THRAO=  1.00D-10  THRMO=  1.00D-09  THRPROD=  1.00D-09
                         THRSW=  1.00D-05  THROV=  1.00D-12  THRAOF12= 1.00D-08

 CPU time for 3-index integral evaluation         3.29 sec
 CPU time for first  half transformation          0.39 sec ( 6330.9 MFLOP/sec)
 CPU time for second half transformation          0.02 sec ( 3108.5 MFLOP/sec)
 CPU time for sorting                             0.01 sec
 CPU time for fitting                             0.02 sec (56971.3 MFLOP/sec)
 CPU time for tilde quantities                    0.04 sec (37761.3 MFLOP/sec)
 CPU time for assembly                            0.19 sec (65018.9 MFLOP/sec)
 CPU time for tranop_f12                          0.26 sec (61000.9 MFLOP/sec)
 CPU time for f12 integrals (total)               4.64 sec, Elapsed time:      5.05 sec
 CPU time for f12 matrices (total)                0.10 sec, Elapsed time:      0.14 sec

 Diagonal F12 approximation with fixed coefficients:  TSING= 0.500,  TTRIP= 0.250 (scaled by -1/beta)

 DF-MP2-F12 energy corrections:
 ==============================
 Approx.                                    Singlet             Triplet             Total
 DF-MP2-F12/3*C(DX,FIX)                -0.038257447728     -0.004208810640     -0.042466258368
 DF-MP2-F12/3*C(FIX)                   -0.036065248687     -0.003927893074     -0.039993141760
 DF-MP2-F12/3C(FIX)                    -0.036008407897     -0.004063049047     -0.040071456943

 DF-MP2-F12 correlation energies:
 ================================
 Approx.                                    Singlet             Triplet             Ecorr            Total Energy
 DF-MP2                                -0.291223936600     -0.152371155736     -0.443595092336   -115.543445337829
 DF-MP2-F12/3*C(DX,FIX)                -0.329481384328     -0.156579966376     -0.486061350704   -115.585911596197
 DF-MP2-F12/3*C(FIX)                   -0.327289185287     -0.156299048810     -0.483588234097   -115.583438479590
 DF-MP2-F12/3C(FIX)                    -0.327232344497     -0.156434204783     -0.483666549280   -115.583516794773

 SCS-DF-MP2 energies (F_SING= 1.20000  F_TRIP= 0.62222  F_PARALLEL= 0.33333):
 ============================================================================
 SCS-DF-MP2                            -0.444277443045   -115.544127688538
 SCS-DF-MP2-F12/3*C(DX,FIX)            -0.492805195828   -115.592655441321
 SCS-DF-MP2-F12/3*C(FIX)               -0.489999763826   -115.589850009319
 SCS-DF-MP2-F12/3C(FIX)                -0.490015651928   -115.589865897421
 Symmetry transformation completed.

 Number of N-1 electron functions:               7
 Number of N-2 electron functions:              28
 Number of singly external CSFs:              1183
 Number of doubly external CSFs:            700336
 Total number of CSFs:                      701520

 Length of J-op  integral file:             105.23 MB
 Length of K-op  integral file:             138.67 MB
 Length of 3-ext integral record:             0.00 MB

 Memory could be reduced to 48.01 Mwords without degradation in triples

 Integral transformation finished. Total CPU:   3.16 sec, npass=  1  Memory used:  24.86 MW

 Reference energy:                   -115.09985025

 Adding F12 terms to K(Cij), methodcc=6,  factor= 1.0

 ITER.      SQ.NORM     CORR.ENERGY   TOTAL ENERGY   ENERGY CHANGE        DEN1      VAR(S)    VAR(P)  DIIS     TIME  TIME/IT
   1      1.11793164    -0.45301530  -115.55286555    -0.00935365     0.00169027  0.15D-02  0.19D-02  1  1    12.41     5.13
   2      1.12539315    -0.45338559  -115.55323584    -0.00037029    -0.00907896  0.24D-04  0.23D-03  2  2    15.27     4.63
   3      1.12815398    -0.45356542  -115.55341567    -0.00017983    -0.00187984  0.15D-04  0.14D-04  3  3    18.07     6.28
   4      1.12911269    -0.45358322  -115.55343346    -0.00001780    -0.00060587  0.86D-06  0.12D-05  4  4    20.89     5.69
   5      1.12926966    -0.45358488  -115.55343512    -0.00000166    -0.00003838  0.23D-06  0.10D-06  5  5    23.70     5.28
   6      1.12931259    -0.45358254  -115.55343279     0.00000234    -0.00000426  0.36D-07  0.97D-08  6  6    26.53     5.27
   7      1.12932373    -0.45358166  -115.55343190     0.00000088    -0.00000301  0.40D-08  0.14D-08  6  1    29.35     5.00
   8      1.12932552    -0.45358172  -115.55343196    -0.00000006     0.00000034  0.68D-09  0.20D-09  6  3    32.15     4.91

 Norm of t1 vector:      0.05015030      S-energy:     0.00000003      T1 diagnostic:  0.00947752
                                                                       D1 diagnostic:  0.02010750

 Adding energy correction from Wij-K(Fij), methodcc=6  factor= 1.0

  CCSD correlation energy              -0.453581719383
  MP2-F12 correction (uncoupled)       -0.038518160544
  C*T doubles correction               -0.001165677656
  f12b correction                       0.007098589281


 Total CPU time for triples:     34.95 sec


 RESULTS
 =======

  Reference energy                   -115.098501128273
  F12 singles correction               -0.001349117220

 F12 singles corrections added to reference energy

  New reference energy               -115.099850245493

  F12a singlet correction              -0.035768237888
  F12a triplet correction              -0.003915600312
  F12a total correction                -0.039683838200

 F12a corrections for ansatz F12/3C(FIX) added to CCSD energy

  CCSD-F12a singlet pair energy        -0.351388297505
  CCSD-F12a triplet pair energy        -0.141877287291
  CCSD-F12a correlation energy         -0.493265557583

  Triples (T) contribution             -0.016051304024
  Total correlation energy             -0.509316861607

  CCSD-F12a total energy             -115.593115803076
  CCSD[T]-F12a energy                -115.609723885036
  CCSD-T-F12a energy                 -115.608921710407
 !CCSD(T)-F12a total energy          -115.609167107101

 F12b corrections for ansatz F12/3C(FIX) added to CCSD(T)-F12a energy

  CCSD-F12b singlet pair energy        -0.344751390098
  CCSD-F12b triplet pair energy        -0.141415605416
  CCSD-F12b correlation energy         -0.486166968302

  Triples (T) contribution             -0.016051304024
  Total correlation energy             -0.502218272326

  CCSD-F12b total energy             -115.586017213795
  CCSD[T]-F12b energy                -115.602625295755
  CCSD-T-F12b energy                 -115.601823121126
 !CCSD(T)-F12b total energy          -115.602068517820

 Timing summary (sec):

 STEP                 CPU(USER)    SYS     CPU(TOT)    WALL
 Transformation          3.21      1.10      4.31      7.93
 CCSD iterations        22.59     11.17     33.76     39.83
 Triples                34.95      0.98     35.93     36.41
 MP2-F12                 6.37      0.47      6.84      6.95
 F12b energy             2.26      0.21      2.47      2.72

 Program statistics:

 Available memory in ccsd:               499999646
 Min. memory needed in ccsd:               2228017
 Max. memory used in ccsd:                 2807120
 Max. memory used in cckext:               2027429 ( 9 integral passes)



 **********************************************************************************************************************************
 DATASETS  * FILE   NREC   LENGTH (MB)   RECORD NAMES
              1      20      715.77       500      610      700      900      950      970     1000      129      960     1100   
                                          VAR    BASINP    GEOM    SYMINP    ZMAT    AOBASIS   BASIS     P2S    ABASIS      S 
                                         1400     1410     1200     1210     1080     1600     1650     1300     1700     1380   
                                           T        V       H0       H01     AOSYM     SMH    MOLCAS    ERIS     OPER     JKOP   

              2       7        4.13       700     1000      520     2100     7360     7350     7000   
                                         GEOM     BASIS   MCVARS     RHF    F12ABS    EF12   

 PROGRAMS   *        TOTAL   CCSD(T)   MP2-F12    HF-SCF       INT
 CPU TIMES  *        94.37     69.42      8.04      7.90      8.81
 REAL TIME  *       223.52 SEC
 DISK USED  *         2.16 GB
 **********************************************************************************************************************************
 SETTING XXX            =    "MMM"
 SETTING POINT          =        30.00000000                                  

 *** ### CH3OH


 XXX       RCO          ROH          RCH1         RCH2         RCH3           ACOH           AOCH1          AOCH2          AOCH3         AHH1           AHH2           AHH3            ENERGY       POINT
 "MMM"   1.42077677   0.96013932   1.10671752   1.08440070   1.09171752   108.12930637   111.65221523   107.18733878   111.65221523   61.43364279   180.00000000   298.56635721   -115.60916711   30.0000
                                                  

 CCSD(T)-F12/cc-pVTZ-F12 energy=   -115.602068517820

     CCSD(T)-F12         MP2-F12          HF-SCF
   -115.60206852   -115.58358194   -115.09850113
 **********************************************************************************************************************************
 Molpro calculation terminated
