
 Primary working directories    : /tmpdir/job/2955564.undefined/molpro.hSK2d16Jnj
 Secondary working directories  : /tmpdir/job/2955564.undefined/molpro.hSK2d16Jnj
 Wavefunction directory         : /home/zcaposm/wfu/
 Main file repository           : /tmpdir/job/2955564.undefined/molpro.hSK2d16Jnj/

 id        : uclcc

 Nodes                         nprocs
 node-d00a-158.myriad.ucl.ac.uk    1

 Using customized tuning parameters: mindgm=1; mindgv=20; mindgc=4; mindgr=1; noblas=0; minvec=7
 default implementation of scratch files=df  


 Variables initialized (945), CPU time= 0.00 sec
 ***,Methanol Ground State Energy with CCSD(T)-F12 and cc-pVTZ-F12
 memory,500,m;
 
 geometry={angstrom
 c
 o , 1, rco
 h , 2, roh, 1, acoh
 h1, 1, rch1, 2, aoch1  3  ahh1
 h2, 1, rch2, 2, aoch2, 3, ahh2
 h3, 1, rch3, 2, aoch3, 3, ahh3
 }
 
                                                ! Specify the initial values of the internal coordinates (in Angstroms and degrees)
 
 rco= 1.42577677
 roh= 0.96013932
 rch1= 1.091717515605
 rch2= 1.08440070258
 rch3= 1.091717515605
 acoh= 108.12930637
 aoch1= 111.6522152299
 aoch2= 107.18733878260001
 aoch3= 111.6522152299
 ahh1=61.43364279
 ahh2=180.0
 ahh3=298.56635721
 
                                                                                 ! Use the cc-pVTZ-F12 basis set
 basis=cc-pVTZ-F12
 
 hf
 
                                                                                 ! Use explicitly correlated F12 methods
                                                                            ! First, MP2-F12 (useful for initial electronic energy)
 {mp2-f12}
 
                                                                        ! If desired, perform CCSD(T)-F12 for more accurate results
 {ccsd(t)-f12}
 
                                                                                 ! Output the energy
 xxx = "mmm"
 point = 2
 text ### CH3OH
 table,xxx,rco,roh,rch1,rch2,rch3,acoh,aoch1,aoch2,aoch3,ahh1,ahh2,ahh3,energy,point
 DIGITS, 0, 8, 8, 8, 8, 8, 8, 8, 8, 8,  8,  8,  8, 8, 4
 save,CH3OH_MEP_MP2_2.dat,new
 
 Commands  initialized (802), CPU time= 0.01 sec, 659 directives.
 Default parameters read. Elapsed time= 0.07 sec

 Checking input...
 Passed
1


                                         ***  PROGRAM SYSTEM MOLPRO  ***
                                       Copyright, TTI GmbH Stuttgart, 2015
                                    Version 2020.1 linked Oct  6 2020 12:04:11


 **********************************************************************************************************************************
 LABEL *   Methanol Ground State Energy with CCSD(T)-F12 and cc-pVTZ-F12                 
  64 bit serial version                                                                  DATE: 08-Oct-24          TIME: 17:11:31  
 **********************************************************************************************************************************

 SHA1:             8c27446f6450a7499e38f603e13c65f775101d37
 **********************************************************************************************************************************

 Memory per process:       500 MW
 Total memory per node:    500 MW

 GA preallocation disabled
 GA check disabled

 Variable memory set to 500.0 MW

 SETTING RCO            =         1.42577677                                  
 SETTING ROH            =         0.96013932                                  
 SETTING RCH1           =         1.09171752                                  
 SETTING RCH2           =         1.08440070                                  
 SETTING RCH3           =         1.09171752                                  
 SETTING ACOH           =       108.12930637                                  
 SETTING AOCH1          =       111.65221523                                  
 SETTING AOCH2          =       107.18733878                                  
 SETTING AOCH3          =       111.65221523                                  
 SETTING AHH1           =        61.43364279                                  
 SETTING AHH2           =       180.00000000                                  
 SETTING AHH3           =       298.56635721                                  
 SETTING BASIS          =    CC-PVTZ-F12


 Recomputing integrals since basis changed


 Using spherical harmonics

 Library entry C      S cc-pVTZ-F12          selected for orbital group  1
 Library entry C      P cc-pVTZ-F12          selected for orbital group  1
 Library entry C      D cc-pVTZ-F12          selected for orbital group  1
 Library entry C      F cc-pVTZ-F12          selected for orbital group  1
 Library entry O      S cc-pVTZ-F12          selected for orbital group  2
 Library entry O      P cc-pVTZ-F12          selected for orbital group  2
 Library entry O      D cc-pVTZ-F12          selected for orbital group  2
 Library entry O      F cc-pVTZ-F12          selected for orbital group  2
 Library entry H      S cc-pVTZ-F12          selected for orbital group  3
 Library entry H      P cc-pVTZ-F12          selected for orbital group  3
 Library entry H      D cc-pVTZ-F12          selected for orbital group  3


 PROGRAM * SEWARD (Integral evaluation for generally contracted gaussian basis sets)     Author: Roland Lindh, 1990

 Geometry written to block  1 of record 700

 Orientation using atomic masses  
 Molecule type: Asymmetric top
 Symmetry elements: X
 Rotational constants:      23.8218856     24.6617907    128.7779849 GHz  (calculated with average atomic masses)

 Point group  Cs  



 ATOMIC COORDINATES

 NR  ATOM    CHARGE       X              Y              Z

   1  C       6.00    0.000000000    0.025100623   -1.381606129
   2  O       8.00    0.000000000   -0.121952963    1.308705473
   3  H       1.00    0.000000000    1.568990556    1.966549427
   4  H1      1.00    1.684053272    0.982173065   -2.091634505
   5  H3      1.00   -1.684053272    0.982173065   -2.091634505
   6  H2      1.00    0.000000000   -1.896641385   -2.093091649

 Bond lengths in Bohr (Angstrom)

 1-2  2.694327610  1-4  2.063047110  1-5  2.063047110  1-6  2.049220337  2-3  1.814400356
     ( 1.425776770)     ( 1.091717516)     ( 1.091717516)     ( 1.084400703)     ( 0.960139320)

 Bond angles

  1-2-3  108.12930637   2-1-4  111.65221523   2-1-5  111.65221523   2-1-6  107.18733878

  4-1-5  109.43105099   4-1-6  108.39459424   5-1-6  108.39459424

 NUCLEAR CHARGE:                   18
 NUMBER OF PRIMITIVE AOS:         228
 NUMBER OF SYMMETRY AOS:          206
 NUMBER OF CONTRACTIONS:          178   (  114A'  +   64A"  )
 NUMBER OF INNER CORE ORBITALS:     0   (    0A'  +    0A"  )
 NUMBER OF OUTER CORE ORBITALS:     2   (    2A'  +    0A"  )
 NUMBER OF VALENCE ORBITALS:       12   (    9A'  +    3A"  )


 NUCLEAR REPULSION ENERGY   40.26512458

 Eigenvalues of metric

         1 0.882E-04 0.184E-03 0.309E-03 0.461E-03 0.494E-03 0.560E-03 0.618E-03 0.622E-03
         2 0.323E-03 0.570E-03 0.687E-03 0.178E-02 0.339E-02 0.498E-02 0.644E-02 0.871E-02


 Contracted 2-electron integrals neglected if value below      1.0D-11
 AO integral compression algorithm  1   Integral accuracy      1.0D-11

     331.350 MB (compressed) written to integral file ( 53.5%)


 NUMBER OF SORTED TWO-ELECTRON INTEGRALS:   64554730.     BUFFER LENGTH:  32768
 NUMBER OF SEGMENTS:   5  SEGMENT LENGTH:   15997996      RECORD LENGTH: 524288

 Memory used in sort:      16.56 MW

 SORT1 READ    77497885. AND WROTE    63553716. INTEGRALS IN    184 RECORDS. CPU TIME:     1.88 SEC, REAL TIME:    36.98 SEC
 SORT2 READ    63553716. AND WROTE    64554730. INTEGRALS IN   1264 RECORDS. CPU TIME:     1.26 SEC, REAL TIME:    56.26 SEC

 FILE SIZES:   FILE 1:   362.2 MBYTE,  FILE 4:   771.8 MBYTE,   TOTAL:   1134.0 MBYTE

 OPERATOR DM      FOR CENTER  0  COORDINATES:    0.000000    0.000000    0.000000


 **********************************************************************************************************************************
 DATASETS  * FILE   NREC   LENGTH (MB)   RECORD NAMES
              1      19      311.74       500      610      700      900      950      970     1000      129      960     1100   
                                          VAR    BASINP    GEOM    SYMINP    ZMAT    AOBASIS   BASIS     P2S    ABASIS      S 
                                         1400     1410     1200     1210     1080     1600     1650     1300     1700   
                                           T        V       H0       H01     AOSYM     SMH    MOLCAS    ERIS     OPER   

 PROGRAMS   *        TOTAL       INT
 CPU TIMES  *         6.72      6.62
 REAL TIME  *       142.30 SEC
 DISK USED  *         1.13 GB
 **********************************************************************************************************************************


 PROGRAM * RHF-SCF (CLOSED SHELL)       Authors: W. Meyer, H.-J. Werner


 NUMBER OF ELECTRONS:       9+    9-
 CONVERGENCE THRESHOLDS:    1.00E-05 (Density)    1.00E-07 (Energy)
 MAX. NUMBER OF ITERATIONS:       60
 INTERPOLATION TYPE:            DIIS
 INTERPOLATION STEPS:              2 (START)      1 (STEP)
 LEVEL SHIFTS:                  0.00 (CLOSED)  0.00 (OPEN) 



 Orbital guess generated from atomic densities. Full valence occupancy:   11   3

 Molecular orbital dump at record        2100.2

 Initial occupancy:   7   2

 ITERATION    DDIFF          GRAD             ENERGY        2-EL.EN.            DIPOLE MOMENTS         DIIS   ORB.
    1      0.000D+00      0.000D+00      -115.06219648    164.328505    0.00000    0.90425   -0.48794    0    start
    2      0.000D+00      0.668D-02      -115.09051845    161.753561    0.00000    0.49637   -0.31060    1    diag
    3      0.653D-02      0.367D-02      -115.09805617    163.015829    0.00000    0.59985   -0.40473    2    diag
    4      0.223D-02      0.721D-03      -115.09858888    162.839661    0.00000    0.59480   -0.39997    3    diag
    5      0.593D-03      0.145D-03      -115.09862333    162.851126    0.00000    0.59084   -0.40476    4    diag
    6      0.165D-03      0.270D-04      -115.09862489    162.848850    0.00000    0.59098   -0.40554    5    diag
    7      0.474D-04      0.570D-05      -115.09862496    162.848490    0.00000    0.59080   -0.40581    6    diag
    8      0.118D-04      0.148D-05      -115.09862496    162.848830    0.00000    0.59078   -0.40584    7    diag
    9      0.232D-05      0.466D-06      -115.09862496    162.848666    0.00000    0.59077   -0.40584    0    orth

 Final occupancy:   7   2

 !RHF STATE  1.1 Energy              -115.098624963708
 Nuclear energy                        40.26512458
 One-electron energy                 -236.78808272
 Two-electron energy                   81.42433318
 Virial quotient                       -1.00110539
 !RHF STATE  1.1 Dipole moment          0.00000000     0.59076846    -0.40584381
 Dipole moment /Debye                   0.00000000     1.50148530    -1.03148452

 Orbital energies:

         1.1          2.1          3.1          4.1          5.1          6.1          7.1          8.1          9.1
    -20.556371   -11.270323    -1.355146    -0.926609    -0.689726    -0.593310    -0.504803     0.054663     0.064939

         1.2          2.2          3.2          4.2
     -0.620787    -0.452634     0.073797     0.181588


 HOMO      2.2    -0.452634 =     -12.3168eV
 LUMO      8.1     0.054663 =       1.4874eV
 LUMO-HOMO         0.507296 =      13.8042eV


 **********************************************************************************************************************************
 DATASETS  * FILE   NREC   LENGTH (MB)   RECORD NAMES
              1      19      311.74       500      610      700      900      950      970     1000      129      960     1100   
                                          VAR    BASINP    GEOM    SYMINP    ZMAT    AOBASIS   BASIS     P2S    ABASIS      S 
                                         1400     1410     1200     1210     1080     1600     1650     1300     1700   
                                           T        V       H0       H01     AOSYM     SMH    MOLCAS    ERIS     OPER   

              2       4        3.18       700     1000      520     2100   
                                         GEOM     BASIS   MCVARS     RHF  

 PROGRAMS   *        TOTAL    HF-SCF       INT
 CPU TIMES  *         9.83      3.11      6.62
 REAL TIME  *       150.81 SEC
 DISK USED  *         1.13 GB
 **********************************************************************************************************************************


 PROGRAM * MP2 (Closed-shell)     Authors: C. Hampel, H.-J. Werner, 1991, M. Deegan, P.J. Knowles, 1992

                                   MP2-F12 implementation by H.-J. Werner, 2007

                   Density fitting integral evaluation by F.R. Manby, 2003,2007, G. Knizia, 2010


 Basis set AUG-CC-PVTZ/JKFIT generated.  Number of basis functions:   392 
 Basis set CC-PVTZ-F12/OPTRI generated.  Number of basis functions:   314 
 Basis set AUG-CC-PVTZ/MP2FIT generated. Number of basis functions:   396 

 Convergence thresholds:  THRVAR = 1.00D-08  THRDEN = 1.00D-06

 Number of core orbitals:           2 (   2   0 )
 Number of closed-shell orbitals:   7 (   5   2 )
 Number of external orbitals:     169 ( 107  62 )

 Molecular orbitals read from record     2100.2  Type=RHF/CANONICAL (state 1.1)

 MP2-F12 correlation treatment (H.-J. Werner, 2006)
 ==================================================

 Using MP2-F12 with ansatz 3C(FIX)

 Using projected zeroth-order Hamiltonian (+Z)

 FOCKRIB=T FOCKRIC=T FOCKRIP=T CABSP=T CABSA=T CABSK=T CABSF=T GBC=F EBC=F DMAT=T NOFIK=T NOPAO=1 SOLVE=-1  USEPAO=0
 EXCH_A= T EXCH_B= F EXCH_C= F EXCH_P= F

 Geminal basis:    OPTFULL  GEM_TYPE=SLATER  BETA=1.0  NGEM=6

 Optimizing Gaussian exponents for each gem_beta

 Geminal optimization for beta= 1.0000
 Weight function:   m=0, omega= 1.4646

 Augmented Hessian optimization of geminal fit. Trust ratio= 0.40000
 Convergence reached after   2 iterations. Final gradient= 8.66D-16, Step= 4.23D-06, Delta= 1.28D-09

 Alpha:                 0.19532     0.81920     2.85917     9.50073    35.69989   197.79328
 Coeff:                 0.27070     0.30552     0.18297     0.10986     0.06810     0.04224


 Symmetry turned off. Reference energy:       -115.098624963708

 All pairs explicitly correlated. Number of r12-pairs:           28

 Excluding core orbitals from MO domains

 AO(A)-basis ORBITAL           loaded. Number of functions:     178
 RI(R)-basis CC-PVTZ-F12/OPTRI loaded. Number of functions:     314
 DF-basis AUG-CC-PVTZ/JKFIT    loaded. Number of functions:     392

 Screening thresholds:   THRAO=  1.00D-10  THRMO=  1.00D-09  THRPROD=  1.00D-09
                         THRSW=  1.00D-05  THROV=  1.00D-12  THRAOF12= 1.00D-08

 CPU time for Fock operators                      5.46 sec

 Construction of ABS:
 Smallest eigenvalue of S          4.38E-04  (threshold= 1.00E-08)
 Ratio eigmin/eigmax               5.60E-05  (threshold= 1.00E-09)
 Smallest eigenvalue of S kept     4.38E-04  (threshold= 4.38E-04, 0 functions deleted, 314 kept)

 Construction of CABS:
 Smallest eigenvalue of S          7.34E-07  (threshold= 1.00E-08)
 Ratio eigmin/eigmax               7.34E-07  (threshold= 1.00E-09)
 Smallest eigenvalue of S kept     7.34E-07  (threshold= 7.34E-07, 0 functions deleted, 314 kept)

 CPU time for CABS singles                        0.04 sec

 CABS-singles contribution of  -0.00135083 patched into reference energy.
 New reference energy        -115.09997579

 AO(A)-basis ORBITAL           loaded. Number of functions:     178
 RI(R)-basis CC-PVTZ-F12/OPTRI loaded. Number of functions:     314
 DF-basis AUG-CC-PVTZ/MP2FIT   loaded. Number of functions:     396

 Screening thresholds:   THRAO=  1.00D-10  THRMO=  1.00D-09  THRPROD=  1.00D-09
                         THRSW=  1.00D-05  THROV=  1.00D-12  THRAOF12= 1.00D-08

 CPU time for 3-index integral evaluation         3.41 sec
 CPU time for first  half transformation          0.24 sec (10287.7 MFLOP/sec)
 CPU time for second half transformation          0.01 sec ( 6217.0 MFLOP/sec)
 CPU time for sorting                             0.01 sec
 CPU time for fitting                             0.02 sec (56971.3 MFLOP/sec)
 CPU time for tilde quantities                    0.03 sec (50348.4 MFLOP/sec)
 CPU time for assembly                            0.19 sec (65018.9 MFLOP/sec)
 CPU time for tranop_f12                          0.26 sec (61000.9 MFLOP/sec)
 CPU time for f12 integrals (total)               7.10 sec, Elapsed time:      7.54 sec
 CPU time for f12 matrices (total)                0.11 sec, Elapsed time:      0.19 sec

 Diagonal F12 approximation with fixed coefficients:  TSING= 0.500,  TTRIP= 0.250 (scaled by -1/beta)

 DF-MP2-F12 energy corrections:
 ==============================
 Approx.                                    Singlet             Triplet             Total
 DF-MP2-F12/3*C(DX,FIX)                -0.038273459803     -0.004207688152     -0.042481147955
 DF-MP2-F12/3*C(FIX)                   -0.036079616926     -0.003927138073     -0.040006755000
 DF-MP2-F12/3C(FIX)                    -0.036022854650     -0.004062095902     -0.040084950551

 DF-MP2-F12 correlation energies:
 ================================
 Approx.                                    Singlet             Triplet             Ecorr            Total Energy
 DF-MP2                                -0.291214180462     -0.152384295979     -0.443598476441   -115.543574265591
 DF-MP2-F12/3*C(DX,FIX)                -0.329487640265     -0.156591984131     -0.486079624396   -115.586055413546
 DF-MP2-F12/3*C(FIX)                   -0.327293797389     -0.156311434052     -0.483605231441   -115.583581020591
 DF-MP2-F12/3C(FIX)                    -0.327237035112     -0.156446391880     -0.483683426992   -115.583659216142

 SCS-DF-MP2 energies (F_SING= 1.20000  F_TRIP= 0.62222  F_PARALLEL= 0.33333):
 ============================================================================
 SCS-DF-MP2                            -0.444273911830   -115.544249700980
 SCS-DF-MP2-F12/3*C(DX,FIX)            -0.492820180666   -115.592795969816
 SCS-DF-MP2-F12/3*C(FIX)               -0.490013004721   -115.589988793871
 SCS-DF-MP2-F12/3C(FIX)                -0.490028863749   -115.590004652899

 Symmetry restored.
 Symmetry transformation completed.

 Number of N-1 electron functions:               7
 Number of N-2 electron functions:              28
 Number of singly external CSFs:               659
 Number of doubly external CSFs:            355020
 Total number of CSFs:                      355680

 Length of J-op  integral file:             103.49 MB
 Length of K-op  integral file:             127.95 MB

 Integral transformation finished. Total CPU:   0.49 sec, npass=  1  Memory used:   0.67 MW

 ITER.      SQ.NORM     CORR.ENERGY   TOTAL ENERGY   ENERGY CHANGE     VAR   MIC
   1      1.00000000    -0.44366502  -115.54364081    -0.44366502  0.00D+00   0
   2      1.11493177    -0.44366502  -115.54364081     0.00000000 -0.35D-15   0

 Solving MP2-F12 equations

   1      1.11489535    -0.48299139  -115.58296718    -0.03932637 -0.37D-04   0
   2      1.11489535    -0.48374857  -115.58372436    -0.00075718  0.21D-18   0
   3      1.11489535    -0.48374857  -115.58372436     0.00000000 -0.18D-18   0

 CPU TIME FOR ITERATIVE MP2:    0.04 SEC


 MP2-F12 energy corrections:
 ===========================
 Approx.                                    Singlet             Triplet             Total
 MP2-F12/3*C(DX,FIX)                   -0.038273459803     -0.004207688152     -0.042481147955
 MP2-F12/3*C(FIX)                      -0.036079616926     -0.003927138073     -0.040006755000
 MP2-F12/3C(FIX)                       -0.036020165468     -0.004063381461     -0.040083546929

 MP2-F12 correlation energies:
 =============================
 Approx.                                    Singlet             Triplet             Ecorr            Total Energy
 MP2                                   -0.291397221305     -0.152267801610     -0.443665022915   -115.543640812065
 MP2-F12/3*C(DX,FIX)                   -0.329670681108     -0.156475489762     -0.486146170870   -115.586121960020
 MP2-F12/3*C(FIX)                      -0.327476838231     -0.156194939683     -0.483671777915   -115.583647567065
 MP2-F12/3C(FIX)                       -0.327417386773     -0.156331183071     -0.483748569844   -115.583724358994

 SCS-MP2 energies (F_SING= 1.20000  F_TRIP= 0.62222  F_PARALLEL= 0.33333):
 =========================================================================
 SCS-MP2                               -0.444421075456   -115.544396864607
 SCS-MP2-F12/3*C(DX,FIX)               -0.492967344292   -115.592943133442
 SCS-MP2-F12/3*C(FIX)                  -0.490160168347   -115.590135957497
 SCS-MP2-F12/3C(FIX)                   -0.490173600260   -115.590149389410


  Reference energy                   -115.098624963708
  F12 singles correction               -0.001350825442

 F12 singles corrections added to reference energy

  New reference energy               -115.099975789150

  F12/3C(F) singlet correction         -0.036020165468
  F12/3C(F) triplet correction         -0.004063381461
  F12/3C(F) total correction           -0.040083546929
  MP2-F12/3C(F) singlet pair energy    -0.327417386773
  MP2-F12/3C(F) triplet pair energy    -0.156331183071
  MP2-F12/3C(F) correlation energy     -0.483748569844

 !MP2-F12/3C(F) total energy         -115.583724358994


 **********************************************************************************************************************************
 DATASETS  * FILE   NREC   LENGTH (MB)   RECORD NAMES
              1      20      317.48       500      610      700      900      950      970     1000      129      960     1100   
                                          VAR    BASINP    GEOM    SYMINP    ZMAT    AOBASIS   BASIS     P2S    ABASIS      S 
                                         1400     1410     1200     1210     1080     1600     1650     1300     1700     1380   
                                           T        V       H0       H01     AOSYM     SMH    MOLCAS    ERIS     OPER     JKOP   

              2       7        3.55       700     1000      520     2100     7360     7350     7000   
                                         GEOM     BASIS   MCVARS     RHF    F12ABS    EF12   

 PROGRAMS   *        TOTAL   MP2-F12    HF-SCF       INT
 CPU TIMES  *        23.27     13.43      3.11      6.62
 REAL TIME  *       165.75 SEC
 DISK USED  *         1.13 GB
 **********************************************************************************************************************************


 PROGRAM * CCSD (Closed-shell coupled cluster)     Authors: C. Hampel, H.-J. Werner, 1991, M. Deegan, P.J. Knowles, 1992

                                  CCSD-F12 implementation by  H.-J. Werner, 2007

                   Density fitting integral evaluation by F.R. Manby, 2003,2007, G. Knizia, 2010



 Convergence thresholds:  THRVAR = 1.00D-08  THRDEN = 1.00D-06

 CCSD(T)     terms to be evaluated (factor= 1.000)


 Number of core orbitals:           2 (   2   0 )
 Number of closed-shell orbitals:   7 (   5   2 )
 Number of external orbitals:     169 ( 107  62 )

 Molecular orbitals read from record     2100.2  Type=RHF/CANONICAL (state 1.1)

 MP2-F12 correlation treatment (H.-J. Werner, 2006)
 ==================================================

 Using MP2-F12 with ansatz 3C(FIX)

 Using projected zeroth-order Hamiltonian (+Z)

 FOCKRIB=T FOCKRIC=T FOCKRIP=T CABSP=T CABSA=T CABSK=T CABSF=T GBC=F EBC=F DMAT=T NOFIK=T NOPAO=1 SOLVE=-1  USEPAO=0
 EXCH_A= T EXCH_B= F EXCH_C= F EXCH_P= F

 Geminal basis:    OPTFULL  GEM_TYPE=SLATER  BETA=1.0  NGEM=6

 Optimizing Gaussian exponents for each gem_beta

 Geminal optimization for beta= 1.0000
 Weight function:   m=0, omega= 1.4646

 Augmented Hessian optimization of geminal fit. Trust ratio= 0.40000
 Convergence reached after   2 iterations. Final gradient= 8.66D-16, Step= 4.23D-06, Delta= 1.28D-09

 Alpha:                 0.19532     0.81920     2.85917     9.50073    35.69989   197.79328
 Coeff:                 0.27070     0.30552     0.18297     0.10986     0.06810     0.04224


 Symmetry turned off. Reference energy:       -115.098624963708

 All pairs explicitly correlated. Number of r12-pairs:           28

 Excluding core orbitals from MO domains

 AO(A)-basis ORBITAL           loaded. Number of functions:     178
 RI(R)-basis CC-PVTZ-F12/OPTRI loaded. Number of functions:     314
 DF-basis AUG-CC-PVTZ/JKFIT    loaded. Number of functions:     392

 Screening thresholds:   THRAO=  1.00D-10  THRMO=  1.00D-09  THRPROD=  1.00D-09
                         THRSW=  1.00D-05  THROV=  1.00D-12  THRAOF12= 1.00D-08

 CPU time for Fock operators                      5.46 sec

 Construction of ABS:
 Smallest eigenvalue of S          4.38E-04  (threshold= 1.00E-08)
 Ratio eigmin/eigmax               5.60E-05  (threshold= 1.00E-09)
 Smallest eigenvalue of S kept     4.38E-04  (threshold= 4.38E-04, 0 functions deleted, 314 kept)

 Construction of CABS:
 Smallest eigenvalue of S          7.34E-07  (threshold= 1.00E-08)
 Ratio eigmin/eigmax               7.34E-07  (threshold= 1.00E-09)
 Smallest eigenvalue of S kept     7.34E-07  (threshold= 7.34E-07, 0 functions deleted, 314 kept)

 CPU time for CABS singles                        0.04 sec

 CABS-singles contribution of  -0.00135083 patched into reference energy.
 New reference energy        -115.09997579

 AO(A)-basis ORBITAL           loaded. Number of functions:     178
 RI(R)-basis CC-PVTZ-F12/OPTRI loaded. Number of functions:     314
 DF-basis AUG-CC-PVTZ/MP2FIT   loaded. Number of functions:     396

 Screening thresholds:   THRAO=  1.00D-10  THRMO=  1.00D-09  THRPROD=  1.00D-09
                         THRSW=  1.00D-05  THROV=  1.00D-12  THRAOF12= 1.00D-08

 CPU time for 3-index integral evaluation         3.41 sec
 CPU time for first  half transformation          0.26 sec ( 9496.4 MFLOP/sec)
 CPU time for second half transformation          0.02 sec ( 3108.5 MFLOP/sec)
 CPU time for sorting                             0.01 sec
 CPU time for fitting                             0.02 sec (56971.3 MFLOP/sec)
 CPU time for tilde quantities                    0.03 sec (50348.4 MFLOP/sec)
 CPU time for assembly                            0.20 sec (61768.0 MFLOP/sec)
 CPU time for tranop_f12                          0.27 sec (58741.6 MFLOP/sec)
 CPU time for f12 integrals (total)               7.18 sec, Elapsed time:      7.56 sec
 CPU time for f12 matrices (total)                0.11 sec, Elapsed time:      0.13 sec

 Diagonal F12 approximation with fixed coefficients:  TSING= 0.500,  TTRIP= 0.250 (scaled by -1/beta)

 DF-MP2-F12 energy corrections:
 ==============================
 Approx.                                    Singlet             Triplet             Total
 DF-MP2-F12/3*C(DX,FIX)                -0.038273459803     -0.004207688152     -0.042481147955
 DF-MP2-F12/3*C(FIX)                   -0.036079616926     -0.003927138073     -0.040006755000
 DF-MP2-F12/3C(FIX)                    -0.036022854650     -0.004062095902     -0.040084950551

 DF-MP2-F12 correlation energies:
 ================================
 Approx.                                    Singlet             Triplet             Ecorr            Total Energy
 DF-MP2                                -0.291214180462     -0.152384295979     -0.443598476441   -115.543574265591
 DF-MP2-F12/3*C(DX,FIX)                -0.329487640265     -0.156591984131     -0.486079624396   -115.586055413546
 DF-MP2-F12/3*C(FIX)                   -0.327293797389     -0.156311434052     -0.483605231441   -115.583581020591
 DF-MP2-F12/3C(FIX)                    -0.327237035112     -0.156446391880     -0.483683426992   -115.583659216142

 SCS-DF-MP2 energies (F_SING= 1.20000  F_TRIP= 0.62222  F_PARALLEL= 0.33333):
 ============================================================================
 SCS-DF-MP2                            -0.444273911830   -115.544249700980
 SCS-DF-MP2-F12/3*C(DX,FIX)            -0.492820180666   -115.592795969816
 SCS-DF-MP2-F12/3*C(FIX)               -0.490013004721   -115.589988793871
 SCS-DF-MP2-F12/3C(FIX)                -0.490028863749   -115.590004652899

 Symmetry restored.
 Symmetry transformation completed.

 Number of N-1 electron functions:               7
 Number of N-2 electron functions:              28
 Number of singly external CSFs:               659
 Number of doubly external CSFs:            355020
 Total number of CSFs:                      355680

 Length of J-op  integral file:             103.62 MB
 Length of K-op  integral file:             127.95 MB
 Length of 3-ext integral record:             0.00 MB

 Memory could be reduced to 24.20 Mwords without degradation in triples

 Integral transformation finished. Total CPU:   1.23 sec, npass=  1  Memory used:   7.45 MW

 Reference energy:                   -115.09997579

 Adding F12 terms to K(Cij), methodcc=6,  factor= 1.0

 ITER.      SQ.NORM     CORR.ENERGY   TOTAL ENERGY   ENERGY CHANGE        DEN1      VAR(S)    VAR(P)  DIIS     TIME  TIME/IT
   1      1.11779241    -0.45297997  -115.55295576    -0.00931495     0.00172113  0.15D-02  0.19D-02  1  1    14.96     0.91
   2      1.12522894    -0.45333944  -115.55331523    -0.00035947    -0.00907063  0.24D-04  0.23D-03  2  2    15.83     0.94
   3      1.12797131    -0.45351771  -115.55349350    -0.00017828    -0.00186992  0.15D-04  0.13D-04  3  3    16.69     0.95
   4      1.12892579    -0.45353554  -115.55351133    -0.00001783    -0.00060381  0.87D-06  0.12D-05  4  4    17.55     0.95
   5      1.12908299    -0.45353716  -115.55351295    -0.00000161    -0.00003836  0.23D-06  0.10D-06  5  5    18.42     0.95
   6      1.12912612    -0.45353477  -115.55351056     0.00000238    -0.00000431  0.36D-07  0.97D-08  6  6    19.29     0.95
   7      1.12913738    -0.45353389  -115.55350968     0.00000088    -0.00000301  0.40D-08  0.14D-08  6  1    20.13     0.95
   8      1.12913920    -0.45353395  -115.55350974    -0.00000006     0.00000034  0.69D-09  0.21D-09  6  3    21.00     0.95

 Norm of t1 vector:      0.05015285      S-energy:    -0.00000037      T1 diagnostic:  0.00947800
                                                                       D1 diagnostic:  0.02009692

 Adding energy correction from Wij-K(Fij), methodcc=6  factor= 1.0

  CCSD correlation energy              -0.453533954726
  MP2-F12 correction (uncoupled)       -0.038531158242
  C*T doubles correction               -0.001166114466
  f12b correction                       0.007100532098


 Total CPU time for triples:     12.04 sec


 RESULTS
 =======

  Reference energy                   -115.098624963708
  F12 singles correction               -0.001350825442

 F12 singles corrections added to reference energy

  New reference energy               -115.099975789150

  F12a singlet correction              -0.035782508572
  F12a triplet correction              -0.003914764135
  F12a total correction                -0.039697272707

 F12a corrections for ansatz F12/3C(FIX) added to CCSD energy

  CCSD-F12a singlet pair energy        -0.351346119217
  CCSD-F12a triplet pair energy        -0.141884738803
  CCSD-F12a correlation energy         -0.493231227433

  Triples (T) contribution             -0.016048860937
  Total correlation energy             -0.509280088370

  CCSD-F12a total energy             -115.593207016584
  CCSD[T]-F12a energy                -115.609812491913
  CCSD-T-F12a energy                 -115.609010221177
 !CCSD(T)-F12a total energy          -115.609255877521

 F12b corrections for ansatz F12/3C(FIX) added to CCSD(T)-F12a energy

  CCSD-F12b singlet pair energy        -0.344707416498
  CCSD-F12b triplet pair energy        -0.141422909424
  CCSD-F12b correlation energy         -0.486130695336

  Triples (T) contribution             -0.016048860937
  Total correlation energy             -0.502179556273

  CCSD-F12b total energy             -115.586106484486
  CCSD[T]-F12b energy                -115.602711959816
  CCSD-T-F12b energy                 -115.601909689079
 !CCSD(T)-F12b total energy          -115.602155345423

 Timing summary (sec):

 STEP                 CPU(USER)    SYS     CPU(TOT)    WALL
 Transformation          1.24      0.14      1.38      1.39
 CCSD iterations         6.90      0.70      7.60      7.64
 Triples                12.04      0.47     12.51     12.53
 MP2-F12                12.86      0.57     13.43     13.57
 F12b energy             0.67      0.06      0.73      0.74

 Program statistics:

 Available memory in ccsd:               499999650
 Min. memory needed in ccsd:               1149135
 Max. memory used in ccsd:                 1443104
 Max. memory used in cckext:               1888566 ( 9 integral passes)



 **********************************************************************************************************************************
 DATASETS  * FILE   NREC   LENGTH (MB)   RECORD NAMES
              1      20      386.05       500      610      700      900      950      970     1000      129      960     1100   
                                          VAR    BASINP    GEOM    SYMINP    ZMAT    AOBASIS   BASIS     P2S    ABASIS      S 
                                         1400     1410     1200     1210     1080     1600     1650     1300     1700     1380   
                                           T        V       H0       H01     AOSYM     SMH    MOLCAS    ERIS     OPER     JKOP   

              2       7        3.55       700     1000      520     2100     7360     7350     7000   
                                         GEOM     BASIS   MCVARS     RHF    F12ABS    EF12   

 PROGRAMS   *        TOTAL   CCSD(T)   MP2-F12    HF-SCF       INT
 CPU TIMES  *        57.01     33.74     13.43      3.11      6.62
 REAL TIME  *       201.68 SEC
 DISK USED  *         1.13 GB
 **********************************************************************************************************************************
 SETTING XXX            =    "MMM"
 SETTING POINT          =         2.00000000                                  

 *** ### CH3OH


 XXX       RCO          ROH          RCH1         RCH2         RCH3           ACOH           AOCH1          AOCH2          AOCH3         AHH1           AHH2           AHH3            ENERGY      POINT
 "MMM"   1.42577677   0.96013932   1.09171752   1.08440070   1.09171752   108.12930637   111.65221523   107.18733878   111.65221523   61.43364279   180.00000000   298.56635721   -115.60925588   2.0000
                                                  

 CCSD(T)-F12/cc-pVTZ-F12 energy=   -115.602155345423

     CCSD(T)-F12         MP2-F12          HF-SCF
   -115.60215535   -115.58372436   -115.09862496
 **********************************************************************************************************************************
 Molpro calculation terminated
