
 Primary working directories    : /tmpdir/job/2955680.undefined/molpro.Foy2Heuvdg
 Secondary working directories  : /tmpdir/job/2955680.undefined/molpro.Foy2Heuvdg
 Wavefunction directory         : /home/zcaposm/wfu/
 Main file repository           : /tmpdir/job/2955680.undefined/molpro.Foy2Heuvdg/

 id        : uclcc

 Nodes                         nprocs
 node-d00a-252.myriad.ucl.ac.uk    1

 Using customized tuning parameters: mindgm=1; mindgv=20; mindgc=4; mindgr=1; noblas=0; minvec=7
 default implementation of scratch files=df  


 Variables initialized (945), CPU time= 0.00 sec
 ***,Methanol Ground State Energy with CCSD(T)-F12 and cc-pVTZ-F12
 memory,500,m;
 
 geometry={angstrom
 c
 o , 1, rco
 h , 2, roh, 1, acoh
 h1, 1, rch1, 2, aoch1  3  ahh1
 h2, 1, rch2, 2, aoch2, 3, ahh2
 h3, 1, rch3, 2, aoch3, 3, ahh3
 }
 
                                                ! Specify the initial values of the internal coordinates (in Angstroms and degrees)
 
 rco= 1.42077677
 roh= 0.96013932
 rch1= 1.091717515605
 rch2= 1.08440070258
 rch3= 1.091717515605
 acoh= 108.12930637
 aoch1= 111.6522152299
 aoch2= 107.18733878260001
 aoch3= 111.6522152299
 ahh1=60.72653600881346
 ahh2=180.35355339059328
 ahh3=298.91991060059325
 
                                                                                 ! Use the cc-pVTZ-F12 basis set
 basis=cc-pVTZ-F12
 
 hf
 
                                                                                 ! Use explicitly correlated F12 methods
                                                                            ! First, MP2-F12 (useful for initial electronic energy)
 {mp2-f12}
 
                                                                        ! If desired, perform CCSD(T)-F12 for more accurate results
 {ccsd(t)-f12}
 
                                                                                 ! Output the energy
 xxx = "mmm"
 point = 109
 text ### CH3OH
 table,xxx,rco,roh,rch1,rch2,rch3,acoh,aoch1,aoch2,aoch3,ahh1,ahh2,ahh3,energy,point
 DIGITS, 0, 8, 8, 8, 8, 8, 8, 8, 8, 8,  8,  8,  8, 8, 4
 save,CH3OH_MEP_MP2_109.dat,new
 
 Commands  initialized (802), CPU time= 0.01 sec, 659 directives.
 Default parameters read. Elapsed time= 0.09 sec

 Checking input...
 Passed
1


                                         ***  PROGRAM SYSTEM MOLPRO  ***
                                       Copyright, TTI GmbH Stuttgart, 2015
                                    Version 2020.1 linked Oct  6 2020 12:04:11


 **********************************************************************************************************************************
 LABEL *   Methanol Ground State Energy with CCSD(T)-F12 and cc-pVTZ-F12                 
  64 bit serial version                                                                  DATE: 08-Oct-24          TIME: 17:35:13  
 **********************************************************************************************************************************

 SHA1:             8c27446f6450a7499e38f603e13c65f775101d37
 **********************************************************************************************************************************

 Memory per process:       500 MW
 Total memory per node:    500 MW

 GA preallocation disabled
 GA check disabled

 Variable memory set to 500.0 MW

 SETTING RCO            =         1.42077677                                  
 SETTING ROH            =         0.96013932                                  
 SETTING RCH1           =         1.09171752                                  
 SETTING RCH2           =         1.08440070                                  
 SETTING RCH3           =         1.09171752                                  
 SETTING ACOH           =       108.12930637                                  
 SETTING AOCH1          =       111.65221523                                  
 SETTING AOCH2          =       107.18733878                                  
 SETTING AOCH3          =       111.65221523                                  
 SETTING AHH1           =        60.72653601                                  
 SETTING AHH2           =       180.35355339                                  
 SETTING AHH3           =       298.91991060                                  
 SETTING BASIS          =    CC-PVTZ-F12


 Recomputing integrals since basis changed


 Using spherical harmonics

 Library entry C      S cc-pVTZ-F12          selected for orbital group  1
 Library entry C      P cc-pVTZ-F12          selected for orbital group  1
 Library entry C      D cc-pVTZ-F12          selected for orbital group  1
 Library entry C      F cc-pVTZ-F12          selected for orbital group  1
 Library entry O      S cc-pVTZ-F12          selected for orbital group  2
 Library entry O      P cc-pVTZ-F12          selected for orbital group  2
 Library entry O      D cc-pVTZ-F12          selected for orbital group  2
 Library entry O      F cc-pVTZ-F12          selected for orbital group  2
 Library entry H      S cc-pVTZ-F12          selected for orbital group  3
 Library entry H      P cc-pVTZ-F12          selected for orbital group  3
 Library entry H      D cc-pVTZ-F12          selected for orbital group  3


 PROGRAM * SEWARD (Integral evaluation for generally contracted gaussian basis sets)     Author: Roland Lindh, 1990

 Geometry written to block  1 of record 700

 Orientation using atomic masses  
 Molecule type: Asymmetric top
 Rotational constants:      23.9410299     24.8304946    128.7458191 GHz  (calculated with average atomic masses)

 Point group  C1  



 ATOMIC COORDINATES

 NR  ATOM    CHARGE       X              Y              Z

   1  C       6.00    0.001130692    0.022730687   -1.376670470
   2  O       8.00    0.001311039   -0.121606436    1.304325967
   3  H       1.00   -0.020898173    1.569733140    1.960775389
   4  H1      1.00    1.661453037    1.021379858   -2.085326184
   5  H2      1.00    0.014268449   -1.899550388   -2.086576701
   6  H3      1.00   -1.689107671    0.967873195   -2.087981440

 Bond lengths in Bohr (Angstrom)

 1-2  2.684878979  1-4  2.063047110  1-5  2.049220337  1-6  2.063047110  2-3  1.814400356
     ( 1.420776770)     ( 1.091717516)     ( 1.084400703)     ( 1.091717516)     ( 0.960139320)

 Bond angles

  1-2-3  108.12930637   2-1-4  111.65221523   2-1-5  107.18733878   2-1-6  111.65221523

  4-1-5  109.26406377   4-1-6  108.61217624   5-1-6  108.39459424

 NUCLEAR CHARGE:                   18
 NUMBER OF PRIMITIVE AOS:         228
 NUMBER OF SYMMETRY AOS:          206
 NUMBER OF CONTRACTIONS:          178   (  178A   )
 NUMBER OF INNER CORE ORBITALS:     0   (    0A   )
 NUMBER OF OUTER CORE ORBITALS:     2   (    2A   )
 NUMBER OF VALENCE ORBITALS:       12   (   12A   )


 NUCLEAR REPULSION ENERGY   40.34604421

 Eigenvalues of metric

         1 0.879E-04 0.183E-03 0.309E-03 0.323E-03 0.460E-03 0.493E-03 0.560E-03 0.570E-03


 Contracted 2-electron integrals neglected if value below      1.0D-11
 AO integral compression algorithm  1   Integral accuracy      1.0D-11

     605.553 MB (compressed) written to integral file ( 50.8%)


 NUMBER OF SORTED TWO-ELECTRON INTEGRALS:  126906346.     BUFFER LENGTH:  32768
 NUMBER OF SEGMENTS:   8  SEGMENT LENGTH:   15999503      RECORD LENGTH: 524288

 Memory used in sort:      16.56 MW

 SORT1 READ   149034713. AND WROTE   124715977. INTEGRALS IN    360 RECORDS. CPU TIME:     2.47 SEC, REAL TIME:    24.20 SEC
 SORT2 READ   124715977. AND WROTE   126906346. INTEGRALS IN   2310 RECORDS. CPU TIME:     2.03 SEC, REAL TIME:    33.65 SEC

 FILE SIZES:   FILE 1:   636.8 MBYTE,  FILE 4:  1510.0 MBYTE,   TOTAL:   2146.7 MBYTE

 OPERATOR DM      FOR CENTER  0  COORDINATES:    0.000000    0.000000    0.000000


 **********************************************************************************************************************************
 DATASETS  * FILE   NREC   LENGTH (MB)   RECORD NAMES
              1      19      559.30       500      610      700      900      950      970     1000      129      960     1100   
                                          VAR    BASINP    GEOM    SYMINP    ZMAT    AOBASIS   BASIS     P2S    ABASIS      S 
                                         1400     1410     1200     1210     1080     1600     1650     1300     1700   
                                           T        V       H0       H01     AOSYM     SMH    MOLCAS    ERIS     OPER   

 PROGRAMS   *        TOTAL       INT
 CPU TIMES  *         8.96      8.86
 REAL TIME  *        73.93 SEC
 DISK USED  *         2.15 GB
 **********************************************************************************************************************************


 PROGRAM * RHF-SCF (CLOSED SHELL)       Authors: W. Meyer, H.-J. Werner


 NUMBER OF ELECTRONS:       9+    9-    SPACE SYMMETRY=1    SPIN SYMMETRY: Singlet 
 CONVERGENCE THRESHOLDS:    1.00E-05 (Density)    1.00E-07 (Energy)
 MAX. NUMBER OF ITERATIONS:       60
 INTERPOLATION TYPE:            DIIS
 INTERPOLATION STEPS:              2 (START)      1 (STEP)
 LEVEL SHIFTS:                  0.00 (CLOSED)  0.00 (OPEN) 



 Orbital guess generated from atomic densities. Full valence occupancy:   14

 Molecular orbital dump at record        2100.2

 Initial occupancy:   9

 ITERATION    DDIFF          GRAD             ENERGY        2-EL.EN.            DIPOLE MOMENTS         DIIS   ORB.
    1      0.000D+00      0.000D+00      -115.06235084    164.484424   -0.01331    0.90696   -0.47858    0    start
    2      0.000D+00      0.506D-02      -115.09071500    161.901891   -0.00735    0.49784   -0.30387    1    diag
    3      0.480D-02      0.277D-02      -115.09820416    163.165697   -0.00863    0.60117   -0.39726    2    diag
    4      0.163D-02      0.546D-03      -115.09873692    162.988990   -0.00850    0.59596   -0.39270    3    diag
    5      0.436D-03      0.110D-03      -115.09877138    163.000464   -0.00842    0.59193   -0.39753    4    diag
    6      0.122D-03      0.205D-04      -115.09877295    162.998264   -0.00841    0.59206   -0.39831    5    diag
    7      0.350D-04      0.435D-05      -115.09877302    162.997864   -0.00841    0.59187   -0.39859    6    diag
    8      0.877D-05      0.115D-05      -115.09877303    162.998219   -0.00841    0.59187   -0.39860    0    orth

 Final occupancy:   9

 !RHF STATE  1.1 Energy              -115.098773026393
 Nuclear energy                        40.34604421
 One-electron energy                 -236.94392677
 Two-electron energy                   81.49910954
 Virial quotient                       -1.00101466
 !RHF STATE  1.1 Dipole moment         -0.00840720     0.59186750    -0.39860141
 Dipole moment /Debye                  -0.02136758     1.50427860    -1.01307737

 Orbital energies:

         1.1          2.1          3.1          4.1          5.1          6.1          7.1          8.1          9.1         10.1
    -20.556337   -11.269819    -1.356945    -0.926334    -0.691448    -0.620569    -0.594457    -0.505365    -0.451580     0.054529

        11.1
      0.065031


 HOMO      9.1    -0.451580 =     -12.2881eV
 LUMO     10.1     0.054529 =       1.4838eV
 LUMO-HOMO         0.506109 =      13.7719eV


 **********************************************************************************************************************************
 DATASETS  * FILE   NREC   LENGTH (MB)   RECORD NAMES
              1      19      559.30       500      610      700      900      950      970     1000      129      960     1100   
                                          VAR    BASINP    GEOM    SYMINP    ZMAT    AOBASIS   BASIS     P2S    ABASIS      S 
                                         1400     1410     1200     1210     1080     1600     1650     1300     1700   
                                           T        V       H0       H01     AOSYM     SMH    MOLCAS    ERIS     OPER   

              2       4        3.48       700     1000      520     2100   
                                         GEOM     BASIS   MCVARS     RHF  

 PROGRAMS   *        TOTAL    HF-SCF       INT
 CPU TIMES  *        16.02      7.06      8.86
 REAL TIME  *        84.50 SEC
 DISK USED  *         2.15 GB
 **********************************************************************************************************************************


 PROGRAM * MP2 (Closed-shell)     Authors: C. Hampel, H.-J. Werner, 1991, M. Deegan, P.J. Knowles, 1992

                                   MP2-F12 implementation by H.-J. Werner, 2007

                   Density fitting integral evaluation by F.R. Manby, 2003,2007, G. Knizia, 2010


 Basis set AUG-CC-PVTZ/JKFIT generated.  Number of basis functions:   392 
 Basis set CC-PVTZ-F12/OPTRI generated.  Number of basis functions:   314 
 Basis set AUG-CC-PVTZ/MP2FIT generated. Number of basis functions:   396 

 Convergence thresholds:  THRVAR = 1.00D-08  THRDEN = 1.00D-06

 Number of core orbitals:           2 (   2 )
 Number of closed-shell orbitals:   7 (   7 )
 Number of external orbitals:     169 ( 169 )

 Molecular orbitals read from record     2100.2  Type=RHF/CANONICAL (state 1.1)

 MP2-F12 correlation treatment (H.-J. Werner, 2006)
 ==================================================

 Using MP2-F12 with ansatz 3C(FIX)

 Using projected zeroth-order Hamiltonian (+Z)

 FOCKRIB=T FOCKRIC=T FOCKRIP=T CABSP=T CABSA=T CABSK=T CABSF=T GBC=F EBC=F DMAT=T NOFIK=T NOPAO=1 SOLVE=-1  USEPAO=0
 EXCH_A= T EXCH_B= F EXCH_C= F EXCH_P= F

 Geminal basis:    OPTFULL  GEM_TYPE=SLATER  BETA=1.0  NGEM=6

 Optimizing Gaussian exponents for each gem_beta

 Geminal optimization for beta= 1.0000
 Weight function:   m=0, omega= 1.4646

 Augmented Hessian optimization of geminal fit. Trust ratio= 0.40000
 Convergence reached after   2 iterations. Final gradient= 8.66D-16, Step= 4.23D-06, Delta= 1.28D-09

 Alpha:                 0.19532     0.81920     2.85917     9.50073    35.69989   197.79328
 Coeff:                 0.27070     0.30552     0.18297     0.10986     0.06810     0.04224


 All pairs explicitly correlated. Number of r12-pairs:           28

 Excluding core orbitals from MO domains

 AO(A)-basis ORBITAL           loaded. Number of functions:     178
 RI(R)-basis CC-PVTZ-F12/OPTRI loaded. Number of functions:     314
 DF-basis AUG-CC-PVTZ/JKFIT    loaded. Number of functions:     392

 Screening thresholds:   THRAO=  1.00D-10  THRMO=  1.00D-09  THRPROD=  1.00D-09
                         THRSW=  1.00D-05  THROV=  1.00D-12  THRAOF12= 1.00D-08

 CPU time for Fock operators                      1.46 sec

 Construction of ABS:
 Smallest eigenvalue of S          4.31E-04  (threshold= 1.00E-08)
 Ratio eigmin/eigmax               5.50E-05  (threshold= 1.00E-09)
 Smallest eigenvalue of S kept     4.31E-04  (threshold= 4.31E-04, 0 functions deleted, 314 kept)

 Construction of CABS:
 Smallest eigenvalue of S          7.25E-07  (threshold= 1.00E-08)
 Ratio eigmin/eigmax               7.25E-07  (threshold= 1.00E-09)
 Smallest eigenvalue of S kept     7.25E-07  (threshold= 7.25E-07, 0 functions deleted, 314 kept)

 CPU time for CABS singles                        0.04 sec

 CABS-singles contribution of  -0.00135369 patched into reference energy.
 New reference energy        -115.10012672

 AO(A)-basis ORBITAL           loaded. Number of functions:     178
 RI(R)-basis CC-PVTZ-F12/OPTRI loaded. Number of functions:     314
 DF-basis AUG-CC-PVTZ/MP2FIT   loaded. Number of functions:     396

 Screening thresholds:   THRAO=  1.00D-10  THRMO=  1.00D-09  THRPROD=  1.00D-09
                         THRSW=  1.00D-05  THROV=  1.00D-12  THRAOF12= 1.00D-08

 CPU time for 3-index integral evaluation         3.27 sec
 CPU time for first  half transformation          0.36 sec ( 6858.5 MFLOP/sec)
 CPU time for second half transformation          0.01 sec ( 6217.0 MFLOP/sec)
 CPU time for sorting                             0.01 sec
 CPU time for fitting                             0.02 sec (56971.3 MFLOP/sec)
 CPU time for tilde quantities                    0.03 sec (50348.4 MFLOP/sec)
 CPU time for assembly                            0.19 sec (65018.9 MFLOP/sec)
 CPU time for tranop_f12                          0.27 sec (58741.6 MFLOP/sec)
 CPU time for f12 integrals (total)               4.54 sec, Elapsed time:      6.26 sec
 CPU time for f12 matrices (total)                0.11 sec, Elapsed time:      0.21 sec

 Diagonal F12 approximation with fixed coefficients:  TSING= 0.500,  TTRIP= 0.250 (scaled by -1/beta)

 DF-MP2-F12 energy corrections:
 ==============================
 Approx.                                    Singlet             Triplet             Total
 DF-MP2-F12/3*C(DX,FIX)                -0.038287434739     -0.004212594816     -0.042500029555
 DF-MP2-F12/3*C(FIX)                   -0.036088502797     -0.003930851497     -0.040019354294
 DF-MP2-F12/3C(FIX)                    -0.036031262617     -0.004065829934     -0.040097092551

 DF-MP2-F12 correlation energies:
 ================================
 Approx.                                    Singlet             Triplet             Ecorr            Total Energy
 DF-MP2                                -0.291094418266     -0.152358285915     -0.443452704181   -115.543579421049
 DF-MP2-F12/3*C(DX,FIX)                -0.329381853005     -0.156570880731     -0.485952733737   -115.586079450604
 DF-MP2-F12/3*C(FIX)                   -0.327182921063     -0.156289137412     -0.483472058475   -115.583598775343
 DF-MP2-F12/3C(FIX)                    -0.327125680884     -0.156424115849     -0.483549796732   -115.583676513600

 SCS-DF-MP2 energies (F_SING= 1.20000  F_TRIP= 0.62222  F_PARALLEL= 0.33333):
 ============================================================================
 SCS-DF-MP2                            -0.444114013156   -115.544240730023
 SCS-DF-MP2-F12/3*C(DX,FIX)            -0.492680104950   -115.592806821818
 SCS-DF-MP2-F12/3*C(FIX)               -0.489866079666   -115.589992796533
 SCS-DF-MP2-F12/3C(FIX)                -0.489881378033   -115.590008094901
 Symmetry transformation completed.

 Number of N-1 electron functions:               7
 Number of N-2 electron functions:              28
 Number of singly external CSFs:              1183
 Number of doubly external CSFs:            700336
 Total number of CSFs:                      701520

 Length of J-op  integral file:             104.98 MB
 Length of K-op  integral file:             138.67 MB

 Integral transformation finished. Total CPU:   1.28 sec, npass=  1  Memory used:   2.18 MW

 ITER.      SQ.NORM     CORR.ENERGY   TOTAL ENERGY   ENERGY CHANGE     VAR   MIC
   1      1.00000000    -0.44351910  -115.54364582    -0.44351910  0.00D+00   0
   2      1.11473259    -0.44351910  -115.54364582     0.00000000 -0.25D-15   0

 Solving MP2-F12 equations

   1      1.11469627    -0.48285801  -115.58298473    -0.03933891 -0.37D-04   0
   2      1.11469627    -0.48361479  -115.58374151    -0.00075678  0.38D-17   0
   3      1.11469627    -0.48361479  -115.58374151    -0.00000000  0.36D-19   0

 CPU TIME FOR ITERATIVE MP2:    0.10 SEC


 MP2-F12 energy corrections:
 ===========================
 Approx.                                    Singlet             Triplet             Total
 MP2-F12/3*C(DX,FIX)                   -0.038287434739     -0.004212594816     -0.042500029555
 MP2-F12/3*C(FIX)                      -0.036088502797     -0.003930851497     -0.040019354294
 MP2-F12/3C(FIX)                       -0.036028563919     -0.004067125069     -0.040095688988

 MP2-F12 correlation energies:
 =============================
 Approx.                                    Singlet             Triplet             Ecorr            Total Energy
 MP2                                   -0.291277732331     -0.152241370580     -0.443519102910   -115.543645819778
 MP2-F12/3*C(DX,FIX)                   -0.329565167070     -0.156453965396     -0.486019132466   -115.586145849333
 MP2-F12/3*C(FIX)                      -0.327366235128     -0.156172222076     -0.483538457204   -115.583665174072
 MP2-F12/3C(FIX)                       -0.327306296249     -0.156308495649     -0.483614791898   -115.583741508766

 SCS-MP2 energies (F_SING= 1.20000  F_TRIP= 0.62222  F_PARALLEL= 0.33333):
 =========================================================================
 SCS-MP2                               -0.444261242713   -115.544387959581
 SCS-MP2-F12/3*C(DX,FIX)               -0.492827334508   -115.592954051376
 SCS-MP2-F12/3*C(FIX)                  -0.490013309223   -115.590140026091
 SCS-MP2-F12/3C(FIX)                   -0.490026175014   -115.590152891882


  Reference energy                   -115.098773026393
  F12 singles correction               -0.001353690475

 F12 singles corrections added to reference energy

  New reference energy               -115.100126716868

  F12/3C(F) singlet correction         -0.036028563919
  F12/3C(F) triplet correction         -0.004067125069
  F12/3C(F) total correction           -0.040095688988
  MP2-F12/3C(F) singlet pair energy    -0.327306296249
  MP2-F12/3C(F) triplet pair energy    -0.156308495649
  MP2-F12/3C(F) correlation energy     -0.483614791898

 !MP2-F12/3C(F) total energy         -115.583741508766


 **********************************************************************************************************************************
 DATASETS  * FILE   NREC   LENGTH (MB)   RECORD NAMES
              1      20      570.48       500      610      700      900      950      970     1000      129      960     1100   
                                          VAR    BASINP    GEOM    SYMINP    ZMAT    AOBASIS   BASIS     P2S    ABASIS      S 
                                         1400     1410     1200     1210     1080     1600     1650     1300     1700     1380   
                                           T        V       H0       H01     AOSYM     SMH    MOLCAS    ERIS     OPER     JKOP   

              2       7        4.13       700     1000      520     2100     7360     7350     7000   
                                         GEOM     BASIS   MCVARS     RHF    F12ABS    EF12   

 PROGRAMS   *        TOTAL   MP2-F12    HF-SCF       INT
 CPU TIMES  *        23.77      7.75      7.06      8.86
 REAL TIME  *        95.72 SEC
 DISK USED  *         2.15 GB
 **********************************************************************************************************************************


 PROGRAM * CCSD (Closed-shell coupled cluster)     Authors: C. Hampel, H.-J. Werner, 1991, M. Deegan, P.J. Knowles, 1992

                                  CCSD-F12 implementation by  H.-J. Werner, 2007

                   Density fitting integral evaluation by F.R. Manby, 2003,2007, G. Knizia, 2010



 Convergence thresholds:  THRVAR = 1.00D-08  THRDEN = 1.00D-06

 CCSD(T)     terms to be evaluated (factor= 1.000)


 Number of core orbitals:           2 (   2 )
 Number of closed-shell orbitals:   7 (   7 )
 Number of external orbitals:     169 ( 169 )

 Molecular orbitals read from record     2100.2  Type=RHF/CANONICAL (state 1.1)

 MP2-F12 correlation treatment (H.-J. Werner, 2006)
 ==================================================

 Using MP2-F12 with ansatz 3C(FIX)

 Using projected zeroth-order Hamiltonian (+Z)

 FOCKRIB=T FOCKRIC=T FOCKRIP=T CABSP=T CABSA=T CABSK=T CABSF=T GBC=F EBC=F DMAT=T NOFIK=T NOPAO=1 SOLVE=-1  USEPAO=0
 EXCH_A= T EXCH_B= F EXCH_C= F EXCH_P= F

 Geminal basis:    OPTFULL  GEM_TYPE=SLATER  BETA=1.0  NGEM=6

 Optimizing Gaussian exponents for each gem_beta

 Geminal optimization for beta= 1.0000
 Weight function:   m=0, omega= 1.4646

 Augmented Hessian optimization of geminal fit. Trust ratio= 0.40000
 Convergence reached after   2 iterations. Final gradient= 8.66D-16, Step= 4.23D-06, Delta= 1.28D-09

 Alpha:                 0.19532     0.81920     2.85917     9.50073    35.69989   197.79328
 Coeff:                 0.27070     0.30552     0.18297     0.10986     0.06810     0.04224


 All pairs explicitly correlated. Number of r12-pairs:           28

 Excluding core orbitals from MO domains

 AO(A)-basis ORBITAL           loaded. Number of functions:     178
 RI(R)-basis CC-PVTZ-F12/OPTRI loaded. Number of functions:     314
 DF-basis AUG-CC-PVTZ/JKFIT    loaded. Number of functions:     392

 Screening thresholds:   THRAO=  1.00D-10  THRMO=  1.00D-09  THRPROD=  1.00D-09
                         THRSW=  1.00D-05  THROV=  1.00D-12  THRAOF12= 1.00D-08

 CPU time for Fock operators                      1.45 sec

 Construction of ABS:
 Smallest eigenvalue of S          4.31E-04  (threshold= 1.00E-08)
 Ratio eigmin/eigmax               5.50E-05  (threshold= 1.00E-09)
 Smallest eigenvalue of S kept     4.31E-04  (threshold= 4.31E-04, 0 functions deleted, 314 kept)

 Construction of CABS:
 Smallest eigenvalue of S          7.25E-07  (threshold= 1.00E-08)
 Ratio eigmin/eigmax               7.25E-07  (threshold= 1.00E-09)
 Smallest eigenvalue of S kept     7.25E-07  (threshold= 7.25E-07, 0 functions deleted, 314 kept)

 CPU time for CABS singles                        0.04 sec

 CABS-singles contribution of  -0.00135369 patched into reference energy.
 New reference energy        -115.10012672

 AO(A)-basis ORBITAL           loaded. Number of functions:     178
 RI(R)-basis CC-PVTZ-F12/OPTRI loaded. Number of functions:     314
 DF-basis AUG-CC-PVTZ/MP2FIT   loaded. Number of functions:     396

 Screening thresholds:   THRAO=  1.00D-10  THRMO=  1.00D-09  THRPROD=  1.00D-09
                         THRSW=  1.00D-05  THROV=  1.00D-12  THRAOF12= 1.00D-08

 CPU time for 3-index integral evaluation         3.26 sec
 CPU time for first  half transformation          0.25 sec ( 9876.2 MFLOP/sec)
 CPU time for second half transformation          0.01 sec ( 6217.0 MFLOP/sec)
 CPU time for fitting                             0.01 sec (******* MFLOP/sec)
 CPU time for tilde quantities                    0.03 sec (50348.4 MFLOP/sec)
 CPU time for assembly                            0.19 sec (65018.9 MFLOP/sec)
 CPU time for tranop_f12                          0.25 sec (63440.9 MFLOP/sec)
 CPU time for f12 integrals (total)               4.38 sec, Elapsed time:      4.74 sec
 CPU time for f12 matrices (total)                0.10 sec, Elapsed time:      0.13 sec

 Diagonal F12 approximation with fixed coefficients:  TSING= 0.500,  TTRIP= 0.250 (scaled by -1/beta)

 DF-MP2-F12 energy corrections:
 ==============================
 Approx.                                    Singlet             Triplet             Total
 DF-MP2-F12/3*C(DX,FIX)                -0.038287434739     -0.004212594816     -0.042500029555
 DF-MP2-F12/3*C(FIX)                   -0.036088502797     -0.003930851497     -0.040019354294
 DF-MP2-F12/3C(FIX)                    -0.036031262617     -0.004065829934     -0.040097092551

 DF-MP2-F12 correlation energies:
 ================================
 Approx.                                    Singlet             Triplet             Ecorr            Total Energy
 DF-MP2                                -0.291094418266     -0.152358285915     -0.443452704181   -115.543579421049
 DF-MP2-F12/3*C(DX,FIX)                -0.329381853005     -0.156570880731     -0.485952733737   -115.586079450604
 DF-MP2-F12/3*C(FIX)                   -0.327182921063     -0.156289137412     -0.483472058475   -115.583598775343
 DF-MP2-F12/3C(FIX)                    -0.327125680884     -0.156424115849     -0.483549796732   -115.583676513600

 SCS-DF-MP2 energies (F_SING= 1.20000  F_TRIP= 0.62222  F_PARALLEL= 0.33333):
 ============================================================================
 SCS-DF-MP2                            -0.444114013156   -115.544240730023
 SCS-DF-MP2-F12/3*C(DX,FIX)            -0.492680104950   -115.592806821818
 SCS-DF-MP2-F12/3*C(FIX)               -0.489866079666   -115.589992796533
 SCS-DF-MP2-F12/3C(FIX)                -0.489881378033   -115.590008094901
 Symmetry transformation completed.

 Number of N-1 electron functions:               7
 Number of N-2 electron functions:              28
 Number of singly external CSFs:              1183
 Number of doubly external CSFs:            700336
 Total number of CSFs:                      701520

 Length of J-op  integral file:             105.23 MB
 Length of K-op  integral file:             138.67 MB
 Length of 3-ext integral record:             0.00 MB

 Memory could be reduced to 48.01 Mwords without degradation in triples

 Integral transformation finished. Total CPU:   2.91 sec, npass=  1  Memory used:  24.86 MW

 Reference energy:                   -115.10012672

 Adding F12 terms to K(Cij), methodcc=6,  factor= 1.0

 ITER.      SQ.NORM     CORR.ENERGY   TOTAL ENERGY   ENERGY CHANGE        DEN1      VAR(S)    VAR(P)  DIIS     TIME  TIME/IT
   1      1.11761998    -0.45285303  -115.55297974    -0.00933392     0.00166808  0.15D-02  0.19D-02  1  1    11.55     4.23
   2      1.12502995    -0.45321472  -115.55334144    -0.00036169    -0.00904684  0.24D-04  0.23D-03  2  2    14.40     5.40
   3      1.12775953    -0.45339212  -115.55351883    -0.00017740    -0.00186506  0.15D-04  0.13D-04  3  3    16.94     4.53
   4      1.12870696    -0.45340999  -115.55353671    -0.00001788    -0.00060028  0.86D-06  0.12D-05  4  4    19.48     4.08
   5      1.12886260    -0.45341154  -115.55353826    -0.00000155    -0.00003794  0.23D-06  0.10D-06  5  5    22.01     3.84
   6      1.12890522    -0.45340919  -115.55353591     0.00000236    -0.00000423  0.36D-07  0.96D-08  6  6    24.56     3.66
   7      1.12891636    -0.45340831  -115.55353503     0.00000088    -0.00000299  0.40D-08  0.14D-08  6  1    27.06     3.53
   8      1.12891816    -0.45340838  -115.55353509    -0.00000006     0.00000034  0.68D-09  0.20D-09  6  3    29.60     3.43

 Norm of t1 vector:      0.05001804      S-energy:     0.00000011      T1 diagnostic:  0.00945252
                                                                       D1 diagnostic:  0.02004514

 Adding energy correction from Wij-K(Fij), methodcc=6  factor= 1.0

  CCSD correlation energy              -0.453408375637
  MP2-F12 correction (uncoupled)       -0.038545144398
  C*T doubles correction               -0.001165101914
  f12b correction                       0.007098760366


 Total CPU time for triples:     33.17 sec


 RESULTS
 =======

  Reference energy                   -115.098773026393
  F12 singles correction               -0.001353690475

 F12 singles corrections added to reference energy

  New reference energy               -115.100126716868

  F12a singlet correction              -0.035791723086
  F12a triplet correction              -0.003918523226
  F12a total correction                -0.039710246312

 F12a corrections for ansatz F12/3C(FIX) added to CCSD energy

  CCSD-F12a singlet pair energy        -0.351208382889
  CCSD-F12a triplet pair energy        -0.141910349341
  CCSD-F12a correlation energy         -0.493118621949

  Triples (T) contribution             -0.016014392815
  Total correlation energy             -0.509133014764

  CCSD-F12a total energy             -115.593245338817
  CCSD[T]-F12a energy                -115.609812937132
  CCSD-T-F12a energy                 -115.609015954628
 !CCSD(T)-F12a total energy          -115.609259731632

 F12b corrections for ansatz F12/3C(FIX) added to CCSD(T)-F12a energy

  CCSD-F12b singlet pair energy        -0.344571685150
  CCSD-F12b triplet pair energy        -0.141448286713
  CCSD-F12b correlation energy         -0.486019861583

  Triples (T) contribution             -0.016014392815
  Total correlation energy             -0.502034254398

  CCSD-F12b total energy             -115.586146578450
  CCSD[T]-F12b energy                -115.602714176766
  CCSD-T-F12b energy                 -115.601917194262
 !CCSD(T)-F12b total energy          -115.602160971265

 Timing summary (sec):

 STEP                 CPU(USER)    SYS     CPU(TOT)    WALL
 Transformation          2.95      0.81      3.76      5.36
 CCSD iterations        20.63      2.42     23.05     27.52
 Triples                33.17      0.99     34.16     34.29
 MP2-F12                 6.04      0.46      6.50      6.54
 F12b energy             2.01      0.14      2.15      2.15

 Program statistics:

 Available memory in ccsd:               499999646
 Min. memory needed in ccsd:               2228017
 Max. memory used in ccsd:                 2807120
 Max. memory used in cckext:               2027429 ( 9 integral passes)



 **********************************************************************************************************************************
 DATASETS  * FILE   NREC   LENGTH (MB)   RECORD NAMES
              1      20      706.43       500      610      700      900      950      970     1000      129      960     1100   
                                          VAR    BASINP    GEOM    SYMINP    ZMAT    AOBASIS   BASIS     P2S    ABASIS      S 
                                         1400     1410     1200     1210     1080     1600     1650     1300     1700     1380   
                                           T        V       H0       H01     AOSYM     SMH    MOLCAS    ERIS     OPER     JKOP   

              2       7        4.13       700     1000      520     2100     7360     7350     7000   
                                         GEOM     BASIS   MCVARS     RHF    F12ABS    EF12   

 PROGRAMS   *        TOTAL   CCSD(T)   MP2-F12    HF-SCF       INT
 CPU TIMES  *        88.61     64.84      7.75      7.06      8.86
 REAL TIME  *       171.79 SEC
 DISK USED  *         2.15 GB
 **********************************************************************************************************************************
 SETTING XXX            =    "MMM"
 SETTING POINT          =       109.00000000                                  

 *** ### CH3OH


 XXX       RCO          ROH          RCH1         RCH2         RCH3           ACOH           AOCH1          AOCH2          AOCH3         AHH1           AHH2           AHH3            ENERGY        POINT
 "MMM"   1.42077677   0.96013932   1.09171752   1.08440070   1.09171752   108.12930637   111.65221523   107.18733878   111.65221523   60.72653601   180.35355339   298.91991060   -115.60925973   109.0000
                                                  

 CCSD(T)-F12/cc-pVTZ-F12 energy=   -115.602160971265

     CCSD(T)-F12         MP2-F12          HF-SCF
   -115.60216097   -115.58374151   -115.09877303
 **********************************************************************************************************************************
 Molpro calculation terminated
