
 Primary working directories    : /tmpdir/job/2955610.undefined/molpro.SUESynYRib
 Secondary working directories  : /tmpdir/job/2955610.undefined/molpro.SUESynYRib
 Wavefunction directory         : /home/zcaposm/wfu/
 Main file repository           : /tmpdir/job/2955610.undefined/molpro.SUESynYRib/

 id        : uclcc

 Nodes                         nprocs
 node-d00a-043.myriad.ucl.ac.uk    1

 Using customized tuning parameters: mindgm=1; mindgv=20; mindgc=4; mindgr=1; noblas=0; minvec=7
 default implementation of scratch files=df  


 Variables initialized (945), CPU time= 0.00 sec
 ***,Methanol Ground State Energy with CCSD(T)-F12 and cc-pVTZ-F12
 memory,500,m;
 
 geometry={angstrom
 c
 o , 1, rco
 h , 2, roh, 1, acoh
 h1, 1, rch1, 2, aoch1  3  ahh1
 h2, 1, rch2, 2, aoch2, 3, ahh2
 h3, 1, rch3, 2, aoch3, 3, ahh3
 }
 
                                                ! Specify the initial values of the internal coordinates (in Angstroms and degrees)
 
 rco= 1.42077677
 roh= 0.96013932
 rch1= 1.091717515605
 rch2= 1.06440070258
 rch3= 1.091717515605
 acoh= 108.12930637
 aoch1= 111.6522152299
 aoch2= 107.18733878260001
 aoch3= 111.6522152299
 ahh1=61.43364279
 ahh2=180.0
 ahh3=298.56635721
 
                                                                                 ! Use the cc-pVTZ-F12 basis set
 basis=cc-pVTZ-F12
 
 hf
 
                                                                                 ! Use explicitly correlated F12 methods
                                                                            ! First, MP2-F12 (useful for initial electronic energy)
 {mp2-f12}
 
                                                                        ! If desired, perform CCSD(T)-F12 for more accurate results
 {ccsd(t)-f12}
 
                                                                                 ! Output the energy
 xxx = "mmm"
 point = 45
 text ### CH3OH
 table,xxx,rco,roh,rch1,rch2,rch3,acoh,aoch1,aoch2,aoch3,ahh1,ahh2,ahh3,energy,point
 DIGITS, 0, 8, 8, 8, 8, 8, 8, 8, 8, 8,  8,  8,  8, 8, 4
 save,CH3OH_MEP_MP2_45.dat,new
 
 Commands  initialized (802), CPU time= 0.01 sec, 659 directives.
 Default parameters read. Elapsed time= 0.11 sec

 Checking input...
 Passed
1


                                         ***  PROGRAM SYSTEM MOLPRO  ***
                                       Copyright, TTI GmbH Stuttgart, 2015
                                    Version 2020.1 linked Oct  6 2020 12:04:11


 **********************************************************************************************************************************
 LABEL *   Methanol Ground State Energy with CCSD(T)-F12 and cc-pVTZ-F12                 
  64 bit serial version                                                                  DATE: 08-Oct-24          TIME: 17:15:52  
 **********************************************************************************************************************************

 SHA1:             8c27446f6450a7499e38f603e13c65f775101d37
 **********************************************************************************************************************************

 Memory per process:       500 MW
 Total memory per node:    500 MW

 GA preallocation disabled
 GA check disabled

 Variable memory set to 500.0 MW

 SETTING RCO            =         1.42077677                                  
 SETTING ROH            =         0.96013932                                  
 SETTING RCH1           =         1.09171752                                  
 SETTING RCH2           =         1.06440070                                  
 SETTING RCH3           =         1.09171752                                  
 SETTING ACOH           =       108.12930637                                  
 SETTING AOCH1          =       111.65221523                                  
 SETTING AOCH2          =       107.18733878                                  
 SETTING AOCH3          =       111.65221523                                  
 SETTING AHH1           =        61.43364279                                  
 SETTING AHH2           =       180.00000000                                  
 SETTING AHH3           =       298.56635721                                  
 SETTING BASIS          =    CC-PVTZ-F12


 Recomputing integrals since basis changed


 Using spherical harmonics

 Library entry C      S cc-pVTZ-F12          selected for orbital group  1
 Library entry C      P cc-pVTZ-F12          selected for orbital group  1
 Library entry C      D cc-pVTZ-F12          selected for orbital group  1
 Library entry C      F cc-pVTZ-F12          selected for orbital group  1
 Library entry O      S cc-pVTZ-F12          selected for orbital group  2
 Library entry O      P cc-pVTZ-F12          selected for orbital group  2
 Library entry O      D cc-pVTZ-F12          selected for orbital group  2
 Library entry O      F cc-pVTZ-F12          selected for orbital group  2
 Library entry H      S cc-pVTZ-F12          selected for orbital group  3
 Library entry H      P cc-pVTZ-F12          selected for orbital group  3
 Library entry H      D cc-pVTZ-F12          selected for orbital group  3


 PROGRAM * SEWARD (Integral evaluation for generally contracted gaussian basis sets)     Author: Roland Lindh, 1990

 Geometry written to block  1 of record 700

 Orientation using atomic masses  
 Molecule type: Asymmetric top
 Symmetry elements: X
 Rotational constants:      24.0189378     24.8269185    130.0287541 GHz  (calculated with average atomic masses)

 Point group  Cs  



 ATOMIC COORDINATES

 NR  ATOM    CHARGE       X              Y              Z

   1  C       6.00    0.000000000    0.021746116   -1.377043688
   2  O       8.00    0.000000000   -0.120964388    1.304039833
   3  H       1.00    0.000000000    1.570916550    1.959469116
   4  H1      1.00    1.684053272    0.977803943   -2.088437662
   5  H3      1.00   -1.684053272    0.977803943   -2.088437662
   6  H2      1.00    0.000000000   -1.865547564   -2.072713417

 Bond lengths in Bohr (Angstrom)

 1-2  2.684878979  1-4  2.063047110  1-5  2.063047110  1-6  2.011425815  2-3  1.814400356
     ( 1.420776770)     ( 1.091717516)     ( 1.091717516)     ( 1.064400703)     ( 0.960139320)

 Bond angles

  1-2-3  108.12930637   2-1-4  111.65221523   2-1-5  111.65221523   2-1-6  107.18733878

  4-1-5  109.43105099   4-1-6  108.39459424   5-1-6  108.39459424

 NUCLEAR CHARGE:                   18
 NUMBER OF PRIMITIVE AOS:         228
 NUMBER OF SYMMETRY AOS:          206
 NUMBER OF CONTRACTIONS:          178   (  114A'  +   64A"  )
 NUMBER OF INNER CORE ORBITALS:     0   (    0A'  +    0A"  )
 NUMBER OF OUTER CORE ORBITALS:     2   (    2A'  +    0A"  )
 NUMBER OF VALENCE ORBITALS:       12   (    9A'  +    3A"  )


 NUCLEAR REPULSION ENERGY   40.42263192

 Eigenvalues of metric

         1 0.864E-04 0.183E-03 0.301E-03 0.460E-03 0.493E-03 0.555E-03 0.616E-03 0.620E-03
         2 0.322E-03 0.570E-03 0.686E-03 0.177E-02 0.336E-02 0.494E-02 0.628E-02 0.868E-02


 Contracted 2-electron integrals neglected if value below      1.0D-11
 AO integral compression algorithm  1   Integral accuracy      1.0D-11

     331.874 MB (compressed) written to integral file ( 53.5%)


 NUMBER OF SORTED TWO-ELECTRON INTEGRALS:   64554730.     BUFFER LENGTH:  32768
 NUMBER OF SEGMENTS:   5  SEGMENT LENGTH:   15997996      RECORD LENGTH: 524288

 Memory used in sort:      16.56 MW

 SORT1 READ    77497885. AND WROTE    63558755. INTEGRALS IN    184 RECORDS. CPU TIME:     1.64 SEC, REAL TIME:    45.82 SEC
 SORT2 READ    63558755. AND WROTE    64554730. INTEGRALS IN   1266 RECORDS. CPU TIME:     1.37 SEC, REAL TIME:   114.27 SEC

 FILE SIZES:   FILE 1:   362.8 MBYTE,  FILE 4:   771.8 MBYTE,   TOTAL:   1134.6 MBYTE

 OPERATOR DM      FOR CENTER  0  COORDINATES:    0.000000    0.000000    0.000000


 **********************************************************************************************************************************
 DATASETS  * FILE   NREC   LENGTH (MB)   RECORD NAMES
              1      19      312.00       500      610      700      900      950      970     1000      129      960     1100   
                                          VAR    BASINP    GEOM    SYMINP    ZMAT    AOBASIS   BASIS     P2S    ABASIS      S 
                                         1400     1410     1200     1210     1080     1600     1650     1300     1700   
                                           T        V       H0       H01     AOSYM     SMH    MOLCAS    ERIS     OPER   

 PROGRAMS   *        TOTAL       INT
 CPU TIMES  *         6.69      6.57
 REAL TIME  *       210.55 SEC
 DISK USED  *         1.13 GB
 **********************************************************************************************************************************


 PROGRAM * RHF-SCF (CLOSED SHELL)       Authors: W. Meyer, H.-J. Werner


 NUMBER OF ELECTRONS:       9+    9-
 CONVERGENCE THRESHOLDS:    1.00E-05 (Density)    1.00E-07 (Energy)
 MAX. NUMBER OF ITERATIONS:       60
 INTERPOLATION TYPE:            DIIS
 INTERPOLATION STEPS:              2 (START)      1 (STEP)
 LEVEL SHIFTS:                  0.00 (CLOSED)  0.00 (OPEN) 



 Orbital guess generated from atomic densities. Full valence occupancy:   11   3

 Molecular orbital dump at record        2100.2

 Initial occupancy:   7   2

 ITERATION    DDIFF          GRAD             ENERGY        2-EL.EN.            DIPOLE MOMENTS         DIIS   ORB.
    1      0.000D+00      0.000D+00      -115.06224751    164.638342    0.00000    0.90839   -0.47913    0    start
    2      0.000D+00      0.667D-02      -115.09064921    162.039655    0.00000    0.49303   -0.30803    1    diag
    3      0.654D-02      0.364D-02      -115.09807371    163.307973    0.00000    0.59548   -0.40090    2    diag
    4      0.221D-02      0.724D-03      -115.09860775    163.130635    0.00000    0.58946   -0.39651    3    diag
    5      0.594D-03      0.146D-03      -115.09864236    163.141337    0.00000    0.58511   -0.40149    4    diag
    6      0.165D-03      0.272D-04      -115.09864393    163.139609    0.00000    0.58519   -0.40231    5    diag
    7      0.474D-04      0.590D-05      -115.09864401    163.138943    0.00000    0.58499   -0.40260    6    diag
    8      0.119D-04      0.170D-05      -115.09864401    163.139395    0.00000    0.58497   -0.40263    7    diag
    9      0.257D-05      0.518D-06      -115.09864401    163.139227    0.00000    0.58496   -0.40264    0    orth

 Final occupancy:   7   2

 !RHF STATE  1.1 Energy              -115.098644012539
 Nuclear energy                        40.42263192
 One-electron energy                 -237.09088954
 Two-electron energy                   81.56961361
 Virial quotient                       -1.00074714
 !RHF STATE  1.1 Dipole moment          0.00000000     0.58495661    -0.40264044
 Dipole moment /Debye                   0.00000000     1.48671402    -1.02334290

 Orbital energies:

         1.1          2.1          3.1          4.1          5.1          6.1          7.1          8.1          9.1
    -20.556039   -11.267270    -1.356717    -0.928848    -0.690780    -0.596964    -0.506039     0.054697     0.064907

         1.2          2.2          3.2          4.2
     -0.621268    -0.451906     0.073793     0.181521


 HOMO      2.2    -0.451906 =     -12.2970eV
 LUMO      8.1     0.054697 =       1.4884eV
 LUMO-HOMO         0.506604 =      13.7854eV


 **********************************************************************************************************************************
 DATASETS  * FILE   NREC   LENGTH (MB)   RECORD NAMES
              1      19      312.00       500      610      700      900      950      970     1000      129      960     1100   
                                          VAR    BASINP    GEOM    SYMINP    ZMAT    AOBASIS   BASIS     P2S    ABASIS      S 
                                         1400     1410     1200     1210     1080     1600     1650     1300     1700   
                                           T        V       H0       H01     AOSYM     SMH    MOLCAS    ERIS     OPER   

              2       4        3.18       700     1000      520     2100   
                                         GEOM     BASIS   MCVARS     RHF  

 PROGRAMS   *        TOTAL    HF-SCF       INT
 CPU TIMES  *         9.77      3.08      6.57
 REAL TIME  *       215.59 SEC
 DISK USED  *         1.13 GB
 **********************************************************************************************************************************


 PROGRAM * MP2 (Closed-shell)     Authors: C. Hampel, H.-J. Werner, 1991, M. Deegan, P.J. Knowles, 1992

                                   MP2-F12 implementation by H.-J. Werner, 2007

                   Density fitting integral evaluation by F.R. Manby, 2003,2007, G. Knizia, 2010


 Basis set AUG-CC-PVTZ/JKFIT generated.  Number of basis functions:   392 
 Basis set CC-PVTZ-F12/OPTRI generated.  Number of basis functions:   314 
 Basis set AUG-CC-PVTZ/MP2FIT generated. Number of basis functions:   396 

 Convergence thresholds:  THRVAR = 1.00D-08  THRDEN = 1.00D-06

 Number of core orbitals:           2 (   2   0 )
 Number of closed-shell orbitals:   7 (   5   2 )
 Number of external orbitals:     169 ( 107  62 )

 Molecular orbitals read from record     2100.2  Type=RHF/CANONICAL (state 1.1)

 MP2-F12 correlation treatment (H.-J. Werner, 2006)
 ==================================================

 Using MP2-F12 with ansatz 3C(FIX)

 Using projected zeroth-order Hamiltonian (+Z)

 FOCKRIB=T FOCKRIC=T FOCKRIP=T CABSP=T CABSA=T CABSK=T CABSF=T GBC=F EBC=F DMAT=T NOFIK=T NOPAO=1 SOLVE=-1  USEPAO=0
 EXCH_A= T EXCH_B= F EXCH_C= F EXCH_P= F

 Geminal basis:    OPTFULL  GEM_TYPE=SLATER  BETA=1.0  NGEM=6

 Optimizing Gaussian exponents for each gem_beta

 Geminal optimization for beta= 1.0000
 Weight function:   m=0, omega= 1.4646

 Augmented Hessian optimization of geminal fit. Trust ratio= 0.40000
 Convergence reached after   2 iterations. Final gradient= 8.66D-16, Step= 4.23D-06, Delta= 1.28D-09

 Alpha:                 0.19532     0.81920     2.85917     9.50073    35.69989   197.79328
 Coeff:                 0.27070     0.30552     0.18297     0.10986     0.06810     0.04224


 Symmetry turned off. Reference energy:       -115.098644012539

 All pairs explicitly correlated. Number of r12-pairs:           28

 Excluding core orbitals from MO domains

 AO(A)-basis ORBITAL           loaded. Number of functions:     178
 RI(R)-basis CC-PVTZ-F12/OPTRI loaded. Number of functions:     314
 DF-basis AUG-CC-PVTZ/JKFIT    loaded. Number of functions:     392

 Screening thresholds:   THRAO=  1.00D-10  THRMO=  1.00D-09  THRPROD=  1.00D-09
                         THRSW=  1.00D-05  THROV=  1.00D-12  THRAOF12= 1.00D-08

 CPU time for Fock operators                      5.50 sec

 Construction of ABS:
 Smallest eigenvalue of S          4.22E-04  (threshold= 1.00E-08)
 Ratio eigmin/eigmax               5.38E-05  (threshold= 1.00E-09)
 Smallest eigenvalue of S kept     4.22E-04  (threshold= 4.22E-04, 0 functions deleted, 314 kept)

 Construction of CABS:
 Smallest eigenvalue of S          6.97E-07  (threshold= 1.00E-08)
 Ratio eigmin/eigmax               6.97E-07  (threshold= 1.00E-09)
 Smallest eigenvalue of S kept     6.97E-07  (threshold= 6.97E-07, 0 functions deleted, 314 kept)

 CPU time for CABS singles                        0.04 sec

 CABS-singles contribution of  -0.00136090 patched into reference energy.
 New reference energy        -115.10000491

 AO(A)-basis ORBITAL           loaded. Number of functions:     178
 RI(R)-basis CC-PVTZ-F12/OPTRI loaded. Number of functions:     314
 DF-basis AUG-CC-PVTZ/MP2FIT   loaded. Number of functions:     396

 Screening thresholds:   THRAO=  1.00D-10  THRMO=  1.00D-09  THRPROD=  1.00D-09
                         THRSW=  1.00D-05  THROV=  1.00D-12  THRAOF12= 1.00D-08

 CPU time for 3-index integral evaluation         3.68 sec
 CPU time for first  half transformation          0.21 sec (11757.4 MFLOP/sec)
 CPU time for second half transformation          0.01 sec ( 6217.0 MFLOP/sec)
 CPU time for sorting                             0.01 sec
 CPU time for fitting                             0.03 sec (37980.8 MFLOP/sec)
 CPU time for tilde quantities                    0.01 sec (******* MFLOP/sec)
 CPU time for assembly                            0.21 sec (58826.6 MFLOP/sec)
 CPU time for tranop_f12                          0.28 sec (56643.7 MFLOP/sec)
 CPU time for f12 integrals (total)               7.41 sec, Elapsed time:      7.79 sec
 CPU time for f12 matrices (total)                0.11 sec, Elapsed time:      0.14 sec

 Diagonal F12 approximation with fixed coefficients:  TSING= 0.500,  TTRIP= 0.250 (scaled by -1/beta)

 DF-MP2-F12 energy corrections:
 ==============================
 Approx.                                    Singlet             Triplet             Total
 DF-MP2-F12/3*C(DX,FIX)                -0.038326923119     -0.004217539273     -0.042544462392
 DF-MP2-F12/3*C(FIX)                   -0.036119008739     -0.003934601713     -0.040053610452
 DF-MP2-F12/3C(FIX)                    -0.036061501808     -0.004069414301     -0.040130916110

 DF-MP2-F12 correlation energies:
 ================================
 Approx.                                    Singlet             Triplet             Ecorr            Total Energy
 DF-MP2                                -0.290941195793     -0.152361162397     -0.443302358190   -115.543307271702
 DF-MP2-F12/3*C(DX,FIX)                -0.329268118912     -0.156578701670     -0.485846820582   -115.585851734094
 DF-MP2-F12/3*C(FIX)                   -0.327060204532     -0.156295764110     -0.483355968642   -115.583360882154
 DF-MP2-F12/3C(FIX)                    -0.327002697601     -0.156430576699     -0.483433274300   -115.583438187812

 SCS-DF-MP2 energies (F_SING= 1.20000  F_TRIP= 0.62222  F_PARALLEL= 0.33333):
 ============================================================================
 SCS-DF-MP2                            -0.443931935999   -115.543936849511
 SCS-DF-MP2-F12/3*C(DX,FIX)            -0.492548490400   -115.592553403912
 SCS-DF-MP2-F12/3*C(FIX)               -0.489722943107   -115.589727856619
 SCS-DF-MP2-F12/3C(FIX)                -0.489737818178   -115.589742731691

 Symmetry restored.
 Symmetry transformation completed.

 Number of N-1 electron functions:               7
 Number of N-2 electron functions:              28
 Number of singly external CSFs:               659
 Number of doubly external CSFs:            355020
 Total number of CSFs:                      355680

 Length of J-op  integral file:             103.49 MB
 Length of K-op  integral file:             127.95 MB

 Integral transformation finished. Total CPU:   0.48 sec, npass=  1  Memory used:   0.67 MW

 ITER.      SQ.NORM     CORR.ENERGY   TOTAL ENERGY   ENERGY CHANGE     VAR   MIC
   1      1.00000000    -0.44336850  -115.54337342    -0.44336850  0.00D+00   0
   2      1.11440561    -0.44336850  -115.54337342     0.00000000 -0.49D-15   0

 Solving MP2-F12 equations

   1      1.11436971    -0.48274173  -115.58274664    -0.03937323 -0.37D-04   0
   2      1.11436971    -0.48349803  -115.58350294    -0.00075630 -0.17D-17   0
   3      1.11436971    -0.48349803  -115.58350294     0.00000000  0.94D-19   0

 CPU TIME FOR ITERATIVE MP2:    0.04 SEC


 MP2-F12 energy corrections:
 ===========================
 Approx.                                    Singlet             Triplet             Total
 MP2-F12/3*C(DX,FIX)                   -0.038326923119     -0.004217539273     -0.042544462392
 MP2-F12/3*C(FIX)                      -0.036119008739     -0.003934601713     -0.040053610452
 MP2-F12/3C(FIX)                       -0.036058804371     -0.004070722673     -0.040129527044

 MP2-F12 correlation energies:
 =============================
 Approx.                                    Singlet             Triplet             Ecorr            Total Energy
 MP2                                   -0.291124325786     -0.152244177568     -0.443368503354   -115.543373416866
 MP2-F12/3*C(DX,FIX)                   -0.329451248905     -0.156461716841     -0.485912965746   -115.585917879258
 MP2-F12/3*C(FIX)                      -0.327243334525     -0.156178779281     -0.483422113806   -115.583427027318
 MP2-F12/3C(FIX)                       -0.327183130157     -0.156314900240     -0.483498030398   -115.583502943910

 SCS-MP2 energies (F_SING= 1.20000  F_TRIP= 0.62222  F_PARALLEL= 0.33333):
 =========================================================================
 SCS-MP2                               -0.444078901430   -115.544083814942
 SCS-MP2-F12/3*C(DX,FIX)               -0.492695455832   -115.592700369344
 SCS-MP2-F12/3*C(FIX)                  -0.489869908538   -115.589874822050
 SCS-MP2-F12/3C(FIX)                   -0.489882360783   -115.589887274295


  Reference energy                   -115.098644012539
  F12 singles correction               -0.001360900973

 F12 singles corrections added to reference energy

  New reference energy               -115.100004913512

  F12/3C(F) singlet correction         -0.036058804371
  F12/3C(F) triplet correction         -0.004070722673
  F12/3C(F) total correction           -0.040129527044
  MP2-F12/3C(F) singlet pair energy    -0.327183130157
  MP2-F12/3C(F) triplet pair energy    -0.156314900240
  MP2-F12/3C(F) correlation energy     -0.483498030398

 !MP2-F12/3C(F) total energy         -115.583502943910


 **********************************************************************************************************************************
 DATASETS  * FILE   NREC   LENGTH (MB)   RECORD NAMES
              1      20      317.74       500      610      700      900      950      970     1000      129      960     1100   
                                          VAR    BASINP    GEOM    SYMINP    ZMAT    AOBASIS   BASIS     P2S    ABASIS      S 
                                         1400     1410     1200     1210     1080     1600     1650     1300     1700     1380   
                                           T        V       H0       H01     AOSYM     SMH    MOLCAS    ERIS     OPER     JKOP   

              2       7        3.55       700     1000      520     2100     7360     7350     7000   
                                         GEOM     BASIS   MCVARS     RHF    F12ABS    EF12   

 PROGRAMS   *        TOTAL   MP2-F12    HF-SCF       INT
 CPU TIMES  *        23.53     13.75      3.08      6.57
 REAL TIME  *       230.68 SEC
 DISK USED  *         1.13 GB
 **********************************************************************************************************************************


 PROGRAM * CCSD (Closed-shell coupled cluster)     Authors: C. Hampel, H.-J. Werner, 1991, M. Deegan, P.J. Knowles, 1992

                                  CCSD-F12 implementation by  H.-J. Werner, 2007

                   Density fitting integral evaluation by F.R. Manby, 2003,2007, G. Knizia, 2010



 Convergence thresholds:  THRVAR = 1.00D-08  THRDEN = 1.00D-06

 CCSD(T)     terms to be evaluated (factor= 1.000)


 Number of core orbitals:           2 (   2   0 )
 Number of closed-shell orbitals:   7 (   5   2 )
 Number of external orbitals:     169 ( 107  62 )

 Molecular orbitals read from record     2100.2  Type=RHF/CANONICAL (state 1.1)

 MP2-F12 correlation treatment (H.-J. Werner, 2006)
 ==================================================

 Using MP2-F12 with ansatz 3C(FIX)

 Using projected zeroth-order Hamiltonian (+Z)

 FOCKRIB=T FOCKRIC=T FOCKRIP=T CABSP=T CABSA=T CABSK=T CABSF=T GBC=F EBC=F DMAT=T NOFIK=T NOPAO=1 SOLVE=-1  USEPAO=0
 EXCH_A= T EXCH_B= F EXCH_C= F EXCH_P= F

 Geminal basis:    OPTFULL  GEM_TYPE=SLATER  BETA=1.0  NGEM=6

 Optimizing Gaussian exponents for each gem_beta

 Geminal optimization for beta= 1.0000
 Weight function:   m=0, omega= 1.4646

 Augmented Hessian optimization of geminal fit. Trust ratio= 0.40000
 Convergence reached after   2 iterations. Final gradient= 8.66D-16, Step= 4.23D-06, Delta= 1.28D-09

 Alpha:                 0.19532     0.81920     2.85917     9.50073    35.69989   197.79328
 Coeff:                 0.27070     0.30552     0.18297     0.10986     0.06810     0.04224


 Symmetry turned off. Reference energy:       -115.098644012539

 All pairs explicitly correlated. Number of r12-pairs:           28

 Excluding core orbitals from MO domains

 AO(A)-basis ORBITAL           loaded. Number of functions:     178
 RI(R)-basis CC-PVTZ-F12/OPTRI loaded. Number of functions:     314
 DF-basis AUG-CC-PVTZ/JKFIT    loaded. Number of functions:     392

 Screening thresholds:   THRAO=  1.00D-10  THRMO=  1.00D-09  THRPROD=  1.00D-09
                         THRSW=  1.00D-05  THROV=  1.00D-12  THRAOF12= 1.00D-08

 CPU time for Fock operators                      5.54 sec

 Construction of ABS:
 Smallest eigenvalue of S          4.22E-04  (threshold= 1.00E-08)
 Ratio eigmin/eigmax               5.38E-05  (threshold= 1.00E-09)
 Smallest eigenvalue of S kept     4.22E-04  (threshold= 4.22E-04, 0 functions deleted, 314 kept)

 Construction of CABS:
 Smallest eigenvalue of S          6.97E-07  (threshold= 1.00E-08)
 Ratio eigmin/eigmax               6.97E-07  (threshold= 1.00E-09)
 Smallest eigenvalue of S kept     6.97E-07  (threshold= 6.97E-07, 0 functions deleted, 314 kept)

 CPU time for CABS singles                        0.04 sec

 CABS-singles contribution of  -0.00136090 patched into reference energy.
 New reference energy        -115.10000491

 AO(A)-basis ORBITAL           loaded. Number of functions:     178
 RI(R)-basis CC-PVTZ-F12/OPTRI loaded. Number of functions:     314
 DF-basis AUG-CC-PVTZ/MP2FIT   loaded. Number of functions:     396

 Screening thresholds:   THRAO=  1.00D-10  THRMO=  1.00D-09  THRPROD=  1.00D-09
                         THRSW=  1.00D-05  THROV=  1.00D-12  THRAOF12= 1.00D-08

 CPU time for 3-index integral evaluation         3.57 sec
 CPU time for first  half transformation          0.39 sec ( 6330.9 MFLOP/sec)
 CPU time for second half transformation          0.01 sec ( 6217.0 MFLOP/sec)
 CPU time for sorting                             0.01 sec
 CPU time for fitting                             0.01 sec (******* MFLOP/sec)
 CPU time for tilde quantities                    0.03 sec (50348.4 MFLOP/sec)
 CPU time for assembly                            0.22 sec (56152.7 MFLOP/sec)
 CPU time for tranop_f12                          0.29 sec (54690.4 MFLOP/sec)
 CPU time for f12 integrals (total)               7.50 sec, Elapsed time:      7.89 sec
 CPU time for f12 matrices (total)                0.11 sec, Elapsed time:      0.15 sec

 Diagonal F12 approximation with fixed coefficients:  TSING= 0.500,  TTRIP= 0.250 (scaled by -1/beta)

 DF-MP2-F12 energy corrections:
 ==============================
 Approx.                                    Singlet             Triplet             Total
 DF-MP2-F12/3*C(DX,FIX)                -0.038326923119     -0.004217539273     -0.042544462392
 DF-MP2-F12/3*C(FIX)                   -0.036119008739     -0.003934601713     -0.040053610452
 DF-MP2-F12/3C(FIX)                    -0.036061501808     -0.004069414301     -0.040130916110

 DF-MP2-F12 correlation energies:
 ================================
 Approx.                                    Singlet             Triplet             Ecorr            Total Energy
 DF-MP2                                -0.290941195793     -0.152361162397     -0.443302358190   -115.543307271702
 DF-MP2-F12/3*C(DX,FIX)                -0.329268118912     -0.156578701670     -0.485846820582   -115.585851734094
 DF-MP2-F12/3*C(FIX)                   -0.327060204532     -0.156295764110     -0.483355968642   -115.583360882154
 DF-MP2-F12/3C(FIX)                    -0.327002697601     -0.156430576699     -0.483433274300   -115.583438187812

 SCS-DF-MP2 energies (F_SING= 1.20000  F_TRIP= 0.62222  F_PARALLEL= 0.33333):
 ============================================================================
 SCS-DF-MP2                            -0.443931935999   -115.543936849511
 SCS-DF-MP2-F12/3*C(DX,FIX)            -0.492548490400   -115.592553403912
 SCS-DF-MP2-F12/3*C(FIX)               -0.489722943107   -115.589727856619
 SCS-DF-MP2-F12/3C(FIX)                -0.489737818178   -115.589742731691

 Symmetry restored.
 Symmetry transformation completed.

 Number of N-1 electron functions:               7
 Number of N-2 electron functions:              28
 Number of singly external CSFs:               659
 Number of doubly external CSFs:            355020
 Total number of CSFs:                      355680

 Length of J-op  integral file:             103.62 MB
 Length of K-op  integral file:             127.95 MB
 Length of 3-ext integral record:             0.00 MB

 Memory could be reduced to 24.20 Mwords without degradation in triples

 Integral transformation finished. Total CPU:   1.36 sec, npass=  1  Memory used:   7.45 MW

 Reference energy:                   -115.10000491

 Adding F12 terms to K(Cij), methodcc=6,  factor= 1.0

 ITER.      SQ.NORM     CORR.ENERGY   TOTAL ENERGY   ENERGY CHANGE        DEN1      VAR(S)    VAR(P)  DIIS     TIME  TIME/IT
   1      1.11723478    -0.45267157  -115.55267649    -0.00930307     0.00164912  0.15D-02  0.19D-02  1  1    15.54     0.96
   2      1.12458319    -0.45302224  -115.55302716    -0.00035067    -0.00900830  0.24D-04  0.23D-03  2  2    16.46     0.99
   3      1.12727488    -0.45319659  -115.55320151    -0.00017435    -0.00184634  0.15D-04  0.13D-04  3  3    17.38     1.00
   4      1.12820960    -0.45321450  -115.55321941    -0.00001791    -0.00059390  0.86D-06  0.12D-05  4  4    18.30     1.01
   5      1.12836390    -0.45321590  -115.55322081    -0.00000140    -0.00003763  0.23D-06  0.10D-06  5  5    19.23     1.01
   6      1.12840626    -0.45321353  -115.55321844     0.00000237    -0.00000420  0.36D-07  0.95D-08  6  6    20.17     1.02
   7      1.12841741    -0.45321266  -115.55321758     0.00000087    -0.00000296  0.40D-08  0.14D-08  6  1    21.11     1.02
   8      1.12841922    -0.45321273  -115.55321764    -0.00000006     0.00000034  0.67D-09  0.20D-09  6  3    22.04     1.02

 Norm of t1 vector:      0.04986799      S-energy:    -0.00000036      T1 diagnostic:  0.00942417
                                                                       D1 diagnostic:  0.02003730

 Adding energy correction from Wij-K(Fij), methodcc=6  factor= 1.0

  CCSD correlation energy              -0.453212725273
  MP2-F12 correction (uncoupled)       -0.038580687186
  C*T doubles correction               -0.001164209513
  f12b correction                       0.007098764124


 Total CPU time for triples:     13.42 sec


 RESULTS
 =======

  Reference energy                   -115.098644012539
  F12 singles correction               -0.001360900973

 F12 singles corrections added to reference energy

  New reference energy               -115.100004913512

  F12a singlet correction              -0.035822648479
  F12a triplet correction              -0.003922248221
  F12a total correction                -0.039744896700

 F12a corrections for ansatz F12/3C(FIX) added to CCSD energy

  CCSD-F12a singlet pair energy        -0.350989786018
  CCSD-F12a triplet pair energy        -0.141967477843
  CCSD-F12a correlation energy         -0.492957621972

  Triples (T) contribution             -0.015972346635
  Total correlation energy             -0.508929968608

  CCSD-F12a total energy             -115.592962535484
  CCSD[T]-F12a energy                -115.609483665444
  CCSD-T-F12a energy                 -115.608693046992
 !CCSD(T)-F12a total energy          -115.608934882120

 F12b corrections for ansatz F12/3C(FIX) added to CCSD(T)-F12a energy

  CCSD-F12b singlet pair energy        -0.344353592785
  CCSD-F12b triplet pair energy        -0.141504906952
  CCSD-F12b correlation energy         -0.485858857848

  Triples (T) contribution             -0.015972346635
  Total correlation energy             -0.501831204483

  CCSD-F12b total energy             -115.585863771360
  CCSD[T]-F12b energy                -115.602384901320
  CCSD-T-F12b energy                 -115.601594282867
 !CCSD(T)-F12b total energy          -115.601836117995

 Timing summary (sec):

 STEP                 CPU(USER)    SYS     CPU(TOT)    WALL
 Transformation          1.37      0.18      1.55      1.54
 CCSD iterations         7.42      0.76      8.18      8.19
 Triples                13.42      0.52     13.94     13.98
 MP2-F12                13.27      0.58     13.85     14.04
 F12b energy             0.73      0.06      0.79      0.80

 Program statistics:

 Available memory in ccsd:               499999650
 Min. memory needed in ccsd:               1149135
 Max. memory used in ccsd:                 1443104
 Max. memory used in cckext:               1888566 ( 9 integral passes)



 **********************************************************************************************************************************
 DATASETS  * FILE   NREC   LENGTH (MB)   RECORD NAMES
              1      20      386.31       500      610      700      900      950      970     1000      129      960     1100   
                                          VAR    BASINP    GEOM    SYMINP    ZMAT    AOBASIS   BASIS     P2S    ABASIS      S 
                                         1400     1410     1200     1210     1080     1600     1650     1300     1700     1380   
                                           T        V       H0       H01     AOSYM     SMH    MOLCAS    ERIS     OPER     JKOP   

              2       7        3.55       700     1000      520     2100     7360     7350     7000   
                                         GEOM     BASIS   MCVARS     RHF    F12ABS    EF12   

 PROGRAMS   *        TOTAL   CCSD(T)   MP2-F12    HF-SCF       INT
 CPU TIMES  *        59.77     36.23     13.75      3.08      6.57
 REAL TIME  *       269.31 SEC
 DISK USED  *         1.13 GB
 **********************************************************************************************************************************
 SETTING XXX            =    "MMM"
 SETTING POINT          =        45.00000000                                  

 *** ### CH3OH


 XXX       RCO          ROH          RCH1         RCH2         RCH3           ACOH           AOCH1          AOCH2          AOCH3         AHH1           AHH2           AHH3            ENERGY       POINT
 "MMM"   1.42077677   0.96013932   1.09171752   1.06440070   1.09171752   108.12930637   111.65221523   107.18733878   111.65221523   61.43364279   180.00000000   298.56635721   -115.60893488   45.0000
                                                  

 CCSD(T)-F12/cc-pVTZ-F12 energy=   -115.601836117995

     CCSD(T)-F12         MP2-F12          HF-SCF
   -115.60183612   -115.58350294   -115.09864401
 **********************************************************************************************************************************
 Molpro calculation terminated
