
 Primary working directories    : /tmpdir/job/2955618.undefined/molpro.YbD4qfn0EJ
 Secondary working directories  : /tmpdir/job/2955618.undefined/molpro.YbD4qfn0EJ
 Wavefunction directory         : /home/zcaposm/wfu/
 Main file repository           : /tmpdir/job/2955618.undefined/molpro.YbD4qfn0EJ/

 id        : uclcc

 Nodes                         nprocs
 node-d00a-084.myriad.ucl.ac.uk    1

 Using customized tuning parameters: mindgm=1; mindgv=20; mindgc=4; mindgr=1; noblas=0; minvec=7
 default implementation of scratch files=df  


 Variables initialized (945), CPU time= 0.01 sec
 ***,Methanol Ground State Energy with CCSD(T)-F12 and cc-pVTZ-F12
 memory,500,m;
 
 geometry={angstrom
 c
 o , 1, rco
 h , 2, roh, 1, acoh
 h1, 1, rch1, 2, aoch1  3  ahh1
 h2, 1, rch2, 2, aoch2, 3, ahh2
 h3, 1, rch3, 2, aoch3, 3, ahh3
 }
 
                                                ! Specify the initial values of the internal coordinates (in Angstroms and degrees)
 
 rco= 1.42077677
 roh= 0.96013932
 rch1= 1.091717515605
 rch2= 1.08440070258
 rch3= 1.091717515605
 acoh= 108.62930637
 aoch1= 111.6522152299
 aoch2= 107.18733878260001
 aoch3= 111.6522152299
 ahh1=61.43364279
 ahh2=180.0
 ahh3=298.56635721
 
                                                                                 ! Use the cc-pVTZ-F12 basis set
 basis=cc-pVTZ-F12
 
 hf
 
                                                                                 ! Use explicitly correlated F12 methods
                                                                            ! First, MP2-F12 (useful for initial electronic energy)
 {mp2-f12}
 
                                                                        ! If desired, perform CCSD(T)-F12 for more accurate results
 {ccsd(t)-f12}
 
                                                                                 ! Output the energy
 xxx = "mmm"
 point = 52
 text ### CH3OH
 table,xxx,rco,roh,rch1,rch2,rch3,acoh,aoch1,aoch2,aoch3,ahh1,ahh2,ahh3,energy,point
 DIGITS, 0, 8, 8, 8, 8, 8, 8, 8, 8, 8,  8,  8,  8, 8, 4
 save,CH3OH_MEP_MP2_52.dat,new
 
 Commands  initialized (802), CPU time= 0.00 sec, 659 directives.
 Default parameters read. Elapsed time= 0.12 sec

 Checking input...
 Passed
1


                                         ***  PROGRAM SYSTEM MOLPRO  ***
                                       Copyright, TTI GmbH Stuttgart, 2015
                                    Version 2020.1 linked Oct  6 2020 12:04:11


 **********************************************************************************************************************************
 LABEL *   Methanol Ground State Energy with CCSD(T)-F12 and cc-pVTZ-F12                 
  64 bit serial version                                                                  DATE: 08-Oct-24          TIME: 17:30:33  
 **********************************************************************************************************************************

 SHA1:             8c27446f6450a7499e38f603e13c65f775101d37
 **********************************************************************************************************************************

 Memory per process:       500 MW
 Total memory per node:    500 MW

 GA preallocation disabled
 GA check disabled

 Variable memory set to 500.0 MW

 SETTING RCO            =         1.42077677                                  
 SETTING ROH            =         0.96013932                                  
 SETTING RCH1           =         1.09171752                                  
 SETTING RCH2           =         1.08440070                                  
 SETTING RCH3           =         1.09171752                                  
 SETTING ACOH           =       108.62930637                                  
 SETTING AOCH1          =       111.65221523                                  
 SETTING AOCH2          =       107.18733878                                  
 SETTING AOCH3          =       111.65221523                                  
 SETTING AHH1           =        61.43364279                                  
 SETTING AHH2           =       180.00000000                                  
 SETTING AHH3           =       298.56635721                                  
 SETTING BASIS          =    CC-PVTZ-F12


 Recomputing integrals since basis changed


 Using spherical harmonics

 Library entry C      S cc-pVTZ-F12          selected for orbital group  1
 Library entry C      P cc-pVTZ-F12          selected for orbital group  1
 Library entry C      D cc-pVTZ-F12          selected for orbital group  1
 Library entry C      F cc-pVTZ-F12          selected for orbital group  1
 Library entry O      S cc-pVTZ-F12          selected for orbital group  2
 Library entry O      P cc-pVTZ-F12          selected for orbital group  2
 Library entry O      D cc-pVTZ-F12          selected for orbital group  2
 Library entry O      F cc-pVTZ-F12          selected for orbital group  2
 Library entry H      S cc-pVTZ-F12          selected for orbital group  3
 Library entry H      P cc-pVTZ-F12          selected for orbital group  3
 Library entry H      D cc-pVTZ-F12          selected for orbital group  3


 PROGRAM * SEWARD (Integral evaluation for generally contracted gaussian basis sets)     Author: Roland Lindh, 1990

 Geometry written to block  1 of record 700

 Orientation using atomic masses  
 Molecule type: Asymmetric top
 Symmetry elements: X
 Rotational constants:      23.9457912     24.7882359    128.9502555 GHz  (calculated with average atomic masses)

 Point group  Cs  



 ATOMIC COORDINATES

 NR  ATOM    CHARGE       X              Y              Z

   1  C       6.00    0.000000000    0.025641839   -1.377050219
   2  O       8.00    0.000000000   -0.122127064    1.303759264
   3  H       1.00    0.000000000    1.562702354    1.977107974
   4  H1      1.00    1.684053272    0.983040217   -2.086639043
   5  H3      1.00   -1.684053272    0.983040217   -2.086639043
   6  H2      1.00    0.000000000   -1.895773260   -2.089418107

 Bond lengths in Bohr (Angstrom)

 1-2  2.684878979  1-4  2.063047110  1-5  2.063047110  1-6  2.049220337  2-3  1.814400356
     ( 1.420776770)     ( 1.091717516)     ( 1.091717516)     ( 1.084400703)     ( 0.960139320)

 Bond angles

  1-2-3  108.62930637   2-1-4  111.65221523   2-1-5  111.65221523   2-1-6  107.18733878

  4-1-5  109.43105099   4-1-6  108.39459424   5-1-6  108.39459424

 NUCLEAR CHARGE:                   18
 NUMBER OF PRIMITIVE AOS:         228
 NUMBER OF SYMMETRY AOS:          206
 NUMBER OF CONTRACTIONS:          178   (  114A'  +   64A"  )
 NUMBER OF INNER CORE ORBITALS:     0   (    0A'  +    0A"  )
 NUMBER OF OUTER CORE ORBITALS:     2   (    2A'  +    0A"  )
 NUMBER OF VALENCE ORBITALS:       12   (    9A'  +    3A"  )


 NUCLEAR REPULSION ENERGY   40.33913191

 Eigenvalues of metric

         1 0.880E-04 0.183E-03 0.310E-03 0.460E-03 0.493E-03 0.560E-03 0.617E-03 0.621E-03
         2 0.323E-03 0.570E-03 0.686E-03 0.178E-02 0.338E-02 0.492E-02 0.644E-02 0.869E-02


 Contracted 2-electron integrals neglected if value below      1.0D-11
 AO integral compression algorithm  1   Integral accuracy      1.0D-11

     331.612 MB (compressed) written to integral file ( 53.5%)


 NUMBER OF SORTED TWO-ELECTRON INTEGRALS:   64554730.     BUFFER LENGTH:  32768
 NUMBER OF SEGMENTS:   5  SEGMENT LENGTH:   15997996      RECORD LENGTH: 524288

 Memory used in sort:      16.56 MW

 SORT1 READ    77497885. AND WROTE    63554533. INTEGRALS IN    184 RECORDS. CPU TIME:     2.36 SEC, REAL TIME:   123.88 SEC
 SORT2 READ    63554533. AND WROTE    64554730. INTEGRALS IN   1265 RECORDS. CPU TIME:     1.53 SEC, REAL TIME:   159.10 SEC

 FILE SIZES:   FILE 1:   362.5 MBYTE,  FILE 4:   771.8 MBYTE,   TOTAL:   1134.3 MBYTE

 OPERATOR DM      FOR CENTER  0  COORDINATES:    0.000000    0.000000    0.000000


 **********************************************************************************************************************************
 DATASETS  * FILE   NREC   LENGTH (MB)   RECORD NAMES
              1      19      311.84       500      610      700      900      950      970     1000      129      960     1100   
                                          VAR    BASINP    GEOM    SYMINP    ZMAT    AOBASIS   BASIS     P2S    ABASIS      S 
                                         1400     1410     1200     1210     1080     1600     1650     1300     1700   
                                           T        V       H0       H01     AOSYM     SMH    MOLCAS    ERIS     OPER   

 PROGRAMS   *        TOTAL       INT
 CPU TIMES  *         7.58      7.47
 REAL TIME  *       342.69 SEC
 DISK USED  *         1.13 GB
 **********************************************************************************************************************************


 PROGRAM * RHF-SCF (CLOSED SHELL)       Authors: W. Meyer, H.-J. Werner


 NUMBER OF ELECTRONS:       9+    9-
 CONVERGENCE THRESHOLDS:    1.00E-05 (Density)    1.00E-07 (Energy)
 MAX. NUMBER OF ITERATIONS:       60
 INTERPOLATION TYPE:            DIIS
 INTERPOLATION STEPS:              2 (START)      1 (STEP)
 LEVEL SHIFTS:                  0.00 (CLOSED)  0.00 (OPEN) 



 Orbital guess generated from atomic densities. Full valence occupancy:   11   3

 Molecular orbital dump at record        2100.2

 Initial occupancy:   7   2

 ITERATION    DDIFF          GRAD             ENERGY        2-EL.EN.            DIPOLE MOMENTS         DIIS   ORB.
    1      0.000D+00      0.000D+00      -115.06245086    164.478739    0.00000    0.90222   -0.47144    0    start
    2      0.000D+00      0.668D-02      -115.09077198    161.891717    0.00000    0.49621   -0.29983    1    diag
    3      0.652D-02      0.365D-02      -115.09824781    163.157035    0.00000    0.59905   -0.39246    2    diag
    4      0.222D-02      0.720D-03      -115.09877951    162.980333    0.00000    0.59400   -0.38808    3    diag
    5      0.593D-03      0.145D-03      -115.09881373    162.991706    0.00000    0.59004   -0.39291    4    diag
    6      0.165D-03      0.269D-04      -115.09881527    162.989524    0.00000    0.59018   -0.39369    5    diag
    7      0.474D-04      0.570D-05      -115.09881534    162.989126    0.00000    0.59000   -0.39397    6    diag
    8      0.119D-04      0.150D-05      -115.09881535    162.989483    0.00000    0.58998   -0.39400    7    diag
    9      0.237D-05      0.475D-06      -115.09881535    162.989318    0.00000    0.58997   -0.39400    0    orth

 Final occupancy:   7   2

 !RHF STATE  1.1 Energy              -115.098815349508
 Nuclear energy                        40.33913191
 One-electron energy                 -236.93260604
 Two-electron energy                   81.49465879
 Virial quotient                       -1.00102850
 !RHF STATE  1.1 Dipole moment          0.00000000     0.58996597    -0.39400172
 Dipole moment /Debye                   0.00000000     1.49944570    -1.00138689

 Orbital energies:

         1.1          2.1          3.1          4.1          5.1          6.1          7.1          8.1          9.1
    -20.556112   -11.269806    -1.356551    -0.926565    -0.690724    -0.594607    -0.503807     0.054711     0.065009

         1.2          2.2          3.2          4.2
     -0.621420    -0.452051     0.073824     0.181458


 HOMO      2.2    -0.452051 =     -12.3009eV
 LUMO      8.1     0.054711 =       1.4888eV
 LUMO-HOMO         0.506762 =      13.7897eV


 **********************************************************************************************************************************
 DATASETS  * FILE   NREC   LENGTH (MB)   RECORD NAMES
              1      19      311.84       500      610      700      900      950      970     1000      129      960     1100   
                                          VAR    BASINP    GEOM    SYMINP    ZMAT    AOBASIS   BASIS     P2S    ABASIS      S 
                                         1400     1410     1200     1210     1080     1600     1650     1300     1700   
                                           T        V       H0       H01     AOSYM     SMH    MOLCAS    ERIS     OPER   

              2       4        3.18       700     1000      520     2100   
                                         GEOM     BASIS   MCVARS     RHF  

 PROGRAMS   *        TOTAL    HF-SCF       INT
 CPU TIMES  *        10.68      3.10      7.47
 REAL TIME  *       384.00 SEC
 DISK USED  *         1.13 GB
 **********************************************************************************************************************************


 PROGRAM * MP2 (Closed-shell)     Authors: C. Hampel, H.-J. Werner, 1991, M. Deegan, P.J. Knowles, 1992

                                   MP2-F12 implementation by H.-J. Werner, 2007

                   Density fitting integral evaluation by F.R. Manby, 2003,2007, G. Knizia, 2010


 Basis set AUG-CC-PVTZ/JKFIT generated.  Number of basis functions:   392 
 Basis set CC-PVTZ-F12/OPTRI generated.  Number of basis functions:   314 
 Basis set AUG-CC-PVTZ/MP2FIT generated. Number of basis functions:   396 

 Convergence thresholds:  THRVAR = 1.00D-08  THRDEN = 1.00D-06

 Number of core orbitals:           2 (   2   0 )
 Number of closed-shell orbitals:   7 (   5   2 )
 Number of external orbitals:     169 ( 107  62 )

 Molecular orbitals read from record     2100.2  Type=RHF/CANONICAL (state 1.1)

 MP2-F12 correlation treatment (H.-J. Werner, 2006)
 ==================================================

 Using MP2-F12 with ansatz 3C(FIX)

 Using projected zeroth-order Hamiltonian (+Z)

 FOCKRIB=T FOCKRIC=T FOCKRIP=T CABSP=T CABSA=T CABSK=T CABSF=T GBC=F EBC=F DMAT=T NOFIK=T NOPAO=1 SOLVE=-1  USEPAO=0
 EXCH_A= T EXCH_B= F EXCH_C= F EXCH_P= F

 Geminal basis:    OPTFULL  GEM_TYPE=SLATER  BETA=1.0  NGEM=6

 Optimizing Gaussian exponents for each gem_beta

 Geminal optimization for beta= 1.0000
 Weight function:   m=0, omega= 1.4646

 Augmented Hessian optimization of geminal fit. Trust ratio= 0.40000
 Convergence reached after   2 iterations. Final gradient= 8.66D-16, Step= 4.23D-06, Delta= 1.28D-09

 Alpha:                 0.19532     0.81920     2.85917     9.50073    35.69989   197.79328
 Coeff:                 0.27070     0.30552     0.18297     0.10986     0.06810     0.04224


 Symmetry turned off. Reference energy:       -115.098815349508

 All pairs explicitly correlated. Number of r12-pairs:           28

 Excluding core orbitals from MO domains

 AO(A)-basis ORBITAL           loaded. Number of functions:     178
 RI(R)-basis CC-PVTZ-F12/OPTRI loaded. Number of functions:     314
 DF-basis AUG-CC-PVTZ/JKFIT    loaded. Number of functions:     392

 Screening thresholds:   THRAO=  1.00D-10  THRMO=  1.00D-09  THRPROD=  1.00D-09
                         THRSW=  1.00D-05  THROV=  1.00D-12  THRAOF12= 1.00D-08

 CPU time for Fock operators                      5.15 sec

 Construction of ABS:
 Smallest eigenvalue of S          4.38E-04  (threshold= 1.00E-08)
 Ratio eigmin/eigmax               5.59E-05  (threshold= 1.00E-09)
 Smallest eigenvalue of S kept     4.38E-04  (threshold= 4.38E-04, 0 functions deleted, 314 kept)

 Construction of CABS:
 Smallest eigenvalue of S          7.26E-07  (threshold= 1.00E-08)
 Ratio eigmin/eigmax               7.26E-07  (threshold= 1.00E-09)
 Smallest eigenvalue of S kept     7.26E-07  (threshold= 7.26E-07, 0 functions deleted, 314 kept)

 CPU time for CABS singles                        0.04 sec

 CABS-singles contribution of  -0.00135357 patched into reference energy.
 New reference energy        -115.10016892

 AO(A)-basis ORBITAL           loaded. Number of functions:     178
 RI(R)-basis CC-PVTZ-F12/OPTRI loaded. Number of functions:     314
 DF-basis AUG-CC-PVTZ/MP2FIT   loaded. Number of functions:     396

 Screening thresholds:   THRAO=  1.00D-10  THRMO=  1.00D-09  THRPROD=  1.00D-09
                         THRSW=  1.00D-05  THROV=  1.00D-12  THRAOF12= 1.00D-08

 CPU time for 3-index integral evaluation         3.28 sec
 CPU time for first  half transformation          0.20 sec (12345.3 MFLOP/sec)
 CPU time for sorting                             0.03 sec
 CPU time for fitting                             0.02 sec (56971.3 MFLOP/sec)
 CPU time for tilde quantities                    0.02 sec (75522.6 MFLOP/sec)
 CPU time for assembly                            0.19 sec (65018.9 MFLOP/sec)
 CPU time for tranop_f12                          0.26 sec (61000.9 MFLOP/sec)
 CPU time for f12 integrals (total)               6.75 sec, Elapsed time:      7.98 sec
 CPU time for f12 matrices (total)                0.10 sec, Elapsed time:      1.56 sec

 Diagonal F12 approximation with fixed coefficients:  TSING= 0.500,  TTRIP= 0.250 (scaled by -1/beta)

 DF-MP2-F12 energy corrections:
 ==============================
 Approx.                                    Singlet             Triplet             Total
 DF-MP2-F12/3*C(DX,FIX)                -0.038288220150     -0.004212042548     -0.042500262697
 DF-MP2-F12/3*C(FIX)                   -0.036089735751     -0.003930218105     -0.040019953857
 DF-MP2-F12/3C(FIX)                    -0.036032458388     -0.004065171222     -0.040097629610

 DF-MP2-F12 correlation energies:
 ================================
 Approx.                                    Singlet             Triplet             Ecorr            Total Energy
 DF-MP2                                -0.291070991894     -0.152344006965     -0.443414998859   -115.543583913970
 DF-MP2-F12/3*C(DX,FIX)                -0.329359212043     -0.156556049513     -0.485915261556   -115.586084176667
 DF-MP2-F12/3*C(FIX)                   -0.327160727645     -0.156274225070     -0.483434952716   -115.583603867826
 DF-MP2-F12/3C(FIX)                    -0.327103450282     -0.156409178187     -0.483512628469   -115.583681543580

 SCS-DF-MP2 energies (F_SING= 1.20000  F_TRIP= 0.62222  F_PARALLEL= 0.33333):
 ============================================================================
 SCS-DF-MP2                            -0.444077016829   -115.544245931939
 SCS-DF-MP2-F12/3*C(DX,FIX)            -0.492643707482   -115.592812622593
 SCS-DF-MP2-F12/3*C(FIX)               -0.489830168774   -115.589999083884
 SCS-DF-MP2-F12/3C(FIX)                -0.489845406766   -115.590014321877

 Symmetry restored.
 Symmetry transformation completed.

 Number of N-1 electron functions:               7
 Number of N-2 electron functions:              28
 Number of singly external CSFs:               659
 Number of doubly external CSFs:            355020
 Total number of CSFs:                      355680

 Length of J-op  integral file:             103.49 MB
 Length of K-op  integral file:             127.95 MB

 Integral transformation finished. Total CPU:   0.47 sec, npass=  1  Memory used:   0.67 MW

 ITER.      SQ.NORM     CORR.ENERGY   TOTAL ENERGY   ENERGY CHANGE     VAR   MIC
   1      1.00000000    -0.44348147  -115.54365038    -0.44348147  0.00D+00   0
   2      1.11471690    -0.44348147  -115.54365038     0.00000000  0.32D-19   0

 Solving MP2-F12 equations

   1      1.11468058    -0.48282125  -115.58299017    -0.03933978 -0.37D-04   0
   2      1.11468058    -0.48357769  -115.58374660    -0.00075643 -0.26D-19   0
   3      1.11468058    -0.48357769  -115.58374660     0.00000000 -0.13D-18   0

 CPU TIME FOR ITERATIVE MP2:    0.04 SEC


 MP2-F12 energy corrections:
 ===========================
 Approx.                                    Singlet             Triplet             Total
 MP2-F12/3*C(DX,FIX)                   -0.038288220150     -0.004212042548     -0.042500262697
 MP2-F12/3*C(FIX)                      -0.036089735751     -0.003930218105     -0.040019953857
 MP2-F12/3C(FIX)                       -0.036029752943     -0.004066465211     -0.040096218154

 MP2-F12 correlation energies:
 =============================
 Approx.                                    Singlet             Triplet             Ecorr            Total Energy
 MP2                                   -0.291254260031     -0.152227206835     -0.443481466866   -115.543650381977
 MP2-F12/3*C(DX,FIX)                   -0.329542480181     -0.156439249383     -0.485981729563   -115.586150644674
 MP2-F12/3*C(FIX)                      -0.327343995783     -0.156157424940     -0.483501420723   -115.583670335834
 MP2-F12/3C(FIX)                       -0.327284012974     -0.156293672046     -0.483577685020   -115.583746600131

 SCS-MP2 energies (F_SING= 1.20000  F_TRIP= 0.62222  F_PARALLEL= 0.33333):
 =========================================================================
 SCS-MP2                               -0.444224262957   -115.544393178068
 SCS-MP2-F12/3*C(DX,FIX)               -0.492790953611   -115.592959868722
 SCS-MP2-F12/3*C(FIX)                  -0.489977414902   -115.590146330013
 SCS-MP2-F12/3C(FIX)                   -0.489990211509   -115.590159126620


  Reference energy                   -115.098815349508
  F12 singles correction               -0.001353565603

 F12 singles corrections added to reference energy

  New reference energy               -115.100168915111

  F12/3C(F) singlet correction         -0.036029752943
  F12/3C(F) triplet correction         -0.004066465211
  F12/3C(F) total correction           -0.040096218154
  MP2-F12/3C(F) singlet pair energy    -0.327284012974
  MP2-F12/3C(F) triplet pair energy    -0.156293672046
  MP2-F12/3C(F) correlation energy     -0.483577685020

 !MP2-F12/3C(F) total energy         -115.583746600131


 **********************************************************************************************************************************
 DATASETS  * FILE   NREC   LENGTH (MB)   RECORD NAMES
              1      20      317.58       500      610      700      900      950      970     1000      129      960     1100   
                                          VAR    BASINP    GEOM    SYMINP    ZMAT    AOBASIS   BASIS     P2S    ABASIS      S 
                                         1400     1410     1200     1210     1080     1600     1650     1300     1700     1380   
                                           T        V       H0       H01     AOSYM     SMH    MOLCAS    ERIS     OPER     JKOP   

              2       7        3.55       700     1000      520     2100     7360     7350     7000   
                                         GEOM     BASIS   MCVARS     RHF    F12ABS    EF12   

 PROGRAMS   *        TOTAL   MP2-F12    HF-SCF       INT
 CPU TIMES  *        23.44     12.75      3.10      7.47
 REAL TIME  *       402.89 SEC
 DISK USED  *         1.13 GB
 **********************************************************************************************************************************


 PROGRAM * CCSD (Closed-shell coupled cluster)     Authors: C. Hampel, H.-J. Werner, 1991, M. Deegan, P.J. Knowles, 1992

                                  CCSD-F12 implementation by  H.-J. Werner, 2007

                   Density fitting integral evaluation by F.R. Manby, 2003,2007, G. Knizia, 2010



 Convergence thresholds:  THRVAR = 1.00D-08  THRDEN = 1.00D-06

 CCSD(T)     terms to be evaluated (factor= 1.000)


 Number of core orbitals:           2 (   2   0 )
 Number of closed-shell orbitals:   7 (   5   2 )
 Number of external orbitals:     169 ( 107  62 )

 Molecular orbitals read from record     2100.2  Type=RHF/CANONICAL (state 1.1)

 MP2-F12 correlation treatment (H.-J. Werner, 2006)
 ==================================================

 Using MP2-F12 with ansatz 3C(FIX)

 Using projected zeroth-order Hamiltonian (+Z)

 FOCKRIB=T FOCKRIC=T FOCKRIP=T CABSP=T CABSA=T CABSK=T CABSF=T GBC=F EBC=F DMAT=T NOFIK=T NOPAO=1 SOLVE=-1  USEPAO=0
 EXCH_A= T EXCH_B= F EXCH_C= F EXCH_P= F

 Geminal basis:    OPTFULL  GEM_TYPE=SLATER  BETA=1.0  NGEM=6

 Optimizing Gaussian exponents for each gem_beta

 Geminal optimization for beta= 1.0000
 Weight function:   m=0, omega= 1.4646

 Augmented Hessian optimization of geminal fit. Trust ratio= 0.40000
 Convergence reached after   2 iterations. Final gradient= 8.66D-16, Step= 4.23D-06, Delta= 1.28D-09

 Alpha:                 0.19532     0.81920     2.85917     9.50073    35.69989   197.79328
 Coeff:                 0.27070     0.30552     0.18297     0.10986     0.06810     0.04224


 Symmetry turned off. Reference energy:       -115.098815349508

 All pairs explicitly correlated. Number of r12-pairs:           28

 Excluding core orbitals from MO domains

 AO(A)-basis ORBITAL           loaded. Number of functions:     178
 RI(R)-basis CC-PVTZ-F12/OPTRI loaded. Number of functions:     314
 DF-basis AUG-CC-PVTZ/JKFIT    loaded. Number of functions:     392

 Screening thresholds:   THRAO=  1.00D-10  THRMO=  1.00D-09  THRPROD=  1.00D-09
                         THRSW=  1.00D-05  THROV=  1.00D-12  THRAOF12= 1.00D-08

 CPU time for Fock operators                      5.18 sec

 Construction of ABS:
 Smallest eigenvalue of S          4.38E-04  (threshold= 1.00E-08)
 Ratio eigmin/eigmax               5.59E-05  (threshold= 1.00E-09)
 Smallest eigenvalue of S kept     4.38E-04  (threshold= 4.38E-04, 0 functions deleted, 314 kept)

 Construction of CABS:
 Smallest eigenvalue of S          7.26E-07  (threshold= 1.00E-08)
 Ratio eigmin/eigmax               7.26E-07  (threshold= 1.00E-09)
 Smallest eigenvalue of S kept     7.26E-07  (threshold= 7.26E-07, 0 functions deleted, 314 kept)

 CPU time for CABS singles                        0.03 sec

 CABS-singles contribution of  -0.00135357 patched into reference energy.
 New reference energy        -115.10016892

 AO(A)-basis ORBITAL           loaded. Number of functions:     178
 RI(R)-basis CC-PVTZ-F12/OPTRI loaded. Number of functions:     314
 DF-basis AUG-CC-PVTZ/MP2FIT   loaded. Number of functions:     396

 Screening thresholds:   THRAO=  1.00D-10  THRMO=  1.00D-09  THRPROD=  1.00D-09
                         THRSW=  1.00D-05  THROV=  1.00D-12  THRAOF12= 1.00D-08

 CPU time for 3-index integral evaluation         3.41 sec
 CPU time for first  half transformation          0.20 sec (12345.3 MFLOP/sec)
 CPU time for second half transformation          0.01 sec ( 6217.0 MFLOP/sec)
 CPU time for sorting                             0.01 sec
 CPU time for fitting                             0.03 sec (37980.8 MFLOP/sec)
 CPU time for tilde quantities                    0.05 sec (30209.0 MFLOP/sec)
 CPU time for assembly                            0.20 sec (61768.0 MFLOP/sec)
 CPU time for tranop_f12                          0.23 sec (68957.5 MFLOP/sec)
 CPU time for f12 integrals (total)               6.82 sec, Elapsed time:      9.98 sec
 CPU time for f12 matrices (total)                0.09 sec, Elapsed time:      0.14 sec

 Diagonal F12 approximation with fixed coefficients:  TSING= 0.500,  TTRIP= 0.250 (scaled by -1/beta)

 DF-MP2-F12 energy corrections:
 ==============================
 Approx.                                    Singlet             Triplet             Total
 DF-MP2-F12/3*C(DX,FIX)                -0.038288220150     -0.004212042548     -0.042500262697
 DF-MP2-F12/3*C(FIX)                   -0.036089735751     -0.003930218105     -0.040019953857
 DF-MP2-F12/3C(FIX)                    -0.036032458388     -0.004065171222     -0.040097629610

 DF-MP2-F12 correlation energies:
 ================================
 Approx.                                    Singlet             Triplet             Ecorr            Total Energy
 DF-MP2                                -0.291070991894     -0.152344006965     -0.443414998859   -115.543583913970
 DF-MP2-F12/3*C(DX,FIX)                -0.329359212043     -0.156556049513     -0.485915261556   -115.586084176667
 DF-MP2-F12/3*C(FIX)                   -0.327160727645     -0.156274225070     -0.483434952716   -115.583603867826
 DF-MP2-F12/3C(FIX)                    -0.327103450282     -0.156409178187     -0.483512628469   -115.583681543580

 SCS-DF-MP2 energies (F_SING= 1.20000  F_TRIP= 0.62222  F_PARALLEL= 0.33333):
 ============================================================================
 SCS-DF-MP2                            -0.444077016829   -115.544245931939
 SCS-DF-MP2-F12/3*C(DX,FIX)            -0.492643707482   -115.592812622593
 SCS-DF-MP2-F12/3*C(FIX)               -0.489830168774   -115.589999083884
 SCS-DF-MP2-F12/3C(FIX)                -0.489845406766   -115.590014321877

 Symmetry restored.
 Symmetry transformation completed.

 Number of N-1 electron functions:               7
 Number of N-2 electron functions:              28
 Number of singly external CSFs:               659
 Number of doubly external CSFs:            355020
 Total number of CSFs:                      355680

 Length of J-op  integral file:             103.62 MB
 Length of K-op  integral file:             127.95 MB
 Length of 3-ext integral record:             0.00 MB

 Memory could be reduced to 24.20 Mwords without degradation in triples

 Integral transformation finished. Total CPU:   1.12 sec, npass=  1  Memory used:   7.45 MW

 Reference energy:                   -115.10016892

 Adding F12 terms to K(Cij), methodcc=6,  factor= 1.0

 ITER.      SQ.NORM     CORR.ENERGY   TOTAL ENERGY   ENERGY CHANGE        DEN1      VAR(S)    VAR(P)  DIIS     TIME  TIME/IT
   1      1.11760889    -0.45281929  -115.55298821    -0.00933783     0.00165955  0.15D-02  0.19D-02  1  1    14.15     1.02
   2      1.12501735    -0.45318200  -115.55335092    -0.00036271    -0.00904390  0.24D-04  0.23D-03  2  2    14.97     1.01
   3      1.12774647    -0.45335946  -115.55352837    -0.00017746    -0.00186494  0.15D-04  0.13D-04  3  3    15.74     0.96
   4      1.12869343    -0.45337735  -115.55354627    -0.00001790    -0.00059981  0.86D-06  0.12D-05  4  4    16.53     0.94
   5      1.12884913    -0.45337890  -115.55354782    -0.00000155    -0.00003791  0.23D-06  0.10D-06  5  5    17.33     0.94
   6      1.12889183    -0.45337655  -115.55354546     0.00000236    -0.00000424  0.36D-07  0.96D-08  6  6    18.08     0.92
   7      1.12890302    -0.45337567  -115.55354458     0.00000088    -0.00000299  0.40D-08  0.14D-08  6  1    18.89     0.91
   8      1.12890483    -0.45337573  -115.55354465    -0.00000006     0.00000034  0.68D-09  0.20D-09  6  3    19.71     0.91

 Norm of t1 vector:      0.05000947      S-energy:    -0.00000037      T1 diagnostic:  0.00945090
                                                                       D1 diagnostic:  0.02002671

 Adding energy correction from Wij-K(Fij), methodcc=6  factor= 1.0

  CCSD correlation energy              -0.453375731854
  MP2-F12 correction (uncoupled)       -0.038546380334
  C*T doubles correction               -0.001164556419
  f12b correction                       0.007098944266


 Total CPU time for triples:     10.63 sec


 RESULTS
 =======

  Reference energy                   -115.098815349508
  F12 singles correction               -0.001353565603

 F12 singles corrections added to reference energy

  New reference energy               -115.100168915111

  F12a singlet correction              -0.035793012904
  F12a triplet correction              -0.003917923849
  F12a total correction                -0.039710936753

 F12a corrections for ansatz F12/3C(FIX) added to CCSD energy

  CCSD-F12a singlet pair energy        -0.351184982326
  CCSD-F12a triplet pair energy        -0.141901319951
  CCSD-F12a correlation energy         -0.493086668607

  Triples (T) contribution             -0.016010318625
  Total correlation energy             -0.509096987232

  CCSD-F12a total energy             -115.593255583718
  CCSD[T]-F12a energy                -115.609818881135
  CCSD-T-F12a energy                 -115.609022295447
 !CCSD(T)-F12a total energy          -115.609265902343

 F12b corrections for ansatz F12/3C(FIX) added to CCSD(T)-F12a energy

  CCSD-F12b singlet pair energy        -0.344548094669
  CCSD-F12b triplet pair energy        -0.141439263341
  CCSD-F12b correlation energy         -0.485987724341

  Triples (T) contribution             -0.016010318625
  Total correlation energy             -0.501998042966

  CCSD-F12b total energy             -115.586156639452
  CCSD[T]-F12b energy                -115.602719936868
  CCSD-T-F12b energy                 -115.601923351181
 !CCSD(T)-F12b total energy          -115.602166958077

 Timing summary (sec):

 STEP                 CPU(USER)    SYS     CPU(TOT)    WALL
 Transformation          1.14      0.52      1.66      2.91
 CCSD iterations         6.39      0.72      7.11      7.40
 Triples                10.63      0.45     11.08     11.11
 MP2-F12                12.20      0.59     12.79     16.69
 F12b energy             0.65      0.06      0.71      0.78

 Program statistics:

 Available memory in ccsd:               499999650
 Min. memory needed in ccsd:               1149135
 Max. memory used in ccsd:                 1443104
 Max. memory used in cckext:               1888566 ( 9 integral passes)



 **********************************************************************************************************************************
 DATASETS  * FILE   NREC   LENGTH (MB)   RECORD NAMES
              1      20      386.15       500      610      700      900      950      970     1000      129      960     1100   
                                          VAR    BASINP    GEOM    SYMINP    ZMAT    AOBASIS   BASIS     P2S    ABASIS      S 
                                         1400     1410     1200     1210     1080     1600     1650     1300     1700     1380   
                                           T        V       H0       H01     AOSYM     SMH    MOLCAS    ERIS     OPER     JKOP   

              2       7        3.55       700     1000      520     2100     7360     7350     7000   
                                         GEOM     BASIS   MCVARS     RHF    F12ABS    EF12   

 PROGRAMS   *        TOTAL   CCSD(T)   MP2-F12    HF-SCF       INT
 CPU TIMES  *        54.49     31.05     12.75      3.10      7.47
 REAL TIME  *       442.07 SEC
 DISK USED  *         1.13 GB
 **********************************************************************************************************************************
 SETTING XXX            =    "MMM"
 SETTING POINT          =        52.00000000                                  

 *** ### CH3OH


 XXX       RCO          ROH          RCH1         RCH2         RCH3           ACOH           AOCH1          AOCH2          AOCH3         AHH1           AHH2           AHH3            ENERGY       POINT
 "MMM"   1.42077677   0.96013932   1.09171752   1.08440070   1.09171752   108.62930637   111.65221523   107.18733878   111.65221523   61.43364279   180.00000000   298.56635721   -115.60926590   52.0000
                                                  

 CCSD(T)-F12/cc-pVTZ-F12 energy=   -115.602166958077

     CCSD(T)-F12         MP2-F12          HF-SCF
   -115.60216696   -115.58374660   -115.09881535
 **********************************************************************************************************************************
 Molpro calculation terminated
