
 Primary working directories    : /tmpdir/job/2955674.undefined/molpro.0lqAFtVl4y
 Secondary working directories  : /tmpdir/job/2955674.undefined/molpro.0lqAFtVl4y
 Wavefunction directory         : /home/zcaposm/wfu/
 Main file repository           : /tmpdir/job/2955674.undefined/molpro.0lqAFtVl4y/

 id        : uclcc

 Nodes                         nprocs
 node-d00a-048.myriad.ucl.ac.uk    1

 Using customized tuning parameters: mindgm=1; mindgv=20; mindgc=4; mindgr=1; noblas=0; minvec=7
 default implementation of scratch files=df  


 Variables initialized (945), CPU time= 0.00 sec
 ***,Methanol Ground State Energy with CCSD(T)-F12 and cc-pVTZ-F12
 memory,500,m;
 
 geometry={angstrom
 c
 o , 1, rco
 h , 2, roh, 1, acoh
 h1, 1, rch1, 2, aoch1  3  ahh1
 h2, 1, rch2, 2, aoch2, 3, ahh2
 h3, 1, rch3, 2, aoch3, 3, ahh3
 }
 
                                                ! Specify the initial values of the internal coordinates (in Angstroms and degrees)
 
 rco= 1.42077677
 roh= 0.96013932
 rch1= 1.091717515605
 rch2= 1.08440070258
 rch3= 1.091717515605
 acoh= 108.12930637
 aoch1= 111.6522152299
 aoch2= 107.18733878260001
 aoch3= 111.6522152299
 ahh1=61.08008939940674
 ahh2=180.17677669529664
 ahh3=298.74313390529665
 
                                                                                 ! Use the cc-pVTZ-F12 basis set
 basis=cc-pVTZ-F12
 
 hf
 
                                                                                 ! Use explicitly correlated F12 methods
                                                                            ! First, MP2-F12 (useful for initial electronic energy)
 {mp2-f12}
 
                                                                        ! If desired, perform CCSD(T)-F12 for more accurate results
 {ccsd(t)-f12}
 
                                                                                 ! Output the energy
 xxx = "mmm"
 point = 103
 text ### CH3OH
 table,xxx,rco,roh,rch1,rch2,rch3,acoh,aoch1,aoch2,aoch3,ahh1,ahh2,ahh3,energy,point
 DIGITS, 0, 8, 8, 8, 8, 8, 8, 8, 8, 8,  8,  8,  8, 8, 4
 save,CH3OH_MEP_MP2_103.dat,new
 
 Commands  initialized (802), CPU time= 0.01 sec, 659 directives.
 Default parameters read. Elapsed time= 0.11 sec

 Checking input...
 Passed
1


                                         ***  PROGRAM SYSTEM MOLPRO  ***
                                       Copyright, TTI GmbH Stuttgart, 2015
                                    Version 2020.1 linked Oct  6 2020 12:04:11


 **********************************************************************************************************************************
 LABEL *   Methanol Ground State Energy with CCSD(T)-F12 and cc-pVTZ-F12                 
  64 bit serial version                                                                  DATE: 08-Oct-24          TIME: 17:30:44  
 **********************************************************************************************************************************

 SHA1:             8c27446f6450a7499e38f603e13c65f775101d37
 **********************************************************************************************************************************

 Memory per process:       500 MW
 Total memory per node:    500 MW

 GA preallocation disabled
 GA check disabled

 Variable memory set to 500.0 MW

 SETTING RCO            =         1.42077677                                  
 SETTING ROH            =         0.96013932                                  
 SETTING RCH1           =         1.09171752                                  
 SETTING RCH2           =         1.08440070                                  
 SETTING RCH3           =         1.09171752                                  
 SETTING ACOH           =       108.12930637                                  
 SETTING AOCH1          =       111.65221523                                  
 SETTING AOCH2          =       107.18733878                                  
 SETTING AOCH3          =       111.65221523                                  
 SETTING AHH1           =        61.08008940                                  
 SETTING AHH2           =       180.17677670                                  
 SETTING AHH3           =       298.74313391                                  
 SETTING BASIS          =    CC-PVTZ-F12


 Recomputing integrals since basis changed


 Using spherical harmonics

 Library entry C      S cc-pVTZ-F12          selected for orbital group  1
 Library entry C      P cc-pVTZ-F12          selected for orbital group  1
 Library entry C      D cc-pVTZ-F12          selected for orbital group  1
 Library entry C      F cc-pVTZ-F12          selected for orbital group  1
 Library entry O      S cc-pVTZ-F12          selected for orbital group  2
 Library entry O      P cc-pVTZ-F12          selected for orbital group  2
 Library entry O      D cc-pVTZ-F12          selected for orbital group  2
 Library entry O      F cc-pVTZ-F12          selected for orbital group  2
 Library entry H      S cc-pVTZ-F12          selected for orbital group  3
 Library entry H      P cc-pVTZ-F12          selected for orbital group  3
 Library entry H      D cc-pVTZ-F12          selected for orbital group  3


 PROGRAM * SEWARD (Integral evaluation for generally contracted gaussian basis sets)     Author: Roland Lindh, 1990

 Geometry written to block  1 of record 700

 Orientation using atomic masses  
 Molecule type: Asymmetric top
 Rotational constants:      23.9498412     24.8192743    128.7633339 GHz  (calculated with average atomic masses)

 Point group  C1  



 ATOMIC COORDINATES

 NR  ATOM    CHARGE       X              Y              Z

   1  C       6.00    0.000551782    0.023952875   -1.376631867
   2  O       8.00    0.000678310   -0.121829827    1.304286357
   3  H       1.00   -0.010722480    1.569261095    1.961652441
   4  H1      1.00    1.672697300    1.002274503   -2.085842369
   5  H2      1.00    0.007457191   -1.897977197   -2.087575678
   6  H3      1.00   -1.686774311    0.974859318   -2.087174596

 Bond lengths in Bohr (Angstrom)

 1-2  2.684878979  1-4  2.063047110  1-5  2.049220337  1-6  2.063047110  2-3  1.814400356
     ( 1.420776770)     ( 1.091717516)     ( 1.084400703)     ( 1.091717516)     ( 0.960139320)

 Bond angles

  1-2-3  108.12930637   2-1-4  111.65221523   2-1-5  107.18733878   2-1-6  111.65221523

  4-1-5  108.82988628   4-1-6  109.02230888   5-1-6  108.39459424

 NUCLEAR CHARGE:                   18
 NUMBER OF PRIMITIVE AOS:         228
 NUMBER OF SYMMETRY AOS:          206
 NUMBER OF CONTRACTIONS:          178   (  178A   )
 NUMBER OF INNER CORE ORBITALS:     0   (    0A   )
 NUMBER OF OUTER CORE ORBITALS:     2   (    2A   )
 NUMBER OF VALENCE ORBITALS:       12   (   12A   )


 NUCLEAR REPULSION ENERGY   40.34577663

 Eigenvalues of metric

         1 0.879E-04 0.183E-03 0.309E-03 0.323E-03 0.460E-03 0.493E-03 0.560E-03 0.570E-03


 Contracted 2-electron integrals neglected if value below      1.0D-11
 AO integral compression algorithm  1   Integral accuracy      1.0D-11

     602.145 MB (compressed) written to integral file ( 50.5%)


 NUMBER OF SORTED TWO-ELECTRON INTEGRALS:  126906346.     BUFFER LENGTH:  32768
 NUMBER OF SEGMENTS:   8  SEGMENT LENGTH:   15999503      RECORD LENGTH: 524288

 Memory used in sort:      16.56 MW

 SORT1 READ   149034713. AND WROTE   124678637. INTEGRALS IN    360 RECORDS. CPU TIME:     2.13 SEC, REAL TIME:    28.37 SEC
 SORT2 READ   124678637. AND WROTE   126906346. INTEGRALS IN   2297 RECORDS. CPU TIME:     1.95 SEC, REAL TIME:    64.42 SEC

 FILE SIZES:   FILE 1:   633.4 MBYTE,  FILE 4:  1510.0 MBYTE,   TOTAL:   2143.3 MBYTE

 OPERATOR DM      FOR CENTER  0  COORDINATES:    0.000000    0.000000    0.000000


 **********************************************************************************************************************************
 DATASETS  * FILE   NREC   LENGTH (MB)   RECORD NAMES
              1      19      556.44       500      610      700      900      950      970     1000      129      960     1100   
                                          VAR    BASINP    GEOM    SYMINP    ZMAT    AOBASIS   BASIS     P2S    ABASIS      S 
                                         1400     1410     1200     1210     1080     1600     1650     1300     1700   
                                           T        V       H0       H01     AOSYM     SMH    MOLCAS    ERIS     OPER   

 PROGRAMS   *        TOTAL       INT
 CPU TIMES  *         9.09      8.97
 REAL TIME  *       108.64 SEC
 DISK USED  *         2.14 GB
 **********************************************************************************************************************************


 PROGRAM * RHF-SCF (CLOSED SHELL)       Authors: W. Meyer, H.-J. Werner


 NUMBER OF ELECTRONS:       9+    9-    SPACE SYMMETRY=1    SPIN SYMMETRY: Singlet 
 CONVERGENCE THRESHOLDS:    1.00E-05 (Density)    1.00E-07 (Energy)
 MAX. NUMBER OF ITERATIONS:       60
 INTERPOLATION TYPE:            DIIS
 INTERPOLATION STEPS:              2 (START)      1 (STEP)
 LEVEL SHIFTS:                  0.00 (CLOSED)  0.00 (OPEN) 



 Orbital guess generated from atomic densities. Full valence occupancy:   14

 Molecular orbital dump at record        2100.2

 Initial occupancy:   9

 ITERATION    DDIFF          GRAD             ENERGY        2-EL.EN.            DIPOLE MOMENTS         DIIS   ORB.
    1      0.000D+00      0.000D+00      -115.06237222    164.484293   -0.00681    0.90562   -0.47826    0    start
    2      0.000D+00      0.506D-02      -115.09072989    161.902104   -0.00375    0.49720   -0.30376    1    diag
    3      0.480D-02      0.277D-02      -115.09821721    163.165549   -0.00441    0.60053   -0.39707    2    diag
    4      0.163D-02      0.546D-03      -115.09874976    162.988914   -0.00435    0.59538   -0.39251    3    diag
    5      0.436D-03      0.110D-03      -115.09878419    163.000388   -0.00431    0.59137   -0.39733    4    diag
    6      0.122D-03      0.205D-04      -115.09878575    162.998177   -0.00430    0.59150   -0.39812    5    diag
    7      0.350D-04      0.434D-05      -115.09878582    162.997786   -0.00430    0.59132   -0.39839    6    diag
    8      0.877D-05      0.114D-05      -115.09878583    162.998136   -0.00430    0.59132   -0.39841    0    orth

 Final occupancy:   9

 !RHF STATE  1.1 Energy              -115.098785828060
 Nuclear energy                        40.34577663
 One-electron energy                 -236.94363049
 Two-electron energy                   81.49906803
 Virial quotient                       -1.00101541
 !RHF STATE  1.1 Dipole moment         -0.00430071     0.59131617    -0.39840793
 Dipole moment /Debye                  -0.01093059     1.50287735    -1.01258562

 Orbital energies:

         1.1          2.1          3.1          4.1          5.1          6.1          7.1          8.1          9.1         10.1
    -20.556340   -11.269789    -1.356935    -0.926349    -0.691127    -0.621061    -0.594426    -0.504847    -0.451873     0.054589

        11.1
      0.065020


 HOMO      9.1    -0.451873 =     -12.2961eV
 LUMO     10.1     0.054589 =       1.4855eV
 LUMO-HOMO         0.506462 =      13.7815eV


 **********************************************************************************************************************************
 DATASETS  * FILE   NREC   LENGTH (MB)   RECORD NAMES
              1      19      556.44       500      610      700      900      950      970     1000      129      960     1100   
                                          VAR    BASINP    GEOM    SYMINP    ZMAT    AOBASIS   BASIS     P2S    ABASIS      S 
                                         1400     1410     1200     1210     1080     1600     1650     1300     1700   
                                           T        V       H0       H01     AOSYM     SMH    MOLCAS    ERIS     OPER   

              2       4        3.48       700     1000      520     2100   
                                         GEOM     BASIS   MCVARS     RHF  

 PROGRAMS   *        TOTAL    HF-SCF       INT
 CPU TIMES  *        17.41      8.32      8.97
 REAL TIME  *       121.51 SEC
 DISK USED  *         2.14 GB
 **********************************************************************************************************************************


 PROGRAM * MP2 (Closed-shell)     Authors: C. Hampel, H.-J. Werner, 1991, M. Deegan, P.J. Knowles, 1992

                                   MP2-F12 implementation by H.-J. Werner, 2007

                   Density fitting integral evaluation by F.R. Manby, 2003,2007, G. Knizia, 2010


 Basis set AUG-CC-PVTZ/JKFIT generated.  Number of basis functions:   392 
 Basis set CC-PVTZ-F12/OPTRI generated.  Number of basis functions:   314 
 Basis set AUG-CC-PVTZ/MP2FIT generated. Number of basis functions:   396 

 Convergence thresholds:  THRVAR = 1.00D-08  THRDEN = 1.00D-06

 Number of core orbitals:           2 (   2 )
 Number of closed-shell orbitals:   7 (   7 )
 Number of external orbitals:     169 ( 169 )

 Molecular orbitals read from record     2100.2  Type=RHF/CANONICAL (state 1.1)

 MP2-F12 correlation treatment (H.-J. Werner, 2006)
 ==================================================

 Using MP2-F12 with ansatz 3C(FIX)

 Using projected zeroth-order Hamiltonian (+Z)

 FOCKRIB=T FOCKRIC=T FOCKRIP=T CABSP=T CABSA=T CABSK=T CABSF=T GBC=F EBC=F DMAT=T NOFIK=T NOPAO=1 SOLVE=-1  USEPAO=0
 EXCH_A= T EXCH_B= F EXCH_C= F EXCH_P= F

 Geminal basis:    OPTFULL  GEM_TYPE=SLATER  BETA=1.0  NGEM=6

 Optimizing Gaussian exponents for each gem_beta

 Geminal optimization for beta= 1.0000
 Weight function:   m=0, omega= 1.4646

 Augmented Hessian optimization of geminal fit. Trust ratio= 0.40000
 Convergence reached after   2 iterations. Final gradient= 8.66D-16, Step= 4.23D-06, Delta= 1.28D-09

 Alpha:                 0.19532     0.81920     2.85917     9.50073    35.69989   197.79328
 Coeff:                 0.27070     0.30552     0.18297     0.10986     0.06810     0.04224


 All pairs explicitly correlated. Number of r12-pairs:           28

 Excluding core orbitals from MO domains

 AO(A)-basis ORBITAL           loaded. Number of functions:     178
 RI(R)-basis CC-PVTZ-F12/OPTRI loaded. Number of functions:     314
 DF-basis AUG-CC-PVTZ/JKFIT    loaded. Number of functions:     392

 Screening thresholds:   THRAO=  1.00D-10  THRMO=  1.00D-09  THRPROD=  1.00D-09
                         THRSW=  1.00D-05  THROV=  1.00D-12  THRAOF12= 1.00D-08

 CPU time for Fock operators                      1.60 sec

 Construction of ABS:
 Smallest eigenvalue of S          4.33E-04  (threshold= 1.00E-08)
 Ratio eigmin/eigmax               5.53E-05  (threshold= 1.00E-09)
 Smallest eigenvalue of S kept     4.33E-04  (threshold= 4.33E-04, 0 functions deleted, 314 kept)

 Construction of CABS:
 Smallest eigenvalue of S          7.25E-07  (threshold= 1.00E-08)
 Ratio eigmin/eigmax               7.25E-07  (threshold= 1.00E-09)
 Smallest eigenvalue of S kept     7.25E-07  (threshold= 7.25E-07, 0 functions deleted, 314 kept)

 CPU time for CABS singles                        0.05 sec

 CABS-singles contribution of  -0.00135367 patched into reference energy.
 New reference energy        -115.10013950

 AO(A)-basis ORBITAL           loaded. Number of functions:     178
 RI(R)-basis CC-PVTZ-F12/OPTRI loaded. Number of functions:     314
 DF-basis AUG-CC-PVTZ/MP2FIT   loaded. Number of functions:     396

 Screening thresholds:   THRAO=  1.00D-10  THRMO=  1.00D-09  THRPROD=  1.00D-09
                         THRSW=  1.00D-05  THROV=  1.00D-12  THRAOF12= 1.00D-08

 CPU time for 3-index integral evaluation         3.55 sec
 CPU time for first  half transformation          0.39 sec ( 6330.9 MFLOP/sec)
 CPU time for sorting                             0.02 sec
 CPU time for fitting                             0.03 sec (37980.8 MFLOP/sec)
 CPU time for tilde quantities                    0.04 sec (37761.3 MFLOP/sec)
 CPU time for assembly                            0.23 sec (53711.3 MFLOP/sec)
 CPU time for tranop_f12                          0.29 sec (54690.4 MFLOP/sec)
 CPU time for f12 integrals (total)               5.02 sec, Elapsed time:      6.17 sec
 CPU time for f12 matrices (total)                0.11 sec, Elapsed time:      0.16 sec

 Diagonal F12 approximation with fixed coefficients:  TSING= 0.500,  TTRIP= 0.250 (scaled by -1/beta)

 DF-MP2-F12 energy corrections:
 ==============================
 Approx.                                    Singlet             Triplet             Total
 DF-MP2-F12/3*C(DX,FIX)                -0.038287451265     -0.004212603373     -0.042500054638
 DF-MP2-F12/3*C(FIX)                   -0.036088572283     -0.003930858924     -0.040019431207
 DF-MP2-F12/3C(FIX)                    -0.036031305449     -0.004065835122     -0.040097140571

 DF-MP2-F12 correlation energies:
 ================================
 Approx.                                    Singlet             Triplet             Ecorr            Total Energy
 DF-MP2                                -0.291094546220     -0.152360417037     -0.443454963256   -115.543594461811
 DF-MP2-F12/3*C(DX,FIX)                -0.329381997484     -0.156573020410     -0.485955017894   -115.586094516449
 DF-MP2-F12/3*C(FIX)                   -0.327183118503     -0.156291275960     -0.483474394463   -115.583613893017
 DF-MP2-F12/3C(FIX)                    -0.327125851669     -0.156426252159     -0.483552103828   -115.583691602382

 SCS-DF-MP2 energies (F_SING= 1.20000  F_TRIP= 0.62222  F_PARALLEL= 0.33333):
 ============================================================================
 SCS-DF-MP2                            -0.444115492731   -115.544254991285
 SCS-DF-MP2-F12/3*C(DX,FIX)            -0.492681609681   -115.592821108235
 SCS-DF-MP2-F12/3*C(FIX)               -0.489867647245   -115.590007145800
 SCS-DF-MP2-F12/3C(FIX)                -0.489882912235   -115.590022410789
 Symmetry transformation completed.

 Number of N-1 electron functions:               7
 Number of N-2 electron functions:              28
 Number of singly external CSFs:              1183
 Number of doubly external CSFs:            700336
 Total number of CSFs:                      701520

 Length of J-op  integral file:             104.98 MB
 Length of K-op  integral file:             138.67 MB

 Integral transformation finished. Total CPU:   1.46 sec, npass=  1  Memory used:   2.18 MW

 ITER.      SQ.NORM     CORR.ENERGY   TOTAL ENERGY   ENERGY CHANGE     VAR   MIC
   1      1.00000000    -0.44352136  -115.54366086    -0.44352136  0.00D+00   0
   2      1.11473350    -0.44352136  -115.54366086    -0.00000000  0.18D-14   0

 Solving MP2-F12 equations

   1      1.11469719    -0.48286039  -115.58299989    -0.03933902 -0.37D-04   0
   2      1.11469719    -0.48361710  -115.58375660    -0.00075671  0.17D-17   0
   3      1.11469719    -0.48361710  -115.58375660     0.00000000 -0.62D-20   0

 CPU TIME FOR ITERATIVE MP2:    0.11 SEC


 MP2-F12 energy corrections:
 ===========================
 Approx.                                    Singlet             Triplet             Total
 MP2-F12/3*C(DX,FIX)                   -0.038287451265     -0.004212603373     -0.042500054638
 MP2-F12/3*C(FIX)                      -0.036088572283     -0.003930858924     -0.040019431207
 MP2-F12/3C(FIX)                       -0.036028605858     -0.004067130879     -0.040095736737

 MP2-F12 correlation energies:
 =============================
 Approx.                                    Singlet             Triplet             Ecorr            Total Energy
 MP2                                   -0.291277860123     -0.152243503856     -0.443521363979   -115.543660862534
 MP2-F12/3*C(DX,FIX)                   -0.329565311388     -0.156456107229     -0.486021418617   -115.586160917171
 MP2-F12/3*C(FIX)                      -0.327366432406     -0.156174362779     -0.483540795186   -115.583680293740
 MP2-F12/3C(FIX)                       -0.327306465981     -0.156310634735     -0.483617100716   -115.583756599271

 SCS-MP2 energies (F_SING= 1.20000  F_TRIP= 0.62222  F_PARALLEL= 0.33333):
 =========================================================================
 SCS-MP2                               -0.444262723436   -115.544402221991
 SCS-MP2-F12/3*C(DX,FIX)               -0.492828840386   -115.592968338940
 SCS-MP2-F12/3*C(FIX)                  -0.490014877950   -115.590154376505
 SCS-MP2-F12/3C(FIX)                   -0.490027709679   -115.590167208234


  Reference energy                   -115.098785828060
  F12 singles correction               -0.001353670495

 F12 singles corrections added to reference energy

  New reference energy               -115.100139498555

  F12/3C(F) singlet correction         -0.036028605858
  F12/3C(F) triplet correction         -0.004067130879
  F12/3C(F) total correction           -0.040095736737
  MP2-F12/3C(F) singlet pair energy    -0.327306465981
  MP2-F12/3C(F) triplet pair energy    -0.156310634735
  MP2-F12/3C(F) correlation energy     -0.483617100716

 !MP2-F12/3C(F) total energy         -115.583756599271


 **********************************************************************************************************************************
 DATASETS  * FILE   NREC   LENGTH (MB)   RECORD NAMES
              1      20      567.61       500      610      700      900      950      970     1000      129      960     1100   
                                          VAR    BASINP    GEOM    SYMINP    ZMAT    AOBASIS   BASIS     P2S    ABASIS      S 
                                         1400     1410     1200     1210     1080     1600     1650     1300     1700     1380   
                                           T        V       H0       H01     AOSYM     SMH    MOLCAS    ERIS     OPER     JKOP   

              2       7        4.13       700     1000      520     2100     7360     7350     7000   
                                         GEOM     BASIS   MCVARS     RHF    F12ABS    EF12   

 PROGRAMS   *        TOTAL   MP2-F12    HF-SCF       INT
 CPU TIMES  *        26.01      8.59      8.32      8.97
 REAL TIME  *       132.73 SEC
 DISK USED  *         2.14 GB
 **********************************************************************************************************************************


 PROGRAM * CCSD (Closed-shell coupled cluster)     Authors: C. Hampel, H.-J. Werner, 1991, M. Deegan, P.J. Knowles, 1992

                                  CCSD-F12 implementation by  H.-J. Werner, 2007

                   Density fitting integral evaluation by F.R. Manby, 2003,2007, G. Knizia, 2010



 Convergence thresholds:  THRVAR = 1.00D-08  THRDEN = 1.00D-06

 CCSD(T)     terms to be evaluated (factor= 1.000)


 Number of core orbitals:           2 (   2 )
 Number of closed-shell orbitals:   7 (   7 )
 Number of external orbitals:     169 ( 169 )

 Molecular orbitals read from record     2100.2  Type=RHF/CANONICAL (state 1.1)

 MP2-F12 correlation treatment (H.-J. Werner, 2006)
 ==================================================

 Using MP2-F12 with ansatz 3C(FIX)

 Using projected zeroth-order Hamiltonian (+Z)

 FOCKRIB=T FOCKRIC=T FOCKRIP=T CABSP=T CABSA=T CABSK=T CABSF=T GBC=F EBC=F DMAT=T NOFIK=T NOPAO=1 SOLVE=-1  USEPAO=0
 EXCH_A= T EXCH_B= F EXCH_C= F EXCH_P= F

 Geminal basis:    OPTFULL  GEM_TYPE=SLATER  BETA=1.0  NGEM=6

 Optimizing Gaussian exponents for each gem_beta

 Geminal optimization for beta= 1.0000
 Weight function:   m=0, omega= 1.4646

 Augmented Hessian optimization of geminal fit. Trust ratio= 0.40000
 Convergence reached after   2 iterations. Final gradient= 8.66D-16, Step= 4.23D-06, Delta= 1.28D-09

 Alpha:                 0.19532     0.81920     2.85917     9.50073    35.69989   197.79328
 Coeff:                 0.27070     0.30552     0.18297     0.10986     0.06810     0.04224


 All pairs explicitly correlated. Number of r12-pairs:           28

 Excluding core orbitals from MO domains

 AO(A)-basis ORBITAL           loaded. Number of functions:     178
 RI(R)-basis CC-PVTZ-F12/OPTRI loaded. Number of functions:     314
 DF-basis AUG-CC-PVTZ/JKFIT    loaded. Number of functions:     392

 Screening thresholds:   THRAO=  1.00D-10  THRMO=  1.00D-09  THRPROD=  1.00D-09
                         THRSW=  1.00D-05  THROV=  1.00D-12  THRAOF12= 1.00D-08

 CPU time for Fock operators                      1.61 sec

 Construction of ABS:
 Smallest eigenvalue of S          4.33E-04  (threshold= 1.00E-08)
 Ratio eigmin/eigmax               5.53E-05  (threshold= 1.00E-09)
 Smallest eigenvalue of S kept     4.33E-04  (threshold= 4.33E-04, 0 functions deleted, 314 kept)

 Construction of CABS:
 Smallest eigenvalue of S          7.25E-07  (threshold= 1.00E-08)
 Ratio eigmin/eigmax               7.25E-07  (threshold= 1.00E-09)
 Smallest eigenvalue of S kept     7.25E-07  (threshold= 7.25E-07, 0 functions deleted, 314 kept)

 CPU time for CABS singles                        0.04 sec

 CABS-singles contribution of  -0.00135367 patched into reference energy.
 New reference energy        -115.10013950

 AO(A)-basis ORBITAL           loaded. Number of functions:     178
 RI(R)-basis CC-PVTZ-F12/OPTRI loaded. Number of functions:     314
 DF-basis AUG-CC-PVTZ/MP2FIT   loaded. Number of functions:     396

 Screening thresholds:   THRAO=  1.00D-10  THRMO=  1.00D-09  THRPROD=  1.00D-09
                         THRSW=  1.00D-05  THROV=  1.00D-12  THRAOF12= 1.00D-08

 CPU time for 3-index integral evaluation         3.72 sec
 CPU time for first  half transformation          0.23 sec (10735.0 MFLOP/sec)
 CPU time for second half transformation          0.01 sec ( 6217.0 MFLOP/sec)
 CPU time for sorting                             0.01 sec
 CPU time for fitting                             0.01 sec (******* MFLOP/sec)
 CPU time for tilde quantities                    0.01 sec (******* MFLOP/sec)
 CPU time for assembly                            0.25 sec (49414.4 MFLOP/sec)
 CPU time for tranop_f12                          0.28 sec (56643.7 MFLOP/sec)
 CPU time for f12 integrals (total)               5.02 sec, Elapsed time:      5.47 sec
 CPU time for f12 matrices (total)                0.11 sec, Elapsed time:      0.18 sec

 Diagonal F12 approximation with fixed coefficients:  TSING= 0.500,  TTRIP= 0.250 (scaled by -1/beta)

 DF-MP2-F12 energy corrections:
 ==============================
 Approx.                                    Singlet             Triplet             Total
 DF-MP2-F12/3*C(DX,FIX)                -0.038287451265     -0.004212603373     -0.042500054638
 DF-MP2-F12/3*C(FIX)                   -0.036088572283     -0.003930858924     -0.040019431207
 DF-MP2-F12/3C(FIX)                    -0.036031305449     -0.004065835122     -0.040097140571

 DF-MP2-F12 correlation energies:
 ================================
 Approx.                                    Singlet             Triplet             Ecorr            Total Energy
 DF-MP2                                -0.291094546220     -0.152360417037     -0.443454963256   -115.543594461811
 DF-MP2-F12/3*C(DX,FIX)                -0.329381997484     -0.156573020410     -0.485955017894   -115.586094516449
 DF-MP2-F12/3*C(FIX)                   -0.327183118503     -0.156291275960     -0.483474394463   -115.583613893017
 DF-MP2-F12/3C(FIX)                    -0.327125851669     -0.156426252159     -0.483552103828   -115.583691602382

 SCS-DF-MP2 energies (F_SING= 1.20000  F_TRIP= 0.62222  F_PARALLEL= 0.33333):
 ============================================================================
 SCS-DF-MP2                            -0.444115492731   -115.544254991285
 SCS-DF-MP2-F12/3*C(DX,FIX)            -0.492681609681   -115.592821108235
 SCS-DF-MP2-F12/3*C(FIX)               -0.489867647245   -115.590007145800
 SCS-DF-MP2-F12/3C(FIX)                -0.489882912235   -115.590022410789
 Symmetry transformation completed.

 Number of N-1 electron functions:               7
 Number of N-2 electron functions:              28
 Number of singly external CSFs:              1183
 Number of doubly external CSFs:            700336
 Total number of CSFs:                      701520

 Length of J-op  integral file:             105.23 MB
 Length of K-op  integral file:             138.67 MB
 Length of 3-ext integral record:             0.00 MB

 Memory could be reduced to 48.01 Mwords without degradation in triples

 Integral transformation finished. Total CPU:   3.38 sec, npass=  1  Memory used:  24.86 MW

 Reference energy:                   -115.10013950

 Adding F12 terms to K(Cij), methodcc=6,  factor= 1.0

 ITER.      SQ.NORM     CORR.ENERGY   TOTAL ENERGY   ENERGY CHANGE        DEN1      VAR(S)    VAR(P)  DIIS     TIME  TIME/IT
   1      1.11762096    -0.45285480  -115.55299430    -0.00933344     0.00166819  0.15D-02  0.19D-02  1  1    13.30     4.45
   2      1.12503068    -0.45321655  -115.55335605    -0.00036175    -0.00904659  0.24D-04  0.23D-03  2  2    16.35     4.89
   3      1.12776018    -0.45339395  -115.55353345    -0.00017740    -0.00186507  0.15D-04  0.13D-04  3  3    19.56     6.41
   4      1.12870749    -0.45341183  -115.55355133    -0.00001788    -0.00060022  0.86D-06  0.12D-05  4  4    22.63     6.24
   5      1.12886307    -0.45341338  -115.55355288    -0.00000155    -0.00003792  0.23D-06  0.10D-06  5  5    25.82     6.95
   6      1.12890567    -0.45341103  -115.55355053     0.00000235    -0.00000423  0.36D-07  0.96D-08  6  6    28.92     7.36
   7      1.12891680    -0.45341015  -115.55354965     0.00000087    -0.00000299  0.40D-08  0.14D-08  6  1    32.05     7.55
   8      1.12891860    -0.45341022  -115.55354971    -0.00000006     0.00000034  0.67D-09  0.20D-09  6  3    35.30     8.08

 Norm of t1 vector:      0.05001230      S-energy:     0.00000011      T1 diagnostic:  0.00945144
                                                                       D1 diagnostic:  0.02004005

 Adding energy correction from Wij-K(Fij), methodcc=6  factor= 1.0

  CCSD correlation energy              -0.453410216157
  MP2-F12 correction (uncoupled)       -0.038545327334
  C*T doubles correction               -0.001164999971
  f12b correction                       0.007098762096


 Total CPU time for triples:     37.52 sec


 RESULTS
 =======

  Reference energy                   -115.098785828060
  F12 singles correction               -0.001353670495

 F12 singles corrections added to reference energy

  New reference energy               -115.100139498555

  F12a singlet correction              -0.035791793134
  F12a triplet correction              -0.003918534171
  F12a total correction                -0.039710327304

 F12a corrections for ansatz F12/3C(FIX) added to CCSD energy

  CCSD-F12a singlet pair energy        -0.351208448042
  CCSD-F12a triplet pair energy        -0.141912202095
  CCSD-F12a correlation energy         -0.493120543462

  Triples (T) contribution             -0.016014362451
  Total correlation energy             -0.509134905912

  CCSD-F12a total energy             -115.593260042016
  CCSD[T]-F12a energy                -115.609827552153
  CCSD-T-F12a energy                 -115.609030650174
 !CCSD(T)-F12a total energy          -115.609274404467

 F12b corrections for ansatz F12/3C(FIX) added to CCSD(T)-F12a energy

  CCSD-F12b singlet pair energy        -0.344571755838
  CCSD-F12b triplet pair energy        -0.141450132203
  CCSD-F12b correlation energy         -0.486021781366

  Triples (T) contribution             -0.016014362451
  Total correlation energy             -0.502036143817

  CCSD-F12b total energy             -115.586161279920
  CCSD[T]-F12b energy                -115.602728790057
  CCSD-T-F12b energy                 -115.601931888078
 !CCSD(T)-F12b total energy          -115.602175642371

 Timing summary (sec):

 STEP                 CPU(USER)    SYS     CPU(TOT)    WALL
 Transformation          3.44      1.77      5.21      7.36
 CCSD iterations        25.01     14.41     39.42     64.99
 Triples                37.52      3.29     40.81     42.94
 MP2-F12                 6.87      0.55      7.42      7.55
 F12b energy             2.85      1.41      4.26     11.21

 Program statistics:

 Available memory in ccsd:               499999646
 Min. memory needed in ccsd:               2228017
 Max. memory used in ccsd:                 2807120
 Max. memory used in cckext:               2027429 ( 9 integral passes)



 **********************************************************************************************************************************
 DATASETS  * FILE   NREC   LENGTH (MB)   RECORD NAMES
              1      20      703.56       500      610      700      900      950      970     1000      129      960     1100   
                                          VAR    BASINP    GEOM    SYMINP    ZMAT    AOBASIS   BASIS     P2S    ABASIS      S 
                                         1400     1410     1200     1210     1080     1600     1650     1300     1700     1380   
                                           T        V       H0       H01     AOSYM     SMH    MOLCAS    ERIS     OPER     JKOP   

              2       7        4.13       700     1000      520     2100     7360     7350     7000   
                                         GEOM     BASIS   MCVARS     RHF    F12ABS    EF12   

 PROGRAMS   *        TOTAL   CCSD(T)   MP2-F12    HF-SCF       INT
 CPU TIMES  *       101.75     75.73      8.59      8.32      8.97
 REAL TIME  *       267.00 SEC
 DISK USED  *         2.14 GB
 **********************************************************************************************************************************
 SETTING XXX            =    "MMM"
 SETTING POINT          =       103.00000000                                  

 *** ### CH3OH


 XXX       RCO          ROH          RCH1         RCH2         RCH3           ACOH           AOCH1          AOCH2          AOCH3         AHH1           AHH2           AHH3            ENERGY        POINT
 "MMM"   1.42077677   0.96013932   1.09171752   1.08440070   1.09171752   108.12930637   111.65221523   107.18733878   111.65221523   61.08008940   180.17677670   298.74313391   -115.60927440   103.0000
                                                  

 CCSD(T)-F12/cc-pVTZ-F12 energy=   -115.602175642371

     CCSD(T)-F12         MP2-F12          HF-SCF
   -115.60217564   -115.58375660   -115.09878583
 **********************************************************************************************************************************
 Molpro calculation terminated
