
 Primary working directories    : /tmpdir/job/2955607.undefined/molpro.DwFNAmRlBy
 Secondary working directories  : /tmpdir/job/2955607.undefined/molpro.DwFNAmRlBy
 Wavefunction directory         : /home/zcaposm/wfu/
 Main file repository           : /tmpdir/job/2955607.undefined/molpro.DwFNAmRlBy/

 id        : uclcc

 Nodes                         nprocs
 node-d00a-245.myriad.ucl.ac.uk    1

 Using customized tuning parameters: mindgm=1; mindgv=20; mindgc=4; mindgr=1; noblas=0; minvec=7
 default implementation of scratch files=df  


 Variables initialized (945), CPU time= 0.01 sec
 ***,Methanol Ground State Energy with CCSD(T)-F12 and cc-pVTZ-F12
 memory,500,m;
 
 geometry={angstrom
 c
 o , 1, rco
 h , 2, roh, 1, acoh
 h1, 1, rch1, 2, aoch1  3  ahh1
 h2, 1, rch2, 2, aoch2, 3, ahh2
 h3, 1, rch3, 2, aoch3, 3, ahh3
 }
 
                                                ! Specify the initial values of the internal coordinates (in Angstroms and degrees)
 
 rco= 1.42077677
 roh= 0.96013932
 rch1= 1.091717515605
 rch2= 1.0994007025799999
 rch3= 1.091717515605
 acoh= 108.12930637
 aoch1= 111.6522152299
 aoch2= 107.18733878260001
 aoch3= 111.6522152299
 ahh1=61.43364279
 ahh2=180.0
 ahh3=298.56635721
 
                                                                                 ! Use the cc-pVTZ-F12 basis set
 basis=cc-pVTZ-F12
 
 hf
 
                                                                                 ! Use explicitly correlated F12 methods
                                                                            ! First, MP2-F12 (useful for initial electronic energy)
 {mp2-f12}
 
                                                                        ! If desired, perform CCSD(T)-F12 for more accurate results
 {ccsd(t)-f12}
 
                                                                                 ! Output the energy
 xxx = "mmm"
 point = 42
 text ### CH3OH
 table,xxx,rco,roh,rch1,rch2,rch3,acoh,aoch1,aoch2,aoch3,ahh1,ahh2,ahh3,energy,point
 DIGITS, 0, 8, 8, 8, 8, 8, 8, 8, 8, 8,  8,  8,  8, 8, 4
 save,CH3OH_MEP_MP2_42.dat,new
 
 Commands  initialized (802), CPU time= 0.01 sec, 659 directives.
 Default parameters read. Elapsed time= 0.07 sec

 Checking input...
 Passed
1


                                         ***  PROGRAM SYSTEM MOLPRO  ***
                                       Copyright, TTI GmbH Stuttgart, 2015
                                    Version 2020.1 linked Oct  6 2020 12:04:11


 **********************************************************************************************************************************
 LABEL *   Methanol Ground State Energy with CCSD(T)-F12 and cc-pVTZ-F12                 
  64 bit serial version                                                                  DATE: 08-Oct-24          TIME: 17:15:52  
 **********************************************************************************************************************************

 SHA1:             8c27446f6450a7499e38f603e13c65f775101d37
 **********************************************************************************************************************************

 Memory per process:       500 MW
 Total memory per node:    500 MW

 GA preallocation disabled
 GA check disabled

 Variable memory set to 500.0 MW

 SETTING RCO            =         1.42077677                                  
 SETTING ROH            =         0.96013932                                  
 SETTING RCH1           =         1.09171752                                  
 SETTING RCH2           =         1.09940070                                  
 SETTING RCH3           =         1.09171752                                  
 SETTING ACOH           =       108.12930637                                  
 SETTING AOCH1          =       111.65221523                                  
 SETTING AOCH2          =       107.18733878                                  
 SETTING AOCH3          =       111.65221523                                  
 SETTING AHH1           =        61.43364279                                  
 SETTING AHH2           =       180.00000000                                  
 SETTING AHH3           =       298.56635721                                  
 SETTING BASIS          =    CC-PVTZ-F12


 Recomputing integrals since basis changed


 Using spherical harmonics

 Library entry C      S cc-pVTZ-F12          selected for orbital group  1
 Library entry C      P cc-pVTZ-F12          selected for orbital group  1
 Library entry C      D cc-pVTZ-F12          selected for orbital group  1
 Library entry C      F cc-pVTZ-F12          selected for orbital group  1
 Library entry O      S cc-pVTZ-F12          selected for orbital group  2
 Library entry O      P cc-pVTZ-F12          selected for orbital group  2
 Library entry O      D cc-pVTZ-F12          selected for orbital group  2
 Library entry O      F cc-pVTZ-F12          selected for orbital group  2
 Library entry H      S cc-pVTZ-F12          selected for orbital group  3
 Library entry H      P cc-pVTZ-F12          selected for orbital group  3
 Library entry H      D cc-pVTZ-F12          selected for orbital group  3


 PROGRAM * SEWARD (Integral evaluation for generally contracted gaussian basis sets)     Author: Roland Lindh, 1990

 Geometry written to block  1 of record 700

 Orientation using atomic masses  
 Molecule type: Asymmetric top
 Symmetry elements: X
 Rotational constants:      23.9128848     24.7939677    127.8490905 GHz  (calculated with average atomic masses)

 Point group  Cs  



 ATOMIC COORDINATES

 NR  ATOM    CHARGE       X              Y              Z

   1  C       6.00    0.000000000    0.027780967   -1.376247753
   2  O       8.00    0.000000000   -0.122882207    1.304400628
   3  H       1.00    0.000000000    1.567046989    1.964845906
   4  H1      1.00    1.684053272    0.985944901   -2.084802500
   5  H3      1.00   -1.684053272    0.985944901   -2.084802500
   6  H2      1.00    0.000000000   -1.919431267   -2.100572233

 Bond lengths in Bohr (Angstrom)

 1-2  2.684878979  1-4  2.063047110  1-5  2.063047110  1-6  2.077566229  2-3  1.814400356
     ( 1.420776770)     ( 1.091717516)     ( 1.091717516)     ( 1.099400703)     ( 0.960139320)

 Bond angles

  1-2-3  108.12930637   2-1-4  111.65221523   2-1-5  111.65221523   2-1-6  107.18733878

  4-1-5  109.43105099   4-1-6  108.39459424   5-1-6  108.39459424

 NUCLEAR CHARGE:                   18
 NUMBER OF PRIMITIVE AOS:         228
 NUMBER OF SYMMETRY AOS:          206
 NUMBER OF CONTRACTIONS:          178   (  114A'  +   64A"  )
 NUMBER OF INNER CORE ORBITALS:     0   (    0A'  +    0A"  )
 NUMBER OF OUTER CORE ORBITALS:     2   (    2A'  +    0A"  )
 NUMBER OF VALENCE ORBITALS:       12   (    9A'  +    3A"  )


 NUCLEAR REPULSION ENERGY   40.28916149

 Eigenvalues of metric

         1 0.891E-04 0.184E-03 0.315E-03 0.460E-03 0.493E-03 0.563E-03 0.617E-03 0.622E-03
         2 0.323E-03 0.570E-03 0.686E-03 0.178E-02 0.340E-02 0.494E-02 0.656E-02 0.871E-02


 Contracted 2-electron integrals neglected if value below      1.0D-11
 AO integral compression algorithm  1   Integral accuracy      1.0D-11

     331.612 MB (compressed) written to integral file ( 53.5%)


 NUMBER OF SORTED TWO-ELECTRON INTEGRALS:   64554730.     BUFFER LENGTH:  32768
 NUMBER OF SEGMENTS:   5  SEGMENT LENGTH:   15997996      RECORD LENGTH: 524288

 Memory used in sort:      16.56 MW

 SORT1 READ    77497885. AND WROTE    63552627. INTEGRALS IN    184 RECORDS. CPU TIME:     1.83 SEC, REAL TIME:    99.81 SEC
 SORT2 READ    63552627. AND WROTE    64554730. INTEGRALS IN   1265 RECORDS. CPU TIME:     1.43 SEC, REAL TIME:   278.89 SEC

 FILE SIZES:   FILE 1:   362.5 MBYTE,  FILE 4:   771.8 MBYTE,   TOTAL:   1134.3 MBYTE

 OPERATOR DM      FOR CENTER  0  COORDINATES:    0.000000    0.000000    0.000000


 **********************************************************************************************************************************
 DATASETS  * FILE   NREC   LENGTH (MB)   RECORD NAMES
              1      19      311.81       500      610      700      900      950      970     1000      129      960     1100   
                                          VAR    BASINP    GEOM    SYMINP    ZMAT    AOBASIS   BASIS     P2S    ABASIS      S 
                                         1400     1410     1200     1210     1080     1600     1650     1300     1700   
                                           T        V       H0       H01     AOSYM     SMH    MOLCAS    ERIS     OPER   

 PROGRAMS   *        TOTAL       INT
 CPU TIMES  *         6.70      6.59
 REAL TIME  *       473.71 SEC
 DISK USED  *         1.13 GB
 **********************************************************************************************************************************


 PROGRAM * RHF-SCF (CLOSED SHELL)       Authors: W. Meyer, H.-J. Werner


 NUMBER OF ELECTRONS:       9+    9-
 CONVERGENCE THRESHOLDS:    1.00E-05 (Density)    1.00E-07 (Energy)
 MAX. NUMBER OF ITERATIONS:       60
 INTERPOLATION TYPE:            DIIS
 INTERPOLATION STEPS:              2 (START)      1 (STEP)
 LEVEL SHIFTS:                  0.00 (CLOSED)  0.00 (OPEN) 



 Orbital guess generated from atomic densities. Full valence occupancy:   11   3

 Molecular orbital dump at record        2100.2

 Initial occupancy:   7   2

 ITERATION    DDIFF          GRAD             ENERGY        2-EL.EN.            DIPOLE MOMENTS         DIIS   ORB.
    1      0.000D+00      0.000D+00      -115.06211884    164.370952    0.00000    0.90137   -0.47694    0    start
    2      0.000D+00      0.669D-02      -115.09044361    161.800872    0.00000    0.49925   -0.30031    1    diag
    3      0.652D-02      0.367D-02      -115.09797364    163.060186    0.00000    0.60333   -0.39376    2    diag
    4      0.222D-02      0.718D-03      -115.09850520    162.884098    0.00000    0.59893   -0.38905    3    diag
    5      0.593D-03      0.145D-03      -115.09853951    162.896116    0.00000    0.59524   -0.39375    4    diag
    6      0.166D-03      0.269D-04      -115.09854106    162.893532    0.00000    0.59544   -0.39451    5    diag
    7      0.476D-04      0.564D-05      -115.09854114    162.893365    0.00000    0.59528   -0.39477    6    diag
    8      0.120D-04      0.138D-05      -115.09854114    162.893617    0.00000    0.59526   -0.39479    7    diag
    9      0.227D-05      0.410D-06      -115.09854114    162.893475    0.00000    0.59524   -0.39480    0    orth

 Final occupancy:   7   2

 !RHF STATE  1.1 Energy              -115.098541139579
 Nuclear energy                        40.28916149
 One-electron energy                 -236.83444031
 Two-electron energy                   81.44673769
 Virial quotient                       -1.00120666
 !RHF STATE  1.1 Dipole moment          0.00000000     0.59524437    -0.39479752
 Dipole moment /Debye                   0.00000000     1.51286119    -1.00340949

 Orbital energies:

         1.1          2.1          3.1          4.1          5.1          6.1          7.1          8.1          9.1
    -20.556589   -11.271635    -1.357100    -0.924630    -0.690848    -0.592543    -0.502968     0.054609     0.065084

         1.2          2.2          3.2          4.2
     -0.621800    -0.452368     0.073799     0.181470


 HOMO      2.2    -0.452368 =     -12.3096eV
 LUMO      8.1     0.054609 =       1.4860eV
 LUMO-HOMO         0.506977 =      13.7956eV


 **********************************************************************************************************************************
 DATASETS  * FILE   NREC   LENGTH (MB)   RECORD NAMES
              1      19      311.81       500      610      700      900      950      970     1000      129      960     1100   
                                          VAR    BASINP    GEOM    SYMINP    ZMAT    AOBASIS   BASIS     P2S    ABASIS      S 
                                         1400     1410     1200     1210     1080     1600     1650     1300     1700   
                                           T        V       H0       H01     AOSYM     SMH    MOLCAS    ERIS     OPER   

              2       4        3.18       700     1000      520     2100   
                                         GEOM     BASIS   MCVARS     RHF  

 PROGRAMS   *        TOTAL    HF-SCF       INT
 CPU TIMES  *         9.42      2.71      6.59
 REAL TIME  *       513.08 SEC
 DISK USED  *         1.13 GB
 **********************************************************************************************************************************


 PROGRAM * MP2 (Closed-shell)     Authors: C. Hampel, H.-J. Werner, 1991, M. Deegan, P.J. Knowles, 1992

                                   MP2-F12 implementation by H.-J. Werner, 2007

                   Density fitting integral evaluation by F.R. Manby, 2003,2007, G. Knizia, 2010


 Basis set AUG-CC-PVTZ/JKFIT generated.  Number of basis functions:   392 
 Basis set CC-PVTZ-F12/OPTRI generated.  Number of basis functions:   314 
 Basis set AUG-CC-PVTZ/MP2FIT generated. Number of basis functions:   396 

 Convergence thresholds:  THRVAR = 1.00D-08  THRDEN = 1.00D-06

 Number of core orbitals:           2 (   2   0 )
 Number of closed-shell orbitals:   7 (   5   2 )
 Number of external orbitals:     169 ( 107  62 )

 Molecular orbitals read from record     2100.2  Type=RHF/CANONICAL (state 1.1)

 MP2-F12 correlation treatment (H.-J. Werner, 2006)
 ==================================================

 Using MP2-F12 with ansatz 3C(FIX)

 Using projected zeroth-order Hamiltonian (+Z)

 FOCKRIB=T FOCKRIC=T FOCKRIP=T CABSP=T CABSA=T CABSK=T CABSF=T GBC=F EBC=F DMAT=T NOFIK=T NOPAO=1 SOLVE=-1  USEPAO=0
 EXCH_A= T EXCH_B= F EXCH_C= F EXCH_P= F

 Geminal basis:    OPTFULL  GEM_TYPE=SLATER  BETA=1.0  NGEM=6

 Optimizing Gaussian exponents for each gem_beta

 Geminal optimization for beta= 1.0000
 Weight function:   m=0, omega= 1.4646

 Augmented Hessian optimization of geminal fit. Trust ratio= 0.40000
 Convergence reached after   2 iterations. Final gradient= 8.66D-16, Step= 4.23D-06, Delta= 1.28D-09

 Alpha:                 0.19532     0.81920     2.85917     9.50073    35.69989   197.79328
 Coeff:                 0.27070     0.30552     0.18297     0.10986     0.06810     0.04224


 Symmetry turned off. Reference energy:       -115.098541139579

 All pairs explicitly correlated. Number of r12-pairs:           28

 Excluding core orbitals from MO domains

 AO(A)-basis ORBITAL           loaded. Number of functions:     178
 RI(R)-basis CC-PVTZ-F12/OPTRI loaded. Number of functions:     314
 DF-basis AUG-CC-PVTZ/JKFIT    loaded. Number of functions:     392

 Screening thresholds:   THRAO=  1.00D-10  THRMO=  1.00D-09  THRPROD=  1.00D-09
                         THRSW=  1.00D-05  THROV=  1.00D-12  THRAOF12= 1.00D-08

 CPU time for Fock operators                      4.54 sec

 Construction of ABS:
 Smallest eigenvalue of S          4.40E-04  (threshold= 1.00E-08)
 Ratio eigmin/eigmax               5.64E-05  (threshold= 1.00E-09)
 Smallest eigenvalue of S kept     4.40E-04  (threshold= 4.40E-04, 0 functions deleted, 314 kept)

 Construction of CABS:
 Smallest eigenvalue of S          7.47E-07  (threshold= 1.00E-08)
 Ratio eigmin/eigmax               7.47E-07  (threshold= 1.00E-09)
 Smallest eigenvalue of S kept     7.47E-07  (threshold= 7.47E-07, 0 functions deleted, 314 kept)

 CPU time for CABS singles                        0.03 sec

 CABS-singles contribution of  -0.00134872 patched into reference energy.
 New reference energy        -115.09988986

 AO(A)-basis ORBITAL           loaded. Number of functions:     178
 RI(R)-basis CC-PVTZ-F12/OPTRI loaded. Number of functions:     314
 DF-basis AUG-CC-PVTZ/MP2FIT   loaded. Number of functions:     396

 Screening thresholds:   THRAO=  1.00D-10  THRMO=  1.00D-09  THRPROD=  1.00D-09
                         THRSW=  1.00D-05  THROV=  1.00D-12  THRAOF12= 1.00D-08

 CPU time for 3-index integral evaluation         3.06 sec
 CPU time for first  half transformation          0.20 sec (12345.3 MFLOP/sec)
 CPU time for second half transformation          0.02 sec ( 3108.5 MFLOP/sec)
 CPU time for sorting                             0.03 sec
 CPU time for fitting                             0.01 sec (******* MFLOP/sec)
 CPU time for tilde quantities                    0.03 sec (50348.4 MFLOP/sec)
 CPU time for assembly                            0.15 sec (82357.3 MFLOP/sec)
 CPU time for tranop_f12                          0.21 sec (75524.9 MFLOP/sec)
 CPU time for f12 integrals (total)               6.00 sec, Elapsed time:      6.30 sec
 CPU time for f12 matrices (total)                0.08 sec, Elapsed time:      0.11 sec

 Diagonal F12 approximation with fixed coefficients:  TSING= 0.500,  TTRIP= 0.250 (scaled by -1/beta)

 DF-MP2-F12 energy corrections:
 ==============================
 Approx.                                    Singlet             Triplet             Total
 DF-MP2-F12/3*C(DX,FIX)                -0.038258166768     -0.004208964910     -0.042467131678
 DF-MP2-F12/3*C(FIX)                   -0.036066004294     -0.003928078786     -0.039994083080
 DF-MP2-F12/3C(FIX)                    -0.036008974172     -0.004063194966     -0.040072169139

 DF-MP2-F12 correlation energies:
 ================================
 Approx.                                    Singlet             Triplet             Ecorr            Total Energy
 DF-MP2                                -0.291215358578     -0.152365188560     -0.443580547139   -115.543470409651
 DF-MP2-F12/3*C(DX,FIX)                -0.329473525346     -0.156574153471     -0.486047678817   -115.585937541329
 DF-MP2-F12/3*C(FIX)                   -0.327281362872     -0.156293267346     -0.483574630219   -115.583464492731
 DF-MP2-F12/3C(FIX)                    -0.327224332751     -0.156428383527     -0.483652716277   -115.583542578790

 SCS-DF-MP2 energies (F_SING= 1.20000  F_TRIP= 0.62222  F_PARALLEL= 0.33333):
 ============================================================================
 SCS-DF-MP2                            -0.444263436509   -115.544153299022
 SCS-DF-MP2-F12/3*C(DX,FIX)            -0.492792148130   -115.592682010643
 SCS-DF-MP2-F12/3*C(FIX)               -0.489986779573   -115.589876642086
 SCS-DF-MP2-F12/3C(FIX)                -0.490002415718   -115.589892278230

 Symmetry restored.
 Symmetry transformation completed.

 Number of N-1 electron functions:               7
 Number of N-2 electron functions:              28
 Number of singly external CSFs:               659
 Number of doubly external CSFs:            355020
 Total number of CSFs:                      355680

 Length of J-op  integral file:             103.49 MB
 Length of K-op  integral file:             127.95 MB

 Integral transformation finished. Total CPU:   0.37 sec, npass=  1  Memory used:   0.67 MW

 ITER.      SQ.NORM     CORR.ENERGY   TOTAL ENERGY   ENERGY CHANGE     VAR   MIC
   1      1.00000000    -0.44364712  -115.54353699    -0.44364712  0.00D+00   0
   2      1.11498829    -0.44364712  -115.54353699     0.00000000 -0.13D-15   0

 Solving MP2-F12 equations

   1      1.11495173    -0.48296103  -115.58285089    -0.03931391 -0.37D-04   0
   2      1.11495173    -0.48371788  -115.58360774    -0.00075685 -0.97D-20   0
   3      1.11495173    -0.48371788  -115.58360774     0.00000000  0.39D-19   0

 CPU TIME FOR ITERATIVE MP2:    0.03 SEC


 MP2-F12 energy corrections:
 ===========================
 Approx.                                    Singlet             Triplet             Total
 MP2-F12/3*C(DX,FIX)                   -0.038258166768     -0.004208964910     -0.042467131678
 MP2-F12/3*C(FIX)                      -0.036066004294     -0.003928078786     -0.039994083080
 MP2-F12/3C(FIX)                       -0.036006271456     -0.004064483087     -0.040070754543

 MP2-F12 correlation energies:
 =============================
 Approx.                                    Singlet             Triplet             Ecorr            Total Energy
 MP2                                   -0.291398790753     -0.152248333064     -0.443647123817   -115.543536986329
 MP2-F12/3*C(DX,FIX)                   -0.329656957520     -0.156457297974     -0.486114255495   -115.586004118007
 MP2-F12/3*C(FIX)                      -0.327464795047     -0.156176411850     -0.483641206897   -115.583531069409
 MP2-F12/3C(FIX)                       -0.327405062209     -0.156312816151     -0.483717878360   -115.583607740872

 SCS-MP2 energies (F_SING= 1.20000  F_TRIP= 0.62222  F_PARALLEL= 0.33333):
 =========================================================================
 SCS-MP2                               -0.444410845032   -115.544300707545
 SCS-MP2-F12/3*C(DX,FIX)               -0.492939556653   -115.592829419165
 SCS-MP2-F12/3*C(FIX)                  -0.490134188096   -115.590024050608
 SCS-MP2-F12/3C(FIX)                   -0.490147382478   -115.590037244990


  Reference energy                   -115.098541139579
  F12 singles correction               -0.001348722933

 F12 singles corrections added to reference energy

  New reference energy               -115.099889862512

  F12/3C(F) singlet correction         -0.036006271456
  F12/3C(F) triplet correction         -0.004064483087
  F12/3C(F) total correction           -0.040070754543
  MP2-F12/3C(F) singlet pair energy    -0.327405062209
  MP2-F12/3C(F) triplet pair energy    -0.156312816151
  MP2-F12/3C(F) correlation energy     -0.483717878360

 !MP2-F12/3C(F) total energy         -115.583607740872


 **********************************************************************************************************************************
 DATASETS  * FILE   NREC   LENGTH (MB)   RECORD NAMES
              1      20      317.56       500      610      700      900      950      970     1000      129      960     1100   
                                          VAR    BASINP    GEOM    SYMINP    ZMAT    AOBASIS   BASIS     P2S    ABASIS      S 
                                         1400     1410     1200     1210     1080     1600     1650     1300     1700     1380   
                                           T        V       H0       H01     AOSYM     SMH    MOLCAS    ERIS     OPER     JKOP   

              2       7        3.55       700     1000      520     2100     7360     7350     7000   
                                         GEOM     BASIS   MCVARS     RHF    F12ABS    EF12   

 PROGRAMS   *        TOTAL   MP2-F12    HF-SCF       INT
 CPU TIMES  *        20.68     11.25      2.71      6.59
 REAL TIME  *       530.12 SEC
 DISK USED  *         1.13 GB
 **********************************************************************************************************************************


 PROGRAM * CCSD (Closed-shell coupled cluster)     Authors: C. Hampel, H.-J. Werner, 1991, M. Deegan, P.J. Knowles, 1992

                                  CCSD-F12 implementation by  H.-J. Werner, 2007

                   Density fitting integral evaluation by F.R. Manby, 2003,2007, G. Knizia, 2010



 Convergence thresholds:  THRVAR = 1.00D-08  THRDEN = 1.00D-06

 CCSD(T)     terms to be evaluated (factor= 1.000)


 Number of core orbitals:           2 (   2   0 )
 Number of closed-shell orbitals:   7 (   5   2 )
 Number of external orbitals:     169 ( 107  62 )

 Molecular orbitals read from record     2100.2  Type=RHF/CANONICAL (state 1.1)

 MP2-F12 correlation treatment (H.-J. Werner, 2006)
 ==================================================

 Using MP2-F12 with ansatz 3C(FIX)

 Using projected zeroth-order Hamiltonian (+Z)

 FOCKRIB=T FOCKRIC=T FOCKRIP=T CABSP=T CABSA=T CABSK=T CABSF=T GBC=F EBC=F DMAT=T NOFIK=T NOPAO=1 SOLVE=-1  USEPAO=0
 EXCH_A= T EXCH_B= F EXCH_C= F EXCH_P= F

 Geminal basis:    OPTFULL  GEM_TYPE=SLATER  BETA=1.0  NGEM=6

 Optimizing Gaussian exponents for each gem_beta

 Geminal optimization for beta= 1.0000
 Weight function:   m=0, omega= 1.4646

 Augmented Hessian optimization of geminal fit. Trust ratio= 0.40000
 Convergence reached after   2 iterations. Final gradient= 8.66D-16, Step= 4.23D-06, Delta= 1.28D-09

 Alpha:                 0.19532     0.81920     2.85917     9.50073    35.69989   197.79328
 Coeff:                 0.27070     0.30552     0.18297     0.10986     0.06810     0.04224


 Symmetry turned off. Reference energy:       -115.098541139579

 All pairs explicitly correlated. Number of r12-pairs:           28

 Excluding core orbitals from MO domains

 AO(A)-basis ORBITAL           loaded. Number of functions:     178
 RI(R)-basis CC-PVTZ-F12/OPTRI loaded. Number of functions:     314
 DF-basis AUG-CC-PVTZ/JKFIT    loaded. Number of functions:     392

 Screening thresholds:   THRAO=  1.00D-10  THRMO=  1.00D-09  THRPROD=  1.00D-09
                         THRSW=  1.00D-05  THROV=  1.00D-12  THRAOF12= 1.00D-08

 CPU time for Fock operators                      4.44 sec

 Construction of ABS:
 Smallest eigenvalue of S          4.40E-04  (threshold= 1.00E-08)
 Ratio eigmin/eigmax               5.64E-05  (threshold= 1.00E-09)
 Smallest eigenvalue of S kept     4.40E-04  (threshold= 4.40E-04, 0 functions deleted, 314 kept)

 Construction of CABS:
 Smallest eigenvalue of S          7.47E-07  (threshold= 1.00E-08)
 Ratio eigmin/eigmax               7.47E-07  (threshold= 1.00E-09)
 Smallest eigenvalue of S kept     7.47E-07  (threshold= 7.47E-07, 0 functions deleted, 314 kept)

 CPU time for CABS singles                        0.03 sec

 CABS-singles contribution of  -0.00134872 patched into reference energy.
 New reference energy        -115.09988986

 AO(A)-basis ORBITAL           loaded. Number of functions:     178
 RI(R)-basis CC-PVTZ-F12/OPTRI loaded. Number of functions:     314
 DF-basis AUG-CC-PVTZ/MP2FIT   loaded. Number of functions:     396

 Screening thresholds:   THRAO=  1.00D-10  THRMO=  1.00D-09  THRPROD=  1.00D-09
                         THRSW=  1.00D-05  THROV=  1.00D-12  THRAOF12= 1.00D-08

 CPU time for 3-index integral evaluation         3.12 sec
 CPU time for first  half transformation          0.17 sec (14523.8 MFLOP/sec)
 CPU time for second half transformation          0.01 sec ( 6217.0 MFLOP/sec)
 CPU time for fitting                             0.02 sec (56971.3 MFLOP/sec)
 CPU time for tilde quantities                    0.04 sec (37761.3 MFLOP/sec)
 CPU time for assembly                            0.16 sec (77210.0 MFLOP/sec)
 CPU time for tranop_f12                          0.21 sec (75524.9 MFLOP/sec)
 CPU time for f12 integrals (total)               6.01 sec, Elapsed time:      6.33 sec
 CPU time for f12 matrices (total)                0.08 sec, Elapsed time:      0.11 sec

 Diagonal F12 approximation with fixed coefficients:  TSING= 0.500,  TTRIP= 0.250 (scaled by -1/beta)

 DF-MP2-F12 energy corrections:
 ==============================
 Approx.                                    Singlet             Triplet             Total
 DF-MP2-F12/3*C(DX,FIX)                -0.038258166768     -0.004208964910     -0.042467131678
 DF-MP2-F12/3*C(FIX)                   -0.036066004294     -0.003928078786     -0.039994083080
 DF-MP2-F12/3C(FIX)                    -0.036008974172     -0.004063194966     -0.040072169139

 DF-MP2-F12 correlation energies:
 ================================
 Approx.                                    Singlet             Triplet             Ecorr            Total Energy
 DF-MP2                                -0.291215358578     -0.152365188560     -0.443580547139   -115.543470409651
 DF-MP2-F12/3*C(DX,FIX)                -0.329473525346     -0.156574153471     -0.486047678817   -115.585937541329
 DF-MP2-F12/3*C(FIX)                   -0.327281362872     -0.156293267346     -0.483574630219   -115.583464492731
 DF-MP2-F12/3C(FIX)                    -0.327224332751     -0.156428383527     -0.483652716277   -115.583542578790

 SCS-DF-MP2 energies (F_SING= 1.20000  F_TRIP= 0.62222  F_PARALLEL= 0.33333):
 ============================================================================
 SCS-DF-MP2                            -0.444263436509   -115.544153299022
 SCS-DF-MP2-F12/3*C(DX,FIX)            -0.492792148130   -115.592682010643
 SCS-DF-MP2-F12/3*C(FIX)               -0.489986779573   -115.589876642086
 SCS-DF-MP2-F12/3C(FIX)                -0.490002415718   -115.589892278230

 Symmetry restored.
 Symmetry transformation completed.

 Number of N-1 electron functions:               7
 Number of N-2 electron functions:              28
 Number of singly external CSFs:               659
 Number of doubly external CSFs:            355020
 Total number of CSFs:                      355680

 Length of J-op  integral file:             103.62 MB
 Length of K-op  integral file:             127.95 MB
 Length of 3-ext integral record:             0.00 MB

 Memory could be reduced to 24.20 Mwords without degradation in triples

 Integral transformation finished. Total CPU:   0.96 sec, npass=  1  Memory used:   7.45 MW

 Reference energy:                   -115.09988986

 Adding F12 terms to K(Cij), methodcc=6,  factor= 1.0

 ITER.      SQ.NORM     CORR.ENERGY   TOTAL ENERGY   ENERGY CHANGE        DEN1      VAR(S)    VAR(P)  DIIS     TIME  TIME/IT
   1      1.11792343    -0.45300578  -115.55289564    -0.00935865     0.00168198  0.15D-02  0.19D-02  1  1    12.21     0.68
   2      1.12538264    -0.45337676  -115.55326662    -0.00037098    -0.00907683  0.24D-04  0.23D-03  2  2    12.86     0.72
   3      1.12814355    -0.45355677  -115.55344663    -0.00018001    -0.00188028  0.15D-04  0.14D-04  3  3    13.52     0.72
   4      1.12910171    -0.45357464  -115.55346450    -0.00001787    -0.00060543  0.86D-06  0.12D-05  4  4    14.17     0.72
   5      1.12925853    -0.45357631  -115.55346618    -0.00000167    -0.00003818  0.23D-06  0.10D-06  5  5    14.83     0.73
   6      1.12930134    -0.45357397  -115.55346383     0.00000234    -0.00000425  0.35D-07  0.97D-08  6  6    15.51     0.73
   7      1.12931246    -0.45357309  -115.55346295     0.00000088    -0.00000301  0.39D-08  0.14D-08  6  1    16.15     0.73
   8      1.12931425    -0.45357315  -115.55346301    -0.00000006     0.00000033  0.67D-09  0.20D-09  6  3    16.78     0.73

 Norm of t1 vector:      0.05014597      S-energy:    -0.00000036      T1 diagnostic:  0.00947670
                                                                       D1 diagnostic:  0.02004476

 Adding energy correction from Wij-K(Fij), methodcc=6  factor= 1.0

  CCSD correlation energy              -0.453573150684
  MP2-F12 correction (uncoupled)       -0.038519305899
  C*T doubles correction               -0.001165462746
  f12b correction                       0.007098601156


 Total CPU time for triples:     11.26 sec


 RESULTS
 =======

  Reference energy                   -115.098541139579
  F12 singles correction               -0.001348722933

 F12 singles corrections added to reference energy

  New reference energy               -115.099889862512

  F12a singlet correction              -0.035768976987
  F12a triplet correction              -0.003915791658
  F12a total correction                -0.039684768645

 F12a corrections for ansatz F12/3C(FIX) added to CCSD energy

  CCSD-F12a singlet pair energy        -0.351382388329
  CCSD-F12a triplet pair energy        -0.141875171341
  CCSD-F12a correlation energy         -0.493257919329

  Triples (T) contribution             -0.016046961156
  Total correlation energy             -0.509304880485

  CCSD-F12a total energy             -115.593147781841
  CCSD[T]-F12a energy                -115.609751430654
  CCSD-T-F12a energy                 -115.608949487671
 !CCSD(T)-F12a total energy          -115.609194742997

 F12b corrections for ansatz F12/3C(FIX) added to CCSD(T)-F12a energy

  CCSD-F12b singlet pair energy        -0.344745468120
  CCSD-F12b triplet pair energy        -0.141413490394
  CCSD-F12b correlation energy         -0.486159318173

  Triples (T) contribution             -0.016046961156
  Total correlation energy             -0.502206279330

  CCSD-F12b total energy             -115.586049180686
  CCSD[T]-F12b energy                -115.602652829498
  CCSD-T-F12b energy                 -115.601850886516
 !CCSD(T)-F12b total energy          -115.602096141842

 Timing summary (sec):

 STEP                 CPU(USER)    SYS     CPU(TOT)    WALL
 Transformation          0.98      0.23      1.21      1.27
 CCSD iterations         5.18      0.64      5.82      5.86
 Triples                11.26      0.46     11.72     11.76
 MP2-F12                10.62      0.51     11.13     11.27
 F12b energy             0.54      0.05      0.59      0.58

 Program statistics:

 Available memory in ccsd:               499999650
 Min. memory needed in ccsd:               1149135
 Max. memory used in ccsd:                 1443104
 Max. memory used in cckext:               1888566 ( 9 integral passes)



 **********************************************************************************************************************************
 DATASETS  * FILE   NREC   LENGTH (MB)   RECORD NAMES
              1      20      386.12       500      610      700      900      950      970     1000      129      960     1100   
                                          VAR    BASINP    GEOM    SYMINP    ZMAT    AOBASIS   BASIS     P2S    ABASIS      S 
                                         1400     1410     1200     1210     1080     1600     1650     1300     1700     1380   
                                           T        V       H0       H01     AOSYM     SMH    MOLCAS    ERIS     OPER     JKOP   

              2       7        3.55       700     1000      520     2100     7360     7350     7000   
                                         GEOM     BASIS   MCVARS     RHF    F12ABS    EF12   

 PROGRAMS   *        TOTAL   CCSD(T)   MP2-F12    HF-SCF       INT
 CPU TIMES  *        49.29     28.60     11.25      2.71      6.59
 REAL TIME  *       560.91 SEC
 DISK USED  *         1.13 GB
 **********************************************************************************************************************************
 SETTING XXX            =    "MMM"
 SETTING POINT          =        42.00000000                                  

 *** ### CH3OH


 XXX       RCO          ROH          RCH1         RCH2         RCH3           ACOH           AOCH1          AOCH2          AOCH3         AHH1           AHH2           AHH3            ENERGY       POINT
 "MMM"   1.42077677   0.96013932   1.09171752   1.09940070   1.09171752   108.12930637   111.65221523   107.18733878   111.65221523   61.43364279   180.00000000   298.56635721   -115.60919474   42.0000
                                                  

 CCSD(T)-F12/cc-pVTZ-F12 energy=   -115.602096141842

     CCSD(T)-F12         MP2-F12          HF-SCF
   -115.60209614   -115.58360774   -115.09854114
 **********************************************************************************************************************************
 Molpro calculation terminated
