
 Primary working directories    : /tmpdir/job/2955574.undefined/molpro.rUxYVBP2aK
 Secondary working directories  : /tmpdir/job/2955574.undefined/molpro.rUxYVBP2aK
 Wavefunction directory         : /home/zcaposm/wfu/
 Main file repository           : /tmpdir/job/2955574.undefined/molpro.rUxYVBP2aK/

 id        : uclcc

 Nodes                         nprocs
 node-d00a-131.myriad.ucl.ac.uk    1

 Using customized tuning parameters: mindgm=1; mindgv=20; mindgc=4; mindgr=1; noblas=0; minvec=7
 default implementation of scratch files=df  


 Variables initialized (945), CPU time= 0.01 sec
 ***,Methanol Ground State Energy with CCSD(T)-F12 and cc-pVTZ-F12
 memory,500,m;
 
 geometry={angstrom
 c
 o , 1, rco
 h , 2, roh, 1, acoh
 h1, 1, rch1, 2, aoch1  3  ahh1
 h2, 1, rch2, 2, aoch2, 3, ahh2
 h3, 1, rch3, 2, aoch3, 3, ahh3
 }
 
                                                ! Specify the initial values of the internal coordinates (in Angstroms and degrees)
 
 rco= 1.39577677
 roh= 0.96013932
 rch1= 1.091717515605
 rch2= 1.08440070258
 rch3= 1.091717515605
 acoh= 108.12930637
 aoch1= 111.6522152299
 aoch2= 107.18733878260001
 aoch3= 111.6522152299
 ahh1=61.43364279
 ahh2=180.0
 ahh3=298.56635721
 
                                                                                 ! Use the cc-pVTZ-F12 basis set
 basis=cc-pVTZ-F12
 
 hf
 
                                                                                 ! Use explicitly correlated F12 methods
                                                                            ! First, MP2-F12 (useful for initial electronic energy)
 {mp2-f12}
 
                                                                        ! If desired, perform CCSD(T)-F12 for more accurate results
 {ccsd(t)-f12}
 
                                                                                 ! Output the energy
 xxx = "mmm"
 point = 11
 text ### CH3OH
 table,xxx,rco,roh,rch1,rch2,rch3,acoh,aoch1,aoch2,aoch3,ahh1,ahh2,ahh3,energy,point
 DIGITS, 0, 8, 8, 8, 8, 8, 8, 8, 8, 8,  8,  8,  8, 8, 4
 save,CH3OH_MEP_MP2_11.dat,new
 
 Commands  initialized (802), CPU time= 0.00 sec, 659 directives.
 Default parameters read. Elapsed time= 0.08 sec

 Checking input...
 Passed
1


                                         ***  PROGRAM SYSTEM MOLPRO  ***
                                       Copyright, TTI GmbH Stuttgart, 2015
                                    Version 2020.1 linked Oct  6 2020 12:04:11


 **********************************************************************************************************************************
 LABEL *   Methanol Ground State Energy with CCSD(T)-F12 and cc-pVTZ-F12                 
  64 bit serial version                                                                  DATE: 08-Oct-24          TIME: 17:11:36  
 **********************************************************************************************************************************

 SHA1:             8c27446f6450a7499e38f603e13c65f775101d37
 **********************************************************************************************************************************

 Memory per process:       500 MW
 Total memory per node:    500 MW

 GA preallocation disabled
 GA check disabled

 Variable memory set to 500.0 MW

 SETTING RCO            =         1.39577677                                  
 SETTING ROH            =         0.96013932                                  
 SETTING RCH1           =         1.09171752                                  
 SETTING RCH2           =         1.08440070                                  
 SETTING RCH3           =         1.09171752                                  
 SETTING ACOH           =       108.12930637                                  
 SETTING AOCH1          =       111.65221523                                  
 SETTING AOCH2          =       107.18733878                                  
 SETTING AOCH3          =       111.65221523                                  
 SETTING AHH1           =        61.43364279                                  
 SETTING AHH2           =       180.00000000                                  
 SETTING AHH3           =       298.56635721                                  
 SETTING BASIS          =    CC-PVTZ-F12


 Recomputing integrals since basis changed


 Using spherical harmonics

 Library entry C      S cc-pVTZ-F12          selected for orbital group  1
 Library entry C      P cc-pVTZ-F12          selected for orbital group  1
 Library entry C      D cc-pVTZ-F12          selected for orbital group  1
 Library entry C      F cc-pVTZ-F12          selected for orbital group  1
 Library entry O      S cc-pVTZ-F12          selected for orbital group  2
 Library entry O      P cc-pVTZ-F12          selected for orbital group  2
 Library entry O      D cc-pVTZ-F12          selected for orbital group  2
 Library entry O      F cc-pVTZ-F12          selected for orbital group  2
 Library entry H      S cc-pVTZ-F12          selected for orbital group  3
 Library entry H      P cc-pVTZ-F12          selected for orbital group  3
 Library entry H      D cc-pVTZ-F12          selected for orbital group  3


 PROGRAM * SEWARD (Integral evaluation for generally contracted gaussian basis sets)     Author: Roland Lindh, 1990

 Geometry written to block  1 of record 700

 Orientation using atomic masses  
 Molecule type: Asymmetric top
 Symmetry elements: X
 Rotational constants:      24.6589085     25.5591370    128.7996392 GHz  (calculated with average atomic masses)

 Point group  Cs  



 ATOMIC COORDINATES

 NR  ATOM    CHARGE       X              Y              Z

   1  C       6.00    0.000000000    0.025618246   -1.351520896
   2  O       8.00    0.000000000   -0.122550005    1.281949993
   3  H       1.00    0.000000000    1.567340028    1.942495471
   4  H1      1.00    1.684053272    0.983824191   -2.060018829
   5  H3      1.00   -1.684053272    0.983824191   -2.060018829
   6  H2      1.00    0.000000000   -1.894984254   -2.066076720

 Bond lengths in Bohr (Angstrom)

 1-2  2.637635826  1-4  2.063047110  1-5  2.063047110  1-6  2.049220337  2-3  1.814400356
     ( 1.395776770)     ( 1.091717516)     ( 1.091717516)     ( 1.084400703)     ( 0.960139320)

 Bond angles

  1-2-3  108.12930637   2-1-4  111.65221523   2-1-5  111.65221523   2-1-6  107.18733878

  4-1-5  109.43105099   4-1-6  108.39459424   5-1-6  108.39459424

 NUCLEAR CHARGE:                   18
 NUMBER OF PRIMITIVE AOS:         228
 NUMBER OF SYMMETRY AOS:          206
 NUMBER OF CONTRACTIONS:          178   (  114A'  +   64A"  )
 NUMBER OF INNER CORE ORBITALS:     0   (    0A'  +    0A"  )
 NUMBER OF OUTER CORE ORBITALS:     2   (    2A'  +    0A"  )
 NUMBER OF VALENCE ORBITALS:       12   (    9A'  +    3A"  )


 NUCLEAR REPULSION ENERGY   40.75525034

 Eigenvalues of metric

         1 0.866E-04 0.180E-03 0.308E-03 0.454E-03 0.487E-03 0.559E-03 0.611E-03 0.620E-03
         2 0.322E-03 0.570E-03 0.685E-03 0.177E-02 0.337E-02 0.473E-02 0.642E-02 0.862E-02


 Contracted 2-electron integrals neglected if value below      1.0D-11
 AO integral compression algorithm  1   Integral accuracy      1.0D-11

     332.399 MB (compressed) written to integral file ( 53.6%)


 NUMBER OF SORTED TWO-ELECTRON INTEGRALS:   64554730.     BUFFER LENGTH:  32768
 NUMBER OF SEGMENTS:   5  SEGMENT LENGTH:   15997996      RECORD LENGTH: 524288

 Memory used in sort:      16.56 MW

 SORT1 READ    77497885. AND WROTE    63563337. INTEGRALS IN    184 RECORDS. CPU TIME:     2.46 SEC, REAL TIME:   216.07 SEC
 SORT2 READ    63563337. AND WROTE    64554730. INTEGRALS IN   1268 RECORDS. CPU TIME:     1.31 SEC, REAL TIME:   384.47 SEC

 FILE SIZES:   FILE 1:   363.3 MBYTE,  FILE 4:   771.8 MBYTE,   TOTAL:   1135.1 MBYTE

 OPERATOR DM      FOR CENTER  0  COORDINATES:    0.000000    0.000000    0.000000


 **********************************************************************************************************************************
 DATASETS  * FILE   NREC   LENGTH (MB)   RECORD NAMES
              1      19      312.38       500      610      700      900      950      970     1000      129      960     1100   
                                          VAR    BASINP    GEOM    SYMINP    ZMAT    AOBASIS   BASIS     P2S    ABASIS      S 
                                         1400     1410     1200     1210     1080     1600     1650     1300     1700   
                                           T        V       H0       H01     AOSYM     SMH    MOLCAS    ERIS     OPER   

 PROGRAMS   *        TOTAL       INT
 CPU TIMES  *         7.36      7.26
 REAL TIME  *       758.45 SEC
 DISK USED  *         1.14 GB
 **********************************************************************************************************************************


 PROGRAM * RHF-SCF (CLOSED SHELL)       Authors: W. Meyer, H.-J. Werner


 NUMBER OF ELECTRONS:       9+    9-
 CONVERGENCE THRESHOLDS:    1.00E-05 (Density)    1.00E-07 (Energy)
 MAX. NUMBER OF ITERATIONS:       60
 INTERPOLATION TYPE:            DIIS
 INTERPOLATION STEPS:              2 (START)      1 (STEP)
 LEVEL SHIFTS:                  0.00 (CLOSED)  0.00 (OPEN) 



 Orbital guess generated from atomic densities. Full valence occupancy:   11   3

 Molecular orbital dump at record        2100.2

 Initial occupancy:   7   2

 ITERATION    DDIFF          GRAD             ENERGY        2-EL.EN.            DIPOLE MOMENTS         DIIS   ORB.
    1      0.000D+00      0.000D+00      -115.06271260    165.277798    0.00000    0.90416   -0.42784    0    start
    2      0.000D+00      0.667D-02      -115.09123200    162.655453    0.00000    0.49699   -0.26820    1    diag
    3      0.653D-02      0.360D-02      -115.09848760    163.925241    0.00000    0.59979   -0.35720    2    diag
    4      0.218D-02      0.717D-03      -115.09901836    163.746711    0.00000    0.59438   -0.35366    3    diag
    5      0.596D-03      0.145D-03      -115.09905247    163.758252    0.00000    0.59033   -0.35863    4    diag
    6      0.165D-03      0.271D-04      -115.09905403    163.756289    0.00000    0.59047   -0.35945    5    diag
    7      0.482D-04      0.587D-05      -115.09905411    163.755806    0.00000    0.59028   -0.35973    6    diag
    8      0.123D-04      0.160D-05      -115.09905411    163.756206    0.00000    0.59026   -0.35976    7    diag
    9      0.252D-05      0.498D-06      -115.09905411    163.756036    0.00000    0.59025   -0.35976    0    orth

 Final occupancy:   7   2

 !RHF STATE  1.1 Energy              -115.099054113903
 Nuclear energy                        40.75525034
 One-electron energy                 -237.73232238
 Two-electron energy                   81.87801793
 Virial quotient                       -1.00054313
 !RHF STATE  1.1 Dipole moment          0.00000000     0.59024927    -0.35976440
 Dipole moment /Debye                   0.00000000     1.50016573    -0.91437000

 Orbital energies:

         1.1          2.1          3.1          4.1          5.1          6.1          7.1          8.1          9.1
    -20.556211   -11.267032    -1.366210    -0.925222    -0.696349    -0.600008    -0.501738     0.054556     0.065375

         1.2          2.2          3.2          4.2
     -0.625706    -0.449667     0.073789     0.181006


 HOMO      2.2    -0.449667 =     -12.2361eV
 LUMO      8.1     0.054556 =       1.4845eV
 LUMO-HOMO         0.504223 =      13.7206eV


 **********************************************************************************************************************************
 DATASETS  * FILE   NREC   LENGTH (MB)   RECORD NAMES
              1      19      312.38       500      610      700      900      950      970     1000      129      960     1100   
                                          VAR    BASINP    GEOM    SYMINP    ZMAT    AOBASIS   BASIS     P2S    ABASIS      S 
                                         1400     1410     1200     1210     1080     1600     1650     1300     1700   
                                           T        V       H0       H01     AOSYM     SMH    MOLCAS    ERIS     OPER   

              2       4        3.18       700     1000      520     2100   
                                         GEOM     BASIS   MCVARS     RHF  

 PROGRAMS   *        TOTAL    HF-SCF       INT
 CPU TIMES  *        10.61      3.25      7.26
 REAL TIME  *       802.46 SEC
 DISK USED  *         1.14 GB
 **********************************************************************************************************************************


 PROGRAM * MP2 (Closed-shell)     Authors: C. Hampel, H.-J. Werner, 1991, M. Deegan, P.J. Knowles, 1992

                                   MP2-F12 implementation by H.-J. Werner, 2007

                   Density fitting integral evaluation by F.R. Manby, 2003,2007, G. Knizia, 2010


 Basis set AUG-CC-PVTZ/JKFIT generated.  Number of basis functions:   392 
 Basis set CC-PVTZ-F12/OPTRI generated.  Number of basis functions:   314 
 Basis set AUG-CC-PVTZ/MP2FIT generated. Number of basis functions:   396 

 Convergence thresholds:  THRVAR = 1.00D-08  THRDEN = 1.00D-06

 Number of core orbitals:           2 (   2   0 )
 Number of closed-shell orbitals:   7 (   5   2 )
 Number of external orbitals:     169 ( 107  62 )

 Molecular orbitals read from record     2100.2  Type=RHF/CANONICAL (state 1.1)

 MP2-F12 correlation treatment (H.-J. Werner, 2006)
 ==================================================

 Using MP2-F12 with ansatz 3C(FIX)

 Using projected zeroth-order Hamiltonian (+Z)

 FOCKRIB=T FOCKRIC=T FOCKRIP=T CABSP=T CABSA=T CABSK=T CABSF=T GBC=F EBC=F DMAT=T NOFIK=T NOPAO=1 SOLVE=-1  USEPAO=0
 EXCH_A= T EXCH_B= F EXCH_C= F EXCH_P= F

 Geminal basis:    OPTFULL  GEM_TYPE=SLATER  BETA=1.0  NGEM=6

 Optimizing Gaussian exponents for each gem_beta

 Geminal optimization for beta= 1.0000
 Weight function:   m=0, omega= 1.4646

 Augmented Hessian optimization of geminal fit. Trust ratio= 0.40000
 Convergence reached after   2 iterations. Final gradient= 8.66D-16, Step= 4.23D-06, Delta= 1.28D-09

 Alpha:                 0.19532     0.81920     2.85917     9.50073    35.69989   197.79328
 Coeff:                 0.27070     0.30552     0.18297     0.10986     0.06810     0.04224


 Symmetry turned off. Reference energy:       -115.099054113904

 All pairs explicitly correlated. Number of r12-pairs:           28

 Excluding core orbitals from MO domains

 AO(A)-basis ORBITAL           loaded. Number of functions:     178
 RI(R)-basis CC-PVTZ-F12/OPTRI loaded. Number of functions:     314
 DF-basis AUG-CC-PVTZ/JKFIT    loaded. Number of functions:     392

 Screening thresholds:   THRAO=  1.00D-10  THRMO=  1.00D-09  THRPROD=  1.00D-09
                         THRSW=  1.00D-05  THROV=  1.00D-12  THRAOF12= 1.00D-08

 CPU time for Fock operators                      5.51 sec

 Construction of ABS:
 Smallest eigenvalue of S          4.22E-04  (threshold= 1.00E-08)
 Ratio eigmin/eigmax               5.36E-05  (threshold= 1.00E-09)
 Smallest eigenvalue of S kept     4.22E-04  (threshold= 4.22E-04, 0 functions deleted, 314 kept)

 Construction of CABS:
 Smallest eigenvalue of S          6.87E-07  (threshold= 1.00E-08)
 Ratio eigmin/eigmax               6.87E-07  (threshold= 1.00E-09)
 Smallest eigenvalue of S kept     6.87E-07  (threshold= 6.87E-07, 0 functions deleted, 314 kept)

 CPU time for CABS singles                        0.04 sec

 CABS-singles contribution of  -0.00136794 patched into reference energy.
 New reference energy        -115.10042206

 AO(A)-basis ORBITAL           loaded. Number of functions:     178
 RI(R)-basis CC-PVTZ-F12/OPTRI loaded. Number of functions:     314
 DF-basis AUG-CC-PVTZ/MP2FIT   loaded. Number of functions:     396

 Screening thresholds:   THRAO=  1.00D-10  THRMO=  1.00D-09  THRPROD=  1.00D-09
                         THRSW=  1.00D-05  THROV=  1.00D-12  THRAOF12= 1.00D-08

 CPU time for 3-index integral evaluation         3.42 sec
 CPU time for first  half transformation          0.29 sec ( 8514.0 MFLOP/sec)
 CPU time for second half transformation          0.02 sec ( 3108.5 MFLOP/sec)
 CPU time for sorting                             0.02 sec
 CPU time for fitting                             0.01 sec (******* MFLOP/sec)
 CPU time for tilde quantities                    0.02 sec (75522.6 MFLOP/sec)
 CPU time for assembly                            0.22 sec (56152.7 MFLOP/sec)
 CPU time for tranop_f12                          0.26 sec (61000.9 MFLOP/sec)
 CPU time for f12 integrals (total)               7.20 sec, Elapsed time:      7.56 sec
 CPU time for f12 matrices (total)                0.10 sec, Elapsed time:      0.15 sec

 Diagonal F12 approximation with fixed coefficients:  TSING= 0.500,  TTRIP= 0.250 (scaled by -1/beta)

 DF-MP2-F12 energy corrections:
 ==============================
 Approx.                                    Singlet             Triplet             Total
 DF-MP2-F12/3*C(DX,FIX)                -0.038359687054     -0.004238065931     -0.042597752985
 DF-MP2-F12/3*C(FIX)                   -0.036135284758     -0.003950140570     -0.040085425328
 DF-MP2-F12/3C(FIX)                    -0.036074964523     -0.004085101909     -0.040160066432

 DF-MP2-F12 correlation energies:
 ================================
 Approx.                                    Singlet             Triplet             Ecorr            Total Energy
 DF-MP2                                -0.290507899635     -0.152264021241     -0.442771920876   -115.543193979104
 DF-MP2-F12/3*C(DX,FIX)                -0.328867586689     -0.156502087172     -0.485369673861   -115.585791732089
 DF-MP2-F12/3*C(FIX)                   -0.326643184393     -0.156214161811     -0.482857346204   -115.583279404432
 DF-MP2-F12/3C(FIX)                    -0.326582864158     -0.156349123150     -0.482931987308   -115.583354045536

 SCS-DF-MP2 energies (F_SING= 1.20000  F_TRIP= 0.62222  F_PARALLEL= 0.33333):
 ============================================================================
 SCS-DF-MP2                            -0.443351537223   -115.543773595451
 SCS-DF-MP2-F12/3*C(DX,FIX)            -0.492020180490   -115.592442238718
 SCS-DF-MP2-F12/3*C(FIX)               -0.489171744176   -115.589593802405
 SCS-DF-MP2-F12/3C(FIX)                -0.489183335839   -115.589605394067

 Symmetry restored.
 Symmetry transformation completed.

 Number of N-1 electron functions:               7
 Number of N-2 electron functions:              28
 Number of singly external CSFs:               659
 Number of doubly external CSFs:            355020
 Total number of CSFs:                      355680

 Length of J-op  integral file:             103.49 MB
 Length of K-op  integral file:             127.95 MB

 Integral transformation finished. Total CPU:   0.48 sec, npass=  1  Memory used:   0.67 MW

 ITER.      SQ.NORM     CORR.ENERGY   TOTAL ENERGY   ENERGY CHANGE     VAR   MIC
   1      1.00000000    -0.44283757  -115.54325963    -0.44283757  0.00D+00   0
   2      1.11376821    -0.44283757  -115.54325963     0.00000000 -0.14D-14   0

 Solving MP2-F12 equations

   1      1.11373236    -0.48224226  -115.58266432    -0.03940469 -0.37D-04   0
   2      1.11373236    -0.48299623  -115.58341829    -0.00075396 -0.70D-18   0
   3      1.11373236    -0.48299623  -115.58341829     0.00000000 -0.82D-19   0

 CPU TIME FOR ITERATIVE MP2:    0.04 SEC


 MP2-F12 energy corrections:
 ===========================
 Approx.                                    Singlet             Triplet             Total
 MP2-F12/3*C(DX,FIX)                   -0.038359687054     -0.004238065931     -0.042597752985
 MP2-F12/3*C(FIX)                      -0.036135284758     -0.003950140570     -0.040085425328
 MP2-F12/3C(FIX)                       -0.036072198389     -0.004086460487     -0.040158658876

 MP2-F12 correlation energies:
 =============================
 Approx.                                    Singlet             Triplet             Ecorr            Total Energy
 MP2                                   -0.290692662324     -0.152144907784     -0.442837570109   -115.543259628337
 MP2-F12/3*C(DX,FIX)                   -0.329052349378     -0.156382973716     -0.485435323094   -115.585857381322
 MP2-F12/3*C(FIX)                      -0.326827947082     -0.156095048354     -0.482922995436   -115.583345053665
 MP2-F12/3C(FIX)                       -0.326764860713     -0.156231368272     -0.482996228985   -115.583418287213

 SCS-MP2 energies (F_SING= 1.20000  F_TRIP= 0.62222  F_PARALLEL= 0.33333):
 =========================================================================
 SCS-MP2                               -0.443499137411   -115.543921195639
 SCS-MP2-F12/3*C(DX,FIX)               -0.492167780677   -115.592589838905
 SCS-MP2-F12/3*C(FIX)                  -0.489319344364   -115.589741402592
 SCS-MP2-F12/3C(FIX)                   -0.489328462003   -115.589750520231


  Reference energy                   -115.099054113904
  F12 singles correction               -0.001367944324

 F12 singles corrections added to reference energy

  New reference energy               -115.100422058228

  F12/3C(F) singlet correction         -0.036072198389
  F12/3C(F) triplet correction         -0.004086460487
  F12/3C(F) total correction           -0.040158658876
  MP2-F12/3C(F) singlet pair energy    -0.326764860713
  MP2-F12/3C(F) triplet pair energy    -0.156231368272
  MP2-F12/3C(F) correlation energy     -0.482996228985

 !MP2-F12/3C(F) total energy         -115.583418287213


 **********************************************************************************************************************************
 DATASETS  * FILE   NREC   LENGTH (MB)   RECORD NAMES
              1      20      318.13       500      610      700      900      950      970     1000      129      960     1100   
                                          VAR    BASINP    GEOM    SYMINP    ZMAT    AOBASIS   BASIS     P2S    ABASIS      S 
                                         1400     1410     1200     1210     1080     1600     1650     1300     1700     1380   
                                           T        V       H0       H01     AOSYM     SMH    MOLCAS    ERIS     OPER     JKOP   

              2       7        3.55       700     1000      520     2100     7360     7350     7000   
                                         GEOM     BASIS   MCVARS     RHF    F12ABS    EF12   

 PROGRAMS   *        TOTAL   MP2-F12    HF-SCF       INT
 CPU TIMES  *        24.19     13.57      3.25      7.26
 REAL TIME  *       818.63 SEC
 DISK USED  *         1.14 GB
 **********************************************************************************************************************************


 PROGRAM * CCSD (Closed-shell coupled cluster)     Authors: C. Hampel, H.-J. Werner, 1991, M. Deegan, P.J. Knowles, 1992

                                  CCSD-F12 implementation by  H.-J. Werner, 2007

                   Density fitting integral evaluation by F.R. Manby, 2003,2007, G. Knizia, 2010



 Convergence thresholds:  THRVAR = 1.00D-08  THRDEN = 1.00D-06

 CCSD(T)     terms to be evaluated (factor= 1.000)


 Number of core orbitals:           2 (   2   0 )
 Number of closed-shell orbitals:   7 (   5   2 )
 Number of external orbitals:     169 ( 107  62 )

 Molecular orbitals read from record     2100.2  Type=RHF/CANONICAL (state 1.1)

 MP2-F12 correlation treatment (H.-J. Werner, 2006)
 ==================================================

 Using MP2-F12 with ansatz 3C(FIX)

 Using projected zeroth-order Hamiltonian (+Z)

 FOCKRIB=T FOCKRIC=T FOCKRIP=T CABSP=T CABSA=T CABSK=T CABSF=T GBC=F EBC=F DMAT=T NOFIK=T NOPAO=1 SOLVE=-1  USEPAO=0
 EXCH_A= T EXCH_B= F EXCH_C= F EXCH_P= F

 Geminal basis:    OPTFULL  GEM_TYPE=SLATER  BETA=1.0  NGEM=6

 Optimizing Gaussian exponents for each gem_beta

 Geminal optimization for beta= 1.0000
 Weight function:   m=0, omega= 1.4646

 Augmented Hessian optimization of geminal fit. Trust ratio= 0.40000
 Convergence reached after   2 iterations. Final gradient= 8.66D-16, Step= 4.23D-06, Delta= 1.28D-09

 Alpha:                 0.19532     0.81920     2.85917     9.50073    35.69989   197.79328
 Coeff:                 0.27070     0.30552     0.18297     0.10986     0.06810     0.04224


 Symmetry turned off. Reference energy:       -115.099054113904

 All pairs explicitly correlated. Number of r12-pairs:           28

 Excluding core orbitals from MO domains

 AO(A)-basis ORBITAL           loaded. Number of functions:     178
 RI(R)-basis CC-PVTZ-F12/OPTRI loaded. Number of functions:     314
 DF-basis AUG-CC-PVTZ/JKFIT    loaded. Number of functions:     392

 Screening thresholds:   THRAO=  1.00D-10  THRMO=  1.00D-09  THRPROD=  1.00D-09
                         THRSW=  1.00D-05  THROV=  1.00D-12  THRAOF12= 1.00D-08

 CPU time for Fock operators                      5.52 sec

 Construction of ABS:
 Smallest eigenvalue of S          4.22E-04  (threshold= 1.00E-08)
 Ratio eigmin/eigmax               5.36E-05  (threshold= 1.00E-09)
 Smallest eigenvalue of S kept     4.22E-04  (threshold= 4.22E-04, 0 functions deleted, 314 kept)

 Construction of CABS:
 Smallest eigenvalue of S          6.87E-07  (threshold= 1.00E-08)
 Ratio eigmin/eigmax               6.87E-07  (threshold= 1.00E-09)
 Smallest eigenvalue of S kept     6.87E-07  (threshold= 6.87E-07, 0 functions deleted, 314 kept)

 CPU time for CABS singles                        0.04 sec

 CABS-singles contribution of  -0.00136794 patched into reference energy.
 New reference energy        -115.10042206

 AO(A)-basis ORBITAL           loaded. Number of functions:     178
 RI(R)-basis CC-PVTZ-F12/OPTRI loaded. Number of functions:     314
 DF-basis AUG-CC-PVTZ/MP2FIT   loaded. Number of functions:     396

 Screening thresholds:   THRAO=  1.00D-10  THRMO=  1.00D-09  THRPROD=  1.00D-09
                         THRSW=  1.00D-05  THROV=  1.00D-12  THRAOF12= 1.00D-08

 CPU time for 3-index integral evaluation         3.42 sec
 CPU time for first  half transformation          0.34 sec ( 7261.9 MFLOP/sec)
 CPU time for sorting                             0.01 sec
 CPU time for fitting                             0.02 sec (56971.3 MFLOP/sec)
 CPU time for tilde quantities                    0.04 sec (37761.3 MFLOP/sec)
 CPU time for assembly                            0.20 sec (61768.0 MFLOP/sec)
 CPU time for tranop_f12                          0.26 sec (61000.9 MFLOP/sec)
 CPU time for f12 integrals (total)               7.25 sec, Elapsed time:      7.62 sec
 CPU time for f12 matrices (total)                0.11 sec, Elapsed time:      0.14 sec

 Diagonal F12 approximation with fixed coefficients:  TSING= 0.500,  TTRIP= 0.250 (scaled by -1/beta)

 DF-MP2-F12 energy corrections:
 ==============================
 Approx.                                    Singlet             Triplet             Total
 DF-MP2-F12/3*C(DX,FIX)                -0.038359687054     -0.004238065931     -0.042597752985
 DF-MP2-F12/3*C(FIX)                   -0.036135284758     -0.003950140570     -0.040085425328
 DF-MP2-F12/3C(FIX)                    -0.036074964523     -0.004085101909     -0.040160066432

 DF-MP2-F12 correlation energies:
 ================================
 Approx.                                    Singlet             Triplet             Ecorr            Total Energy
 DF-MP2                                -0.290507899635     -0.152264021241     -0.442771920876   -115.543193979104
 DF-MP2-F12/3*C(DX,FIX)                -0.328867586689     -0.156502087172     -0.485369673861   -115.585791732089
 DF-MP2-F12/3*C(FIX)                   -0.326643184393     -0.156214161811     -0.482857346204   -115.583279404432
 DF-MP2-F12/3C(FIX)                    -0.326582864158     -0.156349123150     -0.482931987308   -115.583354045536

 SCS-DF-MP2 energies (F_SING= 1.20000  F_TRIP= 0.62222  F_PARALLEL= 0.33333):
 ============================================================================
 SCS-DF-MP2                            -0.443351537223   -115.543773595451
 SCS-DF-MP2-F12/3*C(DX,FIX)            -0.492020180490   -115.592442238718
 SCS-DF-MP2-F12/3*C(FIX)               -0.489171744176   -115.589593802405
 SCS-DF-MP2-F12/3C(FIX)                -0.489183335839   -115.589605394067

 Symmetry restored.
 Symmetry transformation completed.

 Number of N-1 electron functions:               7
 Number of N-2 electron functions:              28
 Number of singly external CSFs:               659
 Number of doubly external CSFs:            355020
 Total number of CSFs:                      355680

 Length of J-op  integral file:             103.62 MB
 Length of K-op  integral file:             127.95 MB
 Length of 3-ext integral record:             0.00 MB

 Memory could be reduced to 24.20 Mwords without degradation in triples

 Integral transformation finished. Total CPU:   1.22 sec, npass=  1  Memory used:   7.45 MW

 Reference energy:                   -115.10042206

 Adding F12 terms to K(Cij), methodcc=6,  factor= 1.0

 ITER.      SQ.NORM     CORR.ENERGY   TOTAL ENERGY   ENERGY CHANGE        DEN1      VAR(S)    VAR(P)  DIIS     TIME  TIME/IT
   1      1.11678896    -0.45226149  -115.55268355    -0.00942392     0.00141126  0.14D-02  0.18D-02  1  1    15.06     1.40
   2      1.12407132    -0.45263478  -115.55305684    -0.00037329    -0.00893023  0.24D-04  0.22D-03  2  2    15.88     1.18
   3      1.12674142    -0.45280824  -115.55323030    -0.00017346    -0.00184227  0.14D-04  0.13D-04  3  3    16.73     1.10
   4      1.12765576    -0.45282635  -115.55324841    -0.00001811    -0.00058316  0.84D-06  0.11D-05  4  4    17.58     1.06
   5      1.12780414    -0.45282762  -115.55324968    -0.00000127    -0.00003590  0.22D-06  0.96D-07  5  5    18.43     1.04
   6      1.12784427    -0.45282540  -115.55324746     0.00000222    -0.00000383  0.34D-07  0.90D-08  6  6    19.27     1.02
   7      1.12785486    -0.45282454  -115.55324660     0.00000086    -0.00000289  0.38D-08  0.13D-08  6  1    20.12     1.01
   8      1.12785657    -0.45282460  -115.55324666    -0.00000006     0.00000032  0.62D-09  0.19D-09  6  3    20.99     1.01

 Norm of t1 vector:      0.04938180      S-energy:    -0.00000035      T1 diagnostic:  0.00933228
                                                                       D1 diagnostic:  0.01976366

 Adding energy correction from Wij-K(Fij), methodcc=6  factor= 1.0

  CCSD correlation energy              -0.452824600142
  MP2-F12 correction (uncoupled)       -0.038619879689
  C*T doubles correction               -0.001158316585
  f12b correction                       0.007089533684


 Total CPU time for triples:     12.92 sec


 RESULTS
 =======

  Reference energy                   -115.099054113904
  F12 singles correction               -0.001367944324

 F12 singles corrections added to reference energy

  New reference energy               -115.100422058228

  F12a singlet correction              -0.035840114760
  F12a triplet correction              -0.003938081514
  F12a total correction                -0.039778196274

 F12a corrections for ansatz F12/3C(FIX) added to CCSD energy

  CCSD-F12a singlet pair energy        -0.350535416587
  CCSD-F12a triplet pair energy        -0.142067029814
  CCSD-F12a correlation energy         -0.492602796416

  Triples (T) contribution             -0.015846018718
  Total correlation energy             -0.508448815134

  CCSD-F12a total energy             -115.593024854644
  CCSD[T]-F12a energy                -115.609407698425
  CCSD-T-F12a energy                 -115.608636379496
 !CCSD(T)-F12a total energy          -115.608870873362

 F12b corrections for ansatz F12/3C(FIX) added to CCSD(T)-F12a energy

  CCSD-F12b singlet pair energy        -0.343909174284
  CCSD-F12b triplet pair energy        -0.141603738433
  CCSD-F12b correlation energy         -0.485513262732

  Triples (T) contribution             -0.015846018718
  Total correlation energy             -0.501359281450

  CCSD-F12b total energy             -115.585935320960
  CCSD[T]-F12b energy                -115.602318164741
  CCSD-T-F12b energy                 -115.601546845812
 !CCSD(T)-F12b total energy          -115.601781339678

 Timing summary (sec):

 STEP                 CPU(USER)    SYS     CPU(TOT)    WALL
 Transformation          1.23      0.21      1.44      1.53
 CCSD iterations         6.76      0.75      7.51      8.08
 Triples                12.92      0.49     13.41     13.44
 MP2-F12                13.00      0.55     13.55     13.69
 F12b energy             0.70      0.05      0.75      0.75

 Program statistics:

 Available memory in ccsd:               499999650
 Min. memory needed in ccsd:               1149135
 Max. memory used in ccsd:                 1443104
 Max. memory used in cckext:               1888566 ( 9 integral passes)



 **********************************************************************************************************************************
 DATASETS  * FILE   NREC   LENGTH (MB)   RECORD NAMES
              1      20      386.69       500      610      700      900      950      970     1000      129      960     1100   
                                          VAR    BASINP    GEOM    SYMINP    ZMAT    AOBASIS   BASIS     P2S    ABASIS      S 
                                         1400     1410     1200     1210     1080     1600     1650     1300     1700     1380   
                                           T        V       H0       H01     AOSYM     SMH    MOLCAS    ERIS     OPER     JKOP   

              2       7        3.55       700     1000      520     2100     7360     7350     7000   
                                         GEOM     BASIS   MCVARS     RHF    F12ABS    EF12   

 PROGRAMS   *        TOTAL   CCSD(T)   MP2-F12    HF-SCF       INT
 CPU TIMES  *        58.83     34.63     13.57      3.25      7.26
 REAL TIME  *       856.18 SEC
 DISK USED  *         1.14 GB
 **********************************************************************************************************************************
 SETTING XXX            =    "MMM"
 SETTING POINT          =        11.00000000                                  

 *** ### CH3OH


 XXX       RCO          ROH          RCH1         RCH2         RCH3           ACOH           AOCH1          AOCH2          AOCH3         AHH1           AHH2           AHH3            ENERGY       POINT
 "MMM"   1.39577677   0.96013932   1.09171752   1.08440070   1.09171752   108.12930637   111.65221523   107.18733878   111.65221523   61.43364279   180.00000000   298.56635721   -115.60887087   11.0000
                                                  

 CCSD(T)-F12/cc-pVTZ-F12 energy=   -115.601781339678

     CCSD(T)-F12         MP2-F12          HF-SCF
   -115.60178134   -115.58341829   -115.09905411
 **********************************************************************************************************************************
 Molpro calculation terminated
