
 Primary working directories    : /tmpdir/job/2955587.undefined/molpro.hGSmxgkrtZ
 Secondary working directories  : /tmpdir/job/2955587.undefined/molpro.hGSmxgkrtZ
 Wavefunction directory         : /home/zcaposm/wfu/
 Main file repository           : /tmpdir/job/2955587.undefined/molpro.hGSmxgkrtZ/

 id        : uclcc

 Nodes                         nprocs
 node-d00a-229.myriad.ucl.ac.uk    1

 Using customized tuning parameters: mindgm=1; mindgv=20; mindgc=4; mindgr=1; noblas=0; minvec=7
 default implementation of scratch files=df  


 Variables initialized (945), CPU time= 0.00 sec
 ***,Methanol Ground State Energy with CCSD(T)-F12 and cc-pVTZ-F12
 memory,500,m;
 
 geometry={angstrom
 c
 o , 1, rco
 h , 2, roh, 1, acoh
 h1, 1, rch1, 2, aoch1  3  ahh1
 h2, 1, rch2, 2, aoch2, 3, ahh2
 h3, 1, rch3, 2, aoch3, 3, ahh3
 }
 
                                                ! Specify the initial values of the internal coordinates (in Angstroms and degrees)
 
 rco= 1.42077677
 roh= 0.93513932
 rch1= 1.091717515605
 rch2= 1.08440070258
 rch3= 1.091717515605
 acoh= 108.12930637
 aoch1= 111.6522152299
 aoch2= 107.18733878260001
 aoch3= 111.6522152299
 ahh1=61.43364279
 ahh2=180.0
 ahh3=298.56635721
 
                                                                                 ! Use the cc-pVTZ-F12 basis set
 basis=cc-pVTZ-F12
 
 hf
 
                                                                                 ! Use explicitly correlated F12 methods
                                                                            ! First, MP2-F12 (useful for initial electronic energy)
 {mp2-f12}
 
                                                                        ! If desired, perform CCSD(T)-F12 for more accurate results
 {ccsd(t)-f12}
 
                                                                                 ! Output the energy
 xxx = "mmm"
 point = 23
 text ### CH3OH
 table,xxx,rco,roh,rch1,rch2,rch3,acoh,aoch1,aoch2,aoch3,ahh1,ahh2,ahh3,energy,point
 DIGITS, 0, 8, 8, 8, 8, 8, 8, 8, 8, 8,  8,  8,  8, 8, 4
 save,CH3OH_MEP_MP2_23.dat,new
 
 Commands  initialized (802), CPU time= 0.01 sec, 659 directives.
 Default parameters read. Elapsed time= 0.10 sec

 Checking input...
 Passed
1


                                         ***  PROGRAM SYSTEM MOLPRO  ***
                                       Copyright, TTI GmbH Stuttgart, 2015
                                    Version 2020.1 linked Oct  6 2020 12:04:11


 **********************************************************************************************************************************
 LABEL *   Methanol Ground State Energy with CCSD(T)-F12 and cc-pVTZ-F12                 
  64 bit serial version                                                                  DATE: 08-Oct-24          TIME: 17:11:44  
 **********************************************************************************************************************************

 SHA1:             8c27446f6450a7499e38f603e13c65f775101d37
 **********************************************************************************************************************************

 Memory per process:       500 MW
 Total memory per node:    500 MW

 GA preallocation disabled
 GA check disabled

 Variable memory set to 500.0 MW

 SETTING RCO            =         1.42077677                                  
 SETTING ROH            =         0.93513932                                  
 SETTING RCH1           =         1.09171752                                  
 SETTING RCH2           =         1.08440070                                  
 SETTING RCH3           =         1.09171752                                  
 SETTING ACOH           =       108.12930637                                  
 SETTING AOCH1          =       111.65221523                                  
 SETTING AOCH2          =       107.18733878                                  
 SETTING AOCH3          =       111.65221523                                  
 SETTING AHH1           =        61.43364279                                  
 SETTING AHH2           =       180.00000000                                  
 SETTING AHH3           =       298.56635721                                  
 SETTING BASIS          =    CC-PVTZ-F12


 Recomputing integrals since basis changed


 Using spherical harmonics

 Library entry C      S cc-pVTZ-F12          selected for orbital group  1
 Library entry C      P cc-pVTZ-F12          selected for orbital group  1
 Library entry C      D cc-pVTZ-F12          selected for orbital group  1
 Library entry C      F cc-pVTZ-F12          selected for orbital group  1
 Library entry O      S cc-pVTZ-F12          selected for orbital group  2
 Library entry O      P cc-pVTZ-F12          selected for orbital group  2
 Library entry O      D cc-pVTZ-F12          selected for orbital group  2
 Library entry O      F cc-pVTZ-F12          selected for orbital group  2
 Library entry H      S cc-pVTZ-F12          selected for orbital group  3
 Library entry H      P cc-pVTZ-F12          selected for orbital group  3
 Library entry H      D cc-pVTZ-F12          selected for orbital group  3


 PROGRAM * SEWARD (Integral evaluation for generally contracted gaussian basis sets)     Author: Roland Lindh, 1990

 Geometry written to block  1 of record 700

 Orientation using atomic masses  
 Molecule type: Asymmetric top
 Symmetry elements: X
 Rotational constants:      24.0238863     24.8311384    130.0580222 GHz  (calculated with average atomic masses)

 Point group  Cs  



 ATOMIC COORDINATES

 NR  ATOM    CHARGE       X              Y              Z

   1  C       6.00    0.000000000    0.023914785   -1.376101480
   2  O       8.00    0.000000000   -0.118147679    1.305016456
   3  H       1.00    0.000000000    1.529834501    1.942981435
   4  H1      1.00    1.684053272    0.979800635   -2.087726520
   5  H3      1.00   -1.684053272    0.979800635   -2.087726520
   6  H2      1.00    0.000000000   -1.899012237   -2.084378022

 Bond lengths in Bohr (Angstrom)

 1-2  2.684878979  1-4  2.063047110  1-5  2.063047110  1-6  2.049220337  2-3  1.767157203
     ( 1.420776770)     ( 1.091717516)     ( 1.091717516)     ( 1.084400703)     ( 0.935139320)

 Bond angles

  1-2-3  108.12930637   2-1-4  111.65221523   2-1-5  111.65221523   2-1-6  107.18733878

  4-1-5  109.43105099   4-1-6  108.39459424   5-1-6  108.39459424

 NUCLEAR CHARGE:                   18
 NUMBER OF PRIMITIVE AOS:         228
 NUMBER OF SYMMETRY AOS:          206
 NUMBER OF CONTRACTIONS:          178   (  114A'  +   64A"  )
 NUMBER OF INNER CORE ORBITALS:     0   (    0A'  +    0A"  )
 NUMBER OF OUTER CORE ORBITALS:     2   (    2A'  +    0A"  )
 NUMBER OF VALENCE ORBITALS:       12   (    9A'  +    3A"  )


 NUCLEAR REPULSION ENERGY   40.48223205

 Eigenvalues of metric

         1 0.877E-04 0.170E-03 0.308E-03 0.458E-03 0.490E-03 0.559E-03 0.615E-03 0.620E-03
         2 0.323E-03 0.570E-03 0.685E-03 0.177E-02 0.338E-02 0.479E-02 0.640E-02 0.794E-02


 Contracted 2-electron integrals neglected if value below      1.0D-11
 AO integral compression algorithm  1   Integral accuracy      1.0D-11

     331.874 MB (compressed) written to integral file ( 53.5%)


 NUMBER OF SORTED TWO-ELECTRON INTEGRALS:   64554730.     BUFFER LENGTH:  32768
 NUMBER OF SEGMENTS:   5  SEGMENT LENGTH:   15997996      RECORD LENGTH: 524288

 Memory used in sort:      16.56 MW

 SORT1 READ    77497885. AND WROTE    63559415. INTEGRALS IN    184 RECORDS. CPU TIME:     0.90 SEC, REAL TIME:     5.90 SEC
 SORT2 READ    63559415. AND WROTE    64554730. INTEGRALS IN   1266 RECORDS. CPU TIME:     1.27 SEC, REAL TIME:   109.81 SEC

 FILE SIZES:   FILE 1:   362.8 MBYTE,  FILE 4:   771.8 MBYTE,   TOTAL:   1134.6 MBYTE

 OPERATOR DM      FOR CENTER  0  COORDINATES:    0.000000    0.000000    0.000000


 **********************************************************************************************************************************
 DATASETS  * FILE   NREC   LENGTH (MB)   RECORD NAMES
              1      19      311.97       500      610      700      900      950      970     1000      129      960     1100   
                                          VAR    BASINP    GEOM    SYMINP    ZMAT    AOBASIS   BASIS     P2S    ABASIS      S 
                                         1400     1410     1200     1210     1080     1600     1650     1300     1700   
                                           T        V       H0       H01     AOSYM     SMH    MOLCAS    ERIS     OPER   

 PROGRAMS   *        TOTAL       INT
 CPU TIMES  *         5.82      5.70
 REAL TIME  *       167.12 SEC
 DISK USED  *         1.13 GB
 **********************************************************************************************************************************


 PROGRAM * RHF-SCF (CLOSED SHELL)       Authors: W. Meyer, H.-J. Werner


 NUMBER OF ELECTRONS:       9+    9-
 CONVERGENCE THRESHOLDS:    1.00E-05 (Density)    1.00E-07 (Energy)
 MAX. NUMBER OF ITERATIONS:       60
 INTERPOLATION TYPE:            DIIS
 INTERPOLATION STEPS:              2 (START)      1 (STEP)
 LEVEL SHIFTS:                  0.00 (CLOSED)  0.00 (OPEN) 



 Orbital guess generated from atomic densities. Full valence occupancy:   11   3

 Molecular orbital dump at record        2100.2

 Initial occupancy:   7   2

 ITERATION    DDIFF          GRAD             ENERGY        2-EL.EN.            DIPOLE MOMENTS         DIIS   ORB.
    1      0.000D+00      0.000D+00      -115.06311023    164.677814    0.00000    0.87626   -0.49942    0    start
    2      0.000D+00      0.670D-02      -115.09135085    162.139439    0.00000    0.49018   -0.31263    1    diag
    3      0.659D-02      0.363D-02      -115.09869056    163.372841    0.00000    0.58875   -0.40578    2    diag
    4      0.221D-02      0.711D-03      -115.09920633    163.201492    0.00000    0.58523   -0.39985    3    diag
    5      0.589D-03      0.140D-03      -115.09923807    163.212623    0.00000    0.58176   -0.40400    4    diag
    6      0.160D-03      0.254D-04      -115.09923942    163.210355    0.00000    0.58203   -0.40461    5    diag
    7      0.454D-04      0.498D-05      -115.09923948    163.210070    0.00000    0.58189   -0.40482    6    diag
    8      0.109D-04      0.122D-05      -115.09923948    163.210341    0.00000    0.58188   -0.40483    7    diag
    9      0.205D-05      0.390D-06      -115.09923948    163.210204    0.00000    0.58187   -0.40484    0    orth

 Final occupancy:   7   2

 !RHF STATE  1.1 Energy              -115.099239479183
 Nuclear energy                        40.48223205
 One-electron energy                 -237.18657372
 Two-electron energy                   81.60510219
 Virial quotient                       -1.00058181
 !RHF STATE  1.1 Dipole moment          0.00000000     0.58187000    -0.40483500
 Dipole moment /Debye                   0.00000000     1.47886916    -1.02892054

 Orbital energies:

         1.1          2.1          3.1          4.1          5.1          6.1          7.1          8.1          9.1
    -20.553966   -11.270076    -1.362971    -0.928948    -0.695866    -0.595325    -0.506031     0.054809     0.065132

         1.2          2.2          3.2          4.2
     -0.622079    -0.452924     0.073733     0.181468


 HOMO      2.2    -0.452924 =     -12.3247eV
 LUMO      8.1     0.054809 =       1.4914eV
 LUMO-HOMO         0.507733 =      13.8161eV


 **********************************************************************************************************************************
 DATASETS  * FILE   NREC   LENGTH (MB)   RECORD NAMES
              1      19      311.97       500      610      700      900      950      970     1000      129      960     1100   
                                          VAR    BASINP    GEOM    SYMINP    ZMAT    AOBASIS   BASIS     P2S    ABASIS      S 
                                         1400     1410     1200     1210     1080     1600     1650     1300     1700   
                                           T        V       H0       H01     AOSYM     SMH    MOLCAS    ERIS     OPER   

              2       4        3.18       700     1000      520     2100   
                                         GEOM     BASIS   MCVARS     RHF  

 PROGRAMS   *        TOTAL    HF-SCF       INT
 CPU TIMES  *         8.94      3.12      5.70
 REAL TIME  *       191.22 SEC
 DISK USED  *         1.13 GB
 **********************************************************************************************************************************


 PROGRAM * MP2 (Closed-shell)     Authors: C. Hampel, H.-J. Werner, 1991, M. Deegan, P.J. Knowles, 1992

                                   MP2-F12 implementation by H.-J. Werner, 2007

                   Density fitting integral evaluation by F.R. Manby, 2003,2007, G. Knizia, 2010


 Basis set AUG-CC-PVTZ/JKFIT generated.  Number of basis functions:   392 
 Basis set CC-PVTZ-F12/OPTRI generated.  Number of basis functions:   314 
 Basis set AUG-CC-PVTZ/MP2FIT generated. Number of basis functions:   396 

 Convergence thresholds:  THRVAR = 1.00D-08  THRDEN = 1.00D-06

 Number of core orbitals:           2 (   2   0 )
 Number of closed-shell orbitals:   7 (   5   2 )
 Number of external orbitals:     169 ( 107  62 )

 Molecular orbitals read from record     2100.2  Type=RHF/CANONICAL (state 1.1)

 MP2-F12 correlation treatment (H.-J. Werner, 2006)
 ==================================================

 Using MP2-F12 with ansatz 3C(FIX)

 Using projected zeroth-order Hamiltonian (+Z)

 FOCKRIB=T FOCKRIC=T FOCKRIP=T CABSP=T CABSA=T CABSK=T CABSF=T GBC=F EBC=F DMAT=T NOFIK=T NOPAO=1 SOLVE=-1  USEPAO=0
 EXCH_A= T EXCH_B= F EXCH_C= F EXCH_P= F

 Geminal basis:    OPTFULL  GEM_TYPE=SLATER  BETA=1.0  NGEM=6

 Optimizing Gaussian exponents for each gem_beta

 Geminal optimization for beta= 1.0000
 Weight function:   m=0, omega= 1.4646

 Augmented Hessian optimization of geminal fit. Trust ratio= 0.40000
 Convergence reached after   2 iterations. Final gradient= 8.66D-16, Step= 4.23D-06, Delta= 1.28D-09

 Alpha:                 0.19532     0.81920     2.85917     9.50073    35.69989   197.79328
 Coeff:                 0.27070     0.30552     0.18297     0.10986     0.06810     0.04224


 Symmetry turned off. Reference energy:       -115.099239479183

 All pairs explicitly correlated. Number of r12-pairs:           28

 Excluding core orbitals from MO domains

 AO(A)-basis ORBITAL           loaded. Number of functions:     178
 RI(R)-basis CC-PVTZ-F12/OPTRI loaded. Number of functions:     314
 DF-basis AUG-CC-PVTZ/JKFIT    loaded. Number of functions:     392

 Screening thresholds:   THRAO=  1.00D-10  THRMO=  1.00D-09  THRPROD=  1.00D-09
                         THRSW=  1.00D-05  THROV=  1.00D-12  THRAOF12= 1.00D-08

 CPU time for Fock operators                      5.46 sec

 Construction of ABS:
 Smallest eigenvalue of S          4.25E-04  (threshold= 1.00E-08)
 Ratio eigmin/eigmax               5.41E-05  (threshold= 1.00E-09)
 Smallest eigenvalue of S kept     4.25E-04  (threshold= 4.25E-04, 0 functions deleted, 314 kept)

 Construction of CABS:
 Smallest eigenvalue of S          7.16E-07  (threshold= 1.00E-08)
 Ratio eigmin/eigmax               7.16E-07  (threshold= 1.00E-09)
 Smallest eigenvalue of S kept     7.16E-07  (threshold= 7.16E-07, 0 functions deleted, 314 kept)

 CPU time for CABS singles                        0.04 sec

 CABS-singles contribution of  -0.00137812 patched into reference energy.
 New reference energy        -115.10061760

 AO(A)-basis ORBITAL           loaded. Number of functions:     178
 RI(R)-basis CC-PVTZ-F12/OPTRI loaded. Number of functions:     314
 DF-basis AUG-CC-PVTZ/MP2FIT   loaded. Number of functions:     396

 Screening thresholds:   THRAO=  1.00D-10  THRMO=  1.00D-09  THRPROD=  1.00D-09
                         THRSW=  1.00D-05  THROV=  1.00D-12  THRAOF12= 1.00D-08

 CPU time for 3-index integral evaluation         3.41 sec
 CPU time for first  half transformation          0.19 sec (12995.0 MFLOP/sec)
 CPU time for second half transformation          0.01 sec ( 6217.0 MFLOP/sec)
 CPU time for fitting                             0.03 sec (37980.8 MFLOP/sec)
 CPU time for tilde quantities                    0.03 sec (50348.4 MFLOP/sec)
 CPU time for assembly                            0.20 sec (61768.0 MFLOP/sec)
 CPU time for tranop_f12                          0.28 sec (56643.7 MFLOP/sec)
 CPU time for f12 integrals (total)               7.09 sec, Elapsed time:      7.47 sec
 CPU time for f12 matrices (total)                0.10 sec, Elapsed time:      0.14 sec

 Diagonal F12 approximation with fixed coefficients:  TSING= 0.500,  TTRIP= 0.250 (scaled by -1/beta)

 DF-MP2-F12 energy corrections:
 ==============================
 Approx.                                    Singlet             Triplet             Total
 DF-MP2-F12/3*C(DX,FIX)                -0.038358940500     -0.004225049408     -0.042583989908
 DF-MP2-F12/3*C(FIX)                   -0.036139893378     -0.003939094052     -0.040078987430
 DF-MP2-F12/3C(FIX)                    -0.036081329565     -0.004073919749     -0.040155249313

 DF-MP2-F12 correlation energies:
 ================================
 Approx.                                    Singlet             Triplet             Ecorr            Total Energy
 DF-MP2                                -0.290407782643     -0.151964607138     -0.442372389781   -115.542989992938
 DF-MP2-F12/3*C(DX,FIX)                -0.328766723143     -0.156189656546     -0.484956379689   -115.585573982845
 DF-MP2-F12/3*C(FIX)                   -0.326547676021     -0.155903701190     -0.482451377211   -115.583068980367
 DF-MP2-F12/3C(FIX)                    -0.326489112208     -0.156038526887     -0.482527639095   -115.583145242251

 SCS-DF-MP2 energies (F_SING= 1.20000  F_TRIP= 0.62222  F_PARALLEL= 0.33333):
 ============================================================================
 SCS-DF-MP2                            -0.443045094724   -115.543662697881
 SCS-DF-MP2-F12/3*C(DX,FIX)            -0.491704742956   -115.592322346112
 SCS-DF-MP2-F12/3*C(FIX)               -0.488863958632   -115.589481561788
 SCS-DF-MP2-F12/3C(FIX)                -0.488877573601   -115.589495176757

 Symmetry restored.
 Symmetry transformation completed.

 Number of N-1 electron functions:               7
 Number of N-2 electron functions:              28
 Number of singly external CSFs:               659
 Number of doubly external CSFs:            355020
 Total number of CSFs:                      355680

 Length of J-op  integral file:             103.49 MB
 Length of K-op  integral file:             127.95 MB

 Integral transformation finished. Total CPU:   0.48 sec, npass=  1  Memory used:   0.67 MW

 ITER.      SQ.NORM     CORR.ENERGY   TOTAL ENERGY   ENERGY CHANGE     VAR   MIC
   1      1.00000000    -0.44243862  -115.54305622    -0.44243862  0.00D+00   0
   2      1.11380225    -0.44243862  -115.54305622    -0.00000000  0.18D-14   0

 Solving MP2-F12 equations

   1      1.11376634    -0.48183456  -115.58245216    -0.03939594 -0.37D-04   0
   2      1.11376634    -0.48259252  -115.58321012    -0.00075796  0.23D-18   0
   3      1.11376634    -0.48259252  -115.58321012     0.00000000 -0.50D-21   0

 CPU TIME FOR ITERATIVE MP2:    0.04 SEC


 MP2-F12 energy corrections:
 ===========================
 Approx.                                    Singlet             Triplet             Total
 MP2-F12/3*C(DX,FIX)                   -0.038358940500     -0.004225049408     -0.042583989908
 MP2-F12/3*C(FIX)                      -0.036139893378     -0.003939094052     -0.040078987430
 MP2-F12/3C(FIX)                       -0.036078630425     -0.004075269629     -0.040153900054

 MP2-F12 correlation energies:
 =============================
 Approx.                                    Singlet             Triplet             Ecorr            Total Energy
 MP2                                   -0.290591193658     -0.151847422646     -0.442438616303   -115.543056219459
 MP2-F12/3*C(DX,FIX)                   -0.328950134157     -0.156072472054     -0.485022606211   -115.585640209367
 MP2-F12/3*C(FIX)                      -0.326731087035     -0.155786516698     -0.482517603733   -115.583135206889
 MP2-F12/3C(FIX)                       -0.326669824082     -0.155922692275     -0.482592516357   -115.583210119513

 SCS-MP2 energies (F_SING= 1.20000  F_TRIP= 0.62222  F_PARALLEL= 0.33333):
 =========================================================================
 SCS-MP2                               -0.443192273146   -115.543809876302
 SCS-MP2-F12/3*C(DX,FIX)               -0.491851921378   -115.592469524534
 SCS-MP2-F12/3*C(FIX)                  -0.489011137054   -115.589628740210
 SCS-MP2-F12/3C(FIX)                   -0.489022352981   -115.589639956137


  Reference energy                   -115.099239479183
  F12 singles correction               -0.001378123973

 F12 singles corrections added to reference energy

  New reference energy               -115.100617603156

  F12/3C(F) singlet correction         -0.036078630425
  F12/3C(F) triplet correction         -0.004075269629
  F12/3C(F) total correction           -0.040153900054
  MP2-F12/3C(F) singlet pair energy    -0.326669824082
  MP2-F12/3C(F) triplet pair energy    -0.155922692275
  MP2-F12/3C(F) correlation energy     -0.482592516357

 !MP2-F12/3C(F) total energy         -115.583210119513


 **********************************************************************************************************************************
 DATASETS  * FILE   NREC   LENGTH (MB)   RECORD NAMES
              1      20      317.72       500      610      700      900      950      970     1000      129      960     1100   
                                          VAR    BASINP    GEOM    SYMINP    ZMAT    AOBASIS   BASIS     P2S    ABASIS      S 
                                         1400     1410     1200     1210     1080     1600     1650     1300     1700     1380   
                                           T        V       H0       H01     AOSYM     SMH    MOLCAS    ERIS     OPER     JKOP   

              2       7        3.55       700     1000      520     2100     7360     7350     7000   
                                         GEOM     BASIS   MCVARS     RHF    F12ABS    EF12   

 PROGRAMS   *        TOTAL   MP2-F12    HF-SCF       INT
 CPU TIMES  *        22.36     13.41      3.12      5.70
 REAL TIME  *       210.46 SEC
 DISK USED  *         1.13 GB
 **********************************************************************************************************************************


 PROGRAM * CCSD (Closed-shell coupled cluster)     Authors: C. Hampel, H.-J. Werner, 1991, M. Deegan, P.J. Knowles, 1992

                                  CCSD-F12 implementation by  H.-J. Werner, 2007

                   Density fitting integral evaluation by F.R. Manby, 2003,2007, G. Knizia, 2010



 Convergence thresholds:  THRVAR = 1.00D-08  THRDEN = 1.00D-06

 CCSD(T)     terms to be evaluated (factor= 1.000)


 Number of core orbitals:           2 (   2   0 )
 Number of closed-shell orbitals:   7 (   5   2 )
 Number of external orbitals:     169 ( 107  62 )

 Molecular orbitals read from record     2100.2  Type=RHF/CANONICAL (state 1.1)

 MP2-F12 correlation treatment (H.-J. Werner, 2006)
 ==================================================

 Using MP2-F12 with ansatz 3C(FIX)

 Using projected zeroth-order Hamiltonian (+Z)

 FOCKRIB=T FOCKRIC=T FOCKRIP=T CABSP=T CABSA=T CABSK=T CABSF=T GBC=F EBC=F DMAT=T NOFIK=T NOPAO=1 SOLVE=-1  USEPAO=0
 EXCH_A= T EXCH_B= F EXCH_C= F EXCH_P= F

 Geminal basis:    OPTFULL  GEM_TYPE=SLATER  BETA=1.0  NGEM=6

 Optimizing Gaussian exponents for each gem_beta

 Geminal optimization for beta= 1.0000
 Weight function:   m=0, omega= 1.4646

 Augmented Hessian optimization of geminal fit. Trust ratio= 0.40000
 Convergence reached after   2 iterations. Final gradient= 8.66D-16, Step= 4.23D-06, Delta= 1.28D-09

 Alpha:                 0.19532     0.81920     2.85917     9.50073    35.69989   197.79328
 Coeff:                 0.27070     0.30552     0.18297     0.10986     0.06810     0.04224


 Symmetry turned off. Reference energy:       -115.099239479183

 All pairs explicitly correlated. Number of r12-pairs:           28

 Excluding core orbitals from MO domains

 AO(A)-basis ORBITAL           loaded. Number of functions:     178
 RI(R)-basis CC-PVTZ-F12/OPTRI loaded. Number of functions:     314
 DF-basis AUG-CC-PVTZ/JKFIT    loaded. Number of functions:     392

 Screening thresholds:   THRAO=  1.00D-10  THRMO=  1.00D-09  THRPROD=  1.00D-09
                         THRSW=  1.00D-05  THROV=  1.00D-12  THRAOF12= 1.00D-08

 CPU time for Fock operators                      5.41 sec

 Construction of ABS:
 Smallest eigenvalue of S          4.25E-04  (threshold= 1.00E-08)
 Ratio eigmin/eigmax               5.41E-05  (threshold= 1.00E-09)
 Smallest eigenvalue of S kept     4.25E-04  (threshold= 4.25E-04, 0 functions deleted, 314 kept)

 Construction of CABS:
 Smallest eigenvalue of S          7.16E-07  (threshold= 1.00E-08)
 Ratio eigmin/eigmax               7.16E-07  (threshold= 1.00E-09)
 Smallest eigenvalue of S kept     7.16E-07  (threshold= 7.16E-07, 0 functions deleted, 314 kept)

 CPU time for CABS singles                        0.04 sec

 CABS-singles contribution of  -0.00137812 patched into reference energy.
 New reference energy        -115.10061760

 AO(A)-basis ORBITAL           loaded. Number of functions:     178
 RI(R)-basis CC-PVTZ-F12/OPTRI loaded. Number of functions:     314
 DF-basis AUG-CC-PVTZ/MP2FIT   loaded. Number of functions:     396

 Screening thresholds:   THRAO=  1.00D-10  THRMO=  1.00D-09  THRPROD=  1.00D-09
                         THRSW=  1.00D-05  THROV=  1.00D-12  THRAOF12= 1.00D-08

 CPU time for 3-index integral evaluation         3.45 sec
 CPU time for first  half transformation          0.16 sec (15431.6 MFLOP/sec)
 CPU time for second half transformation          0.02 sec ( 3108.5 MFLOP/sec)
 CPU time for fitting                             0.03 sec (37980.8 MFLOP/sec)
 CPU time for tilde quantities                    0.03 sec (50348.4 MFLOP/sec)
 CPU time for assembly                            0.21 sec (58826.6 MFLOP/sec)
 CPU time for tranop_f12                          0.24 sec (66084.3 MFLOP/sec)
 CPU time for f12 integrals (total)               7.08 sec, Elapsed time:      9.51 sec
 CPU time for f12 matrices (total)                0.10 sec, Elapsed time:      0.15 sec

 Diagonal F12 approximation with fixed coefficients:  TSING= 0.500,  TTRIP= 0.250 (scaled by -1/beta)

 DF-MP2-F12 energy corrections:
 ==============================
 Approx.                                    Singlet             Triplet             Total
 DF-MP2-F12/3*C(DX,FIX)                -0.038358940500     -0.004225049408     -0.042583989908
 DF-MP2-F12/3*C(FIX)                   -0.036139893378     -0.003939094052     -0.040078987430
 DF-MP2-F12/3C(FIX)                    -0.036081329565     -0.004073919749     -0.040155249313

 DF-MP2-F12 correlation energies:
 ================================
 Approx.                                    Singlet             Triplet             Ecorr            Total Energy
 DF-MP2                                -0.290407782643     -0.151964607138     -0.442372389781   -115.542989992938
 DF-MP2-F12/3*C(DX,FIX)                -0.328766723143     -0.156189656546     -0.484956379689   -115.585573982845
 DF-MP2-F12/3*C(FIX)                   -0.326547676021     -0.155903701190     -0.482451377211   -115.583068980367
 DF-MP2-F12/3C(FIX)                    -0.326489112208     -0.156038526887     -0.482527639095   -115.583145242251

 SCS-DF-MP2 energies (F_SING= 1.20000  F_TRIP= 0.62222  F_PARALLEL= 0.33333):
 ============================================================================
 SCS-DF-MP2                            -0.443045094724   -115.543662697881
 SCS-DF-MP2-F12/3*C(DX,FIX)            -0.491704742956   -115.592322346112
 SCS-DF-MP2-F12/3*C(FIX)               -0.488863958632   -115.589481561788
 SCS-DF-MP2-F12/3C(FIX)                -0.488877573601   -115.589495176757

 Symmetry restored.
 Symmetry transformation completed.

 Number of N-1 electron functions:               7
 Number of N-2 electron functions:              28
 Number of singly external CSFs:               659
 Number of doubly external CSFs:            355020
 Total number of CSFs:                      355680

 Length of J-op  integral file:             103.62 MB
 Length of K-op  integral file:             127.95 MB
 Length of 3-ext integral record:             0.00 MB

 Memory could be reduced to 24.20 Mwords without degradation in triples

 Integral transformation finished. Total CPU:   1.15 sec, npass=  1  Memory used:   7.45 MW

 Reference energy:                   -115.10061760

 Adding F12 terms to K(Cij), methodcc=6,  factor= 1.0

 ITER.      SQ.NORM     CORR.ENERGY   TOTAL ENERGY   ENERGY CHANGE        DEN1      VAR(S)    VAR(P)  DIIS     TIME  TIME/IT
   1      1.11683967    -0.45193728  -115.55255489    -0.00949867     0.00135038  0.14D-02  0.18D-02  1  1    14.68     0.89
   2      1.12412761    -0.45229390  -115.55291151    -0.00035662    -0.00893037  0.23D-04  0.22D-03  2  2    15.51     0.91
   3      1.12679040    -0.45246551  -115.55308311    -0.00017161    -0.00183324  0.14D-04  0.13D-04  3  3    16.35     0.92
   4      1.12770672    -0.45248212  -115.55309972    -0.00001661    -0.00058528  0.81D-06  0.11D-05  4  4    17.18     0.92
   5      1.12785593    -0.45248360  -115.55310120    -0.00000148    -0.00003656  0.21D-06  0.97D-07  5  5    18.02     0.92
   6      1.12789628    -0.45248130  -115.55309890     0.00000230    -0.00000392  0.32D-07  0.90D-08  6  6    18.87     0.93
   7      1.12790665    -0.45248046  -115.55309806     0.00000084    -0.00000286  0.36D-08  0.13D-08  6  1    19.70     0.93
   8      1.12790828    -0.45248051  -115.55309812    -0.00000006     0.00000031  0.62D-09  0.18D-09  6  3    20.53     0.93

 Norm of t1 vector:      0.04935588      S-energy:    -0.00000034      T1 diagnostic:  0.00932738
                                                                       D1 diagnostic:  0.01965843

 Adding energy correction from Wij-K(Fij), methodcc=6  factor= 1.0

  CCSD correlation energy              -0.452480514293
  MP2-F12 correction (uncoupled)       -0.038607284948
  C*T doubles correction               -0.001164484375
  f12b correction                       0.007091901401


 Total CPU time for triples:     11.11 sec


 RESULTS
 =======

  Reference energy                   -115.099239479183
  F12 singles correction               -0.001378123973

 F12 singles corrections added to reference energy

  New reference energy               -115.100617603156

  F12a singlet correction              -0.035844885321
  F12a triplet correction              -0.003926884002
  F12a total correction                -0.039771769323

 F12a corrections for ansatz F12/3C(FIX) added to CCSD energy

  CCSD-F12a singlet pair energy        -0.350458901283
  CCSD-F12a triplet pair energy        -0.141793044810
  CCSD-F12a correlation energy         -0.492252283616

  Triples (T) contribution             -0.015871432113
  Total correlation energy             -0.508123715728

  CCSD-F12a total energy             -115.592869886772
  CCSD[T]-F12a energy                -115.609284169361
  CCSD-T-F12a energy                 -115.608502358294
 !CCSD(T)-F12a total energy          -115.608741318885

 F12b corrections for ansatz F12/3C(FIX) added to CCSD(T)-F12a energy

  CCSD-F12b singlet pair energy        -0.343829575808
  CCSD-F12b triplet pair energy        -0.141330468883
  CCSD-F12b correlation energy         -0.485160382215

  Triples (T) contribution             -0.015871432113
  Total correlation energy             -0.501031814328

  CCSD-F12b total energy             -115.585777985371
  CCSD[T]-F12b energy                -115.602192267961
  CCSD-T-F12b energy                 -115.601410456893
 !CCSD(T)-F12b total energy          -115.601649417484

 Timing summary (sec):

 STEP                 CPU(USER)    SYS     CPU(TOT)    WALL
 Transformation          1.17      0.18      1.35      1.36
 CCSD iterations         6.66      0.76      7.42      7.48
 Triples                11.11      0.47     11.58     11.61
 MP2-F12                12.70      0.97     13.67     15.52
 F12b energy             0.67      0.06      0.73      0.73

 Program statistics:

 Available memory in ccsd:               499999650
 Min. memory needed in ccsd:               1149135
 Max. memory used in ccsd:                 1443104
 Max. memory used in cckext:               1888566 ( 9 integral passes)



 **********************************************************************************************************************************
 DATASETS  * FILE   NREC   LENGTH (MB)   RECORD NAMES
              1      20      386.28       500      610      700      900      950      970     1000      129      960     1100   
                                          VAR    BASINP    GEOM    SYMINP    ZMAT    AOBASIS   BASIS     P2S    ABASIS      S 
                                         1400     1410     1200     1210     1080     1600     1650     1300     1700     1380   
                                           T        V       H0       H01     AOSYM     SMH    MOLCAS    ERIS     OPER     JKOP   

              2       7        3.55       700     1000      520     2100     7360     7350     7000   
                                         GEOM     BASIS   MCVARS     RHF    F12ABS    EF12   

 PROGRAMS   *        TOTAL   CCSD(T)   MP2-F12    HF-SCF       INT
 CPU TIMES  *        54.70     32.34     13.41      3.12      5.70
 REAL TIME  *       247.23 SEC
 DISK USED  *         1.13 GB
 **********************************************************************************************************************************
 SETTING XXX            =    "MMM"
 SETTING POINT          =        23.00000000                                  

 *** ### CH3OH


 XXX       RCO          ROH          RCH1         RCH2         RCH3           ACOH           AOCH1          AOCH2          AOCH3         AHH1           AHH2           AHH3            ENERGY       POINT
 "MMM"   1.42077677   0.93513932   1.09171752   1.08440070   1.09171752   108.12930637   111.65221523   107.18733878   111.65221523   61.43364279   180.00000000   298.56635721   -115.60874132   23.0000
                                                  

 CCSD(T)-F12/cc-pVTZ-F12 energy=   -115.601649417484

     CCSD(T)-F12         MP2-F12          HF-SCF
   -115.60164942   -115.58321012   -115.09923948
 **********************************************************************************************************************************
 Molpro calculation terminated
