
 Primary working directories    : /tmpdir/job/2955591.undefined/molpro.uHXWF9XGXz
 Secondary working directories  : /tmpdir/job/2955591.undefined/molpro.uHXWF9XGXz
 Wavefunction directory         : /home/zcaposm/wfu/
 Main file repository           : /tmpdir/job/2955591.undefined/molpro.uHXWF9XGXz/

 id        : uclcc

 Nodes                         nprocs
 node-d00a-103.myriad.ucl.ac.uk    1

 Using customized tuning parameters: mindgm=1; mindgv=20; mindgc=4; mindgr=1; noblas=0; minvec=7
 default implementation of scratch files=df  


 Variables initialized (945), CPU time= 0.00 sec
 ***,Methanol Ground State Energy with CCSD(T)-F12 and cc-pVTZ-F12
 memory,500,m;
 
 geometry={angstrom
 c
 o , 1, rco
 h , 2, roh, 1, acoh
 h1, 1, rch1, 2, aoch1  3  ahh1
 h2, 1, rch2, 2, aoch2, 3, ahh2
 h3, 1, rch3, 2, aoch3, 3, ahh3
 }
 
                                                ! Specify the initial values of the internal coordinates (in Angstroms and degrees)
 
 rco= 1.42077677
 roh= 0.96013932
 rch1= 1.0867175156050002
 rch2= 1.08440070258
 rch3= 1.091717515605
 acoh= 108.12930637
 aoch1= 111.6522152299
 aoch2= 107.18733878260001
 aoch3= 111.6522152299
 ahh1=61.43364279
 ahh2=180.0
 ahh3=298.56635721
 
                                                                                 ! Use the cc-pVTZ-F12 basis set
 basis=cc-pVTZ-F12
 
 hf
 
                                                                                 ! Use explicitly correlated F12 methods
                                                                            ! First, MP2-F12 (useful for initial electronic energy)
 {mp2-f12}
 
                                                                        ! If desired, perform CCSD(T)-F12 for more accurate results
 {ccsd(t)-f12}
 
                                                                                 ! Output the energy
 xxx = "mmm"
 point = 27
 text ### CH3OH
 table,xxx,rco,roh,rch1,rch2,rch3,acoh,aoch1,aoch2,aoch3,ahh1,ahh2,ahh3,energy,point
 DIGITS, 0, 8, 8, 8, 8, 8, 8, 8, 8, 8,  8,  8,  8, 8, 4
 save,CH3OH_MEP_MP2_27.dat,new
 
 Commands  initialized (802), CPU time= 0.01 sec, 659 directives.
 Default parameters read. Elapsed time= 0.12 sec

 Checking input...
 Passed
1


                                         ***  PROGRAM SYSTEM MOLPRO  ***
                                       Copyright, TTI GmbH Stuttgart, 2015
                                    Version 2020.1 linked Oct  6 2020 12:04:11


 **********************************************************************************************************************************
 LABEL *   Methanol Ground State Energy with CCSD(T)-F12 and cc-pVTZ-F12                 
  64 bit serial version                                                                  DATE: 08-Oct-24          TIME: 17:11:38  
 **********************************************************************************************************************************

 SHA1:             8c27446f6450a7499e38f603e13c65f775101d37
 **********************************************************************************************************************************

 Memory per process:       500 MW
 Total memory per node:    500 MW

 GA preallocation disabled
 GA check disabled

 Variable memory set to 500.0 MW

 SETTING RCO            =         1.42077677                                  
 SETTING ROH            =         0.96013932                                  
 SETTING RCH1           =         1.08671752                                  
 SETTING RCH2           =         1.08440070                                  
 SETTING RCH3           =         1.09171752                                  
 SETTING ACOH           =       108.12930637                                  
 SETTING AOCH1          =       111.65221523                                  
 SETTING AOCH2          =       107.18733878                                  
 SETTING AOCH3          =       111.65221523                                  
 SETTING AHH1           =        61.43364279                                  
 SETTING AHH2           =       180.00000000                                  
 SETTING AHH3           =       298.56635721                                  
 SETTING BASIS          =    CC-PVTZ-F12


 Recomputing integrals since basis changed


 Using spherical harmonics

 Library entry C      S cc-pVTZ-F12          selected for orbital group  1
 Library entry C      P cc-pVTZ-F12          selected for orbital group  1
 Library entry C      D cc-pVTZ-F12          selected for orbital group  1
 Library entry C      F cc-pVTZ-F12          selected for orbital group  1
 Library entry O      S cc-pVTZ-F12          selected for orbital group  2
 Library entry O      P cc-pVTZ-F12          selected for orbital group  2
 Library entry O      D cc-pVTZ-F12          selected for orbital group  2
 Library entry O      F cc-pVTZ-F12          selected for orbital group  2
 Library entry H      S cc-pVTZ-F12          selected for orbital group  3
 Library entry H      P cc-pVTZ-F12          selected for orbital group  3
 Library entry H      D cc-pVTZ-F12          selected for orbital group  3


 PROGRAM * SEWARD (Integral evaluation for generally contracted gaussian basis sets)     Author: Roland Lindh, 1990

 Geometry written to block  1 of record 700

 Orientation using atomic masses  
 Molecule type: Asymmetric top
 Rotational constants:      23.9656267     24.8217696    129.1020995 GHz  (calculated with average atomic masses)

 Point group  C1  



 ATOMIC COORDINATES

 NR  ATOM    CHARGE       X              Y              Z

   1  C       6.00    0.000878392    0.025609166   -1.376688658
   2  O       8.00   -0.000927089   -0.122184620    1.304118846
   3  H       1.00    0.008636508    1.568421538    1.962759877
   4  H1      1.00    1.682963096    0.968899994   -2.082422444
   5  H2      1.00   -0.010003444   -1.895766402   -2.089080055
   6  H3      1.00   -1.677347397    0.992757340   -2.086861868

 Bond lengths in Bohr (Angstrom)

 1-2  2.684878979  1-4  2.053598479  1-5  2.049220337  1-6  2.063047110  2-3  1.814400356
     ( 1.420776770)     ( 1.086717516)     ( 1.084400703)     ( 1.091717516)     ( 0.960139320)

 Bond angles

  1-2-3  108.12930637   2-1-4  111.65221523   2-1-5  107.18733878   2-1-6  111.65221523

  4-1-5  108.39459424   4-1-6  109.43105099   5-1-6  108.39459424

 NUCLEAR CHARGE:                   18
 NUMBER OF PRIMITIVE AOS:         228
 NUMBER OF SYMMETRY AOS:          206
 NUMBER OF CONTRACTIONS:          178   (  178A   )
 NUMBER OF INNER CORE ORBITALS:     0   (    0A   )
 NUMBER OF OUTER CORE ORBITALS:     2   (    2A   )
 NUMBER OF VALENCE ORBITALS:       12   (   12A   )


 NUCLEAR REPULSION ENERGY   40.36432415

 Eigenvalues of metric

         1 0.876E-04 0.183E-03 0.309E-03 0.321E-03 0.460E-03 0.493E-03 0.559E-03 0.569E-03


 Contracted 2-electron integrals neglected if value below      1.0D-11
 AO integral compression algorithm  1   Integral accuracy      1.0D-11

     611.058 MB (compressed) written to integral file ( 51.2%)


 NUMBER OF SORTED TWO-ELECTRON INTEGRALS:  126906346.     BUFFER LENGTH:  32768
 NUMBER OF SEGMENTS:   8  SEGMENT LENGTH:   15999503      RECORD LENGTH: 524288

 Memory used in sort:      16.56 MW

 SORT1 READ   149034713. AND WROTE   124794983. INTEGRALS IN    360 RECORDS. CPU TIME:     2.39 SEC, REAL TIME:    24.57 SEC
 SORT2 READ   124794983. AND WROTE   126906346. INTEGRALS IN   2331 RECORDS. CPU TIME:     1.96 SEC, REAL TIME:    42.89 SEC

 FILE SIZES:   FILE 1:   642.3 MBYTE,  FILE 4:  1510.0 MBYTE,   TOTAL:   2152.3 MBYTE

 OPERATOR DM      FOR CENTER  0  COORDINATES:    0.000000    0.000000    0.000000


 **********************************************************************************************************************************
 DATASETS  * FILE   NREC   LENGTH (MB)   RECORD NAMES
              1      19      563.61       500      610      700      900      950      970     1000      129      960     1100   
                                          VAR    BASINP    GEOM    SYMINP    ZMAT    AOBASIS   BASIS     P2S    ABASIS      S 
                                         1400     1410     1200     1210     1080     1600     1650     1300     1700   
                                           T        V       H0       H01     AOSYM     SMH    MOLCAS    ERIS     OPER   

 PROGRAMS   *        TOTAL       INT
 CPU TIMES  *         9.19      9.07
 REAL TIME  *        85.36 SEC
 DISK USED  *         2.15 GB
 **********************************************************************************************************************************


 PROGRAM * RHF-SCF (CLOSED SHELL)       Authors: W. Meyer, H.-J. Werner


 NUMBER OF ELECTRONS:       9+    9-    SPACE SYMMETRY=1    SPIN SYMMETRY: Singlet 
 CONVERGENCE THRESHOLDS:    1.00E-05 (Density)    1.00E-07 (Energy)
 MAX. NUMBER OF ITERATIONS:       60
 INTERPOLATION TYPE:            DIIS
 INTERPOLATION STEPS:              2 (START)      1 (STEP)
 LEVEL SHIFTS:                  0.00 (CLOSED)  0.00 (OPEN) 



 Orbital guess generated from atomic densities. Full valence occupancy:   14

 Molecular orbital dump at record        2100.2

 Initial occupancy:   9

 ITERATION    DDIFF          GRAD             ENERGY        2-EL.EN.            DIPOLE MOMENTS         DIIS   ORB.
    1      0.000D+00      0.000D+00      -115.06243093    164.522493    0.00461    0.90384   -0.47798    0    start
    2      0.000D+00      0.506D-02      -115.09077917    161.937225    0.00416    0.49729   -0.30481    1    diag
    3      0.480D-02      0.277D-02      -115.09824605    163.201033    0.00488    0.60068   -0.39783    2    diag
    4      0.163D-02      0.546D-03      -115.09877869    163.024405    0.00504    0.59564   -0.39337    3    diag
    5      0.437D-03      0.110D-03      -115.09881311    163.035669    0.00511    0.59171   -0.39824    4    diag
    6      0.122D-03      0.205D-04      -115.09881467    163.033564    0.00513    0.59186   -0.39903    5    diag
    7      0.350D-04      0.437D-05      -115.09881475    163.033116    0.00514    0.59168   -0.39931    6    diag
    8      0.877D-05      0.117D-05      -115.09881475    163.033496    0.00514    0.59168   -0.39933    0    orth

 Final occupancy:   9

 !RHF STATE  1.1 Energy              -115.098814751720
 Nuclear energy                        40.36432415
 One-electron energy                 -236.97988707
 Two-electron energy                   81.51674817
 Virial quotient                       -1.00095147
 !RHF STATE  1.1 Dipole moment          0.00513654     0.59167769    -0.39932726
 Dipole moment /Debye                   0.01305492     1.50379617    -1.01492219

 Orbital energies:

         1.1          2.1          3.1          4.1          5.1          6.1          7.1          8.1          9.1         10.1
    -20.556228   -11.269117    -1.356850    -0.926883    -0.690966    -0.622070    -0.594296    -0.504431    -0.452353     0.054611

        11.1
      0.065007


 HOMO      9.1    -0.452353 =     -12.3092eV
 LUMO     10.1     0.054611 =       1.4860eV
 LUMO-HOMO         0.506964 =      13.7952eV


 **********************************************************************************************************************************
 DATASETS  * FILE   NREC   LENGTH (MB)   RECORD NAMES
              1      19      563.61       500      610      700      900      950      970     1000      129      960     1100   
                                          VAR    BASINP    GEOM    SYMINP    ZMAT    AOBASIS   BASIS     P2S    ABASIS      S 
                                         1400     1410     1200     1210     1080     1600     1650     1300     1700   
                                           T        V       H0       H01     AOSYM     SMH    MOLCAS    ERIS     OPER   

              2       4        3.48       700     1000      520     2100   
                                         GEOM     BASIS   MCVARS     RHF  

 PROGRAMS   *        TOTAL    HF-SCF       INT
 CPU TIMES  *        16.99      7.81      9.07
 REAL TIME  *        97.50 SEC
 DISK USED  *         2.15 GB
 **********************************************************************************************************************************


 PROGRAM * MP2 (Closed-shell)     Authors: C. Hampel, H.-J. Werner, 1991, M. Deegan, P.J. Knowles, 1992

                                   MP2-F12 implementation by H.-J. Werner, 2007

                   Density fitting integral evaluation by F.R. Manby, 2003,2007, G. Knizia, 2010


 Basis set AUG-CC-PVTZ/JKFIT generated.  Number of basis functions:   392 
 Basis set CC-PVTZ-F12/OPTRI generated.  Number of basis functions:   314 
 Basis set AUG-CC-PVTZ/MP2FIT generated. Number of basis functions:   396 

 Convergence thresholds:  THRVAR = 1.00D-08  THRDEN = 1.00D-06

 Number of core orbitals:           2 (   2 )
 Number of closed-shell orbitals:   7 (   7 )
 Number of external orbitals:     169 ( 169 )

 Molecular orbitals read from record     2100.2  Type=RHF/CANONICAL (state 1.1)

 MP2-F12 correlation treatment (H.-J. Werner, 2006)
 ==================================================

 Using MP2-F12 with ansatz 3C(FIX)

 Using projected zeroth-order Hamiltonian (+Z)

 FOCKRIB=T FOCKRIC=T FOCKRIP=T CABSP=T CABSA=T CABSK=T CABSF=T GBC=F EBC=F DMAT=T NOFIK=T NOPAO=1 SOLVE=-1  USEPAO=0
 EXCH_A= T EXCH_B= F EXCH_C= F EXCH_P= F

 Geminal basis:    OPTFULL  GEM_TYPE=SLATER  BETA=1.0  NGEM=6

 Optimizing Gaussian exponents for each gem_beta

 Geminal optimization for beta= 1.0000
 Weight function:   m=0, omega= 1.4646

 Augmented Hessian optimization of geminal fit. Trust ratio= 0.40000
 Convergence reached after   2 iterations. Final gradient= 8.66D-16, Step= 4.23D-06, Delta= 1.28D-09

 Alpha:                 0.19532     0.81920     2.85917     9.50073    35.69989   197.79328
 Coeff:                 0.27070     0.30552     0.18297     0.10986     0.06810     0.04224


 All pairs explicitly correlated. Number of r12-pairs:           28

 Excluding core orbitals from MO domains

 AO(A)-basis ORBITAL           loaded. Number of functions:     178
 RI(R)-basis CC-PVTZ-F12/OPTRI loaded. Number of functions:     314
 DF-basis AUG-CC-PVTZ/JKFIT    loaded. Number of functions:     392

 Screening thresholds:   THRAO=  1.00D-10  THRMO=  1.00D-09  THRPROD=  1.00D-09
                         THRSW=  1.00D-05  THROV=  1.00D-12  THRAOF12= 1.00D-08

 CPU time for Fock operators                      1.55 sec

 Construction of ABS:
 Smallest eigenvalue of S          4.32E-04  (threshold= 1.00E-08)
 Ratio eigmin/eigmax               5.51E-05  (threshold= 1.00E-09)
 Smallest eigenvalue of S kept     4.32E-04  (threshold= 4.32E-04, 0 functions deleted, 314 kept)

 Construction of CABS:
 Smallest eigenvalue of S          7.19E-07  (threshold= 1.00E-08)
 Ratio eigmin/eigmax               7.19E-07  (threshold= 1.00E-09)
 Smallest eigenvalue of S kept     7.19E-07  (threshold= 7.19E-07, 0 functions deleted, 314 kept)

 CPU time for CABS singles                        0.04 sec

 CABS-singles contribution of  -0.00135524 patched into reference energy.
 New reference energy        -115.10016999

 AO(A)-basis ORBITAL           loaded. Number of functions:     178
 RI(R)-basis CC-PVTZ-F12/OPTRI loaded. Number of functions:     314
 DF-basis AUG-CC-PVTZ/MP2FIT   loaded. Number of functions:     396

 Screening thresholds:   THRAO=  1.00D-10  THRMO=  1.00D-09  THRPROD=  1.00D-09
                         THRSW=  1.00D-05  THROV=  1.00D-12  THRAOF12= 1.00D-08

 CPU time for 3-index integral evaluation         3.55 sec
 CPU time for first  half transformation          0.23 sec (10735.0 MFLOP/sec)
 CPU time for second half transformation          0.02 sec ( 3108.5 MFLOP/sec)
 CPU time for fitting                             0.02 sec (56971.3 MFLOP/sec)
 CPU time for tilde quantities                    0.03 sec (50348.4 MFLOP/sec)
 CPU time for assembly                            0.23 sec (53711.3 MFLOP/sec)
 CPU time for tranop_f12                          0.26 sec (61000.9 MFLOP/sec)
 CPU time for f12 integrals (total)               4.76 sec, Elapsed time:      6.08 sec
 CPU time for f12 matrices (total)                0.12 sec, Elapsed time:      0.52 sec

 Diagonal F12 approximation with fixed coefficients:  TSING= 0.500,  TTRIP= 0.250 (scaled by -1/beta)

 DF-MP2-F12 energy corrections:
 ==============================
 Approx.                                    Singlet             Triplet             Total
 DF-MP2-F12/3*C(DX,FIX)                -0.038297560294     -0.004213917612     -0.042511477906
 DF-MP2-F12/3*C(FIX)                   -0.036096501943     -0.003931891463     -0.040028393407
 DF-MP2-F12/3C(FIX)                    -0.036039073502     -0.004066808646     -0.040105882148

 DF-MP2-F12 correlation energies:
 ================================
 Approx.                                    Singlet             Triplet             Ecorr            Total Energy
 DF-MP2                                -0.291053556510     -0.152361269847     -0.443414826357   -115.543584816314
 DF-MP2-F12/3*C(DX,FIX)                -0.329351116804     -0.156575187459     -0.485926304263   -115.586096294220
 DF-MP2-F12/3*C(FIX)                   -0.327150058453     -0.156293161310     -0.483443219764   -115.583613209721
 DF-MP2-F12/3C(FIX)                    -0.327092630012     -0.156428078493     -0.483520708505   -115.583690698462

 SCS-DF-MP2 energies (F_SING= 1.20000  F_TRIP= 0.62222  F_PARALLEL= 0.33333):
 ============================================================================
 SCS-DF-MP2                            -0.444066835717   -115.544236825674
 SCS-DF-MP2-F12/3*C(DX,FIX)            -0.492645901251   -115.592815891208
 SCS-DF-MP2-F12/3*C(FIX)               -0.489829148293   -115.589999138250
 SCS-DF-MP2-F12/3C(FIX)                -0.489844182632   -115.590014172589
 Symmetry transformation completed.

 Number of N-1 electron functions:               7
 Number of N-2 electron functions:              28
 Number of singly external CSFs:              1183
 Number of doubly external CSFs:            700336
 Total number of CSFs:                      701520

 Length of J-op  integral file:             104.98 MB
 Length of K-op  integral file:             138.67 MB

 Integral transformation finished. Total CPU:   1.34 sec, npass=  1  Memory used:   2.18 MW

 ITER.      SQ.NORM     CORR.ENERGY   TOTAL ENERGY   ENERGY CHANGE     VAR   MIC
   1      1.00000000    -0.44348117  -115.54365116    -0.44348117  0.00D+00   0
   2      1.11464809    -0.44348117  -115.54365116     0.00000000 -0.14D-14   0

 Solving MP2-F12 equations

   1      1.11461185    -0.48282909  -115.58299908    -0.03934791 -0.37D-04   0
   2      1.11461185    -0.48358565  -115.58375564    -0.00075657 -0.24D-19   0
   3      1.11461185    -0.48358565  -115.58375564     0.00000000  0.24D-19   0

 CPU TIME FOR ITERATIVE MP2:    0.11 SEC


 MP2-F12 energy corrections:
 ===========================
 Approx.                                    Singlet             Triplet             Total
 MP2-F12/3*C(DX,FIX)                   -0.038297560294     -0.004213917612     -0.042511477906
 MP2-F12/3*C(FIX)                      -0.036096501943     -0.003931891463     -0.040028393407
 MP2-F12/3C(FIX)                       -0.036036372966     -0.004068108594     -0.040104481559

 MP2-F12 correlation energies:
 =============================
 Approx.                                    Singlet             Triplet             Ecorr            Total Energy
 MP2                                   -0.291236814079     -0.152244357311     -0.443481171390   -115.543651161347
 MP2-F12/3*C(DX,FIX)                   -0.329534374373     -0.156458274923     -0.485992649296   -115.586162639254
 MP2-F12/3*C(FIX)                      -0.327333316022     -0.156176248775     -0.483509564797   -115.583679554754
 MP2-F12/3C(FIX)                       -0.327273187045     -0.156312465905     -0.483585652950   -115.583755642907

 SCS-MP2 energies (F_SING= 1.20000  F_TRIP= 0.62222  F_PARALLEL= 0.33333):
 =========================================================================
 SCS-MP2                               -0.444213999222   -115.544383989179
 SCS-MP2-F12/3*C(DX,FIX)               -0.492793064756   -115.592963054713
 SCS-MP2-F12/3*C(FIX)                  -0.489976311798   -115.590146301755
 SCS-MP2-F12/3C(FIX)                   -0.489988914350   -115.590158904307


  Reference energy                   -115.098814751720
  F12 singles correction               -0.001355238237

 F12 singles corrections added to reference energy

  New reference energy               -115.100169989957

  F12/3C(F) singlet correction         -0.036036372966
  F12/3C(F) triplet correction         -0.004068108594
  F12/3C(F) total correction           -0.040104481559
  MP2-F12/3C(F) singlet pair energy    -0.327273187045
  MP2-F12/3C(F) triplet pair energy    -0.156312465905
  MP2-F12/3C(F) correlation energy     -0.483585652950

 !MP2-F12/3C(F) total energy         -115.583755642907


 **********************************************************************************************************************************
 DATASETS  * FILE   NREC   LENGTH (MB)   RECORD NAMES
              1      20      574.79       500      610      700      900      950      970     1000      129      960     1100   
                                          VAR    BASINP    GEOM    SYMINP    ZMAT    AOBASIS   BASIS     P2S    ABASIS      S 
                                         1400     1410     1200     1210     1080     1600     1650     1300     1700     1380   
                                           T        V       H0       H01     AOSYM     SMH    MOLCAS    ERIS     OPER     JKOP   

              2       7        4.13       700     1000      520     2100     7360     7350     7000   
                                         GEOM     BASIS   MCVARS     RHF    F12ABS    EF12   

 PROGRAMS   *        TOTAL   MP2-F12    HF-SCF       INT
 CPU TIMES  *        25.15      8.14      7.81      9.07
 REAL TIME  *       109.51 SEC
 DISK USED  *         2.15 GB
 **********************************************************************************************************************************


 PROGRAM * CCSD (Closed-shell coupled cluster)     Authors: C. Hampel, H.-J. Werner, 1991, M. Deegan, P.J. Knowles, 1992

                                  CCSD-F12 implementation by  H.-J. Werner, 2007

                   Density fitting integral evaluation by F.R. Manby, 2003,2007, G. Knizia, 2010



 Convergence thresholds:  THRVAR = 1.00D-08  THRDEN = 1.00D-06

 CCSD(T)     terms to be evaluated (factor= 1.000)


 Number of core orbitals:           2 (   2 )
 Number of closed-shell orbitals:   7 (   7 )
 Number of external orbitals:     169 ( 169 )

 Molecular orbitals read from record     2100.2  Type=RHF/CANONICAL (state 1.1)

 MP2-F12 correlation treatment (H.-J. Werner, 2006)
 ==================================================

 Using MP2-F12 with ansatz 3C(FIX)

 Using projected zeroth-order Hamiltonian (+Z)

 FOCKRIB=T FOCKRIC=T FOCKRIP=T CABSP=T CABSA=T CABSK=T CABSF=T GBC=F EBC=F DMAT=T NOFIK=T NOPAO=1 SOLVE=-1  USEPAO=0
 EXCH_A= T EXCH_B= F EXCH_C= F EXCH_P= F

 Geminal basis:    OPTFULL  GEM_TYPE=SLATER  BETA=1.0  NGEM=6

 Optimizing Gaussian exponents for each gem_beta

 Geminal optimization for beta= 1.0000
 Weight function:   m=0, omega= 1.4646

 Augmented Hessian optimization of geminal fit. Trust ratio= 0.40000
 Convergence reached after   2 iterations. Final gradient= 8.66D-16, Step= 4.23D-06, Delta= 1.28D-09

 Alpha:                 0.19532     0.81920     2.85917     9.50073    35.69989   197.79328
 Coeff:                 0.27070     0.30552     0.18297     0.10986     0.06810     0.04224


 All pairs explicitly correlated. Number of r12-pairs:           28

 Excluding core orbitals from MO domains

 AO(A)-basis ORBITAL           loaded. Number of functions:     178
 RI(R)-basis CC-PVTZ-F12/OPTRI loaded. Number of functions:     314
 DF-basis AUG-CC-PVTZ/JKFIT    loaded. Number of functions:     392

 Screening thresholds:   THRAO=  1.00D-10  THRMO=  1.00D-09  THRPROD=  1.00D-09
                         THRSW=  1.00D-05  THROV=  1.00D-12  THRAOF12= 1.00D-08

 CPU time for Fock operators                      1.55 sec

 Construction of ABS:
 Smallest eigenvalue of S          4.32E-04  (threshold= 1.00E-08)
 Ratio eigmin/eigmax               5.51E-05  (threshold= 1.00E-09)
 Smallest eigenvalue of S kept     4.32E-04  (threshold= 4.32E-04, 0 functions deleted, 314 kept)

 Construction of CABS:
 Smallest eigenvalue of S          7.19E-07  (threshold= 1.00E-08)
 Ratio eigmin/eigmax               7.19E-07  (threshold= 1.00E-09)
 Smallest eigenvalue of S kept     7.19E-07  (threshold= 7.19E-07, 0 functions deleted, 314 kept)

 CPU time for CABS singles                        0.04 sec

 CABS-singles contribution of  -0.00135524 patched into reference energy.
 New reference energy        -115.10016999

 AO(A)-basis ORBITAL           loaded. Number of functions:     178
 RI(R)-basis CC-PVTZ-F12/OPTRI loaded. Number of functions:     314
 DF-basis AUG-CC-PVTZ/MP2FIT   loaded. Number of functions:     396

 Screening thresholds:   THRAO=  1.00D-10  THRMO=  1.00D-09  THRPROD=  1.00D-09
                         THRSW=  1.00D-05  THROV=  1.00D-12  THRAOF12= 1.00D-08

 CPU time for 3-index integral evaluation         3.42 sec
 CPU time for first  half transformation          0.32 sec ( 7715.8 MFLOP/sec)
 CPU time for second half transformation          0.01 sec ( 6217.0 MFLOP/sec)
 CPU time for sorting                             0.02 sec
 CPU time for fitting                             0.02 sec (56971.3 MFLOP/sec)
 CPU time for tilde quantities                    0.02 sec (75522.6 MFLOP/sec)
 CPU time for assembly                            0.20 sec (61768.0 MFLOP/sec)
 CPU time for tranop_f12                          0.26 sec (61000.9 MFLOP/sec)
 CPU time for f12 integrals (total)               4.70 sec, Elapsed time:      5.09 sec
 CPU time for f12 matrices (total)                0.10 sec, Elapsed time:      0.16 sec

 Diagonal F12 approximation with fixed coefficients:  TSING= 0.500,  TTRIP= 0.250 (scaled by -1/beta)

 DF-MP2-F12 energy corrections:
 ==============================
 Approx.                                    Singlet             Triplet             Total
 DF-MP2-F12/3*C(DX,FIX)                -0.038297560294     -0.004213917612     -0.042511477906
 DF-MP2-F12/3*C(FIX)                   -0.036096501943     -0.003931891463     -0.040028393407
 DF-MP2-F12/3C(FIX)                    -0.036039073502     -0.004066808646     -0.040105882148

 DF-MP2-F12 correlation energies:
 ================================
 Approx.                                    Singlet             Triplet             Ecorr            Total Energy
 DF-MP2                                -0.291053556510     -0.152361269847     -0.443414826357   -115.543584816314
 DF-MP2-F12/3*C(DX,FIX)                -0.329351116804     -0.156575187459     -0.485926304263   -115.586096294220
 DF-MP2-F12/3*C(FIX)                   -0.327150058453     -0.156293161310     -0.483443219764   -115.583613209721
 DF-MP2-F12/3C(FIX)                    -0.327092630012     -0.156428078493     -0.483520708505   -115.583690698462

 SCS-DF-MP2 energies (F_SING= 1.20000  F_TRIP= 0.62222  F_PARALLEL= 0.33333):
 ============================================================================
 SCS-DF-MP2                            -0.444066835717   -115.544236825674
 SCS-DF-MP2-F12/3*C(DX,FIX)            -0.492645901251   -115.592815891208
 SCS-DF-MP2-F12/3*C(FIX)               -0.489829148293   -115.589999138250
 SCS-DF-MP2-F12/3C(FIX)                -0.489844182632   -115.590014172589
 Symmetry transformation completed.

 Number of N-1 electron functions:               7
 Number of N-2 electron functions:              28
 Number of singly external CSFs:              1183
 Number of doubly external CSFs:            700336
 Total number of CSFs:                      701520

 Length of J-op  integral file:             105.23 MB
 Length of K-op  integral file:             138.67 MB
 Length of 3-ext integral record:             0.00 MB

 Memory could be reduced to 48.01 Mwords without degradation in triples

 Integral transformation finished. Total CPU:   3.25 sec, npass=  1  Memory used:  24.86 MW

 Reference energy:                   -115.10016999

 Adding F12 terms to K(Cij), methodcc=6,  factor= 1.0

 ITER.      SQ.NORM     CORR.ENERGY   TOTAL ENERGY   ENERGY CHANGE        DEN1      VAR(S)    VAR(P)  DIIS     TIME  TIME/IT
   1      1.11752187    -0.45280734  -115.55297733    -0.00932617     0.00166132  0.15D-02  0.19D-02  1  1    12.56     3.82
   2      1.12491483    -0.45316648  -115.55333647    -0.00035915    -0.00903583  0.24D-04  0.23D-03  2  2    15.36     3.72
   3      1.12763441    -0.45334315  -115.55351314    -0.00017666    -0.00186037  0.15D-04  0.13D-04  3  3    18.11     3.58
   4      1.12857809    -0.45336106  -115.55353105    -0.00001791    -0.00059838  0.86D-06  0.12D-05  4  4    20.86     3.80
   5      1.12873321    -0.45336258  -115.55353257    -0.00000152    -0.00003776  0.23D-06  0.10D-06  5  5    23.66     3.69
   6      1.12877568    -0.45336022  -115.55353021     0.00000236    -0.00000421  0.36D-07  0.96D-08  6  6    26.42     3.79
   7      1.12878680    -0.45335935  -115.55352934     0.00000087    -0.00000298  0.39D-08  0.14D-08  6  1    29.27     3.71
   8      1.12878860    -0.45335941  -115.55352940    -0.00000006     0.00000033  0.67D-09  0.20D-09  6  3    32.00     3.61

 Norm of t1 vector:      0.04996314      S-energy:     0.00000013      T1 diagnostic:  0.00944215
                                                                       D1 diagnostic:  0.02001321

 Adding energy correction from Wij-K(Fij), methodcc=6  factor= 1.0

  CCSD correlation energy              -0.453359408933
  MP2-F12 correction (uncoupled)       -0.038554739687
  C*T doubles correction               -0.001164634661
  f12b correction                       0.007098820996


 Total CPU time for triples:     35.70 sec


 RESULTS
 =======

  Reference energy                   -115.098814751720
  F12 singles correction               -0.001355238237

 F12 singles corrections added to reference energy

  New reference energy               -115.100169989957

  F12a singlet correction              -0.035799811525
  F12a triplet correction              -0.003919562823
  F12a total correction                -0.039719374348

 F12a corrections for ansatz F12/3C(FIX) added to CCSD energy

  CCSD-F12a singlet pair energy        -0.351151379257
  CCSD-F12a triplet pair energy        -0.141927531569
  CCSD-F12a correlation energy         -0.493078783281

  Triples (T) contribution             -0.016002499449
  Total correlation energy             -0.509081282730

  CCSD-F12a total energy             -115.593248773238
  CCSD[T]-F12a energy                -115.609803180843
  CCSD-T-F12a energy                 -115.609008081729
 !CCSD(T)-F12a total energy          -115.609251272687

 F12b corrections for ansatz F12/3C(FIX) added to CCSD(T)-F12a energy

  CCSD-F12b singlet pair energy        -0.344514769504
  CCSD-F12b triplet pair energy        -0.141465320326
  CCSD-F12b correlation energy         -0.485979962285

  Triples (T) contribution             -0.016002499449
  Total correlation energy             -0.501982461734

  CCSD-F12b total energy             -115.586149952242
  CCSD[T]-F12b energy                -115.602704359847
  CCSD-T-F12b energy                 -115.601909260733
 !CCSD(T)-F12b total energy          -115.602152451691

 Timing summary (sec):

 STEP                 CPU(USER)    SYS     CPU(TOT)    WALL
 Transformation          3.30      1.13      4.43      7.69
 CCSD iterations        22.23      4.27     26.50     29.08
 Triples                35.70      0.97     36.67     36.79
 MP2-F12                 6.49      0.49      6.98      7.09
 F12b energy             2.21      0.13      2.34      2.36

 Program statistics:

 Available memory in ccsd:               499999646
 Min. memory needed in ccsd:               2228017
 Max. memory used in ccsd:                 2807120
 Max. memory used in cckext:               2027429 ( 9 integral passes)



 **********************************************************************************************************************************
 DATASETS  * FILE   NREC   LENGTH (MB)   RECORD NAMES
              1      20      710.74       500      610      700      900      950      970     1000      129      960     1100   
                                          VAR    BASINP    GEOM    SYMINP    ZMAT    AOBASIS   BASIS     P2S    ABASIS      S 
                                         1400     1410     1200     1210     1080     1600     1650     1300     1700     1380   
                                           T        V       H0       H01     AOSYM     SMH    MOLCAS    ERIS     OPER     JKOP   

              2       7        4.13       700     1000      520     2100     7360     7350     7000   
                                         GEOM     BASIS   MCVARS     RHF    F12ABS    EF12   

 PROGRAMS   *        TOTAL   CCSD(T)   MP2-F12    HF-SCF       INT
 CPU TIMES  *        95.12     69.97      8.14      7.81      9.07
 REAL TIME  *       192.93 SEC
 DISK USED  *         2.15 GB
 **********************************************************************************************************************************
 SETTING XXX            =    "MMM"
 SETTING POINT          =        27.00000000                                  

 *** ### CH3OH


 XXX       RCO          ROH          RCH1         RCH2         RCH3           ACOH           AOCH1          AOCH2          AOCH3         AHH1           AHH2           AHH3            ENERGY       POINT
 "MMM"   1.42077677   0.96013932   1.08671752   1.08440070   1.09171752   108.12930637   111.65221523   107.18733878   111.65221523   61.43364279   180.00000000   298.56635721   -115.60925127   27.0000
                                                  

 CCSD(T)-F12/cc-pVTZ-F12 energy=   -115.602152451691

     CCSD(T)-F12         MP2-F12          HF-SCF
   -115.60215245   -115.58375564   -115.09881475
 **********************************************************************************************************************************
 Molpro calculation terminated
