
 Primary working directories    : /tmpdir/job/2955646.undefined/molpro.rSP1Yicl6V
 Secondary working directories  : /tmpdir/job/2955646.undefined/molpro.rSP1Yicl6V
 Wavefunction directory         : /home/zcaposm/wfu/
 Main file repository           : /tmpdir/job/2955646.undefined/molpro.rSP1Yicl6V/

 id        : uclcc

 Nodes                         nprocs
 node-d00a-155.myriad.ucl.ac.uk    1

 Using customized tuning parameters: mindgm=1; mindgv=20; mindgc=4; mindgr=1; noblas=0; minvec=7
 default implementation of scratch files=df  


 Variables initialized (945), CPU time= 0.00 sec
 ***,Methanol Ground State Energy with CCSD(T)-F12 and cc-pVTZ-F12
 memory,500,m;
 
 geometry={angstrom
 c
 o , 1, rco
 h , 2, roh, 1, acoh
 h1, 1, rch1, 2, aoch1  3  ahh1
 h2, 1, rch2, 2, aoch2, 3, ahh2
 h3, 1, rch3, 2, aoch3, 3, ahh3
 }
 
                                                ! Specify the initial values of the internal coordinates (in Angstroms and degrees)
 
 rco= 1.42077677
 roh= 0.96013932
 rch1= 1.091717515605
 rch2= 1.08440070258
 rch3= 1.091717515605
 acoh= 108.12930637
 aoch1= 111.6522152299
 aoch2= 107.93733878260001
 aoch3= 111.6522152299
 ahh1=61.43364279
 ahh2=180.0
 ahh3=298.56635721
 
                                                                                 ! Use the cc-pVTZ-F12 basis set
 basis=cc-pVTZ-F12
 
 hf
 
                                                                                 ! Use explicitly correlated F12 methods
                                                                            ! First, MP2-F12 (useful for initial electronic energy)
 {mp2-f12}
 
                                                                        ! If desired, perform CCSD(T)-F12 for more accurate results
 {ccsd(t)-f12}
 
                                                                                 ! Output the energy
 xxx = "mmm"
 point = 78
 text ### CH3OH
 table,xxx,rco,roh,rch1,rch2,rch3,acoh,aoch1,aoch2,aoch3,ahh1,ahh2,ahh3,energy,point
 DIGITS, 0, 8, 8, 8, 8, 8, 8, 8, 8, 8,  8,  8,  8, 8, 4
 save,CH3OH_MEP_MP2_78.dat,new
 
 Commands  initialized (802), CPU time= 0.00 sec, 659 directives.
 Default parameters read. Elapsed time= 0.61 sec

 Checking input...
 Passed
1


                                         ***  PROGRAM SYSTEM MOLPRO  ***
                                       Copyright, TTI GmbH Stuttgart, 2015
                                    Version 2020.1 linked Oct  6 2020 12:04:11


 **********************************************************************************************************************************
 LABEL *   Methanol Ground State Energy with CCSD(T)-F12 and cc-pVTZ-F12                 
  64 bit serial version                                                                  DATE: 08-Oct-24          TIME: 17:30:40  
 **********************************************************************************************************************************

 SHA1:             8c27446f6450a7499e38f603e13c65f775101d37
 **********************************************************************************************************************************

 Memory per process:       500 MW
 Total memory per node:    500 MW

 GA preallocation disabled
 GA check disabled

 Variable memory set to 500.0 MW

 SETTING RCO            =         1.42077677                                  
 SETTING ROH            =         0.96013932                                  
 SETTING RCH1           =         1.09171752                                  
 SETTING RCH2           =         1.08440070                                  
 SETTING RCH3           =         1.09171752                                  
 SETTING ACOH           =       108.12930637                                  
 SETTING AOCH1          =       111.65221523                                  
 SETTING AOCH2          =       107.93733878                                  
 SETTING AOCH3          =       111.65221523                                  
 SETTING AHH1           =        61.43364279                                  
 SETTING AHH2           =       180.00000000                                  
 SETTING AHH3           =       298.56635721                                  
 SETTING BASIS          =    CC-PVTZ-F12


 Recomputing integrals since basis changed


 Using spherical harmonics

 Library entry C      S cc-pVTZ-F12          selected for orbital group  1
 Library entry C      P cc-pVTZ-F12          selected for orbital group  1
 Library entry C      D cc-pVTZ-F12          selected for orbital group  1
 Library entry C      F cc-pVTZ-F12          selected for orbital group  1
 Library entry O      S cc-pVTZ-F12          selected for orbital group  2
 Library entry O      P cc-pVTZ-F12          selected for orbital group  2
 Library entry O      D cc-pVTZ-F12          selected for orbital group  2
 Library entry O      F cc-pVTZ-F12          selected for orbital group  2
 Library entry H      S cc-pVTZ-F12          selected for orbital group  3
 Library entry H      P cc-pVTZ-F12          selected for orbital group  3
 Library entry H      D cc-pVTZ-F12          selected for orbital group  3


 PROGRAM * SEWARD (Integral evaluation for generally contracted gaussian basis sets)     Author: Roland Lindh, 1990

 Geometry written to block  1 of record 700

 Orientation using atomic masses  
 Molecule type: Asymmetric top
 Symmetry elements: X
 Rotational constants:      23.9362824     24.7719779    129.1148625 GHz  (calculated with average atomic masses)

 Point group  Cs  



 ATOMIC COORDINATES

 NR  ATOM    CHARGE       X              Y              Z

   1  C       6.00    0.000000000    0.025535181   -1.375790778
   2  O       8.00    0.000000000   -0.122963767    1.304978365
   3  H       1.00    0.000000000    1.567498078    1.964059090
   4  H1      1.00    1.684053272    0.983126762   -2.085118853
   5  H3      1.00   -1.684053272    0.983126762   -2.085118853
   6  H2      1.00    0.000000000   -1.886189800   -2.113768819

 Bond lengths in Bohr (Angstrom)

 1-2  2.684878979  1-4  2.063047110  1-5  2.063047110  1-6  2.049220337  2-3  1.814400356
     ( 1.420776770)     ( 1.091717516)     ( 1.091717516)     ( 1.084400703)     ( 0.960139320)

 Bond angles

  1-2-3  108.12930637   2-1-4  111.65221523   2-1-5  111.65221523   2-1-6  107.93733878

  4-1-5  109.43105099   4-1-6  108.01098985   5-1-6  108.01098985

 NUCLEAR CHARGE:                   18
 NUMBER OF PRIMITIVE AOS:         228
 NUMBER OF SYMMETRY AOS:          206
 NUMBER OF CONTRACTIONS:          178   (  114A'  +   64A"  )
 NUMBER OF INNER CORE ORBITALS:     0   (    0A'  +    0A"  )
 NUMBER OF OUTER CORE ORBITALS:     2   (    2A'  +    0A"  )
 NUMBER OF VALENCE ORBITALS:       12   (    9A'  +    3A"  )


 NUCLEAR REPULSION ENERGY   40.33681180

 Eigenvalues of metric

         1 0.880E-04 0.184E-03 0.309E-03 0.460E-03 0.493E-03 0.560E-03 0.617E-03 0.621E-03
         2 0.323E-03 0.570E-03 0.686E-03 0.178E-02 0.340E-02 0.494E-02 0.635E-02 0.870E-02


 Contracted 2-electron integrals neglected if value below      1.0D-11
 AO integral compression algorithm  1   Integral accuracy      1.0D-11

     331.612 MB (compressed) written to integral file ( 53.5%)


 NUMBER OF SORTED TWO-ELECTRON INTEGRALS:   64554730.     BUFFER LENGTH:  32768
 NUMBER OF SEGMENTS:   5  SEGMENT LENGTH:   15997996      RECORD LENGTH: 524288

 Memory used in sort:      16.56 MW

 SORT1 READ    77497885. AND WROTE    63553576. INTEGRALS IN    184 RECORDS. CPU TIME:     1.23 SEC, REAL TIME:     8.13 SEC
 SORT2 READ    63553576. AND WROTE    64554730. INTEGRALS IN   1265 RECORDS. CPU TIME:     1.32 SEC, REAL TIME:    16.34 SEC

 FILE SIZES:   FILE 1:   362.5 MBYTE,  FILE 4:   771.8 MBYTE,   TOTAL:   1134.3 MBYTE

 OPERATOR DM      FOR CENTER  0  COORDINATES:    0.000000    0.000000    0.000000


 **********************************************************************************************************************************
 DATASETS  * FILE   NREC   LENGTH (MB)   RECORD NAMES
              1      19      311.87       500      610      700      900      950      970     1000      129      960     1100   
                                          VAR    BASINP    GEOM    SYMINP    ZMAT    AOBASIS   BASIS     P2S    ABASIS      S 
                                         1400     1410     1200     1210     1080     1600     1650     1300     1700   
                                           T        V       H0       H01     AOSYM     SMH    MOLCAS    ERIS     OPER   

 PROGRAMS   *        TOTAL       INT
 CPU TIMES  *         6.42      6.29
 REAL TIME  *        44.28 SEC
 DISK USED  *         1.13 GB
 **********************************************************************************************************************************


 PROGRAM * RHF-SCF (CLOSED SHELL)       Authors: W. Meyer, H.-J. Werner


 NUMBER OF ELECTRONS:       9+    9-
 CONVERGENCE THRESHOLDS:    1.00E-05 (Density)    1.00E-07 (Energy)
 MAX. NUMBER OF ITERATIONS:       60
 INTERPOLATION TYPE:            DIIS
 INTERPOLATION STEPS:              2 (START)      1 (STEP)
 LEVEL SHIFTS:                  0.00 (CLOSED)  0.00 (OPEN) 



 Orbital guess generated from atomic densities. Full valence occupancy:   11   3

 Molecular orbital dump at record        2100.2

 Initial occupancy:   7   2

 ITERATION    DDIFF          GRAD             ENERGY        2-EL.EN.            DIPOLE MOMENTS         DIIS   ORB.
    1      0.000D+00      0.000D+00      -115.06239920    164.461146    0.00000    0.90298   -0.47875    0    start
    2      0.000D+00      0.667D-02      -115.09072386    161.884632    0.00000    0.49687   -0.30470    1    diag
    3      0.652D-02      0.365D-02      -115.09817477    163.145280    0.00000    0.59962   -0.39747    2    diag
    4      0.221D-02      0.721D-03      -115.09870704    162.968539    0.00000    0.59448   -0.39281    3    diag
    5      0.594D-03      0.145D-03      -115.09874140    162.979976    0.00000    0.59050   -0.39758    4    diag
    6      0.166D-03      0.270D-04      -115.09874295    162.977772    0.00000    0.59064   -0.39834    5    diag
    7      0.476D-04      0.572D-05      -115.09874303    162.977378    0.00000    0.59046   -0.39861    6    diag
    8      0.119D-04      0.151D-05      -115.09874303    162.977733    0.00000    0.59044   -0.39864    7    diag
    9      0.236D-05      0.474D-06      -115.09874303    162.977567    0.00000    0.59043   -0.39864    0    orth

 Final occupancy:   7   2

 !RHF STATE  1.1 Energy              -115.098743030885
 Nuclear energy                        40.33681180
 One-electron energy                 -236.92433856
 Two-electron energy                   81.48878373
 Virial quotient                       -1.00103197
 !RHF STATE  1.1 Dipole moment          0.00000000     0.59042918    -0.39863998
 Dipole moment /Debye                   0.00000000     1.50062300    -1.01317540

 Orbital energies:

         1.1          2.1          3.1          4.1          5.1          6.1          7.1          8.1          9.1
    -20.556581   -11.269825    -1.356987    -0.926580    -0.690496    -0.595283    -0.503798     0.054650     0.064939

         1.2          2.2          3.2          4.2
     -0.621579    -0.452257     0.073803     0.181468


 HOMO      2.2    -0.452257 =     -12.3065eV
 LUMO      8.1     0.054650 =       1.4871eV
 LUMO-HOMO         0.506907 =      13.7936eV


 **********************************************************************************************************************************
 DATASETS  * FILE   NREC   LENGTH (MB)   RECORD NAMES
              1      19      311.87       500      610      700      900      950      970     1000      129      960     1100   
                                          VAR    BASINP    GEOM    SYMINP    ZMAT    AOBASIS   BASIS     P2S    ABASIS      S 
                                         1400     1410     1200     1210     1080     1600     1650     1300     1700   
                                           T        V       H0       H01     AOSYM     SMH    MOLCAS    ERIS     OPER   

              2       4        3.18       700     1000      520     2100   
                                         GEOM     BASIS   MCVARS     RHF  

 PROGRAMS   *        TOTAL    HF-SCF       INT
 CPU TIMES  *         9.42      3.00      6.29
 REAL TIME  *        49.64 SEC
 DISK USED  *         1.13 GB
 **********************************************************************************************************************************


 PROGRAM * MP2 (Closed-shell)     Authors: C. Hampel, H.-J. Werner, 1991, M. Deegan, P.J. Knowles, 1992

                                   MP2-F12 implementation by H.-J. Werner, 2007

                   Density fitting integral evaluation by F.R. Manby, 2003,2007, G. Knizia, 2010


 Basis set AUG-CC-PVTZ/JKFIT generated.  Number of basis functions:   392 
 Basis set CC-PVTZ-F12/OPTRI generated.  Number of basis functions:   314 
 Basis set AUG-CC-PVTZ/MP2FIT generated. Number of basis functions:   396 

 Convergence thresholds:  THRVAR = 1.00D-08  THRDEN = 1.00D-06

 Number of core orbitals:           2 (   2   0 )
 Number of closed-shell orbitals:   7 (   5   2 )
 Number of external orbitals:     169 ( 107  62 )

 Molecular orbitals read from record     2100.2  Type=RHF/CANONICAL (state 1.1)

 MP2-F12 correlation treatment (H.-J. Werner, 2006)
 ==================================================

 Using MP2-F12 with ansatz 3C(FIX)

 Using projected zeroth-order Hamiltonian (+Z)

 FOCKRIB=T FOCKRIC=T FOCKRIP=T CABSP=T CABSA=T CABSK=T CABSF=T GBC=F EBC=F DMAT=T NOFIK=T NOPAO=1 SOLVE=-1  USEPAO=0
 EXCH_A= T EXCH_B= F EXCH_C= F EXCH_P= F

 Geminal basis:    OPTFULL  GEM_TYPE=SLATER  BETA=1.0  NGEM=6

 Optimizing Gaussian exponents for each gem_beta

 Geminal optimization for beta= 1.0000
 Weight function:   m=0, omega= 1.4646

 Augmented Hessian optimization of geminal fit. Trust ratio= 0.40000
 Convergence reached after   2 iterations. Final gradient= 8.66D-16, Step= 4.23D-06, Delta= 1.28D-09

 Alpha:                 0.19532     0.81920     2.85917     9.50073    35.69989   197.79328
 Coeff:                 0.27070     0.30552     0.18297     0.10986     0.06810     0.04224


 Symmetry turned off. Reference energy:       -115.098743030885

 All pairs explicitly correlated. Number of r12-pairs:           28

 Excluding core orbitals from MO domains

 AO(A)-basis ORBITAL           loaded. Number of functions:     178
 RI(R)-basis CC-PVTZ-F12/OPTRI loaded. Number of functions:     314
 DF-basis AUG-CC-PVTZ/JKFIT    loaded. Number of functions:     392

 Screening thresholds:   THRAO=  1.00D-10  THRMO=  1.00D-09  THRPROD=  1.00D-09
                         THRSW=  1.00D-05  THROV=  1.00D-12  THRAOF12= 1.00D-08

 CPU time for Fock operators                      5.48 sec

 Construction of ABS:
 Smallest eigenvalue of S          4.35E-04  (threshold= 1.00E-08)
 Ratio eigmin/eigmax               5.56E-05  (threshold= 1.00E-09)
 Smallest eigenvalue of S kept     4.35E-04  (threshold= 4.35E-04, 0 functions deleted, 314 kept)

 Construction of CABS:
 Smallest eigenvalue of S          7.25E-07  (threshold= 1.00E-08)
 Ratio eigmin/eigmax               7.25E-07  (threshold= 1.00E-09)
 Smallest eigenvalue of S kept     7.25E-07  (threshold= 7.25E-07, 0 functions deleted, 314 kept)

 CPU time for CABS singles                        0.04 sec

 CABS-singles contribution of  -0.00135426 patched into reference energy.
 New reference energy        -115.10009729

 AO(A)-basis ORBITAL           loaded. Number of functions:     178
 RI(R)-basis CC-PVTZ-F12/OPTRI loaded. Number of functions:     314
 DF-basis AUG-CC-PVTZ/MP2FIT   loaded. Number of functions:     396

 Screening thresholds:   THRAO=  1.00D-10  THRMO=  1.00D-09  THRPROD=  1.00D-09
                         THRSW=  1.00D-05  THROV=  1.00D-12  THRAOF12= 1.00D-08

 CPU time for 3-index integral evaluation         3.35 sec
 CPU time for first  half transformation          0.27 sec ( 9144.6 MFLOP/sec)
 CPU time for sorting                             0.02 sec
 CPU time for fitting                             0.02 sec (56971.3 MFLOP/sec)
 CPU time for tilde quantities                    0.03 sec (50348.4 MFLOP/sec)
 CPU time for assembly                            0.20 sec (61768.0 MFLOP/sec)
 CPU time for tranop_f12                          0.26 sec (61000.9 MFLOP/sec)
 CPU time for f12 integrals (total)               7.08 sec, Elapsed time:      7.80 sec
 CPU time for f12 matrices (total)                0.10 sec, Elapsed time:      0.14 sec

 Diagonal F12 approximation with fixed coefficients:  TSING= 0.500,  TTRIP= 0.250 (scaled by -1/beta)

 DF-MP2-F12 energy corrections:
 ==============================
 Approx.                                    Singlet             Triplet             Total
 DF-MP2-F12/3*C(DX,FIX)                -0.038285691712     -0.004211890949     -0.042497582661
 DF-MP2-F12/3*C(FIX)                   -0.036087470931     -0.003930155959     -0.040017626889
 DF-MP2-F12/3C(FIX)                    -0.036030074289     -0.004065065160     -0.040095139449

 DF-MP2-F12 correlation energies:
 ================================
 Approx.                                    Singlet             Triplet             Ecorr            Total Energy
 DF-MP2                                -0.291083664652     -0.152359156069     -0.443442820721   -115.543540113270
 DF-MP2-F12/3*C(DX,FIX)                -0.329369356364     -0.156571047018     -0.485940403382   -115.586037695931
 DF-MP2-F12/3*C(FIX)                   -0.327171135583     -0.156289312028     -0.483460447610   -115.583557740160
 DF-MP2-F12/3C(FIX)                    -0.327113738941     -0.156424221229     -0.483537960170   -115.583635252719

 SCS-DF-MP2 energies (F_SING= 1.20000  F_TRIP= 0.62222  F_PARALLEL= 0.33333):
 ============================================================================
 SCS-DF-MP2                            -0.444101650248   -115.544198942797
 SCS-DF-MP2-F12/3*C(DX,FIX)            -0.492665212448   -115.592762504998
 SCS-DF-MP2-F12/3*C(FIX)               -0.489852045739   -115.589949338288
 SCS-DF-MP2-F12/3C(FIX)                -0.489867113272   -115.589964405821

 Symmetry restored.
 Symmetry transformation completed.

 Number of N-1 electron functions:               7
 Number of N-2 electron functions:              28
 Number of singly external CSFs:               659
 Number of doubly external CSFs:            355020
 Total number of CSFs:                      355680

 Length of J-op  integral file:             103.49 MB
 Length of K-op  integral file:             127.95 MB

 Integral transformation finished. Total CPU:   0.49 sec, npass=  1  Memory used:   0.67 MW

 ITER.      SQ.NORM     CORR.ENERGY   TOTAL ENERGY   ENERGY CHANGE     VAR   MIC
   1      1.00000000    -0.44350923  -115.54360652    -0.44350923  0.00D+00   0
   2      1.11473191    -0.44350923  -115.54360652    -0.00000000  0.75D-15   0

 Solving MP2-F12 equations

   1      1.11469554    -0.48284643  -115.58294373    -0.03933721 -0.37D-04   0
   2      1.11469554    -0.48360297  -115.58370026    -0.00075653 -0.61D-18   0
   3      1.11469554    -0.48360297  -115.58370026    -0.00000000  0.94D-19   0

 CPU TIME FOR ITERATIVE MP2:    0.03 SEC


 MP2-F12 energy corrections:
 ===========================
 Approx.                                    Singlet             Triplet             Total
 MP2-F12/3*C(DX,FIX)                   -0.038285691712     -0.004211890949     -0.042497582661
 MP2-F12/3*C(FIX)                      -0.036087470931     -0.003930155959     -0.040017626889
 MP2-F12/3C(FIX)                       -0.036027378372     -0.004066363702     -0.040093742073

 MP2-F12 correlation energies:
 =============================
 Approx.                                    Singlet             Triplet             Ecorr            Total Energy
 MP2                                   -0.291266972985     -0.152242252709     -0.443509225694   -115.543606518243
 MP2-F12/3*C(DX,FIX)                   -0.329552664697     -0.156454143658     -0.486006808355   -115.586104100904
 MP2-F12/3*C(FIX)                      -0.327354443916     -0.156172408667     -0.483526852583   -115.583624145133
 MP2-F12/3C(FIX)                       -0.327294351357     -0.156308616410     -0.483602967767   -115.583700260317

 SCS-MP2 energies (F_SING= 1.20000  F_TRIP= 0.62222  F_PARALLEL= 0.33333):
 =========================================================================
 SCS-MP2                               -0.444248880379   -115.544346172928
 SCS-MP2-F12/3*C(DX,FIX)               -0.492812442579   -115.592909735129
 SCS-MP2-F12/3*C(FIX)                  -0.489999275870   -115.590096568419
 SCS-MP2-F12/3C(FIX)                   -0.490011916284   -115.590109208833


  Reference energy                   -115.098743030885
  F12 singles correction               -0.001354261665

 F12 singles corrections added to reference energy

  New reference energy               -115.100097292549

  F12/3C(F) singlet correction         -0.036027378372
  F12/3C(F) triplet correction         -0.004066363702
  F12/3C(F) total correction           -0.040093742073
  MP2-F12/3C(F) singlet pair energy    -0.327294351357
  MP2-F12/3C(F) triplet pair energy    -0.156308616410
  MP2-F12/3C(F) correlation energy     -0.483602967767

 !MP2-F12/3C(F) total energy         -115.583700260317


 **********************************************************************************************************************************
 DATASETS  * FILE   NREC   LENGTH (MB)   RECORD NAMES
              1      20      317.62       500      610      700      900      950      970     1000      129      960     1100   
                                          VAR    BASINP    GEOM    SYMINP    ZMAT    AOBASIS   BASIS     P2S    ABASIS      S 
                                         1400     1410     1200     1210     1080     1600     1650     1300     1700     1380   
                                           T        V       H0       H01     AOSYM     SMH    MOLCAS    ERIS     OPER     JKOP   

              2       7        3.55       700     1000      520     2100     7360     7350     7000   
                                         GEOM     BASIS   MCVARS     RHF    F12ABS    EF12   

 PROGRAMS   *        TOTAL   MP2-F12    HF-SCF       INT
 CPU TIMES  *        22.89     13.46      3.00      6.29
 REAL TIME  *        67.36 SEC
 DISK USED  *         1.13 GB
 **********************************************************************************************************************************


 PROGRAM * CCSD (Closed-shell coupled cluster)     Authors: C. Hampel, H.-J. Werner, 1991, M. Deegan, P.J. Knowles, 1992

                                  CCSD-F12 implementation by  H.-J. Werner, 2007

                   Density fitting integral evaluation by F.R. Manby, 2003,2007, G. Knizia, 2010



 Convergence thresholds:  THRVAR = 1.00D-08  THRDEN = 1.00D-06

 CCSD(T)     terms to be evaluated (factor= 1.000)


 Number of core orbitals:           2 (   2   0 )
 Number of closed-shell orbitals:   7 (   5   2 )
 Number of external orbitals:     169 ( 107  62 )

 Molecular orbitals read from record     2100.2  Type=RHF/CANONICAL (state 1.1)

 MP2-F12 correlation treatment (H.-J. Werner, 2006)
 ==================================================

 Using MP2-F12 with ansatz 3C(FIX)

 Using projected zeroth-order Hamiltonian (+Z)

 FOCKRIB=T FOCKRIC=T FOCKRIP=T CABSP=T CABSA=T CABSK=T CABSF=T GBC=F EBC=F DMAT=T NOFIK=T NOPAO=1 SOLVE=-1  USEPAO=0
 EXCH_A= T EXCH_B= F EXCH_C= F EXCH_P= F

 Geminal basis:    OPTFULL  GEM_TYPE=SLATER  BETA=1.0  NGEM=6

 Optimizing Gaussian exponents for each gem_beta

 Geminal optimization for beta= 1.0000
 Weight function:   m=0, omega= 1.4646

 Augmented Hessian optimization of geminal fit. Trust ratio= 0.40000
 Convergence reached after   2 iterations. Final gradient= 8.66D-16, Step= 4.23D-06, Delta= 1.28D-09

 Alpha:                 0.19532     0.81920     2.85917     9.50073    35.69989   197.79328
 Coeff:                 0.27070     0.30552     0.18297     0.10986     0.06810     0.04224


 Symmetry turned off. Reference energy:       -115.098743030885

 All pairs explicitly correlated. Number of r12-pairs:           28

 Excluding core orbitals from MO domains

 AO(A)-basis ORBITAL           loaded. Number of functions:     178
 RI(R)-basis CC-PVTZ-F12/OPTRI loaded. Number of functions:     314
 DF-basis AUG-CC-PVTZ/JKFIT    loaded. Number of functions:     392

 Screening thresholds:   THRAO=  1.00D-10  THRMO=  1.00D-09  THRPROD=  1.00D-09
                         THRSW=  1.00D-05  THROV=  1.00D-12  THRAOF12= 1.00D-08

 CPU time for Fock operators                      5.41 sec

 Construction of ABS:
 Smallest eigenvalue of S          4.35E-04  (threshold= 1.00E-08)
 Ratio eigmin/eigmax               5.56E-05  (threshold= 1.00E-09)
 Smallest eigenvalue of S kept     4.35E-04  (threshold= 4.35E-04, 0 functions deleted, 314 kept)

 Construction of CABS:
 Smallest eigenvalue of S          7.25E-07  (threshold= 1.00E-08)
 Ratio eigmin/eigmax               7.25E-07  (threshold= 1.00E-09)
 Smallest eigenvalue of S kept     7.25E-07  (threshold= 7.25E-07, 0 functions deleted, 314 kept)

 CPU time for CABS singles                        0.04 sec

 CABS-singles contribution of  -0.00135426 patched into reference energy.
 New reference energy        -115.10009729

 AO(A)-basis ORBITAL           loaded. Number of functions:     178
 RI(R)-basis CC-PVTZ-F12/OPTRI loaded. Number of functions:     314
 DF-basis AUG-CC-PVTZ/MP2FIT   loaded. Number of functions:     396

 Screening thresholds:   THRAO=  1.00D-10  THRMO=  1.00D-09  THRPROD=  1.00D-09
                         THRSW=  1.00D-05  THROV=  1.00D-12  THRAOF12= 1.00D-08

 CPU time for 3-index integral evaluation         3.30 sec
 CPU time for first  half transformation          0.32 sec ( 7715.8 MFLOP/sec)
 CPU time for sorting                             0.01 sec
 CPU time for fitting                             0.03 sec (37980.8 MFLOP/sec)
 CPU time for tilde quantities                    0.03 sec (50348.4 MFLOP/sec)
 CPU time for assembly                            0.19 sec (65018.9 MFLOP/sec)
 CPU time for tranop_f12                          0.28 sec (56643.7 MFLOP/sec)
 CPU time for f12 integrals (total)               7.03 sec, Elapsed time:      7.53 sec
 CPU time for f12 matrices (total)                0.11 sec, Elapsed time:      0.15 sec

 Diagonal F12 approximation with fixed coefficients:  TSING= 0.500,  TTRIP= 0.250 (scaled by -1/beta)

 DF-MP2-F12 energy corrections:
 ==============================
 Approx.                                    Singlet             Triplet             Total
 DF-MP2-F12/3*C(DX,FIX)                -0.038285691712     -0.004211890949     -0.042497582661
 DF-MP2-F12/3*C(FIX)                   -0.036087470931     -0.003930155959     -0.040017626889
 DF-MP2-F12/3C(FIX)                    -0.036030074289     -0.004065065160     -0.040095139449

 DF-MP2-F12 correlation energies:
 ================================
 Approx.                                    Singlet             Triplet             Ecorr            Total Energy
 DF-MP2                                -0.291083664652     -0.152359156069     -0.443442820721   -115.543540113270
 DF-MP2-F12/3*C(DX,FIX)                -0.329369356364     -0.156571047018     -0.485940403382   -115.586037695931
 DF-MP2-F12/3*C(FIX)                   -0.327171135583     -0.156289312028     -0.483460447610   -115.583557740160
 DF-MP2-F12/3C(FIX)                    -0.327113738941     -0.156424221229     -0.483537960170   -115.583635252719

 SCS-DF-MP2 energies (F_SING= 1.20000  F_TRIP= 0.62222  F_PARALLEL= 0.33333):
 ============================================================================
 SCS-DF-MP2                            -0.444101650248   -115.544198942797
 SCS-DF-MP2-F12/3*C(DX,FIX)            -0.492665212448   -115.592762504998
 SCS-DF-MP2-F12/3*C(FIX)               -0.489852045739   -115.589949338288
 SCS-DF-MP2-F12/3C(FIX)                -0.489867113272   -115.589964405821

 Symmetry restored.
 Symmetry transformation completed.

 Number of N-1 electron functions:               7
 Number of N-2 electron functions:              28
 Number of singly external CSFs:               659
 Number of doubly external CSFs:            355020
 Total number of CSFs:                      355680

 Length of J-op  integral file:             103.62 MB
 Length of K-op  integral file:             127.95 MB
 Length of 3-ext integral record:             0.00 MB

 Memory could be reduced to 24.20 Mwords without degradation in triples

 Integral transformation finished. Total CPU:   1.15 sec, npass=  1  Memory used:   7.45 MW

 Reference energy:                   -115.10009729

 Adding F12 terms to K(Cij), methodcc=6,  factor= 1.0

 ITER.      SQ.NORM     CORR.ENERGY   TOTAL ENERGY   ENERGY CHANGE        DEN1      VAR(S)    VAR(P)  DIIS     TIME  TIME/IT
   1      1.11762768    -0.45284972  -115.55294701    -0.00934050     0.00165661  0.15D-02  0.19D-02  1  1    14.69     0.89
   2      1.12503508    -0.45321240  -115.55330969    -0.00036267    -0.00904331  0.24D-04  0.23D-03  2  2    15.52     0.91
   3      1.12776442    -0.45338987  -115.55348716    -0.00017747    -0.00186518  0.15D-04  0.13D-04  3  3    16.37     0.92
   4      1.12871139    -0.45340780  -115.55350510    -0.00001794    -0.00059995  0.86D-06  0.12D-05  4  4    17.20     0.92
   5      1.12886695    -0.45340935  -115.55350665    -0.00000155    -0.00003791  0.23D-06  0.10D-06  5  5    18.03     0.92
   6      1.12890953    -0.45340701  -115.55350430     0.00000235    -0.00000424  0.36D-07  0.96D-08  6  6    18.87     0.92
   7      1.12892066    -0.45340613  -115.55350343     0.00000087    -0.00000299  0.40D-08  0.14D-08  6  1    19.71     0.92
   8      1.12892246    -0.45340620  -115.55350349    -0.00000006     0.00000034  0.67D-09  0.20D-09  6  3    20.54     0.92

 Norm of t1 vector:      0.05000583      S-energy:    -0.00000037      T1 diagnostic:  0.00945021
                                                                       D1 diagnostic:  0.02002520

 Adding energy correction from Wij-K(Fij), methodcc=6  factor= 1.0

  CCSD correlation energy              -0.453406195612
  MP2-F12 correction (uncoupled)       -0.038543987827
  C*T doubles correction               -0.001164566980
  f12b correction                       0.007098404043


 Total CPU time for triples:     10.95 sec


 RESULTS
 =======

  Reference energy                   -115.098743030885
  F12 singles correction               -0.001354261665

 F12 singles corrections added to reference energy

  New reference energy               -115.100097292549

  F12a singlet correction              -0.035790711420
  F12a triplet correction              -0.003917843387
  F12a total correction                -0.039708554807

 F12a corrections for ansatz F12/3C(FIX) added to CCSD energy

  CCSD-F12a singlet pair energy        -0.351197632130
  CCSD-F12a triplet pair energy        -0.141916753173
  CCSD-F12a correlation energy         -0.493114750419

  Triples (T) contribution             -0.016013301525
  Total correlation energy             -0.509128051944

  CCSD-F12a total energy             -115.593212042968
  CCSD[T]-F12a energy                -115.609778155117
  CCSD-T-F12a energy                 -115.608981768274
 !CCSD(T)-F12a total energy          -115.609225344493

 F12b corrections for ansatz F12/3C(FIX) added to CCSD(T)-F12a energy

  CCSD-F12b singlet pair energy        -0.344561249780
  CCSD-F12b triplet pair energy        -0.141454731481
  CCSD-F12b correlation energy         -0.486016346376

  Triples (T) contribution             -0.016013301525
  Total correlation energy             -0.502029647901

  CCSD-F12b total energy             -115.586113638926
  CCSD[T]-F12b energy                -115.602679751074
  CCSD-T-F12b energy                 -115.601883364231
 !CCSD(T)-F12b total energy          -115.602126940451

 Timing summary (sec):

 STEP                 CPU(USER)    SYS     CPU(TOT)    WALL
 Transformation          1.16      0.20      1.36      1.36
 CCSD iterations         6.70      0.70      7.40      7.55
 Triples                10.95      0.44     11.39     11.49
 MP2-F12                12.70      0.52     13.22     14.80
 F12b energy             0.66      0.06      0.72      0.73

 Program statistics:

 Available memory in ccsd:               499999650
 Min. memory needed in ccsd:               1149135
 Max. memory used in ccsd:                 1443104
 Max. memory used in cckext:               1888566 ( 9 integral passes)



 **********************************************************************************************************************************
 DATASETS  * FILE   NREC   LENGTH (MB)   RECORD NAMES
              1      20      386.18       500      610      700      900      950      970     1000      129      960     1100   
                                          VAR    BASINP    GEOM    SYMINP    ZMAT    AOBASIS   BASIS     P2S    ABASIS      S 
                                         1400     1410     1200     1210     1080     1600     1650     1300     1700     1380   
                                           T        V       H0       H01     AOSYM     SMH    MOLCAS    ERIS     OPER     JKOP   

              2       7        3.55       700     1000      520     2100     7360     7350     7000   
                                         GEOM     BASIS   MCVARS     RHF    F12ABS    EF12   

 PROGRAMS   *        TOTAL   CCSD(T)   MP2-F12    HF-SCF       INT
 CPU TIMES  *        55.09     32.20     13.46      3.00      6.29
 REAL TIME  *       103.69 SEC
 DISK USED  *         1.13 GB
 **********************************************************************************************************************************
 SETTING XXX            =    "MMM"
 SETTING POINT          =        78.00000000                                  

 *** ### CH3OH


 XXX       RCO          ROH          RCH1         RCH2         RCH3           ACOH           AOCH1          AOCH2          AOCH3         AHH1           AHH2           AHH3            ENERGY       POINT
 "MMM"   1.42077677   0.96013932   1.09171752   1.08440070   1.09171752   108.12930637   111.65221523   107.93733878   111.65221523   61.43364279   180.00000000   298.56635721   -115.60922534   78.0000
                                                  

 CCSD(T)-F12/cc-pVTZ-F12 energy=   -115.602126940451

     CCSD(T)-F12         MP2-F12          HF-SCF
   -115.60212694   -115.58370026   -115.09874303
 **********************************************************************************************************************************
 Molpro calculation terminated
