
 Primary working directories    : /tmpdir/job/2955583.undefined/molpro.QglgGMotz1
 Secondary working directories  : /tmpdir/job/2955583.undefined/molpro.QglgGMotz1
 Wavefunction directory         : /home/zcaposm/wfu/
 Main file repository           : /tmpdir/job/2955583.undefined/molpro.QglgGMotz1/

 id        : uclcc

 Nodes                         nprocs
 node-d00a-229.myriad.ucl.ac.uk    1

 Using customized tuning parameters: mindgm=1; mindgv=20; mindgc=4; mindgr=1; noblas=0; minvec=7
 default implementation of scratch files=df  


 Variables initialized (945), CPU time= 0.01 sec
 ***,Methanol Ground State Energy with CCSD(T)-F12 and cc-pVTZ-F12
 memory,500,m;
 
 geometry={angstrom
 c
 o , 1, rco
 h , 2, roh, 1, acoh
 h1, 1, rch1, 2, aoch1  3  ahh1
 h2, 1, rch2, 2, aoch2, 3, ahh2
 h3, 1, rch3, 2, aoch3, 3, ahh3
 }
 
                                                ! Specify the initial values of the internal coordinates (in Angstroms and degrees)
 
 rco= 1.42077677
 roh= 0.98013932
 rch1= 1.091717515605
 rch2= 1.08440070258
 rch3= 1.091717515605
 acoh= 108.12930637
 aoch1= 111.6522152299
 aoch2= 107.18733878260001
 aoch3= 111.6522152299
 ahh1=61.43364279
 ahh2=180.0
 ahh3=298.56635721
 
                                                                                 ! Use the cc-pVTZ-F12 basis set
 basis=cc-pVTZ-F12
 
 hf
 
                                                                                 ! Use explicitly correlated F12 methods
                                                                            ! First, MP2-F12 (useful for initial electronic energy)
 {mp2-f12}
 
                                                                        ! If desired, perform CCSD(T)-F12 for more accurate results
 {ccsd(t)-f12}
 
                                                                                 ! Output the energy
 xxx = "mmm"
 point = 20
 text ### CH3OH
 table,xxx,rco,roh,rch1,rch2,rch3,acoh,aoch1,aoch2,aoch3,ahh1,ahh2,ahh3,energy,point
 DIGITS, 0, 8, 8, 8, 8, 8, 8, 8, 8, 8,  8,  8,  8, 8, 4
 save,CH3OH_MEP_MP2_20.dat,new
 
 Commands  initialized (802), CPU time= 0.01 sec, 659 directives.
 Default parameters read. Elapsed time= 0.08 sec

 Checking input...
 Passed
1


                                         ***  PROGRAM SYSTEM MOLPRO  ***
                                       Copyright, TTI GmbH Stuttgart, 2015
                                    Version 2020.1 linked Oct  6 2020 12:04:11


 **********************************************************************************************************************************
 LABEL *   Methanol Ground State Energy with CCSD(T)-F12 and cc-pVTZ-F12                 
  64 bit serial version                                                                  DATE: 08-Oct-24          TIME: 17:11:38  
 **********************************************************************************************************************************

 SHA1:             8c27446f6450a7499e38f603e13c65f775101d37
 **********************************************************************************************************************************

 Memory per process:       500 MW
 Total memory per node:    500 MW

 GA preallocation disabled
 GA check disabled

 Variable memory set to 500.0 MW

 SETTING RCO            =         1.42077677                                  
 SETTING ROH            =         0.98013932                                  
 SETTING RCH1           =         1.09171752                                  
 SETTING RCH2           =         1.08440070                                  
 SETTING RCH3           =         1.09171752                                  
 SETTING ACOH           =       108.12930637                                  
 SETTING AOCH1          =       111.65221523                                  
 SETTING AOCH2          =       107.18733878                                  
 SETTING AOCH3          =       111.65221523                                  
 SETTING AHH1           =        61.43364279                                  
 SETTING AHH2           =       180.00000000                                  
 SETTING AHH3           =       298.56635721                                  
 SETTING BASIS          =    CC-PVTZ-F12


 Recomputing integrals since basis changed


 Using spherical harmonics

 Library entry C      S cc-pVTZ-F12          selected for orbital group  1
 Library entry C      P cc-pVTZ-F12          selected for orbital group  1
 Library entry C      D cc-pVTZ-F12          selected for orbital group  1
 Library entry C      F cc-pVTZ-F12          selected for orbital group  1
 Library entry O      S cc-pVTZ-F12          selected for orbital group  2
 Library entry O      P cc-pVTZ-F12          selected for orbital group  2
 Library entry O      D cc-pVTZ-F12          selected for orbital group  2
 Library entry O      F cc-pVTZ-F12          selected for orbital group  2
 Library entry H      S cc-pVTZ-F12          selected for orbital group  3
 Library entry H      P cc-pVTZ-F12          selected for orbital group  3
 Library entry H      D cc-pVTZ-F12          selected for orbital group  3


 PROGRAM * SEWARD (Integral evaluation for generally contracted gaussian basis sets)     Author: Roland Lindh, 1990

 Geometry written to block  1 of record 700

 Orientation using atomic masses  
 Molecule type: Asymmetric top
 Symmetry elements: X
 Rotational constants:      23.9055495     24.7895677    127.7564332 GHz  (calculated with average atomic masses)

 Point group  Cs  



 ATOMIC COORDINATES

 NR  ATOM    CHARGE       X              Y              Z

   1  C       6.00    0.000000000    0.026231747   -1.376983936
   2  O       8.00    0.000000000   -0.125198112    1.303621244
   3  H       1.00    0.000000000    1.599739935    1.978317177
   4  H1      1.00    1.684053272    0.984598295   -2.085264611
   5  H3      1.00   -1.684053272    0.984598295   -2.085264611
   6  H2      1.00    0.000000000   -1.894208703   -2.091975174

 Bond lengths in Bohr (Angstrom)

 1-2  2.684878979  1-4  2.063047110  1-5  2.063047110  1-6  2.049220337  2-3  1.852194879
     ( 1.420776770)     ( 1.091717516)     ( 1.091717516)     ( 1.084400703)     ( 0.980139320)

 Bond angles

  1-2-3  108.12930637   2-1-4  111.65221523   2-1-5  111.65221523   2-1-6  107.18733878

  4-1-5  109.43105099   4-1-6  108.39459424   5-1-6  108.39459424

 NUCLEAR CHARGE:                   18
 NUMBER OF PRIMITIVE AOS:         228
 NUMBER OF SYMMETRY AOS:          206
 NUMBER OF CONTRACTIONS:          178   (  114A'  +   64A"  )
 NUMBER OF INNER CORE ORBITALS:     0   (    0A'  +    0A"  )
 NUMBER OF OUTER CORE ORBITALS:     2   (    2A'  +    0A"  )
 NUMBER OF VALENCE ORBITALS:       12   (    9A'  +    3A"  )


 NUCLEAR REPULSION ENERGY   40.24060575

 Eigenvalues of metric

         1 0.881E-04 0.195E-03 0.310E-03 0.461E-03 0.496E-03 0.560E-03 0.617E-03 0.623E-03
         2 0.323E-03 0.570E-03 0.687E-03 0.178E-02 0.339E-02 0.503E-02 0.645E-02 0.940E-02


 Contracted 2-electron integrals neglected if value below      1.0D-11
 AO integral compression algorithm  1   Integral accuracy      1.0D-11

     331.612 MB (compressed) written to integral file ( 53.5%)


 NUMBER OF SORTED TWO-ELECTRON INTEGRALS:   64554730.     BUFFER LENGTH:  32768
 NUMBER OF SEGMENTS:   5  SEGMENT LENGTH:   15997996      RECORD LENGTH: 524288

 Memory used in sort:      16.56 MW

 SORT1 READ    77497885. AND WROTE    63551853. INTEGRALS IN    184 RECORDS. CPU TIME:     1.88 SEC, REAL TIME:    65.16 SEC
 SORT2 READ    63551853. AND WROTE    64554730. INTEGRALS IN   1265 RECORDS. CPU TIME:     1.36 SEC, REAL TIME:   134.60 SEC

 FILE SIZES:   FILE 1:   362.5 MBYTE,  FILE 4:   771.8 MBYTE,   TOTAL:   1134.3 MBYTE

 OPERATOR DM      FOR CENTER  0  COORDINATES:    0.000000    0.000000    0.000000


 **********************************************************************************************************************************
 DATASETS  * FILE   NREC   LENGTH (MB)   RECORD NAMES
              1      19      311.80       500      610      700      900      950      970     1000      129      960     1100   
                                          VAR    BASINP    GEOM    SYMINP    ZMAT    AOBASIS   BASIS     P2S    ABASIS      S 
                                         1400     1410     1200     1210     1080     1600     1650     1300     1700   
                                           T        V       H0       H01     AOSYM     SMH    MOLCAS    ERIS     OPER   

 PROGRAMS   *        TOTAL       INT
 CPU TIMES  *         6.87      6.76
 REAL TIME  *       272.55 SEC
 DISK USED  *         1.13 GB
 **********************************************************************************************************************************


 PROGRAM * RHF-SCF (CLOSED SHELL)       Authors: W. Meyer, H.-J. Werner


 NUMBER OF ELECTRONS:       9+    9-
 CONVERGENCE THRESHOLDS:    1.00E-05 (Density)    1.00E-07 (Energy)
 MAX. NUMBER OF ITERATIONS:       60
 INTERPOLATION TYPE:            DIIS
 INTERPOLATION STEPS:              2 (START)      1 (STEP)
 LEVEL SHIFTS:                  0.00 (CLOSED)  0.00 (OPEN) 



 Orbital guess generated from atomic densities. Full valence occupancy:   11   3

 Molecular orbital dump at record        2100.2

 Initial occupancy:   7   2

 ITERATION    DDIFF          GRAD             ENERGY        2-EL.EN.            DIPOLE MOMENTS         DIIS   ORB.
    1      0.000D+00      0.000D+00      -115.06082380    164.339905    0.00000    0.92700   -0.46102    0    start
    2      0.000D+00      0.667D-02      -115.08930776    161.714989    0.00000    0.50139   -0.29641    1    diag
    3      0.649D-02      0.369D-02      -115.09695006    163.004634    0.00000    0.60874   -0.38981    2    diag
    4      0.223D-02      0.728D-03      -115.09749773    162.824092    0.00000    0.60227   -0.38646    3    diag
    5      0.598D-03      0.149D-03      -115.09753466    162.835766    0.00000    0.59782   -0.39187    4    diag
    6      0.170D-03      0.286D-04      -115.09753644    162.833577    0.00000    0.59785   -0.39281    5    diag
    7      0.496D-04      0.643D-05      -115.09753653    162.833105    0.00000    0.59762   -0.39315    6    diag
    8      0.129D-04      0.174D-05      -115.09753654    162.833527    0.00000    0.59760   -0.39318    7    diag
    9      0.264D-05      0.537D-06      -115.09753654    162.833339    0.00000    0.59758   -0.39319    0    orth

 Final occupancy:   7   2

 !RHF STATE  1.1 Energy              -115.097536538168
 Nuclear energy                        40.24060575
 One-electron energy                 -236.75481201
 Two-electron energy                   81.41666972
 Virial quotient                       -1.00132941
 !RHF STATE  1.1 Dipole moment          0.00000000     0.59758286    -0.39319114
 Dipole moment /Debye                   0.00000000     1.51880464    -0.99932675

 Orbital energies:

         1.1          2.1          3.1          4.1          5.1          6.1          7.1          8.1          9.1
    -20.558175   -11.269542    -1.352446    -0.924433    -0.686783    -0.593661    -0.502927     0.054502     0.064903

         1.2          2.2          3.2          4.2
     -0.621174    -0.451594     0.073846     0.181515


 HOMO      2.2    -0.451594 =     -12.2885eV
 LUMO      8.1     0.054502 =       1.4831eV
 LUMO-HOMO         0.506096 =      13.7716eV


 **********************************************************************************************************************************
 DATASETS  * FILE   NREC   LENGTH (MB)   RECORD NAMES
              1      19      311.80       500      610      700      900      950      970     1000      129      960     1100   
                                          VAR    BASINP    GEOM    SYMINP    ZMAT    AOBASIS   BASIS     P2S    ABASIS      S 
                                         1400     1410     1200     1210     1080     1600     1650     1300     1700   
                                           T        V       H0       H01     AOSYM     SMH    MOLCAS    ERIS     OPER   

              2       4        3.18       700     1000      520     2100   
                                         GEOM     BASIS   MCVARS     RHF  

 PROGRAMS   *        TOTAL    HF-SCF       INT
 CPU TIMES  *        10.03      3.16      6.76
 REAL TIME  *       295.09 SEC
 DISK USED  *         1.13 GB
 **********************************************************************************************************************************


 PROGRAM * MP2 (Closed-shell)     Authors: C. Hampel, H.-J. Werner, 1991, M. Deegan, P.J. Knowles, 1992

                                   MP2-F12 implementation by H.-J. Werner, 2007

                   Density fitting integral evaluation by F.R. Manby, 2003,2007, G. Knizia, 2010


 Basis set AUG-CC-PVTZ/JKFIT generated.  Number of basis functions:   392 
 Basis set CC-PVTZ-F12/OPTRI generated.  Number of basis functions:   314 
 Basis set AUG-CC-PVTZ/MP2FIT generated. Number of basis functions:   396 

 Convergence thresholds:  THRVAR = 1.00D-08  THRDEN = 1.00D-06

 Number of core orbitals:           2 (   2   0 )
 Number of closed-shell orbitals:   7 (   5   2 )
 Number of external orbitals:     169 ( 107  62 )

 Molecular orbitals read from record     2100.2  Type=RHF/CANONICAL (state 1.1)

 MP2-F12 correlation treatment (H.-J. Werner, 2006)
 ==================================================

 Using MP2-F12 with ansatz 3C(FIX)

 Using projected zeroth-order Hamiltonian (+Z)

 FOCKRIB=T FOCKRIC=T FOCKRIP=T CABSP=T CABSA=T CABSK=T CABSF=T GBC=F EBC=F DMAT=T NOFIK=T NOPAO=1 SOLVE=-1  USEPAO=0
 EXCH_A= T EXCH_B= F EXCH_C= F EXCH_P= F

 Geminal basis:    OPTFULL  GEM_TYPE=SLATER  BETA=1.0  NGEM=6

 Optimizing Gaussian exponents for each gem_beta

 Geminal optimization for beta= 1.0000
 Weight function:   m=0, omega= 1.4646

 Augmented Hessian optimization of geminal fit. Trust ratio= 0.40000
 Convergence reached after   2 iterations. Final gradient= 8.66D-16, Step= 4.23D-06, Delta= 1.28D-09

 Alpha:                 0.19532     0.81920     2.85917     9.50073    35.69989   197.79328
 Coeff:                 0.27070     0.30552     0.18297     0.10986     0.06810     0.04224


 Symmetry turned off. Reference energy:       -115.097536538168

 All pairs explicitly correlated. Number of r12-pairs:           28

 Excluding core orbitals from MO domains

 AO(A)-basis ORBITAL           loaded. Number of functions:     178
 RI(R)-basis CC-PVTZ-F12/OPTRI loaded. Number of functions:     314
 DF-basis AUG-CC-PVTZ/JKFIT    loaded. Number of functions:     392

 Screening thresholds:   THRAO=  1.00D-10  THRMO=  1.00D-09  THRPROD=  1.00D-09
                         THRSW=  1.00D-05  THROV=  1.00D-12  THRAOF12= 1.00D-08

 CPU time for Fock operators                      5.46 sec

 Construction of ABS:
 Smallest eigenvalue of S          4.43E-04  (threshold= 1.00E-08)
 Ratio eigmin/eigmax               5.67E-05  (threshold= 1.00E-09)
 Smallest eigenvalue of S kept     4.43E-04  (threshold= 4.43E-04, 0 functions deleted, 314 kept)

 Construction of CABS:
 Smallest eigenvalue of S          7.33E-07  (threshold= 1.00E-08)
 Ratio eigmin/eigmax               7.33E-07  (threshold= 1.00E-09)
 Smallest eigenvalue of S kept     7.33E-07  (threshold= 7.33E-07, 0 functions deleted, 314 kept)

 CPU time for CABS singles                        0.04 sec

 CABS-singles contribution of  -0.00133543 patched into reference energy.
 New reference energy        -115.09887197

 AO(A)-basis ORBITAL           loaded. Number of functions:     178
 RI(R)-basis CC-PVTZ-F12/OPTRI loaded. Number of functions:     314
 DF-basis AUG-CC-PVTZ/MP2FIT   loaded. Number of functions:     396

 Screening thresholds:   THRAO=  1.00D-10  THRMO=  1.00D-09  THRPROD=  1.00D-09
                         THRSW=  1.00D-05  THROV=  1.00D-12  THRAOF12= 1.00D-08

 CPU time for 3-index integral evaluation         3.48 sec
 CPU time for first  half transformation          0.26 sec ( 9496.4 MFLOP/sec)
 CPU time for second half transformation          0.02 sec ( 3108.5 MFLOP/sec)
 CPU time for fitting                             0.02 sec (56971.3 MFLOP/sec)
 CPU time for tilde quantities                    0.02 sec (75522.6 MFLOP/sec)
 CPU time for assembly                            0.22 sec (56152.7 MFLOP/sec)
 CPU time for tranop_f12                          0.26 sec (61000.9 MFLOP/sec)
 CPU time for f12 integrals (total)               7.19 sec, Elapsed time:      7.62 sec
 CPU time for f12 matrices (total)                0.10 sec, Elapsed time:      0.14 sec

 Diagonal F12 approximation with fixed coefficients:  TSING= 0.500,  TTRIP= 0.250 (scaled by -1/beta)

 DF-MP2-F12 energy corrections:
 ==============================
 Approx.                                    Singlet             Triplet             Total
 DF-MP2-F12/3*C(DX,FIX)                -0.038233921569     -0.004203320248     -0.042437241816
 DF-MP2-F12/3*C(FIX)                   -0.036050328873     -0.003924764091     -0.039975092964
 DF-MP2-F12/3C(FIX)                    -0.035993633233     -0.004059799235     -0.040053432468

 DF-MP2-F12 correlation energies:
 ================================
 Approx.                                    Singlet             Triplet             Ecorr            Total Energy
 DF-MP2                                -0.291653854009     -0.152678700557     -0.444332554566   -115.543204523834
 DF-MP2-F12/3*C(DX,FIX)                -0.329887775578     -0.156882020805     -0.486769796383   -115.585641765650
 DF-MP2-F12/3*C(FIX)                   -0.327704182882     -0.156603464648     -0.484307647530   -115.583179616797
 DF-MP2-F12/3C(FIX)                    -0.327647487242     -0.156738499793     -0.484385987034   -115.583257956301

 SCS-DF-MP2 energies (F_SING= 1.20000  F_TRIP= 0.62222  F_PARALLEL= 0.33333):
 ============================================================================
 SCS-DF-MP2                            -0.444984705157   -115.543856674425
 SCS-DF-MP2-F12/3*C(DX,FIX)            -0.493480810305   -115.592352779573
 SCS-DF-MP2-F12/3*C(FIX)               -0.490687175240   -115.589559144507
 SCS-DF-MP2-F12/3C(FIX)                -0.490703162339   -115.589575131606

 Symmetry restored.
 Symmetry transformation completed.

 Number of N-1 electron functions:               7
 Number of N-2 electron functions:              28
 Number of singly external CSFs:               659
 Number of doubly external CSFs:            355020
 Total number of CSFs:                      355680

 Length of J-op  integral file:             103.49 MB
 Length of K-op  integral file:             127.95 MB

 Integral transformation finished. Total CPU:   0.47 sec, npass=  1  Memory used:   0.67 MW

 ITER.      SQ.NORM     CORR.ENERGY   TOTAL ENERGY   ENERGY CHANGE     VAR   MIC
   1      1.00000000    -0.44439914  -115.54327111    -0.44439914  0.00D+00   0
   2      1.11549941    -0.44439914  -115.54327111     0.00000000 -0.65D-16   0

 Solving MP2-F12 equations

   1      1.11546271    -0.48369531  -115.58256728    -0.03929617 -0.37D-04   0
   2      1.11546271    -0.48445112  -115.58332309    -0.00075581  0.27D-18   0
   3      1.11546271    -0.48445112  -115.58332309     0.00000000 -0.24D-18   0

 CPU TIME FOR ITERATIVE MP2:    0.04 SEC


 MP2-F12 energy corrections:
 ===========================
 Approx.                                    Singlet             Triplet             Total
 MP2-F12/3*C(DX,FIX)                   -0.038233921569     -0.004203320248     -0.042437241816
 MP2-F12/3*C(FIX)                      -0.036050328873     -0.003924764091     -0.039975092964
 MP2-F12/3C(FIX)                       -0.035990928044     -0.004061052796     -0.040051980840

 MP2-F12 correlation energies:
 =============================
 Approx.                                    Singlet             Triplet             Ecorr            Total Energy
 MP2                                   -0.291837199251     -0.152561942588     -0.444399141838   -115.543271111106
 MP2-F12/3*C(DX,FIX)                   -0.330071120819     -0.156765262835     -0.486836383655   -115.585708352922
 MP2-F12/3*C(FIX)                      -0.327887528124     -0.156486706678     -0.484374234802   -115.583246204070
 MP2-F12/3C(FIX)                       -0.327828127295     -0.156622995384     -0.484451122678   -115.583323091946

 SCS-MP2 energies (F_SING= 1.20000  F_TRIP= 0.62222  F_PARALLEL= 0.33333):
 =========================================================================
 SCS-MP2                               -0.445132070044   -115.544004039312
 SCS-MP2-F12/3*C(DX,FIX)               -0.493628175192   -115.592500144459
 SCS-MP2-F12/3*C(FIX)                  -0.490834540126   -115.589706509394
 SCS-MP2-F12/3C(FIX)                   -0.490848060992   -115.589720030260


  Reference energy                   -115.097536538168
  F12 singles correction               -0.001335431100

 F12 singles corrections added to reference energy

  New reference energy               -115.098871969267

  F12/3C(F) singlet correction         -0.035990928044
  F12/3C(F) triplet correction         -0.004061052796
  F12/3C(F) total correction           -0.040051980840
  MP2-F12/3C(F) singlet pair energy    -0.327828127295
  MP2-F12/3C(F) triplet pair energy    -0.156622995384
  MP2-F12/3C(F) correlation energy     -0.484451122678

 !MP2-F12/3C(F) total energy         -115.583323091946


 **********************************************************************************************************************************
 DATASETS  * FILE   NREC   LENGTH (MB)   RECORD NAMES
              1      20      317.54       500      610      700      900      950      970     1000      129      960     1100   
                                          VAR    BASINP    GEOM    SYMINP    ZMAT    AOBASIS   BASIS     P2S    ABASIS      S 
                                         1400     1410     1200     1210     1080     1600     1650     1300     1700     1380   
                                           T        V       H0       H01     AOSYM     SMH    MOLCAS    ERIS     OPER     JKOP   

              2       7        3.55       700     1000      520     2100     7360     7350     7000   
                                         GEOM     BASIS   MCVARS     RHF    F12ABS    EF12   

 PROGRAMS   *        TOTAL   MP2-F12    HF-SCF       INT
 CPU TIMES  *        23.55     13.51      3.16      6.76
 REAL TIME  *       310.33 SEC
 DISK USED  *         1.13 GB
 **********************************************************************************************************************************


 PROGRAM * CCSD (Closed-shell coupled cluster)     Authors: C. Hampel, H.-J. Werner, 1991, M. Deegan, P.J. Knowles, 1992

                                  CCSD-F12 implementation by  H.-J. Werner, 2007

                   Density fitting integral evaluation by F.R. Manby, 2003,2007, G. Knizia, 2010



 Convergence thresholds:  THRVAR = 1.00D-08  THRDEN = 1.00D-06

 CCSD(T)     terms to be evaluated (factor= 1.000)


 Number of core orbitals:           2 (   2   0 )
 Number of closed-shell orbitals:   7 (   5   2 )
 Number of external orbitals:     169 ( 107  62 )

 Molecular orbitals read from record     2100.2  Type=RHF/CANONICAL (state 1.1)

 MP2-F12 correlation treatment (H.-J. Werner, 2006)
 ==================================================

 Using MP2-F12 with ansatz 3C(FIX)

 Using projected zeroth-order Hamiltonian (+Z)

 FOCKRIB=T FOCKRIC=T FOCKRIP=T CABSP=T CABSA=T CABSK=T CABSF=T GBC=F EBC=F DMAT=T NOFIK=T NOPAO=1 SOLVE=-1  USEPAO=0
 EXCH_A= T EXCH_B= F EXCH_C= F EXCH_P= F

 Geminal basis:    OPTFULL  GEM_TYPE=SLATER  BETA=1.0  NGEM=6

 Optimizing Gaussian exponents for each gem_beta

 Geminal optimization for beta= 1.0000
 Weight function:   m=0, omega= 1.4646

 Augmented Hessian optimization of geminal fit. Trust ratio= 0.40000
 Convergence reached after   2 iterations. Final gradient= 8.66D-16, Step= 4.23D-06, Delta= 1.28D-09

 Alpha:                 0.19532     0.81920     2.85917     9.50073    35.69989   197.79328
 Coeff:                 0.27070     0.30552     0.18297     0.10986     0.06810     0.04224


 Symmetry turned off. Reference energy:       -115.097536538168

 All pairs explicitly correlated. Number of r12-pairs:           28

 Excluding core orbitals from MO domains

 AO(A)-basis ORBITAL           loaded. Number of functions:     178
 RI(R)-basis CC-PVTZ-F12/OPTRI loaded. Number of functions:     314
 DF-basis AUG-CC-PVTZ/JKFIT    loaded. Number of functions:     392

 Screening thresholds:   THRAO=  1.00D-10  THRMO=  1.00D-09  THRPROD=  1.00D-09
                         THRSW=  1.00D-05  THROV=  1.00D-12  THRAOF12= 1.00D-08

 CPU time for Fock operators                      5.35 sec

 Construction of ABS:
 Smallest eigenvalue of S          4.43E-04  (threshold= 1.00E-08)
 Ratio eigmin/eigmax               5.67E-05  (threshold= 1.00E-09)
 Smallest eigenvalue of S kept     4.43E-04  (threshold= 4.43E-04, 0 functions deleted, 314 kept)

 Construction of CABS:
 Smallest eigenvalue of S          7.33E-07  (threshold= 1.00E-08)
 Ratio eigmin/eigmax               7.33E-07  (threshold= 1.00E-09)
 Smallest eigenvalue of S kept     7.33E-07  (threshold= 7.33E-07, 0 functions deleted, 314 kept)

 CPU time for CABS singles                        0.04 sec

 CABS-singles contribution of  -0.00133543 patched into reference energy.
 New reference energy        -115.09887197

 AO(A)-basis ORBITAL           loaded. Number of functions:     178
 RI(R)-basis CC-PVTZ-F12/OPTRI loaded. Number of functions:     314
 DF-basis AUG-CC-PVTZ/MP2FIT   loaded. Number of functions:     396

 Screening thresholds:   THRAO=  1.00D-10  THRMO=  1.00D-09  THRPROD=  1.00D-09
                         THRSW=  1.00D-05  THROV=  1.00D-12  THRAOF12= 1.00D-08

 CPU time for 3-index integral evaluation         3.31 sec
 CPU time for first  half transformation          0.34 sec ( 7261.9 MFLOP/sec)
 CPU time for second half transformation          0.01 sec ( 6217.0 MFLOP/sec)
 CPU time for sorting                             0.02 sec
 CPU time for fitting                             0.01 sec (******* MFLOP/sec)
 CPU time for tilde quantities                    0.03 sec (50348.4 MFLOP/sec)
 CPU time for assembly                            0.19 sec (65018.9 MFLOP/sec)
 CPU time for tranop_f12                          0.29 sec (54690.4 MFLOP/sec)
 CPU time for f12 integrals (total)               7.04 sec, Elapsed time:      7.45 sec
 CPU time for f12 matrices (total)                0.10 sec, Elapsed time:      0.14 sec

 Diagonal F12 approximation with fixed coefficients:  TSING= 0.500,  TTRIP= 0.250 (scaled by -1/beta)

 DF-MP2-F12 energy corrections:
 ==============================
 Approx.                                    Singlet             Triplet             Total
 DF-MP2-F12/3*C(DX,FIX)                -0.038233921569     -0.004203320248     -0.042437241816
 DF-MP2-F12/3*C(FIX)                   -0.036050328873     -0.003924764091     -0.039975092964
 DF-MP2-F12/3C(FIX)                    -0.035993633233     -0.004059799235     -0.040053432468

 DF-MP2-F12 correlation energies:
 ================================
 Approx.                                    Singlet             Triplet             Ecorr            Total Energy
 DF-MP2                                -0.291653854009     -0.152678700557     -0.444332554566   -115.543204523834
 DF-MP2-F12/3*C(DX,FIX)                -0.329887775578     -0.156882020805     -0.486769796383   -115.585641765650
 DF-MP2-F12/3*C(FIX)                   -0.327704182882     -0.156603464648     -0.484307647530   -115.583179616797
 DF-MP2-F12/3C(FIX)                    -0.327647487242     -0.156738499793     -0.484385987034   -115.583257956301

 SCS-DF-MP2 energies (F_SING= 1.20000  F_TRIP= 0.62222  F_PARALLEL= 0.33333):
 ============================================================================
 SCS-DF-MP2                            -0.444984705157   -115.543856674425
 SCS-DF-MP2-F12/3*C(DX,FIX)            -0.493480810305   -115.592352779573
 SCS-DF-MP2-F12/3*C(FIX)               -0.490687175240   -115.589559144507
 SCS-DF-MP2-F12/3C(FIX)                -0.490703162339   -115.589575131606

 Symmetry restored.
 Symmetry transformation completed.

 Number of N-1 electron functions:               7
 Number of N-2 electron functions:              28
 Number of singly external CSFs:               659
 Number of doubly external CSFs:            355020
 Total number of CSFs:                      355680

 Length of J-op  integral file:             103.62 MB
 Length of K-op  integral file:             127.95 MB
 Length of 3-ext integral record:             0.00 MB

 Memory could be reduced to 24.20 Mwords without degradation in triples

 Integral transformation finished. Total CPU:   1.24 sec, npass=  1  Memory used:   7.45 MW

 Reference energy:                   -115.09887197

 Adding F12 terms to K(Cij), methodcc=6,  factor= 1.0

 ITER.      SQ.NORM     CORR.ENERGY   TOTAL ENERGY   ENERGY CHANGE        DEN1      VAR(S)    VAR(P)  DIIS     TIME  TIME/IT
   1      1.11826925    -0.45360417  -115.55247614    -0.00920503     0.00192425  0.15D-02  0.19D-02  1  1    14.70     1.00
   2      1.12578401    -0.45397093  -115.55284289    -0.00036675    -0.00914329  0.25D-04  0.24D-03  2  2    15.56     1.35
   3      1.12857273    -0.45415353  -115.55302550    -0.00018261    -0.00189266  0.15D-04  0.14D-04  3  3    16.39     1.21
   4      1.12954804    -0.45417252  -115.55304449    -0.00001899    -0.00061335  0.91D-06  0.12D-05  4  4    17.23     1.14
   5      1.12970944    -0.45417415  -115.55304612    -0.00000163    -0.00003914  0.25D-06  0.11D-06  5  5    18.09     1.10
   6      1.12975401    -0.45417175  -115.55304372     0.00000240    -0.00000449  0.39D-07  0.10D-07  6  6    18.92     1.08
   7      1.12976582    -0.45417086  -115.55304283     0.00000090    -0.00000309  0.43D-08  0.15D-08  6  1    19.75     1.06
   8      1.12976776    -0.45417092  -115.55304289    -0.00000007     0.00000036  0.72D-09  0.22D-09  6  3    20.61     1.05

 Norm of t1 vector:      0.05057593      S-energy:    -0.00000039      T1 diagnostic:  0.00955795
                                                                       D1 diagnostic:  0.02035665

 Adding energy correction from Wij-K(Fij), methodcc=6  factor= 1.0

  CCSD correlation energy              -0.454170921357
  MP2-F12 correction (uncoupled)       -0.038499266243
  C*T doubles correction               -0.001165083480
  f12b correction                       0.007104172369


 Total CPU time for triples:     13.39 sec


 RESULTS
 =======

  Reference energy                   -115.097536538168
  F12 singles correction               -0.001335431100

 F12 singles corrections added to reference energy

  New reference energy               -115.098871969267

  F12a singlet correction              -0.035752036104
  F12a triplet correction              -0.003912313618
  F12a total correction                -0.039664349722

 F12a corrections for ansatz F12/3C(FIX) added to CCSD energy

  CCSD-F12a singlet pair energy        -0.351828639868
  CCSD-F12a triplet pair energy        -0.142006240339
  CCSD-F12a correlation energy         -0.493835271079

  Triples (T) contribution             -0.016130949016
  Total correlation energy             -0.509966220095

  CCSD-F12a total energy             -115.592707240346
  CCSD[T]-F12a energy                -115.609400069184
  CCSD-T-F12a energy                 -115.608590397163
 !CCSD(T)-F12a total energy          -115.608838189362

 F12b corrections for ansatz F12/3C(FIX) added to CCSD(T)-F12a energy

  CCSD-F12b singlet pair energy        -0.345186131881
  CCSD-F12b triplet pair energy        -0.141544575957
  CCSD-F12b correlation energy         -0.486731098710

  Triples (T) contribution             -0.016130949016
  Total correlation energy             -0.502862047726

  CCSD-F12b total energy             -115.585603067978
  CCSD[T]-F12b energy                -115.602295896815
  CCSD-T-F12b energy                 -115.601486224794
 !CCSD(T)-F12b total energy          -115.601734016993

 Timing summary (sec):

 STEP                 CPU(USER)    SYS     CPU(TOT)    WALL
 Transformation          1.25      0.19      1.44      1.51
 CCSD iterations         6.77      0.82      7.59      8.46
 Triples                13.39      0.54     13.93     13.97
 MP2-F12                12.60      0.58     13.18     13.36
 F12b energy             0.67      0.07      0.74      0.73

 Program statistics:

 Available memory in ccsd:               499999650
 Min. memory needed in ccsd:               1149135
 Max. memory used in ccsd:                 1443104
 Max. memory used in cckext:               1888566 ( 9 integral passes)



 **********************************************************************************************************************************
 DATASETS  * FILE   NREC   LENGTH (MB)   RECORD NAMES
              1      20      386.11       500      610      700      900      950      970     1000      129      960     1100   
                                          VAR    BASINP    GEOM    SYMINP    ZMAT    AOBASIS   BASIS     P2S    ABASIS      S 
                                         1400     1410     1200     1210     1080     1600     1650     1300     1700     1380   
                                           T        V       H0       H01     AOSYM     SMH    MOLCAS    ERIS     OPER     JKOP   

              2       7        3.55       700     1000      520     2100     7360     7350     7000   
                                         GEOM     BASIS   MCVARS     RHF    F12ABS    EF12   

 PROGRAMS   *        TOTAL   CCSD(T)   MP2-F12    HF-SCF       INT
 CPU TIMES  *        58.26     34.71     13.51      3.16      6.76
 REAL TIME  *       348.44 SEC
 DISK USED  *         1.13 GB
 **********************************************************************************************************************************
 SETTING XXX            =    "MMM"
 SETTING POINT          =        20.00000000                                  

 *** ### CH3OH


 XXX       RCO          ROH          RCH1         RCH2         RCH3           ACOH           AOCH1          AOCH2          AOCH3         AHH1           AHH2           AHH3            ENERGY       POINT
 "MMM"   1.42077677   0.98013932   1.09171752   1.08440070   1.09171752   108.12930637   111.65221523   107.18733878   111.65221523   61.43364279   180.00000000   298.56635721   -115.60883819   20.0000
                                                  

 CCSD(T)-F12/cc-pVTZ-F12 energy=   -115.601734016993

     CCSD(T)-F12         MP2-F12          HF-SCF
   -115.60173402   -115.58332309   -115.09753654
 **********************************************************************************************************************************
 Molpro calculation terminated
