
 Primary working directories    : /tmpdir/job/2955683.undefined/molpro.D7a3NN5GiB
 Secondary working directories  : /tmpdir/job/2955683.undefined/molpro.D7a3NN5GiB
 Wavefunction directory         : /home/zcaposm/wfu/
 Main file repository           : /tmpdir/job/2955683.undefined/molpro.D7a3NN5GiB/

 id        : uclcc

 Nodes                         nprocs
 node-d00a-224.myriad.ucl.ac.uk    1

 Using customized tuning parameters: mindgm=1; mindgv=20; mindgc=4; mindgr=1; noblas=0; minvec=7
 default implementation of scratch files=df  


 Variables initialized (945), CPU time= 0.00 sec
 ***,Methanol Ground State Energy with CCSD(T)-F12 and cc-pVTZ-F12
 memory,500,m;
 
 geometry={angstrom
 c
 o , 1, rco
 h , 2, roh, 1, acoh
 h1, 1, rch1, 2, aoch1  3  ahh1
 h2, 1, rch2, 2, aoch2, 3, ahh2
 h3, 1, rch3, 2, aoch3, 3, ahh3
 }
 
                                                ! Specify the initial values of the internal coordinates (in Angstroms and degrees)
 
 rco= 1.42077677
 roh= 0.96013932
 rch1= 1.0917223101537405
 rch2= 1.084400757775593
 rch3= 1.0917126238596437
 acoh= 108.12930637
 aoch1= 111.65000688978351
 aoch2= 107.1873713391093
 aoch3= 111.6544040604982
 ahh1=61.63364279
 ahh2=180.2
 ahh3=298.76635720999997
 
                                                                                 ! Use the cc-pVTZ-F12 basis set
 basis=cc-pVTZ-F12
 
 hf
 
                                                                                 ! Use explicitly correlated F12 methods
                                                                            ! First, MP2-F12 (useful for initial electronic energy)
 {mp2-f12}
 
                                                                        ! If desired, perform CCSD(T)-F12 for more accurate results
 {ccsd(t)-f12}
 
                                                                                 ! Output the energy
 xxx = "mmm"
 point = 111
 text ### CH3OH
 table,xxx,rco,roh,rch1,rch2,rch3,acoh,aoch1,aoch2,aoch3,ahh1,ahh2,ahh3,energy,point
 DIGITS, 0, 8, 8, 8, 8, 8, 8, 8, 8, 8,  8,  8,  8, 8, 4
 save,CH3OH_MEP_MP2_111.dat,new
 
 Commands  initialized (802), CPU time= 0.01 sec, 659 directives.
 Default parameters read. Elapsed time= 0.10 sec

 Checking input...
 Passed
1


                                         ***  PROGRAM SYSTEM MOLPRO  ***
                                       Copyright, TTI GmbH Stuttgart, 2015
                                    Version 2020.1 linked Oct  6 2020 12:04:11


 **********************************************************************************************************************************
 LABEL *   Methanol Ground State Energy with CCSD(T)-F12 and cc-pVTZ-F12                 
  64 bit serial version                                                                  DATE: 08-Oct-24          TIME: 17:35:13  
 **********************************************************************************************************************************

 SHA1:             8c27446f6450a7499e38f603e13c65f775101d37
 **********************************************************************************************************************************

 Memory per process:       500 MW
 Total memory per node:    500 MW

 GA preallocation disabled
 GA check disabled

 Variable memory set to 500.0 MW

 SETTING RCO            =         1.42077677                                  
 SETTING ROH            =         0.96013932                                  
 SETTING RCH1           =         1.09172231                                  
 SETTING RCH2           =         1.08440076                                  
 SETTING RCH3           =         1.09171262                                  
 SETTING ACOH           =       108.12930637                                  
 SETTING AOCH1          =       111.65000689                                  
 SETTING AOCH2          =       107.18737134                                  
 SETTING AOCH3          =       111.65440406                                  
 SETTING AHH1           =        61.63364279                                  
 SETTING AHH2           =       180.20000000                                  
 SETTING AHH3           =       298.76635721                                  
 SETTING BASIS          =    CC-PVTZ-F12


 Recomputing integrals since basis changed


 Using spherical harmonics

 Library entry C      S cc-pVTZ-F12          selected for orbital group  1
 Library entry C      P cc-pVTZ-F12          selected for orbital group  1
 Library entry C      D cc-pVTZ-F12          selected for orbital group  1
 Library entry C      F cc-pVTZ-F12          selected for orbital group  1
 Library entry O      S cc-pVTZ-F12          selected for orbital group  2
 Library entry O      P cc-pVTZ-F12          selected for orbital group  2
 Library entry O      D cc-pVTZ-F12          selected for orbital group  2
 Library entry O      F cc-pVTZ-F12          selected for orbital group  2
 Library entry H      S cc-pVTZ-F12          selected for orbital group  3
 Library entry H      P cc-pVTZ-F12          selected for orbital group  3
 Library entry H      D cc-pVTZ-F12          selected for orbital group  3


 PROGRAM * SEWARD (Integral evaluation for generally contracted gaussian basis sets)     Author: Roland Lindh, 1990

 Geometry written to block  1 of record 700

 Orientation using atomic masses  
 Molecule type: Asymmetric top
 Rotational constants:      23.9585533     24.8081647    128.7815149 GHz  (calculated with average atomic masses)

 Point group  C1  



 ATOMIC COORDINATES

 NR  ATOM    CHARGE       X              Y              Z

   1  C       6.00    0.000014030    0.025184808   -1.376591945
   2  O       8.00   -0.000006532   -0.122050142    1.304246917
   3  H       1.00    0.000264207    1.568722249    1.962530518
   4  H1      1.00    1.687441955    0.976311236   -2.086624533
   5  H2      1.00   -0.007127303   -1.896358807   -2.088577589
   6  H3      1.00   -1.680642357    0.988559993   -2.086118265

 Bond lengths in Bohr (Angstrom)

 1-2  2.684878979  1-4  2.063056170  1-5  2.049220441  1-6  2.063037866  2-3  1.814400356
     ( 1.420776770)     ( 1.091722310)     ( 1.084400758)     ( 1.091712624)     ( 0.960139320)

 Bond angles

  1-2-3  108.12930637   2-1-4  111.65000689   2-1-5  107.18737134   2-1-6  111.65440406

  4-1-5  108.39560907   4-1-6  109.43106198   5-1-6  108.39355530

 NUCLEAR CHARGE:                   18
 NUMBER OF PRIMITIVE AOS:         228
 NUMBER OF SYMMETRY AOS:          206
 NUMBER OF CONTRACTIONS:          178   (  178A   )
 NUMBER OF INNER CORE ORBITALS:     0   (    0A   )
 NUMBER OF OUTER CORE ORBITALS:     2   (    2A   )
 NUMBER OF VALENCE ORBITALS:       12   (   12A   )


 NUCLEAR REPULSION ENERGY   40.34553020

 Eigenvalues of metric

         1 0.879E-04 0.183E-03 0.309E-03 0.323E-03 0.460E-03 0.493E-03 0.560E-03 0.570E-03


 Contracted 2-electron integrals neglected if value below      1.0D-11
 AO integral compression algorithm  1   Integral accuracy      1.0D-11

     590.086 MB (compressed) written to integral file ( 49.5%)


 NUMBER OF SORTED TWO-ELECTRON INTEGRALS:  126906346.     BUFFER LENGTH:  32768
 NUMBER OF SEGMENTS:   8  SEGMENT LENGTH:   15999503      RECORD LENGTH: 524288

 Memory used in sort:      16.56 MW

 SORT1 READ   149034713. AND WROTE   124444235. INTEGRALS IN    359 RECORDS. CPU TIME:     2.39 SEC, REAL TIME:    25.74 SEC
 SORT2 READ   124444235. AND WROTE   126906346. INTEGRALS IN   2251 RECORDS. CPU TIME:     2.07 SEC, REAL TIME:    45.82 SEC

 FILE SIZES:   FILE 1:   621.3 MBYTE,  FILE 4:  1505.8 MBYTE,   TOTAL:   2127.1 MBYTE

 OPERATOR DM      FOR CENTER  0  COORDINATES:    0.000000    0.000000    0.000000


 **********************************************************************************************************************************
 DATASETS  * FILE   NREC   LENGTH (MB)   RECORD NAMES
              1      19      545.08       500      610      700      900      950      970     1000      129      960     1100   
                                          VAR    BASINP    GEOM    SYMINP    ZMAT    AOBASIS   BASIS     P2S    ABASIS      S 
                                         1400     1410     1200     1210     1080     1600     1650     1300     1700   
                                           T        V       H0       H01     AOSYM     SMH    MOLCAS    ERIS     OPER   

 PROGRAMS   *        TOTAL       INT
 CPU TIMES  *         9.33      9.19
 REAL TIME  *        88.58 SEC
 DISK USED  *         2.13 GB
 **********************************************************************************************************************************


 PROGRAM * RHF-SCF (CLOSED SHELL)       Authors: W. Meyer, H.-J. Werner


 NUMBER OF ELECTRONS:       9+    9-    SPACE SYMMETRY=1    SPIN SYMMETRY: Singlet 
 CONVERGENCE THRESHOLDS:    1.00E-05 (Density)    1.00E-07 (Energy)
 MAX. NUMBER OF ITERATIONS:       60
 INTERPOLATION TYPE:            DIIS
 INTERPOLATION STEPS:              2 (START)      1 (STEP)
 LEVEL SHIFTS:                  0.00 (CLOSED)  0.00 (OPEN) 



 Orbital guess generated from atomic densities. Full valence occupancy:   14

 Molecular orbital dump at record        2100.2

 Initial occupancy:   9

 ITERATION    DDIFF          GRAD             ENERGY        2-EL.EN.            DIPOLE MOMENTS         DIIS   ORB.
    1      0.000D+00      0.000D+00      -115.06237633    164.484216   -0.00000    0.90424   -0.47795    0    start
    2      0.000D+00      0.506D-02      -115.09072758    161.902327   -0.00007    0.49651   -0.30366    1    diag
    3      0.480D-02      0.277D-02      -115.09821315    163.165425   -0.00004    0.59986   -0.39688    2    diag
    4      0.163D-02      0.546D-03      -115.09874550    162.988863   -0.00004    0.59475   -0.39232    3    diag
    5      0.436D-03      0.110D-03      -115.09877990    163.000337   -0.00004    0.59077   -0.39714    4    diag
    6      0.121D-03      0.205D-04      -115.09878146    162.998114   -0.00004    0.59092   -0.39793    5    diag
    7      0.349D-04      0.434D-05      -115.09878153    162.997732   -0.00004    0.59074   -0.39820    6    diag
    8      0.877D-05      0.114D-05      -115.09878154    162.998077   -0.00004    0.59073   -0.39822    0    orth

 Final occupancy:   9

 !RHF STATE  1.1 Energy              -115.098781538193
 Nuclear energy                        40.34553020
 One-electron energy                 -236.94335019
 Two-electron energy                   81.49903845
 Virial quotient                       -1.00101603
 !RHF STATE  1.1 Dipole moment         -0.00003537     0.59072952    -0.39821786
 Dipole moment /Debye                  -0.00008991     1.50138633    -1.01210256

 Orbital energies:

         1.1          2.1          3.1          4.1          5.1          6.1          7.1          8.1          9.1         10.1
    -20.556343   -11.269759    -1.356925    -0.926369    -0.690809    -0.621560    -0.594388    -0.504326    -0.452159     0.054650

        11.1
      0.065009


 HOMO      9.1    -0.452159 =     -12.3039eV
 LUMO     10.1     0.054650 =       1.4871eV
 LUMO-HOMO         0.506809 =      13.7910eV


 **********************************************************************************************************************************
 DATASETS  * FILE   NREC   LENGTH (MB)   RECORD NAMES
              1      19      545.08       500      610      700      900      950      970     1000      129      960     1100   
                                          VAR    BASINP    GEOM    SYMINP    ZMAT    AOBASIS   BASIS     P2S    ABASIS      S 
                                         1400     1410     1200     1210     1080     1600     1650     1300     1700   
                                           T        V       H0       H01     AOSYM     SMH    MOLCAS    ERIS     OPER   

              2       4        3.48       700     1000      520     2100   
                                         GEOM     BASIS   MCVARS     RHF  

 PROGRAMS   *        TOTAL    HF-SCF       INT
 CPU TIMES  *        17.73      8.40      9.19
 REAL TIME  *       102.33 SEC
 DISK USED  *         2.13 GB
 **********************************************************************************************************************************


 PROGRAM * MP2 (Closed-shell)     Authors: C. Hampel, H.-J. Werner, 1991, M. Deegan, P.J. Knowles, 1992

                                   MP2-F12 implementation by H.-J. Werner, 2007

                   Density fitting integral evaluation by F.R. Manby, 2003,2007, G. Knizia, 2010


 Basis set AUG-CC-PVTZ/JKFIT generated.  Number of basis functions:   392 
 Basis set CC-PVTZ-F12/OPTRI generated.  Number of basis functions:   314 
 Basis set AUG-CC-PVTZ/MP2FIT generated. Number of basis functions:   396 

 Convergence thresholds:  THRVAR = 1.00D-08  THRDEN = 1.00D-06

 Number of core orbitals:           2 (   2 )
 Number of closed-shell orbitals:   7 (   7 )
 Number of external orbitals:     169 ( 169 )

 Molecular orbitals read from record     2100.2  Type=RHF/CANONICAL (state 1.1)

 MP2-F12 correlation treatment (H.-J. Werner, 2006)
 ==================================================

 Using MP2-F12 with ansatz 3C(FIX)

 Using projected zeroth-order Hamiltonian (+Z)

 FOCKRIB=T FOCKRIC=T FOCKRIP=T CABSP=T CABSA=T CABSK=T CABSF=T GBC=F EBC=F DMAT=T NOFIK=T NOPAO=1 SOLVE=-1  USEPAO=0
 EXCH_A= T EXCH_B= F EXCH_C= F EXCH_P= F

 Geminal basis:    OPTFULL  GEM_TYPE=SLATER  BETA=1.0  NGEM=6

 Optimizing Gaussian exponents for each gem_beta

 Geminal optimization for beta= 1.0000
 Weight function:   m=0, omega= 1.4646

 Augmented Hessian optimization of geminal fit. Trust ratio= 0.40000
 Convergence reached after   2 iterations. Final gradient= 8.66D-16, Step= 4.23D-06, Delta= 1.28D-09

 Alpha:                 0.19532     0.81920     2.85917     9.50073    35.69989   197.79328
 Coeff:                 0.27070     0.30552     0.18297     0.10986     0.06810     0.04224


 All pairs explicitly correlated. Number of r12-pairs:           28

 Excluding core orbitals from MO domains

 AO(A)-basis ORBITAL           loaded. Number of functions:     178
 RI(R)-basis CC-PVTZ-F12/OPTRI loaded. Number of functions:     314
 DF-basis AUG-CC-PVTZ/JKFIT    loaded. Number of functions:     392

 Screening thresholds:   THRAO=  1.00D-10  THRMO=  1.00D-09  THRPROD=  1.00D-09
                         THRSW=  1.00D-05  THROV=  1.00D-12  THRAOF12= 1.00D-08

 CPU time for Fock operators                      1.59 sec

 Construction of ABS:
 Smallest eigenvalue of S          4.36E-04  (threshold= 1.00E-08)
 Ratio eigmin/eigmax               5.56E-05  (threshold= 1.00E-09)
 Smallest eigenvalue of S kept     4.36E-04  (threshold= 4.36E-04, 0 functions deleted, 314 kept)

 Construction of CABS:
 Smallest eigenvalue of S          7.26E-07  (threshold= 1.00E-08)
 Ratio eigmin/eigmax               7.26E-07  (threshold= 1.00E-09)
 Smallest eigenvalue of S kept     7.26E-07  (threshold= 7.26E-07, 0 functions deleted, 314 kept)

 CPU time for CABS singles                        0.04 sec

 CABS-singles contribution of  -0.00135364 patched into reference energy.
 New reference energy        -115.10013518

 AO(A)-basis ORBITAL           loaded. Number of functions:     178
 RI(R)-basis CC-PVTZ-F12/OPTRI loaded. Number of functions:     314
 DF-basis AUG-CC-PVTZ/MP2FIT   loaded. Number of functions:     396

 Screening thresholds:   THRAO=  1.00D-10  THRMO=  1.00D-09  THRPROD=  1.00D-09
                         THRSW=  1.00D-05  THROV=  1.00D-12  THRAOF12= 1.00D-08

 CPU time for 3-index integral evaluation         3.30 sec
 CPU time for first  half transformation          0.34 sec ( 7261.9 MFLOP/sec)
 CPU time for second half transformation          0.01 sec ( 6217.0 MFLOP/sec)
 CPU time for sorting                             0.03 sec
 CPU time for fitting                             0.03 sec (37980.8 MFLOP/sec)
 CPU time for tilde quantities                    0.04 sec (37761.3 MFLOP/sec)
 CPU time for assembly                            0.22 sec (56152.7 MFLOP/sec)
 CPU time for tranop_f12                          0.26 sec (61000.9 MFLOP/sec)
 CPU time for f12 integrals (total)               4.64 sec, Elapsed time:      5.47 sec
 CPU time for f12 matrices (total)                0.10 sec, Elapsed time:      0.21 sec

 Diagonal F12 approximation with fixed coefficients:  TSING= 0.500,  TTRIP= 0.250 (scaled by -1/beta)

 DF-MP2-F12 energy corrections:
 ==============================
 Approx.                                    Singlet             Triplet             Total
 DF-MP2-F12/3*C(DX,FIX)                -0.038287473519     -0.004212634028     -0.042500107547
 DF-MP2-F12/3*C(FIX)                   -0.036088652152     -0.003930890174     -0.040019542326
 DF-MP2-F12/3C(FIX)                    -0.036031354769     -0.004065863972     -0.040097218741

 DF-MP2-F12 correlation energies:
 ================================
 Approx.                                    Singlet             Triplet             Ecorr            Total Energy
 DF-MP2                                -0.291095458294     -0.152363620073     -0.443459078367   -115.543594257251
 DF-MP2-F12/3*C(DX,FIX)                -0.329382931813     -0.156576254101     -0.485959185915   -115.586094364799
 DF-MP2-F12/3*C(FIX)                   -0.327184110446     -0.156294510247     -0.483478620694   -115.583613799578
 DF-MP2-F12/3C(FIX)                    -0.327126813063     -0.156429484045     -0.483556297109   -115.583691475992

 SCS-DF-MP2 energies (F_SING= 1.20000  F_TRIP= 0.62222  F_PARALLEL= 0.33333):
 ============================================================================
 SCS-DF-MP2                            -0.444118580221   -115.544253759105
 SCS-DF-MP2-F12/3*C(DX,FIX)            -0.492684742950   -115.592819921834
 SCS-DF-MP2-F12/3*C(FIX)               -0.489870850023   -115.590006028907
 SCS-DF-MP2-F12/3C(FIX)                -0.489886076860   -115.590021255743
 Symmetry transformation completed.

 Number of N-1 electron functions:               7
 Number of N-2 electron functions:              28
 Number of singly external CSFs:              1183
 Number of doubly external CSFs:            700336
 Total number of CSFs:                      701520

 Length of J-op  integral file:             104.98 MB
 Length of K-op  integral file:             138.67 MB

 Integral transformation finished. Total CPU:   1.40 sec, npass=  1  Memory used:   2.18 MW

 ITER.      SQ.NORM     CORR.ENERGY   TOTAL ENERGY   ENERGY CHANGE     VAR   MIC
   1      1.00000000    -0.44352548  -115.54366066    -0.44352548  0.00D+00   0
   2      1.11473552    -0.44352548  -115.54366066     0.00000000 -0.27D-14   0

 Solving MP2-F12 equations

   1      1.11469921    -0.48286465  -115.58299983    -0.03933917 -0.37D-04   0
   2      1.11469921    -0.48362129  -115.58375647    -0.00075664  0.80D-17   0
   3      1.11469921    -0.48362129  -115.58375647    -0.00000000 -0.20D-19   0

 CPU TIME FOR ITERATIVE MP2:    0.11 SEC


 MP2-F12 energy corrections:
 ===========================
 Approx.                                    Singlet             Triplet             Total
 MP2-F12/3*C(DX,FIX)                   -0.038287473519     -0.004212634028     -0.042500107547
 MP2-F12/3*C(FIX)                      -0.036088652152     -0.003930890174     -0.040019542326
 MP2-F12/3C(FIX)                       -0.036028654262     -0.004067160475     -0.040095814738

 MP2-F12 correlation energies:
 =============================
 Approx.                                    Singlet             Triplet             Ecorr            Total Energy
 MP2                                   -0.291278772997     -0.152246706157     -0.443525479154   -115.543660658038
 MP2-F12/3*C(DX,FIX)                   -0.329566246516     -0.156459340185     -0.486025586701   -115.586160765585
 MP2-F12/3*C(FIX)                      -0.327367425149     -0.156177596331     -0.483545021480   -115.583680200364
 MP2-F12/3C(FIX)                       -0.327307427259     -0.156313866632     -0.483621293891   -115.583756472775

 SCS-MP2 energies (F_SING= 1.20000  F_TRIP= 0.62222  F_PARALLEL= 0.33333):
 =========================================================================
 SCS-MP2                               -0.444265811427   -115.544400990311
 SCS-MP2-F12/3*C(DX,FIX)               -0.492831974156   -115.592967153040
 SCS-MP2-F12/3*C(FIX)                  -0.490018081229   -115.590153260113
 SCS-MP2-F12/3C(FIX)                   -0.490030874171   -115.590166053055


  Reference energy                   -115.098781538193
  F12 singles correction               -0.001353640691

 F12 singles corrections added to reference energy

  New reference energy               -115.100135178884

  F12/3C(F) singlet correction         -0.036028654262
  F12/3C(F) triplet correction         -0.004067160475
  F12/3C(F) total correction           -0.040095814738
  MP2-F12/3C(F) singlet pair energy    -0.327307427259
  MP2-F12/3C(F) triplet pair energy    -0.156313866632
  MP2-F12/3C(F) correlation energy     -0.483621293891

 !MP2-F12/3C(F) total energy         -115.583756472775


 **********************************************************************************************************************************
 DATASETS  * FILE   NREC   LENGTH (MB)   RECORD NAMES
              1      20      556.25       500      610      700      900      950      970     1000      129      960     1100   
                                          VAR    BASINP    GEOM    SYMINP    ZMAT    AOBASIS   BASIS     P2S    ABASIS      S 
                                         1400     1410     1200     1210     1080     1600     1650     1300     1700     1380   
                                           T        V       H0       H01     AOSYM     SMH    MOLCAS    ERIS     OPER     JKOP   

              2       7        4.13       700     1000      520     2100     7360     7350     7000   
                                         GEOM     BASIS   MCVARS     RHF    F12ABS    EF12   

 PROGRAMS   *        TOTAL   MP2-F12    HF-SCF       INT
 CPU TIMES  *        25.85      8.11      8.40      9.19
 REAL TIME  *       113.01 SEC
 DISK USED  *         2.13 GB
 **********************************************************************************************************************************


 PROGRAM * CCSD (Closed-shell coupled cluster)     Authors: C. Hampel, H.-J. Werner, 1991, M. Deegan, P.J. Knowles, 1992

                                  CCSD-F12 implementation by  H.-J. Werner, 2007

                   Density fitting integral evaluation by F.R. Manby, 2003,2007, G. Knizia, 2010



 Convergence thresholds:  THRVAR = 1.00D-08  THRDEN = 1.00D-06

 CCSD(T)     terms to be evaluated (factor= 1.000)


 Number of core orbitals:           2 (   2 )
 Number of closed-shell orbitals:   7 (   7 )
 Number of external orbitals:     169 ( 169 )

 Molecular orbitals read from record     2100.2  Type=RHF/CANONICAL (state 1.1)

 MP2-F12 correlation treatment (H.-J. Werner, 2006)
 ==================================================

 Using MP2-F12 with ansatz 3C(FIX)

 Using projected zeroth-order Hamiltonian (+Z)

 FOCKRIB=T FOCKRIC=T FOCKRIP=T CABSP=T CABSA=T CABSK=T CABSF=T GBC=F EBC=F DMAT=T NOFIK=T NOPAO=1 SOLVE=-1  USEPAO=0
 EXCH_A= T EXCH_B= F EXCH_C= F EXCH_P= F

 Geminal basis:    OPTFULL  GEM_TYPE=SLATER  BETA=1.0  NGEM=6

 Optimizing Gaussian exponents for each gem_beta

 Geminal optimization for beta= 1.0000
 Weight function:   m=0, omega= 1.4646

 Augmented Hessian optimization of geminal fit. Trust ratio= 0.40000
 Convergence reached after   2 iterations. Final gradient= 8.66D-16, Step= 4.23D-06, Delta= 1.28D-09

 Alpha:                 0.19532     0.81920     2.85917     9.50073    35.69989   197.79328
 Coeff:                 0.27070     0.30552     0.18297     0.10986     0.06810     0.04224


 All pairs explicitly correlated. Number of r12-pairs:           28

 Excluding core orbitals from MO domains

 AO(A)-basis ORBITAL           loaded. Number of functions:     178
 RI(R)-basis CC-PVTZ-F12/OPTRI loaded. Number of functions:     314
 DF-basis AUG-CC-PVTZ/JKFIT    loaded. Number of functions:     392

 Screening thresholds:   THRAO=  1.00D-10  THRMO=  1.00D-09  THRPROD=  1.00D-09
                         THRSW=  1.00D-05  THROV=  1.00D-12  THRAOF12= 1.00D-08

 CPU time for Fock operators                      1.51 sec

 Construction of ABS:
 Smallest eigenvalue of S          4.36E-04  (threshold= 1.00E-08)
 Ratio eigmin/eigmax               5.56E-05  (threshold= 1.00E-09)
 Smallest eigenvalue of S kept     4.36E-04  (threshold= 4.36E-04, 0 functions deleted, 314 kept)

 Construction of CABS:
 Smallest eigenvalue of S          7.26E-07  (threshold= 1.00E-08)
 Ratio eigmin/eigmax               7.26E-07  (threshold= 1.00E-09)
 Smallest eigenvalue of S kept     7.26E-07  (threshold= 7.26E-07, 0 functions deleted, 314 kept)

 CPU time for CABS singles                        0.04 sec

 CABS-singles contribution of  -0.00135364 patched into reference energy.
 New reference energy        -115.10013518

 AO(A)-basis ORBITAL           loaded. Number of functions:     178
 RI(R)-basis CC-PVTZ-F12/OPTRI loaded. Number of functions:     314
 DF-basis AUG-CC-PVTZ/MP2FIT   loaded. Number of functions:     396

 Screening thresholds:   THRAO=  1.00D-10  THRMO=  1.00D-09  THRPROD=  1.00D-09
                         THRSW=  1.00D-05  THROV=  1.00D-12  THRAOF12= 1.00D-08

 CPU time for 3-index integral evaluation         3.35 sec
 CPU time for first  half transformation          0.26 sec ( 9496.4 MFLOP/sec)
 CPU time for second half transformation          0.02 sec ( 3108.5 MFLOP/sec)
 CPU time for sorting                             0.01 sec
 CPU time for fitting                             0.02 sec (56971.3 MFLOP/sec)
 CPU time for tilde quantities                    0.01 sec (******* MFLOP/sec)
 CPU time for assembly                            0.21 sec (58826.6 MFLOP/sec)
 CPU time for tranop_f12                          0.25 sec (63440.9 MFLOP/sec)
 CPU time for f12 integrals (total)               4.56 sec, Elapsed time:      4.91 sec
 CPU time for f12 matrices (total)                0.11 sec, Elapsed time:      0.13 sec

 Diagonal F12 approximation with fixed coefficients:  TSING= 0.500,  TTRIP= 0.250 (scaled by -1/beta)

 DF-MP2-F12 energy corrections:
 ==============================
 Approx.                                    Singlet             Triplet             Total
 DF-MP2-F12/3*C(DX,FIX)                -0.038287473519     -0.004212634028     -0.042500107547
 DF-MP2-F12/3*C(FIX)                   -0.036088652152     -0.003930890174     -0.040019542326
 DF-MP2-F12/3C(FIX)                    -0.036031354769     -0.004065863972     -0.040097218741

 DF-MP2-F12 correlation energies:
 ================================
 Approx.                                    Singlet             Triplet             Ecorr            Total Energy
 DF-MP2                                -0.291095458294     -0.152363620073     -0.443459078367   -115.543594257251
 DF-MP2-F12/3*C(DX,FIX)                -0.329382931813     -0.156576254101     -0.485959185915   -115.586094364799
 DF-MP2-F12/3*C(FIX)                   -0.327184110446     -0.156294510247     -0.483478620694   -115.583613799578
 DF-MP2-F12/3C(FIX)                    -0.327126813063     -0.156429484045     -0.483556297109   -115.583691475992

 SCS-DF-MP2 energies (F_SING= 1.20000  F_TRIP= 0.62222  F_PARALLEL= 0.33333):
 ============================================================================
 SCS-DF-MP2                            -0.444118580221   -115.544253759105
 SCS-DF-MP2-F12/3*C(DX,FIX)            -0.492684742950   -115.592819921834
 SCS-DF-MP2-F12/3*C(FIX)               -0.489870850023   -115.590006028907
 SCS-DF-MP2-F12/3C(FIX)                -0.489886076860   -115.590021255743
 Symmetry transformation completed.

 Number of N-1 electron functions:               7
 Number of N-2 electron functions:              28
 Number of singly external CSFs:              1183
 Number of doubly external CSFs:            700336
 Total number of CSFs:                      701520

 Length of J-op  integral file:             105.23 MB
 Length of K-op  integral file:             138.67 MB
 Length of 3-ext integral record:             0.00 MB

 Memory could be reduced to 48.01 Mwords without degradation in triples

 Integral transformation finished. Total CPU:   3.21 sec, npass=  1  Memory used:  24.86 MW

 Reference energy:                   -115.10013518

 Adding F12 terms to K(Cij), methodcc=6,  factor= 1.0

 ITER.      SQ.NORM     CORR.ENERGY   TOTAL ENERGY   ENERGY CHANGE        DEN1      VAR(S)    VAR(P)  DIIS     TIME  TIME/IT
   1      1.11762304    -0.45285827  -115.55299345    -0.00933279     0.00166851  0.15D-02  0.19D-02  1  1    12.40     3.55
   2      1.12503263    -0.45322010  -115.55335528    -0.00036183    -0.00904639  0.24D-04  0.23D-03  2  2    15.22     3.37
   3      1.12776213    -0.45339752  -115.55353270    -0.00017742    -0.00186511  0.15D-04  0.13D-04  3  3    17.97     3.43
   4      1.12870936    -0.45341540  -115.55355058    -0.00001788    -0.00060017  0.86D-06  0.12D-05  4  4    20.79     3.43
   5      1.12886490    -0.45341695  -115.55355213    -0.00000156    -0.00003791  0.23D-06  0.10D-06  5  5    23.63     3.37
   6      1.12890747    -0.45341460  -115.55354978     0.00000235    -0.00000422  0.36D-07  0.96D-08  6  6    26.47     3.41
   7      1.12891860    -0.45341373  -115.55354890     0.00000087    -0.00000298  0.39D-08  0.14D-08  6  1    29.40     3.44
   8      1.12892040    -0.45341379  -115.55354897    -0.00000006     0.00000033  0.67D-09  0.20D-09  6  3    32.33     3.41

 Norm of t1 vector:      0.05000704      S-energy:     0.00000010      T1 diagnostic:  0.00945044
                                                                       D1 diagnostic:  0.02003522

 Adding energy correction from Wij-K(Fij), methodcc=6  factor= 1.0

  CCSD correlation energy              -0.453413787235
  MP2-F12 correction (uncoupled)       -0.038545557240
  C*T doubles correction               -0.001164886658
  f12b correction                       0.007098772467


 Total CPU time for triples:     34.90 sec


 RESULTS
 =======

  Reference energy                   -115.098781538193
  F12 singles correction               -0.001353640691

 F12 singles corrections added to reference energy

  New reference energy               -115.100135178884

  F12a singlet correction              -0.035791874499
  F12a triplet correction              -0.003918569399
  F12a total correction                -0.039710443897

 F12a corrections for ansatz F12/3C(FIX) added to CCSD energy

  CCSD-F12a singlet pair energy        -0.351209384875
  CCSD-F12a triplet pair energy        -0.141914949478
  CCSD-F12a correlation energy         -0.493124231132

  Triples (T) contribution             -0.016014522787
  Total correlation energy             -0.509138753919

  CCSD-F12a total energy             -115.593259410016
  CCSD[T]-F12a energy                -115.609827026923
  CCSD-T-F12a energy                 -115.609030200776
 !CCSD(T)-F12a total energy          -115.609273932803

 F12b corrections for ansatz F12/3C(FIX) added to CCSD(T)-F12a energy

  CCSD-F12b singlet pair energy        -0.344572692983
  CCSD-F12b triplet pair energy        -0.141452868904
  CCSD-F12b correlation energy         -0.486025458665

  Triples (T) contribution             -0.016014522787
  Total correlation energy             -0.502039981452

  CCSD-F12b total energy             -115.586160637549
  CCSD[T]-F12b energy                -115.602728254456
  CCSD-T-F12b energy                 -115.601931428309
 !CCSD(T)-F12b total energy          -115.602175160336

 Timing summary (sec):

 STEP                 CPU(USER)    SYS     CPU(TOT)    WALL
 Transformation          3.26      2.07      5.33      8.26
 CCSD iterations        22.79      1.79     24.58     27.38
 Triples                34.90      0.93     35.83     36.05
 MP2-F12                 6.30      0.43      6.73      6.79
 F12b energy             2.39      0.11      2.50      2.53

 Program statistics:

 Available memory in ccsd:               499999646
 Min. memory needed in ccsd:               2228017
 Max. memory used in ccsd:                 2807120
 Max. memory used in cckext:               2027429 ( 9 integral passes)



 **********************************************************************************************************************************
 DATASETS  * FILE   NREC   LENGTH (MB)   RECORD NAMES
              1      20      692.20       500      610      700      900      950      970     1000      129      960     1100   
                                          VAR    BASINP    GEOM    SYMINP    ZMAT    AOBASIS   BASIS     P2S    ABASIS      S 
                                         1400     1410     1200     1210     1080     1600     1650     1300     1700     1380   
                                           T        V       H0       H01     AOSYM     SMH    MOLCAS    ERIS     OPER     JKOP   

              2       7        4.13       700     1000      520     2100     7360     7350     7000   
                                         GEOM     BASIS   MCVARS     RHF    F12ABS    EF12   

 PROGRAMS   *        TOTAL   CCSD(T)   MP2-F12    HF-SCF       INT
 CPU TIMES  *        95.53     69.67      8.11      8.40      9.19
 REAL TIME  *       194.22 SEC
 DISK USED  *         2.13 GB
 **********************************************************************************************************************************
 SETTING XXX            =    "MMM"
 SETTING POINT          =       111.00000000                                  

 *** ### CH3OH


 XXX       RCO          ROH          RCH1         RCH2         RCH3           ACOH           AOCH1          AOCH2          AOCH3         AHH1           AHH2           AHH3            ENERGY        POINT
 "MMM"   1.42077677   0.96013932   1.09172231   1.08440076   1.09171262   108.12930637   111.65000689   107.18737134   111.65440406   61.63364279   180.20000000   298.76635721   -115.60927393   111.0000
                                                  

 CCSD(T)-F12/cc-pVTZ-F12 energy=   -115.602175160336

     CCSD(T)-F12         MP2-F12          HF-SCF
   -115.60217516   -115.58375647   -115.09878154
 **********************************************************************************************************************************
 Molpro calculation terminated
