
 Primary working directories    : /tmpdir/job/2955590.undefined/molpro.wnYE2bS7EW
 Secondary working directories  : /tmpdir/job/2955590.undefined/molpro.wnYE2bS7EW
 Wavefunction directory         : /home/zcaposm/wfu/
 Main file repository           : /tmpdir/job/2955590.undefined/molpro.wnYE2bS7EW/

 id        : uclcc

 Nodes                         nprocs
 node-d00a-218.myriad.ucl.ac.uk    1

 Using customized tuning parameters: mindgm=1; mindgv=20; mindgc=4; mindgr=1; noblas=0; minvec=7
 default implementation of scratch files=df  


 Variables initialized (945), CPU time= 0.00 sec
 ***,Methanol Ground State Energy with CCSD(T)-F12 and cc-pVTZ-F12
 memory,500,m;
 
 geometry={angstrom
 c
 o , 1, rco
 h , 2, roh, 1, acoh
 h1, 1, rch1, 2, aoch1  3  ahh1
 h2, 1, rch2, 2, aoch2, 3, ahh2
 h3, 1, rch3, 2, aoch3, 3, ahh3
 }
 
                                                ! Specify the initial values of the internal coordinates (in Angstroms and degrees)
 
 rco= 1.42077677
 roh= 0.96013932
 rch1= 1.096717515605
 rch2= 1.08440070258
 rch3= 1.091717515605
 acoh= 108.12930637
 aoch1= 111.6522152299
 aoch2= 107.18733878260001
 aoch3= 111.6522152299
 ahh1=61.43364279
 ahh2=180.0
 ahh3=298.56635721
 
                                                                                 ! Use the cc-pVTZ-F12 basis set
 basis=cc-pVTZ-F12
 
 hf
 
                                                                                 ! Use explicitly correlated F12 methods
                                                                            ! First, MP2-F12 (useful for initial electronic energy)
 {mp2-f12}
 
                                                                        ! If desired, perform CCSD(T)-F12 for more accurate results
 {ccsd(t)-f12}
 
                                                                                 ! Output the energy
 xxx = "mmm"
 point = 26
 text ### CH3OH
 table,xxx,rco,roh,rch1,rch2,rch3,acoh,aoch1,aoch2,aoch3,ahh1,ahh2,ahh3,energy,point
 DIGITS, 0, 8, 8, 8, 8, 8, 8, 8, 8, 8,  8,  8,  8, 8, 4
 save,CH3OH_MEP_MP2_26.dat,new
 
 Commands  initialized (802), CPU time= 0.01 sec, 659 directives.
 Default parameters read. Elapsed time= 0.10 sec

 Checking input...
 Passed
1


                                         ***  PROGRAM SYSTEM MOLPRO  ***
                                       Copyright, TTI GmbH Stuttgart, 2015
                                    Version 2020.1 linked Oct  6 2020 12:04:11


 **********************************************************************************************************************************
 LABEL *   Methanol Ground State Energy with CCSD(T)-F12 and cc-pVTZ-F12                 
  64 bit serial version                                                                  DATE: 08-Oct-24          TIME: 17:11:38  
 **********************************************************************************************************************************

 SHA1:             8c27446f6450a7499e38f603e13c65f775101d37
 **********************************************************************************************************************************

 Memory per process:       500 MW
 Total memory per node:    500 MW

 GA preallocation disabled
 GA check disabled

 Variable memory set to 500.0 MW

 SETTING RCO            =         1.42077677                                  
 SETTING ROH            =         0.96013932                                  
 SETTING RCH1           =         1.09671752                                  
 SETTING RCH2           =         1.08440070                                  
 SETTING RCH3           =         1.09171752                                  
 SETTING ACOH           =       108.12930637                                  
 SETTING AOCH1          =       111.65221523                                  
 SETTING AOCH2          =       107.18733878                                  
 SETTING AOCH3          =       111.65221523                                  
 SETTING AHH1           =        61.43364279                                  
 SETTING AHH2           =       180.00000000                                  
 SETTING AHH3           =       298.56635721                                  
 SETTING BASIS          =    CC-PVTZ-F12


 Recomputing integrals since basis changed


 Using spherical harmonics

 Library entry C      S cc-pVTZ-F12          selected for orbital group  1
 Library entry C      P cc-pVTZ-F12          selected for orbital group  1
 Library entry C      D cc-pVTZ-F12          selected for orbital group  1
 Library entry C      F cc-pVTZ-F12          selected for orbital group  1
 Library entry O      S cc-pVTZ-F12          selected for orbital group  2
 Library entry O      P cc-pVTZ-F12          selected for orbital group  2
 Library entry O      D cc-pVTZ-F12          selected for orbital group  2
 Library entry O      F cc-pVTZ-F12          selected for orbital group  2
 Library entry H      S cc-pVTZ-F12          selected for orbital group  3
 Library entry H      P cc-pVTZ-F12          selected for orbital group  3
 Library entry H      D cc-pVTZ-F12          selected for orbital group  3


 PROGRAM * SEWARD (Integral evaluation for generally contracted gaussian basis sets)     Author: Roland Lindh, 1990

 Geometry written to block  1 of record 700

 Orientation using atomic masses  
 Molecule type: Asymmetric top
 Rotational constants:      23.9514057     24.7945870    128.4612848 GHz  (calculated with average atomic masses)

 Point group  C1  



 ATOMIC COORDINATES

 NR  ATOM    CHARGE       X              Y              Z

   1  C       6.00   -0.000877296    0.024750190   -1.376494809
   2  O       8.00    0.000939295   -0.121907916    1.304375056
   3  H       1.00   -0.008796811    1.568976085    1.962299942
   4  H1      1.00    1.684937101    0.996196652   -2.090329654
   5  H2      1.00    0.010200545   -1.896925832   -2.088072309
   6  H3      1.00   -1.690796415    0.971909248   -2.085879377

 Bond lengths in Bohr (Angstrom)

 1-2  2.684878979  1-4  2.072495741  1-5  2.049220337  1-6  2.063047110  2-3  1.814400356
     ( 1.420776770)     ( 1.096717516)     ( 1.084400703)     ( 1.091717516)     ( 0.960139320)

 Bond angles

  1-2-3  108.12930637   2-1-4  111.65221523   2-1-5  107.18733878   2-1-6  111.65221523

  4-1-5  108.39459424   4-1-6  109.43105099   5-1-6  108.39459424

 NUCLEAR CHARGE:                   18
 NUMBER OF PRIMITIVE AOS:         228
 NUMBER OF SYMMETRY AOS:          206
 NUMBER OF CONTRACTIONS:          178   (  178A   )
 NUMBER OF INNER CORE ORBITALS:     0   (    0A   )
 NUMBER OF OUTER CORE ORBITALS:     2   (    2A   )
 NUMBER OF VALENCE ORBITALS:       12   (   12A   )


 NUCLEAR REPULSION ENERGY   40.32687205

 Eigenvalues of metric

         1 0.883E-04 0.184E-03 0.310E-03 0.324E-03 0.460E-03 0.493E-03 0.560E-03 0.571E-03


 Contracted 2-electron integrals neglected if value below      1.0D-11
 AO integral compression algorithm  1   Integral accuracy      1.0D-11

     611.058 MB (compressed) written to integral file ( 51.2%)


 NUMBER OF SORTED TWO-ELECTRON INTEGRALS:  126906346.     BUFFER LENGTH:  32768
 NUMBER OF SEGMENTS:   8  SEGMENT LENGTH:   15999503      RECORD LENGTH: 524288

 Memory used in sort:      16.56 MW

 SORT1 READ   149034713. AND WROTE   124793910. INTEGRALS IN    360 RECORDS. CPU TIME:     2.67 SEC, REAL TIME:    28.63 SEC
 SORT2 READ   124793910. AND WROTE   126906346. INTEGRALS IN   2331 RECORDS. CPU TIME:     2.14 SEC, REAL TIME:    40.59 SEC

 FILE SIZES:   FILE 1:   642.3 MBYTE,  FILE 4:  1510.0 MBYTE,   TOTAL:   2152.3 MBYTE

 OPERATOR DM      FOR CENTER  0  COORDINATES:    0.000000    0.000000    0.000000


 **********************************************************************************************************************************
 DATASETS  * FILE   NREC   LENGTH (MB)   RECORD NAMES
              1      19      563.53       500      610      700      900      950      970     1000      129      960     1100   
                                          VAR    BASINP    GEOM    SYMINP    ZMAT    AOBASIS   BASIS     P2S    ABASIS      S 
                                         1400     1410     1200     1210     1080     1600     1650     1300     1700   
                                           T        V       H0       H01     AOSYM     SMH    MOLCAS    ERIS     OPER   

 PROGRAMS   *        TOTAL       INT
 CPU TIMES  *         9.78      9.66
 REAL TIME  *        87.65 SEC
 DISK USED  *         2.15 GB
 **********************************************************************************************************************************


 PROGRAM * RHF-SCF (CLOSED SHELL)       Authors: W. Meyer, H.-J. Werner


 NUMBER OF ELECTRONS:       9+    9-    SPACE SYMMETRY=1    SPIN SYMMETRY: Singlet 
 CONVERGENCE THRESHOLDS:    1.00E-05 (Density)    1.00E-07 (Energy)
 MAX. NUMBER OF ITERATIONS:       60
 INTERPOLATION TYPE:            DIIS
 INTERPOLATION STEPS:              2 (START)      1 (STEP)
 LEVEL SHIFTS:                  0.00 (CLOSED)  0.00 (OPEN) 



 Orbital guess generated from atomic densities. Full valence occupancy:   14

 Molecular orbital dump at record        2100.2

 Initial occupancy:   9

 ITERATION    DDIFF          GRAD             ENERGY        2-EL.EN.            DIPOLE MOMENTS         DIIS   ORB.
    1      0.000D+00      0.000D+00      -115.06229048    164.446142   -0.00473    0.90460   -0.47792    0    start
    2      0.000D+00      0.506D-02      -115.09064550    161.867571   -0.00422    0.49569   -0.30249    1    diag
    3      0.480D-02      0.277D-02      -115.09814955    163.129969   -0.00495    0.59900   -0.39591    2    diag
    4      0.163D-02      0.545D-03      -115.09868166    162.953461   -0.00512    0.59381   -0.39127    3    diag
    5      0.436D-03      0.110D-03      -115.09871605    162.965140   -0.00519    0.58979   -0.39604    4    diag
    6      0.121D-03      0.204D-04      -115.09871761    162.962801   -0.00521    0.58991   -0.39681    5    diag
    7      0.349D-04      0.431D-05      -115.09871768    162.962484   -0.00521    0.58973   -0.39708    6    diag
    8      0.877D-05      0.110D-05      -115.09871768    162.962793   -0.00521    0.58973   -0.39709    0    orth

 Final occupancy:   9

 !RHF STATE  1.1 Energy              -115.098717684621
 Nuclear energy                        40.32687205
 One-electron energy                 -236.90698636
 Two-electron energy                   81.48139662
 Virial quotient                       -1.00107951
 !RHF STATE  1.1 Dipole moment         -0.00520876     0.58972662    -0.39709264
 Dipole moment /Debye                  -0.01323848     1.49883737    -1.00924272

 Orbital energies:

         1.1          2.1          3.1          4.1          5.1          6.1          7.1          8.1          9.1         10.1
    -20.556460   -11.270399    -1.357002    -0.925865    -0.690658    -0.621050    -0.594480    -0.504221    -0.451962     0.054688

        11.1
      0.065011


 HOMO      9.1    -0.451962 =     -12.2985eV
 LUMO     10.1     0.054688 =       1.4881eV
 LUMO-HOMO         0.506650 =      13.7866eV


 **********************************************************************************************************************************
 DATASETS  * FILE   NREC   LENGTH (MB)   RECORD NAMES
              1      19      563.53       500      610      700      900      950      970     1000      129      960     1100   
                                          VAR    BASINP    GEOM    SYMINP    ZMAT    AOBASIS   BASIS     P2S    ABASIS      S 
                                         1400     1410     1200     1210     1080     1600     1650     1300     1700   
                                           T        V       H0       H01     AOSYM     SMH    MOLCAS    ERIS     OPER   

              2       4        3.48       700     1000      520     2100   
                                         GEOM     BASIS   MCVARS     RHF  

 PROGRAMS   *        TOTAL    HF-SCF       INT
 CPU TIMES  *        17.88      8.09      9.66
 REAL TIME  *        99.60 SEC
 DISK USED  *         2.15 GB
 **********************************************************************************************************************************


 PROGRAM * MP2 (Closed-shell)     Authors: C. Hampel, H.-J. Werner, 1991, M. Deegan, P.J. Knowles, 1992

                                   MP2-F12 implementation by H.-J. Werner, 2007

                   Density fitting integral evaluation by F.R. Manby, 2003,2007, G. Knizia, 2010


 Basis set AUG-CC-PVTZ/JKFIT generated.  Number of basis functions:   392 
 Basis set CC-PVTZ-F12/OPTRI generated.  Number of basis functions:   314 
 Basis set AUG-CC-PVTZ/MP2FIT generated. Number of basis functions:   396 

 Convergence thresholds:  THRVAR = 1.00D-08  THRDEN = 1.00D-06

 Number of core orbitals:           2 (   2 )
 Number of closed-shell orbitals:   7 (   7 )
 Number of external orbitals:     169 ( 169 )

 Molecular orbitals read from record     2100.2  Type=RHF/CANONICAL (state 1.1)

 MP2-F12 correlation treatment (H.-J. Werner, 2006)
 ==================================================

 Using MP2-F12 with ansatz 3C(FIX)

 Using projected zeroth-order Hamiltonian (+Z)

 FOCKRIB=T FOCKRIC=T FOCKRIP=T CABSP=T CABSA=T CABSK=T CABSF=T GBC=F EBC=F DMAT=T NOFIK=T NOPAO=1 SOLVE=-1  USEPAO=0
 EXCH_A= T EXCH_B= F EXCH_C= F EXCH_P= F

 Geminal basis:    OPTFULL  GEM_TYPE=SLATER  BETA=1.0  NGEM=6

 Optimizing Gaussian exponents for each gem_beta

 Geminal optimization for beta= 1.0000
 Weight function:   m=0, omega= 1.4646

 Augmented Hessian optimization of geminal fit. Trust ratio= 0.40000
 Convergence reached after   2 iterations. Final gradient= 8.66D-16, Step= 4.23D-06, Delta= 1.28D-09

 Alpha:                 0.19532     0.81920     2.85917     9.50073    35.69989   197.79328
 Coeff:                 0.27070     0.30552     0.18297     0.10986     0.06810     0.04224


 All pairs explicitly correlated. Number of r12-pairs:           28

 Excluding core orbitals from MO domains

 AO(A)-basis ORBITAL           loaded. Number of functions:     178
 RI(R)-basis CC-PVTZ-F12/OPTRI loaded. Number of functions:     314
 DF-basis AUG-CC-PVTZ/JKFIT    loaded. Number of functions:     392

 Screening thresholds:   THRAO=  1.00D-10  THRMO=  1.00D-09  THRPROD=  1.00D-09
                         THRSW=  1.00D-05  THROV=  1.00D-12  THRAOF12= 1.00D-08

 CPU time for Fock operators                      1.61 sec

 Construction of ABS:
 Smallest eigenvalue of S          4.39E-04  (threshold= 1.00E-08)
 Ratio eigmin/eigmax               5.61E-05  (threshold= 1.00E-09)
 Smallest eigenvalue of S kept     4.39E-04  (threshold= 4.39E-04, 0 functions deleted, 314 kept)

 Construction of CABS:
 Smallest eigenvalue of S          7.33E-07  (threshold= 1.00E-08)
 Ratio eigmin/eigmax               7.33E-07  (threshold= 1.00E-09)
 Smallest eigenvalue of S kept     7.33E-07  (threshold= 7.33E-07, 0 functions deleted, 314 kept)

 CPU time for CABS singles                        0.04 sec

 CABS-singles contribution of  -0.00135209 patched into reference energy.
 New reference energy        -115.10006977

 AO(A)-basis ORBITAL           loaded. Number of functions:     178
 RI(R)-basis CC-PVTZ-F12/OPTRI loaded. Number of functions:     314
 DF-basis AUG-CC-PVTZ/MP2FIT   loaded. Number of functions:     396

 Screening thresholds:   THRAO=  1.00D-10  THRMO=  1.00D-09  THRPROD=  1.00D-09
                         THRSW=  1.00D-05  THROV=  1.00D-12  THRAOF12= 1.00D-08

 CPU time for 3-index integral evaluation         3.63 sec
 CPU time for first  half transformation          0.26 sec ( 9496.4 MFLOP/sec)
 CPU time for sorting                             0.02 sec
 CPU time for fitting                             0.02 sec (56971.3 MFLOP/sec)
 CPU time for tilde quantities                    0.03 sec (50348.4 MFLOP/sec)
 CPU time for assembly                            0.24 sec (51473.3 MFLOP/sec)
 CPU time for tranop_f12                          0.29 sec (54690.4 MFLOP/sec)
 CPU time for f12 integrals (total)               4.96 sec, Elapsed time:      6.84 sec
 CPU time for f12 matrices (total)                0.11 sec, Elapsed time:      0.15 sec

 Diagonal F12 approximation with fixed coefficients:  TSING= 0.500,  TTRIP= 0.250 (scaled by -1/beta)

 DF-MP2-F12 energy corrections:
 ==============================
 Approx.                                    Singlet             Triplet             Total
 DF-MP2-F12/3*C(DX,FIX)                -0.038277424653     -0.004211354619     -0.042488779272
 DF-MP2-F12/3*C(FIX)                   -0.036080825354     -0.003929889561     -0.040010714916
 DF-MP2-F12/3C(FIX)                    -0.036023669635     -0.004064922087     -0.040088591722

 DF-MP2-F12 correlation energies:
 ================================
 Approx.                                    Singlet             Triplet             Ecorr            Total Energy
 DF-MP2                                -0.291137824712     -0.152366050551     -0.443503875263   -115.543573649160
 DF-MP2-F12/3*C(DX,FIX)                -0.329415249364     -0.156577405170     -0.485992654535   -115.586062428432
 DF-MP2-F12/3*C(FIX)                   -0.327218650066     -0.156295940113     -0.483514590179   -115.583584364076
 DF-MP2-F12/3C(FIX)                    -0.327161494347     -0.156430972638     -0.483592466985   -115.583662240882

 SCS-DF-MP2 energies (F_SING= 1.20000  F_TRIP= 0.62222  F_PARALLEL= 0.33333):
 ============================================================================
 SCS-DF-MP2                            -0.444170932219   -115.544240706116
 SCS-DF-MP2-F12/3*C(DX,FIX)            -0.492724240232   -115.592794014129
 SCS-DF-MP2-F12/3*C(FIX)               -0.489913187260   -115.589982961157
 SCS-DF-MP2-F12/3C(FIX)                -0.489928620635   -115.589998394532
 Symmetry transformation completed.

 Number of N-1 electron functions:               7
 Number of N-2 electron functions:              28
 Number of singly external CSFs:              1183
 Number of doubly external CSFs:            700336
 Total number of CSFs:                      701520

 Length of J-op  integral file:             104.98 MB
 Length of K-op  integral file:             138.67 MB

 Integral transformation finished. Total CPU:   1.42 sec, npass=  1  Memory used:   2.18 MW

 ITER.      SQ.NORM     CORR.ENERGY   TOTAL ENERGY   ENERGY CHANGE     VAR   MIC
   1      1.00000000    -0.44357033  -115.54364010    -0.44357033  0.00D+00   0
   2      1.11482355    -0.44357033  -115.54364010    -0.00000000  0.16D-14   0

 Solving MP2-F12 equations

   1      1.11478717    -0.48290080  -115.58297057    -0.03933047 -0.37D-04   0
   2      1.11478717    -0.48365751  -115.58372729    -0.00075672 -0.92D-18   0
   3      1.11478717    -0.48365751  -115.58372729     0.00000000  0.59D-19   0

 CPU TIME FOR ITERATIVE MP2:    0.11 SEC


 MP2-F12 energy corrections:
 ===========================
 Approx.                                    Singlet             Triplet             Total
 MP2-F12/3*C(DX,FIX)                   -0.038277424653     -0.004211354619     -0.042488779272
 MP2-F12/3*C(FIX)                      -0.036080825354     -0.003929889561     -0.040010714916
 MP2-F12/3C(FIX)                       -0.036020969132     -0.004066215209     -0.040087184342

 MP2-F12 correlation energies:
 =============================
 Approx.                                    Singlet             Triplet             Ecorr            Total Energy
 MP2                                   -0.291321194297     -0.152249135948     -0.443570330245   -115.543640104142
 MP2-F12/3*C(DX,FIX)                   -0.329598618950     -0.156460490566     -0.486059109516   -115.586128883414
 MP2-F12/3*C(FIX)                      -0.327402019652     -0.156179025509     -0.483581045160   -115.583650819058
 MP2-F12/3C(FIX)                       -0.327342163429     -0.156315351157     -0.483657514586   -115.583727288483

 SCS-MP2 energies (F_SING= 1.20000  F_TRIP= 0.62222  F_PARALLEL= 0.33333):
 =========================================================================
 SCS-MP2                               -0.444318228857   -115.544388002754
 SCS-MP2-F12/3*C(DX,FIX)               -0.492871536870   -115.592941310767
 SCS-MP2-F12/3*C(FIX)                  -0.490060483898   -115.590130257796
 SCS-MP2-F12/3C(FIX)                   -0.490073481280   -115.590143255177


  Reference energy                   -115.098717684621
  F12 singles correction               -0.001352089277

 F12 singles corrections added to reference energy

  New reference energy               -115.100069773897

  F12/3C(F) singlet correction         -0.036020969132
  F12/3C(F) triplet correction         -0.004066215209
  F12/3C(F) total correction           -0.040087184342
  MP2-F12/3C(F) singlet pair energy    -0.327342163429
  MP2-F12/3C(F) triplet pair energy    -0.156315351157
  MP2-F12/3C(F) correlation energy     -0.483657514586

 !MP2-F12/3C(F) total energy         -115.583727288483


 **********************************************************************************************************************************
 DATASETS  * FILE   NREC   LENGTH (MB)   RECORD NAMES
              1      20      574.71       500      610      700      900      950      970     1000      129      960     1100   
                                          VAR    BASINP    GEOM    SYMINP    ZMAT    AOBASIS   BASIS     P2S    ABASIS      S 
                                         1400     1410     1200     1210     1080     1600     1650     1300     1700     1380   
                                           T        V       H0       H01     AOSYM     SMH    MOLCAS    ERIS     OPER     JKOP   

              2       7        4.13       700     1000      520     2100     7360     7350     7000   
                                         GEOM     BASIS   MCVARS     RHF    F12ABS    EF12   

 PROGRAMS   *        TOTAL   MP2-F12    HF-SCF       INT
 CPU TIMES  *        26.38      8.51      8.09      9.66
 REAL TIME  *       111.86 SEC
 DISK USED  *         2.15 GB
 **********************************************************************************************************************************


 PROGRAM * CCSD (Closed-shell coupled cluster)     Authors: C. Hampel, H.-J. Werner, 1991, M. Deegan, P.J. Knowles, 1992

                                  CCSD-F12 implementation by  H.-J. Werner, 2007

                   Density fitting integral evaluation by F.R. Manby, 2003,2007, G. Knizia, 2010



 Convergence thresholds:  THRVAR = 1.00D-08  THRDEN = 1.00D-06

 CCSD(T)     terms to be evaluated (factor= 1.000)


 Number of core orbitals:           2 (   2 )
 Number of closed-shell orbitals:   7 (   7 )
 Number of external orbitals:     169 ( 169 )

 Molecular orbitals read from record     2100.2  Type=RHF/CANONICAL (state 1.1)

 MP2-F12 correlation treatment (H.-J. Werner, 2006)
 ==================================================

 Using MP2-F12 with ansatz 3C(FIX)

 Using projected zeroth-order Hamiltonian (+Z)

 FOCKRIB=T FOCKRIC=T FOCKRIP=T CABSP=T CABSA=T CABSK=T CABSF=T GBC=F EBC=F DMAT=T NOFIK=T NOPAO=1 SOLVE=-1  USEPAO=0
 EXCH_A= T EXCH_B= F EXCH_C= F EXCH_P= F

 Geminal basis:    OPTFULL  GEM_TYPE=SLATER  BETA=1.0  NGEM=6

 Optimizing Gaussian exponents for each gem_beta

 Geminal optimization for beta= 1.0000
 Weight function:   m=0, omega= 1.4646

 Augmented Hessian optimization of geminal fit. Trust ratio= 0.40000
 Convergence reached after   2 iterations. Final gradient= 8.66D-16, Step= 4.23D-06, Delta= 1.28D-09

 Alpha:                 0.19532     0.81920     2.85917     9.50073    35.69989   197.79328
 Coeff:                 0.27070     0.30552     0.18297     0.10986     0.06810     0.04224


 All pairs explicitly correlated. Number of r12-pairs:           28

 Excluding core orbitals from MO domains

 AO(A)-basis ORBITAL           loaded. Number of functions:     178
 RI(R)-basis CC-PVTZ-F12/OPTRI loaded. Number of functions:     314
 DF-basis AUG-CC-PVTZ/JKFIT    loaded. Number of functions:     392

 Screening thresholds:   THRAO=  1.00D-10  THRMO=  1.00D-09  THRPROD=  1.00D-09
                         THRSW=  1.00D-05  THROV=  1.00D-12  THRAOF12= 1.00D-08

 CPU time for Fock operators                      1.59 sec

 Construction of ABS:
 Smallest eigenvalue of S          4.39E-04  (threshold= 1.00E-08)
 Ratio eigmin/eigmax               5.61E-05  (threshold= 1.00E-09)
 Smallest eigenvalue of S kept     4.39E-04  (threshold= 4.39E-04, 0 functions deleted, 314 kept)

 Construction of CABS:
 Smallest eigenvalue of S          7.33E-07  (threshold= 1.00E-08)
 Ratio eigmin/eigmax               7.33E-07  (threshold= 1.00E-09)
 Smallest eigenvalue of S kept     7.33E-07  (threshold= 7.33E-07, 0 functions deleted, 314 kept)

 CPU time for CABS singles                        0.04 sec

 CABS-singles contribution of  -0.00135209 patched into reference energy.
 New reference energy        -115.10006977

 AO(A)-basis ORBITAL           loaded. Number of functions:     178
 RI(R)-basis CC-PVTZ-F12/OPTRI loaded. Number of functions:     314
 DF-basis AUG-CC-PVTZ/MP2FIT   loaded. Number of functions:     396

 Screening thresholds:   THRAO=  1.00D-10  THRMO=  1.00D-09  THRPROD=  1.00D-09
                         THRSW=  1.00D-05  THROV=  1.00D-12  THRAOF12= 1.00D-08

 CPU time for 3-index integral evaluation         3.58 sec
 CPU time for first  half transformation          0.30 sec ( 8230.2 MFLOP/sec)
 CPU time for second half transformation          0.03 sec ( 2072.3 MFLOP/sec)
 CPU time for fitting                             0.03 sec (37980.8 MFLOP/sec)
 CPU time for tilde quantities                    0.03 sec (50348.4 MFLOP/sec)
 CPU time for assembly                            0.21 sec (58826.6 MFLOP/sec)
 CPU time for tranop_f12                          0.29 sec (54690.4 MFLOP/sec)
 CPU time for f12 integrals (total)               4.92 sec, Elapsed time:      5.31 sec
 CPU time for f12 matrices (total)                0.11 sec, Elapsed time:      0.15 sec

 Diagonal F12 approximation with fixed coefficients:  TSING= 0.500,  TTRIP= 0.250 (scaled by -1/beta)

 DF-MP2-F12 energy corrections:
 ==============================
 Approx.                                    Singlet             Triplet             Total
 DF-MP2-F12/3*C(DX,FIX)                -0.038277424653     -0.004211354619     -0.042488779272
 DF-MP2-F12/3*C(FIX)                   -0.036080825354     -0.003929889561     -0.040010714916
 DF-MP2-F12/3C(FIX)                    -0.036023669635     -0.004064922087     -0.040088591722

 DF-MP2-F12 correlation energies:
 ================================
 Approx.                                    Singlet             Triplet             Ecorr            Total Energy
 DF-MP2                                -0.291137824712     -0.152366050551     -0.443503875263   -115.543573649160
 DF-MP2-F12/3*C(DX,FIX)                -0.329415249364     -0.156577405170     -0.485992654535   -115.586062428432
 DF-MP2-F12/3*C(FIX)                   -0.327218650066     -0.156295940113     -0.483514590179   -115.583584364076
 DF-MP2-F12/3C(FIX)                    -0.327161494347     -0.156430972638     -0.483592466985   -115.583662240882

 SCS-DF-MP2 energies (F_SING= 1.20000  F_TRIP= 0.62222  F_PARALLEL= 0.33333):
 ============================================================================
 SCS-DF-MP2                            -0.444170932219   -115.544240706116
 SCS-DF-MP2-F12/3*C(DX,FIX)            -0.492724240232   -115.592794014129
 SCS-DF-MP2-F12/3*C(FIX)               -0.489913187260   -115.589982961157
 SCS-DF-MP2-F12/3C(FIX)                -0.489928620635   -115.589998394532
 Symmetry transformation completed.

 Number of N-1 electron functions:               7
 Number of N-2 electron functions:              28
 Number of singly external CSFs:              1183
 Number of doubly external CSFs:            700336
 Total number of CSFs:                      701520

 Length of J-op  integral file:             105.23 MB
 Length of K-op  integral file:             138.67 MB
 Length of 3-ext integral record:             0.00 MB

 Memory could be reduced to 48.01 Mwords without degradation in triples

 Integral transformation finished. Total CPU:   3.37 sec, npass=  1  Memory used:  24.86 MW

 Reference energy:                   -115.10006977

 Adding F12 terms to K(Cij), methodcc=6,  factor= 1.0

 ITER.      SQ.NORM     CORR.ENERGY   TOTAL ENERGY   ENERGY CHANGE        DEN1      VAR(S)    VAR(P)  DIIS     TIME  TIME/IT
   1      1.11772505    -0.45290991  -115.55297969    -0.00933958     0.00167573  0.15D-02  0.19D-02  1  1    13.10     4.66
   2      1.12515161    -0.45327449  -115.55334427    -0.00036458    -0.00905710  0.24D-04  0.23D-03  2  2    16.17     5.24
   3      1.12789129    -0.45345269  -115.55352246    -0.00017819    -0.00186994  0.15D-04  0.13D-04  3  3    19.19     5.26
   4      1.12884221    -0.45347054  -115.55354031    -0.00001785    -0.00060202  0.86D-06  0.12D-05  4  4    22.49     6.17
   5      1.12899819    -0.45347213  -115.55354190    -0.00000159    -0.00003806  0.23D-06  0.10D-06  5  5    25.60     6.13
   6      1.12904088    -0.45346978  -115.55353955     0.00000235    -0.00000424  0.36D-07  0.96D-08  6  6    29.17     7.14
   7      1.12905201    -0.45346890  -115.55353868     0.00000088    -0.00000299  0.40D-08  0.14D-08  6  1    32.44     7.43
   8      1.12905380    -0.45346897  -115.55353874    -0.00000006     0.00000033  0.68D-09  0.20D-09  6  3    35.76     7.82

 Norm of t1 vector:      0.05005283      S-energy:     0.00000008      T1 diagnostic:  0.00945910
                                                                       D1 diagnostic:  0.02005821

 Adding energy correction from Wij-K(Fij), methodcc=6  factor= 1.0

  CCSD correlation energy              -0.453468965037
  MP2-F12 correction (uncoupled)       -0.038536398567
  C*T doubles correction               -0.001165144275
  f12b correction                       0.007098717585


 Total CPU time for triples:     36.94 sec


 RESULTS
 =======

  Reference energy                   -115.098717684621
  F12 singles correction               -0.001352089277

 F12 singles corrections added to reference energy

  New reference energy               -115.100069773897

  F12a singlet correction              -0.035783965421
  F12a triplet correction              -0.003917577421
  F12a total correction                -0.039701542842

 F12a corrections for ansatz F12/3C(FIX) added to CCSD energy

  CCSD-F12a singlet pair energy        -0.351268207068
  CCSD-F12a triplet pair energy        -0.141902379139
  CCSD-F12a correlation energy         -0.493170507879

  Triples (T) contribution             -0.016026664087
  Total correlation energy             -0.509197171966

  CCSD-F12a total energy             -115.593240281776
  CCSD[T]-F12a energy                -115.609821246676
  CCSD-T-F12a energy                 -115.609022665878
 !CCSD(T)-F12a total energy          -115.609266945863

 F12b corrections for ansatz F12/3C(FIX) added to CCSD(T)-F12a energy

  CCSD-F12b singlet pair energy        -0.344631438217
  CCSD-F12b triplet pair energy        -0.141440430406
  CCSD-F12b correlation energy         -0.486071790294

  Triples (T) contribution             -0.016026664087
  Total correlation energy             -0.502098454381

  CCSD-F12b total energy             -115.586141564191
  CCSD[T]-F12b energy                -115.602722529091
  CCSD-T-F12b energy                 -115.601923948293
 !CCSD(T)-F12b total energy          -115.602168228278

 Timing summary (sec):

 STEP                 CPU(USER)    SYS     CPU(TOT)    WALL
 Transformation          3.41      1.29      4.70      9.08
 CCSD iterations        25.62      6.76     32.38     62.68
 Triples                36.94      1.40     38.34     40.12
 MP2-F12                 6.75      0.49      7.24      7.32
 F12b energy             2.32      0.17      2.49      2.59

 Program statistics:

 Available memory in ccsd:               499999646
 Min. memory needed in ccsd:               2228017
 Max. memory used in ccsd:                 2807120
 Max. memory used in cckext:               2027429 ( 9 integral passes)



 **********************************************************************************************************************************
 DATASETS  * FILE   NREC   LENGTH (MB)   RECORD NAMES
              1      20      710.66       500      610      700      900      950      970     1000      129      960     1100   
                                          VAR    BASINP    GEOM    SYMINP    ZMAT    AOBASIS   BASIS     P2S    ABASIS      S 
                                         1400     1410     1200     1210     1080     1600     1650     1300     1700     1380   
                                           T        V       H0       H01     AOSYM     SMH    MOLCAS    ERIS     OPER     JKOP   

              2       7        4.13       700     1000      520     2100     7360     7350     7000   
                                         GEOM     BASIS   MCVARS     RHF    F12ABS    EF12   

 PROGRAMS   *        TOTAL   CCSD(T)   MP2-F12    HF-SCF       INT
 CPU TIMES  *       101.46     75.08      8.51      8.09      9.66
 REAL TIME  *       233.85 SEC
 DISK USED  *         2.15 GB
 **********************************************************************************************************************************
 SETTING XXX            =    "MMM"
 SETTING POINT          =        26.00000000                                  

 *** ### CH3OH


 XXX       RCO          ROH          RCH1         RCH2         RCH3           ACOH           AOCH1          AOCH2          AOCH3         AHH1           AHH2           AHH3            ENERGY       POINT
 "MMM"   1.42077677   0.96013932   1.09671752   1.08440070   1.09171752   108.12930637   111.65221523   107.18733878   111.65221523   61.43364279   180.00000000   298.56635721   -115.60926695   26.0000
                                                  

 CCSD(T)-F12/cc-pVTZ-F12 energy=   -115.602168228278

     CCSD(T)-F12         MP2-F12          HF-SCF
   -115.60216823   -115.58372729   -115.09871768
 **********************************************************************************************************************************
 Molpro calculation terminated
