
 Primary working directories    : /tmpdir/job/2955622.undefined/molpro.dKIwpsi1P9
 Secondary working directories  : /tmpdir/job/2955622.undefined/molpro.dKIwpsi1P9
 Wavefunction directory         : /home/zcaposm/wfu/
 Main file repository           : /tmpdir/job/2955622.undefined/molpro.dKIwpsi1P9/

 id        : uclcc

 Nodes                         nprocs
 node-d00a-246.myriad.ucl.ac.uk    1

 Using customized tuning parameters: mindgm=1; mindgv=20; mindgc=4; mindgr=1; noblas=0; minvec=7
 default implementation of scratch files=df  


 Variables initialized (945), CPU time= 0.00 sec
 ***,Methanol Ground State Energy with CCSD(T)-F12 and cc-pVTZ-F12
 memory,500,m;
 
 geometry={angstrom
 c
 o , 1, rco
 h , 2, roh, 1, acoh
 h1, 1, rch1, 2, aoch1  3  ahh1
 h2, 1, rch2, 2, aoch2, 3, ahh2
 h3, 1, rch3, 2, aoch3, 3, ahh3
 }
 
                                                ! Specify the initial values of the internal coordinates (in Angstroms and degrees)
 
 rco= 1.42077677
 roh= 0.96013932
 rch1= 1.091717515605
 rch2= 1.08440070258
 rch3= 1.091717515605
 acoh= 109.12930637
 aoch1= 111.6522152299
 aoch2= 107.18733878260001
 aoch3= 111.6522152299
 ahh1=61.43364279
 ahh2=180.0
 ahh3=298.56635721
 
                                                                                 ! Use the cc-pVTZ-F12 basis set
 basis=cc-pVTZ-F12
 
 hf
 
                                                                                 ! Use explicitly correlated F12 methods
                                                                            ! First, MP2-F12 (useful for initial electronic energy)
 {mp2-f12}
 
                                                                        ! If desired, perform CCSD(T)-F12 for more accurate results
 {ccsd(t)-f12}
 
                                                                                 ! Output the energy
 xxx = "mmm"
 point = 56
 text ### CH3OH
 table,xxx,rco,roh,rch1,rch2,rch3,acoh,aoch1,aoch2,aoch3,ahh1,ahh2,ahh3,energy,point
 DIGITS, 0, 8, 8, 8, 8, 8, 8, 8, 8, 8,  8,  8,  8, 8, 4
 save,CH3OH_MEP_MP2_56.dat,new
 
 Commands  initialized (802), CPU time= 0.00 sec, 659 directives.
 Default parameters read. Elapsed time= 0.09 sec

 Checking input...
 Passed
1


                                         ***  PROGRAM SYSTEM MOLPRO  ***
                                       Copyright, TTI GmbH Stuttgart, 2015
                                    Version 2020.1 linked Oct  6 2020 12:04:11


 **********************************************************************************************************************************
 LABEL *   Methanol Ground State Energy with CCSD(T)-F12 and cc-pVTZ-F12                 
  64 bit serial version                                                                  DATE: 08-Oct-24          TIME: 17:17:59  
 **********************************************************************************************************************************

 SHA1:             8c27446f6450a7499e38f603e13c65f775101d37
 **********************************************************************************************************************************

 Memory per process:       500 MW
 Total memory per node:    500 MW

 GA preallocation disabled
 GA check disabled

 Variable memory set to 500.0 MW

 SETTING RCO            =         1.42077677                                  
 SETTING ROH            =         0.96013932                                  
 SETTING RCH1           =         1.09171752                                  
 SETTING RCH2           =         1.08440070                                  
 SETTING RCH3           =         1.09171752                                  
 SETTING ACOH           =       109.12930637                                  
 SETTING AOCH1          =       111.65221523                                  
 SETTING AOCH2          =       107.18733878                                  
 SETTING AOCH3          =       111.65221523                                  
 SETTING AHH1           =        61.43364279                                  
 SETTING AHH2           =       180.00000000                                  
 SETTING AHH3           =       298.56635721                                  
 SETTING BASIS          =    CC-PVTZ-F12


 Recomputing integrals since basis changed


 Using spherical harmonics

 Library entry C      S cc-pVTZ-F12          selected for orbital group  1
 Library entry C      P cc-pVTZ-F12          selected for orbital group  1
 Library entry C      D cc-pVTZ-F12          selected for orbital group  1
 Library entry C      F cc-pVTZ-F12          selected for orbital group  1
 Library entry O      S cc-pVTZ-F12          selected for orbital group  2
 Library entry O      P cc-pVTZ-F12          selected for orbital group  2
 Library entry O      D cc-pVTZ-F12          selected for orbital group  2
 Library entry O      F cc-pVTZ-F12          selected for orbital group  2
 Library entry H      S cc-pVTZ-F12          selected for orbital group  3
 Library entry H      P cc-pVTZ-F12          selected for orbital group  3
 Library entry H      D cc-pVTZ-F12          selected for orbital group  3


 PROGRAM * SEWARD (Integral evaluation for generally contracted gaussian basis sets)     Author: Roland Lindh, 1990

 Geometry written to block  1 of record 700

 Orientation using atomic masses  
 Molecule type: Asymmetric top
 Symmetry elements: X
 Rotational constants:      23.9330799     24.7682633    129.1226000 GHz  (calculated with average atomic masses)

 Point group  Cs  



 ATOMIC COORDINATES

 NR  ATOM    CHARGE       X              Y              Z

   1  C       6.00    0.000000000    0.026090577   -1.377506976
   2  O       8.00    0.000000000   -0.122187977    1.303274366
   3  H       1.00    0.000000000    1.556570455    1.991619325
   4  H1      1.00    1.684053272    0.983623840   -2.086913775
   5  H3      1.00   -1.684053272    0.983623840   -2.086913775
   6  H2      1.00    0.000000000   -1.895189057   -2.090240135

 Bond lengths in Bohr (Angstrom)

 1-2  2.684878979  1-4  2.063047110  1-5  2.063047110  1-6  2.049220337  2-3  1.814400356
     ( 1.420776770)     ( 1.091717516)     ( 1.091717516)     ( 1.084400703)     ( 0.960139320)

 Bond angles

  1-2-3  109.12930637   2-1-4  111.65221523   2-1-5  111.65221523   2-1-6  107.18733878

  4-1-5  109.43105099   4-1-6  108.39459424   5-1-6  108.39459424

 NUCLEAR CHARGE:                   18
 NUMBER OF PRIMITIVE AOS:         228
 NUMBER OF SYMMETRY AOS:          206
 NUMBER OF CONTRACTIONS:          178   (  114A'  +   64A"  )
 NUMBER OF INNER CORE ORBITALS:     0   (    0A'  +    0A"  )
 NUMBER OF OUTER CORE ORBITALS:     2   (    2A'  +    0A"  )
 NUMBER OF VALENCE ORBITALS:       12   (    9A'  +    3A"  )


 NUCLEAR REPULSION ENERGY   40.33280610

 Eigenvalues of metric

         1 0.880E-04 0.182E-03 0.310E-03 0.460E-03 0.493E-03 0.560E-03 0.616E-03 0.621E-03
         2 0.323E-03 0.570E-03 0.686E-03 0.178E-02 0.338E-02 0.491E-02 0.644E-02 0.869E-02


 Contracted 2-electron integrals neglected if value below      1.0D-11
 AO integral compression algorithm  1   Integral accuracy      1.0D-11

     331.612 MB (compressed) written to integral file ( 53.5%)


 NUMBER OF SORTED TWO-ELECTRON INTEGRALS:   64554730.     BUFFER LENGTH:  32768
 NUMBER OF SEGMENTS:   5  SEGMENT LENGTH:   15997996      RECORD LENGTH: 524288

 Memory used in sort:      16.56 MW

 SORT1 READ    77497885. AND WROTE    63553573. INTEGRALS IN    184 RECORDS. CPU TIME:     0.93 SEC, REAL TIME:     6.29 SEC
 SORT2 READ    63553573. AND WROTE    64554730. INTEGRALS IN   1265 RECORDS. CPU TIME:     1.18 SEC, REAL TIME:    13.08 SEC

 FILE SIZES:   FILE 1:   362.5 MBYTE,  FILE 4:   771.8 MBYTE,   TOTAL:   1134.3 MBYTE

 OPERATOR DM      FOR CENTER  0  COORDINATES:    0.000000    0.000000    0.000000


 **********************************************************************************************************************************
 DATASETS  * FILE   NREC   LENGTH (MB)   RECORD NAMES
              1      19      311.81       500      610      700      900      950      970     1000      129      960     1100   
                                          VAR    BASINP    GEOM    SYMINP    ZMAT    AOBASIS   BASIS     P2S    ABASIS      S 
                                         1400     1410     1200     1210     1080     1600     1650     1300     1700   
                                           T        V       H0       H01     AOSYM     SMH    MOLCAS    ERIS     OPER   

 PROGRAMS   *        TOTAL       INT
 CPU TIMES  *         5.77      5.65
 REAL TIME  *        33.69 SEC
 DISK USED  *         1.13 GB
 **********************************************************************************************************************************


 PROGRAM * RHF-SCF (CLOSED SHELL)       Authors: W. Meyer, H.-J. Werner


 NUMBER OF ELECTRONS:       9+    9-
 CONVERGENCE THRESHOLDS:    1.00E-05 (Density)    1.00E-07 (Energy)
 MAX. NUMBER OF ITERATIONS:       60
 INTERPOLATION TYPE:            DIIS
 INTERPOLATION STEPS:              2 (START)      1 (STEP)
 LEVEL SHIFTS:                  0.00 (CLOSED)  0.00 (OPEN) 



 Orbital guess generated from atomic densities. Full valence occupancy:   11   3

 Molecular orbital dump at record        2100.2

 Initial occupancy:   7   2

 ITERATION    DDIFF          GRAD             ENERGY        2-EL.EN.            DIPOLE MOMENTS         DIIS   ORB.
    1      0.000D+00      0.000D+00      -115.06250913    164.473400    0.00000    0.90015   -0.46496    0    start
    2      0.000D+00      0.668D-02      -115.09080066    161.881198    0.00000    0.49586   -0.29602    1    diag
    3      0.652D-02      0.365D-02      -115.09826753    163.148757    0.00000    0.59820   -0.38807    2    diag
    4      0.221D-02      0.719D-03      -115.09879860    162.971921    0.00000    0.59320   -0.38386    3    diag
    5      0.593D-03      0.144D-03      -115.09883264    162.983195    0.00000    0.58925   -0.38869    4    diag
    6      0.165D-03      0.268D-04      -115.09883418    162.981052    0.00000    0.58939   -0.38948    5    diag
    7      0.474D-04      0.567D-05      -115.09883425    162.980639    0.00000    0.58921   -0.38975    6    diag
    8      0.119D-04      0.151D-05      -115.09883425    162.981001    0.00000    0.58919   -0.38978    7    diag
    9      0.238D-05      0.478D-06      -115.09883425    162.980836    0.00000    0.58918   -0.38979    0    orth

 Final occupancy:   7   2

 !RHF STATE  1.1 Energy              -115.098834251900
 Nuclear energy                        40.33280610
 One-electron energy                 -236.92205824
 Two-electron energy                   81.49041790
 Virial quotient                       -1.00104033
 !RHF STATE  1.1 Dipole moment          0.00000000     0.58918032    -0.38978700
 Dipole moment /Debye                   0.00000000     1.49744893    -0.99067485

 Orbital energies:

         1.1          2.1          3.1          4.1          5.1          6.1          7.1          8.1          9.1
    -20.555873   -11.269844    -1.356176    -0.926758    -0.690642    -0.594822    -0.503280     0.054772     0.065010

         1.2          2.2          3.2          4.2
     -0.621279    -0.451938     0.073852     0.181423


 HOMO      2.2    -0.451938 =     -12.2979eV
 LUMO      8.1     0.054772 =       1.4904eV
 LUMO-HOMO         0.506710 =      13.7883eV


 **********************************************************************************************************************************
 DATASETS  * FILE   NREC   LENGTH (MB)   RECORD NAMES
              1      19      311.81       500      610      700      900      950      970     1000      129      960     1100   
                                          VAR    BASINP    GEOM    SYMINP    ZMAT    AOBASIS   BASIS     P2S    ABASIS      S 
                                         1400     1410     1200     1210     1080     1600     1650     1300     1700   
                                           T        V       H0       H01     AOSYM     SMH    MOLCAS    ERIS     OPER   

              2       4        3.18       700     1000      520     2100   
                                         GEOM     BASIS   MCVARS     RHF  

 PROGRAMS   *        TOTAL    HF-SCF       INT
 CPU TIMES  *         8.77      3.00      5.65
 REAL TIME  *        38.73 SEC
 DISK USED  *         1.13 GB
 **********************************************************************************************************************************


 PROGRAM * MP2 (Closed-shell)     Authors: C. Hampel, H.-J. Werner, 1991, M. Deegan, P.J. Knowles, 1992

                                   MP2-F12 implementation by H.-J. Werner, 2007

                   Density fitting integral evaluation by F.R. Manby, 2003,2007, G. Knizia, 2010


 Basis set AUG-CC-PVTZ/JKFIT generated.  Number of basis functions:   392 
 Basis set CC-PVTZ-F12/OPTRI generated.  Number of basis functions:   314 
 Basis set AUG-CC-PVTZ/MP2FIT generated. Number of basis functions:   396 

 Convergence thresholds:  THRVAR = 1.00D-08  THRDEN = 1.00D-06

 Number of core orbitals:           2 (   2   0 )
 Number of closed-shell orbitals:   7 (   5   2 )
 Number of external orbitals:     169 ( 107  62 )

 Molecular orbitals read from record     2100.2  Type=RHF/CANONICAL (state 1.1)

 MP2-F12 correlation treatment (H.-J. Werner, 2006)
 ==================================================

 Using MP2-F12 with ansatz 3C(FIX)

 Using projected zeroth-order Hamiltonian (+Z)

 FOCKRIB=T FOCKRIC=T FOCKRIP=T CABSP=T CABSA=T CABSK=T CABSF=T GBC=F EBC=F DMAT=T NOFIK=T NOPAO=1 SOLVE=-1  USEPAO=0
 EXCH_A= T EXCH_B= F EXCH_C= F EXCH_P= F

 Geminal basis:    OPTFULL  GEM_TYPE=SLATER  BETA=1.0  NGEM=6

 Optimizing Gaussian exponents for each gem_beta

 Geminal optimization for beta= 1.0000
 Weight function:   m=0, omega= 1.4646

 Augmented Hessian optimization of geminal fit. Trust ratio= 0.40000
 Convergence reached after   2 iterations. Final gradient= 8.66D-16, Step= 4.23D-06, Delta= 1.28D-09

 Alpha:                 0.19532     0.81920     2.85917     9.50073    35.69989   197.79328
 Coeff:                 0.27070     0.30552     0.18297     0.10986     0.06810     0.04224


 Symmetry turned off. Reference energy:       -115.098834251900

 All pairs explicitly correlated. Number of r12-pairs:           28

 Excluding core orbitals from MO domains

 AO(A)-basis ORBITAL           loaded. Number of functions:     178
 RI(R)-basis CC-PVTZ-F12/OPTRI loaded. Number of functions:     314
 DF-basis AUG-CC-PVTZ/JKFIT    loaded. Number of functions:     392

 Screening thresholds:   THRAO=  1.00D-10  THRMO=  1.00D-09  THRPROD=  1.00D-09
                         THRSW=  1.00D-05  THROV=  1.00D-12  THRAOF12= 1.00D-08

 CPU time for Fock operators                      5.50 sec

 Construction of ABS:
 Smallest eigenvalue of S          4.39E-04  (threshold= 1.00E-08)
 Ratio eigmin/eigmax               5.62E-05  (threshold= 1.00E-09)
 Smallest eigenvalue of S kept     4.39E-04  (threshold= 4.39E-04, 0 functions deleted, 314 kept)

 Construction of CABS:
 Smallest eigenvalue of S          7.27E-07  (threshold= 1.00E-08)
 Ratio eigmin/eigmax               7.27E-07  (threshold= 1.00E-09)
 Smallest eigenvalue of S kept     7.27E-07  (threshold= 7.27E-07, 0 functions deleted, 314 kept)

 CPU time for CABS singles                        0.04 sec

 CABS-singles contribution of  -0.00135349 patched into reference energy.
 New reference energy        -115.10018774

 AO(A)-basis ORBITAL           loaded. Number of functions:     178
 RI(R)-basis CC-PVTZ-F12/OPTRI loaded. Number of functions:     314
 DF-basis AUG-CC-PVTZ/MP2FIT   loaded. Number of functions:     396

 Screening thresholds:   THRAO=  1.00D-10  THRMO=  1.00D-09  THRPROD=  1.00D-09
                         THRSW=  1.00D-05  THROV=  1.00D-12  THRAOF12= 1.00D-08

 CPU time for 3-index integral evaluation         3.35 sec
 CPU time for first  half transformation          0.25 sec ( 9876.2 MFLOP/sec)
 CPU time for second half transformation          0.01 sec ( 6217.0 MFLOP/sec)
 CPU time for sorting                             0.01 sec
 CPU time for fitting                             0.01 sec (******* MFLOP/sec)
 CPU time for tilde quantities                    0.02 sec (75522.6 MFLOP/sec)
 CPU time for assembly                            0.20 sec (61768.0 MFLOP/sec)
 CPU time for tranop_f12                          0.29 sec (54690.4 MFLOP/sec)
 CPU time for f12 integrals (total)               7.14 sec, Elapsed time:      7.83 sec
 CPU time for f12 matrices (total)                0.11 sec, Elapsed time:      0.17 sec

 Diagonal F12 approximation with fixed coefficients:  TSING= 0.500,  TTRIP= 0.250 (scaled by -1/beta)

 DF-MP2-F12 energy corrections:
 ==============================
 Approx.                                    Singlet             Triplet             Total
 DF-MP2-F12/3*C(DX,FIX)                -0.038289103811     -0.004211493900     -0.042500597711
 DF-MP2-F12/3*C(FIX)                   -0.036090950904     -0.003929588194     -0.040020539098
 DF-MP2-F12/3C(FIX)                    -0.036033686189     -0.004064522499     -0.040098208688

 DF-MP2-F12 correlation energies:
 ================================
 Approx.                                    Singlet             Triplet             Ecorr            Total Energy
 DF-MP2                                -0.291047341748     -0.152325769939     -0.443373111687   -115.543560850199
 DF-MP2-F12/3*C(DX,FIX)                -0.329336445559     -0.156537263839     -0.485873709398   -115.586061447910
 DF-MP2-F12/3*C(FIX)                   -0.327138292652     -0.156255358133     -0.483393650785   -115.583581389297
 DF-MP2-F12/3C(FIX)                    -0.327081027937     -0.156390292439     -0.483471320376   -115.583659058887

 SCS-DF-MP2 energies (F_SING= 1.20000  F_TRIP= 0.62222  F_PARALLEL= 0.33333):
 ============================================================================
 SCS-DF-MP2                            -0.444037289171   -115.544225027682
 SCS-DF-MP2-F12/3*C(DX,FIX)            -0.492604698837   -115.592792437349
 SCS-DF-MP2-F12/3*C(FIX)               -0.489791507354   -115.589979245866
 SCS-DF-MP2-F12/3C(FIX)                -0.489806748819   -115.589994487331

 Symmetry restored.
 Symmetry transformation completed.

 Number of N-1 electron functions:               7
 Number of N-2 electron functions:              28
 Number of singly external CSFs:               659
 Number of doubly external CSFs:            355020
 Total number of CSFs:                      355680

 Length of J-op  integral file:             103.49 MB
 Length of K-op  integral file:             127.95 MB

 Integral transformation finished. Total CPU:   0.47 sec, npass=  1  Memory used:   0.67 MW

 ITER.      SQ.NORM     CORR.ENERGY   TOTAL ENERGY   ENERGY CHANGE     VAR   MIC
   1      1.00000000    -0.44343965  -115.54362738    -0.44343965  0.00D+00   0
   2      1.11469909    -0.44343965  -115.54362738     0.00000000 -0.10D-15   0

 Solving MP2-F12 equations

   1      1.11466276    -0.48278021  -115.58296795    -0.03934056 -0.37D-04   0
   2      1.11466276    -0.48353644  -115.58372417    -0.00075623 -0.38D-18   0
   3      1.11466276    -0.48353644  -115.58372417     0.00000000 -0.21D-19   0

 CPU TIME FOR ITERATIVE MP2:    0.03 SEC


 MP2-F12 energy corrections:
 ===========================
 Approx.                                    Singlet             Triplet             Total
 MP2-F12/3*C(DX,FIX)                   -0.038289103811     -0.004211493900     -0.042500597711
 MP2-F12/3*C(FIX)                      -0.036090950904     -0.003929588194     -0.040020539098
 MP2-F12/3C(FIX)                       -0.036030975825     -0.004065814017     -0.040096789842

 MP2-F12 correlation energies:
 =============================
 Approx.                                    Singlet             Triplet             Ecorr            Total Energy
 MP2                                   -0.291230563761     -0.152209081433     -0.443439645194   -115.543627383706
 MP2-F12/3*C(DX,FIX)                   -0.329519667572     -0.156420575333     -0.485940242905   -115.586127981417
 MP2-F12/3*C(FIX)                      -0.327321514665     -0.156138669627     -0.483460184292   -115.583647922804
 MP2-F12/3C(FIX)                       -0.327261539586     -0.156274895450     -0.483536435036   -115.583724173547

 SCS-MP2 energies (F_SING= 1.20000  F_TRIP= 0.62222  F_PARALLEL= 0.33333):
 =========================================================================
 SCS-MP2                               -0.444184549405   -115.544372287916
 SCS-MP2-F12/3*C(DX,FIX)               -0.492751959071   -115.592939697583
 SCS-MP2-F12/3*C(FIX)                  -0.489938767589   -115.590126506100
 SCS-MP2-F12/3C(FIX)                   -0.489951560228   -115.590139298739


  Reference energy                   -115.098834251900
  F12 singles correction               -0.001353486612

 F12 singles corrections added to reference energy

  New reference energy               -115.100187738511

  F12/3C(F) singlet correction         -0.036030975825
  F12/3C(F) triplet correction         -0.004065814017
  F12/3C(F) total correction           -0.040096789842
  MP2-F12/3C(F) singlet pair energy    -0.327261539586
  MP2-F12/3C(F) triplet pair energy    -0.156274895450
  MP2-F12/3C(F) correlation energy     -0.483536435036

 !MP2-F12/3C(F) total energy         -115.583724173547


 **********************************************************************************************************************************
 DATASETS  * FILE   NREC   LENGTH (MB)   RECORD NAMES
              1      20      317.55       500      610      700      900      950      970     1000      129      960     1100   
                                          VAR    BASINP    GEOM    SYMINP    ZMAT    AOBASIS   BASIS     P2S    ABASIS      S 
                                         1400     1410     1200     1210     1080     1600     1650     1300     1700     1380   
                                           T        V       H0       H01     AOSYM     SMH    MOLCAS    ERIS     OPER     JKOP   

              2       7        3.55       700     1000      520     2100     7360     7350     7000   
                                         GEOM     BASIS   MCVARS     RHF    F12ABS    EF12   

 PROGRAMS   *        TOTAL   MP2-F12    HF-SCF       INT
 CPU TIMES  *        22.25     13.47      3.00      5.65
 REAL TIME  *        54.03 SEC
 DISK USED  *         1.13 GB
 **********************************************************************************************************************************


 PROGRAM * CCSD (Closed-shell coupled cluster)     Authors: C. Hampel, H.-J. Werner, 1991, M. Deegan, P.J. Knowles, 1992

                                  CCSD-F12 implementation by  H.-J. Werner, 2007

                   Density fitting integral evaluation by F.R. Manby, 2003,2007, G. Knizia, 2010



 Convergence thresholds:  THRVAR = 1.00D-08  THRDEN = 1.00D-06

 CCSD(T)     terms to be evaluated (factor= 1.000)


 Number of core orbitals:           2 (   2   0 )
 Number of closed-shell orbitals:   7 (   5   2 )
 Number of external orbitals:     169 ( 107  62 )

 Molecular orbitals read from record     2100.2  Type=RHF/CANONICAL (state 1.1)

 MP2-F12 correlation treatment (H.-J. Werner, 2006)
 ==================================================

 Using MP2-F12 with ansatz 3C(FIX)

 Using projected zeroth-order Hamiltonian (+Z)

 FOCKRIB=T FOCKRIC=T FOCKRIP=T CABSP=T CABSA=T CABSK=T CABSF=T GBC=F EBC=F DMAT=T NOFIK=T NOPAO=1 SOLVE=-1  USEPAO=0
 EXCH_A= T EXCH_B= F EXCH_C= F EXCH_P= F

 Geminal basis:    OPTFULL  GEM_TYPE=SLATER  BETA=1.0  NGEM=6

 Optimizing Gaussian exponents for each gem_beta

 Geminal optimization for beta= 1.0000
 Weight function:   m=0, omega= 1.4646

 Augmented Hessian optimization of geminal fit. Trust ratio= 0.40000
 Convergence reached after   2 iterations. Final gradient= 8.66D-16, Step= 4.23D-06, Delta= 1.28D-09

 Alpha:                 0.19532     0.81920     2.85917     9.50073    35.69989   197.79328
 Coeff:                 0.27070     0.30552     0.18297     0.10986     0.06810     0.04224


 Symmetry turned off. Reference energy:       -115.098834251900

 All pairs explicitly correlated. Number of r12-pairs:           28

 Excluding core orbitals from MO domains

 AO(A)-basis ORBITAL           loaded. Number of functions:     178
 RI(R)-basis CC-PVTZ-F12/OPTRI loaded. Number of functions:     314
 DF-basis AUG-CC-PVTZ/JKFIT    loaded. Number of functions:     392

 Screening thresholds:   THRAO=  1.00D-10  THRMO=  1.00D-09  THRPROD=  1.00D-09
                         THRSW=  1.00D-05  THROV=  1.00D-12  THRAOF12= 1.00D-08

 CPU time for Fock operators                      5.48 sec

 Construction of ABS:
 Smallest eigenvalue of S          4.39E-04  (threshold= 1.00E-08)
 Ratio eigmin/eigmax               5.62E-05  (threshold= 1.00E-09)
 Smallest eigenvalue of S kept     4.39E-04  (threshold= 4.39E-04, 0 functions deleted, 314 kept)

 Construction of CABS:
 Smallest eigenvalue of S          7.27E-07  (threshold= 1.00E-08)
 Ratio eigmin/eigmax               7.27E-07  (threshold= 1.00E-09)
 Smallest eigenvalue of S kept     7.27E-07  (threshold= 7.27E-07, 0 functions deleted, 314 kept)

 CPU time for CABS singles                        0.04 sec

 CABS-singles contribution of  -0.00135349 patched into reference energy.
 New reference energy        -115.10018774

 AO(A)-basis ORBITAL           loaded. Number of functions:     178
 RI(R)-basis CC-PVTZ-F12/OPTRI loaded. Number of functions:     314
 DF-basis AUG-CC-PVTZ/MP2FIT   loaded. Number of functions:     396

 Screening thresholds:   THRAO=  1.00D-10  THRMO=  1.00D-09  THRPROD=  1.00D-09
                         THRSW=  1.00D-05  THROV=  1.00D-12  THRAOF12= 1.00D-08

 CPU time for 3-index integral evaluation         3.46 sec
 CPU time for first  half transformation          0.16 sec (15431.6 MFLOP/sec)
 CPU time for second half transformation          0.01 sec ( 6217.0 MFLOP/sec)
 CPU time for sorting                             0.01 sec
 CPU time for fitting                             0.02 sec (56971.3 MFLOP/sec)
 CPU time for tilde quantities                    0.03 sec (50348.4 MFLOP/sec)
 CPU time for assembly                            0.20 sec (61768.0 MFLOP/sec)
 CPU time for tranop_f12                          0.28 sec (56643.7 MFLOP/sec)
 CPU time for f12 integrals (total)               7.15 sec, Elapsed time:      7.50 sec
 CPU time for f12 matrices (total)                0.09 sec, Elapsed time:      0.14 sec

 Diagonal F12 approximation with fixed coefficients:  TSING= 0.500,  TTRIP= 0.250 (scaled by -1/beta)

 DF-MP2-F12 energy corrections:
 ==============================
 Approx.                                    Singlet             Triplet             Total
 DF-MP2-F12/3*C(DX,FIX)                -0.038289103811     -0.004211493900     -0.042500597711
 DF-MP2-F12/3*C(FIX)                   -0.036090950904     -0.003929588194     -0.040020539098
 DF-MP2-F12/3C(FIX)                    -0.036033686189     -0.004064522499     -0.040098208688

 DF-MP2-F12 correlation energies:
 ================================
 Approx.                                    Singlet             Triplet             Ecorr            Total Energy
 DF-MP2                                -0.291047341748     -0.152325769939     -0.443373111687   -115.543560850199
 DF-MP2-F12/3*C(DX,FIX)                -0.329336445559     -0.156537263839     -0.485873709398   -115.586061447910
 DF-MP2-F12/3*C(FIX)                   -0.327138292652     -0.156255358133     -0.483393650785   -115.583581389297
 DF-MP2-F12/3C(FIX)                    -0.327081027937     -0.156390292439     -0.483471320376   -115.583659058887

 SCS-DF-MP2 energies (F_SING= 1.20000  F_TRIP= 0.62222  F_PARALLEL= 0.33333):
 ============================================================================
 SCS-DF-MP2                            -0.444037289171   -115.544225027682
 SCS-DF-MP2-F12/3*C(DX,FIX)            -0.492604698837   -115.592792437349
 SCS-DF-MP2-F12/3*C(FIX)               -0.489791507354   -115.589979245866
 SCS-DF-MP2-F12/3C(FIX)                -0.489806748819   -115.589994487331

 Symmetry restored.
 Symmetry transformation completed.

 Number of N-1 electron functions:               7
 Number of N-2 electron functions:              28
 Number of singly external CSFs:               659
 Number of doubly external CSFs:            355020
 Total number of CSFs:                      355680

 Length of J-op  integral file:             103.62 MB
 Length of K-op  integral file:             127.95 MB
 Length of 3-ext integral record:             0.00 MB

 Memory could be reduced to 24.20 Mwords without degradation in triples

 Integral transformation finished. Total CPU:   1.17 sec, npass=  1  Memory used:   7.45 MW

 Reference energy:                   -115.10018774

 Adding F12 terms to K(Cij), methodcc=6,  factor= 1.0

 ITER.      SQ.NORM     CORR.ENERGY   TOTAL ENERGY   ENERGY CHANGE        DEN1      VAR(S)    VAR(P)  DIIS     TIME  TIME/IT
   1      1.11759470    -0.45278118  -115.55296892    -0.00934154     0.00165165  0.15D-02  0.19D-02  1  1    14.88     0.92
   2      1.12500187    -0.45314474  -115.55333248    -0.00036355    -0.00904123  0.24D-04  0.23D-03  2  2    15.72     0.93
   3      1.12773039    -0.45332222  -115.55350996    -0.00017748    -0.00186466  0.15D-04  0.13D-04  3  3    16.58     0.93
   4      1.12867698    -0.45334013  -115.55352787    -0.00001791    -0.00059942  0.87D-06  0.12D-05  4  4    17.41     0.93
   5      1.12883280    -0.45334167  -115.55352941    -0.00000154    -0.00003791  0.23D-06  0.10D-06  5  5    18.25     0.93
   6      1.12887561    -0.45333932  -115.55352705     0.00000236    -0.00000426  0.36D-07  0.97D-08  6  6    19.10     0.93
   7      1.12888685    -0.45333844  -115.55352618     0.00000088    -0.00000300  0.40D-08  0.14D-08  6  1    19.95     0.93
   8      1.12888867    -0.45333850  -115.55352624    -0.00000006     0.00000034  0.68D-09  0.20D-09  6  3    20.81     0.94

 Norm of t1 vector:      0.05000238      S-energy:    -0.00000037      T1 diagnostic:  0.00944956
                                                                       D1 diagnostic:  0.02001181

 Adding energy correction from Wij-K(Fij), methodcc=6  factor= 1.0

  CCSD correlation energy              -0.453338502025
  MP2-F12 correction (uncoupled)       -0.038547374394
  C*T doubles correction               -0.001164221009
  f12b correction                       0.007099192677


 Total CPU time for triples:     11.17 sec


 RESULTS
 =======

  Reference energy                   -115.098834251900
  F12 singles correction               -0.001353486612

 F12 singles corrections added to reference energy

  New reference energy               -115.100187738511

  F12a singlet correction              -0.035794275777
  F12a triplet correction              -0.003917319625
  F12a total correction                -0.039711595403

 F12a corrections for ansatz F12/3C(FIX) added to CCSD energy

  CCSD-F12a singlet pair energy        -0.351161201870
  CCSD-F12a triplet pair energy        -0.141888529398
  CCSD-F12a correlation energy         -0.493050097427

  Triples (T) contribution             -0.016006350170
  Total correlation energy             -0.509056447598

  CCSD-F12a total energy             -115.593237835939
  CCSD[T]-F12a energy                -115.609796966347
  CCSD-T-F12a energy                 -115.609000719703
 !CCSD(T)-F12a total energy          -115.609244186109

 F12b corrections for ansatz F12/3C(FIX) added to CCSD(T)-F12a energy

  CCSD-F12b singlet pair energy        -0.344524055527
  CCSD-F12b triplet pair energy        -0.141426483063
  CCSD-F12b correlation energy         -0.485950904750

  Triples (T) contribution             -0.016006350170
  Total correlation energy             -0.501957254920

  CCSD-F12b total energy             -115.586138643261
  CCSD[T]-F12b energy                -115.602697773670
  CCSD-T-F12b energy                 -115.601901527025
 !CCSD(T)-F12b total energy          -115.602144993432

 Timing summary (sec):

 STEP                 CPU(USER)    SYS     CPU(TOT)    WALL
 Transformation          1.18      0.28      1.46      1.52
 CCSD iterations         6.78      0.68      7.46      7.54
 Triples                11.17      0.47     11.64     11.76
 MP2-F12                12.85      0.52     13.37     13.72
 F12b energy             0.68      0.05      0.73      0.73

 Program statistics:

 Available memory in ccsd:               499999650
 Min. memory needed in ccsd:               1149135
 Max. memory used in ccsd:                 1443104
 Max. memory used in cckext:               1888566 ( 9 integral passes)



 **********************************************************************************************************************************
 DATASETS  * FILE   NREC   LENGTH (MB)   RECORD NAMES
              1      20      386.12       500      610      700      900      950      970     1000      129      960     1100   
                                          VAR    BASINP    GEOM    SYMINP    ZMAT    AOBASIS   BASIS     P2S    ABASIS      S 
                                         1400     1410     1200     1210     1080     1600     1650     1300     1700     1380   
                                           T        V       H0       H01     AOSYM     SMH    MOLCAS    ERIS     OPER     JKOP   

              2       7        3.55       700     1000      520     2100     7360     7350     7000   
                                         GEOM     BASIS   MCVARS     RHF    F12ABS    EF12   

 PROGRAMS   *        TOTAL   CCSD(T)   MP2-F12    HF-SCF       INT
 CPU TIMES  *        54.93     32.68     13.47      3.00      5.65
 REAL TIME  *        89.37 SEC
 DISK USED  *         1.13 GB
 **********************************************************************************************************************************
 SETTING XXX            =    "MMM"
 SETTING POINT          =        56.00000000                                  

 *** ### CH3OH


 XXX       RCO          ROH          RCH1         RCH2         RCH3           ACOH           AOCH1          AOCH2          AOCH3         AHH1           AHH2           AHH3            ENERGY       POINT
 "MMM"   1.42077677   0.96013932   1.09171752   1.08440070   1.09171752   109.12930637   111.65221523   107.18733878   111.65221523   61.43364279   180.00000000   298.56635721   -115.60924419   56.0000
                                                  

 CCSD(T)-F12/cc-pVTZ-F12 energy=   -115.602144993432

     CCSD(T)-F12         MP2-F12          HF-SCF
   -115.60214499   -115.58372417   -115.09883425
 **********************************************************************************************************************************
 Molpro calculation terminated
