
 Primary working directories    : /tmpdir/job/2955617.undefined/molpro.YmbwUaefJ8
 Secondary working directories  : /tmpdir/job/2955617.undefined/molpro.YmbwUaefJ8
 Wavefunction directory         : /home/zcaposm/wfu/
 Main file repository           : /tmpdir/job/2955617.undefined/molpro.YmbwUaefJ8/

 id        : uclcc

 Nodes                         nprocs
 node-d00a-084.myriad.ucl.ac.uk    1

 Using customized tuning parameters: mindgm=1; mindgv=20; mindgc=4; mindgr=1; noblas=0; minvec=7
 default implementation of scratch files=df  


 Variables initialized (945), CPU time= 0.00 sec
 ***,Methanol Ground State Energy with CCSD(T)-F12 and cc-pVTZ-F12
 memory,500,m;
 
 geometry={angstrom
 c
 o , 1, rco
 h , 2, roh, 1, acoh
 h1, 1, rch1, 2, aoch1  3  ahh1
 h2, 1, rch2, 2, aoch2, 3, ahh2
 h3, 1, rch3, 2, aoch3, 3, ahh3
 }
 
                                                ! Specify the initial values of the internal coordinates (in Angstroms and degrees)
 
 rco= 1.42077677
 roh= 0.96013932
 rch1= 1.091717515605
 rch2= 1.08440070258
 rch3= 1.091717515605
 acoh= 107.87930637
 aoch1= 111.6522152299
 aoch2= 107.18733878260001
 aoch3= 111.6522152299
 ahh1=61.43364279
 ahh2=180.0
 ahh3=298.56635721
 
                                                                                 ! Use the cc-pVTZ-F12 basis set
 basis=cc-pVTZ-F12
 
 hf
 
                                                                                 ! Use explicitly correlated F12 methods
                                                                            ! First, MP2-F12 (useful for initial electronic energy)
 {mp2-f12}
 
                                                                        ! If desired, perform CCSD(T)-F12 for more accurate results
 {ccsd(t)-f12}
 
                                                                                 ! Output the energy
 xxx = "mmm"
 point = 51
 text ### CH3OH
 table,xxx,rco,roh,rch1,rch2,rch3,acoh,aoch1,aoch2,aoch3,ahh1,ahh2,ahh3,energy,point
 DIGITS, 0, 8, 8, 8, 8, 8, 8, 8, 8, 8,  8,  8,  8, 8, 4
 save,CH3OH_MEP_MP2_51.dat,new
 
 Commands  initialized (802), CPU time= 0.01 sec, 659 directives.
 Default parameters read. Elapsed time= 0.09 sec

 Checking input...
 Passed
1


                                         ***  PROGRAM SYSTEM MOLPRO  ***
                                       Copyright, TTI GmbH Stuttgart, 2015
                                    Version 2020.1 linked Oct  6 2020 12:04:11


 **********************************************************************************************************************************
 LABEL *   Methanol Ground State Energy with CCSD(T)-F12 and cc-pVTZ-F12                 
  64 bit serial version                                                                  DATE: 08-Oct-24          TIME: 17:17:55  
 **********************************************************************************************************************************

 SHA1:             8c27446f6450a7499e38f603e13c65f775101d37
 **********************************************************************************************************************************

 Memory per process:       500 MW
 Total memory per node:    500 MW

 GA preallocation disabled
 GA check disabled

 Variable memory set to 500.0 MW

 SETTING RCO            =         1.42077677                                  
 SETTING ROH            =         0.96013932                                  
 SETTING RCH1           =         1.09171752                                  
 SETTING RCH2           =         1.08440070                                  
 SETTING RCH3           =         1.09171752                                  
 SETTING ACOH           =       107.87930637                                  
 SETTING AOCH1          =       111.65221523                                  
 SETTING AOCH2          =       107.18733878                                  
 SETTING AOCH3          =       111.65221523                                  
 SETTING AHH1           =        61.43364279                                  
 SETTING AHH2           =       180.00000000                                  
 SETTING AHH3           =       298.56635721                                  
 SETTING BASIS          =    CC-PVTZ-F12


 Recomputing integrals since basis changed


 Using spherical harmonics

 Library entry C      S cc-pVTZ-F12          selected for orbital group  1
 Library entry C      P cc-pVTZ-F12          selected for orbital group  1
 Library entry C      D cc-pVTZ-F12          selected for orbital group  1
 Library entry C      F cc-pVTZ-F12          selected for orbital group  1
 Library entry O      S cc-pVTZ-F12          selected for orbital group  2
 Library entry O      P cc-pVTZ-F12          selected for orbital group  2
 Library entry O      D cc-pVTZ-F12          selected for orbital group  2
 Library entry O      F cc-pVTZ-F12          selected for orbital group  2
 Library entry H      S cc-pVTZ-F12          selected for orbital group  3
 Library entry H      P cc-pVTZ-F12          selected for orbital group  3
 Library entry H      D cc-pVTZ-F12          selected for orbital group  3


 PROGRAM * SEWARD (Integral evaluation for generally contracted gaussian basis sets)     Author: Roland Lindh, 1990

 Geometry written to block  1 of record 700

 Orientation using atomic masses  
 Molecule type: Asymmetric top
 Symmetry elements: X
 Rotational constants:      23.9649542     24.8181122    128.6984896 GHz  (calculated with average atomic masses)

 Point group  Cs  



 ATOMIC COORDINATES

 NR  ATOM    CHARGE       X              Y              Z

   1  C       6.00    0.000000000    0.024953176   -1.376362271
   2  O       8.00    0.000000000   -0.122005554    1.304491747
   3  H       1.00    0.000000000    1.571690116    1.955217212
   4  H1      1.00    1.684053272    0.982137066   -2.086240398
   5  H3      1.00   -1.684053272    0.982137066   -2.086240398
   6  H2      1.00    0.000000000   -1.896677120   -2.088149456

 Bond lengths in Bohr (Angstrom)

 1-2  2.684878979  1-4  2.063047110  1-5  2.063047110  1-6  2.049220337  2-3  1.814400356
     ( 1.420776770)     ( 1.091717516)     ( 1.091717516)     ( 1.084400703)     ( 0.960139320)

 Bond angles

  1-2-3  107.87930637   2-1-4  111.65221523   2-1-5  111.65221523   2-1-6  107.18733878

  4-1-5  109.43105099   4-1-6  108.39459424   5-1-6  108.39459424

 NUCLEAR CHARGE:                   18
 NUMBER OF PRIMITIVE AOS:         228
 NUMBER OF SYMMETRY AOS:          206
 NUMBER OF CONTRACTIONS:          178   (  114A'  +   64A"  )
 NUMBER OF INNER CORE ORBITALS:     0   (    0A'  +    0A"  )
 NUMBER OF OUTER CORE ORBITALS:     2   (    2A'  +    0A"  )
 NUMBER OF VALENCE ORBITALS:       12   (    9A'  +    3A"  )


 NUCLEAR REPULSION ENERGY   40.34875662

 Eigenvalues of metric

         1 0.879E-04 0.184E-03 0.309E-03 0.460E-03 0.493E-03 0.560E-03 0.617E-03 0.621E-03
         2 0.323E-03 0.570E-03 0.686E-03 0.178E-02 0.339E-02 0.495E-02 0.643E-02 0.870E-02


 Contracted 2-electron integrals neglected if value below      1.0D-11
 AO integral compression algorithm  1   Integral accuracy      1.0D-11

     331.612 MB (compressed) written to integral file ( 53.5%)


 NUMBER OF SORTED TWO-ELECTRON INTEGRALS:   64554730.     BUFFER LENGTH:  32768
 NUMBER OF SEGMENTS:   5  SEGMENT LENGTH:   15997996      RECORD LENGTH: 524288

 Memory used in sort:      16.56 MW

 SORT1 READ    77497885. AND WROTE    63555886. INTEGRALS IN    184 RECORDS. CPU TIME:     0.92 SEC, REAL TIME:     6.60 SEC
 SORT2 READ    63555886. AND WROTE    64554730. INTEGRALS IN   1265 RECORDS. CPU TIME:     1.20 SEC, REAL TIME:    15.46 SEC

 FILE SIZES:   FILE 1:   362.5 MBYTE,  FILE 4:   771.8 MBYTE,   TOTAL:   1134.3 MBYTE

 OPERATOR DM      FOR CENTER  0  COORDINATES:    0.000000    0.000000    0.000000


 **********************************************************************************************************************************
 DATASETS  * FILE   NREC   LENGTH (MB)   RECORD NAMES
              1      19      311.87       500      610      700      900      950      970     1000      129      960     1100   
                                          VAR    BASINP    GEOM    SYMINP    ZMAT    AOBASIS   BASIS     P2S    ABASIS      S 
                                         1400     1410     1200     1210     1080     1600     1650     1300     1700   
                                           T        V       H0       H01     AOSYM     SMH    MOLCAS    ERIS     OPER   

 PROGRAMS   *        TOTAL       INT
 CPU TIMES  *         5.57      5.46
 REAL TIME  *        33.84 SEC
 DISK USED  *         1.13 GB
 **********************************************************************************************************************************


 PROGRAM * RHF-SCF (CLOSED SHELL)       Authors: W. Meyer, H.-J. Werner


 NUMBER OF ELECTRONS:       9+    9-
 CONVERGENCE THRESHOLDS:    1.00E-05 (Density)    1.00E-07 (Energy)
 MAX. NUMBER OF ITERATIONS:       60
 INTERPOLATION TYPE:            DIIS
 INTERPOLATION STEPS:              2 (START)      1 (STEP)
 LEVEL SHIFTS:                  0.00 (CLOSED)  0.00 (OPEN) 



 Orbital guess generated from atomic densities. Full valence occupancy:   11   3

 Molecular orbital dump at record        2100.2

 Initial occupancy:   7   2

 ITERATION    DDIFF          GRAD             ENERGY        2-EL.EN.            DIPOLE MOMENTS         DIIS   ORB.
    1      0.000D+00      0.000D+00      -115.06233301    164.487005    0.00000    0.90522   -0.48123    0    start
    2      0.000D+00      0.668D-02      -115.09069953    161.907666    0.00000    0.49665   -0.30557    1    diag
    3      0.653D-02      0.366D-02      -115.09819026    163.169662    0.00000    0.60025   -0.39909    2    diag
    4      0.222D-02      0.721D-03      -115.09872294    162.993172    0.00000    0.59511   -0.39445    3    diag
    5      0.593D-03      0.145D-03      -115.09875744    163.004696    0.00000    0.59112   -0.39927    4    diag
    6      0.166D-03      0.271D-04      -115.09875901    163.002453    0.00000    0.59127   -0.40005    5    diag
    7      0.476D-04      0.574D-05      -115.09875908    163.002078    0.00000    0.59109   -0.40033    6    diag
    8      0.119D-04      0.150D-05      -115.09875908    163.002427    0.00000    0.59107   -0.40036    7    diag
    9      0.235D-05      0.470D-06      -115.09875908    163.002262    0.00000    0.59105   -0.40036    0    orth

 Final occupancy:   7   2

 !RHF STATE  1.1 Energy              -115.098759084742
 Nuclear energy                        40.34875662
 One-electron energy                 -236.94864651
 Two-electron energy                   81.50113081
 Virial quotient                       -1.00101037
 !RHF STATE  1.1 Dipole moment          0.00000000     0.59105390    -0.40036380
 Dipole moment /Debye                   0.00000000     1.50221078    -1.01755663

 Orbital energies:

         1.1          2.1          3.1          4.1          5.1          6.1          7.1          8.1          9.1
    -20.556463   -11.269757    -1.357117    -0.926276    -0.690854    -0.594284    -0.504586     0.054619     0.065009

         1.2          2.2          3.2          4.2
     -0.621637    -0.452219     0.073782     0.181511


 HOMO      2.2    -0.452219 =     -12.3055eV
 LUMO      8.1     0.054619 =       1.4863eV
 LUMO-HOMO         0.506838 =      13.7918eV


 **********************************************************************************************************************************
 DATASETS  * FILE   NREC   LENGTH (MB)   RECORD NAMES
              1      19      311.87       500      610      700      900      950      970     1000      129      960     1100   
                                          VAR    BASINP    GEOM    SYMINP    ZMAT    AOBASIS   BASIS     P2S    ABASIS      S 
                                         1400     1410     1200     1210     1080     1600     1650     1300     1700   
                                           T        V       H0       H01     AOSYM     SMH    MOLCAS    ERIS     OPER   

              2       4        3.18       700     1000      520     2100   
                                         GEOM     BASIS   MCVARS     RHF  

 PROGRAMS   *        TOTAL    HF-SCF       INT
 CPU TIMES  *         8.48      2.91      5.46
 REAL TIME  *        38.15 SEC
 DISK USED  *         1.13 GB
 **********************************************************************************************************************************


 PROGRAM * MP2 (Closed-shell)     Authors: C. Hampel, H.-J. Werner, 1991, M. Deegan, P.J. Knowles, 1992

                                   MP2-F12 implementation by H.-J. Werner, 2007

                   Density fitting integral evaluation by F.R. Manby, 2003,2007, G. Knizia, 2010


 Basis set AUG-CC-PVTZ/JKFIT generated.  Number of basis functions:   392 
 Basis set CC-PVTZ-F12/OPTRI generated.  Number of basis functions:   314 
 Basis set AUG-CC-PVTZ/MP2FIT generated. Number of basis functions:   396 

 Convergence thresholds:  THRVAR = 1.00D-08  THRDEN = 1.00D-06

 Number of core orbitals:           2 (   2   0 )
 Number of closed-shell orbitals:   7 (   5   2 )
 Number of external orbitals:     169 ( 107  62 )

 Molecular orbitals read from record     2100.2  Type=RHF/CANONICAL (state 1.1)

 MP2-F12 correlation treatment (H.-J. Werner, 2006)
 ==================================================

 Using MP2-F12 with ansatz 3C(FIX)

 Using projected zeroth-order Hamiltonian (+Z)

 FOCKRIB=T FOCKRIC=T FOCKRIP=T CABSP=T CABSA=T CABSK=T CABSF=T GBC=F EBC=F DMAT=T NOFIK=T NOPAO=1 SOLVE=-1  USEPAO=0
 EXCH_A= T EXCH_B= F EXCH_C= F EXCH_P= F

 Geminal basis:    OPTFULL  GEM_TYPE=SLATER  BETA=1.0  NGEM=6

 Optimizing Gaussian exponents for each gem_beta

 Geminal optimization for beta= 1.0000
 Weight function:   m=0, omega= 1.4646

 Augmented Hessian optimization of geminal fit. Trust ratio= 0.40000
 Convergence reached after   2 iterations. Final gradient= 8.66D-16, Step= 4.23D-06, Delta= 1.28D-09

 Alpha:                 0.19532     0.81920     2.85917     9.50073    35.69989   197.79328
 Coeff:                 0.27070     0.30552     0.18297     0.10986     0.06810     0.04224


 Symmetry turned off. Reference energy:       -115.098759084742

 All pairs explicitly correlated. Number of r12-pairs:           28

 Excluding core orbitals from MO domains

 AO(A)-basis ORBITAL           loaded. Number of functions:     178
 RI(R)-basis CC-PVTZ-F12/OPTRI loaded. Number of functions:     314
 DF-basis AUG-CC-PVTZ/JKFIT    loaded. Number of functions:     392

 Screening thresholds:   THRAO=  1.00D-10  THRMO=  1.00D-09  THRPROD=  1.00D-09
                         THRSW=  1.00D-05  THROV=  1.00D-12  THRAOF12= 1.00D-08

 CPU time for Fock operators                      5.33 sec

 Construction of ABS:
 Smallest eigenvalue of S          4.35E-04  (threshold= 1.00E-08)
 Ratio eigmin/eigmax               5.55E-05  (threshold= 1.00E-09)
 Smallest eigenvalue of S kept     4.35E-04  (threshold= 4.35E-04, 0 functions deleted, 314 kept)

 Construction of CABS:
 Smallest eigenvalue of S          7.26E-07  (threshold= 1.00E-08)
 Ratio eigmin/eigmax               7.26E-07  (threshold= 1.00E-09)
 Smallest eigenvalue of S kept     7.26E-07  (threshold= 7.26E-07, 0 functions deleted, 314 kept)

 CPU time for CABS singles                        0.04 sec

 CABS-singles contribution of  -0.00135367 patched into reference energy.
 New reference energy        -115.10011276

 AO(A)-basis ORBITAL           loaded. Number of functions:     178
 RI(R)-basis CC-PVTZ-F12/OPTRI loaded. Number of functions:     314
 DF-basis AUG-CC-PVTZ/MP2FIT   loaded. Number of functions:     396

 Screening thresholds:   THRAO=  1.00D-10  THRMO=  1.00D-09  THRPROD=  1.00D-09
                         THRSW=  1.00D-05  THROV=  1.00D-12  THRAOF12= 1.00D-08

 CPU time for 3-index integral evaluation         3.38 sec
 CPU time for first  half transformation          0.15 sec (16460.4 MFLOP/sec)
 CPU time for second half transformation          0.02 sec ( 3108.5 MFLOP/sec)
 CPU time for sorting                             0.01 sec
 CPU time for fitting                             0.03 sec (37980.8 MFLOP/sec)
 CPU time for tilde quantities                    0.02 sec (75522.6 MFLOP/sec)
 CPU time for assembly                            0.19 sec (65018.9 MFLOP/sec)
 CPU time for tranop_f12                          0.25 sec (63440.9 MFLOP/sec)
 CPU time for f12 integrals (total)               6.91 sec, Elapsed time:      7.30 sec
 CPU time for f12 matrices (total)                0.09 sec, Elapsed time:      0.13 sec

 Diagonal F12 approximation with fixed coefficients:  TSING= 0.500,  TTRIP= 0.250 (scaled by -1/beta)

 DF-MP2-F12 energy corrections:
 ==============================
 Approx.                                    Singlet             Triplet             Total
 DF-MP2-F12/3*C(DX,FIX)                -0.038287010772     -0.004212916580     -0.042499927352
 DF-MP2-F12/3*C(FIX)                   -0.036088030424     -0.003931216354     -0.040019246778
 DF-MP2-F12/3C(FIX)                    -0.036030725376     -0.004066201738     -0.040096927115

 DF-MP2-F12 correlation energies:
 ================================
 Approx.                                    Singlet             Triplet             Ecorr            Total Energy
 DF-MP2                                -0.291107418315     -0.152373071954     -0.443480490269   -115.543593245672
 DF-MP2-F12/3*C(DX,FIX)                -0.329394429087     -0.156585988534     -0.485980417621   -115.586093173023
 DF-MP2-F12/3*C(FIX)                   -0.327195448739     -0.156304288309     -0.483499737048   -115.583612492450
 DF-MP2-F12/3C(FIX)                    -0.327138143692     -0.156439273692     -0.483577417384   -115.583690172786

 SCS-DF-MP2 energies (F_SING= 1.20000  F_TRIP= 0.62222  F_PARALLEL= 0.33333):
 ============================================================================
 SCS-DF-MP2                            -0.444138813416   -115.544251568819
 SCS-DF-MP2-F12/3*C(DX,FIX)            -0.492704596659   -115.592817352061
 SCS-DF-MP2-F12/3*C(FIX)               -0.489890540101   -115.590003295504
 SCS-DF-MP2-F12/3C(FIX)                -0.489905764950   -115.590018520352

 Symmetry restored.
 Symmetry transformation completed.

 Number of N-1 electron functions:               7
 Number of N-2 electron functions:              28
 Number of singly external CSFs:               659
 Number of doubly external CSFs:            355020
 Total number of CSFs:                      355680

 Length of J-op  integral file:             103.49 MB
 Length of K-op  integral file:             127.95 MB

 Integral transformation finished. Total CPU:   0.45 sec, npass=  1  Memory used:   0.67 MW

 ITER.      SQ.NORM     CORR.ENERGY   TOTAL ENERGY   ENERGY CHANGE     VAR   MIC
   1      1.00000000    -0.44354686  -115.54365961    -0.44354686  0.00D+00   0
   2      1.11474478    -0.44354686  -115.54365961     0.00000000 -0.31D-15   0

 Solving MP2-F12 equations

   1      1.11470847    -0.48288564  -115.58299840    -0.03933878 -0.37D-04   0
   2      1.11470847    -0.48364238  -115.58375514    -0.00075674 -0.94D-18   0
   3      1.11470847    -0.48364238  -115.58375514     0.00000000 -0.76D-19   0

 CPU TIME FOR ITERATIVE MP2:    0.03 SEC


 MP2-F12 energy corrections:
 ===========================
 Approx.                                    Singlet             Triplet             Total
 MP2-F12/3*C(DX,FIX)                   -0.038287010772     -0.004212916580     -0.042499927352
 MP2-F12/3*C(FIX)                      -0.036088030424     -0.003931216354     -0.040019246778
 MP2-F12/3C(FIX)                       -0.036028027398     -0.004067499394     -0.040095526792

 MP2-F12 correlation energies:
 =============================
 Approx.                                    Singlet             Triplet             Ecorr            Total Energy
 MP2                                   -0.291290754289     -0.152256102578     -0.443546856868   -115.543659612270
 MP2-F12/3*C(DX,FIX)                   -0.329577765061     -0.156469019158     -0.486046784219   -115.586159539622
 MP2-F12/3*C(FIX)                      -0.327378784713     -0.156187318933     -0.483566103646   -115.583678859049
 MP2-F12/3C(FIX)                       -0.327318781688     -0.156323601973     -0.483642383660   -115.583755139063

 SCS-MP2 energies (F_SING= 1.20000  F_TRIP= 0.62222  F_PARALLEL= 0.33333):
 =========================================================================
 SCS-MP2                               -0.444286035641   -115.544398791043
 SCS-MP2-F12/3*C(DX,FIX)               -0.492851818883   -115.592964574286
 SCS-MP2-F12/3*C(FIX)                  -0.490037762325   -115.590150517728
 SCS-MP2-F12/3C(FIX)                   -0.490050557030   -115.590163312433


  Reference energy                   -115.098759084742
  F12 singles correction               -0.001353670660

 F12 singles corrections added to reference energy

  New reference energy               -115.100112755402

  F12/3C(F) singlet correction         -0.036028027398
  F12/3C(F) triplet correction         -0.004067499394
  F12/3C(F) total correction           -0.040095526792
  MP2-F12/3C(F) singlet pair energy    -0.327318781688
  MP2-F12/3C(F) triplet pair energy    -0.156323601973
  MP2-F12/3C(F) correlation energy     -0.483642383660

 !MP2-F12/3C(F) total energy         -115.583755139063


 **********************************************************************************************************************************
 DATASETS  * FILE   NREC   LENGTH (MB)   RECORD NAMES
              1      20      317.61       500      610      700      900      950      970     1000      129      960     1100   
                                          VAR    BASINP    GEOM    SYMINP    ZMAT    AOBASIS   BASIS     P2S    ABASIS      S 
                                         1400     1410     1200     1210     1080     1600     1650     1300     1700     1380   
                                           T        V       H0       H01     AOSYM     SMH    MOLCAS    ERIS     OPER     JKOP   

              2       7        3.55       700     1000      520     2100     7360     7350     7000   
                                         GEOM     BASIS   MCVARS     RHF    F12ABS    EF12   

 PROGRAMS   *        TOTAL   MP2-F12    HF-SCF       INT
 CPU TIMES  *        21.53     13.04      2.91      5.46
 REAL TIME  *        52.41 SEC
 DISK USED  *         1.13 GB
 **********************************************************************************************************************************


 PROGRAM * CCSD (Closed-shell coupled cluster)     Authors: C. Hampel, H.-J. Werner, 1991, M. Deegan, P.J. Knowles, 1992

                                  CCSD-F12 implementation by  H.-J. Werner, 2007

                   Density fitting integral evaluation by F.R. Manby, 2003,2007, G. Knizia, 2010



 Convergence thresholds:  THRVAR = 1.00D-08  THRDEN = 1.00D-06

 CCSD(T)     terms to be evaluated (factor= 1.000)


 Number of core orbitals:           2 (   2   0 )
 Number of closed-shell orbitals:   7 (   5   2 )
 Number of external orbitals:     169 ( 107  62 )

 Molecular orbitals read from record     2100.2  Type=RHF/CANONICAL (state 1.1)

 MP2-F12 correlation treatment (H.-J. Werner, 2006)
 ==================================================

 Using MP2-F12 with ansatz 3C(FIX)

 Using projected zeroth-order Hamiltonian (+Z)

 FOCKRIB=T FOCKRIC=T FOCKRIP=T CABSP=T CABSA=T CABSK=T CABSF=T GBC=F EBC=F DMAT=T NOFIK=T NOPAO=1 SOLVE=-1  USEPAO=0
 EXCH_A= T EXCH_B= F EXCH_C= F EXCH_P= F

 Geminal basis:    OPTFULL  GEM_TYPE=SLATER  BETA=1.0  NGEM=6

 Optimizing Gaussian exponents for each gem_beta

 Geminal optimization for beta= 1.0000
 Weight function:   m=0, omega= 1.4646

 Augmented Hessian optimization of geminal fit. Trust ratio= 0.40000
 Convergence reached after   2 iterations. Final gradient= 8.66D-16, Step= 4.23D-06, Delta= 1.28D-09

 Alpha:                 0.19532     0.81920     2.85917     9.50073    35.69989   197.79328
 Coeff:                 0.27070     0.30552     0.18297     0.10986     0.06810     0.04224


 Symmetry turned off. Reference energy:       -115.098759084742

 All pairs explicitly correlated. Number of r12-pairs:           28

 Excluding core orbitals from MO domains

 AO(A)-basis ORBITAL           loaded. Number of functions:     178
 RI(R)-basis CC-PVTZ-F12/OPTRI loaded. Number of functions:     314
 DF-basis AUG-CC-PVTZ/JKFIT    loaded. Number of functions:     392

 Screening thresholds:   THRAO=  1.00D-10  THRMO=  1.00D-09  THRPROD=  1.00D-09
                         THRSW=  1.00D-05  THROV=  1.00D-12  THRAOF12= 1.00D-08

 CPU time for Fock operators                      5.32 sec

 Construction of ABS:
 Smallest eigenvalue of S          4.35E-04  (threshold= 1.00E-08)
 Ratio eigmin/eigmax               5.55E-05  (threshold= 1.00E-09)
 Smallest eigenvalue of S kept     4.35E-04  (threshold= 4.35E-04, 0 functions deleted, 314 kept)

 Construction of CABS:
 Smallest eigenvalue of S          7.26E-07  (threshold= 1.00E-08)
 Ratio eigmin/eigmax               7.26E-07  (threshold= 1.00E-09)
 Smallest eigenvalue of S kept     7.26E-07  (threshold= 7.26E-07, 0 functions deleted, 314 kept)

 CPU time for CABS singles                        0.03 sec

 CABS-singles contribution of  -0.00135367 patched into reference energy.
 New reference energy        -115.10011276

 AO(A)-basis ORBITAL           loaded. Number of functions:     178
 RI(R)-basis CC-PVTZ-F12/OPTRI loaded. Number of functions:     314
 DF-basis AUG-CC-PVTZ/MP2FIT   loaded. Number of functions:     396

 Screening thresholds:   THRAO=  1.00D-10  THRMO=  1.00D-09  THRPROD=  1.00D-09
                         THRSW=  1.00D-05  THROV=  1.00D-12  THRAOF12= 1.00D-08

 CPU time for 3-index integral evaluation         3.24 sec
 CPU time for first  half transformation          0.25 sec ( 9876.2 MFLOP/sec)
 CPU time for second half transformation          0.02 sec ( 3108.5 MFLOP/sec)
 CPU time for sorting                             0.01 sec
 CPU time for fitting                             0.03 sec (37980.8 MFLOP/sec)
 CPU time for tilde quantities                    0.03 sec (50348.4 MFLOP/sec)
 CPU time for assembly                            0.18 sec (68631.1 MFLOP/sec)
 CPU time for tranop_f12                          0.28 sec (56643.7 MFLOP/sec)
 CPU time for f12 integrals (total)               6.84 sec, Elapsed time:      7.22 sec
 CPU time for f12 matrices (total)                0.10 sec, Elapsed time:      0.13 sec

 Diagonal F12 approximation with fixed coefficients:  TSING= 0.500,  TTRIP= 0.250 (scaled by -1/beta)

 DF-MP2-F12 energy corrections:
 ==============================
 Approx.                                    Singlet             Triplet             Total
 DF-MP2-F12/3*C(DX,FIX)                -0.038287010772     -0.004212916580     -0.042499927352
 DF-MP2-F12/3*C(FIX)                   -0.036088030424     -0.003931216354     -0.040019246778
 DF-MP2-F12/3C(FIX)                    -0.036030725376     -0.004066201738     -0.040096927115

 DF-MP2-F12 correlation energies:
 ================================
 Approx.                                    Singlet             Triplet             Ecorr            Total Energy
 DF-MP2                                -0.291107418315     -0.152373071954     -0.443480490269   -115.543593245672
 DF-MP2-F12/3*C(DX,FIX)                -0.329394429087     -0.156585988534     -0.485980417621   -115.586093173023
 DF-MP2-F12/3*C(FIX)                   -0.327195448739     -0.156304288309     -0.483499737048   -115.583612492450
 DF-MP2-F12/3C(FIX)                    -0.327138143692     -0.156439273692     -0.483577417384   -115.583690172786

 SCS-DF-MP2 energies (F_SING= 1.20000  F_TRIP= 0.62222  F_PARALLEL= 0.33333):
 ============================================================================
 SCS-DF-MP2                            -0.444138813416   -115.544251568819
 SCS-DF-MP2-F12/3*C(DX,FIX)            -0.492704596659   -115.592817352061
 SCS-DF-MP2-F12/3*C(FIX)               -0.489890540101   -115.590003295504
 SCS-DF-MP2-F12/3C(FIX)                -0.489905764950   -115.590018520352

 Symmetry restored.
 Symmetry transformation completed.

 Number of N-1 electron functions:               7
 Number of N-2 electron functions:              28
 Number of singly external CSFs:               659
 Number of doubly external CSFs:            355020
 Total number of CSFs:                      355680

 Length of J-op  integral file:             103.62 MB
 Length of K-op  integral file:             127.95 MB
 Length of 3-ext integral record:             0.00 MB

 Memory could be reduced to 24.20 Mwords without degradation in triples

 Integral transformation finished. Total CPU:   1.15 sec, npass=  1  Memory used:   7.45 MW

 Reference energy:                   -115.10011276

 Adding F12 terms to K(Cij), methodcc=6,  factor= 1.0

 ITER.      SQ.NORM     CORR.ENERGY   TOTAL ENERGY   ENERGY CHANGE        DEN1      VAR(S)    VAR(P)  DIIS     TIME  TIME/IT
   1      1.11763076    -0.45287834  -115.55299109    -0.00933148     0.00167237  0.15D-02  0.19D-02  1  1    14.34     0.86
   2      1.12504125    -0.45323971  -115.55335247    -0.00036137    -0.00904800  0.24D-04  0.23D-03  2  2    15.14     0.88
   3      1.12777128    -0.45341712  -115.55352987    -0.00017741    -0.00186535  0.15D-04  0.13D-04  3  3    15.94     0.88
   4      1.12871884    -0.45343499  -115.55354775    -0.00001787    -0.00060041  0.86D-06  0.12D-05  4  4    16.77     0.89
   5      1.12887436    -0.45343655  -115.55354931    -0.00000156    -0.00003791  0.23D-06  0.10D-06  5  5    17.58     0.90
   6      1.12891690    -0.45343420  -115.55354695     0.00000235    -0.00000422  0.36D-07  0.96D-08  6  6    18.43     0.91
   7      1.12892800    -0.45343332  -115.55354608     0.00000087    -0.00000298  0.39D-08  0.14D-08  6  1    19.26     0.91
   8      1.12892979    -0.45343339  -115.55354614    -0.00000006     0.00000033  0.67D-09  0.20D-09  6  3    20.06     0.91

 Norm of t1 vector:      0.05002074      S-energy:    -0.00000037      T1 diagnostic:  0.00945303
                                                                       D1 diagnostic:  0.02004890

 Adding energy correction from Wij-K(Fij), methodcc=6  factor= 1.0

  CCSD correlation energy              -0.453433385602
  MP2-F12 correction (uncoupled)       -0.038545064484
  C*T doubles correction               -0.001165049708
  f12b correction                       0.007098601323


 Total CPU time for triples:     11.06 sec


 RESULTS
 =======

  Reference energy                   -115.098759084742
  F12 singles correction               -0.001353670660

 F12 singles corrections added to reference energy

  New reference energy               -115.100112755402

  F12a singlet correction              -0.035791230556
  F12a triplet correction              -0.003918883636
  F12a total correction                -0.039710114192

 F12a corrections for ansatz F12/3C(FIX) added to CCSD energy

  CCSD-F12a singlet pair energy        -0.351221386128
  CCSD-F12a triplet pair energy        -0.141921747090
  CCSD-F12a correlation energy         -0.493143499794

  Triples (T) contribution             -0.016016563529
  Total correlation energy             -0.509160063323

  CCSD-F12a total energy             -115.593256255197
  CCSD[T]-F12a energy                -115.609826122665
  CCSD-T-F12a energy                 -115.609028988308
 !CCSD(T)-F12a total energy          -115.609272818726

 F12b corrections for ansatz F12/3C(FIX) added to CCSD(T)-F12a energy

  CCSD-F12b singlet pair energy        -0.344584862382
  CCSD-F12b triplet pair energy        -0.141459669513
  CCSD-F12b correlation energy         -0.486044898471

  Triples (T) contribution             -0.016016563529
  Total correlation energy             -0.502061462000

  CCSD-F12b total energy             -115.586157653874
  CCSD[T]-F12b energy                -115.602727521342
  CCSD-T-F12b energy                 -115.601930386984
 !CCSD(T)-F12b total energy          -115.602174217402

 Timing summary (sec):

 STEP                 CPU(USER)    SYS     CPU(TOT)    WALL
 Transformation          1.16      0.32      1.48      1.57
 CCSD iterations         6.52      0.72      7.24      7.28
 Triples                11.06      0.45     11.51     11.53
 MP2-F12                12.38      0.55     12.93     13.09
 F12b energy             0.65      0.06      0.71      0.70

 Program statistics:

 Available memory in ccsd:               499999650
 Min. memory needed in ccsd:               1149135
 Max. memory used in ccsd:                 1443104
 Max. memory used in cckext:               1888566 ( 9 integral passes)



 **********************************************************************************************************************************
 DATASETS  * FILE   NREC   LENGTH (MB)   RECORD NAMES
              1      20      386.18       500      610      700      900      950      970     1000      129      960     1100   
                                          VAR    BASINP    GEOM    SYMINP    ZMAT    AOBASIS   BASIS     P2S    ABASIS      S 
                                         1400     1410     1200     1210     1080     1600     1650     1300     1700     1380   
                                           T        V       H0       H01     AOSYM     SMH    MOLCAS    ERIS     OPER     JKOP   

              2       7        3.55       700     1000      520     2100     7360     7350     7000   
                                         GEOM     BASIS   MCVARS     RHF    F12ABS    EF12   

 PROGRAMS   *        TOTAL   CCSD(T)   MP2-F12    HF-SCF       INT
 CPU TIMES  *        53.33     31.80     13.04      2.91      5.46
 REAL TIME  *        86.64 SEC
 DISK USED  *         1.13 GB
 **********************************************************************************************************************************
 SETTING XXX            =    "MMM"
 SETTING POINT          =        51.00000000                                  

 *** ### CH3OH


 XXX       RCO          ROH          RCH1         RCH2         RCH3           ACOH           AOCH1          AOCH2          AOCH3         AHH1           AHH2           AHH3            ENERGY       POINT
 "MMM"   1.42077677   0.96013932   1.09171752   1.08440070   1.09171752   107.87930637   111.65221523   107.18733878   111.65221523   61.43364279   180.00000000   298.56635721   -115.60927282   51.0000
                                                  

 CCSD(T)-F12/cc-pVTZ-F12 energy=   -115.602174217402

     CCSD(T)-F12         MP2-F12          HF-SCF
   -115.60217422   -115.58375514   -115.09875908
 **********************************************************************************************************************************
 Molpro calculation terminated
