
 Primary working directories    : /tmpdir/job/2955696.undefined/molpro.Lpx7BhOdbP
 Secondary working directories  : /tmpdir/job/2955696.undefined/molpro.Lpx7BhOdbP
 Wavefunction directory         : /home/zcaposm/wfu/
 Main file repository           : /tmpdir/job/2955696.undefined/molpro.Lpx7BhOdbP/

 id        : uclcc

 Nodes                         nprocs
 node-d00b-022.myriad.ucl.ac.uk    1

 Using customized tuning parameters: mindgm=1; mindgv=20; mindgc=4; mindgr=1; noblas=0; minvec=7
 default implementation of scratch files=df  


 Variables initialized (945), CPU time= 0.01 sec
 ***,Methanol Ground State Energy with CCSD(T)-F12 and cc-pVTZ-F12
 memory,500,m;
 
 geometry={angstrom
 c
 o , 1, rco
 h , 2, roh, 1, acoh
 h1, 1, rch1, 2, aoch1  3  ahh1
 h2, 1, rch2, 2, aoch2, 3, ahh2
 h3, 1, rch3, 2, aoch3, 3, ahh3
 }
 
                                                ! Specify the initial values of the internal coordinates (in Angstroms and degrees)
 
 rco= 1.42077677
 roh= 0.96013932
 rch1= 1.0917571046896761
 rch2= 1.0844051727577428
 rch3= 1.0916700567462658
 acoh= 108.12930637
 aoch1= 111.63161311513602
 aoch2= 107.18997539043377
 aoch3= 111.67123677071514
 ahh1=63.23364279
 ahh2=181.8
 ahh3=300.36635721
 
                                                                                 ! Use the cc-pVTZ-F12 basis set
 basis=cc-pVTZ-F12
 
 hf
 
                                                                                 ! Use explicitly correlated F12 methods
                                                                            ! First, MP2-F12 (useful for initial electronic energy)
 {mp2-f12}
 
                                                                        ! If desired, perform CCSD(T)-F12 for more accurate results
 {ccsd(t)-f12}
 
                                                                                 ! Output the energy
 xxx = "mmm"
 point = 123
 text ### CH3OH
 table,xxx,rco,roh,rch1,rch2,rch3,acoh,aoch1,aoch2,aoch3,ahh1,ahh2,ahh3,energy,point
 DIGITS, 0, 8, 8, 8, 8, 8, 8, 8, 8, 8,  8,  8,  8, 8, 4
 save,CH3OH_MEP_MP2_123.dat,new
 
 Commands  initialized (802), CPU time= 0.00 sec, 659 directives.
 Default parameters read. Elapsed time= 0.10 sec

 Checking input...
 Passed
1


                                         ***  PROGRAM SYSTEM MOLPRO  ***
                                       Copyright, TTI GmbH Stuttgart, 2015
                                    Version 2020.1 linked Oct  6 2020 12:04:11


 **********************************************************************************************************************************
 LABEL *   Methanol Ground State Energy with CCSD(T)-F12 and cc-pVTZ-F12                 
  64 bit serial version                                                                  DATE: 08-Oct-24          TIME: 17:40:05  
 **********************************************************************************************************************************

 SHA1:             8c27446f6450a7499e38f603e13c65f775101d37
 **********************************************************************************************************************************

 Memory per process:       500 MW
 Total memory per node:    500 MW

 GA preallocation disabled
 GA check disabled

 Variable memory set to 500.0 MW

 SETTING RCO            =         1.42077677                                  
 SETTING ROH            =         0.96013932                                  
 SETTING RCH1           =         1.09175710                                  
 SETTING RCH2           =         1.08440517                                  
 SETTING RCH3           =         1.09167006                                  
 SETTING ACOH           =       108.12930637                                  
 SETTING AOCH1          =       111.63161312                                  
 SETTING AOCH2          =       107.18997539                                  
 SETTING AOCH3          =       111.67123677                                  
 SETTING AHH1           =        63.23364279                                  
 SETTING AHH2           =       181.80000000                                  
 SETTING AHH3           =       300.36635721                                  
 SETTING BASIS          =    CC-PVTZ-F12


 Recomputing integrals since basis changed


 Using spherical harmonics

 Library entry C      S cc-pVTZ-F12          selected for orbital group  1
 Library entry C      P cc-pVTZ-F12          selected for orbital group  1
 Library entry C      D cc-pVTZ-F12          selected for orbital group  1
 Library entry C      F cc-pVTZ-F12          selected for orbital group  1
 Library entry O      S cc-pVTZ-F12          selected for orbital group  2
 Library entry O      P cc-pVTZ-F12          selected for orbital group  2
 Library entry O      D cc-pVTZ-F12          selected for orbital group  2
 Library entry O      F cc-pVTZ-F12          selected for orbital group  2
 Library entry H      S cc-pVTZ-F12          selected for orbital group  3
 Library entry H      P cc-pVTZ-F12          selected for orbital group  3
 Library entry H      D cc-pVTZ-F12          selected for orbital group  3


 PROGRAM * SEWARD (Integral evaluation for generally contracted gaussian basis sets)     Author: Roland Lindh, 1990

 Geometry written to block  1 of record 700

 Orientation using atomic masses  
 Molecule type: Asymmetric top
 Rotational constants:      23.9585114     24.8081426    128.7822216 GHz  (calculated with average atomic masses)

 Point group  C1  



 ATOMIC COORDINATES

 NR  ATOM    CHARGE       X              Y              Z

   1  C       6.00    0.000126416    0.025186675   -1.376590926
   2  O       8.00   -0.000059079   -0.122056169    1.304247496
   3  H       1.00    0.002378477    1.568712521    1.962536147
   4  H1      1.00    1.713746646    0.926831242   -2.088640677
   5  H2      1.00   -0.064134545   -1.895288338   -2.088619623
   6  H3      1.00   -1.652559211    1.037052667   -2.084087055

 Bond lengths in Bohr (Angstrom)

 1-2  2.684878979  1-4  2.063121922  1-5  2.049228785  1-6  2.062957426  2-3  1.814400356
     ( 1.420776770)     ( 1.091757105)     ( 1.084405173)     ( 1.091670057)     ( 0.960139320)

 Bond angles

  1-2-3  108.12930637   2-1-4  111.63161312   2-1-5  107.18997539   2-1-6  111.67123677

  4-1-5  108.40287222   4-1-6  109.43194101   5-1-6  108.38436405

 NUCLEAR CHARGE:                   18
 NUMBER OF PRIMITIVE AOS:         228
 NUMBER OF SYMMETRY AOS:          206
 NUMBER OF CONTRACTIONS:          178   (  178A   )
 NUMBER OF INNER CORE ORBITALS:     0   (    0A   )
 NUMBER OF OUTER CORE ORBITALS:     2   (    2A   )
 NUMBER OF VALENCE ORBITALS:       12   (   12A   )


 NUCLEAR REPULSION ENERGY   40.34553605

 Eigenvalues of metric

         1 0.879E-04 0.183E-03 0.309E-03 0.323E-03 0.460E-03 0.493E-03 0.560E-03 0.570E-03


 Contracted 2-electron integrals neglected if value below      1.0D-11
 AO integral compression algorithm  1   Integral accuracy      1.0D-11

     604.242 MB (compressed) written to integral file ( 50.7%)


 NUMBER OF SORTED TWO-ELECTRON INTEGRALS:  126906346.     BUFFER LENGTH:  32768
 NUMBER OF SEGMENTS:   8  SEGMENT LENGTH:   15999503      RECORD LENGTH: 524288

 Memory used in sort:      16.56 MW

 SORT1 READ   149034713. AND WROTE   124733350. INTEGRALS IN    360 RECORDS. CPU TIME:     2.60 SEC, REAL TIME:    27.51 SEC
 SORT2 READ   124733350. AND WROTE   126906346. INTEGRALS IN   2305 RECORDS. CPU TIME:     1.86 SEC, REAL TIME:    50.08 SEC

 FILE SIZES:   FILE 1:   635.5 MBYTE,  FILE 4:  1510.0 MBYTE,   TOTAL:   2145.4 MBYTE

 OPERATOR DM      FOR CENTER  0  COORDINATES:    0.000000    0.000000    0.000000


 **********************************************************************************************************************************
 DATASETS  * FILE   NREC   LENGTH (MB)   RECORD NAMES
              1      19      558.22       500      610      700      900      950      970     1000      129      960     1100   
                                          VAR    BASINP    GEOM    SYMINP    ZMAT    AOBASIS   BASIS     P2S    ABASIS      S 
                                         1400     1410     1200     1210     1080     1600     1650     1300     1700   
                                           T        V       H0       H01     AOSYM     SMH    MOLCAS    ERIS     OPER   

 PROGRAMS   *        TOTAL       INT
 CPU TIMES  *         9.01      8.90
 REAL TIME  *        93.57 SEC
 DISK USED  *         2.15 GB
 **********************************************************************************************************************************


 PROGRAM * RHF-SCF (CLOSED SHELL)       Authors: W. Meyer, H.-J. Werner


 NUMBER OF ELECTRONS:       9+    9-    SPACE SYMMETRY=1    SPIN SYMMETRY: Singlet 
 CONVERGENCE THRESHOLDS:    1.00E-05 (Density)    1.00E-07 (Energy)
 MAX. NUMBER OF ITERATIONS:       60
 INTERPOLATION TYPE:            DIIS
 INTERPOLATION STEPS:              2 (START)      1 (STEP)
 LEVEL SHIFTS:                  0.00 (CLOSED)  0.00 (OPEN) 



 Orbital guess generated from atomic densities. Full valence occupancy:   14

 Molecular orbital dump at record        2100.2

 Initial occupancy:   9

 ITERATION    DDIFF          GRAD             ENERGY        2-EL.EN.            DIPOLE MOMENTS         DIIS   ORB.
    1      0.000D+00      0.000D+00      -115.06237207    164.484278   -0.00001    0.90430   -0.47795    0    start
    2      0.000D+00      0.506D-02      -115.09072369    161.902322   -0.00061    0.49657   -0.30366    1    diag
    3      0.480D-02      0.277D-02      -115.09820945    163.165450   -0.00032    0.59992   -0.39688    2    diag
    4      0.163D-02      0.546D-03      -115.09874178    162.988891   -0.00031    0.59481   -0.39232    3    diag
    5      0.436D-03      0.110D-03      -115.09877618    163.000365   -0.00031    0.59083   -0.39714    4    diag
    6      0.121D-03      0.205D-04      -115.09877774    162.998143   -0.00031    0.59097   -0.39793    5    diag
    7      0.349D-04      0.434D-05      -115.09877781    162.997760   -0.00032    0.59079   -0.39820    6    diag
    8      0.877D-05      0.114D-05      -115.09877782    162.998106   -0.00032    0.59079   -0.39822    0    orth

 Final occupancy:   9

 !RHF STATE  1.1 Energy              -115.098777816736
 Nuclear energy                        40.34553605
 One-electron energy                 -236.94336663
 Two-electron energy                   81.49905276
 Virial quotient                       -1.00101592
 !RHF STATE  1.1 Dipole moment         -0.00031640     0.59078659    -0.39821507
 Dipole moment /Debye                  -0.00080415     1.50153139    -1.01209545

 Orbital energies:

         1.1          2.1          3.1          4.1          5.1          6.1          7.1          8.1          9.1         10.1
    -20.556341   -11.269758    -1.356924    -0.926369    -0.690811    -0.621559    -0.594390    -0.504324    -0.452156     0.054650

        11.1
      0.065010


 HOMO      9.1    -0.452156 =     -12.3038eV
 LUMO     10.1     0.054650 =       1.4871eV
 LUMO-HOMO         0.506806 =      13.7909eV


 **********************************************************************************************************************************
 DATASETS  * FILE   NREC   LENGTH (MB)   RECORD NAMES
              1      19      558.22       500      610      700      900      950      970     1000      129      960     1100   
                                          VAR    BASINP    GEOM    SYMINP    ZMAT    AOBASIS   BASIS     P2S    ABASIS      S 
                                         1400     1410     1200     1210     1080     1600     1650     1300     1700   
                                           T        V       H0       H01     AOSYM     SMH    MOLCAS    ERIS     OPER   

              2       4        3.48       700     1000      520     2100   
                                         GEOM     BASIS   MCVARS     RHF  

 PROGRAMS   *        TOTAL    HF-SCF       INT
 CPU TIMES  *        16.96      7.95      8.90
 REAL TIME  *       106.65 SEC
 DISK USED  *         2.15 GB
 **********************************************************************************************************************************


 PROGRAM * MP2 (Closed-shell)     Authors: C. Hampel, H.-J. Werner, 1991, M. Deegan, P.J. Knowles, 1992

                                   MP2-F12 implementation by H.-J. Werner, 2007

                   Density fitting integral evaluation by F.R. Manby, 2003,2007, G. Knizia, 2010


 Basis set AUG-CC-PVTZ/JKFIT generated.  Number of basis functions:   392 
 Basis set CC-PVTZ-F12/OPTRI generated.  Number of basis functions:   314 
 Basis set AUG-CC-PVTZ/MP2FIT generated. Number of basis functions:   396 

 Convergence thresholds:  THRVAR = 1.00D-08  THRDEN = 1.00D-06

 Number of core orbitals:           2 (   2 )
 Number of closed-shell orbitals:   7 (   7 )
 Number of external orbitals:     169 ( 169 )

 Molecular orbitals read from record     2100.2  Type=RHF/CANONICAL (state 1.1)

 MP2-F12 correlation treatment (H.-J. Werner, 2006)
 ==================================================

 Using MP2-F12 with ansatz 3C(FIX)

 Using projected zeroth-order Hamiltonian (+Z)

 FOCKRIB=T FOCKRIC=T FOCKRIP=T CABSP=T CABSA=T CABSK=T CABSF=T GBC=F EBC=F DMAT=T NOFIK=T NOPAO=1 SOLVE=-1  USEPAO=0
 EXCH_A= T EXCH_B= F EXCH_C= F EXCH_P= F

 Geminal basis:    OPTFULL  GEM_TYPE=SLATER  BETA=1.0  NGEM=6

 Optimizing Gaussian exponents for each gem_beta

 Geminal optimization for beta= 1.0000
 Weight function:   m=0, omega= 1.4646

 Augmented Hessian optimization of geminal fit. Trust ratio= 0.40000
 Convergence reached after   2 iterations. Final gradient= 8.66D-16, Step= 4.23D-06, Delta= 1.28D-09

 Alpha:                 0.19532     0.81920     2.85917     9.50073    35.69989   197.79328
 Coeff:                 0.27070     0.30552     0.18297     0.10986     0.06810     0.04224


 All pairs explicitly correlated. Number of r12-pairs:           28

 Excluding core orbitals from MO domains

 AO(A)-basis ORBITAL           loaded. Number of functions:     178
 RI(R)-basis CC-PVTZ-F12/OPTRI loaded. Number of functions:     314
 DF-basis AUG-CC-PVTZ/JKFIT    loaded. Number of functions:     392

 Screening thresholds:   THRAO=  1.00D-10  THRMO=  1.00D-09  THRPROD=  1.00D-09
                         THRSW=  1.00D-05  THROV=  1.00D-12  THRAOF12= 1.00D-08

 CPU time for Fock operators                      1.45 sec

 Construction of ABS:
 Smallest eigenvalue of S          4.36E-04  (threshold= 1.00E-08)
 Ratio eigmin/eigmax               5.56E-05  (threshold= 1.00E-09)
 Smallest eigenvalue of S kept     4.36E-04  (threshold= 4.36E-04, 0 functions deleted, 314 kept)

 Construction of CABS:
 Smallest eigenvalue of S          7.26E-07  (threshold= 1.00E-08)
 Ratio eigmin/eigmax               7.26E-07  (threshold= 1.00E-09)
 Smallest eigenvalue of S kept     7.26E-07  (threshold= 7.26E-07, 0 functions deleted, 314 kept)

 CPU time for CABS singles                        0.04 sec

 CABS-singles contribution of  -0.00135363 patched into reference energy.
 New reference energy        -115.10013144

 AO(A)-basis ORBITAL           loaded. Number of functions:     178
 RI(R)-basis CC-PVTZ-F12/OPTRI loaded. Number of functions:     314
 DF-basis AUG-CC-PVTZ/MP2FIT   loaded. Number of functions:     396

 Screening thresholds:   THRAO=  1.00D-10  THRMO=  1.00D-09  THRPROD=  1.00D-09
                         THRSW=  1.00D-05  THROV=  1.00D-12  THRAOF12= 1.00D-08

 CPU time for 3-index integral evaluation         3.28 sec
 CPU time for first  half transformation          0.19 sec (12995.0 MFLOP/sec)
 CPU time for second half transformation          0.01 sec ( 6217.0 MFLOP/sec)
 CPU time for sorting                             0.01 sec
 CPU time for fitting                             0.03 sec (37980.8 MFLOP/sec)
 CPU time for tilde quantities                    0.05 sec (30209.0 MFLOP/sec)
 CPU time for assembly                            0.18 sec (68631.1 MFLOP/sec)
 CPU time for tranop_f12                          0.26 sec (61000.9 MFLOP/sec)
 CPU time for f12 integrals (total)               4.43 sec, Elapsed time:      5.48 sec
 CPU time for f12 matrices (total)                0.11 sec, Elapsed time:      0.21 sec

 Diagonal F12 approximation with fixed coefficients:  TSING= 0.500,  TTRIP= 0.250 (scaled by -1/beta)

 DF-MP2-F12 energy corrections:
 ==============================
 Approx.                                    Singlet             Triplet             Total
 DF-MP2-F12/3*C(DX,FIX)                -0.038287518819     -0.004212646695     -0.042500165514
 DF-MP2-F12/3*C(FIX)                   -0.036088692888     -0.003930903733     -0.040019596622
 DF-MP2-F12/3C(FIX)                    -0.036031395535     -0.004065876688     -0.040097272223

 DF-MP2-F12 correlation energies:
 ================================
 Approx.                                    Singlet             Triplet             Ecorr            Total Energy
 DF-MP2                                -0.291095494195     -0.152363748688     -0.443459242883   -115.543590686557
 DF-MP2-F12/3*C(DX,FIX)                -0.329383013014     -0.156576395384     -0.485959408397   -115.586090852071
 DF-MP2-F12/3*C(FIX)                   -0.327184187083     -0.156294652422     -0.483478839505   -115.583610283179
 DF-MP2-F12/3C(FIX)                    -0.327126889730     -0.156429625376     -0.483556515106   -115.583687958780

 SCS-DF-MP2 energies (F_SING= 1.20000  F_TRIP= 0.62222  F_PARALLEL= 0.33333):
 ============================================================================
 SCS-DF-MP2                            -0.444118703329   -115.544250147003
 SCS-DF-MP2-F12/3*C(DX,FIX)            -0.492684928299   -115.592816371974
 SCS-DF-MP2-F12/3*C(FIX)               -0.489871030451   -115.590002474125
 SCS-DF-MP2-F12/3C(FIX)                -0.489886256799   -115.590017700473
 Symmetry transformation completed.

 Number of N-1 electron functions:               7
 Number of N-2 electron functions:              28
 Number of singly external CSFs:              1183
 Number of doubly external CSFs:            700336
 Total number of CSFs:                      701520

 Length of J-op  integral file:             104.98 MB
 Length of K-op  integral file:             138.67 MB

 Integral transformation finished. Total CPU:   1.28 sec, npass=  1  Memory used:   2.18 MW

 ITER.      SQ.NORM     CORR.ENERGY   TOTAL ENERGY   ENERGY CHANGE     VAR   MIC
   1      1.00000000    -0.44352564  -115.54365709    -0.44352564  0.00D+00   0
   2      1.11473548    -0.44352564  -115.54365709     0.00000000 -0.81D-15   0

 Solving MP2-F12 equations

   1      1.11469917    -0.48286486  -115.58299630    -0.03933921 -0.37D-04   0
   2      1.11469917    -0.48362151  -115.58375296    -0.00075666  0.44D-18   0
   3      1.11469917    -0.48362151  -115.58375296     0.00000000 -0.14D-18   0

 CPU TIME FOR ITERATIVE MP2:    0.09 SEC


 MP2-F12 energy corrections:
 ===========================
 Approx.                                    Singlet             Triplet             Total
 MP2-F12/3*C(DX,FIX)                   -0.038287518819     -0.004212646695     -0.042500165514
 MP2-F12/3*C(FIX)                      -0.036088692888     -0.003930903733     -0.040019596622
 MP2-F12/3C(FIX)                       -0.036028695087     -0.004067173110     -0.040095868197

 MP2-F12 correlation energies:
 =============================
 Approx.                                    Singlet             Triplet             Ecorr            Total Energy
 MP2                                   -0.291278808039     -0.152246836661     -0.443525644700   -115.543657088374
 MP2-F12/3*C(DX,FIX)                   -0.329566326858     -0.156459483356     -0.486025810214   -115.586157253888
 MP2-F12/3*C(FIX)                      -0.327367500927     -0.156177740394     -0.483545241322   -115.583676684996
 MP2-F12/3C(FIX)                       -0.327307503126     -0.156314009771     -0.483621512897   -115.583752956571

 SCS-MP2 energies (F_SING= 1.20000  F_TRIP= 0.62222  F_PARALLEL= 0.33333):
 =========================================================================
 SCS-MP2                               -0.444265934680   -115.544397378354
 SCS-MP2-F12/3*C(DX,FIX)               -0.492832159651   -115.592963603325
 SCS-MP2-F12/3*C(FIX)                  -0.490018261803   -115.590149705477
 SCS-MP2-F12/3C(FIX)                   -0.490031054276   -115.590162497950


  Reference energy                   -115.098777816736
  F12 singles correction               -0.001353626938

 F12 singles corrections added to reference energy

  New reference energy               -115.100131443674

  F12/3C(F) singlet correction         -0.036028695087
  F12/3C(F) triplet correction         -0.004067173110
  F12/3C(F) total correction           -0.040095868197
  MP2-F12/3C(F) singlet pair energy    -0.327307503126
  MP2-F12/3C(F) triplet pair energy    -0.156314009771
  MP2-F12/3C(F) correlation energy     -0.483621512897

 !MP2-F12/3C(F) total energy         -115.583752956571


 **********************************************************************************************************************************
 DATASETS  * FILE   NREC   LENGTH (MB)   RECORD NAMES
              1      20      569.39       500      610      700      900      950      970     1000      129      960     1100   
                                          VAR    BASINP    GEOM    SYMINP    ZMAT    AOBASIS   BASIS     P2S    ABASIS      S 
                                         1400     1410     1200     1210     1080     1600     1650     1300     1700     1380   
                                           T        V       H0       H01     AOSYM     SMH    MOLCAS    ERIS     OPER     JKOP   

              2       7        4.13       700     1000      520     2100     7360     7350     7000   
                                         GEOM     BASIS   MCVARS     RHF    F12ABS    EF12   

 PROGRAMS   *        TOTAL   MP2-F12    HF-SCF       INT
 CPU TIMES  *        24.61      7.64      7.95      8.90
 REAL TIME  *       117.49 SEC
 DISK USED  *         2.15 GB
 **********************************************************************************************************************************


 PROGRAM * CCSD (Closed-shell coupled cluster)     Authors: C. Hampel, H.-J. Werner, 1991, M. Deegan, P.J. Knowles, 1992

                                  CCSD-F12 implementation by  H.-J. Werner, 2007

                   Density fitting integral evaluation by F.R. Manby, 2003,2007, G. Knizia, 2010



 Convergence thresholds:  THRVAR = 1.00D-08  THRDEN = 1.00D-06

 CCSD(T)     terms to be evaluated (factor= 1.000)


 Number of core orbitals:           2 (   2 )
 Number of closed-shell orbitals:   7 (   7 )
 Number of external orbitals:     169 ( 169 )

 Molecular orbitals read from record     2100.2  Type=RHF/CANONICAL (state 1.1)

 MP2-F12 correlation treatment (H.-J. Werner, 2006)
 ==================================================

 Using MP2-F12 with ansatz 3C(FIX)

 Using projected zeroth-order Hamiltonian (+Z)

 FOCKRIB=T FOCKRIC=T FOCKRIP=T CABSP=T CABSA=T CABSK=T CABSF=T GBC=F EBC=F DMAT=T NOFIK=T NOPAO=1 SOLVE=-1  USEPAO=0
 EXCH_A= T EXCH_B= F EXCH_C= F EXCH_P= F

 Geminal basis:    OPTFULL  GEM_TYPE=SLATER  BETA=1.0  NGEM=6

 Optimizing Gaussian exponents for each gem_beta

 Geminal optimization for beta= 1.0000
 Weight function:   m=0, omega= 1.4646

 Augmented Hessian optimization of geminal fit. Trust ratio= 0.40000
 Convergence reached after   2 iterations. Final gradient= 8.66D-16, Step= 4.23D-06, Delta= 1.28D-09

 Alpha:                 0.19532     0.81920     2.85917     9.50073    35.69989   197.79328
 Coeff:                 0.27070     0.30552     0.18297     0.10986     0.06810     0.04224


 All pairs explicitly correlated. Number of r12-pairs:           28

 Excluding core orbitals from MO domains

 AO(A)-basis ORBITAL           loaded. Number of functions:     178
 RI(R)-basis CC-PVTZ-F12/OPTRI loaded. Number of functions:     314
 DF-basis AUG-CC-PVTZ/JKFIT    loaded. Number of functions:     392

 Screening thresholds:   THRAO=  1.00D-10  THRMO=  1.00D-09  THRPROD=  1.00D-09
                         THRSW=  1.00D-05  THROV=  1.00D-12  THRAOF12= 1.00D-08

 CPU time for Fock operators                      1.44 sec

 Construction of ABS:
 Smallest eigenvalue of S          4.36E-04  (threshold= 1.00E-08)
 Ratio eigmin/eigmax               5.56E-05  (threshold= 1.00E-09)
 Smallest eigenvalue of S kept     4.36E-04  (threshold= 4.36E-04, 0 functions deleted, 314 kept)

 Construction of CABS:
 Smallest eigenvalue of S          7.26E-07  (threshold= 1.00E-08)
 Ratio eigmin/eigmax               7.26E-07  (threshold= 1.00E-09)
 Smallest eigenvalue of S kept     7.26E-07  (threshold= 7.26E-07, 0 functions deleted, 314 kept)

 CPU time for CABS singles                        0.04 sec

 CABS-singles contribution of  -0.00135363 patched into reference energy.
 New reference energy        -115.10013144

 AO(A)-basis ORBITAL           loaded. Number of functions:     178
 RI(R)-basis CC-PVTZ-F12/OPTRI loaded. Number of functions:     314
 DF-basis AUG-CC-PVTZ/MP2FIT   loaded. Number of functions:     396

 Screening thresholds:   THRAO=  1.00D-10  THRMO=  1.00D-09  THRPROD=  1.00D-09
                         THRSW=  1.00D-05  THROV=  1.00D-12  THRAOF12= 1.00D-08

 CPU time for 3-index integral evaluation         3.20 sec
 CPU time for first  half transformation          0.28 sec ( 8818.0 MFLOP/sec)
 CPU time for second half transformation          0.03 sec ( 2072.3 MFLOP/sec)
 CPU time for fitting                             0.02 sec (56971.3 MFLOP/sec)
 CPU time for tilde quantities                    0.02 sec (75522.6 MFLOP/sec)
 CPU time for assembly                            0.21 sec (58826.6 MFLOP/sec)
 CPU time for tranop_f12                          0.24 sec (66084.3 MFLOP/sec)
 CPU time for f12 integrals (total)               4.35 sec, Elapsed time:      4.67 sec
 CPU time for f12 matrices (total)                0.09 sec, Elapsed time:      0.12 sec

 Diagonal F12 approximation with fixed coefficients:  TSING= 0.500,  TTRIP= 0.250 (scaled by -1/beta)

 DF-MP2-F12 energy corrections:
 ==============================
 Approx.                                    Singlet             Triplet             Total
 DF-MP2-F12/3*C(DX,FIX)                -0.038287518819     -0.004212646695     -0.042500165514
 DF-MP2-F12/3*C(FIX)                   -0.036088692888     -0.003930903733     -0.040019596622
 DF-MP2-F12/3C(FIX)                    -0.036031395535     -0.004065876688     -0.040097272223

 DF-MP2-F12 correlation energies:
 ================================
 Approx.                                    Singlet             Triplet             Ecorr            Total Energy
 DF-MP2                                -0.291095494195     -0.152363748688     -0.443459242883   -115.543590686557
 DF-MP2-F12/3*C(DX,FIX)                -0.329383013014     -0.156576395384     -0.485959408397   -115.586090852071
 DF-MP2-F12/3*C(FIX)                   -0.327184187083     -0.156294652422     -0.483478839505   -115.583610283179
 DF-MP2-F12/3C(FIX)                    -0.327126889730     -0.156429625376     -0.483556515106   -115.583687958780

 SCS-DF-MP2 energies (F_SING= 1.20000  F_TRIP= 0.62222  F_PARALLEL= 0.33333):
 ============================================================================
 SCS-DF-MP2                            -0.444118703329   -115.544250147003
 SCS-DF-MP2-F12/3*C(DX,FIX)            -0.492684928299   -115.592816371974
 SCS-DF-MP2-F12/3*C(FIX)               -0.489871030451   -115.590002474125
 SCS-DF-MP2-F12/3C(FIX)                -0.489886256799   -115.590017700473
 Symmetry transformation completed.

 Number of N-1 electron functions:               7
 Number of N-2 electron functions:              28
 Number of singly external CSFs:              1183
 Number of doubly external CSFs:            700336
 Total number of CSFs:                      701520

 Length of J-op  integral file:             105.23 MB
 Length of K-op  integral file:             138.67 MB
 Length of 3-ext integral record:             0.00 MB

 Memory could be reduced to 48.01 Mwords without degradation in triples

 Integral transformation finished. Total CPU:   2.93 sec, npass=  1  Memory used:  24.86 MW

 Reference energy:                   -115.10013144

 Adding F12 terms to K(Cij), methodcc=6,  factor= 1.0

 ITER.      SQ.NORM     CORR.ENERGY   TOTAL ENERGY   ENERGY CHANGE        DEN1      VAR(S)    VAR(P)  DIIS     TIME  TIME/IT
   1      1.11762304    -0.45285846  -115.55298990    -0.00933281     0.00166847  0.15D-02  0.19D-02  1  1    11.49     3.06
   2      1.12503265    -0.45322029  -115.55335173    -0.00036183    -0.00904638  0.24D-04  0.23D-03  2  2    14.02     3.08
   3      1.12776216    -0.45339771  -115.55352915    -0.00017742    -0.00186511  0.15D-04  0.13D-04  3  3    16.62     3.12
   4      1.12870942    -0.45341559  -115.55354703    -0.00001788    -0.00060018  0.86D-06  0.12D-05  4  4    19.31     3.08
   5      1.12886497    -0.45341715  -115.55354859    -0.00000156    -0.00003791  0.23D-06  0.10D-06  5  5    22.01     3.10
   6      1.12890755    -0.45341479  -115.55354623     0.00000235    -0.00000423  0.36D-07  0.96D-08  6  6    24.52     3.05
   7      1.12891868    -0.45341392  -115.55354536     0.00000087    -0.00000299  0.39D-08  0.14D-08  6  1    27.06     3.00
   8      1.12892048    -0.45341398  -115.55354542    -0.00000006     0.00000033  0.67D-09  0.20D-09  6  3    29.51     2.95

 Norm of t1 vector:      0.05000783      S-energy:     0.00000010      T1 diagnostic:  0.00945059
                                                                       D1 diagnostic:  0.02003703

 Adding energy correction from Wij-K(Fij), methodcc=6  factor= 1.0

  CCSD correlation energy              -0.453413978621
  MP2-F12 correction (uncoupled)       -0.038545594132
  C*T doubles correction               -0.001164898858
  f12b correction                       0.007098782834


 Total CPU time for triples:     33.23 sec


 RESULTS
 =======

  Reference energy                   -115.098777816736
  F12 singles correction               -0.001353626938

 F12 singles corrections added to reference energy

  New reference energy               -115.100131443674

  F12a singlet correction              -0.035791911200
  F12a triplet correction              -0.003918581790
  F12a total correction                -0.039710492990

 F12a corrections for ansatz F12/3C(FIX) added to CCSD energy

  CCSD-F12a singlet pair energy        -0.351209449181
  CCSD-F12a triplet pair energy        -0.141915125566
  CCSD-F12a correlation energy         -0.493124471611

  Triples (T) contribution             -0.016014524006
  Total correlation energy             -0.509138995617

  CCSD-F12a total energy             -115.593255915285
  CCSD[T]-F12a energy                -115.609823539245
  CCSD-T-F12a energy                 -115.609026706474
 !CCSD(T)-F12a total energy          -115.609270439291

 F12b corrections for ansatz F12/3C(FIX) added to CCSD(T)-F12a energy

  CCSD-F12b singlet pair energy        -0.344572748630
  CCSD-F12b triplet pair energy        -0.141453043283
  CCSD-F12b correlation energy         -0.486025688777

  Triples (T) contribution             -0.016014524006
  Total correlation energy             -0.502040212783

  CCSD-F12b total energy             -115.586157132451
  CCSD[T]-F12b energy                -115.602724756411
  CCSD-T-F12b energy                 -115.601927923640
 !CCSD(T)-F12b total energy          -115.602171656457

 Timing summary (sec):

 STEP                 CPU(USER)    SYS     CPU(TOT)    WALL
 Transformation          2.98      1.40      4.38      6.52
 CCSD iterations        20.55      1.72     22.27     23.81
 Triples                33.23      0.92     34.15     34.66
 MP2-F12                 6.00      0.41      6.41      6.45
 F12b energy             1.99      0.11      2.10      2.14

 Program statistics:

 Available memory in ccsd:               499999646
 Min. memory needed in ccsd:               2228017
 Max. memory used in ccsd:                 2807120
 Max. memory used in cckext:               2027429 ( 9 integral passes)



 **********************************************************************************************************************************
 DATASETS  * FILE   NREC   LENGTH (MB)   RECORD NAMES
              1      20      705.34       500      610      700      900      950      970     1000      129      960     1100   
                                          VAR    BASINP    GEOM    SYMINP    ZMAT    AOBASIS   BASIS     P2S    ABASIS      S 
                                         1400     1410     1200     1210     1080     1600     1650     1300     1700     1380   
                                           T        V       H0       H01     AOSYM     SMH    MOLCAS    ERIS     OPER     JKOP   

              2       7        4.13       700     1000      520     2100     7360     7350     7000   
                                         GEOM     BASIS   MCVARS     RHF    F12ABS    EF12   

 PROGRAMS   *        TOTAL   CCSD(T)   MP2-F12    HF-SCF       INT
 CPU TIMES  *        89.40     64.79      7.64      7.95      8.90
 REAL TIME  *       191.23 SEC
 DISK USED  *         2.15 GB
 **********************************************************************************************************************************
 SETTING XXX            =    "MMM"
 SETTING POINT          =       123.00000000                                  

 *** ### CH3OH


 XXX       RCO          ROH          RCH1         RCH2         RCH3           ACOH           AOCH1          AOCH2          AOCH3         AHH1           AHH2           AHH3            ENERGY        POINT
 "MMM"   1.42077677   0.96013932   1.09175710   1.08440517   1.09167006   108.12930637   111.63161312   107.18997539   111.67123677   63.23364279   181.80000000   300.36635721   -115.60927044   123.0000
                                                  

 CCSD(T)-F12/cc-pVTZ-F12 energy=   -115.602171656457

     CCSD(T)-F12         MP2-F12          HF-SCF
   -115.60217166   -115.58375296   -115.09877782
 **********************************************************************************************************************************
 Molpro calculation terminated
