
 Primary working directories    : /tmpdir/job/2955592.undefined/molpro.pGRco8oybh
 Secondary working directories  : /tmpdir/job/2955592.undefined/molpro.pGRco8oybh
 Wavefunction directory         : /home/zcaposm/wfu/
 Main file repository           : /tmpdir/job/2955592.undefined/molpro.pGRco8oybh/

 id        : uclcc

 Nodes                         nprocs
 node-d00a-101.myriad.ucl.ac.uk    1

 Using customized tuning parameters: mindgm=1; mindgv=20; mindgc=4; mindgr=1; noblas=0; minvec=7
 default implementation of scratch files=df  


 Variables initialized (945), CPU time= 0.01 sec
 ***,Methanol Ground State Energy with CCSD(T)-F12 and cc-pVTZ-F12
 memory,500,m;
 
 geometry={angstrom
 c
 o , 1, rco
 h , 2, roh, 1, acoh
 h1, 1, rch1, 2, aoch1  3  ahh1
 h2, 1, rch2, 2, aoch2, 3, ahh2
 h3, 1, rch3, 2, aoch3, 3, ahh3
 }
 
                                                ! Specify the initial values of the internal coordinates (in Angstroms and degrees)
 
 rco= 1.42077677
 roh= 0.96013932
 rch1= 1.101717515605
 rch2= 1.08440070258
 rch3= 1.091717515605
 acoh= 108.12930637
 aoch1= 111.6522152299
 aoch2= 107.18733878260001
 aoch3= 111.6522152299
 ahh1=61.43364279
 ahh2=180.0
 ahh3=298.56635721
 
                                                                                 ! Use the cc-pVTZ-F12 basis set
 basis=cc-pVTZ-F12
 
 hf
 
                                                                                 ! Use explicitly correlated F12 methods
                                                                            ! First, MP2-F12 (useful for initial electronic energy)
 {mp2-f12}
 
                                                                        ! If desired, perform CCSD(T)-F12 for more accurate results
 {ccsd(t)-f12}
 
                                                                                 ! Output the energy
 xxx = "mmm"
 point = 28
 text ### CH3OH
 table,xxx,rco,roh,rch1,rch2,rch3,acoh,aoch1,aoch2,aoch3,ahh1,ahh2,ahh3,energy,point
 DIGITS, 0, 8, 8, 8, 8, 8, 8, 8, 8, 8,  8,  8,  8, 8, 4
 save,CH3OH_MEP_MP2_28.dat,new
 
 Commands  initialized (802), CPU time= 0.02 sec, 659 directives.
 Default parameters read. Elapsed time= 1.13 sec

 Checking input...
 Passed
1


                                         ***  PROGRAM SYSTEM MOLPRO  ***
                                       Copyright, TTI GmbH Stuttgart, 2015
                                    Version 2020.1 linked Oct  6 2020 12:04:11


 **********************************************************************************************************************************
 LABEL *   Methanol Ground State Energy with CCSD(T)-F12 and cc-pVTZ-F12                 
  64 bit serial version                                                                  DATE: 08-Oct-24          TIME: 17:11:45  
 **********************************************************************************************************************************

 SHA1:             8c27446f6450a7499e38f603e13c65f775101d37
 **********************************************************************************************************************************

 Memory per process:       500 MW
 Total memory per node:    500 MW

 GA preallocation disabled
 GA check disabled

 Variable memory set to 500.0 MW

 SETTING RCO            =         1.42077677                                  
 SETTING ROH            =         0.96013932                                  
 SETTING RCH1           =         1.10171752                                  
 SETTING RCH2           =         1.08440070                                  
 SETTING RCH3           =         1.09171752                                  
 SETTING ACOH           =       108.12930637                                  
 SETTING AOCH1          =       111.65221523                                  
 SETTING AOCH2          =       107.18733878                                  
 SETTING AOCH3          =       111.65221523                                  
 SETTING AHH1           =        61.43364279                                  
 SETTING AHH2           =       180.00000000                                  
 SETTING AHH3           =       298.56635721                                  
 SETTING BASIS          =    CC-PVTZ-F12


 Recomputing integrals since basis changed


 Using spherical harmonics

 Library entry C      S cc-pVTZ-F12          selected for orbital group  1
 Library entry C      P cc-pVTZ-F12          selected for orbital group  1
 Library entry C      D cc-pVTZ-F12          selected for orbital group  1
 Library entry C      F cc-pVTZ-F12          selected for orbital group  1
 Library entry O      S cc-pVTZ-F12          selected for orbital group  2
 Library entry O      P cc-pVTZ-F12          selected for orbital group  2
 Library entry O      D cc-pVTZ-F12          selected for orbital group  2
 Library entry O      F cc-pVTZ-F12          selected for orbital group  2
 Library entry H      S cc-pVTZ-F12          selected for orbital group  3
 Library entry H      P cc-pVTZ-F12          selected for orbital group  3
 Library entry H      D cc-pVTZ-F12          selected for orbital group  3


 PROGRAM * SEWARD (Integral evaluation for generally contracted gaussian basis sets)     Author: Roland Lindh, 1990

 Geometry written to block  1 of record 700

 Orientation using atomic masses  
 Molecule type: Asymmetric top
 Rotational constants:      23.9441807     24.7810374    128.1414435 GHz  (calculated with average atomic masses)

 Point group  C1  



 ATOMIC COORDINATES

 NR  ATOM    CHARGE       X              Y              Z

   1  C       6.00   -0.001753291    0.024305131   -1.376397207
   2  O       8.00    0.001890799   -0.121757868    1.304503287
   3  H       1.00   -0.017755095    1.569180000    1.962068355
   4  H1      1.00    1.685609057    1.010165472   -2.094296961
   5  H2      1.00    0.020599724   -1.897424190   -2.087565785
   6  H3      1.00   -1.697574130    0.961156584   -2.085385513

 Bond lengths in Bohr (Angstrom)

 1-2  2.684878979  1-4  2.081944371  1-5  2.049220337  1-6  2.063047110  2-3  1.814400356
     ( 1.420776770)     ( 1.101717516)     ( 1.084400703)     ( 1.091717516)     ( 0.960139320)

 Bond angles

  1-2-3  108.12930637   2-1-4  111.65221523   2-1-5  107.18733878   2-1-6  111.65221523

  4-1-5  108.39459424   4-1-6  109.43105099   5-1-6  108.39459424

 NUCLEAR CHARGE:                   18
 NUMBER OF PRIMITIVE AOS:         228
 NUMBER OF SYMMETRY AOS:          206
 NUMBER OF CONTRACTIONS:          178   (  178A   )
 NUMBER OF INNER CORE ORBITALS:     0   (    0A   )
 NUMBER OF OUTER CORE ORBITALS:     2   (    2A   )
 NUMBER OF VALENCE ORBITALS:       12   (   12A   )


 NUCLEAR REPULSION ENERGY   40.30834828

 Eigenvalues of metric

         1 0.886E-04 0.184E-03 0.310E-03 0.326E-03 0.460E-03 0.493E-03 0.560E-03 0.572E-03


 Contracted 2-electron integrals neglected if value below      1.0D-11
 AO integral compression algorithm  1   Integral accuracy      1.0D-11

     614.990 MB (compressed) written to integral file ( 51.6%)


 NUMBER OF SORTED TWO-ELECTRON INTEGRALS:  126906346.     BUFFER LENGTH:  32768
 NUMBER OF SEGMENTS:   8  SEGMENT LENGTH:   15999503      RECORD LENGTH: 524288

 Memory used in sort:      16.56 MW

 SORT1 READ   149034713. AND WROTE   124821297. INTEGRALS IN    360 RECORDS. CPU TIME:     2.45 SEC, REAL TIME:    32.61 SEC
 SORT2 READ   124821297. AND WROTE   126906346. INTEGRALS IN   2346 RECORDS. CPU TIME:     3.30 SEC, REAL TIME:    53.82 SEC

 FILE SIZES:   FILE 1:   646.2 MBYTE,  FILE 4:  1510.0 MBYTE,   TOTAL:   2156.2 MBYTE

 OPERATOR DM      FOR CENTER  0  COORDINATES:    0.000000    0.000000    0.000000


 **********************************************************************************************************************************
 DATASETS  * FILE   NREC   LENGTH (MB)   RECORD NAMES
              1      19      566.97       500      610      700      900      950      970     1000      129      960     1100   
                                          VAR    BASINP    GEOM    SYMINP    ZMAT    AOBASIS   BASIS     P2S    ABASIS      S 
                                         1400     1410     1200     1210     1080     1600     1650     1300     1700   
                                           T        V       H0       H01     AOSYM     SMH    MOLCAS    ERIS     OPER   

 PROGRAMS   *        TOTAL       INT
 CPU TIMES  *        12.70     12.41
 REAL TIME  *       154.51 SEC
 DISK USED  *         2.16 GB
 **********************************************************************************************************************************


 PROGRAM * RHF-SCF (CLOSED SHELL)       Authors: W. Meyer, H.-J. Werner


 NUMBER OF ELECTRONS:       9+    9-    SPACE SYMMETRY=1    SPIN SYMMETRY: Singlet 
 CONVERGENCE THRESHOLDS:    1.00E-05 (Density)    1.00E-07 (Energy)
 MAX. NUMBER OF ITERATIONS:       60
 INTERPOLATION TYPE:            DIIS
 INTERPOLATION STEPS:              2 (START)      1 (STEP)
 LEVEL SHIFTS:                  0.00 (CLOSED)  0.00 (OPEN) 



 Orbital guess generated from atomic densities. Full valence occupancy:   14

 Molecular orbital dump at record        2100.2

 Initial occupancy:   9

 ITERATION    DDIFF          GRAD             ENERGY        2-EL.EN.            DIPOLE MOMENTS         DIIS   ORB.
    1      0.000D+00      0.000D+00      -115.06217412    164.408270   -0.00958    0.90492   -0.47786    0    start
    2      0.000D+00      0.507D-02      -115.09053365    161.832957   -0.00849    0.49483   -0.30131    1    diag
    3      0.480D-02      0.278D-02      -115.09805598    163.094662   -0.00997    0.59809   -0.39493    2    diag
    4      0.164D-02      0.545D-03      -115.09858791    162.918198   -0.01030    0.59282   -0.39019    3    diag
    5      0.436D-03      0.110D-03      -115.09862229    162.930079   -0.01044    0.58875   -0.39492    4    diag
    6      0.121D-03      0.204D-04      -115.09862384    162.927625   -0.01048    0.58886   -0.39568    5    diag
    7      0.349D-04      0.429D-05      -115.09862391    162.927372   -0.01049    0.58868   -0.39594    6    diag
    8      0.877D-05      0.107D-05      -115.09862392    162.927645   -0.01049    0.58867   -0.39595    0    orth

 Final occupancy:   9

 !RHF STATE  1.1 Energy              -115.098623917938
 Nuclear energy                        40.30834828
 One-electron energy                 -236.87079474
 Two-electron energy                   81.46382255
 Virial quotient                       -1.00114194
 !RHF STATE  1.1 Dipole moment         -0.01048940     0.58866921    -0.39595145
 Dipole moment /Debye                  -0.02665965     1.49614990    -1.00634228

 Orbital energies:

         1.1          2.1          3.1          4.1          5.1          6.1          7.1          8.1          9.1         10.1
    -20.556578   -11.271038    -1.357081    -0.925372    -0.690514    -0.620540    -0.594574    -0.504118    -0.451761     0.054725

        11.1
      0.065013


 HOMO      9.1    -0.451761 =     -12.2930eV
 LUMO     10.1     0.054725 =       1.4892eV
 LUMO-HOMO         0.506486 =      13.7822eV


 **********************************************************************************************************************************
 DATASETS  * FILE   NREC   LENGTH (MB)   RECORD NAMES
              1      19      566.97       500      610      700      900      950      970     1000      129      960     1100   
                                          VAR    BASINP    GEOM    SYMINP    ZMAT    AOBASIS   BASIS     P2S    ABASIS      S 
                                         1400     1410     1200     1210     1080     1600     1650     1300     1700   
                                           T        V       H0       H01     AOSYM     SMH    MOLCAS    ERIS     OPER   

              2       4        3.48       700     1000      520     2100   
                                         GEOM     BASIS   MCVARS     RHF  

 PROGRAMS   *        TOTAL    HF-SCF       INT
 CPU TIMES  *        20.52      7.81     12.41
 REAL TIME  *       167.56 SEC
 DISK USED  *         2.16 GB
 **********************************************************************************************************************************


 PROGRAM * MP2 (Closed-shell)     Authors: C. Hampel, H.-J. Werner, 1991, M. Deegan, P.J. Knowles, 1992

                                   MP2-F12 implementation by H.-J. Werner, 2007

                   Density fitting integral evaluation by F.R. Manby, 2003,2007, G. Knizia, 2010


 Basis set AUG-CC-PVTZ/JKFIT generated.  Number of basis functions:   392 
 Basis set CC-PVTZ-F12/OPTRI generated.  Number of basis functions:   314 
 Basis set AUG-CC-PVTZ/MP2FIT generated. Number of basis functions:   396 

 Convergence thresholds:  THRVAR = 1.00D-08  THRDEN = 1.00D-06

 Number of core orbitals:           2 (   2 )
 Number of closed-shell orbitals:   7 (   7 )
 Number of external orbitals:     169 ( 169 )

 Molecular orbitals read from record     2100.2  Type=RHF/CANONICAL (state 1.1)

 MP2-F12 correlation treatment (H.-J. Werner, 2006)
 ==================================================

 Using MP2-F12 with ansatz 3C(FIX)

 Using projected zeroth-order Hamiltonian (+Z)

 FOCKRIB=T FOCKRIC=T FOCKRIP=T CABSP=T CABSA=T CABSK=T CABSF=T GBC=F EBC=F DMAT=T NOFIK=T NOPAO=1 SOLVE=-1  USEPAO=0
 EXCH_A= T EXCH_B= F EXCH_C= F EXCH_P= F

 Geminal basis:    OPTFULL  GEM_TYPE=SLATER  BETA=1.0  NGEM=6

 Optimizing Gaussian exponents for each gem_beta

 Geminal optimization for beta= 1.0000
 Weight function:   m=0, omega= 1.4646

 Augmented Hessian optimization of geminal fit. Trust ratio= 0.40000
 Convergence reached after   2 iterations. Final gradient= 8.66D-16, Step= 4.23D-06, Delta= 1.28D-09

 Alpha:                 0.19532     0.81920     2.85917     9.50073    35.69989   197.79328
 Coeff:                 0.27070     0.30552     0.18297     0.10986     0.06810     0.04224


 All pairs explicitly correlated. Number of r12-pairs:           28

 Excluding core orbitals from MO domains

 AO(A)-basis ORBITAL           loaded. Number of functions:     178
 RI(R)-basis CC-PVTZ-F12/OPTRI loaded. Number of functions:     314
 DF-basis AUG-CC-PVTZ/JKFIT    loaded. Number of functions:     392

 Screening thresholds:   THRAO=  1.00D-10  THRMO=  1.00D-09  THRPROD=  1.00D-09
                         THRSW=  1.00D-05  THROV=  1.00D-12  THRAOF12= 1.00D-08

 CPU time for Fock operators                      1.74 sec

 Construction of ABS:
 Smallest eigenvalue of S          4.41E-04  (threshold= 1.00E-08)
 Ratio eigmin/eigmax               5.65E-05  (threshold= 1.00E-09)
 Smallest eigenvalue of S kept     4.41E-04  (threshold= 4.41E-04, 0 functions deleted, 314 kept)

 Construction of CABS:
 Smallest eigenvalue of S          7.40E-07  (threshold= 1.00E-08)
 Ratio eigmin/eigmax               7.40E-07  (threshold= 1.00E-09)
 Smallest eigenvalue of S kept     7.40E-07  (threshold= 7.40E-07, 0 functions deleted, 314 kept)

 CPU time for CABS singles                        0.05 sec

 CABS-singles contribution of  -0.00135058 patched into reference energy.
 New reference energy        -115.09997450

 AO(A)-basis ORBITAL           loaded. Number of functions:     178
 RI(R)-basis CC-PVTZ-F12/OPTRI loaded. Number of functions:     314
 DF-basis AUG-CC-PVTZ/MP2FIT   loaded. Number of functions:     396

 Screening thresholds:   THRAO=  1.00D-10  THRMO=  1.00D-09  THRPROD=  1.00D-09
                         THRSW=  1.00D-05  THROV=  1.00D-12  THRAOF12= 1.00D-08

 CPU time for 3-index integral evaluation         3.41 sec
 CPU time for first  half transformation          0.20 sec (12345.3 MFLOP/sec)
 CPU time for second half transformation          0.02 sec ( 3108.5 MFLOP/sec)
 CPU time for sorting                             0.04 sec
 CPU time for fitting                             0.03 sec (37980.8 MFLOP/sec)
 CPU time for tilde quantities                    0.03 sec (50348.4 MFLOP/sec)
 CPU time for assembly                            0.43 sec (28729.3 MFLOP/sec)
 CPU time for tranop_f12                          0.43 sec (36884.2 MFLOP/sec)
 CPU time for f12 integrals (total)               5.18 sec, Elapsed time:     35.56 sec
 CPU time for f12 matrices (total)                0.15 sec, Elapsed time:      0.23 sec

 Diagonal F12 approximation with fixed coefficients:  TSING= 0.500,  TTRIP= 0.250 (scaled by -1/beta)

 DF-MP2-F12 energy corrections:
 ==============================
 Approx.                                    Singlet             Triplet             Total
 DF-MP2-F12/3*C(DX,FIX)                -0.038267416033     -0.004210080124     -0.042477496157
 DF-MP2-F12/3*C(FIX)                   -0.036073024049     -0.003928890475     -0.040001914524
 DF-MP2-F12/3C(FIX)                    -0.036016020560     -0.004063983746     -0.040080004305

 DF-MP2-F12 correlation energies:
 ================================
 Approx.                                    Singlet             Triplet             Ecorr            Total Energy
 DF-MP2                                -0.291180652484     -0.152368563736     -0.443549216220   -115.543523716097
 DF-MP2-F12/3*C(DX,FIX)                -0.329448068516     -0.156578643861     -0.486026712377   -115.586001212254
 DF-MP2-F12/3*C(FIX)                   -0.327253676533     -0.156297454211     -0.483551130744   -115.583525630621
 DF-MP2-F12/3C(FIX)                    -0.327196673043     -0.156432547482     -0.483629220525   -115.583603720402

 SCS-DF-MP2 energies (F_SING= 1.20000  F_TRIP= 0.62222  F_PARALLEL= 0.33333):
 ============================================================================
 SCS-DF-MP2                            -0.444223889305   -115.544198389182
 SCS-DF-MP2-F12/3*C(DX,FIX)            -0.492764393955   -115.592738893832
 SCS-DF-MP2-F12/3*C(FIX)               -0.489956161126   -115.589930661003
 SCS-DF-MP2-F12/3C(FIX)                -0.489971814974   -115.589946314851
 Symmetry transformation completed.

 Number of N-1 electron functions:               7
 Number of N-2 electron functions:              28
 Number of singly external CSFs:              1183
 Number of doubly external CSFs:            700336
 Total number of CSFs:                      701520

 Length of J-op  integral file:             104.98 MB
 Length of K-op  integral file:             138.67 MB

 Integral transformation finished. Total CPU:   1.33 sec, npass=  1  Memory used:   2.18 MW

 ITER.      SQ.NORM     CORR.ENERGY   TOTAL ENERGY   ENERGY CHANGE     VAR   MIC
   1      1.00000000    -0.44361572  -115.54359022    -0.44361572  0.00D+00   0
   2      1.11491217    -0.44361572  -115.54359022    -0.00000000  0.52D-15   0

 Solving MP2-F12 equations

   1      1.11487573    -0.48293754  -115.58291204    -0.03932181 -0.37D-04   0
   2      1.11487573    -0.48369432  -115.58366882    -0.00075678  0.38D-18   0
   3      1.11487573    -0.48369432  -115.58366882     0.00000000  0.94D-19   0

 CPU TIME FOR ITERATIVE MP2:    0.11 SEC


 MP2-F12 energy corrections:
 ===========================
 Approx.                                    Singlet             Triplet             Total
 MP2-F12/3*C(DX,FIX)                   -0.038267416033     -0.004210080124     -0.042477496157
 MP2-F12/3*C(FIX)                      -0.036073024049     -0.003928890475     -0.040001914524
 MP2-F12/3C(FIX)                       -0.036013320158     -0.004065273558     -0.040078593716

 MP2-F12 correlation energies:
 =============================
 Approx.                                    Singlet             Triplet             Ecorr            Total Energy
 MP2                                   -0.291364074747     -0.152251649352     -0.443615724099   -115.543590223976
 MP2-F12/3*C(DX,FIX)                   -0.329631490779     -0.156461729476     -0.486093220256   -115.586067720133
 MP2-F12/3*C(FIX)                      -0.327437098796     -0.156180539827     -0.483617638623   -115.583592138500
 MP2-F12/3C(FIX)                       -0.327377394905     -0.156316922910     -0.483694317814   -115.583668817691

 SCS-MP2 energies (F_SING= 1.20000  F_TRIP= 0.62222  F_PARALLEL= 0.33333):
 =========================================================================
 SCS-MP2                               -0.444371249293   -115.544345749170
 SCS-MP2-F12/3*C(DX,FIX)               -0.492911753943   -115.592886253820
 SCS-MP2-F12/3*C(FIX)                  -0.490103521114   -115.590078020991
 SCS-MP2-F12/3C(FIX)                   -0.490116737029   -115.590091236906


  Reference energy                   -115.098623917938
  F12 singles correction               -0.001350581939

 F12 singles corrections added to reference energy

  New reference energy               -115.099974499877

  F12/3C(F) singlet correction         -0.036013320158
  F12/3C(F) triplet correction         -0.004065273558
  F12/3C(F) total correction           -0.040078593716
  MP2-F12/3C(F) singlet pair energy    -0.327377394905
  MP2-F12/3C(F) triplet pair energy    -0.156316922910
  MP2-F12/3C(F) correlation energy     -0.483694317814

 !MP2-F12/3C(F) total energy         -115.583668817691


 **********************************************************************************************************************************
 DATASETS  * FILE   NREC   LENGTH (MB)   RECORD NAMES
              1      20      578.15       500      610      700      900      950      970     1000      129      960     1100   
                                          VAR    BASINP    GEOM    SYMINP    ZMAT    AOBASIS   BASIS     P2S    ABASIS      S 
                                         1400     1410     1200     1210     1080     1600     1650     1300     1700     1380   
                                           T        V       H0       H01     AOSYM     SMH    MOLCAS    ERIS     OPER     JKOP   

              2       7        4.13       700     1000      520     2100     7360     7350     7000   
                                         GEOM     BASIS   MCVARS     RHF    F12ABS    EF12   

 PROGRAMS   *        TOTAL   MP2-F12    HF-SCF       INT
 CPU TIMES  *        29.45      8.93      7.81     12.41
 REAL TIME  *       219.15 SEC
 DISK USED  *         2.16 GB
 **********************************************************************************************************************************


 PROGRAM * CCSD (Closed-shell coupled cluster)     Authors: C. Hampel, H.-J. Werner, 1991, M. Deegan, P.J. Knowles, 1992

                                  CCSD-F12 implementation by  H.-J. Werner, 2007

                   Density fitting integral evaluation by F.R. Manby, 2003,2007, G. Knizia, 2010



 Convergence thresholds:  THRVAR = 1.00D-08  THRDEN = 1.00D-06

 CCSD(T)     terms to be evaluated (factor= 1.000)


 Number of core orbitals:           2 (   2 )
 Number of closed-shell orbitals:   7 (   7 )
 Number of external orbitals:     169 ( 169 )

 Molecular orbitals read from record     2100.2  Type=RHF/CANONICAL (state 1.1)

 MP2-F12 correlation treatment (H.-J. Werner, 2006)
 ==================================================

 Using MP2-F12 with ansatz 3C(FIX)

 Using projected zeroth-order Hamiltonian (+Z)

 FOCKRIB=T FOCKRIC=T FOCKRIP=T CABSP=T CABSA=T CABSK=T CABSF=T GBC=F EBC=F DMAT=T NOFIK=T NOPAO=1 SOLVE=-1  USEPAO=0
 EXCH_A= T EXCH_B= F EXCH_C= F EXCH_P= F

 Geminal basis:    OPTFULL  GEM_TYPE=SLATER  BETA=1.0  NGEM=6

 Optimizing Gaussian exponents for each gem_beta

 Geminal optimization for beta= 1.0000
 Weight function:   m=0, omega= 1.4646

 Augmented Hessian optimization of geminal fit. Trust ratio= 0.40000
 Convergence reached after   2 iterations. Final gradient= 8.66D-16, Step= 4.23D-06, Delta= 1.28D-09

 Alpha:                 0.19532     0.81920     2.85917     9.50073    35.69989   197.79328
 Coeff:                 0.27070     0.30552     0.18297     0.10986     0.06810     0.04224


 All pairs explicitly correlated. Number of r12-pairs:           28

 Excluding core orbitals from MO domains

 AO(A)-basis ORBITAL           loaded. Number of functions:     178
 RI(R)-basis CC-PVTZ-F12/OPTRI loaded. Number of functions:     314
 DF-basis AUG-CC-PVTZ/JKFIT    loaded. Number of functions:     392

 Screening thresholds:   THRAO=  1.00D-10  THRMO=  1.00D-09  THRPROD=  1.00D-09
                         THRSW=  1.00D-05  THROV=  1.00D-12  THRAOF12= 1.00D-08

 CPU time for Fock operators                      1.57 sec

 Construction of ABS:
 Smallest eigenvalue of S          4.41E-04  (threshold= 1.00E-08)
 Ratio eigmin/eigmax               5.65E-05  (threshold= 1.00E-09)
 Smallest eigenvalue of S kept     4.41E-04  (threshold= 4.41E-04, 0 functions deleted, 314 kept)

 Construction of CABS:
 Smallest eigenvalue of S          7.40E-07  (threshold= 1.00E-08)
 Ratio eigmin/eigmax               7.40E-07  (threshold= 1.00E-09)
 Smallest eigenvalue of S kept     7.40E-07  (threshold= 7.40E-07, 0 functions deleted, 314 kept)

 CPU time for CABS singles                        0.04 sec

 CABS-singles contribution of  -0.00135058 patched into reference energy.
 New reference energy        -115.09997450

 AO(A)-basis ORBITAL           loaded. Number of functions:     178
 RI(R)-basis CC-PVTZ-F12/OPTRI loaded. Number of functions:     314
 DF-basis AUG-CC-PVTZ/MP2FIT   loaded. Number of functions:     396

 Screening thresholds:   THRAO=  1.00D-10  THRMO=  1.00D-09  THRPROD=  1.00D-09
                         THRSW=  1.00D-05  THROV=  1.00D-12  THRAOF12= 1.00D-08

 CPU time for 3-index integral evaluation         3.45 sec
 CPU time for first  half transformation          0.17 sec (14523.8 MFLOP/sec)
 CPU time for second half transformation          0.02 sec ( 3108.5 MFLOP/sec)
 CPU time for sorting                             0.03 sec
 CPU time for fitting                             0.03 sec (37980.8 MFLOP/sec)
 CPU time for tilde quantities                    0.03 sec (50348.4 MFLOP/sec)
 CPU time for assembly                            0.21 sec (58826.6 MFLOP/sec)
 CPU time for tranop_f12                          0.24 sec (66084.3 MFLOP/sec)
 CPU time for f12 integrals (total)               4.62 sec, Elapsed time:      5.96 sec
 CPU time for f12 matrices (total)                0.10 sec, Elapsed time:      0.24 sec

 Diagonal F12 approximation with fixed coefficients:  TSING= 0.500,  TTRIP= 0.250 (scaled by -1/beta)

 DF-MP2-F12 energy corrections:
 ==============================
 Approx.                                    Singlet             Triplet             Total
 DF-MP2-F12/3*C(DX,FIX)                -0.038267416033     -0.004210080124     -0.042477496157
 DF-MP2-F12/3*C(FIX)                   -0.036073024049     -0.003928890475     -0.040001914524
 DF-MP2-F12/3C(FIX)                    -0.036016020560     -0.004063983746     -0.040080004305

 DF-MP2-F12 correlation energies:
 ================================
 Approx.                                    Singlet             Triplet             Ecorr            Total Energy
 DF-MP2                                -0.291180652484     -0.152368563736     -0.443549216220   -115.543523716097
 DF-MP2-F12/3*C(DX,FIX)                -0.329448068516     -0.156578643861     -0.486026712377   -115.586001212254
 DF-MP2-F12/3*C(FIX)                   -0.327253676533     -0.156297454211     -0.483551130744   -115.583525630621
 DF-MP2-F12/3C(FIX)                    -0.327196673043     -0.156432547482     -0.483629220525   -115.583603720402

 SCS-DF-MP2 energies (F_SING= 1.20000  F_TRIP= 0.62222  F_PARALLEL= 0.33333):
 ============================================================================
 SCS-DF-MP2                            -0.444223889305   -115.544198389182
 SCS-DF-MP2-F12/3*C(DX,FIX)            -0.492764393955   -115.592738893832
 SCS-DF-MP2-F12/3*C(FIX)               -0.489956161126   -115.589930661003
 SCS-DF-MP2-F12/3C(FIX)                -0.489971814974   -115.589946314851
 Symmetry transformation completed.

 Number of N-1 electron functions:               7
 Number of N-2 electron functions:              28
 Number of singly external CSFs:              1183
 Number of doubly external CSFs:            700336
 Total number of CSFs:                      701520

 Length of J-op  integral file:             105.23 MB
 Length of K-op  integral file:             138.67 MB
 Length of 3-ext integral record:             0.00 MB

 Memory could be reduced to 48.01 Mwords without degradation in triples

 Integral transformation finished. Total CPU:   4.40 sec, npass=  1  Memory used:  24.86 MW

 Reference energy:                   -115.09997450

 Adding F12 terms to K(Cij), methodcc=6,  factor= 1.0

 ITER.      SQ.NORM     CORR.ENERGY   TOTAL ENERGY   ENERGY CHANGE        DEN1      VAR(S)    VAR(P)  DIIS     TIME  TIME/IT
   1      1.11782792    -0.45296226  -115.55293676    -0.00934653     0.00168298  0.15D-02  0.19D-02  1  1    14.32    25.89
   2      1.12527178    -0.45332966  -115.55330416    -0.00036740    -0.00906795  0.24D-04  0.23D-03  2  2    17.13    15.62
   3      1.12802190    -0.45350866  -115.55348316    -0.00017900    -0.00187485  0.15D-04  0.13D-04  3  3    19.92    12.82
   4      1.12897664    -0.45352648  -115.55350098    -0.00001782    -0.00060392  0.86D-06  0.12D-05  4  4    22.67    10.83
   5      1.12913311    -0.45352811  -115.55350261    -0.00000162    -0.00003822  0.23D-06  0.10D-06  5  5    25.69    10.58
   6      1.12917591    -0.45352576  -115.55350026     0.00000234    -0.00000425  0.36D-07  0.97D-08  6  6    28.48     9.82
   7      1.12918704    -0.45352488  -115.55349938     0.00000088    -0.00000300  0.40D-08  0.14D-08  6  1    31.22     8.97
   8      1.12918883    -0.45352495  -115.55349944    -0.00000006     0.00000034  0.68D-09  0.20D-09  6  3    33.86     8.20

 Norm of t1 vector:      0.05010057      S-energy:     0.00000005      T1 diagnostic:  0.00946812
                                                                       D1 diagnostic:  0.02008229

 Adding energy correction from Wij-K(Fij), methodcc=6  factor= 1.0

  CCSD correlation energy              -0.453524945020
  MP2-F12 correction (uncoupled)       -0.038527266131
  C*T doubles correction               -0.001165408011
  f12b correction                       0.007098656338


 Total CPU time for triples:     34.72 sec


 RESULTS
 =======

  Reference energy                   -115.098623917938
  F12 singles correction               -0.001350581939

 F12 singles corrections added to reference energy

  New reference energy               -115.099974499877

  F12a singlet correction              -0.035776086465
  F12a triplet correction              -0.003916587677
  F12a total correction                -0.039692674142

 F12a corrections for ansatz F12/3C(FIX) added to CCSD energy

  CCSD-F12a singlet pair energy        -0.351327845935
  CCSD-F12a triplet pair energy        -0.141889826185
  CCSD-F12a correlation energy         -0.493217619162

  Triples (T) contribution             -0.016038924217
  Total correlation energy             -0.509256543378

  CCSD-F12a total energy             -115.593192119039
  CCSD[T]-F12a energy                -115.609786571952
  CCSD-T-F12a energy                 -115.608986208382
 !CCSD(T)-F12a total energy          -115.609231043255

 F12b corrections for ansatz F12/3C(FIX) added to CCSD(T)-F12a energy

  CCSD-F12b singlet pair energy        -0.344691005423
  CCSD-F12b triplet pair energy        -0.141428010360
  CCSD-F12b correlation energy         -0.486118962824

  Triples (T) contribution             -0.016038924217
  Total correlation energy             -0.502157887041

  CCSD-F12b total energy             -115.586093462701
  CCSD[T]-F12b energy                -115.602687915614
  CCSD-T-F12b energy                 -115.601887552044
 !CCSD(T)-F12b total energy          -115.602132386918

 Timing summary (sec):

 STEP                 CPU(USER)    SYS     CPU(TOT)    WALL
 Transformation          4.44      1.48      5.92     61.03
 CCSD iterations        22.97      2.84     25.81     66.58
 Triples                34.72      0.62     35.34     36.04
 MP2-F12                 6.48      0.41      6.89      9.39
 F12b energy             2.11      0.08      2.19      2.22

 Program statistics:

 Available memory in ccsd:               499999646
 Min. memory needed in ccsd:               2228017
 Max. memory used in ccsd:                 2807120
 Max. memory used in cckext:               2027429 ( 9 integral passes)



 **********************************************************************************************************************************
 DATASETS  * FILE   NREC   LENGTH (MB)   RECORD NAMES
              1      20      714.10       500      610      700      900      950      970     1000      129      960     1100   
                                          VAR    BASINP    GEOM    SYMINP    ZMAT    AOBASIS   BASIS     P2S    ABASIS      S 
                                         1400     1410     1200     1210     1080     1600     1650     1300     1700     1380   
                                           T        V       H0       H01     AOSYM     SMH    MOLCAS    ERIS     OPER     JKOP   

              2       7        4.13       700     1000      520     2100     7360     7350     7000   
                                         GEOM     BASIS   MCVARS     RHF    F12ABS    EF12   

 PROGRAMS   *        TOTAL   CCSD(T)   MP2-F12    HF-SCF       INT
 CPU TIMES  *       100.21     70.76      8.93      7.81     12.41
 REAL TIME  *       395.04 SEC
 DISK USED  *         2.16 GB
 **********************************************************************************************************************************
 SETTING XXX            =    "MMM"
 SETTING POINT          =        28.00000000                                  

 *** ### CH3OH


 XXX       RCO          ROH          RCH1         RCH2         RCH3           ACOH           AOCH1          AOCH2          AOCH3         AHH1           AHH2           AHH3            ENERGY       POINT
 "MMM"   1.42077677   0.96013932   1.10171752   1.08440070   1.09171752   108.12930637   111.65221523   107.18733878   111.65221523   61.43364279   180.00000000   298.56635721   -115.60923104   28.0000
                                                  

 CCSD(T)-F12/cc-pVTZ-F12 energy=   -115.602132386918

     CCSD(T)-F12         MP2-F12          HF-SCF
   -115.60213239   -115.58366882   -115.09862392
 **********************************************************************************************************************************
 Molpro calculation terminated
