
 Primary working directories    : /tmpdir/job/2955581.undefined/molpro.56E5E7o4Qd
 Secondary working directories  : /tmpdir/job/2955581.undefined/molpro.56E5E7o4Qd
 Wavefunction directory         : /home/zcaposm/wfu/
 Main file repository           : /tmpdir/job/2955581.undefined/molpro.56E5E7o4Qd/

 id        : uclcc

 Nodes                         nprocs
 node-d00a-131.myriad.ucl.ac.uk    1

 Using customized tuning parameters: mindgm=1; mindgv=20; mindgc=4; mindgr=1; noblas=0; minvec=7
 default implementation of scratch files=df  


 Variables initialized (945), CPU time= 0.00 sec
 ***,Methanol Ground State Energy with CCSD(T)-F12 and cc-pVTZ-F12
 memory,500,m;
 
 geometry={angstrom
 c
 o , 1, rco
 h , 2, roh, 1, acoh
 h1, 1, rch1, 2, aoch1  3  ahh1
 h2, 1, rch2, 2, aoch2, 3, ahh2
 h3, 1, rch3, 2, aoch3, 3, ahh3
 }
 
                                                ! Specify the initial values of the internal coordinates (in Angstroms and degrees)
 
 rco= 1.42077677
 roh= 0.97513932
 rch1= 1.091717515605
 rch2= 1.08440070258
 rch3= 1.091717515605
 acoh= 108.12930637
 aoch1= 111.6522152299
 aoch2= 107.18733878260001
 aoch3= 111.6522152299
 ahh1=61.43364279
 ahh2=180.0
 ahh3=298.56635721
 
                                                                                 ! Use the cc-pVTZ-F12 basis set
 basis=cc-pVTZ-F12
 
 hf
 
                                                                                 ! Use explicitly correlated F12 methods
                                                                            ! First, MP2-F12 (useful for initial electronic energy)
 {mp2-f12}
 
                                                                        ! If desired, perform CCSD(T)-F12 for more accurate results
 {ccsd(t)-f12}
 
                                                                                 ! Output the energy
 xxx = "mmm"
 point = 18
 text ### CH3OH
 table,xxx,rco,roh,rch1,rch2,rch3,acoh,aoch1,aoch2,aoch3,ahh1,ahh2,ahh3,energy,point
 DIGITS, 0, 8, 8, 8, 8, 8, 8, 8, 8, 8,  8,  8,  8, 8, 4
 save,CH3OH_MEP_MP2_18.dat,new
 
 Commands  initialized (802), CPU time= 0.01 sec, 659 directives.
 Default parameters read. Elapsed time= 0.09 sec

 Checking input...
 Passed
1


                                         ***  PROGRAM SYSTEM MOLPRO  ***
                                       Copyright, TTI GmbH Stuttgart, 2015
                                    Version 2020.1 linked Oct  6 2020 12:04:11


 **********************************************************************************************************************************
 LABEL *   Methanol Ground State Energy with CCSD(T)-F12 and cc-pVTZ-F12                 
  64 bit serial version                                                                  DATE: 08-Oct-24          TIME: 17:11:37  
 **********************************************************************************************************************************

 SHA1:             8c27446f6450a7499e38f603e13c65f775101d37
 **********************************************************************************************************************************

 Memory per process:       500 MW
 Total memory per node:    500 MW

 GA preallocation disabled
 GA check disabled

 Variable memory set to 500.0 MW

 SETTING RCO            =         1.42077677                                  
 SETTING ROH            =         0.97513932                                  
 SETTING RCH1           =         1.09171752                                  
 SETTING RCH2           =         1.08440070                                  
 SETTING RCH3           =         1.09171752                                  
 SETTING ACOH           =       108.12930637                                  
 SETTING AOCH1          =       111.65221523                                  
 SETTING AOCH2          =       107.18733878                                  
 SETTING AOCH3          =       111.65221523                                  
 SETTING AHH1           =        61.43364279                                  
 SETTING AHH2           =       180.00000000                                  
 SETTING AHH3           =       298.56635721                                  
 SETTING BASIS          =    CC-PVTZ-F12


 Recomputing integrals since basis changed


 Using spherical harmonics

 Library entry C      S cc-pVTZ-F12          selected for orbital group  1
 Library entry C      P cc-pVTZ-F12          selected for orbital group  1
 Library entry C      D cc-pVTZ-F12          selected for orbital group  1
 Library entry C      F cc-pVTZ-F12          selected for orbital group  1
 Library entry O      S cc-pVTZ-F12          selected for orbital group  2
 Library entry O      P cc-pVTZ-F12          selected for orbital group  2
 Library entry O      D cc-pVTZ-F12          selected for orbital group  2
 Library entry O      F cc-pVTZ-F12          selected for orbital group  2
 Library entry H      S cc-pVTZ-F12          selected for orbital group  3
 Library entry H      P cc-pVTZ-F12          selected for orbital group  3
 Library entry H      D cc-pVTZ-F12          selected for orbital group  3


 PROGRAM * SEWARD (Integral evaluation for generally contracted gaussian basis sets)     Author: Roland Lindh, 1990

 Geometry written to block  1 of record 700

 Orientation using atomic masses  
 Molecule type: Asymmetric top
 Symmetry elements: X
 Rotational constants:      23.9188615     24.7942354    128.0129834 GHz  (calculated with average atomic masses)

 Point group  Cs  



 ATOMIC COORDINATES

 NR  ATOM    CHARGE       X              Y              Z

   1  C       6.00    0.000000000    0.025967408   -1.376885980
   2  O       8.00    0.000000000   -0.124408910    1.303778508
   3  H       1.00    0.000000000    1.591993366    1.974358078
   4  H1      1.00    1.684053272    0.984055514   -2.085543256
   5  H3      1.00   -1.684053272    0.984055514   -2.085543256
   6  H2      1.00    0.000000000   -1.894753898   -2.091122392

 Bond lengths in Bohr (Angstrom)

 1-2  2.684878979  1-4  2.063047110  1-5  2.063047110  1-6  2.049220337  2-3  1.842746248
     ( 1.420776770)     ( 1.091717516)     ( 1.091717516)     ( 1.084400703)     ( 0.975139320)

 Bond angles

  1-2-3  108.12930637   2-1-4  111.65221523   2-1-5  111.65221523   2-1-6  107.18733878

  4-1-5  109.43105099   4-1-6  108.39459424   5-1-6  108.39459424

 NUCLEAR CHARGE:                   18
 NUMBER OF PRIMITIVE AOS:         228
 NUMBER OF SYMMETRY AOS:          206
 NUMBER OF CONTRACTIONS:          178   (  114A'  +   64A"  )
 NUMBER OF INNER CORE ORBITALS:     0   (    0A'  +    0A"  )
 NUMBER OF OUTER CORE ORBITALS:     2   (    2A'  +    0A"  )
 NUMBER OF VALENCE ORBITALS:       12   (    9A'  +    3A"  )


 NUCLEAR REPULSION ENERGY   40.26648175

 Eigenvalues of metric

         1 0.881E-04 0.192E-03 0.310E-03 0.461E-03 0.495E-03 0.560E-03 0.617E-03 0.622E-03
         2 0.323E-03 0.570E-03 0.687E-03 0.178E-02 0.339E-02 0.501E-02 0.645E-02 0.922E-02


 Contracted 2-electron integrals neglected if value below      1.0D-11
 AO integral compression algorithm  1   Integral accuracy      1.0D-11

     331.612 MB (compressed) written to integral file ( 53.5%)


 NUMBER OF SORTED TWO-ELECTRON INTEGRALS:   64554730.     BUFFER LENGTH:  32768
 NUMBER OF SEGMENTS:   5  SEGMENT LENGTH:   15997996      RECORD LENGTH: 524288

 Memory used in sort:      16.56 MW

 SORT1 READ    77497885. AND WROTE    63552618. INTEGRALS IN    184 RECORDS. CPU TIME:     2.07 SEC, REAL TIME:   168.40 SEC
 SORT2 READ    63552618. AND WROTE    64554730. INTEGRALS IN   1265 RECORDS. CPU TIME:     1.32 SEC, REAL TIME:   411.34 SEC

 FILE SIZES:   FILE 1:   362.5 MBYTE,  FILE 4:   771.8 MBYTE,   TOTAL:   1134.3 MBYTE

 OPERATOR DM      FOR CENTER  0  COORDINATES:    0.000000    0.000000    0.000000


 **********************************************************************************************************************************
 DATASETS  * FILE   NREC   LENGTH (MB)   RECORD NAMES
              1      19      311.82       500      610      700      900      950      970     1000      129      960     1100   
                                          VAR    BASINP    GEOM    SYMINP    ZMAT    AOBASIS   BASIS     P2S    ABASIS      S 
                                         1400     1410     1200     1210     1080     1600     1650     1300     1700   
                                           T        V       H0       H01     AOSYM     SMH    MOLCAS    ERIS     OPER   

 PROGRAMS   *        TOTAL       INT
 CPU TIMES  *         6.87      6.75
 REAL TIME  *       727.36 SEC
 DISK USED  *         1.13 GB
 **********************************************************************************************************************************


 PROGRAM * RHF-SCF (CLOSED SHELL)       Authors: W. Meyer, H.-J. Werner


 NUMBER OF ELECTRONS:       9+    9-
 CONVERGENCE THRESHOLDS:    1.00E-05 (Density)    1.00E-07 (Energy)
 MAX. NUMBER OF ITERATIONS:       60
 INTERPOLATION TYPE:            DIIS
 INTERPOLATION STEPS:              2 (START)      1 (STEP)
 LEVEL SHIFTS:                  0.00 (CLOSED)  0.00 (OPEN) 



 Orbital guess generated from atomic densities. Full valence occupancy:   11   3

 Molecular orbital dump at record        2100.2

 Initial occupancy:   7   2

 ITERATION    DDIFF          GRAD             ENERGY        2-EL.EN.            DIPOLE MOMENTS         DIIS   ORB.
    1      0.000D+00      0.000D+00      -115.06128557    164.375126    0.00000    0.92128   -0.46524    0    start
    2      0.000D+00      0.668D-02      -115.08973291    161.761641    0.00000    0.50019   -0.29822    1    diag
    3      0.650D-02      0.368D-02      -115.09733268    163.044420    0.00000    0.60652   -0.39157    2    diag
    4      0.223D-02      0.726D-03      -115.09787634    162.864856    0.00000    0.60040   -0.38791    3    diag
    5      0.596D-03      0.148D-03      -115.09791260    162.876486    0.00000    0.59608   -0.39317    4    diag
    6      0.169D-03      0.282D-04      -115.09791432    162.874289    0.00000    0.59613   -0.39407    5    diag
    7      0.491D-04      0.624D-05      -115.09791441    162.873840    0.00000    0.59592   -0.39439    6    diag
    8      0.127D-04      0.168D-05      -115.09791441    162.874244    0.00000    0.59590   -0.39443    7    diag
    9      0.256D-05      0.521D-06      -115.09791442    162.874062    0.00000    0.59588   -0.39443    0    orth

 Final occupancy:   7   2

 !RHF STATE  1.1 Energy              -115.097914415121
 Nuclear energy                        40.26648175
 One-electron energy                 -236.80142703
 Two-electron energy                   81.43703087
 Virial quotient                       -1.00125391
 !RHF STATE  1.1 Dipole moment          0.00000000     0.59587966    -0.39443307
 Dipole moment /Debye                   0.00000000     1.51447583    -1.00248321

 Orbital energies:

         1.1          2.1          3.1          4.1          5.1          6.1          7.1          8.1          9.1
    -20.557724   -11.269599    -1.353538    -0.924908    -0.687787    -0.593843    -0.503281     0.054541     0.064930

         1.2          2.2          3.2          4.2
     -0.621270    -0.451733     0.073833     0.181509


 HOMO      2.2    -0.451733 =     -12.2923eV
 LUMO      8.1     0.054541 =       1.4841eV
 LUMO-HOMO         0.506274 =      13.7764eV


 **********************************************************************************************************************************
 DATASETS  * FILE   NREC   LENGTH (MB)   RECORD NAMES
              1      19      311.82       500      610      700      900      950      970     1000      129      960     1100   
                                          VAR    BASINP    GEOM    SYMINP    ZMAT    AOBASIS   BASIS     P2S    ABASIS      S 
                                         1400     1410     1200     1210     1080     1600     1650     1300     1700   
                                           T        V       H0       H01     AOSYM     SMH    MOLCAS    ERIS     OPER   

              2       4        3.18       700     1000      520     2100   
                                         GEOM     BASIS   MCVARS     RHF  

 PROGRAMS   *        TOTAL    HF-SCF       INT
 CPU TIMES  *        10.07      3.20      6.75
 REAL TIME  *       785.09 SEC
 DISK USED  *         1.13 GB
 **********************************************************************************************************************************


 PROGRAM * MP2 (Closed-shell)     Authors: C. Hampel, H.-J. Werner, 1991, M. Deegan, P.J. Knowles, 1992

                                   MP2-F12 implementation by H.-J. Werner, 2007

                   Density fitting integral evaluation by F.R. Manby, 2003,2007, G. Knizia, 2010


 Basis set AUG-CC-PVTZ/JKFIT generated.  Number of basis functions:   392 
 Basis set CC-PVTZ-F12/OPTRI generated.  Number of basis functions:   314 
 Basis set AUG-CC-PVTZ/MP2FIT generated. Number of basis functions:   396 

 Convergence thresholds:  THRVAR = 1.00D-08  THRDEN = 1.00D-06

 Number of core orbitals:           2 (   2   0 )
 Number of closed-shell orbitals:   7 (   5   2 )
 Number of external orbitals:     169 ( 107  62 )

 Molecular orbitals read from record     2100.2  Type=RHF/CANONICAL (state 1.1)

 MP2-F12 correlation treatment (H.-J. Werner, 2006)
 ==================================================

 Using MP2-F12 with ansatz 3C(FIX)

 Using projected zeroth-order Hamiltonian (+Z)

 FOCKRIB=T FOCKRIC=T FOCKRIP=T CABSP=T CABSA=T CABSK=T CABSF=T GBC=F EBC=F DMAT=T NOFIK=T NOPAO=1 SOLVE=-1  USEPAO=0
 EXCH_A= T EXCH_B= F EXCH_C= F EXCH_P= F

 Geminal basis:    OPTFULL  GEM_TYPE=SLATER  BETA=1.0  NGEM=6

 Optimizing Gaussian exponents for each gem_beta

 Geminal optimization for beta= 1.0000
 Weight function:   m=0, omega= 1.4646

 Augmented Hessian optimization of geminal fit. Trust ratio= 0.40000
 Convergence reached after   2 iterations. Final gradient= 8.66D-16, Step= 4.23D-06, Delta= 1.28D-09

 Alpha:                 0.19532     0.81920     2.85917     9.50073    35.69989   197.79328
 Coeff:                 0.27070     0.30552     0.18297     0.10986     0.06810     0.04224


 Symmetry turned off. Reference energy:       -115.097914415121

 All pairs explicitly correlated. Number of r12-pairs:           28

 Excluding core orbitals from MO domains

 AO(A)-basis ORBITAL           loaded. Number of functions:     178
 RI(R)-basis CC-PVTZ-F12/OPTRI loaded. Number of functions:     314
 DF-basis AUG-CC-PVTZ/JKFIT    loaded. Number of functions:     392

 Screening thresholds:   THRAO=  1.00D-10  THRMO=  1.00D-09  THRPROD=  1.00D-09
                         THRSW=  1.00D-05  THROV=  1.00D-12  THRAOF12= 1.00D-08

 CPU time for Fock operators                      5.44 sec

 Construction of ABS:
 Smallest eigenvalue of S          4.41E-04  (threshold= 1.00E-08)
 Ratio eigmin/eigmax               5.64E-05  (threshold= 1.00E-09)
 Smallest eigenvalue of S kept     4.41E-04  (threshold= 4.41E-04, 0 functions deleted, 314 kept)

 Construction of CABS:
 Smallest eigenvalue of S          7.31E-07  (threshold= 1.00E-08)
 Ratio eigmin/eigmax               7.31E-07  (threshold= 1.00E-09)
 Smallest eigenvalue of S kept     7.31E-07  (threshold= 7.31E-07, 0 functions deleted, 314 kept)

 CPU time for CABS singles                        0.04 sec

 CABS-singles contribution of  -0.00133988 patched into reference energy.
 New reference energy        -115.09925429

 AO(A)-basis ORBITAL           loaded. Number of functions:     178
 RI(R)-basis CC-PVTZ-F12/OPTRI loaded. Number of functions:     314
 DF-basis AUG-CC-PVTZ/MP2FIT   loaded. Number of functions:     396

 Screening thresholds:   THRAO=  1.00D-10  THRMO=  1.00D-09  THRPROD=  1.00D-09
                         THRSW=  1.00D-05  THROV=  1.00D-12  THRAOF12= 1.00D-08

 CPU time for 3-index integral evaluation         3.40 sec
 CPU time for first  half transformation          0.35 sec ( 7054.4 MFLOP/sec)
 CPU time for second half transformation          0.01 sec ( 6217.0 MFLOP/sec)
 CPU time for fitting                             0.04 sec (28485.6 MFLOP/sec)
 CPU time for tilde quantities                    0.04 sec (37761.3 MFLOP/sec)
 CPU time for assembly                            0.22 sec (56152.7 MFLOP/sec)
 CPU time for tranop_f12                          0.27 sec (58741.6 MFLOP/sec)
 CPU time for f12 integrals (total)               7.28 sec, Elapsed time:      7.63 sec
 CPU time for f12 matrices (total)                0.12 sec, Elapsed time:      0.14 sec

 Diagonal F12 approximation with fixed coefficients:  TSING= 0.500,  TTRIP= 0.250 (scaled by -1/beta)

 DF-MP2-F12 energy corrections:
 ==============================
 Approx.                                    Singlet             Triplet             Total
 DF-MP2-F12/3*C(DX,FIX)                -0.038247002526     -0.004205595462     -0.042452597988
 DF-MP2-F12/3*C(FIX)                   -0.036059680912     -0.003926257935     -0.039985938848
 DF-MP2-F12/3C(FIX)                    -0.036002872319     -0.004061283519     -0.040064155837

 DF-MP2-F12 correlation energies:
 ================================
 Approx.                                    Singlet             Triplet             Ecorr            Total Energy
 DF-MP2                                -0.291513438589     -0.152600119491     -0.444113558080   -115.543367853034
 DF-MP2-F12/3*C(DX,FIX)                -0.329760441115     -0.156805714953     -0.486566156068   -115.585820451022
 DF-MP2-F12/3*C(FIX)                   -0.327573119501     -0.156526377426     -0.484099496928   -115.583353791882
 DF-MP2-F12/3C(FIX)                    -0.327516310908     -0.156661403010     -0.484177713918   -115.583432008872

 SCS-DF-MP2 energies (F_SING= 1.20000  F_TRIP= 0.62222  F_PARALLEL= 0.33333):
 ============================================================================
 SCS-DF-MP2                            -0.444767311768   -115.544021606722
 SCS-DF-MP2-F12/3*C(DX,FIX)            -0.493280529753   -115.592534824707
 SCS-DF-MP2-F12/3*C(FIX)               -0.490481933800   -115.589736228754
 SCS-DF-MP2-F12/3C(FIX)                -0.490497779407   -115.589752074361

 Symmetry restored.
 Symmetry transformation completed.

 Number of N-1 electron functions:               7
 Number of N-2 electron functions:              28
 Number of singly external CSFs:               659
 Number of doubly external CSFs:            355020
 Total number of CSFs:                      355680

 Length of J-op  integral file:             103.49 MB
 Length of K-op  integral file:             127.95 MB

 Integral transformation finished. Total CPU:   0.48 sec, npass=  1  Memory used:   0.67 MW

 ITER.      SQ.NORM     CORR.ENERGY   TOTAL ENERGY   ENERGY CHANGE     VAR   MIC
   1      1.00000000    -0.44418010  -115.54343439    -0.44418010  0.00D+00   0
   2      1.11530691    -0.44418010  -115.54343439     0.00000000 -0.12D-17   0

 Solving MP2-F12 equations

   1      1.11527031    -0.48348681  -115.58274111    -0.03930672 -0.37D-04   0
   2      1.11527031    -0.48424281  -115.58349711    -0.00075600  0.15D-20   0
   3      1.11527031    -0.48424281  -115.58349711     0.00000000 -0.69D-19   0

 CPU TIME FOR ITERATIVE MP2:    0.04 SEC


 MP2-F12 energy corrections:
 ===========================
 Approx.                                    Singlet             Triplet             Total
 MP2-F12/3*C(DX,FIX)                   -0.038247002526     -0.004205595462     -0.042452597988
 MP2-F12/3*C(FIX)                      -0.036059680912     -0.003926257935     -0.039985938848
 MP2-F12/3C(FIX)                       -0.036000168543     -0.004062547776     -0.040062716319

 MP2-F12 correlation energies:
 =============================
 Approx.                                    Singlet             Triplet             Ecorr            Total Energy
 MP2                                   -0.291696767766     -0.152483327847     -0.444180095612   -115.543434390566
 MP2-F12/3*C(DX,FIX)                   -0.329943770291     -0.156688923309     -0.486632693600   -115.585886988554
 MP2-F12/3*C(FIX)                      -0.327756448678     -0.156409585782     -0.484166034460   -115.583420329414
 MP2-F12/3C(FIX)                       -0.327696936309     -0.156545875623     -0.484242811931   -115.583497106885

 SCS-MP2 energies (F_SING= 1.20000  F_TRIP= 0.62222  F_PARALLEL= 0.33333):
 =========================================================================
 SCS-MP2                               -0.444914636423   -115.544168931377
 SCS-MP2-F12/3*C(DX,FIX)               -0.493427854409   -115.592682149363
 SCS-MP2-F12/3*C(FIX)                  -0.490629258456   -115.589883553410
 SCS-MP2-F12/3C(FIX)                   -0.490642646180   -115.589896941134


  Reference energy                   -115.097914415121
  F12 singles correction               -0.001339879833

 F12 singles corrections added to reference energy

  New reference energy               -115.099254294954

  F12/3C(F) singlet correction         -0.036000168543
  F12/3C(F) triplet correction         -0.004062547776
  F12/3C(F) total correction           -0.040062716319
  MP2-F12/3C(F) singlet pair energy    -0.327696936309
  MP2-F12/3C(F) triplet pair energy    -0.156545875623
  MP2-F12/3C(F) correlation energy     -0.484242811931

 !MP2-F12/3C(F) total energy         -115.583497106885


 **********************************************************************************************************************************
 DATASETS  * FILE   NREC   LENGTH (MB)   RECORD NAMES
              1      20      317.56       500      610      700      900      950      970     1000      129      960     1100   
                                          VAR    BASINP    GEOM    SYMINP    ZMAT    AOBASIS   BASIS     P2S    ABASIS      S 
                                         1400     1410     1200     1210     1080     1600     1650     1300     1700     1380   
                                           T        V       H0       H01     AOSYM     SMH    MOLCAS    ERIS     OPER     JKOP   

              2       7        3.55       700     1000      520     2100     7360     7350     7000   
                                         GEOM     BASIS   MCVARS     RHF    F12ABS    EF12   

 PROGRAMS   *        TOTAL   MP2-F12    HF-SCF       INT
 CPU TIMES  *        23.66     13.58      3.20      6.75
 REAL TIME  *       800.55 SEC
 DISK USED  *         1.13 GB
 **********************************************************************************************************************************


 PROGRAM * CCSD (Closed-shell coupled cluster)     Authors: C. Hampel, H.-J. Werner, 1991, M. Deegan, P.J. Knowles, 1992

                                  CCSD-F12 implementation by  H.-J. Werner, 2007

                   Density fitting integral evaluation by F.R. Manby, 2003,2007, G. Knizia, 2010



 Convergence thresholds:  THRVAR = 1.00D-08  THRDEN = 1.00D-06

 CCSD(T)     terms to be evaluated (factor= 1.000)


 Number of core orbitals:           2 (   2   0 )
 Number of closed-shell orbitals:   7 (   5   2 )
 Number of external orbitals:     169 ( 107  62 )

 Molecular orbitals read from record     2100.2  Type=RHF/CANONICAL (state 1.1)

 MP2-F12 correlation treatment (H.-J. Werner, 2006)
 ==================================================

 Using MP2-F12 with ansatz 3C(FIX)

 Using projected zeroth-order Hamiltonian (+Z)

 FOCKRIB=T FOCKRIC=T FOCKRIP=T CABSP=T CABSA=T CABSK=T CABSF=T GBC=F EBC=F DMAT=T NOFIK=T NOPAO=1 SOLVE=-1  USEPAO=0
 EXCH_A= T EXCH_B= F EXCH_C= F EXCH_P= F

 Geminal basis:    OPTFULL  GEM_TYPE=SLATER  BETA=1.0  NGEM=6

 Optimizing Gaussian exponents for each gem_beta

 Geminal optimization for beta= 1.0000
 Weight function:   m=0, omega= 1.4646

 Augmented Hessian optimization of geminal fit. Trust ratio= 0.40000
 Convergence reached after   2 iterations. Final gradient= 8.66D-16, Step= 4.23D-06, Delta= 1.28D-09

 Alpha:                 0.19532     0.81920     2.85917     9.50073    35.69989   197.79328
 Coeff:                 0.27070     0.30552     0.18297     0.10986     0.06810     0.04224


 Symmetry turned off. Reference energy:       -115.097914415121

 All pairs explicitly correlated. Number of r12-pairs:           28

 Excluding core orbitals from MO domains

 AO(A)-basis ORBITAL           loaded. Number of functions:     178
 RI(R)-basis CC-PVTZ-F12/OPTRI loaded. Number of functions:     314
 DF-basis AUG-CC-PVTZ/JKFIT    loaded. Number of functions:     392

 Screening thresholds:   THRAO=  1.00D-10  THRMO=  1.00D-09  THRPROD=  1.00D-09
                         THRSW=  1.00D-05  THROV=  1.00D-12  THRAOF12= 1.00D-08

 CPU time for Fock operators                      5.50 sec

 Construction of ABS:
 Smallest eigenvalue of S          4.41E-04  (threshold= 1.00E-08)
 Ratio eigmin/eigmax               5.64E-05  (threshold= 1.00E-09)
 Smallest eigenvalue of S kept     4.41E-04  (threshold= 4.41E-04, 0 functions deleted, 314 kept)

 Construction of CABS:
 Smallest eigenvalue of S          7.31E-07  (threshold= 1.00E-08)
 Ratio eigmin/eigmax               7.31E-07  (threshold= 1.00E-09)
 Smallest eigenvalue of S kept     7.31E-07  (threshold= 7.31E-07, 0 functions deleted, 314 kept)

 CPU time for CABS singles                        0.05 sec

 CABS-singles contribution of  -0.00133988 patched into reference energy.
 New reference energy        -115.09925429

 AO(A)-basis ORBITAL           loaded. Number of functions:     178
 RI(R)-basis CC-PVTZ-F12/OPTRI loaded. Number of functions:     314
 DF-basis AUG-CC-PVTZ/MP2FIT   loaded. Number of functions:     396

 Screening thresholds:   THRAO=  1.00D-10  THRMO=  1.00D-09  THRPROD=  1.00D-09
                         THRSW=  1.00D-05  THROV=  1.00D-12  THRAOF12= 1.00D-08

 CPU time for 3-index integral evaluation         3.53 sec
 CPU time for first  half transformation          0.35 sec ( 7054.4 MFLOP/sec)
 CPU time for sorting                             0.02 sec
 CPU time for fitting                             0.02 sec (56971.3 MFLOP/sec)
 CPU time for tilde quantities                    0.02 sec (75522.6 MFLOP/sec)
 CPU time for assembly                            0.23 sec (53711.3 MFLOP/sec)
 CPU time for tranop_f12                          0.29 sec (54690.4 MFLOP/sec)
 CPU time for f12 integrals (total)               7.51 sec, Elapsed time:      7.92 sec
 CPU time for f12 matrices (total)                0.10 sec, Elapsed time:      0.14 sec

 Diagonal F12 approximation with fixed coefficients:  TSING= 0.500,  TTRIP= 0.250 (scaled by -1/beta)

 DF-MP2-F12 energy corrections:
 ==============================
 Approx.                                    Singlet             Triplet             Total
 DF-MP2-F12/3*C(DX,FIX)                -0.038247002526     -0.004205595462     -0.042452597988
 DF-MP2-F12/3*C(FIX)                   -0.036059680912     -0.003926257935     -0.039985938848
 DF-MP2-F12/3C(FIX)                    -0.036002872319     -0.004061283519     -0.040064155837

 DF-MP2-F12 correlation energies:
 ================================
 Approx.                                    Singlet             Triplet             Ecorr            Total Energy
 DF-MP2                                -0.291513438589     -0.152600119491     -0.444113558080   -115.543367853034
 DF-MP2-F12/3*C(DX,FIX)                -0.329760441115     -0.156805714953     -0.486566156068   -115.585820451022
 DF-MP2-F12/3*C(FIX)                   -0.327573119501     -0.156526377426     -0.484099496928   -115.583353791882
 DF-MP2-F12/3C(FIX)                    -0.327516310908     -0.156661403010     -0.484177713918   -115.583432008872

 SCS-DF-MP2 energies (F_SING= 1.20000  F_TRIP= 0.62222  F_PARALLEL= 0.33333):
 ============================================================================
 SCS-DF-MP2                            -0.444767311768   -115.544021606722
 SCS-DF-MP2-F12/3*C(DX,FIX)            -0.493280529753   -115.592534824707
 SCS-DF-MP2-F12/3*C(FIX)               -0.490481933800   -115.589736228754
 SCS-DF-MP2-F12/3C(FIX)                -0.490497779407   -115.589752074361

 Symmetry restored.
 Symmetry transformation completed.

 Number of N-1 electron functions:               7
 Number of N-2 electron functions:              28
 Number of singly external CSFs:               659
 Number of doubly external CSFs:            355020
 Total number of CSFs:                      355680

 Length of J-op  integral file:             103.62 MB
 Length of K-op  integral file:             127.95 MB
 Length of 3-ext integral record:             0.00 MB

 Memory could be reduced to 24.20 Mwords without degradation in triples

 Integral transformation finished. Total CPU:   1.37 sec, npass=  1  Memory used:   7.45 MW

 Reference energy:                   -115.09925429

 Adding F12 terms to K(Cij), methodcc=6,  factor= 1.0

 ITER.      SQ.NORM     CORR.ENERGY   TOTAL ENERGY   ENERGY CHANGE        DEN1      VAR(S)    VAR(P)  DIIS     TIME  TIME/IT
   1      1.11810617    -0.45341700  -115.55267130    -0.00923691     0.00186001  0.15D-02  0.19D-02  1  1    15.51     0.94
   2      1.12559405    -0.45378245  -115.55303675    -0.00036545    -0.00911881  0.25D-04  0.23D-03  2  2    16.42     0.98
   3      1.12836754    -0.45396372  -115.55321801    -0.00018126    -0.00188564  0.15D-04  0.14D-04  3  3    17.36     0.99
   4      1.12933558    -0.45398242  -115.55323672    -0.00001871    -0.00060996  0.90D-06  0.12D-05  4  4    18.25     0.99
   5      1.12949546    -0.45398403  -115.55323833    -0.00000161    -0.00003882  0.24D-06  0.10D-06  5  5    19.13     0.99
   6      1.12953952    -0.45398164  -115.55323594     0.00000239    -0.00000442  0.38D-07  0.10D-07  6  6    20.03     0.99
   7      1.12955115    -0.45398075  -115.55323505     0.00000089    -0.00000306  0.42D-08  0.15D-08  6  1    20.93     0.99
   8      1.12955306    -0.45398082  -115.55323511    -0.00000006     0.00000035  0.71D-09  0.21D-09  6  3    21.83     0.99

 Norm of t1 vector:      0.05043364      S-energy:    -0.00000038      T1 diagnostic:  0.00953106
                                                                       D1 diagnostic:  0.02027721

 Adding energy correction from Wij-K(Fij), methodcc=6  factor= 1.0

  CCSD correlation energy              -0.453980816265
  MP2-F12 correction (uncoupled)       -0.038510569919
  C*T doubles correction               -0.001165049079
  f12b correction                       0.007102806777


 Total CPU time for triples:     13.34 sec


 RESULTS
 =======

  Reference energy                   -115.097914415121
  F12 singles correction               -0.001339879833

 F12 singles corrections added to reference energy

  New reference energy               -115.099254294954

  F12a singlet correction              -0.035761775537
  F12a triplet correction              -0.003913843461
  F12a total correction                -0.039675618998

 F12a corrections for ansatz F12/3C(FIX) added to CCSD energy

  CCSD-F12a singlet pair energy        -0.351672156915
  CCSD-F12a triplet pair energy        -0.141983893625
  CCSD-F12a correlation energy         -0.493656435263

  Triples (T) contribution             -0.016101646002
  Total correlation energy             -0.509758081266

  CCSD-F12a total energy             -115.592910730218
  CCSD[T]-F12a energy                -115.609572049555
  CCSD-T-F12a energy                 -115.608765610389
 !CCSD(T)-F12a total energy          -115.609012376220

 F12b corrections for ansatz F12/3C(FIX) added to CCSD(T)-F12a energy

  CCSD-F12b singlet pair energy        -0.345031116209
  CCSD-F12b triplet pair energy        -0.141522127553
  CCSD-F12b correlation energy         -0.486553628487

  Triples (T) contribution             -0.016101646002
  Total correlation energy             -0.502655274489

  CCSD-F12b total energy             -115.585807923441
  CCSD[T]-F12b energy                -115.602469242778
  CCSD-T-F12b energy                 -115.601662803612
 !CCSD(T)-F12b total energy          -115.601909569443

 Timing summary (sec):

 STEP                 CPU(USER)    SYS     CPU(TOT)    WALL
 Transformation          1.38      0.22      1.60      1.63
 CCSD iterations         7.21      0.75      7.96      7.97
 Triples                13.34      0.45     13.79     13.81
 MP2-F12                13.24      0.61     13.85     14.05
 F12b energy             0.71      0.05      0.76      0.77

 Program statistics:

 Available memory in ccsd:               499999650
 Min. memory needed in ccsd:               1149135
 Max. memory used in ccsd:                 1443104
 Max. memory used in cckext:               1888566 ( 9 integral passes)



 **********************************************************************************************************************************
 DATASETS  * FILE   NREC   LENGTH (MB)   RECORD NAMES
              1      20      386.13       500      610      700      900      950      970     1000      129      960     1100   
                                          VAR    BASINP    GEOM    SYMINP    ZMAT    AOBASIS   BASIS     P2S    ABASIS      S 
                                         1400     1410     1200     1210     1080     1600     1650     1300     1700     1380   
                                           T        V       H0       H01     AOSYM     SMH    MOLCAS    ERIS     OPER     JKOP   

              2       7        3.55       700     1000      520     2100     7360     7350     7000   
                                         GEOM     BASIS   MCVARS     RHF    F12ABS    EF12   

 PROGRAMS   *        TOTAL   CCSD(T)   MP2-F12    HF-SCF       INT
 CPU TIMES  *        59.57     35.91     13.58      3.20      6.75
 REAL TIME  *       838.90 SEC
 DISK USED  *         1.13 GB
 **********************************************************************************************************************************
 SETTING XXX            =    "MMM"
 SETTING POINT          =        18.00000000                                  

 *** ### CH3OH


 XXX       RCO          ROH          RCH1         RCH2         RCH3           ACOH           AOCH1          AOCH2          AOCH3         AHH1           AHH2           AHH3            ENERGY       POINT
 "MMM"   1.42077677   0.97513932   1.09171752   1.08440070   1.09171752   108.12930637   111.65221523   107.18733878   111.65221523   61.43364279   180.00000000   298.56635721   -115.60901238   18.0000
                                                  

 CCSD(T)-F12/cc-pVTZ-F12 energy=   -115.601909569443

     CCSD(T)-F12         MP2-F12          HF-SCF
   -115.60190957   -115.58349711   -115.09791442
 **********************************************************************************************************************************
 Molpro calculation terminated
