
 Primary working directories    : /tmpdir/job/2955660.undefined/molpro.bPD3wnDg78
 Secondary working directories  : /tmpdir/job/2955660.undefined/molpro.bPD3wnDg78
 Wavefunction directory         : /home/zcaposm/wfu/
 Main file repository           : /tmpdir/job/2955660.undefined/molpro.bPD3wnDg78/

 id        : uclcc

 Nodes                         nprocs
 node-d00a-106.myriad.ucl.ac.uk    1

 Using customized tuning parameters: mindgm=1; mindgv=20; mindgc=4; mindgr=1; noblas=0; minvec=7
 default implementation of scratch files=df  


 Variables initialized (945), CPU time= 0.01 sec
 ***,Methanol Ground State Energy with CCSD(T)-F12 and cc-pVTZ-F12
 memory,500,m;
 
 geometry={angstrom
 c
 o , 1, rco
 h , 2, roh, 1, acoh
 h1, 1, rch1, 2, aoch1  3  ahh1
 h2, 1, rch2, 2, aoch2, 3, ahh2
 h3, 1, rch3, 2, aoch3, 3, ahh3
 }
 
                                                ! Specify the initial values of the internal coordinates (in Angstroms and degrees)
 
 rco= 1.42077677
 roh= 0.96013932
 rch1= 1.091717515605
 rch2= 1.08440070258
 rch3= 1.091717515605
 acoh= 108.12930637
 aoch1= 111.6522152299
 aoch2= 107.18733878260001
 aoch3= 111.6522152299
 ahh1=61.433642790000015
 ahh2=179.69381378215212
 ahh3=298.87254342784786
 
                                                                                 ! Use the cc-pVTZ-F12 basis set
 basis=cc-pVTZ-F12
 
 hf
 
                                                                                 ! Use explicitly correlated F12 methods
                                                                            ! First, MP2-F12 (useful for initial electronic energy)
 {mp2-f12}
 
                                                                        ! If desired, perform CCSD(T)-F12 for more accurate results
 {ccsd(t)-f12}
 
                                                                                 ! Output the energy
 xxx = "mmm"
 point = 90
 text ### CH3OH
 table,xxx,rco,roh,rch1,rch2,rch3,acoh,aoch1,aoch2,aoch3,ahh1,ahh2,ahh3,energy,point
 DIGITS, 0, 8, 8, 8, 8, 8, 8, 8, 8, 8,  8,  8,  8, 8, 4
 save,CH3OH_MEP_MP2_90.dat,new
 
 Commands  initialized (802), CPU time= 0.01 sec, 659 directives.
 Default parameters read. Elapsed time= 0.94 sec

 Checking input...
 Passed
1


                                         ***  PROGRAM SYSTEM MOLPRO  ***
                                       Copyright, TTI GmbH Stuttgart, 2015
                                    Version 2020.1 linked Oct  6 2020 12:04:11


 **********************************************************************************************************************************
 LABEL *   Methanol Ground State Energy with CCSD(T)-F12 and cc-pVTZ-F12                 
  64 bit serial version                                                                  DATE: 08-Oct-24          TIME: 17:30:48  
 **********************************************************************************************************************************

 SHA1:             8c27446f6450a7499e38f603e13c65f775101d37
 **********************************************************************************************************************************

 Memory per process:       500 MW
 Total memory per node:    500 MW

 GA preallocation disabled
 GA check disabled

 Variable memory set to 500.0 MW

 SETTING RCO            =         1.42077677                                  
 SETTING ROH            =         0.96013932                                  
 SETTING RCH1           =         1.09171752                                  
 SETTING RCH2           =         1.08440070                                  
 SETTING RCH3           =         1.09171752                                  
 SETTING ACOH           =       108.12930637                                  
 SETTING AOCH1          =       111.65221523                                  
 SETTING AOCH2          =       107.18733878                                  
 SETTING AOCH3          =       111.65221523                                  
 SETTING AHH1           =        61.43364279                                  
 SETTING AHH2           =       179.69381378                                  
 SETTING AHH3           =       298.87254343                                  
 SETTING BASIS          =    CC-PVTZ-F12


 Recomputing integrals since basis changed


 Using spherical harmonics

 Library entry C      S cc-pVTZ-F12          selected for orbital group  1
 Library entry C      P cc-pVTZ-F12          selected for orbital group  1
 Library entry C      D cc-pVTZ-F12          selected for orbital group  1
 Library entry C      F cc-pVTZ-F12          selected for orbital group  1
 Library entry O      S cc-pVTZ-F12          selected for orbital group  2
 Library entry O      P cc-pVTZ-F12          selected for orbital group  2
 Library entry O      D cc-pVTZ-F12          selected for orbital group  2
 Library entry O      F cc-pVTZ-F12          selected for orbital group  2
 Library entry H      S cc-pVTZ-F12          selected for orbital group  3
 Library entry H      P cc-pVTZ-F12          selected for orbital group  3
 Library entry H      D cc-pVTZ-F12          selected for orbital group  3


 PROGRAM * SEWARD (Integral evaluation for generally contracted gaussian basis sets)     Author: Roland Lindh, 1990

 Geometry written to block  1 of record 700

 Orientation using atomic masses  
 Molecule type: Asymmetric top
 Rotational constants:      23.9534554     24.8146505    128.7711210 GHz  (calculated with average atomic masses)

 Point group  C1  



 ATOMIC COORDINATES

 NR  ATOM    CHARGE       X              Y              Z

   1  C       6.00   -0.000945428    0.024482331   -1.376614790
   2  O       8.00   -0.001191822   -0.121918352    1.304269750
   3  H       1.00    0.018774623    1.568942702    1.962022657
   4  H1      1.00    1.693708705    0.961926642   -2.087606288
   5  H2      1.00   -0.013156033   -1.897257656   -2.088000982
   6  H3      1.00   -1.669142991    1.009902020   -2.085295469

 Bond lengths in Bohr (Angstrom)

 1-2  2.684878979  1-4  2.063047110  1-5  2.049220337  1-6  2.063047110  2-3  1.814400356
     ( 1.420776770)     ( 1.091717516)     ( 1.084400703)     ( 1.091717516)     ( 0.960139320)

 Bond angles

  1-2-3  108.12930637   2-1-4  111.65221523   2-1-5  107.18733878   2-1-6  111.65221523

  4-1-5  108.14277884   4-1-6  109.19523470   5-1-6  108.89712717

 NUCLEAR CHARGE:                   18
 NUMBER OF PRIMITIVE AOS:         228
 NUMBER OF SYMMETRY AOS:          206
 NUMBER OF CONTRACTIONS:          178   (  178A   )
 NUMBER OF INNER CORE ORBITALS:     0   (    0A   )
 NUMBER OF OUTER CORE ORBITALS:     2   (    2A   )
 NUMBER OF VALENCE ORBITALS:       12   (   12A   )


 NUCLEAR REPULSION ENERGY   40.34567739

 Eigenvalues of metric

         1 0.879E-04 0.183E-03 0.309E-03 0.323E-03 0.460E-03 0.493E-03 0.560E-03 0.570E-03


 Contracted 2-electron integrals neglected if value below      1.0D-11
 AO integral compression algorithm  1   Integral accuracy      1.0D-11

     606.077 MB (compressed) written to integral file ( 50.8%)


 NUMBER OF SORTED TWO-ELECTRON INTEGRALS:  126906346.     BUFFER LENGTH:  32768
 NUMBER OF SEGMENTS:   8  SEGMENT LENGTH:   15999503      RECORD LENGTH: 524288

 Memory used in sort:      16.56 MW

 SORT1 READ   149034713. AND WROTE   124732695. INTEGRALS IN    360 RECORDS. CPU TIME:     3.78 SEC, REAL TIME:   120.80 SEC
 SORT2 READ   124732695. AND WROTE   126906346. INTEGRALS IN   2312 RECORDS. CPU TIME:     3.19 SEC, REAL TIME:   231.90 SEC

 FILE SIZES:   FILE 1:   637.3 MBYTE,  FILE 4:  1510.0 MBYTE,   TOTAL:   2147.3 MBYTE

 OPERATOR DM      FOR CENTER  0  COORDINATES:    0.000000    0.000000    0.000000


 **********************************************************************************************************************************
 DATASETS  * FILE   NREC   LENGTH (MB)   RECORD NAMES
              1      19      559.74       500      610      700      900      950      970     1000      129      960     1100   
                                          VAR    BASINP    GEOM    SYMINP    ZMAT    AOBASIS   BASIS     P2S    ABASIS      S 
                                         1400     1410     1200     1210     1080     1600     1650     1300     1700   
                                           T        V       H0       H01     AOSYM     SMH    MOLCAS    ERIS     OPER   

 PROGRAMS   *        TOTAL       INT
 CPU TIMES  *        12.77     12.57
 REAL TIME  *       399.76 SEC
 DISK USED  *         2.15 GB
 **********************************************************************************************************************************


 PROGRAM * RHF-SCF (CLOSED SHELL)       Authors: W. Meyer, H.-J. Werner


 NUMBER OF ELECTRONS:       9+    9-    SPACE SYMMETRY=1    SPIN SYMMETRY: Singlet 
 CONVERGENCE THRESHOLDS:    1.00E-05 (Density)    1.00E-07 (Energy)
 MAX. NUMBER OF ITERATIONS:       60
 INTERPOLATION TYPE:            DIIS
 INTERPOLATION STEPS:              2 (START)      1 (STEP)
 LEVEL SHIFTS:                  0.00 (CLOSED)  0.00 (OPEN) 



 Orbital guess generated from atomic densities. Full valence occupancy:   14

 Molecular orbital dump at record        2100.2

 Initial occupancy:   9

 ITERATION    DDIFF          GRAD             ENERGY        2-EL.EN.            DIPOLE MOMENTS         DIIS   ORB.
    1      0.000D+00      0.000D+00      -115.06237009    164.484272    0.01190    0.90498   -0.47814    0    start
    2      0.000D+00      0.506D-02      -115.09072504    161.902201    0.00656    0.49688   -0.30372    1    diag
    3      0.480D-02      0.277D-02      -115.09821163    163.165502    0.00772    0.60021   -0.39699    2    diag
    4      0.163D-02      0.546D-03      -115.09874410    162.988898    0.00761    0.59508   -0.39243    3    diag
    5      0.436D-03      0.110D-03      -115.09877852    163.000372    0.00753    0.59108   -0.39725    4    diag
    6      0.122D-03      0.205D-04      -115.09878009    162.998156    0.00752    0.59122   -0.39804    5    diag
    7      0.350D-04      0.434D-05      -115.09878016    162.997768    0.00752    0.59104   -0.39832    6    diag
    8      0.877D-05      0.114D-05      -115.09878016    162.998116    0.00752    0.59103   -0.39833    0    orth

 Final occupancy:   9

 !RHF STATE  1.1 Energy              -115.098780161322
 Nuclear energy                        40.34567739
 One-electron energy                 -236.94351571
 Two-electron energy                   81.49905816
 Virial quotient                       -1.00101564
 !RHF STATE  1.1 Dipole moment          0.00752112     0.59103328    -0.39832901
 Dipole moment /Debye                   0.01911553     1.50215837    -1.01238503

 Orbital energies:

         1.1          2.1          3.1          4.1          5.1          6.1          7.1          8.1          9.1         10.1
    -20.556341   -11.269776    -1.356931    -0.926359    -0.690992    -0.621282    -0.594400    -0.504626    -0.451992     0.054615

        11.1
      0.065015


 HOMO      9.1    -0.451992 =     -12.2993eV
 LUMO     10.1     0.054615 =       1.4862eV
 LUMO-HOMO         0.506607 =      13.7855eV


 **********************************************************************************************************************************
 DATASETS  * FILE   NREC   LENGTH (MB)   RECORD NAMES
              1      19      559.74       500      610      700      900      950      970     1000      129      960     1100   
                                          VAR    BASINP    GEOM    SYMINP    ZMAT    AOBASIS   BASIS     P2S    ABASIS      S 
                                         1400     1410     1200     1210     1080     1600     1650     1300     1700   
                                           T        V       H0       H01     AOSYM     SMH    MOLCAS    ERIS     OPER   

              2       4        3.48       700     1000      520     2100   
                                         GEOM     BASIS   MCVARS     RHF  

 PROGRAMS   *        TOTAL    HF-SCF       INT
 CPU TIMES  *        21.60      8.83     12.57
 REAL TIME  *       450.88 SEC
 DISK USED  *         2.15 GB
 **********************************************************************************************************************************


 PROGRAM * MP2 (Closed-shell)     Authors: C. Hampel, H.-J. Werner, 1991, M. Deegan, P.J. Knowles, 1992

                                   MP2-F12 implementation by H.-J. Werner, 2007

                   Density fitting integral evaluation by F.R. Manby, 2003,2007, G. Knizia, 2010


 Basis set AUG-CC-PVTZ/JKFIT generated.  Number of basis functions:   392 
 Basis set CC-PVTZ-F12/OPTRI generated.  Number of basis functions:   314 
 Basis set AUG-CC-PVTZ/MP2FIT generated. Number of basis functions:   396 

 Convergence thresholds:  THRVAR = 1.00D-08  THRDEN = 1.00D-06

 Number of core orbitals:           2 (   2 )
 Number of closed-shell orbitals:   7 (   7 )
 Number of external orbitals:     169 ( 169 )

 Molecular orbitals read from record     2100.2  Type=RHF/CANONICAL (state 1.1)

 MP2-F12 correlation treatment (H.-J. Werner, 2006)
 ==================================================

 Using MP2-F12 with ansatz 3C(FIX)

 Using projected zeroth-order Hamiltonian (+Z)

 FOCKRIB=T FOCKRIC=T FOCKRIP=T CABSP=T CABSA=T CABSK=T CABSF=T GBC=F EBC=F DMAT=T NOFIK=T NOPAO=1 SOLVE=-1  USEPAO=0
 EXCH_A= T EXCH_B= F EXCH_C= F EXCH_P= F

 Geminal basis:    OPTFULL  GEM_TYPE=SLATER  BETA=1.0  NGEM=6

 Optimizing Gaussian exponents for each gem_beta

 Geminal optimization for beta= 1.0000
 Weight function:   m=0, omega= 1.4646

 Augmented Hessian optimization of geminal fit. Trust ratio= 0.40000
 Convergence reached after   2 iterations. Final gradient= 8.66D-16, Step= 4.23D-06, Delta= 1.28D-09

 Alpha:                 0.19532     0.81920     2.85917     9.50073    35.69989   197.79328
 Coeff:                 0.27070     0.30552     0.18297     0.10986     0.06810     0.04224


 All pairs explicitly correlated. Number of r12-pairs:           28

 Excluding core orbitals from MO domains

 AO(A)-basis ORBITAL           loaded. Number of functions:     178
 RI(R)-basis CC-PVTZ-F12/OPTRI loaded. Number of functions:     314
 DF-basis AUG-CC-PVTZ/JKFIT    loaded. Number of functions:     392

 Screening thresholds:   THRAO=  1.00D-10  THRMO=  1.00D-09  THRPROD=  1.00D-09
                         THRSW=  1.00D-05  THROV=  1.00D-12  THRAOF12= 1.00D-08

 CPU time for Fock operators                      1.81 sec

 Construction of ABS:
 Smallest eigenvalue of S          4.34E-04  (threshold= 1.00E-08)
 Ratio eigmin/eigmax               5.55E-05  (threshold= 1.00E-09)
 Smallest eigenvalue of S kept     4.34E-04  (threshold= 4.34E-04, 0 functions deleted, 314 kept)

 Construction of CABS:
 Smallest eigenvalue of S          7.26E-07  (threshold= 1.00E-08)
 Ratio eigmin/eigmax               7.26E-07  (threshold= 1.00E-09)
 Smallest eigenvalue of S kept     7.26E-07  (threshold= 7.26E-07, 0 functions deleted, 314 kept)

 CPU time for CABS singles                        0.06 sec

 CABS-singles contribution of  -0.00135366 patched into reference energy.
 New reference energy        -115.10013382

 AO(A)-basis ORBITAL           loaded. Number of functions:     178
 RI(R)-basis CC-PVTZ-F12/OPTRI loaded. Number of functions:     314
 DF-basis AUG-CC-PVTZ/MP2FIT   loaded. Number of functions:     396

 Screening thresholds:   THRAO=  1.00D-10  THRMO=  1.00D-09  THRPROD=  1.00D-09
                         THRSW=  1.00D-05  THROV=  1.00D-12  THRAOF12= 1.00D-08

 CPU time for 3-index integral evaluation         3.54 sec
 CPU time for first  half transformation          0.32 sec ( 7715.8 MFLOP/sec)
 CPU time for second half transformation          0.02 sec ( 3108.5 MFLOP/sec)
 CPU time for sorting                             0.03 sec
 CPU time for fitting                             0.04 sec (28485.6 MFLOP/sec)
 CPU time for tilde quantities                    0.04 sec (37761.3 MFLOP/sec)
 CPU time for assembly                            0.24 sec (51473.3 MFLOP/sec)
 CPU time for tranop_f12                          0.28 sec (56643.7 MFLOP/sec)
 CPU time for f12 integrals (total)               4.98 sec, Elapsed time:     14.09 sec
 CPU time for f12 matrices (total)                0.12 sec, Elapsed time:      0.40 sec

 Diagonal F12 approximation with fixed coefficients:  TSING= 0.500,  TTRIP= 0.250 (scaled by -1/beta)

 DF-MP2-F12 energy corrections:
 ==============================
 Approx.                                    Singlet             Triplet             Total
 DF-MP2-F12/3*C(DX,FIX)                -0.038287460452     -0.004212620862     -0.042500081314
 DF-MP2-F12/3*C(FIX)                   -0.036088606937     -0.003930876986     -0.040019483923
 DF-MP2-F12/3C(FIX)                    -0.036031326605     -0.004065852143     -0.040097178748

 DF-MP2-F12 correlation energies:
 ================================
 Approx.                                    Singlet             Triplet             Ecorr            Total Energy
 DF-MP2                                -0.291095107117     -0.152362014001     -0.443457121117   -115.543590938658
 DF-MP2-F12/3*C(DX,FIX)                -0.329382567568     -0.156574634862     -0.485957202431   -115.586091019972
 DF-MP2-F12/3*C(FIX)                   -0.327183714053     -0.156292890987     -0.483476605040   -115.583610422581
 DF-MP2-F12/3C(FIX)                    -0.327126433722     -0.156427866144     -0.483554299866   -115.583688117406

 SCS-DF-MP2 energies (F_SING= 1.20000  F_TRIP= 0.62222  F_PARALLEL= 0.33333):
 ============================================================================
 SCS-DF-MP2                            -0.444117159474   -115.544250977014
 SCS-DF-MP2-F12/3*C(DX,FIX)            -0.492683298330   -115.592817115871
 SCS-DF-MP2-F12/3*C(FIX)               -0.489869366812   -115.590003184352
 SCS-DF-MP2-F12/3C(FIX)                -0.489884614956   -115.590018432496
 Symmetry transformation completed.

 Number of N-1 electron functions:               7
 Number of N-2 electron functions:              28
 Number of singly external CSFs:              1183
 Number of doubly external CSFs:            700336
 Total number of CSFs:                      701520

 Length of J-op  integral file:             104.98 MB
 Length of K-op  integral file:             138.67 MB

 Integral transformation finished. Total CPU:   1.41 sec, npass=  1  Memory used:   2.18 MW

 ITER.      SQ.NORM     CORR.ENERGY   TOTAL ENERGY   ENERGY CHANGE     VAR   MIC
   1      1.00000000    -0.44352352  -115.54365734    -0.44352352  0.00D+00   0
   2      1.11473460    -0.44352352  -115.54365734     0.00000000 -0.58D-15   0

 Solving MP2-F12 equations

   1      1.11469829    -0.48286261  -115.58299643    -0.03933909 -0.37D-04   0
   2      1.11469829    -0.48361930  -115.58375311    -0.00075668  0.35D-18   0
   3      1.11469829    -0.48361930  -115.58375311     0.00000000 -0.17D-18   0

 CPU TIME FOR ITERATIVE MP2:    0.13 SEC


 MP2-F12 energy corrections:
 ===========================
 Approx.                                    Singlet             Triplet             Total
 MP2-F12/3*C(DX,FIX)                   -0.038287460452     -0.004212620862     -0.042500081314
 MP2-F12/3*C(FIX)                      -0.036088606937     -0.003930876986     -0.040019483923
 MP2-F12/3C(FIX)                       -0.036028626609     -0.004067148246     -0.040095774855

 MP2-F12 correlation energies:
 =============================
 Approx.                                    Singlet             Triplet             Ecorr            Total Energy
 MP2                                   -0.291278421631     -0.152245099858     -0.443523521489   -115.543657339030
 MP2-F12/3*C(DX,FIX)                   -0.329565882083     -0.156457720720     -0.486023602803   -115.586157420344
 MP2-F12/3*C(FIX)                      -0.327367028568     -0.156175976844     -0.483543005412   -115.583676822953
 MP2-F12/3C(FIX)                       -0.327307048240     -0.156312248105     -0.483619296345   -115.583753113885

 SCS-MP2 energies (F_SING= 1.20000  F_TRIP= 0.62222  F_PARALLEL= 0.33333):
 =========================================================================
 SCS-MP2                               -0.444264390314   -115.544398207854
 SCS-MP2-F12/3*C(DX,FIX)               -0.492830529170   -115.592964346710
 SCS-MP2-F12/3*C(FIX)                  -0.490016597651   -115.590150415192
 SCS-MP2-F12/3C(FIX)                   -0.490029412264   -115.590163229805


  Reference energy                   -115.098780161322
  F12 singles correction               -0.001353656218

 F12 singles corrections added to reference energy

  New reference energy               -115.100133817541

  F12/3C(F) singlet correction         -0.036028626609
  F12/3C(F) triplet correction         -0.004067148246
  F12/3C(F) total correction           -0.040095774855
  MP2-F12/3C(F) singlet pair energy    -0.327307048240
  MP2-F12/3C(F) triplet pair energy    -0.156312248105
  MP2-F12/3C(F) correlation energy     -0.483619296345

 !MP2-F12/3C(F) total energy         -115.583753113885


 **********************************************************************************************************************************
 DATASETS  * FILE   NREC   LENGTH (MB)   RECORD NAMES
              1      20      570.92       500      610      700      900      950      970     1000      129      960     1100   
                                          VAR    BASINP    GEOM    SYMINP    ZMAT    AOBASIS   BASIS     P2S    ABASIS      S 
                                         1400     1410     1200     1210     1080     1600     1650     1300     1700     1380   
                                           T        V       H0       H01     AOSYM     SMH    MOLCAS    ERIS     OPER     JKOP   

              2       7        4.13       700     1000      520     2100     7360     7350     7000   
                                         GEOM     BASIS   MCVARS     RHF    F12ABS    EF12   

 PROGRAMS   *        TOTAL   MP2-F12    HF-SCF       INT
 CPU TIMES  *        30.50      8.88      8.83     12.57
 REAL TIME  *       483.61 SEC
 DISK USED  *         2.15 GB
 **********************************************************************************************************************************


 PROGRAM * CCSD (Closed-shell coupled cluster)     Authors: C. Hampel, H.-J. Werner, 1991, M. Deegan, P.J. Knowles, 1992

                                  CCSD-F12 implementation by  H.-J. Werner, 2007

                   Density fitting integral evaluation by F.R. Manby, 2003,2007, G. Knizia, 2010



 Convergence thresholds:  THRVAR = 1.00D-08  THRDEN = 1.00D-06

 CCSD(T)     terms to be evaluated (factor= 1.000)


 Number of core orbitals:           2 (   2 )
 Number of closed-shell orbitals:   7 (   7 )
 Number of external orbitals:     169 ( 169 )

 Molecular orbitals read from record     2100.2  Type=RHF/CANONICAL (state 1.1)

 MP2-F12 correlation treatment (H.-J. Werner, 2006)
 ==================================================

 Using MP2-F12 with ansatz 3C(FIX)

 Using projected zeroth-order Hamiltonian (+Z)

 FOCKRIB=T FOCKRIC=T FOCKRIP=T CABSP=T CABSA=T CABSK=T CABSF=T GBC=F EBC=F DMAT=T NOFIK=T NOPAO=1 SOLVE=-1  USEPAO=0
 EXCH_A= T EXCH_B= F EXCH_C= F EXCH_P= F

 Geminal basis:    OPTFULL  GEM_TYPE=SLATER  BETA=1.0  NGEM=6

 Optimizing Gaussian exponents for each gem_beta

 Geminal optimization for beta= 1.0000
 Weight function:   m=0, omega= 1.4646

 Augmented Hessian optimization of geminal fit. Trust ratio= 0.40000
 Convergence reached after   2 iterations. Final gradient= 8.66D-16, Step= 4.23D-06, Delta= 1.28D-09

 Alpha:                 0.19532     0.81920     2.85917     9.50073    35.69989   197.79328
 Coeff:                 0.27070     0.30552     0.18297     0.10986     0.06810     0.04224


 All pairs explicitly correlated. Number of r12-pairs:           28

 Excluding core orbitals from MO domains

 AO(A)-basis ORBITAL           loaded. Number of functions:     178
 RI(R)-basis CC-PVTZ-F12/OPTRI loaded. Number of functions:     314
 DF-basis AUG-CC-PVTZ/JKFIT    loaded. Number of functions:     392

 Screening thresholds:   THRAO=  1.00D-10  THRMO=  1.00D-09  THRPROD=  1.00D-09
                         THRSW=  1.00D-05  THROV=  1.00D-12  THRAOF12= 1.00D-08

 CPU time for Fock operators                      1.58 sec

 Construction of ABS:
 Smallest eigenvalue of S          4.34E-04  (threshold= 1.00E-08)
 Ratio eigmin/eigmax               5.55E-05  (threshold= 1.00E-09)
 Smallest eigenvalue of S kept     4.34E-04  (threshold= 4.34E-04, 0 functions deleted, 314 kept)

 Construction of CABS:
 Smallest eigenvalue of S          7.26E-07  (threshold= 1.00E-08)
 Ratio eigmin/eigmax               7.26E-07  (threshold= 1.00E-09)
 Smallest eigenvalue of S kept     7.26E-07  (threshold= 7.26E-07, 0 functions deleted, 314 kept)

 CPU time for CABS singles                        0.05 sec

 CABS-singles contribution of  -0.00135366 patched into reference energy.
 New reference energy        -115.10013382

 AO(A)-basis ORBITAL           loaded. Number of functions:     178
 RI(R)-basis CC-PVTZ-F12/OPTRI loaded. Number of functions:     314
 DF-basis AUG-CC-PVTZ/MP2FIT   loaded. Number of functions:     396

 Screening thresholds:   THRAO=  1.00D-10  THRMO=  1.00D-09  THRPROD=  1.00D-09
                         THRSW=  1.00D-05  THROV=  1.00D-12  THRAOF12= 1.00D-08

 CPU time for 3-index integral evaluation         3.58 sec
 CPU time for first  half transformation          0.20 sec (12345.3 MFLOP/sec)
 CPU time for second half transformation          0.01 sec ( 6217.0 MFLOP/sec)
 CPU time for sorting                             0.02 sec
 CPU time for fitting                             0.03 sec (37980.8 MFLOP/sec)
 CPU time for tilde quantities                    0.04 sec (37761.3 MFLOP/sec)
 CPU time for assembly                            0.22 sec (56152.7 MFLOP/sec)
 CPU time for tranop_f12                          0.28 sec (56643.7 MFLOP/sec)
 CPU time for f12 integrals (total)               4.81 sec, Elapsed time:      5.33 sec
 CPU time for f12 matrices (total)                0.11 sec, Elapsed time:      0.20 sec

 Diagonal F12 approximation with fixed coefficients:  TSING= 0.500,  TTRIP= 0.250 (scaled by -1/beta)

 DF-MP2-F12 energy corrections:
 ==============================
 Approx.                                    Singlet             Triplet             Total
 DF-MP2-F12/3*C(DX,FIX)                -0.038287460452     -0.004212620862     -0.042500081314
 DF-MP2-F12/3*C(FIX)                   -0.036088606937     -0.003930876986     -0.040019483923
 DF-MP2-F12/3C(FIX)                    -0.036031326605     -0.004065852143     -0.040097178748

 DF-MP2-F12 correlation energies:
 ================================
 Approx.                                    Singlet             Triplet             Ecorr            Total Energy
 DF-MP2                                -0.291095107117     -0.152362014001     -0.443457121117   -115.543590938658
 DF-MP2-F12/3*C(DX,FIX)                -0.329382567568     -0.156574634862     -0.485957202431   -115.586091019972
 DF-MP2-F12/3*C(FIX)                   -0.327183714053     -0.156292890987     -0.483476605040   -115.583610422581
 DF-MP2-F12/3C(FIX)                    -0.327126433722     -0.156427866144     -0.483554299866   -115.583688117406

 SCS-DF-MP2 energies (F_SING= 1.20000  F_TRIP= 0.62222  F_PARALLEL= 0.33333):
 ============================================================================
 SCS-DF-MP2                            -0.444117159474   -115.544250977014
 SCS-DF-MP2-F12/3*C(DX,FIX)            -0.492683298330   -115.592817115871
 SCS-DF-MP2-F12/3*C(FIX)               -0.489869366812   -115.590003184352
 SCS-DF-MP2-F12/3C(FIX)                -0.489884614956   -115.590018432496
 Symmetry transformation completed.

 Number of N-1 electron functions:               7
 Number of N-2 electron functions:              28
 Number of singly external CSFs:              1183
 Number of doubly external CSFs:            700336
 Total number of CSFs:                      701520

 Length of J-op  integral file:             105.23 MB
 Length of K-op  integral file:             138.67 MB
 Length of 3-ext integral record:             0.00 MB

 Memory could be reduced to 48.01 Mwords without degradation in triples

 Integral transformation finished. Total CPU:   3.66 sec, npass=  1  Memory used:  24.86 MW

 Reference energy:                   -115.10013382

 Adding F12 terms to K(Cij), methodcc=6,  factor= 1.0

 ITER.      SQ.NORM     CORR.ENERGY   TOTAL ENERGY   ENERGY CHANGE        DEN1      VAR(S)    VAR(P)  DIIS     TIME  TIME/IT
   1      1.11762208    -0.45285665  -115.55299047    -0.00933313     0.00166837  0.15D-02  0.19D-02  1  1    13.75    16.65
   2      1.12503178    -0.45321844  -115.55335226    -0.00036179    -0.00904651  0.24D-04  0.23D-03  2  2    16.89    13.92
   3      1.12776130    -0.45339585  -115.55352967    -0.00017741    -0.00186510  0.15D-04  0.13D-04  3  3    20.10    12.65
   4      1.12870859    -0.45341373  -115.55354755    -0.00001788    -0.00060021  0.86D-06  0.12D-05  4  4    23.24    11.16
   5      1.12886416    -0.45341529  -115.55354910    -0.00000155    -0.00003792  0.23D-06  0.10D-06  5  5    26.14     9.55
   6      1.12890674    -0.45341293  -115.55354675     0.00000235    -0.00000423  0.36D-07  0.96D-08  6  6    29.08     8.51
   7      1.12891787    -0.45341206  -115.55354587     0.00000087    -0.00000298  0.40D-08  0.14D-08  6  1    32.00     7.75
   8      1.12891967    -0.45341212  -115.55354594    -0.00000006     0.00000034  0.67D-09  0.20D-09  6  3    34.92     7.17

 Norm of t1 vector:      0.05001021      S-energy:     0.00000011      T1 diagnostic:  0.00945104
                                                                       D1 diagnostic:  0.02003813

 Adding energy correction from Wij-K(Fij), methodcc=6  factor= 1.0

  CCSD correlation energy              -0.453412118365
  MP2-F12 correction (uncoupled)       -0.038545432113
  C*T doubles correction               -0.001164950467
  f12b correction                       0.007098768215


 Total CPU time for triples:     37.89 sec


 RESULTS
 =======

  Reference energy                   -115.098780161322
  F12 singles correction               -0.001353656218

 F12 singles corrections added to reference energy

  New reference energy               -115.100133817541

  F12a singlet correction              -0.035791828576
  F12a triplet correction              -0.003918554004
  F12a total correction                -0.039710382580

 F12a corrections for ansatz F12/3C(FIX) added to CCSD energy

  CCSD-F12a singlet pair energy        -0.351209038649
  CCSD-F12a triplet pair energy        -0.141913567550
  CCSD-F12a correlation energy         -0.493122500945

  Triples (T) contribution             -0.016014473908
  Total correlation energy             -0.509136974853

  CCSD-F12a total energy             -115.593256318486
  CCSD[T]-F12a energy                -115.609823918603
  CCSD-T-F12a energy                 -115.609027047375
 !CCSD(T)-F12a total energy          -115.609270792394

 F12b corrections for ansatz F12/3C(FIX) added to CCSD(T)-F12a energy

  CCSD-F12b singlet pair energy        -0.344572345561
  CCSD-F12b triplet pair energy        -0.141451492423
  CCSD-F12b correlation energy         -0.486023732730

  Triples (T) contribution             -0.016014473908
  Total correlation energy             -0.502038206638

  CCSD-F12b total energy             -115.586157550271
  CCSD[T]-F12b energy                -115.602725150388
  CCSD-T-F12b energy                 -115.601928279160
 !CCSD(T)-F12b total energy          -115.602172024179

 Timing summary (sec):

 STEP                 CPU(USER)    SYS     CPU(TOT)    WALL
 Transformation          3.72      1.21      4.93     28.24
 CCSD iterations        24.52      3.48     28.00     58.13
 Triples                37.89      0.85     38.74     39.06
 MP2-F12                 6.70      0.42      7.12      8.50
 F12b energy             2.36      0.27      2.63      3.60

 Program statistics:

 Available memory in ccsd:               499999646
 Min. memory needed in ccsd:               2228017
 Max. memory used in ccsd:                 2807120
 Max. memory used in cckext:               2027429 ( 9 integral passes)



 **********************************************************************************************************************************
 DATASETS  * FILE   NREC   LENGTH (MB)   RECORD NAMES
              1      20      706.87       500      610      700      900      950      970     1000      129      960     1100   
                                          VAR    BASINP    GEOM    SYMINP    ZMAT    AOBASIS   BASIS     P2S    ABASIS      S 
                                         1400     1410     1200     1210     1080     1600     1650     1300     1700     1380   
                                           T        V       H0       H01     AOSYM     SMH    MOLCAS    ERIS     OPER     JKOP   

              2       7        4.13       700     1000      520     2100     7360     7350     7000   
                                         GEOM     BASIS   MCVARS     RHF    F12ABS    EF12   

 PROGRAMS   *        TOTAL   CCSD(T)   MP2-F12    HF-SCF       INT
 CPU TIMES  *       105.75     75.25      8.88      8.83     12.57
 REAL TIME  *       621.91 SEC
 DISK USED  *         2.15 GB
 **********************************************************************************************************************************
 SETTING XXX            =    "MMM"
 SETTING POINT          =        90.00000000                                  

 *** ### CH3OH


 XXX       RCO          ROH          RCH1         RCH2         RCH3           ACOH           AOCH1          AOCH2          AOCH3         AHH1           AHH2           AHH3            ENERGY       POINT
 "MMM"   1.42077677   0.96013932   1.09171752   1.08440070   1.09171752   108.12930637   111.65221523   107.18733878   111.65221523   61.43364279   179.69381378   298.87254343   -115.60927079   90.0000
                                                  

 CCSD(T)-F12/cc-pVTZ-F12 energy=   -115.602172024179

     CCSD(T)-F12         MP2-F12          HF-SCF
   -115.60217202   -115.58375311   -115.09878016
 **********************************************************************************************************************************
 Molpro calculation terminated
