
 Primary working directories    : /tmpdir/job/2955576.undefined/molpro.IQgwIzvtaD
 Secondary working directories  : /tmpdir/job/2955576.undefined/molpro.IQgwIzvtaD
 Wavefunction directory         : /home/zcaposm/wfu/
 Main file repository           : /tmpdir/job/2955576.undefined/molpro.IQgwIzvtaD/

 id        : uclcc

 Nodes                         nprocs
 node-d00a-131.myriad.ucl.ac.uk    1

 Using customized tuning parameters: mindgm=1; mindgv=20; mindgc=4; mindgr=1; noblas=0; minvec=7
 default implementation of scratch files=df  


 Variables initialized (945), CPU time= 0.00 sec
 ***,Methanol Ground State Energy with CCSD(T)-F12 and cc-pVTZ-F12
 memory,500,m;
 
 geometry={angstrom
 c
 o , 1, rco
 h , 2, roh, 1, acoh
 h1, 1, rch1, 2, aoch1  3  ahh1
 h2, 1, rch2, 2, aoch2, 3, ahh2
 h3, 1, rch3, 2, aoch3, 3, ahh3
 }
 
                                                ! Specify the initial values of the internal coordinates (in Angstroms and degrees)
 
 rco= 1.39077677
 roh= 0.96013932
 rch1= 1.091717515605
 rch2= 1.08440070258
 rch3= 1.091717515605
 acoh= 108.12930637
 aoch1= 111.6522152299
 aoch2= 107.18733878260001
 aoch3= 111.6522152299
 ahh1=61.43364279
 ahh2=180.0
 ahh3=298.56635721
 
                                                                                 ! Use the cc-pVTZ-F12 basis set
 basis=cc-pVTZ-F12
 
 hf
 
                                                                                 ! Use explicitly correlated F12 methods
                                                                            ! First, MP2-F12 (useful for initial electronic energy)
 {mp2-f12}
 
                                                                        ! If desired, perform CCSD(T)-F12 for more accurate results
 {ccsd(t)-f12}
 
                                                                                 ! Output the energy
 xxx = "mmm"
 point = 13
 text ### CH3OH
 table,xxx,rco,roh,rch1,rch2,rch3,acoh,aoch1,aoch2,aoch3,ahh1,ahh2,ahh3,energy,point
 DIGITS, 0, 8, 8, 8, 8, 8, 8, 8, 8, 8,  8,  8,  8, 8, 4
 save,CH3OH_MEP_MP2_13.dat,new
 
 Commands  initialized (802), CPU time= 0.01 sec, 659 directives.
 Default parameters read. Elapsed time= 0.10 sec

 Checking input...
 Passed
1


                                         ***  PROGRAM SYSTEM MOLPRO  ***
                                       Copyright, TTI GmbH Stuttgart, 2015
                                    Version 2020.1 linked Oct  6 2020 12:04:11


 **********************************************************************************************************************************
 LABEL *   Methanol Ground State Energy with CCSD(T)-F12 and cc-pVTZ-F12                 
  64 bit serial version                                                                  DATE: 08-Oct-24          TIME: 17:11:36  
 **********************************************************************************************************************************

 SHA1:             8c27446f6450a7499e38f603e13c65f775101d37
 **********************************************************************************************************************************

 Memory per process:       500 MW
 Total memory per node:    500 MW

 GA preallocation disabled
 GA check disabled

 Variable memory set to 500.0 MW

 SETTING RCO            =         1.39077677                                  
 SETTING ROH            =         0.96013932                                  
 SETTING RCH1           =         1.09171752                                  
 SETTING RCH2           =         1.08440070                                  
 SETTING RCH3           =         1.09171752                                  
 SETTING ACOH           =       108.12930637                                  
 SETTING AOCH1          =       111.65221523                                  
 SETTING AOCH2          =       107.18733878                                  
 SETTING AOCH3          =       111.65221523                                  
 SETTING AHH1           =        61.43364279                                  
 SETTING AHH2           =       180.00000000                                  
 SETTING AHH3           =       298.56635721                                  
 SETTING BASIS          =    CC-PVTZ-F12


 Recomputing integrals since basis changed


 Using spherical harmonics

 Library entry C      S cc-pVTZ-F12          selected for orbital group  1
 Library entry C      P cc-pVTZ-F12          selected for orbital group  1
 Library entry C      D cc-pVTZ-F12          selected for orbital group  1
 Library entry C      F cc-pVTZ-F12          selected for orbital group  1
 Library entry O      S cc-pVTZ-F12          selected for orbital group  2
 Library entry O      P cc-pVTZ-F12          selected for orbital group  2
 Library entry O      D cc-pVTZ-F12          selected for orbital group  2
 Library entry O      F cc-pVTZ-F12          selected for orbital group  2
 Library entry H      S cc-pVTZ-F12          selected for orbital group  3
 Library entry H      P cc-pVTZ-F12          selected for orbital group  3
 Library entry H      D cc-pVTZ-F12          selected for orbital group  3


 PROGRAM * SEWARD (Integral evaluation for generally contracted gaussian basis sets)     Author: Roland Lindh, 1990

 Geometry written to block  1 of record 700

 Orientation using atomic masses  
 Molecule type: Asymmetric top
 Symmetry elements: X
 Rotational constants:      24.8024647     25.7132500    128.8033750 GHz  (calculated with average atomic masses)

 Point group  Cs  



 ATOMIC COORDINATES

 NR  ATOM    CHARGE       X              Y              Z

   1  C       6.00    0.000000000    0.025707557   -1.346506637
   2  O       8.00    0.000000000   -0.122652976    1.277489759
   3  H       1.00    0.000000000    1.567054978    1.938500866
   4  H1      1.00    1.684053272    0.984108694   -2.054740508
   5  H3      1.00   -1.684053272    0.984108694   -2.054740508
   6  H2      1.00    0.000000000   -1.894697973   -2.061591661

 Bond lengths in Bohr (Angstrom)

 1-2  2.628187196  1-4  2.063047110  1-5  2.063047110  1-6  2.049220337  2-3  1.814400356
     ( 1.390776770)     ( 1.091717516)     ( 1.091717516)     ( 1.084400703)     ( 0.960139320)

 Bond angles

  1-2-3  108.12930637   2-1-4  111.65221523   2-1-5  111.65221523   2-1-6  107.18733878

  4-1-5  109.43105099   4-1-6  108.39459424   5-1-6  108.39459424

 NUCLEAR CHARGE:                   18
 NUMBER OF PRIMITIVE AOS:         228
 NUMBER OF SYMMETRY AOS:          206
 NUMBER OF CONTRACTIONS:          178   (  114A'  +   64A"  )
 NUMBER OF INNER CORE ORBITALS:     0   (    0A'  +    0A"  )
 NUMBER OF OUTER CORE ORBITALS:     2   (    2A'  +    0A"  )
 NUMBER OF VALENCE ORBITALS:       12   (    9A'  +    3A"  )


 NUCLEAR REPULSION ENERGY   40.83876858

 Eigenvalues of metric

         1 0.864E-04 0.179E-03 0.308E-03 0.452E-03 0.486E-03 0.558E-03 0.610E-03 0.620E-03
         2 0.321E-03 0.570E-03 0.684E-03 0.176E-02 0.336E-02 0.469E-02 0.642E-02 0.860E-02


 Contracted 2-electron integrals neglected if value below      1.0D-11
 AO integral compression algorithm  1   Integral accuracy      1.0D-11

     332.399 MB (compressed) written to integral file ( 53.7%)


 NUMBER OF SORTED TWO-ELECTRON INTEGRALS:   64554730.     BUFFER LENGTH:  32768
 NUMBER OF SEGMENTS:   5  SEGMENT LENGTH:   15997996      RECORD LENGTH: 524288

 Memory used in sort:      16.56 MW

 SORT1 READ    77497885. AND WROTE    63564786. INTEGRALS IN    184 RECORDS. CPU TIME:     2.32 SEC, REAL TIME:   192.18 SEC
 SORT2 READ    63564786. AND WROTE    64554730. INTEGRALS IN   1268 RECORDS. CPU TIME:     1.40 SEC, REAL TIME:   389.73 SEC

 FILE SIZES:   FILE 1:   363.3 MBYTE,  FILE 4:   771.8 MBYTE,   TOTAL:   1135.1 MBYTE

 OPERATOR DM      FOR CENTER  0  COORDINATES:    0.000000    0.000000    0.000000


 **********************************************************************************************************************************
 DATASETS  * FILE   NREC   LENGTH (MB)   RECORD NAMES
              1      19      312.48       500      610      700      900      950      970     1000      129      960     1100   
                                          VAR    BASINP    GEOM    SYMINP    ZMAT    AOBASIS   BASIS     P2S    ABASIS      S 
                                         1400     1410     1200     1210     1080     1600     1650     1300     1700   
                                           T        V       H0       H01     AOSYM     SMH    MOLCAS    ERIS     OPER   

 PROGRAMS   *        TOTAL       INT
 CPU TIMES  *         7.43      7.31
 REAL TIME  *       688.71 SEC
 DISK USED  *         1.14 GB
 **********************************************************************************************************************************


 PROGRAM * RHF-SCF (CLOSED SHELL)       Authors: W. Meyer, H.-J. Werner


 NUMBER OF ELECTRONS:       9+    9-
 CONVERGENCE THRESHOLDS:    1.00E-05 (Density)    1.00E-07 (Energy)
 MAX. NUMBER OF ITERATIONS:       60
 INTERPOLATION TYPE:            DIIS
 INTERPOLATION STEPS:              2 (START)      1 (STEP)
 LEVEL SHIFTS:                  0.00 (CLOSED)  0.00 (OPEN) 



 Orbital guess generated from atomic densities. Full valence occupancy:   11   3

 Molecular orbital dump at record        2100.2

 Initial occupancy:   7   2

 ITERATION    DDIFF          GRAD             ENERGY        2-EL.EN.            DIPOLE MOMENTS         DIIS   ORB.
    1      0.000D+00      0.000D+00      -115.06266026    165.439575    0.00000    0.90414   -0.41777    0    start
    2      0.000D+00      0.667D-02      -115.09121785    162.807967    0.00000    0.49704   -0.26096    1    diag
    3      0.653D-02      0.359D-02      -115.09843350    164.079610    0.00000    0.59975   -0.34918    2    diag
    4      0.218D-02      0.716D-03      -115.09896399    163.900688    0.00000    0.59427   -0.34584    3    diag
    5      0.596D-03      0.145D-03      -115.09899803    163.912248    0.00000    0.59022   -0.35083    4    diag
    6      0.165D-03      0.271D-04      -115.09899960    163.910335    0.00000    0.59036   -0.35166    5    diag
    7      0.484D-04      0.590D-05      -115.09899968    163.909834    0.00000    0.59017   -0.35194    6    diag
    8      0.124D-04      0.162D-05      -115.09899968    163.910242    0.00000    0.59015   -0.35197    7    diag
    9      0.255D-05      0.503D-06      -115.09899968    163.910072    0.00000    0.59013   -0.35198    0    orth

 Final occupancy:   7   2

 !RHF STATE  1.1 Energy              -115.098999681315
 Nuclear energy                        40.83876858
 One-electron energy                 -237.89280413
 Two-electron energy                   81.95503587
 Virial quotient                       -1.00044248
 !RHF STATE  1.1 Dipole moment          0.00000000     0.59013143    -0.35197581
 Dipole moment /Debye                   0.00000000     1.49986624    -0.89457469

 Orbital energies:

         1.1          2.1          3.1          4.1          5.1          6.1          7.1          8.1          9.1
    -20.556181   -11.266488    -1.368142    -0.925000    -0.697481    -0.601170    -0.501179     0.054531     0.065451

         1.2          2.2          3.2          4.2
     -0.626588    -0.449139     0.073788     0.180906


 HOMO      2.2    -0.449139 =     -12.2217eV
 LUMO      8.1     0.054531 =       1.4839eV
 LUMO-HOMO         0.503670 =      13.7056eV


 **********************************************************************************************************************************
 DATASETS  * FILE   NREC   LENGTH (MB)   RECORD NAMES
              1      19      312.48       500      610      700      900      950      970     1000      129      960     1100   
                                          VAR    BASINP    GEOM    SYMINP    ZMAT    AOBASIS   BASIS     P2S    ABASIS      S 
                                         1400     1410     1200     1210     1080     1600     1650     1300     1700   
                                           T        V       H0       H01     AOSYM     SMH    MOLCAS    ERIS     OPER   

              2       4        3.18       700     1000      520     2100   
                                         GEOM     BASIS   MCVARS     RHF  

 PROGRAMS   *        TOTAL    HF-SCF       INT
 CPU TIMES  *        10.62      3.19      7.31
 REAL TIME  *       761.71 SEC
 DISK USED  *         1.14 GB
 **********************************************************************************************************************************


 PROGRAM * MP2 (Closed-shell)     Authors: C. Hampel, H.-J. Werner, 1991, M. Deegan, P.J. Knowles, 1992

                                   MP2-F12 implementation by H.-J. Werner, 2007

                   Density fitting integral evaluation by F.R. Manby, 2003,2007, G. Knizia, 2010


 Basis set AUG-CC-PVTZ/JKFIT generated.  Number of basis functions:   392 
 Basis set CC-PVTZ-F12/OPTRI generated.  Number of basis functions:   314 
 Basis set AUG-CC-PVTZ/MP2FIT generated. Number of basis functions:   396 

 Convergence thresholds:  THRVAR = 1.00D-08  THRDEN = 1.00D-06

 Number of core orbitals:           2 (   2   0 )
 Number of closed-shell orbitals:   7 (   5   2 )
 Number of external orbitals:     169 ( 107  62 )

 Molecular orbitals read from record     2100.2  Type=RHF/CANONICAL (state 1.1)

 MP2-F12 correlation treatment (H.-J. Werner, 2006)
 ==================================================

 Using MP2-F12 with ansatz 3C(FIX)

 Using projected zeroth-order Hamiltonian (+Z)

 FOCKRIB=T FOCKRIC=T FOCKRIP=T CABSP=T CABSA=T CABSK=T CABSF=T GBC=F EBC=F DMAT=T NOFIK=T NOPAO=1 SOLVE=-1  USEPAO=0
 EXCH_A= T EXCH_B= F EXCH_C= F EXCH_P= F

 Geminal basis:    OPTFULL  GEM_TYPE=SLATER  BETA=1.0  NGEM=6

 Optimizing Gaussian exponents for each gem_beta

 Geminal optimization for beta= 1.0000
 Weight function:   m=0, omega= 1.4646

 Augmented Hessian optimization of geminal fit. Trust ratio= 0.40000
 Convergence reached after   2 iterations. Final gradient= 8.66D-16, Step= 4.23D-06, Delta= 1.28D-09

 Alpha:                 0.19532     0.81920     2.85917     9.50073    35.69989   197.79328
 Coeff:                 0.27070     0.30552     0.18297     0.10986     0.06810     0.04224


 Symmetry turned off. Reference energy:       -115.098999681316

 All pairs explicitly correlated. Number of r12-pairs:           28

 Excluding core orbitals from MO domains

 AO(A)-basis ORBITAL           loaded. Number of functions:     178
 RI(R)-basis CC-PVTZ-F12/OPTRI loaded. Number of functions:     314
 DF-basis AUG-CC-PVTZ/JKFIT    loaded. Number of functions:     392

 Screening thresholds:   THRAO=  1.00D-10  THRMO=  1.00D-09  THRPROD=  1.00D-09
                         THRSW=  1.00D-05  THROV=  1.00D-12  THRAOF12= 1.00D-08

 CPU time for Fock operators                      5.46 sec

 Construction of ABS:
 Smallest eigenvalue of S          4.20E-04  (threshold= 1.00E-08)
 Ratio eigmin/eigmax               5.32E-05  (threshold= 1.00E-09)
 Smallest eigenvalue of S kept     4.20E-04  (threshold= 4.20E-04, 0 functions deleted, 314 kept)

 Construction of CABS:
 Smallest eigenvalue of S          6.79E-07  (threshold= 1.00E-08)
 Ratio eigmin/eigmax               6.79E-07  (threshold= 1.00E-09)
 Smallest eigenvalue of S kept     6.79E-07  (threshold= 6.79E-07, 0 functions deleted, 314 kept)

 CPU time for CABS singles                        0.04 sec

 CABS-singles contribution of  -0.00137086 patched into reference energy.
 New reference energy        -115.10037054

 AO(A)-basis ORBITAL           loaded. Number of functions:     178
 RI(R)-basis CC-PVTZ-F12/OPTRI loaded. Number of functions:     314
 DF-basis AUG-CC-PVTZ/MP2FIT   loaded. Number of functions:     396

 Screening thresholds:   THRAO=  1.00D-10  THRMO=  1.00D-09  THRPROD=  1.00D-09
                         THRSW=  1.00D-05  THROV=  1.00D-12  THRAOF12= 1.00D-08

 CPU time for 3-index integral evaluation         3.37 sec
 CPU time for first  half transformation          0.31 sec ( 7964.7 MFLOP/sec)
 CPU time for second half transformation          0.01 sec ( 6217.0 MFLOP/sec)
 CPU time for sorting                             0.03 sec
 CPU time for fitting                             0.02 sec (56971.3 MFLOP/sec)
 CPU time for tilde quantities                    0.03 sec (50348.4 MFLOP/sec)
 CPU time for assembly                            0.22 sec (56152.7 MFLOP/sec)
 CPU time for tranop_f12                          0.26 sec (61000.9 MFLOP/sec)
 CPU time for f12 integrals (total)               7.20 sec, Elapsed time:      7.53 sec
 CPU time for f12 matrices (total)                0.11 sec, Elapsed time:      0.21 sec

 Diagonal F12 approximation with fixed coefficients:  TSING= 0.500,  TTRIP= 0.250 (scaled by -1/beta)

 DF-MP2-F12 energy corrections:
 ==============================
 Approx.                                    Singlet             Triplet             Total
 DF-MP2-F12/3*C(DX,FIX)                -0.038374687869     -0.004243321488     -0.042618009357
 DF-MP2-F12/3*C(FIX)                   -0.036145017636     -0.003954113796     -0.040099131433
 DF-MP2-F12/3C(FIX)                    -0.036084021605     -0.004089054772     -0.040173076377

 DF-MP2-F12 correlation energies:
 ================================
 Approx.                                    Singlet             Triplet             Ecorr            Total Energy
 DF-MP2                                -0.290392044541     -0.152245590982     -0.442637635522   -115.543008176152
 DF-MP2-F12/3*C(DX,FIX)                -0.328766732410     -0.156488912469     -0.485255644879   -115.585626185509
 DF-MP2-F12/3*C(FIX)                   -0.326537062177     -0.156199704778     -0.482736766955   -115.583107307585
 DF-MP2-F12/3C(FIX)                    -0.326476066146     -0.156334645753     -0.482810711899   -115.583181252529

 SCS-DF-MP2 energies (F_SING= 1.20000  F_TRIP= 0.62222  F_PARALLEL= 0.33333):
 ============================================================================
 SCS-DF-MP2                            -0.443201043393   -115.543571584023
 SCS-DF-MP2-F12/3*C(DX,FIX)            -0.491890957762   -115.592261498391
 SCS-DF-MP2-F12/3*C(FIX)               -0.489035402030   -115.589405942660
 SCS-DF-MP2-F12/3C(FIX)                -0.489046170066   -115.589416710696

 Symmetry restored.
 Symmetry transformation completed.

 Number of N-1 electron functions:               7
 Number of N-2 electron functions:              28
 Number of singly external CSFs:               659
 Number of doubly external CSFs:            355020
 Total number of CSFs:                      355680

 Length of J-op  integral file:             103.49 MB
 Length of K-op  integral file:             127.95 MB

 Integral transformation finished. Total CPU:   0.47 sec, npass=  1  Memory used:   0.67 MW

 ITER.      SQ.NORM     CORR.ENERGY   TOTAL ENERGY   ENERGY CHANGE     VAR   MIC
   1      1.00000000    -0.44270313  -115.54307367    -0.44270313  0.00D+00   0
   2      1.11357783    -0.44270313  -115.54307367     0.00000000 -0.51D-16   0

 Solving MP2-F12 equations

   1      1.11354206    -0.48212136  -115.58249190    -0.03941823 -0.37D-04   0
   2      1.11354206    -0.48287480  -115.58324534    -0.00075344  0.22D-18   0
   3      1.11354206    -0.48287480  -115.58324534     0.00000000  0.45D-19   0

 CPU TIME FOR ITERATIVE MP2:    0.04 SEC


 MP2-F12 energy corrections:
 ===========================
 Approx.                                    Singlet             Triplet             Total
 MP2-F12/3*C(DX,FIX)                   -0.038374687869     -0.004243321488     -0.042618009357
 MP2-F12/3*C(FIX)                      -0.036145017636     -0.003954113796     -0.040099131433
 MP2-F12/3C(FIX)                       -0.036081240395     -0.004090427339     -0.040171667733

 MP2-F12 correlation energies:
 =============================
 Approx.                                    Singlet             Triplet             Ecorr            Total Energy
 MP2                                   -0.290577114437     -0.152126015065     -0.442703129501   -115.543073670131
 MP2-F12/3*C(DX,FIX)                   -0.328951802306     -0.156369336552     -0.485321138858   -115.585691679488
 MP2-F12/3*C(FIX)                      -0.326722132073     -0.156080128861     -0.482802260934   -115.583172801564
 MP2-F12/3C(FIX)                       -0.326658354831     -0.156216442403     -0.482874797235   -115.583245337864

 SCS-MP2 energies (F_SING= 1.20000  F_TRIP= 0.62222  F_PARALLEL= 0.33333):
 =========================================================================
 SCS-MP2                               -0.443348724475   -115.543719265105
 SCS-MP2-F12/3*C(DX,FIX)               -0.492038638844   -115.592409179474
 SCS-MP2-F12/3*C(FIX)                  -0.489183083112   -115.589553623742
 SCS-MP2-F12/3C(FIX)                   -0.489191367737   -115.589561908367


  Reference energy                   -115.098999681316
  F12 singles correction               -0.001370859314

 F12 singles corrections added to reference energy

  New reference energy               -115.100370540630

  F12/3C(F) singlet correction         -0.036081240395
  F12/3C(F) triplet correction         -0.004090427339
  F12/3C(F) total correction           -0.040171667733
  MP2-F12/3C(F) singlet pair energy    -0.326658354831
  MP2-F12/3C(F) triplet pair energy    -0.156216442403
  MP2-F12/3C(F) correlation energy     -0.482874797235

 !MP2-F12/3C(F) total energy         -115.583245337864


 **********************************************************************************************************************************
 DATASETS  * FILE   NREC   LENGTH (MB)   RECORD NAMES
              1      20      318.23       500      610      700      900      950      970     1000      129      960     1100   
                                          VAR    BASINP    GEOM    SYMINP    ZMAT    AOBASIS   BASIS     P2S    ABASIS      S 
                                         1400     1410     1200     1210     1080     1600     1650     1300     1700     1380   
                                           T        V       H0       H01     AOSYM     SMH    MOLCAS    ERIS     OPER     JKOP   

              2       7        3.55       700     1000      520     2100     7360     7350     7000   
                                         GEOM     BASIS   MCVARS     RHF    F12ABS    EF12   

 PROGRAMS   *        TOTAL   MP2-F12    HF-SCF       INT
 CPU TIMES  *        24.19     13.56      3.19      7.31
 REAL TIME  *       781.45 SEC
 DISK USED  *         1.14 GB
 **********************************************************************************************************************************


 PROGRAM * CCSD (Closed-shell coupled cluster)     Authors: C. Hampel, H.-J. Werner, 1991, M. Deegan, P.J. Knowles, 1992

                                  CCSD-F12 implementation by  H.-J. Werner, 2007

                   Density fitting integral evaluation by F.R. Manby, 2003,2007, G. Knizia, 2010



 Convergence thresholds:  THRVAR = 1.00D-08  THRDEN = 1.00D-06

 CCSD(T)     terms to be evaluated (factor= 1.000)


 Number of core orbitals:           2 (   2   0 )
 Number of closed-shell orbitals:   7 (   5   2 )
 Number of external orbitals:     169 ( 107  62 )

 Molecular orbitals read from record     2100.2  Type=RHF/CANONICAL (state 1.1)

 MP2-F12 correlation treatment (H.-J. Werner, 2006)
 ==================================================

 Using MP2-F12 with ansatz 3C(FIX)

 Using projected zeroth-order Hamiltonian (+Z)

 FOCKRIB=T FOCKRIC=T FOCKRIP=T CABSP=T CABSA=T CABSK=T CABSF=T GBC=F EBC=F DMAT=T NOFIK=T NOPAO=1 SOLVE=-1  USEPAO=0
 EXCH_A= T EXCH_B= F EXCH_C= F EXCH_P= F

 Geminal basis:    OPTFULL  GEM_TYPE=SLATER  BETA=1.0  NGEM=6

 Optimizing Gaussian exponents for each gem_beta

 Geminal optimization for beta= 1.0000
 Weight function:   m=0, omega= 1.4646

 Augmented Hessian optimization of geminal fit. Trust ratio= 0.40000
 Convergence reached after   2 iterations. Final gradient= 8.66D-16, Step= 4.23D-06, Delta= 1.28D-09

 Alpha:                 0.19532     0.81920     2.85917     9.50073    35.69989   197.79328
 Coeff:                 0.27070     0.30552     0.18297     0.10986     0.06810     0.04224


 Symmetry turned off. Reference energy:       -115.098999681316

 All pairs explicitly correlated. Number of r12-pairs:           28

 Excluding core orbitals from MO domains

 AO(A)-basis ORBITAL           loaded. Number of functions:     178
 RI(R)-basis CC-PVTZ-F12/OPTRI loaded. Number of functions:     314
 DF-basis AUG-CC-PVTZ/JKFIT    loaded. Number of functions:     392

 Screening thresholds:   THRAO=  1.00D-10  THRMO=  1.00D-09  THRPROD=  1.00D-09
                         THRSW=  1.00D-05  THROV=  1.00D-12  THRAOF12= 1.00D-08

 CPU time for Fock operators                      5.44 sec

 Construction of ABS:
 Smallest eigenvalue of S          4.20E-04  (threshold= 1.00E-08)
 Ratio eigmin/eigmax               5.32E-05  (threshold= 1.00E-09)
 Smallest eigenvalue of S kept     4.20E-04  (threshold= 4.20E-04, 0 functions deleted, 314 kept)

 Construction of CABS:
 Smallest eigenvalue of S          6.79E-07  (threshold= 1.00E-08)
 Ratio eigmin/eigmax               6.79E-07  (threshold= 1.00E-09)
 Smallest eigenvalue of S kept     6.79E-07  (threshold= 6.79E-07, 0 functions deleted, 314 kept)

 CPU time for CABS singles                        0.04 sec

 CABS-singles contribution of  -0.00137086 patched into reference energy.
 New reference energy        -115.10037054

 AO(A)-basis ORBITAL           loaded. Number of functions:     178
 RI(R)-basis CC-PVTZ-F12/OPTRI loaded. Number of functions:     314
 DF-basis AUG-CC-PVTZ/MP2FIT   loaded. Number of functions:     396

 Screening thresholds:   THRAO=  1.00D-10  THRMO=  1.00D-09  THRPROD=  1.00D-09
                         THRSW=  1.00D-05  THROV=  1.00D-12  THRAOF12= 1.00D-08

 CPU time for 3-index integral evaluation         3.37 sec
 CPU time for first  half transformation          0.36 sec ( 6858.5 MFLOP/sec)
 CPU time for second half transformation          0.02 sec ( 3108.5 MFLOP/sec)
 CPU time for sorting                             0.01 sec
 CPU time for fitting                             0.03 sec (37980.8 MFLOP/sec)
 CPU time for tilde quantities                    0.04 sec (37761.3 MFLOP/sec)
 CPU time for assembly                            0.20 sec (61768.0 MFLOP/sec)
 CPU time for tranop_f12                          0.27 sec (58741.6 MFLOP/sec)
 CPU time for f12 integrals (total)               7.29 sec, Elapsed time:      7.66 sec
 CPU time for f12 matrices (total)                0.10 sec, Elapsed time:      0.14 sec

 Diagonal F12 approximation with fixed coefficients:  TSING= 0.500,  TTRIP= 0.250 (scaled by -1/beta)

 DF-MP2-F12 energy corrections:
 ==============================
 Approx.                                    Singlet             Triplet             Total
 DF-MP2-F12/3*C(DX,FIX)                -0.038374687869     -0.004243321488     -0.042618009357
 DF-MP2-F12/3*C(FIX)                   -0.036145017636     -0.003954113796     -0.040099131433
 DF-MP2-F12/3C(FIX)                    -0.036084021605     -0.004089054772     -0.040173076377

 DF-MP2-F12 correlation energies:
 ================================
 Approx.                                    Singlet             Triplet             Ecorr            Total Energy
 DF-MP2                                -0.290392044541     -0.152245590982     -0.442637635522   -115.543008176152
 DF-MP2-F12/3*C(DX,FIX)                -0.328766732410     -0.156488912469     -0.485255644879   -115.585626185509
 DF-MP2-F12/3*C(FIX)                   -0.326537062177     -0.156199704778     -0.482736766955   -115.583107307585
 DF-MP2-F12/3C(FIX)                    -0.326476066146     -0.156334645753     -0.482810711899   -115.583181252529

 SCS-DF-MP2 energies (F_SING= 1.20000  F_TRIP= 0.62222  F_PARALLEL= 0.33333):
 ============================================================================
 SCS-DF-MP2                            -0.443201043393   -115.543571584023
 SCS-DF-MP2-F12/3*C(DX,FIX)            -0.491890957762   -115.592261498391
 SCS-DF-MP2-F12/3*C(FIX)               -0.489035402030   -115.589405942660
 SCS-DF-MP2-F12/3C(FIX)                -0.489046170066   -115.589416710696

 Symmetry restored.
 Symmetry transformation completed.

 Number of N-1 electron functions:               7
 Number of N-2 electron functions:              28
 Number of singly external CSFs:               659
 Number of doubly external CSFs:            355020
 Total number of CSFs:                      355680

 Length of J-op  integral file:             103.62 MB
 Length of K-op  integral file:             127.95 MB
 Length of 3-ext integral record:             0.00 MB

 Memory could be reduced to 24.20 Mwords without degradation in triples

 Integral transformation finished. Total CPU:   1.40 sec, npass=  1  Memory used:   7.45 MW

 Reference energy:                   -115.10037054

 Adding F12 terms to K(Cij), methodcc=6,  factor= 1.0

 ITER.      SQ.NORM     CORR.ENERGY   TOTAL ENERGY   ENERGY CHANGE        DEN1      VAR(S)    VAR(P)  DIIS     TIME  TIME/IT
   1      1.11662421    -0.45214434  -115.55251488    -0.00944121     0.00136177  0.14D-02  0.18D-02  1  1    15.24     0.95
   2      1.12388229    -0.45251985  -115.55289039    -0.00037551    -0.00890768  0.24D-04  0.22D-03  2  2    16.13     0.97
   3      1.12654117    -0.45269257  -115.55306312    -0.00017272    -0.00183780  0.14D-04  0.13D-04  3  3    17.03     0.98
   4      1.12744940    -0.45271072  -115.55308126    -0.00001815    -0.00057992  0.83D-06  0.11D-05  4  4    17.92     0.99
   5      1.12759649    -0.45271193  -115.55308247    -0.00000121    -0.00003554  0.21D-06  0.95D-07  5  5    18.84     1.00
   6      1.12763619    -0.45270974  -115.55308028     0.00000220    -0.00000375  0.34D-07  0.89D-08  6  6    19.78     1.00
   7      1.12764668    -0.45270889  -115.55307943     0.00000085    -0.00000288  0.38D-08  0.13D-08  6  1    20.69     1.01
   8      1.12764837    -0.45270894  -115.55307948    -0.00000006     0.00000032  0.61D-09  0.19D-09  6  3    21.60     1.01

 Norm of t1 vector:      0.04926339      S-energy:    -0.00000035      T1 diagnostic:  0.00930991
                                                                       D1 diagnostic:  0.01970799

 Adding energy correction from Wij-K(Fij), methodcc=6  factor= 1.0

  CCSD correlation energy              -0.452708943041
  MP2-F12 correction (uncoupled)       -0.038635333978
  C*T doubles correction               -0.001156924383
  f12b correction                       0.007087681429


 Total CPU time for triples:     13.92 sec


 RESULTS
 =======

  Reference energy                   -115.098999681316
  F12 singles correction               -0.001370859314

 F12 singles corrections added to reference energy

  New reference energy               -115.100370540630

  F12a singlet correction              -0.035850153371
  F12a triplet correction              -0.003942104990
  F12a total correction                -0.039792258361

 F12a corrections for ansatz F12/3C(FIX) added to CCSD energy

  CCSD-F12a singlet pair energy        -0.350402888840
  CCSD-F12a triplet pair energy        -0.142097966116
  CCSD-F12a correlation energy         -0.492501201402

  Triples (T) contribution             -0.015813069718
  Total correlation energy             -0.508314271119

  CCSD-F12a total energy             -115.592871742031
  CCSD[T]-F12a energy                -115.609218508966
  CCSD-T-F12a energy                 -115.608452119749
 !CCSD(T)-F12a total energy          -115.608684811749

 F12b corrections for ansatz F12/3C(FIX) added to CCSD(T)-F12a energy

  CCSD-F12b singlet pair energy        -0.343778747206
  CCSD-F12b triplet pair energy        -0.141634426321
  CCSD-F12b correlation energy         -0.485413519973

  Triples (T) contribution             -0.015813069718
  Total correlation energy             -0.501226589691

  CCSD-F12b total energy             -115.585784060603
  CCSD[T]-F12b energy                -115.602130827537
  CCSD-T-F12b energy                 -115.601364438320
 !CCSD(T)-F12b total energy          -115.601597130321

 Timing summary (sec):

 STEP                 CPU(USER)    SYS     CPU(TOT)    WALL
 Transformation          1.42      0.15      1.57      1.58
 CCSD iterations         7.23      0.83      8.06      8.10
 Triples                13.92      0.49     14.41     14.44
 MP2-F12                12.95      0.53     13.48     13.65
 F12b energy             0.72      0.06      0.78      0.79

 Program statistics:

 Available memory in ccsd:               499999650
 Min. memory needed in ccsd:               1149135
 Max. memory used in ccsd:                 1443104
 Max. memory used in cckext:               1888566 ( 9 integral passes)



 **********************************************************************************************************************************
 DATASETS  * FILE   NREC   LENGTH (MB)   RECORD NAMES
              1      20      386.80       500      610      700      900      950      970     1000      129      960     1100   
                                          VAR    BASINP    GEOM    SYMINP    ZMAT    AOBASIS   BASIS     P2S    ABASIS      S 
                                         1400     1410     1200     1210     1080     1600     1650     1300     1700     1380   
                                           T        V       H0       H01     AOSYM     SMH    MOLCAS    ERIS     OPER     JKOP   

              2       7        3.55       700     1000      520     2100     7360     7350     7000   
                                         GEOM     BASIS   MCVARS     RHF    F12ABS    EF12   

 PROGRAMS   *        TOTAL   CCSD(T)   MP2-F12    HF-SCF       INT
 CPU TIMES  *        60.46     36.27     13.56      3.19      7.31
 REAL TIME  *       820.07 SEC
 DISK USED  *         1.14 GB
 **********************************************************************************************************************************
 SETTING XXX            =    "MMM"
 SETTING POINT          =        13.00000000                                  

 *** ### CH3OH


 XXX       RCO          ROH          RCH1         RCH2         RCH3           ACOH           AOCH1          AOCH2          AOCH3         AHH1           AHH2           AHH3            ENERGY       POINT
 "MMM"   1.39077677   0.96013932   1.09171752   1.08440070   1.09171752   108.12930637   111.65221523   107.18733878   111.65221523   61.43364279   180.00000000   298.56635721   -115.60868481   13.0000
                                                  

 CCSD(T)-F12/cc-pVTZ-F12 energy=   -115.601597130321

     CCSD(T)-F12         MP2-F12          HF-SCF
   -115.60159713   -115.58324534   -115.09899968
 **********************************************************************************************************************************
 Molpro calculation terminated
