
 Primary working directories    : /tmpdir/job/2955602.undefined/molpro.82DSIwpiSO
 Secondary working directories  : /tmpdir/job/2955602.undefined/molpro.82DSIwpiSO
 Wavefunction directory         : /home/zcaposm/wfu/
 Main file repository           : /tmpdir/job/2955602.undefined/molpro.82DSIwpiSO/

 id        : uclcc

 Nodes                         nprocs
 node-d00a-245.myriad.ucl.ac.uk    1

 Using customized tuning parameters: mindgm=1; mindgv=20; mindgc=4; mindgr=1; noblas=0; minvec=7
 default implementation of scratch files=df  


 Variables initialized (945), CPU time= 0.00 sec
 ***,Methanol Ground State Energy with CCSD(T)-F12 and cc-pVTZ-F12
 memory,500,m;
 
 geometry={angstrom
 c
 o , 1, rco
 h , 2, roh, 1, acoh
 h1, 1, rch1, 2, aoch1  3  ahh1
 h2, 1, rch2, 2, aoch2, 3, ahh2
 h3, 1, rch3, 2, aoch3, 3, ahh3
 }
 
                                                ! Specify the initial values of the internal coordinates (in Angstroms and degrees)
 
 rco= 1.42077677
 roh= 0.96013932
 rch1= 1.061717515605
 rch2= 1.08440070258
 rch3= 1.091717515605
 acoh= 108.12930637
 aoch1= 111.6522152299
 aoch2= 107.18733878260001
 aoch3= 111.6522152299
 ahh1=61.43364279
 ahh2=180.0
 ahh3=298.56635721
 
                                                                                 ! Use the cc-pVTZ-F12 basis set
 basis=cc-pVTZ-F12
 
 hf
 
                                                                                 ! Use explicitly correlated F12 methods
                                                                            ! First, MP2-F12 (useful for initial electronic energy)
 {mp2-f12}
 
                                                                        ! If desired, perform CCSD(T)-F12 for more accurate results
 {ccsd(t)-f12}
 
                                                                                 ! Output the energy
 xxx = "mmm"
 point = 37
 text ### CH3OH
 table,xxx,rco,roh,rch1,rch2,rch3,acoh,aoch1,aoch2,aoch3,ahh1,ahh2,ahh3,energy,point
 DIGITS, 0, 8, 8, 8, 8, 8, 8, 8, 8, 8,  8,  8,  8, 8, 4
 save,CH3OH_MEP_MP2_37.dat,new
 
 Commands  initialized (802), CPU time= 0.01 sec, 659 directives.
 Default parameters read. Elapsed time= 0.08 sec

 Checking input...
 Passed
1


                                         ***  PROGRAM SYSTEM MOLPRO  ***
                                       Copyright, TTI GmbH Stuttgart, 2015
                                    Version 2020.1 linked Oct  6 2020 12:04:11


 **********************************************************************************************************************************
 LABEL *   Methanol Ground State Energy with CCSD(T)-F12 and cc-pVTZ-F12                 
  64 bit serial version                                                                  DATE: 08-Oct-24          TIME: 17:15:51  
 **********************************************************************************************************************************

 SHA1:             8c27446f6450a7499e38f603e13c65f775101d37
 **********************************************************************************************************************************

 Memory per process:       500 MW
 Total memory per node:    500 MW

 GA preallocation disabled
 GA check disabled

 Variable memory set to 500.0 MW

 SETTING RCO            =         1.42077677                                  
 SETTING ROH            =         0.96013932                                  
 SETTING RCH1           =         1.06171752                                  
 SETTING RCH2           =         1.08440070                                  
 SETTING RCH3           =         1.09171752                                  
 SETTING ACOH           =       108.12930637                                  
 SETTING AOCH1          =       111.65221523                                  
 SETTING AOCH2          =       107.18733878                                  
 SETTING AOCH3          =       111.65221523                                  
 SETTING AHH1           =        61.43364279                                  
 SETTING AHH2           =       180.00000000                                  
 SETTING AHH3           =       298.56635721                                  
 SETTING BASIS          =    CC-PVTZ-F12


 Recomputing integrals since basis changed


 Using spherical harmonics

 Library entry C      S cc-pVTZ-F12          selected for orbital group  1
 Library entry C      P cc-pVTZ-F12          selected for orbital group  1
 Library entry C      D cc-pVTZ-F12          selected for orbital group  1
 Library entry C      F cc-pVTZ-F12          selected for orbital group  1
 Library entry O      S cc-pVTZ-F12          selected for orbital group  2
 Library entry O      P cc-pVTZ-F12          selected for orbital group  2
 Library entry O      D cc-pVTZ-F12          selected for orbital group  2
 Library entry O      F cc-pVTZ-F12          selected for orbital group  2
 Library entry H      S cc-pVTZ-F12          selected for orbital group  3
 Library entry H      P cc-pVTZ-F12          selected for orbital group  3
 Library entry H      D cc-pVTZ-F12          selected for orbital group  3


 PROGRAM * SEWARD (Integral evaluation for generally contracted gaussian basis sets)     Author: Roland Lindh, 1990

 Geometry written to block  1 of record 700

 Orientation using atomic masses  
 Molecule type: Asymmetric top
 Rotational constants:      23.9999192     24.8901287    130.7103698 GHz  (calculated with average atomic masses)

 Point group  C1  



 ATOMIC COORDINATES

 NR  ATOM    CHARGE       X              Y              Z

   1  C       6.00    0.005280351    0.027586506   -1.377165517
   2  O       8.00   -0.005380554   -0.122753476    1.303479810
   3  H       1.00    0.049465710    1.566298788    1.963891036
   4  H1      1.00    1.674606978    0.904340867   -2.062812727
   5  H2      1.00   -0.057129934   -1.892058471   -2.091568840
   6  H3      1.00   -1.644457935    1.041198217   -2.089287883

 Bond lengths in Bohr (Angstrom)

 1-2  2.684878979  1-4  2.006355326  1-5  2.049220337  1-6  2.063047110  2-3  1.814400356
     ( 1.420776770)     ( 1.061717516)     ( 1.084400703)     ( 1.091717516)     ( 0.960139320)

 Bond angles

  1-2-3  108.12930637   2-1-4  111.65221523   2-1-5  107.18733878   2-1-6  111.65221523

  4-1-5  108.39459424   4-1-6  109.43105099   5-1-6  108.39459424

 NUCLEAR CHARGE:                   18
 NUMBER OF PRIMITIVE AOS:         228
 NUMBER OF SYMMETRY AOS:          206
 NUMBER OF CONTRACTIONS:          178   (  178A   )
 NUMBER OF INNER CORE ORBITALS:     0   (    0A   )
 NUMBER OF OUTER CORE ORBITALS:     2   (    2A   )
 NUMBER OF VALENCE ORBITALS:       12   (   12A   )


 NUCLEAR REPULSION ENERGY   40.46039416

 Eigenvalues of metric

         1 0.858E-04 0.182E-03 0.303E-03 0.315E-03 0.459E-03 0.493E-03 0.556E-03 0.565E-03


 Contracted 2-electron integrals neglected if value below      1.0D-11
 AO integral compression algorithm  1   Integral accuracy      1.0D-11

     620.495 MB (compressed) written to integral file ( 52.0%)


 NUMBER OF SORTED TWO-ELECTRON INTEGRALS:  126906346.     BUFFER LENGTH:  32768
 NUMBER OF SEGMENTS:   8  SEGMENT LENGTH:   15999503      RECORD LENGTH: 524288

 Memory used in sort:      16.56 MW

 SORT1 READ   149034713. AND WROTE   124860742. INTEGRALS IN    360 RECORDS. CPU TIME:     4.04 SEC, REAL TIME:   281.84 SEC
 SORT2 READ   124860742. AND WROTE   126906346. INTEGRALS IN   2367 RECORDS. CPU TIME:     2.09 SEC, REAL TIME:   310.27 SEC

 FILE SIZES:   FILE 1:   651.7 MBYTE,  FILE 4:  1510.0 MBYTE,   TOTAL:   2161.7 MBYTE

 OPERATOR DM      FOR CENTER  0  COORDINATES:    0.000000    0.000000    0.000000


 **********************************************************************************************************************************
 DATASETS  * FILE   NREC   LENGTH (MB)   RECORD NAMES
              1      19      571.47       500      610      700      900      950      970     1000      129      960     1100   
                                          VAR    BASINP    GEOM    SYMINP    ZMAT    AOBASIS   BASIS     P2S    ABASIS      S 
                                         1400     1410     1200     1210     1080     1600     1650     1300     1700   
                                           T        V       H0       H01     AOSYM     SMH    MOLCAS    ERIS     OPER   

 PROGRAMS   *        TOTAL       INT
 CPU TIMES  *        10.65     10.55
 REAL TIME  *       695.92 SEC
 DISK USED  *         2.16 GB
 **********************************************************************************************************************************


 PROGRAM * RHF-SCF (CLOSED SHELL)       Authors: W. Meyer, H.-J. Werner


 NUMBER OF ELECTRONS:       9+    9-    SPACE SYMMETRY=1    SPIN SYMMETRY: Singlet 
 CONVERGENCE THRESHOLDS:    1.00E-05 (Density)    1.00E-07 (Energy)
 MAX. NUMBER OF ITERATIONS:       60
 INTERPOLATION TYPE:            DIIS
 INTERPOLATION STEPS:              2 (START)      1 (STEP)
 LEVEL SHIFTS:                  0.00 (CLOSED)  0.00 (OPEN) 



 Orbital guess generated from atomic densities. Full valence occupancy:   14

 Molecular orbital dump at record        2100.2

 Initial occupancy:   9

 ITERATION    DDIFF          GRAD             ENERGY        2-EL.EN.            DIPOLE MOMENTS         DIIS   ORB.
    1      0.000D+00      0.000D+00      -115.06220050    164.717034    0.02586    0.90134   -0.47789    0    start
    2      0.000D+00      0.505D-02      -115.09054618    162.113899    0.02413    0.50067   -0.31044    1    diag
    3      0.481D-02      0.275D-02      -115.09791654    163.381389    0.02822    0.60412   -0.40242    2    diag
    4      0.162D-02      0.549D-03      -115.09845138    163.204265    0.02919    0.59937   -0.39835    3    diag
    5      0.439D-03      0.110D-03      -115.09848598    163.214422    0.02960    0.59565   -0.40346    4    diag
    6      0.122D-03      0.208D-04      -115.09848757    163.212922    0.02971    0.59587   -0.40431    5    diag
    7      0.352D-04      0.456D-05      -115.09848764    163.212154    0.02973    0.59569   -0.40462    6    diag
    8      0.878D-05      0.136D-05      -115.09848765    163.212690    0.02973    0.59569   -0.40464    0    orth

 Final occupancy:   9

 !RHF STATE  1.1 Energy              -115.098487647411
 Nuclear energy                        40.46039416
 One-electron energy                 -237.16522684
 Two-electron energy                   81.60634503
 Virial quotient                       -1.00061179
 !RHF STATE  1.1 Dipole moment          0.02973029     0.59568647    -0.40463743
 Dipole moment /Debye                   0.07556190     1.51398482    -1.02841839

 Orbital energies:

         1.1          2.1          3.1          4.1          5.1          6.1          7.1          8.1          9.1         10.1
    -20.555676   -11.265894    -1.356500    -0.929623    -0.691851    -0.624617    -0.593863    -0.504972    -0.453271     0.054415

        11.1
      0.064997


 HOMO      9.1    -0.453271 =     -12.3341eV
 LUMO     10.1     0.054415 =       1.4807eV
 LUMO-HOMO         0.507687 =      13.8149eV


 **********************************************************************************************************************************
 DATASETS  * FILE   NREC   LENGTH (MB)   RECORD NAMES
              1      19      571.47       500      610      700      900      950      970     1000      129      960     1100   
                                          VAR    BASINP    GEOM    SYMINP    ZMAT    AOBASIS   BASIS     P2S    ABASIS      S 
                                         1400     1410     1200     1210     1080     1600     1650     1300     1700   
                                           T        V       H0       H01     AOSYM     SMH    MOLCAS    ERIS     OPER   

              2       4        3.48       700     1000      520     2100   
                                         GEOM     BASIS   MCVARS     RHF  

 PROGRAMS   *        TOTAL    HF-SCF       INT
 CPU TIMES  *        16.68      6.03     10.55
 REAL TIME  *       730.36 SEC
 DISK USED  *         2.16 GB
 **********************************************************************************************************************************


 PROGRAM * MP2 (Closed-shell)     Authors: C. Hampel, H.-J. Werner, 1991, M. Deegan, P.J. Knowles, 1992

                                   MP2-F12 implementation by H.-J. Werner, 2007

                   Density fitting integral evaluation by F.R. Manby, 2003,2007, G. Knizia, 2010


 Basis set AUG-CC-PVTZ/JKFIT generated.  Number of basis functions:   392 
 Basis set CC-PVTZ-F12/OPTRI generated.  Number of basis functions:   314 
 Basis set AUG-CC-PVTZ/MP2FIT generated. Number of basis functions:   396 

 Convergence thresholds:  THRVAR = 1.00D-08  THRDEN = 1.00D-06

 Number of core orbitals:           2 (   2 )
 Number of closed-shell orbitals:   7 (   7 )
 Number of external orbitals:     169 ( 169 )

 Molecular orbitals read from record     2100.2  Type=RHF/CANONICAL (state 1.1)

 MP2-F12 correlation treatment (H.-J. Werner, 2006)
 ==================================================

 Using MP2-F12 with ansatz 3C(FIX)

 Using projected zeroth-order Hamiltonian (+Z)

 FOCKRIB=T FOCKRIC=T FOCKRIP=T CABSP=T CABSA=T CABSK=T CABSF=T GBC=F EBC=F DMAT=T NOFIK=T NOPAO=1 SOLVE=-1  USEPAO=0
 EXCH_A= T EXCH_B= F EXCH_C= F EXCH_P= F

 Geminal basis:    OPTFULL  GEM_TYPE=SLATER  BETA=1.0  NGEM=6

 Optimizing Gaussian exponents for each gem_beta

 Geminal optimization for beta= 1.0000
 Weight function:   m=0, omega= 1.4646

 Augmented Hessian optimization of geminal fit. Trust ratio= 0.40000
 Convergence reached after   2 iterations. Final gradient= 8.66D-16, Step= 4.23D-06, Delta= 1.28D-09

 Alpha:                 0.19532     0.81920     2.85917     9.50073    35.69989   197.79328
 Coeff:                 0.27070     0.30552     0.18297     0.10986     0.06810     0.04224


 All pairs explicitly correlated. Number of r12-pairs:           28

 Excluding core orbitals from MO domains

 AO(A)-basis ORBITAL           loaded. Number of functions:     178
 RI(R)-basis CC-PVTZ-F12/OPTRI loaded. Number of functions:     314
 DF-basis AUG-CC-PVTZ/JKFIT    loaded. Number of functions:     392

 Screening thresholds:   THRAO=  1.00D-10  THRMO=  1.00D-09  THRPROD=  1.00D-09
                         THRSW=  1.00D-05  THROV=  1.00D-12  THRAOF12= 1.00D-08

 CPU time for Fock operators                      1.20 sec

 Construction of ABS:
 Smallest eigenvalue of S          4.08E-04  (threshold= 1.00E-08)
 Ratio eigmin/eigmax               5.18E-05  (threshold= 1.00E-09)
 Smallest eigenvalue of S kept     4.08E-04  (threshold= 4.08E-04, 0 functions deleted, 314 kept)

 Construction of CABS:
 Smallest eigenvalue of S          6.83E-07  (threshold= 1.00E-08)
 Ratio eigmin/eigmax               6.83E-07  (threshold= 1.00E-09)
 Smallest eigenvalue of S kept     6.83E-07  (threshold= 6.83E-07, 0 functions deleted, 314 kept)

 CPU time for CABS singles                        0.03 sec

 CABS-singles contribution of  -0.00136397 patched into reference energy.
 New reference energy        -115.09985162

 AO(A)-basis ORBITAL           loaded. Number of functions:     178
 RI(R)-basis CC-PVTZ-F12/OPTRI loaded. Number of functions:     314
 DF-basis AUG-CC-PVTZ/MP2FIT   loaded. Number of functions:     396

 Screening thresholds:   THRAO=  1.00D-10  THRMO=  1.00D-09  THRPROD=  1.00D-09
                         THRSW=  1.00D-05  THROV=  1.00D-12  THRAOF12= 1.00D-08

 CPU time for 3-index integral evaluation         3.05 sec
 CPU time for first  half transformation          0.13 sec (18992.7 MFLOP/sec)
 CPU time for second half transformation          0.02 sec ( 3108.5 MFLOP/sec)
 CPU time for sorting                             0.01 sec
 CPU time for fitting                             0.02 sec (56971.3 MFLOP/sec)
 CPU time for tilde quantities                    0.02 sec (75522.6 MFLOP/sec)
 CPU time for assembly                            0.17 sec (72668.2 MFLOP/sec)
 CPU time for tranop_f12                          0.23 sec (68957.5 MFLOP/sec)
 CPU time for f12 integrals (total)               3.98 sec, Elapsed time:      7.06 sec
 CPU time for f12 matrices (total)                0.08 sec, Elapsed time:      0.17 sec

 Diagonal F12 approximation with fixed coefficients:  TSING= 0.500,  TTRIP= 0.250 (scaled by -1/beta)

 DF-MP2-F12 energy corrections:
 ==============================
 Approx.                                    Singlet             Triplet             Total
 DF-MP2-F12/3*C(DX,FIX)                -0.038348561109     -0.004220393882     -0.042568954991
 DF-MP2-F12/3*C(FIX)                   -0.036136079030     -0.003936901255     -0.040072980284
 DF-MP2-F12/3C(FIX)                    -0.036078154108     -0.004071568708     -0.040149722816

 DF-MP2-F12 correlation energies:
 ================================
 Approx.                                    Singlet             Triplet             Ecorr            Total Energy
 DF-MP2                                -0.290851200499     -0.152350865990     -0.443202066489   -115.543053684281
 DF-MP2-F12/3*C(DX,FIX)                -0.329199761608     -0.156571259872     -0.485771021480   -115.585622639271
 DF-MP2-F12/3*C(FIX)                   -0.326987279529     -0.156287767245     -0.483275046774   -115.583126664565
 DF-MP2-F12/3C(FIX)                    -0.326929354608     -0.156422434698     -0.483351789306   -115.583203407097

 SCS-DF-MP2 energies (F_SING= 1.20000  F_TRIP= 0.62222  F_PARALLEL= 0.33333):
 ============================================================================
 SCS-DF-MP2                            -0.443817534993   -115.543669152784
 SCS-DF-MP2-F12/3*C(DX,FIX)            -0.492461831183   -115.592313448975
 SCS-DF-MP2-F12/3*C(FIX)               -0.489630457276   -115.589482075067
 SCS-DF-MP2-F12/3C(FIX)                -0.489644740452   -115.589496358244
 Symmetry transformation completed.

 Number of N-1 electron functions:               7
 Number of N-2 electron functions:              28
 Number of singly external CSFs:              1183
 Number of doubly external CSFs:            700336
 Total number of CSFs:                      701520

 Length of J-op  integral file:             104.98 MB
 Length of K-op  integral file:             138.67 MB

 Integral transformation finished. Total CPU:   0.96 sec, npass=  1  Memory used:   2.18 MW

 ITER.      SQ.NORM     CORR.ENERGY   TOTAL ENERGY   ENERGY CHANGE     VAR   MIC
   1      1.00000000    -0.44326811  -115.54311973    -0.44326811  0.00D+00   0
   2      1.11421988    -0.44326811  -115.54311973     0.00000000 -0.19D-15   0

 Solving MP2-F12 equations

   1      1.11418408    -0.48266035  -115.58251197    -0.03939224 -0.37D-04   0
   2      1.11418408    -0.48341645  -115.58326807    -0.00075610  0.16D-17   0
   3      1.11418408    -0.48341645  -115.58326807    -0.00000000  0.31D-18   0

 CPU TIME FOR ITERATIVE MP2:    0.08 SEC


 MP2-F12 energy corrections:
 ===========================
 Approx.                                    Singlet             Triplet             Total
 MP2-F12/3*C(DX,FIX)                   -0.038348561109     -0.004220393882     -0.042568954991
 MP2-F12/3*C(FIX)                      -0.036136079030     -0.003936901255     -0.040072980284
 MP2-F12/3C(FIX)                       -0.036075453807     -0.004072887040     -0.040148340847

 MP2-F12 correlation energies:
 =============================
 Approx.                                    Singlet             Triplet             Ecorr            Total Energy
 MP2                                   -0.291034141738     -0.152233971559     -0.443268113297   -115.543119731089
 MP2-F12/3*C(DX,FIX)                   -0.329382702847     -0.156454365441     -0.485837068288   -115.585688686079
 MP2-F12/3*C(FIX)                      -0.327170220768     -0.156170872814     -0.483341093582   -115.583192711373
 MP2-F12/3C(FIX)                       -0.327109595545     -0.156306858599     -0.483416454144   -115.583268071936

 SCS-MP2 energies (F_SING= 1.20000  F_TRIP= 0.62222  F_PARALLEL= 0.33333):
 =========================================================================
 SCS-MP2                               -0.443964330167   -115.543815947959
 SCS-MP2-F12/3*C(DX,FIX)               -0.492608626357   -115.592460244149
 SCS-MP2-F12/3*C(FIX)                  -0.489777252450   -115.589628870242
 SCS-MP2-F12/3C(FIX)                   -0.489789115560   -115.589640733352


  Reference energy                   -115.098487647411
  F12 singles correction               -0.001363970381

 F12 singles corrections added to reference energy

  New reference energy               -115.099851617792

  F12/3C(F) singlet correction         -0.036075453807
  F12/3C(F) triplet correction         -0.004072887040
  F12/3C(F) total correction           -0.040148340847
  MP2-F12/3C(F) singlet pair energy    -0.327109595545
  MP2-F12/3C(F) triplet pair energy    -0.156306858599
  MP2-F12/3C(F) correlation energy     -0.483416454144

 !MP2-F12/3C(F) total energy         -115.583268071936


 **********************************************************************************************************************************
 DATASETS  * FILE   NREC   LENGTH (MB)   RECORD NAMES
              1      20      582.64       500      610      700      900      950      970     1000      129      960     1100   
                                          VAR    BASINP    GEOM    SYMINP    ZMAT    AOBASIS   BASIS     P2S    ABASIS      S 
                                         1400     1410     1200     1210     1080     1600     1650     1300     1700     1380   
                                           T        V       H0       H01     AOSYM     SMH    MOLCAS    ERIS     OPER     JKOP   

              2       7        4.13       700     1000      520     2100     7360     7350     7000   
                                         GEOM     BASIS   MCVARS     RHF    F12ABS    EF12   

 PROGRAMS   *        TOTAL   MP2-F12    HF-SCF       INT
 CPU TIMES  *        23.25      6.57      6.03     10.55
 REAL TIME  *       741.16 SEC
 DISK USED  *         2.16 GB
 **********************************************************************************************************************************


 PROGRAM * CCSD (Closed-shell coupled cluster)     Authors: C. Hampel, H.-J. Werner, 1991, M. Deegan, P.J. Knowles, 1992

                                  CCSD-F12 implementation by  H.-J. Werner, 2007

                   Density fitting integral evaluation by F.R. Manby, 2003,2007, G. Knizia, 2010



 Convergence thresholds:  THRVAR = 1.00D-08  THRDEN = 1.00D-06

 CCSD(T)     terms to be evaluated (factor= 1.000)


 Number of core orbitals:           2 (   2 )
 Number of closed-shell orbitals:   7 (   7 )
 Number of external orbitals:     169 ( 169 )

 Molecular orbitals read from record     2100.2  Type=RHF/CANONICAL (state 1.1)

 MP2-F12 correlation treatment (H.-J. Werner, 2006)
 ==================================================

 Using MP2-F12 with ansatz 3C(FIX)

 Using projected zeroth-order Hamiltonian (+Z)

 FOCKRIB=T FOCKRIC=T FOCKRIP=T CABSP=T CABSA=T CABSK=T CABSF=T GBC=F EBC=F DMAT=T NOFIK=T NOPAO=1 SOLVE=-1  USEPAO=0
 EXCH_A= T EXCH_B= F EXCH_C= F EXCH_P= F

 Geminal basis:    OPTFULL  GEM_TYPE=SLATER  BETA=1.0  NGEM=6

 Optimizing Gaussian exponents for each gem_beta

 Geminal optimization for beta= 1.0000
 Weight function:   m=0, omega= 1.4646

 Augmented Hessian optimization of geminal fit. Trust ratio= 0.40000
 Convergence reached after   2 iterations. Final gradient= 8.66D-16, Step= 4.23D-06, Delta= 1.28D-09

 Alpha:                 0.19532     0.81920     2.85917     9.50073    35.69989   197.79328
 Coeff:                 0.27070     0.30552     0.18297     0.10986     0.06810     0.04224


 All pairs explicitly correlated. Number of r12-pairs:           28

 Excluding core orbitals from MO domains

 AO(A)-basis ORBITAL           loaded. Number of functions:     178
 RI(R)-basis CC-PVTZ-F12/OPTRI loaded. Number of functions:     314
 DF-basis AUG-CC-PVTZ/JKFIT    loaded. Number of functions:     392

 Screening thresholds:   THRAO=  1.00D-10  THRMO=  1.00D-09  THRPROD=  1.00D-09
                         THRSW=  1.00D-05  THROV=  1.00D-12  THRAOF12= 1.00D-08

 CPU time for Fock operators                      1.18 sec

 Construction of ABS:
 Smallest eigenvalue of S          4.08E-04  (threshold= 1.00E-08)
 Ratio eigmin/eigmax               5.18E-05  (threshold= 1.00E-09)
 Smallest eigenvalue of S kept     4.08E-04  (threshold= 4.08E-04, 0 functions deleted, 314 kept)

 Construction of CABS:
 Smallest eigenvalue of S          6.83E-07  (threshold= 1.00E-08)
 Ratio eigmin/eigmax               6.83E-07  (threshold= 1.00E-09)
 Smallest eigenvalue of S kept     6.83E-07  (threshold= 6.83E-07, 0 functions deleted, 314 kept)

 CPU time for CABS singles                        0.03 sec

 CABS-singles contribution of  -0.00136397 patched into reference energy.
 New reference energy        -115.09985162

 AO(A)-basis ORBITAL           loaded. Number of functions:     178
 RI(R)-basis CC-PVTZ-F12/OPTRI loaded. Number of functions:     314
 DF-basis AUG-CC-PVTZ/MP2FIT   loaded. Number of functions:     396

 Screening thresholds:   THRAO=  1.00D-10  THRMO=  1.00D-09  THRPROD=  1.00D-09
                         THRSW=  1.00D-05  THROV=  1.00D-12  THRAOF12= 1.00D-08

 CPU time for 3-index integral evaluation         2.92 sec
 CPU time for first  half transformation          0.19 sec (12995.0 MFLOP/sec)
 CPU time for sorting                             0.01 sec
 CPU time for fitting                             0.01 sec (******* MFLOP/sec)
 CPU time for tilde quantities                    0.02 sec (75522.6 MFLOP/sec)
 CPU time for assembly                            0.14 sec (88240.0 MFLOP/sec)
 CPU time for tranop_f12                          0.17 sec (93295.5 MFLOP/sec)
 CPU time for f12 integrals (total)               3.79 sec, Elapsed time:      4.19 sec
 CPU time for f12 matrices (total)                0.07 sec, Elapsed time:      0.11 sec

 Diagonal F12 approximation with fixed coefficients:  TSING= 0.500,  TTRIP= 0.250 (scaled by -1/beta)

 DF-MP2-F12 energy corrections:
 ==============================
 Approx.                                    Singlet             Triplet             Total
 DF-MP2-F12/3*C(DX,FIX)                -0.038348561109     -0.004220393882     -0.042568954991
 DF-MP2-F12/3*C(FIX)                   -0.036136079030     -0.003936901255     -0.040072980284
 DF-MP2-F12/3C(FIX)                    -0.036078154108     -0.004071568708     -0.040149722816

 DF-MP2-F12 correlation energies:
 ================================
 Approx.                                    Singlet             Triplet             Ecorr            Total Energy
 DF-MP2                                -0.290851200499     -0.152350865990     -0.443202066489   -115.543053684281
 DF-MP2-F12/3*C(DX,FIX)                -0.329199761608     -0.156571259872     -0.485771021480   -115.585622639271
 DF-MP2-F12/3*C(FIX)                   -0.326987279529     -0.156287767245     -0.483275046774   -115.583126664565
 DF-MP2-F12/3C(FIX)                    -0.326929354608     -0.156422434698     -0.483351789306   -115.583203407097

 SCS-DF-MP2 energies (F_SING= 1.20000  F_TRIP= 0.62222  F_PARALLEL= 0.33333):
 ============================================================================
 SCS-DF-MP2                            -0.443817534993   -115.543669152784
 SCS-DF-MP2-F12/3*C(DX,FIX)            -0.492461831183   -115.592313448975
 SCS-DF-MP2-F12/3*C(FIX)               -0.489630457276   -115.589482075067
 SCS-DF-MP2-F12/3C(FIX)                -0.489644740452   -115.589496358244
 Symmetry transformation completed.

 Number of N-1 electron functions:               7
 Number of N-2 electron functions:              28
 Number of singly external CSFs:              1183
 Number of doubly external CSFs:            700336
 Total number of CSFs:                      701520

 Length of J-op  integral file:             105.23 MB
 Length of K-op  integral file:             138.67 MB
 Length of 3-ext integral record:             0.00 MB

 Memory could be reduced to 48.01 Mwords without degradation in triples

 Integral transformation finished. Total CPU:   2.40 sec, npass=  1  Memory used:  24.86 MW

 Reference energy:                   -115.09985162

 Adding F12 terms to K(Cij), methodcc=6,  factor= 1.0

 ITER.      SQ.NORM     CORR.ENERGY   TOTAL ENERGY   ENERGY CHANGE        DEN1      VAR(S)    VAR(P)  DIIS     TIME  TIME/IT
   1      1.11702862    -0.45256354  -115.55241515    -0.00929542     0.00162587  0.15D-02  0.19D-02  1  1    11.66    25.57
   2      1.12434331    -0.45291029  -115.55276190    -0.00034675    -0.00898531  0.24D-04  0.23D-03  2  2    13.65    17.50
   3      1.12701699    -0.45308356  -115.55293518    -0.00017328    -0.00183785  0.15D-04  0.13D-04  3  3    15.55    12.36
   4      1.12794477    -0.45310162  -115.55295324    -0.00001806    -0.00059009  0.86D-06  0.12D-05  4  4    17.48     9.80
   5      1.12809822    -0.45310297  -115.55295458    -0.00000135    -0.00003714  0.23D-06  0.98D-07  5  5    19.56     8.30
   6      1.12814026    -0.45310058  -115.55295220     0.00000239    -0.00000417  0.35D-07  0.94D-08  6  6    21.50     7.27
   7      1.12815138    -0.45309972  -115.55295133     0.00000086    -0.00000295  0.39D-08  0.14D-08  6  1    23.40     6.53
   8      1.12815321    -0.45309978  -115.55295140    -0.00000006     0.00000033  0.66D-09  0.20D-09  6  3    25.32     5.98

 Norm of t1 vector:      0.04977113      S-energy:     0.00000024      T1 diagnostic:  0.00940586
                                                                       D1 diagnostic:  0.01991725

 Adding energy correction from Wij-K(Fij), methodcc=6  factor= 1.0

  CCSD correlation energy              -0.453099778001
  MP2-F12 correction (uncoupled)       -0.038600986845
  C*T doubles correction               -0.001163465494
  f12b correction                       0.007098965248


 Total CPU time for triples:     30.53 sec


 RESULTS
 =======

  Reference energy                   -115.098487647411
  F12 singles correction               -0.001363970381

 F12 singles corrections added to reference energy

  New reference energy               -115.099851617792

  F12a singlet correction              -0.035839907035
  F12a triplet correction              -0.003924545304
  F12a total correction                -0.039764452339

 F12a corrections for ansatz F12/3C(FIX) added to CCSD energy

  CCSD-F12a singlet pair energy        -0.350873730160
  CCSD-F12a triplet pair energy        -0.141990737811
  CCSD-F12a correlation energy         -0.492864230340

  Triples (T) contribution             -0.015944125045
  Total correlation energy             -0.508808355385

  CCSD-F12a total energy             -115.592715848131
  CCSD[T]-F12a energy                -115.609206256710
  CCSD-T-F12a energy                 -115.608419384403
 !CCSD(T)-F12a total energy          -115.608659973176

 F12b corrections for ansatz F12/3C(FIX) added to CCSD(T)-F12a energy

  CCSD-F12b singlet pair energy        -0.344237611162
  CCSD-F12b triplet pair energy        -0.141527891561
  CCSD-F12b correlation energy         -0.485765265092

  Triples (T) contribution             -0.015944125045
  Total correlation energy             -0.501709390137

  CCSD-F12b total energy             -115.585616882883
  CCSD[T]-F12b energy                -115.602107291462
  CCSD-T-F12b energy                 -115.601320419155
 !CCSD(T)-F12b total energy          -115.601561007928

 Timing summary (sec):

 STEP                 CPU(USER)    SYS     CPU(TOT)    WALL
 Transformation          2.45      0.83      3.28      5.95
 CCSD iterations        17.75      3.42     21.17     47.90
 Triples                30.53      0.91     31.44     31.70
 MP2-F12                 5.13      0.45      5.58      5.63
 F12b energy             1.62      0.09      1.71      1.78

 Program statistics:

 Available memory in ccsd:               499999646
 Min. memory needed in ccsd:               2228017
 Max. memory used in ccsd:                 2807120
 Max. memory used in cckext:               2027429 ( 9 integral passes)



 **********************************************************************************************************************************
 DATASETS  * FILE   NREC   LENGTH (MB)   RECORD NAMES
              1      20      718.59       500      610      700      900      950      970     1000      129      960     1100   
                                          VAR    BASINP    GEOM    SYMINP    ZMAT    AOBASIS   BASIS     P2S    ABASIS      S 
                                         1400     1410     1200     1210     1080     1600     1650     1300     1700     1380   
                                           T        V       H0       H01     AOSYM     SMH    MOLCAS    ERIS     OPER     JKOP   

              2       7        4.13       700     1000      520     2100     7360     7350     7000   
                                         GEOM     BASIS   MCVARS     RHF    F12ABS    EF12   

 PROGRAMS   *        TOTAL   CCSD(T)   MP2-F12    HF-SCF       INT
 CPU TIMES  *        80.77     57.51      6.57      6.03     10.55
 REAL TIME  *       834.30 SEC
 DISK USED  *         2.16 GB
 **********************************************************************************************************************************
 SETTING XXX            =    "MMM"
 SETTING POINT          =        37.00000000                                  

 *** ### CH3OH


 XXX       RCO          ROH          RCH1         RCH2         RCH3           ACOH           AOCH1          AOCH2          AOCH3         AHH1           AHH2           AHH3            ENERGY       POINT
 "MMM"   1.42077677   0.96013932   1.06171752   1.08440070   1.09171752   108.12930637   111.65221523   107.18733878   111.65221523   61.43364279   180.00000000   298.56635721   -115.60865997   37.0000
                                                  

 CCSD(T)-F12/cc-pVTZ-F12 energy=   -115.601561007928

     CCSD(T)-F12         MP2-F12          HF-SCF
   -115.60156101   -115.58326807   -115.09848765
 **********************************************************************************************************************************
 Molpro calculation terminated
