
 Primary working directories    : /tmpdir/job/2955685.undefined/molpro.8oGiChuYJd
 Secondary working directories  : /tmpdir/job/2955685.undefined/molpro.8oGiChuYJd
 Wavefunction directory         : /home/zcaposm/wfu/
 Main file repository           : /tmpdir/job/2955685.undefined/molpro.8oGiChuYJd/

 id        : uclcc

 Nodes                         nprocs
 node-d00a-157.myriad.ucl.ac.uk    1

 Using customized tuning parameters: mindgm=1; mindgv=20; mindgc=4; mindgr=1; noblas=0; minvec=7
 default implementation of scratch files=df  


 Variables initialized (945), CPU time= 0.01 sec
 ***,Methanol Ground State Energy with CCSD(T)-F12 and cc-pVTZ-F12
 memory,500,m;
 
 geometry={angstrom
 c
 o , 1, rco
 h , 2, roh, 1, acoh
 h1, 1, rch1, 2, aoch1  3  ahh1
 h2, 1, rch2, 2, aoch2, 3, ahh2
 h3, 1, rch3, 2, aoch3, 3, ahh3
 }
 
                                                ! Specify the initial values of the internal coordinates (in Angstroms and degrees)
 
 rco= 1.42077677
 roh= 0.96013932
 rch1= 1.0917270069724057
 rch2= 1.084400923361141
 rch3= 1.0917076354569704
 acoh= 108.12930637
 aoch1= 111.64777883511064
 aoch2= 107.187469007768
 aoch3= 111.65657358605468
 ahh1=61.83364279
 ahh2=180.4
 ahh3=298.96635720999996
 
                                                                                 ! Use the cc-pVTZ-F12 basis set
 basis=cc-pVTZ-F12
 
 hf
 
                                                                                 ! Use explicitly correlated F12 methods
                                                                            ! First, MP2-F12 (useful for initial electronic energy)
 {mp2-f12}
 
                                                                        ! If desired, perform CCSD(T)-F12 for more accurate results
 {ccsd(t)-f12}
 
                                                                                 ! Output the energy
 xxx = "mmm"
 point = 113
 text ### CH3OH
 table,xxx,rco,roh,rch1,rch2,rch3,acoh,aoch1,aoch2,aoch3,ahh1,ahh2,ahh3,energy,point
 DIGITS, 0, 8, 8, 8, 8, 8, 8, 8, 8, 8,  8,  8,  8, 8, 4
 save,CH3OH_MEP_MP2_113.dat,new
 
 Commands  initialized (802), CPU time= 0.02 sec, 659 directives.
 Default parameters read. Elapsed time= 0.56 sec

 Checking input...
 Passed
1


                                         ***  PROGRAM SYSTEM MOLPRO  ***
                                       Copyright, TTI GmbH Stuttgart, 2015
                                    Version 2020.1 linked Oct  6 2020 12:04:11


 **********************************************************************************************************************************
 LABEL *   Methanol Ground State Energy with CCSD(T)-F12 and cc-pVTZ-F12                 
  64 bit serial version                                                                  DATE: 08-Oct-24          TIME: 17:35:16  
 **********************************************************************************************************************************

 SHA1:             8c27446f6450a7499e38f603e13c65f775101d37
 **********************************************************************************************************************************

 Memory per process:       500 MW
 Total memory per node:    500 MW

 GA preallocation disabled
 GA check disabled

 Variable memory set to 500.0 MW

 SETTING RCO            =         1.42077677                                  
 SETTING ROH            =         0.96013932                                  
 SETTING RCH1           =         1.09172701                                  
 SETTING RCH2           =         1.08440092                                  
 SETTING RCH3           =         1.09170764                                  
 SETTING ACOH           =       108.12930637                                  
 SETTING AOCH1          =       111.64777884                                  
 SETTING AOCH2          =       107.18746901                                  
 SETTING AOCH3          =       111.65657359                                  
 SETTING AHH1           =        61.83364279                                  
 SETTING AHH2           =       180.40000000                                  
 SETTING AHH3           =       298.96635721                                  
 SETTING BASIS          =    CC-PVTZ-F12


 Recomputing integrals since basis changed


 Using spherical harmonics

 Library entry C      S cc-pVTZ-F12          selected for orbital group  1
 Library entry C      P cc-pVTZ-F12          selected for orbital group  1
 Library entry C      D cc-pVTZ-F12          selected for orbital group  1
 Library entry C      F cc-pVTZ-F12          selected for orbital group  1
 Library entry O      S cc-pVTZ-F12          selected for orbital group  2
 Library entry O      P cc-pVTZ-F12          selected for orbital group  2
 Library entry O      D cc-pVTZ-F12          selected for orbital group  2
 Library entry O      F cc-pVTZ-F12          selected for orbital group  2
 Library entry H      S cc-pVTZ-F12          selected for orbital group  3
 Library entry H      P cc-pVTZ-F12          selected for orbital group  3
 Library entry H      D cc-pVTZ-F12          selected for orbital group  3


 PROGRAM * SEWARD (Integral evaluation for generally contracted gaussian basis sets)     Author: Roland Lindh, 1990

 Geometry written to block  1 of record 700

 Orientation using atomic masses  
 Molecule type: Asymmetric top
 Rotational constants:      23.9585517     24.8081639    128.7815414 GHz  (calculated with average atomic masses)

 Point group  C1  



 ATOMIC COORDINATES

 NR  ATOM    CHARGE       X              Y              Z

   1  C       6.00    0.000028061    0.025184878   -1.376591907
   2  O       8.00   -0.000013066   -0.122050368    1.304246938
   3  H       1.00    0.000528419    1.568721884    1.962530729
   4  H1      1.00    1.690808369    0.970168417   -2.086877374
   5  H2      1.00   -0.014254514   -1.896318661   -2.088579166
   6  H3      1.00   -1.677209247    0.994665787   -2.085864859

 Bond lengths in Bohr (Angstrom)

 1-2  2.684878979  1-4  2.063065046  1-5  2.049220754  1-6  2.063028439  2-3  1.814400356
     ( 1.420776770)     ( 1.091727007)     ( 1.084400923)     ( 1.091707635)     ( 0.960139320)

 Bond angles

  1-2-3  108.12930637   2-1-4  111.64777884   2-1-5  107.18746901   2-1-6  111.65657359

  4-1-5  108.39659989   4-1-6  109.43109494   5-1-6  108.39249215

 NUCLEAR CHARGE:                   18
 NUMBER OF PRIMITIVE AOS:         228
 NUMBER OF SYMMETRY AOS:          206
 NUMBER OF CONTRACTIONS:          178   (  178A   )
 NUMBER OF INNER CORE ORBITALS:     0   (    0A   )
 NUMBER OF OUTER CORE ORBITALS:     2   (    2A   )
 NUMBER OF VALENCE ORBITALS:       12   (   12A   )


 NUCLEAR REPULSION ENERGY   40.34553042

 Eigenvalues of metric

         1 0.879E-04 0.183E-03 0.309E-03 0.323E-03 0.460E-03 0.493E-03 0.560E-03 0.570E-03


 Contracted 2-electron integrals neglected if value below      1.0D-11
 AO integral compression algorithm  1   Integral accuracy      1.0D-11

     594.805 MB (compressed) written to integral file ( 49.9%)


 NUMBER OF SORTED TWO-ELECTRON INTEGRALS:  126906346.     BUFFER LENGTH:  32768
 NUMBER OF SEGMENTS:   8  SEGMENT LENGTH:   15999503      RECORD LENGTH: 524288

 Memory used in sort:      16.56 MW

 SORT1 READ   149034713. AND WROTE   124564577. INTEGRALS IN    359 RECORDS. CPU TIME:     2.56 SEC, REAL TIME:    26.00 SEC
 SORT2 READ   124564577. AND WROTE   126906346. INTEGRALS IN   2269 RECORDS. CPU TIME:     1.88 SEC, REAL TIME:    38.58 SEC

 FILE SIZES:   FILE 1:   626.0 MBYTE,  FILE 4:  1505.8 MBYTE,   TOTAL:   2131.8 MBYTE

 OPERATOR DM      FOR CENTER  0  COORDINATES:    0.000000    0.000000    0.000000


 **********************************************************************************************************************************
 DATASETS  * FILE   NREC   LENGTH (MB)   RECORD NAMES
              1      19      549.46       500      610      700      900      950      970     1000      129      960     1100   
                                          VAR    BASINP    GEOM    SYMINP    ZMAT    AOBASIS   BASIS     P2S    ABASIS      S 
                                         1400     1410     1200     1210     1080     1600     1650     1300     1700   
                                           T        V       H0       H01     AOSYM     SMH    MOLCAS    ERIS     OPER   

 PROGRAMS   *        TOTAL       INT
 CPU TIMES  *         9.40      9.20
 REAL TIME  *        80.20 SEC
 DISK USED  *         2.13 GB
 **********************************************************************************************************************************


 PROGRAM * RHF-SCF (CLOSED SHELL)       Authors: W. Meyer, H.-J. Werner


 NUMBER OF ELECTRONS:       9+    9-    SPACE SYMMETRY=1    SPIN SYMMETRY: Singlet 
 CONVERGENCE THRESHOLDS:    1.00E-05 (Density)    1.00E-07 (Energy)
 MAX. NUMBER OF ITERATIONS:       60
 INTERPOLATION TYPE:            DIIS
 INTERPOLATION STEPS:              2 (START)      1 (STEP)
 LEVEL SHIFTS:                  0.00 (CLOSED)  0.00 (OPEN) 



 Orbital guess generated from atomic densities. Full valence occupancy:   14

 Molecular orbital dump at record        2100.2

 Initial occupancy:   9

 ITERATION    DDIFF          GRAD             ENERGY        2-EL.EN.            DIPOLE MOMENTS         DIIS   ORB.
    1      0.000D+00      0.000D+00      -115.06237617    164.484218   -0.00000    0.90424   -0.47795    0    start
    2      0.000D+00      0.506D-02      -115.09072743    161.902326   -0.00014    0.49652   -0.30366    1    diag
    3      0.480D-02      0.277D-02      -115.09821301    163.165426   -0.00007    0.59986   -0.39688    2    diag
    4      0.163D-02      0.546D-03      -115.09874536    162.988864   -0.00007    0.59475   -0.39232    3    diag
    5      0.436D-03      0.110D-03      -115.09877976    163.000338   -0.00007    0.59078   -0.39714    4    diag
    6      0.121D-03      0.205D-04      -115.09878132    162.998115   -0.00007    0.59092   -0.39793    5    diag
    7      0.349D-04      0.434D-05      -115.09878139    162.997733   -0.00007    0.59074   -0.39820    6    diag
    8      0.877D-05      0.114D-05      -115.09878140    162.998078   -0.00007    0.59073   -0.39822    0    orth

 Final occupancy:   9

 !RHF STATE  1.1 Energy              -115.098781398501
 Nuclear energy                        40.34553042
 One-electron energy                 -236.94335080
 Two-electron energy                   81.49903899
 Virial quotient                       -1.00101602
 !RHF STATE  1.1 Dipole moment         -0.00007072     0.59073166    -0.39821776
 Dipole moment /Debye                  -0.00017975     1.50139177    -1.01210229

 Orbital energies:

         1.1          2.1          3.1          4.1          5.1          6.1          7.1          8.1          9.1         10.1
    -20.556343   -11.269759    -1.356925    -0.926369    -0.690809    -0.621560    -0.594388    -0.504325    -0.452159     0.054650

        11.1
      0.065009


 HOMO      9.1    -0.452159 =     -12.3039eV
 LUMO     10.1     0.054650 =       1.4871eV
 LUMO-HOMO         0.506809 =      13.7910eV


 **********************************************************************************************************************************
 DATASETS  * FILE   NREC   LENGTH (MB)   RECORD NAMES
              1      19      549.46       500      610      700      900      950      970     1000      129      960     1100   
                                          VAR    BASINP    GEOM    SYMINP    ZMAT    AOBASIS   BASIS     P2S    ABASIS      S 
                                         1400     1410     1200     1210     1080     1600     1650     1300     1700   
                                           T        V       H0       H01     AOSYM     SMH    MOLCAS    ERIS     OPER   

              2       4        3.48       700     1000      520     2100   
                                         GEOM     BASIS   MCVARS     RHF  

 PROGRAMS   *        TOTAL    HF-SCF       INT
 CPU TIMES  *        17.58      8.18      9.20
 REAL TIME  *        93.56 SEC
 DISK USED  *         2.13 GB
 **********************************************************************************************************************************


 PROGRAM * MP2 (Closed-shell)     Authors: C. Hampel, H.-J. Werner, 1991, M. Deegan, P.J. Knowles, 1992

                                   MP2-F12 implementation by H.-J. Werner, 2007

                   Density fitting integral evaluation by F.R. Manby, 2003,2007, G. Knizia, 2010


 Basis set AUG-CC-PVTZ/JKFIT generated.  Number of basis functions:   392 
 Basis set CC-PVTZ-F12/OPTRI generated.  Number of basis functions:   314 
 Basis set AUG-CC-PVTZ/MP2FIT generated. Number of basis functions:   396 

 Convergence thresholds:  THRVAR = 1.00D-08  THRDEN = 1.00D-06

 Number of core orbitals:           2 (   2 )
 Number of closed-shell orbitals:   7 (   7 )
 Number of external orbitals:     169 ( 169 )

 Molecular orbitals read from record     2100.2  Type=RHF/CANONICAL (state 1.1)

 MP2-F12 correlation treatment (H.-J. Werner, 2006)
 ==================================================

 Using MP2-F12 with ansatz 3C(FIX)

 Using projected zeroth-order Hamiltonian (+Z)

 FOCKRIB=T FOCKRIC=T FOCKRIP=T CABSP=T CABSA=T CABSK=T CABSF=T GBC=F EBC=F DMAT=T NOFIK=T NOPAO=1 SOLVE=-1  USEPAO=0
 EXCH_A= T EXCH_B= F EXCH_C= F EXCH_P= F

 Geminal basis:    OPTFULL  GEM_TYPE=SLATER  BETA=1.0  NGEM=6

 Optimizing Gaussian exponents for each gem_beta

 Geminal optimization for beta= 1.0000
 Weight function:   m=0, omega= 1.4646

 Augmented Hessian optimization of geminal fit. Trust ratio= 0.40000
 Convergence reached after   2 iterations. Final gradient= 8.66D-16, Step= 4.23D-06, Delta= 1.28D-09

 Alpha:                 0.19532     0.81920     2.85917     9.50073    35.69989   197.79328
 Coeff:                 0.27070     0.30552     0.18297     0.10986     0.06810     0.04224


 All pairs explicitly correlated. Number of r12-pairs:           28

 Excluding core orbitals from MO domains

 AO(A)-basis ORBITAL           loaded. Number of functions:     178
 RI(R)-basis CC-PVTZ-F12/OPTRI loaded. Number of functions:     314
 DF-basis AUG-CC-PVTZ/JKFIT    loaded. Number of functions:     392

 Screening thresholds:   THRAO=  1.00D-10  THRMO=  1.00D-09  THRPROD=  1.00D-09
                         THRSW=  1.00D-05  THROV=  1.00D-12  THRAOF12= 1.00D-08

 CPU time for Fock operators                      1.54 sec

 Construction of ABS:
 Smallest eigenvalue of S          4.36E-04  (threshold= 1.00E-08)
 Ratio eigmin/eigmax               5.56E-05  (threshold= 1.00E-09)
 Smallest eigenvalue of S kept     4.36E-04  (threshold= 4.36E-04, 0 functions deleted, 314 kept)

 Construction of CABS:
 Smallest eigenvalue of S          7.26E-07  (threshold= 1.00E-08)
 Ratio eigmin/eigmax               7.26E-07  (threshold= 1.00E-09)
 Smallest eigenvalue of S kept     7.26E-07  (threshold= 7.26E-07, 0 functions deleted, 314 kept)

 CPU time for CABS singles                        0.04 sec

 CABS-singles contribution of  -0.00135364 patched into reference energy.
 New reference energy        -115.10013504

 AO(A)-basis ORBITAL           loaded. Number of functions:     178
 RI(R)-basis CC-PVTZ-F12/OPTRI loaded. Number of functions:     314
 DF-basis AUG-CC-PVTZ/MP2FIT   loaded. Number of functions:     396

 Screening thresholds:   THRAO=  1.00D-10  THRMO=  1.00D-09  THRPROD=  1.00D-09
                         THRSW=  1.00D-05  THROV=  1.00D-12  THRAOF12= 1.00D-08

 CPU time for 3-index integral evaluation         3.48 sec
 CPU time for first  half transformation          0.18 sec (13717.0 MFLOP/sec)
 CPU time for second half transformation          0.02 sec ( 3108.5 MFLOP/sec)
 CPU time for sorting                             0.01 sec
 CPU time for fitting                             0.02 sec (56971.3 MFLOP/sec)
 CPU time for tilde quantities                    0.03 sec (50348.4 MFLOP/sec)
 CPU time for assembly                            0.22 sec (56152.7 MFLOP/sec)
 CPU time for tranop_f12                          0.31 sec (51162.0 MFLOP/sec)
 CPU time for f12 integrals (total)               4.71 sec, Elapsed time:      6.34 sec
 CPU time for f12 matrices (total)                0.11 sec, Elapsed time:      0.23 sec

 Diagonal F12 approximation with fixed coefficients:  TSING= 0.500,  TTRIP= 0.250 (scaled by -1/beta)

 DF-MP2-F12 energy corrections:
 ==============================
 Approx.                                    Singlet             Triplet             Total
 DF-MP2-F12/3*C(DX,FIX)                -0.038287475220     -0.004212634504     -0.042500109724
 DF-MP2-F12/3*C(FIX)                   -0.036088653682     -0.003930890684     -0.040019544365
 DF-MP2-F12/3C(FIX)                    -0.036031356297     -0.004065864450     -0.040097220747

 DF-MP2-F12 correlation energies:
 ================================
 Approx.                                    Singlet             Triplet             Ecorr            Total Energy
 DF-MP2                                -0.291095459639     -0.152363624906     -0.443459084545   -115.543594123252
 DF-MP2-F12/3*C(DX,FIX)                -0.329382934859     -0.156576259410     -0.485959194269   -115.586094232976
 DF-MP2-F12/3*C(FIX)                   -0.327184113321     -0.156294515590     -0.483478628911   -115.583613667617
 DF-MP2-F12/3C(FIX)                    -0.327126815936     -0.156429489356     -0.483556305292   -115.583691343998

 SCS-DF-MP2 energies (F_SING= 1.20000  F_TRIP= 0.62222  F_PARALLEL= 0.33333):
 ============================================================================
 SCS-DF-MP2                            -0.444118584842   -115.544253623548
 SCS-DF-MP2-F12/3*C(DX,FIX)            -0.492684749908   -115.592819788615
 SCS-DF-MP2-F12/3*C(FIX)               -0.489870856796   -115.590005895503
 SCS-DF-MP2-F12/3C(FIX)                -0.489886083611   -115.590021122318
 Symmetry transformation completed.

 Number of N-1 electron functions:               7
 Number of N-2 electron functions:              28
 Number of singly external CSFs:              1183
 Number of doubly external CSFs:            700336
 Total number of CSFs:                      701520

 Length of J-op  integral file:             104.98 MB
 Length of K-op  integral file:             138.67 MB

 Integral transformation finished. Total CPU:   1.40 sec, npass=  1  Memory used:   2.18 MW

 ITER.      SQ.NORM     CORR.ENERGY   TOTAL ENERGY   ENERGY CHANGE     VAR   MIC
   1      1.00000000    -0.44352549  -115.54366052    -0.44352549  0.00D+00   0
   2      1.11473552    -0.44352549  -115.54366052     0.00000000 -0.37D-16   0

 Solving MP2-F12 equations

   1      1.11469921    -0.48286466  -115.58299970    -0.03933917 -0.37D-04   0
   2      1.11469921    -0.48362130  -115.58375634    -0.00075664 -0.13D-17   0
   3      1.11469921    -0.48362130  -115.58375634     0.00000000  0.16D-18   0

 CPU TIME FOR ITERATIVE MP2:    0.10 SEC


 MP2-F12 energy corrections:
 ===========================
 Approx.                                    Singlet             Triplet             Total
 MP2-F12/3*C(DX,FIX)                   -0.038287475220     -0.004212634504     -0.042500109724
 MP2-F12/3*C(FIX)                      -0.036088653682     -0.003930890684     -0.040019544365
 MP2-F12/3C(FIX)                       -0.036028655765     -0.004067160955     -0.040095816720

 MP2-F12 correlation energies:
 =============================
 Approx.                                    Singlet             Triplet             Ecorr            Total Energy
 MP2                                   -0.291278774329     -0.152246711086     -0.443525485415   -115.543660524121
 MP2-F12/3*C(DX,FIX)                   -0.329566249549     -0.156459345590     -0.486025595139   -115.586160633845
 MP2-F12/3*C(FIX)                      -0.327367428011     -0.156177601770     -0.483545029780   -115.583680068487
 MP2-F12/3C(FIX)                       -0.327307430094     -0.156313872041     -0.483621302135   -115.583756340841

 SCS-MP2 energies (F_SING= 1.20000  F_TRIP= 0.62222  F_PARALLEL= 0.33333):
 =========================================================================
 SCS-MP2                               -0.444265816092   -115.544400854799
 SCS-MP2-F12/3*C(DX,FIX)               -0.492831981159   -115.592967019866
 SCS-MP2-F12/3*C(FIX)                  -0.490018088047   -115.590153126753
 SCS-MP2-F12/3C(FIX)                   -0.490030880938   -115.590165919644


  Reference energy                   -115.098781398501
  F12 singles correction               -0.001353640205

 F12 singles corrections added to reference energy

  New reference energy               -115.100135038706

  F12/3C(F) singlet correction         -0.036028655765
  F12/3C(F) triplet correction         -0.004067160955
  F12/3C(F) total correction           -0.040095816720
  MP2-F12/3C(F) singlet pair energy    -0.327307430094
  MP2-F12/3C(F) triplet pair energy    -0.156313872041
  MP2-F12/3C(F) correlation energy     -0.483621302135

 !MP2-F12/3C(F) total energy         -115.583756340841


 **********************************************************************************************************************************
 DATASETS  * FILE   NREC   LENGTH (MB)   RECORD NAMES
              1      20      560.63       500      610      700      900      950      970     1000      129      960     1100   
                                          VAR    BASINP    GEOM    SYMINP    ZMAT    AOBASIS   BASIS     P2S    ABASIS      S 
                                         1400     1410     1200     1210     1080     1600     1650     1300     1700     1380   
                                           T        V       H0       H01     AOSYM     SMH    MOLCAS    ERIS     OPER     JKOP   

              2       7        4.13       700     1000      520     2100     7360     7350     7000   
                                         GEOM     BASIS   MCVARS     RHF    F12ABS    EF12   

 PROGRAMS   *        TOTAL   MP2-F12    HF-SCF       INT
 CPU TIMES  *        25.74      8.15      8.18      9.20
 REAL TIME  *       104.82 SEC
 DISK USED  *         2.13 GB
 **********************************************************************************************************************************


 PROGRAM * CCSD (Closed-shell coupled cluster)     Authors: C. Hampel, H.-J. Werner, 1991, M. Deegan, P.J. Knowles, 1992

                                  CCSD-F12 implementation by  H.-J. Werner, 2007

                   Density fitting integral evaluation by F.R. Manby, 2003,2007, G. Knizia, 2010



 Convergence thresholds:  THRVAR = 1.00D-08  THRDEN = 1.00D-06

 CCSD(T)     terms to be evaluated (factor= 1.000)


 Number of core orbitals:           2 (   2 )
 Number of closed-shell orbitals:   7 (   7 )
 Number of external orbitals:     169 ( 169 )

 Molecular orbitals read from record     2100.2  Type=RHF/CANONICAL (state 1.1)

 MP2-F12 correlation treatment (H.-J. Werner, 2006)
 ==================================================

 Using MP2-F12 with ansatz 3C(FIX)

 Using projected zeroth-order Hamiltonian (+Z)

 FOCKRIB=T FOCKRIC=T FOCKRIP=T CABSP=T CABSA=T CABSK=T CABSF=T GBC=F EBC=F DMAT=T NOFIK=T NOPAO=1 SOLVE=-1  USEPAO=0
 EXCH_A= T EXCH_B= F EXCH_C= F EXCH_P= F

 Geminal basis:    OPTFULL  GEM_TYPE=SLATER  BETA=1.0  NGEM=6

 Optimizing Gaussian exponents for each gem_beta

 Geminal optimization for beta= 1.0000
 Weight function:   m=0, omega= 1.4646

 Augmented Hessian optimization of geminal fit. Trust ratio= 0.40000
 Convergence reached after   2 iterations. Final gradient= 8.66D-16, Step= 4.23D-06, Delta= 1.28D-09

 Alpha:                 0.19532     0.81920     2.85917     9.50073    35.69989   197.79328
 Coeff:                 0.27070     0.30552     0.18297     0.10986     0.06810     0.04224


 All pairs explicitly correlated. Number of r12-pairs:           28

 Excluding core orbitals from MO domains

 AO(A)-basis ORBITAL           loaded. Number of functions:     178
 RI(R)-basis CC-PVTZ-F12/OPTRI loaded. Number of functions:     314
 DF-basis AUG-CC-PVTZ/JKFIT    loaded. Number of functions:     392

 Screening thresholds:   THRAO=  1.00D-10  THRMO=  1.00D-09  THRPROD=  1.00D-09
                         THRSW=  1.00D-05  THROV=  1.00D-12  THRAOF12= 1.00D-08

 CPU time for Fock operators                      1.53 sec

 Construction of ABS:
 Smallest eigenvalue of S          4.36E-04  (threshold= 1.00E-08)
 Ratio eigmin/eigmax               5.56E-05  (threshold= 1.00E-09)
 Smallest eigenvalue of S kept     4.36E-04  (threshold= 4.36E-04, 0 functions deleted, 314 kept)

 Construction of CABS:
 Smallest eigenvalue of S          7.26E-07  (threshold= 1.00E-08)
 Ratio eigmin/eigmax               7.26E-07  (threshold= 1.00E-09)
 Smallest eigenvalue of S kept     7.26E-07  (threshold= 7.26E-07, 0 functions deleted, 314 kept)

 CPU time for CABS singles                        0.04 sec

 CABS-singles contribution of  -0.00135364 patched into reference energy.
 New reference energy        -115.10013504

 AO(A)-basis ORBITAL           loaded. Number of functions:     178
 RI(R)-basis CC-PVTZ-F12/OPTRI loaded. Number of functions:     314
 DF-basis AUG-CC-PVTZ/MP2FIT   loaded. Number of functions:     396

 Screening thresholds:   THRAO=  1.00D-10  THRMO=  1.00D-09  THRPROD=  1.00D-09
                         THRSW=  1.00D-05  THROV=  1.00D-12  THRAOF12= 1.00D-08

 CPU time for 3-index integral evaluation         3.45 sec
 CPU time for first  half transformation          0.24 sec (10287.7 MFLOP/sec)
 CPU time for second half transformation          0.01 sec ( 6217.0 MFLOP/sec)
 CPU time for sorting                             0.03 sec
 CPU time for fitting                             0.02 sec (56971.3 MFLOP/sec)
 CPU time for tilde quantities                    0.02 sec (75522.6 MFLOP/sec)
 CPU time for assembly                            0.21 sec (58826.6 MFLOP/sec)
 CPU time for tranop_f12                          0.29 sec (54690.4 MFLOP/sec)
 CPU time for f12 integrals (total)               4.66 sec, Elapsed time:      5.24 sec
 CPU time for f12 matrices (total)                0.11 sec, Elapsed time:      0.14 sec

 Diagonal F12 approximation with fixed coefficients:  TSING= 0.500,  TTRIP= 0.250 (scaled by -1/beta)

 DF-MP2-F12 energy corrections:
 ==============================
 Approx.                                    Singlet             Triplet             Total
 DF-MP2-F12/3*C(DX,FIX)                -0.038287475220     -0.004212634504     -0.042500109724
 DF-MP2-F12/3*C(FIX)                   -0.036088653682     -0.003930890684     -0.040019544365
 DF-MP2-F12/3C(FIX)                    -0.036031356297     -0.004065864450     -0.040097220747

 DF-MP2-F12 correlation energies:
 ================================
 Approx.                                    Singlet             Triplet             Ecorr            Total Energy
 DF-MP2                                -0.291095459639     -0.152363624906     -0.443459084545   -115.543594123252
 DF-MP2-F12/3*C(DX,FIX)                -0.329382934859     -0.156576259410     -0.485959194269   -115.586094232976
 DF-MP2-F12/3*C(FIX)                   -0.327184113321     -0.156294515590     -0.483478628911   -115.583613667617
 DF-MP2-F12/3C(FIX)                    -0.327126815936     -0.156429489356     -0.483556305292   -115.583691343998

 SCS-DF-MP2 energies (F_SING= 1.20000  F_TRIP= 0.62222  F_PARALLEL= 0.33333):
 ============================================================================
 SCS-DF-MP2                            -0.444118584842   -115.544253623548
 SCS-DF-MP2-F12/3*C(DX,FIX)            -0.492684749908   -115.592819788615
 SCS-DF-MP2-F12/3*C(FIX)               -0.489870856796   -115.590005895503
 SCS-DF-MP2-F12/3C(FIX)                -0.489886083611   -115.590021122318
 Symmetry transformation completed.

 Number of N-1 electron functions:               7
 Number of N-2 electron functions:              28
 Number of singly external CSFs:              1183
 Number of doubly external CSFs:            700336
 Total number of CSFs:                      701520

 Length of J-op  integral file:             105.23 MB
 Length of K-op  integral file:             138.67 MB
 Length of 3-ext integral record:             0.00 MB

 Memory could be reduced to 48.01 Mwords without degradation in triples

 Integral transformation finished. Total CPU:   3.27 sec, npass=  1  Memory used:  24.86 MW

 Reference energy:                   -115.10013504

 Adding F12 terms to K(Cij), methodcc=6,  factor= 1.0

 ITER.      SQ.NORM     CORR.ENERGY   TOTAL ENERGY   ENERGY CHANGE        DEN1      VAR(S)    VAR(P)  DIIS     TIME  TIME/IT
   1      1.11762304    -0.45285828  -115.55299332    -0.00933279     0.00166850  0.15D-02  0.19D-02  1  1    12.55     3.78
   2      1.12503263    -0.45322011  -115.55335515    -0.00036183    -0.00904639  0.24D-04  0.23D-03  2  2    15.46     3.87
   3      1.12776213    -0.45339753  -115.55353256    -0.00017742    -0.00186511  0.15D-04  0.13D-04  3  3    18.32     3.78
   4      1.12870936    -0.45341541  -115.55355044    -0.00001788    -0.00060017  0.86D-06  0.12D-05  4  4    21.18     4.51
   5      1.12886490    -0.45341696  -115.55355200    -0.00000156    -0.00003791  0.23D-06  0.10D-06  5  5    24.07     4.27
   6      1.12890748    -0.45341461  -115.55354965     0.00000235    -0.00000422  0.36D-07  0.96D-08  6  6    26.99     4.24
   7      1.12891860    -0.45341373  -115.55354877     0.00000087    -0.00000298  0.39D-08  0.14D-08  6  1    29.82     4.06
   8      1.12892040    -0.45341379  -115.55354883    -0.00000006     0.00000033  0.67D-09  0.20D-09  6  3    32.62     3.93

 Norm of t1 vector:      0.05000707      S-energy:     0.00000010      T1 diagnostic:  0.00945045
                                                                       D1 diagnostic:  0.02003528

 Adding energy correction from Wij-K(Fij), methodcc=6  factor= 1.0

  CCSD correlation energy              -0.453413794461
  MP2-F12 correction (uncoupled)       -0.038545558625
  C*T doubles correction               -0.001164887097
  f12b correction                       0.007098772793


 Total CPU time for triples:     35.48 sec


 RESULTS
 =======

  Reference energy                   -115.098781398501
  F12 singles correction               -0.001353640205

 F12 singles corrections added to reference energy

  New reference energy               -115.100135038706

  F12a singlet correction              -0.035791875854
  F12a triplet correction              -0.003918569868
  F12a total correction                -0.039710445722

 F12a corrections for ansatz F12/3C(FIX) added to CCSD energy

  CCSD-F12a singlet pair energy        -0.351209387279
  CCSD-F12a triplet pair energy        -0.141914956122
  CCSD-F12a correlation energy         -0.493124240183

  Triples (T) contribution             -0.016014522829
  Total correlation energy             -0.509138763012

  CCSD-F12a total energy             -115.593259278889
  CCSD[T]-F12a energy                -115.609826896056
  CCSD-T-F12a energy                 -115.609030069661
 !CCSD(T)-F12a total energy          -115.609273801718

 F12b corrections for ansatz F12/3C(FIX) added to CCSD(T)-F12a energy

  CCSD-F12b singlet pair energy        -0.344572695131
  CCSD-F12b triplet pair energy        -0.141452875478
  CCSD-F12b correlation energy         -0.486025467390

  Triples (T) contribution             -0.016014522829
  Total correlation energy             -0.502039990219

  CCSD-F12b total energy             -115.586160506096
  CCSD[T]-F12b energy                -115.602728123264
  CCSD-T-F12b energy                 -115.601931296869
 !CCSD(T)-F12b total energy          -115.602175028925

 Timing summary (sec):

 STEP                 CPU(USER)    SYS     CPU(TOT)    WALL
 Transformation          3.31      0.94      4.25      7.61
 CCSD iterations        22.90      5.40     28.30     31.65
 Triples                35.48      1.04     36.52     37.12
 MP2-F12                 6.43      0.48      6.91      7.18
 F12b energy             2.26      0.12      2.38      2.45

 Program statistics:

 Available memory in ccsd:               499999646
 Min. memory needed in ccsd:               2228017
 Max. memory used in ccsd:                 2807120
 Max. memory used in cckext:               2027429 ( 9 integral passes)



 **********************************************************************************************************************************
 DATASETS  * FILE   NREC   LENGTH (MB)   RECORD NAMES
              1      20      696.59       500      610      700      900      950      970     1000      129      960     1100   
                                          VAR    BASINP    GEOM    SYMINP    ZMAT    AOBASIS   BASIS     P2S    ABASIS      S 
                                         1400     1410     1200     1210     1080     1600     1650     1300     1700     1380   
                                           T        V       H0       H01     AOSYM     SMH    MOLCAS    ERIS     OPER     JKOP   

              2       7        4.13       700     1000      520     2100     7360     7350     7000   
                                         GEOM     BASIS   MCVARS     RHF    F12ABS    EF12   

 PROGRAMS   *        TOTAL   CCSD(T)   MP2-F12    HF-SCF       INT
 CPU TIMES  *        96.15     70.41      8.15      8.18      9.20
 REAL TIME  *       190.99 SEC
 DISK USED  *         2.13 GB
 **********************************************************************************************************************************
 SETTING XXX            =    "MMM"
 SETTING POINT          =       113.00000000                                  

 *** ### CH3OH


 XXX       RCO          ROH          RCH1         RCH2         RCH3           ACOH           AOCH1          AOCH2          AOCH3         AHH1           AHH2           AHH3            ENERGY        POINT
 "MMM"   1.42077677   0.96013932   1.09172701   1.08440092   1.09170764   108.12930637   111.64777884   107.18746901   111.65657359   61.83364279   180.40000000   298.96635721   -115.60927380   113.0000
                                                  

 CCSD(T)-F12/cc-pVTZ-F12 energy=   -115.602175028925

     CCSD(T)-F12         MP2-F12          HF-SCF
   -115.60217503   -115.58375634   -115.09878140
 **********************************************************************************************************************************
 Molpro calculation terminated
