
 Primary working directories    : /tmpdir/job/2955684.undefined/molpro.SwYMW8SqLT
 Secondary working directories  : /tmpdir/job/2955684.undefined/molpro.SwYMW8SqLT
 Wavefunction directory         : /home/zcaposm/wfu/
 Main file repository           : /tmpdir/job/2955684.undefined/molpro.SwYMW8SqLT/

 id        : uclcc

 Nodes                         nprocs
 node-d00a-228.myriad.ucl.ac.uk    1

 Using customized tuning parameters: mindgm=1; mindgv=20; mindgc=4; mindgr=1; noblas=0; minvec=7
 default implementation of scratch files=df  


 Variables initialized (945), CPU time= 0.00 sec
 ***,Methanol Ground State Energy with CCSD(T)-F12 and cc-pVTZ-F12
 memory,500,m;
 
 geometry={angstrom
 c
 o , 1, rco
 h , 2, roh, 1, acoh
 h1, 1, rch1, 2, aoch1  3  ahh1
 h2, 1, rch2, 2, aoch2, 3, ahh2
 h3, 1, rch3, 2, aoch3, 3, ahh3
 }
 
                                                ! Specify the initial values of the internal coordinates (in Angstroms and degrees)
 
 rco= 1.42077677
 roh= 0.96013932
 rch1= 1.091724670812445
 rch2= 1.084400826769796
 rch3= 1.0917101417065382
 acoh= 108.12930637
 aoch1= 111.64889533960277
 aoch2= 107.18741203454223
 aoch3= 111.65549122364948
 ahh1=61.73364279
 ahh2=180.3
 ahh3=298.86635721
 
                                                                                 ! Use the cc-pVTZ-F12 basis set
 basis=cc-pVTZ-F12
 
 hf
 
                                                                                 ! Use explicitly correlated F12 methods
                                                                            ! First, MP2-F12 (useful for initial electronic energy)
 {mp2-f12}
 
                                                                        ! If desired, perform CCSD(T)-F12 for more accurate results
 {ccsd(t)-f12}
 
                                                                                 ! Output the energy
 xxx = "mmm"
 point = 112
 text ### CH3OH
 table,xxx,rco,roh,rch1,rch2,rch3,acoh,aoch1,aoch2,aoch3,ahh1,ahh2,ahh3,energy,point
 DIGITS, 0, 8, 8, 8, 8, 8, 8, 8, 8, 8,  8,  8,  8, 8, 4
 save,CH3OH_MEP_MP2_112.dat,new
 
 Commands  initialized (802), CPU time= 0.01 sec, 659 directives.
 Default parameters read. Elapsed time= 0.10 sec

 Checking input...
 Passed
1


                                         ***  PROGRAM SYSTEM MOLPRO  ***
                                       Copyright, TTI GmbH Stuttgart, 2015
                                    Version 2020.1 linked Oct  6 2020 12:04:11


 **********************************************************************************************************************************
 LABEL *   Methanol Ground State Energy with CCSD(T)-F12 and cc-pVTZ-F12                 
  64 bit serial version                                                                  DATE: 08-Oct-24          TIME: 17:35:13  
 **********************************************************************************************************************************

 SHA1:             8c27446f6450a7499e38f603e13c65f775101d37
 **********************************************************************************************************************************

 Memory per process:       500 MW
 Total memory per node:    500 MW

 GA preallocation disabled
 GA check disabled

 Variable memory set to 500.0 MW

 SETTING RCO            =         1.42077677                                  
 SETTING ROH            =         0.96013932                                  
 SETTING RCH1           =         1.09172467                                  
 SETTING RCH2           =         1.08440083                                  
 SETTING RCH3           =         1.09171014                                  
 SETTING ACOH           =       108.12930637                                  
 SETTING AOCH1          =       111.64889534                                  
 SETTING AOCH2          =       107.18741203                                  
 SETTING AOCH3          =       111.65549122                                  
 SETTING AHH1           =        61.73364279                                  
 SETTING AHH2           =       180.30000000                                  
 SETTING AHH3           =       298.86635721                                  
 SETTING BASIS          =    CC-PVTZ-F12


 Recomputing integrals since basis changed


 Using spherical harmonics

 Library entry C      S cc-pVTZ-F12          selected for orbital group  1
 Library entry C      P cc-pVTZ-F12          selected for orbital group  1
 Library entry C      D cc-pVTZ-F12          selected for orbital group  1
 Library entry C      F cc-pVTZ-F12          selected for orbital group  1
 Library entry O      S cc-pVTZ-F12          selected for orbital group  2
 Library entry O      P cc-pVTZ-F12          selected for orbital group  2
 Library entry O      D cc-pVTZ-F12          selected for orbital group  2
 Library entry O      F cc-pVTZ-F12          selected for orbital group  2
 Library entry H      S cc-pVTZ-F12          selected for orbital group  3
 Library entry H      P cc-pVTZ-F12          selected for orbital group  3
 Library entry H      D cc-pVTZ-F12          selected for orbital group  3


 PROGRAM * SEWARD (Integral evaluation for generally contracted gaussian basis sets)     Author: Roland Lindh, 1990

 Geometry written to block  1 of record 700

 Orientation using atomic masses  
 Molecule type: Asymmetric top
 Rotational constants:      23.9585526     24.8081644    128.7815260 GHz  (calculated with average atomic masses)

 Point group  C1  



 ATOMIC COORDINATES

 NR  ATOM    CHARGE       X              Y              Z

   1  C       6.00    0.000021045    0.025184837   -1.376591929
   2  O       8.00   -0.000009799   -0.122050236    1.304246926
   3  H       1.00    0.000396312    1.568722097    1.962530606
   4  H1      1.00    1.689127948    0.973241355   -2.086750979
   5  H2      1.00   -0.010690926   -1.896342079   -2.088578246
   6  H3      1.00   -1.678928574    0.991614447   -2.085991583

 Bond lengths in Bohr (Angstrom)

 1-2  2.684878979  1-4  2.063060631  1-5  2.049220572  1-6  2.063033175  2-3  1.814400356
     ( 1.420776770)     ( 1.091724671)     ( 1.084400827)     ( 1.091710142)     ( 0.960139320)

 Bond angles

  1-2-3  108.12930637   2-1-4  111.64889534   2-1-5  107.18741203   2-1-6  111.65549122

  4-1-5  108.39610747   4-1-6  109.43107571   5-1-6  108.39302676

 NUCLEAR CHARGE:                   18
 NUMBER OF PRIMITIVE AOS:         228
 NUMBER OF SYMMETRY AOS:          206
 NUMBER OF CONTRACTIONS:          178   (  178A   )
 NUMBER OF INNER CORE ORBITALS:     0   (    0A   )
 NUMBER OF OUTER CORE ORBITALS:     2   (    2A   )
 NUMBER OF VALENCE ORBITALS:       12   (   12A   )


 NUCLEAR REPULSION ENERGY   40.34553029

 Eigenvalues of metric

         1 0.879E-04 0.183E-03 0.309E-03 0.323E-03 0.460E-03 0.493E-03 0.560E-03 0.570E-03


 Contracted 2-electron integrals neglected if value below      1.0D-11
 AO integral compression algorithm  1   Integral accuracy      1.0D-11

     592.708 MB (compressed) written to integral file ( 49.7%)


 NUMBER OF SORTED TWO-ELECTRON INTEGRALS:  126906346.     BUFFER LENGTH:  32768
 NUMBER OF SEGMENTS:   8  SEGMENT LENGTH:   15999503      RECORD LENGTH: 524288

 Memory used in sort:      16.56 MW

 SORT1 READ   149034713. AND WROTE   124519207. INTEGRALS IN    359 RECORDS. CPU TIME:     2.17 SEC, REAL TIME:    25.52 SEC
 SORT2 READ   124519207. AND WROTE   126906346. INTEGRALS IN   2261 RECORDS. CPU TIME:     1.96 SEC, REAL TIME:    54.84 SEC

 FILE SIZES:   FILE 1:   623.9 MBYTE,  FILE 4:  1505.8 MBYTE,   TOTAL:   2129.7 MBYTE

 OPERATOR DM      FOR CENTER  0  COORDINATES:    0.000000    0.000000    0.000000


 **********************************************************************************************************************************
 DATASETS  * FILE   NREC   LENGTH (MB)   RECORD NAMES
              1      19      547.66       500      610      700      900      950      970     1000      129      960     1100   
                                          VAR    BASINP    GEOM    SYMINP    ZMAT    AOBASIS   BASIS     P2S    ABASIS      S 
                                         1400     1410     1200     1210     1080     1600     1650     1300     1700   
                                           T        V       H0       H01     AOSYM     SMH    MOLCAS    ERIS     OPER   

 PROGRAMS   *        TOTAL       INT
 CPU TIMES  *         9.17      9.04
 REAL TIME  *        95.96 SEC
 DISK USED  *         2.13 GB
 **********************************************************************************************************************************


 PROGRAM * RHF-SCF (CLOSED SHELL)       Authors: W. Meyer, H.-J. Werner


 NUMBER OF ELECTRONS:       9+    9-    SPACE SYMMETRY=1    SPIN SYMMETRY: Singlet 
 CONVERGENCE THRESHOLDS:    1.00E-05 (Density)    1.00E-07 (Energy)
 MAX. NUMBER OF ITERATIONS:       60
 INTERPOLATION TYPE:            DIIS
 INTERPOLATION STEPS:              2 (START)      1 (STEP)
 LEVEL SHIFTS:                  0.00 (CLOSED)  0.00 (OPEN) 



 Orbital guess generated from atomic densities. Full valence occupancy:   14

 Molecular orbital dump at record        2100.2

 Initial occupancy:   9

 ITERATION    DDIFF          GRAD             ENERGY        2-EL.EN.            DIPOLE MOMENTS         DIIS   ORB.
    1      0.000D+00      0.000D+00      -115.06237626    164.484217   -0.00000    0.90424   -0.47795    0    start
    2      0.000D+00      0.506D-02      -115.09072752    161.902327   -0.00010    0.49651   -0.30366    1    diag
    3      0.480D-02      0.277D-02      -115.09821309    163.165426   -0.00005    0.59986   -0.39688    2    diag
    4      0.163D-02      0.546D-03      -115.09874544    162.988864   -0.00005    0.59475   -0.39232    3    diag
    5      0.436D-03      0.110D-03      -115.09877984    163.000337   -0.00005    0.59078   -0.39714    4    diag
    6      0.121D-03      0.205D-04      -115.09878140    162.998115   -0.00005    0.59092   -0.39793    5    diag
    7      0.349D-04      0.434D-05      -115.09878148    162.997732   -0.00005    0.59074   -0.39820    6    diag
    8      0.877D-05      0.114D-05      -115.09878148    162.998077   -0.00005    0.59073   -0.39822    0    orth

 Final occupancy:   9

 !RHF STATE  1.1 Energy              -115.098781479926
 Nuclear energy                        40.34553029
 One-electron energy                 -236.94335044
 Two-electron energy                   81.49903867
 Virial quotient                       -1.00101603
 !RHF STATE  1.1 Dipole moment         -0.00005305     0.59073041    -0.39821782
 Dipole moment /Debye                  -0.00013483     1.50138859    -1.01210245

 Orbital energies:

         1.1          2.1          3.1          4.1          5.1          6.1          7.1          8.1          9.1         10.1
    -20.556343   -11.269759    -1.356925    -0.926369    -0.690809    -0.621560    -0.594388    -0.504326    -0.452159     0.054650

        11.1
      0.065009


 HOMO      9.1    -0.452159 =     -12.3039eV
 LUMO     10.1     0.054650 =       1.4871eV
 LUMO-HOMO         0.506809 =      13.7910eV


 **********************************************************************************************************************************
 DATASETS  * FILE   NREC   LENGTH (MB)   RECORD NAMES
              1      19      547.66       500      610      700      900      950      970     1000      129      960     1100   
                                          VAR    BASINP    GEOM    SYMINP    ZMAT    AOBASIS   BASIS     P2S    ABASIS      S 
                                         1400     1410     1200     1210     1080     1600     1650     1300     1700   
                                           T        V       H0       H01     AOSYM     SMH    MOLCAS    ERIS     OPER   

              2       4        3.48       700     1000      520     2100   
                                         GEOM     BASIS   MCVARS     RHF  

 PROGRAMS   *        TOTAL    HF-SCF       INT
 CPU TIMES  *        17.71      8.54      9.04
 REAL TIME  *       109.64 SEC
 DISK USED  *         2.13 GB
 **********************************************************************************************************************************


 PROGRAM * MP2 (Closed-shell)     Authors: C. Hampel, H.-J. Werner, 1991, M. Deegan, P.J. Knowles, 1992

                                   MP2-F12 implementation by H.-J. Werner, 2007

                   Density fitting integral evaluation by F.R. Manby, 2003,2007, G. Knizia, 2010


 Basis set AUG-CC-PVTZ/JKFIT generated.  Number of basis functions:   392 
 Basis set CC-PVTZ-F12/OPTRI generated.  Number of basis functions:   314 
 Basis set AUG-CC-PVTZ/MP2FIT generated. Number of basis functions:   396 

 Convergence thresholds:  THRVAR = 1.00D-08  THRDEN = 1.00D-06

 Number of core orbitals:           2 (   2 )
 Number of closed-shell orbitals:   7 (   7 )
 Number of external orbitals:     169 ( 169 )

 Molecular orbitals read from record     2100.2  Type=RHF/CANONICAL (state 1.1)

 MP2-F12 correlation treatment (H.-J. Werner, 2006)
 ==================================================

 Using MP2-F12 with ansatz 3C(FIX)

 Using projected zeroth-order Hamiltonian (+Z)

 FOCKRIB=T FOCKRIC=T FOCKRIP=T CABSP=T CABSA=T CABSK=T CABSF=T GBC=F EBC=F DMAT=T NOFIK=T NOPAO=1 SOLVE=-1  USEPAO=0
 EXCH_A= T EXCH_B= F EXCH_C= F EXCH_P= F

 Geminal basis:    OPTFULL  GEM_TYPE=SLATER  BETA=1.0  NGEM=6

 Optimizing Gaussian exponents for each gem_beta

 Geminal optimization for beta= 1.0000
 Weight function:   m=0, omega= 1.4646

 Augmented Hessian optimization of geminal fit. Trust ratio= 0.40000
 Convergence reached after   2 iterations. Final gradient= 8.66D-16, Step= 4.23D-06, Delta= 1.28D-09

 Alpha:                 0.19532     0.81920     2.85917     9.50073    35.69989   197.79328
 Coeff:                 0.27070     0.30552     0.18297     0.10986     0.06810     0.04224


 All pairs explicitly correlated. Number of r12-pairs:           28

 Excluding core orbitals from MO domains

 AO(A)-basis ORBITAL           loaded. Number of functions:     178
 RI(R)-basis CC-PVTZ-F12/OPTRI loaded. Number of functions:     314
 DF-basis AUG-CC-PVTZ/JKFIT    loaded. Number of functions:     392

 Screening thresholds:   THRAO=  1.00D-10  THRMO=  1.00D-09  THRPROD=  1.00D-09
                         THRSW=  1.00D-05  THROV=  1.00D-12  THRAOF12= 1.00D-08

 CPU time for Fock operators                      1.52 sec

 Construction of ABS:
 Smallest eigenvalue of S          4.36E-04  (threshold= 1.00E-08)
 Ratio eigmin/eigmax               5.56E-05  (threshold= 1.00E-09)
 Smallest eigenvalue of S kept     4.36E-04  (threshold= 4.36E-04, 0 functions deleted, 314 kept)

 Construction of CABS:
 Smallest eigenvalue of S          7.26E-07  (threshold= 1.00E-08)
 Ratio eigmin/eigmax               7.26E-07  (threshold= 1.00E-09)
 Smallest eigenvalue of S kept     7.26E-07  (threshold= 7.26E-07, 0 functions deleted, 314 kept)

 CPU time for CABS singles                        0.04 sec

 CABS-singles contribution of  -0.00135364 patched into reference energy.
 New reference energy        -115.10013512

 AO(A)-basis ORBITAL           loaded. Number of functions:     178
 RI(R)-basis CC-PVTZ-F12/OPTRI loaded. Number of functions:     314
 DF-basis AUG-CC-PVTZ/MP2FIT   loaded. Number of functions:     396

 Screening thresholds:   THRAO=  1.00D-10  THRMO=  1.00D-09  THRPROD=  1.00D-09
                         THRSW=  1.00D-05  THROV=  1.00D-12  THRAOF12= 1.00D-08

 CPU time for 3-index integral evaluation         3.50 sec
 CPU time for first  half transformation          0.28 sec ( 8818.0 MFLOP/sec)
 CPU time for second half transformation          0.02 sec ( 3108.5 MFLOP/sec)
 CPU time for fitting                             0.03 sec (37980.8 MFLOP/sec)
 CPU time for tilde quantities                    0.03 sec (50348.4 MFLOP/sec)
 CPU time for assembly                            0.20 sec (61768.0 MFLOP/sec)
 CPU time for tranop_f12                          0.25 sec (63440.9 MFLOP/sec)
 CPU time for f12 integrals (total)               4.74 sec, Elapsed time:      6.02 sec
 CPU time for f12 matrices (total)                0.10 sec, Elapsed time:      0.21 sec

 Diagonal F12 approximation with fixed coefficients:  TSING= 0.500,  TTRIP= 0.250 (scaled by -1/beta)

 DF-MP2-F12 energy corrections:
 ==============================
 Approx.                                    Singlet             Triplet             Total
 DF-MP2-F12/3*C(DX,FIX)                -0.038287474226     -0.004212634226     -0.042500108453
 DF-MP2-F12/3*C(FIX)                   -0.036088652789     -0.003930890386     -0.040019543175
 DF-MP2-F12/3C(FIX)                    -0.036031355404     -0.004065864171     -0.040097219575

 DF-MP2-F12 correlation energies:
 ================================
 Approx.                                    Singlet             Triplet             Ecorr            Total Energy
 DF-MP2                                -0.291095458864     -0.152363622106     -0.443459080970   -115.543594201364
 DF-MP2-F12/3*C(DX,FIX)                -0.329382933090     -0.156576256332     -0.485959189422   -115.586094309816
 DF-MP2-F12/3*C(FIX)                   -0.327184111652     -0.156294512492     -0.483478624145   -115.583613744538
 DF-MP2-F12/3C(FIX)                    -0.327126814267     -0.156429486277     -0.483556300544   -115.583691420938

 SCS-DF-MP2 energies (F_SING= 1.20000  F_TRIP= 0.62222  F_PARALLEL= 0.33333):
 ============================================================================
 SCS-DF-MP2                            -0.444118582169   -115.544253702563
 SCS-DF-MP2-F12/3*C(DX,FIX)            -0.492684745870   -115.592819866264
 SCS-DF-MP2-F12/3*C(FIX)               -0.489870852867   -115.590005973261
 SCS-DF-MP2-F12/3C(FIX)                -0.489886079693   -115.590021200087
 Symmetry transformation completed.

 Number of N-1 electron functions:               7
 Number of N-2 electron functions:              28
 Number of singly external CSFs:              1183
 Number of doubly external CSFs:            700336
 Total number of CSFs:                      701520

 Length of J-op  integral file:             104.98 MB
 Length of K-op  integral file:             138.67 MB

 Integral transformation finished. Total CPU:   1.41 sec, npass=  1  Memory used:   2.18 MW

 ITER.      SQ.NORM     CORR.ENERGY   TOTAL ENERGY   ENERGY CHANGE     VAR   MIC
   1      1.00000000    -0.44352548  -115.54366060    -0.44352548  0.00D+00   0
   2      1.11473552    -0.44352548  -115.54366060    -0.00000000  0.56D-16   0

 Solving MP2-F12 equations

   1      1.11469921    -0.48286465  -115.58299977    -0.03933917 -0.37D-04   0
   2      1.11469921    -0.48362130  -115.58375642    -0.00075664  0.13D-17   0
   3      1.11469921    -0.48362130  -115.58375642    -0.00000000  0.34D-19   0

 CPU TIME FOR ITERATIVE MP2:    0.10 SEC


 MP2-F12 energy corrections:
 ===========================
 Approx.                                    Singlet             Triplet             Total
 MP2-F12/3*C(DX,FIX)                   -0.038287474226     -0.004212634226     -0.042500108453
 MP2-F12/3*C(FIX)                      -0.036088652789     -0.003930890386     -0.040019543175
 MP2-F12/3C(FIX)                       -0.036028654903     -0.004067160659     -0.040095815562

 MP2-F12 correlation energies:
 =============================
 Approx.                                    Singlet             Triplet             Ecorr            Total Energy
 MP2                                   -0.291278773457     -0.152246708208     -0.443525481665   -115.543660602059
 MP2-F12/3*C(DX,FIX)                   -0.329566247683     -0.156459342435     -0.486025590118   -115.586160710512
 MP2-F12/3*C(FIX)                      -0.327367426246     -0.156177598595     -0.483545024840   -115.583680145234
 MP2-F12/3C(FIX)                       -0.327307428360     -0.156313868867     -0.483621297227   -115.583756417621

 SCS-MP2 energies (F_SING= 1.20000  F_TRIP= 0.62222  F_PARALLEL= 0.33333):
 =========================================================================
 SCS-MP2                               -0.444265813256   -115.544400933650
 SCS-MP2-F12/3*C(DX,FIX)               -0.492831976957   -115.592967097351
 SCS-MP2-F12/3*C(FIX)                  -0.490018083954   -115.590153204348
 SCS-MP2-F12/3C(FIX)                   -0.490030876883   -115.590165997277


  Reference energy                   -115.098781479926
  F12 singles correction               -0.001353640468

 F12 singles corrections added to reference energy

  New reference energy               -115.100135120394

  F12/3C(F) singlet correction         -0.036028654903
  F12/3C(F) triplet correction         -0.004067160659
  F12/3C(F) total correction           -0.040095815562
  MP2-F12/3C(F) singlet pair energy    -0.327307428360
  MP2-F12/3C(F) triplet pair energy    -0.156313868867
  MP2-F12/3C(F) correlation energy     -0.483621297227

 !MP2-F12/3C(F) total energy         -115.583756417621


 **********************************************************************************************************************************
 DATASETS  * FILE   NREC   LENGTH (MB)   RECORD NAMES
              1      20      558.84       500      610      700      900      950      970     1000      129      960     1100   
                                          VAR    BASINP    GEOM    SYMINP    ZMAT    AOBASIS   BASIS     P2S    ABASIS      S 
                                         1400     1410     1200     1210     1080     1600     1650     1300     1700     1380   
                                           T        V       H0       H01     AOSYM     SMH    MOLCAS    ERIS     OPER     JKOP   

              2       7        4.13       700     1000      520     2100     7360     7350     7000   
                                         GEOM     BASIS   MCVARS     RHF    F12ABS    EF12   

 PROGRAMS   *        TOTAL   MP2-F12    HF-SCF       INT
 CPU TIMES  *        25.85      8.13      8.54      9.04
 REAL TIME  *       120.41 SEC
 DISK USED  *         2.13 GB
 **********************************************************************************************************************************


 PROGRAM * CCSD (Closed-shell coupled cluster)     Authors: C. Hampel, H.-J. Werner, 1991, M. Deegan, P.J. Knowles, 1992

                                  CCSD-F12 implementation by  H.-J. Werner, 2007

                   Density fitting integral evaluation by F.R. Manby, 2003,2007, G. Knizia, 2010



 Convergence thresholds:  THRVAR = 1.00D-08  THRDEN = 1.00D-06

 CCSD(T)     terms to be evaluated (factor= 1.000)


 Number of core orbitals:           2 (   2 )
 Number of closed-shell orbitals:   7 (   7 )
 Number of external orbitals:     169 ( 169 )

 Molecular orbitals read from record     2100.2  Type=RHF/CANONICAL (state 1.1)

 MP2-F12 correlation treatment (H.-J. Werner, 2006)
 ==================================================

 Using MP2-F12 with ansatz 3C(FIX)

 Using projected zeroth-order Hamiltonian (+Z)

 FOCKRIB=T FOCKRIC=T FOCKRIP=T CABSP=T CABSA=T CABSK=T CABSF=T GBC=F EBC=F DMAT=T NOFIK=T NOPAO=1 SOLVE=-1  USEPAO=0
 EXCH_A= T EXCH_B= F EXCH_C= F EXCH_P= F

 Geminal basis:    OPTFULL  GEM_TYPE=SLATER  BETA=1.0  NGEM=6

 Optimizing Gaussian exponents for each gem_beta

 Geminal optimization for beta= 1.0000
 Weight function:   m=0, omega= 1.4646

 Augmented Hessian optimization of geminal fit. Trust ratio= 0.40000
 Convergence reached after   2 iterations. Final gradient= 8.66D-16, Step= 4.23D-06, Delta= 1.28D-09

 Alpha:                 0.19532     0.81920     2.85917     9.50073    35.69989   197.79328
 Coeff:                 0.27070     0.30552     0.18297     0.10986     0.06810     0.04224


 All pairs explicitly correlated. Number of r12-pairs:           28

 Excluding core orbitals from MO domains

 AO(A)-basis ORBITAL           loaded. Number of functions:     178
 RI(R)-basis CC-PVTZ-F12/OPTRI loaded. Number of functions:     314
 DF-basis AUG-CC-PVTZ/JKFIT    loaded. Number of functions:     392

 Screening thresholds:   THRAO=  1.00D-10  THRMO=  1.00D-09  THRPROD=  1.00D-09
                         THRSW=  1.00D-05  THROV=  1.00D-12  THRAOF12= 1.00D-08

 CPU time for Fock operators                      1.53 sec

 Construction of ABS:
 Smallest eigenvalue of S          4.36E-04  (threshold= 1.00E-08)
 Ratio eigmin/eigmax               5.56E-05  (threshold= 1.00E-09)
 Smallest eigenvalue of S kept     4.36E-04  (threshold= 4.36E-04, 0 functions deleted, 314 kept)

 Construction of CABS:
 Smallest eigenvalue of S          7.26E-07  (threshold= 1.00E-08)
 Ratio eigmin/eigmax               7.26E-07  (threshold= 1.00E-09)
 Smallest eigenvalue of S kept     7.26E-07  (threshold= 7.26E-07, 0 functions deleted, 314 kept)

 CPU time for CABS singles                        0.04 sec

 CABS-singles contribution of  -0.00135364 patched into reference energy.
 New reference energy        -115.10013512

 AO(A)-basis ORBITAL           loaded. Number of functions:     178
 RI(R)-basis CC-PVTZ-F12/OPTRI loaded. Number of functions:     314
 DF-basis AUG-CC-PVTZ/MP2FIT   loaded. Number of functions:     396

 Screening thresholds:   THRAO=  1.00D-10  THRMO=  1.00D-09  THRPROD=  1.00D-09
                         THRSW=  1.00D-05  THROV=  1.00D-12  THRAOF12= 1.00D-08

 CPU time for 3-index integral evaluation         3.50 sec
 CPU time for first  half transformation          0.21 sec (11757.4 MFLOP/sec)
 CPU time for second half transformation          0.02 sec ( 3108.5 MFLOP/sec)
 CPU time for sorting                             0.01 sec
 CPU time for fitting                             0.02 sec (56971.3 MFLOP/sec)
 CPU time for tilde quantities                    0.02 sec (75522.6 MFLOP/sec)
 CPU time for assembly                            0.21 sec (58826.6 MFLOP/sec)
 CPU time for tranop_f12                          0.30 sec (52867.4 MFLOP/sec)
 CPU time for f12 integrals (total)               4.73 sec, Elapsed time:      5.21 sec
 CPU time for f12 matrices (total)                0.11 sec, Elapsed time:      0.14 sec

 Diagonal F12 approximation with fixed coefficients:  TSING= 0.500,  TTRIP= 0.250 (scaled by -1/beta)

 DF-MP2-F12 energy corrections:
 ==============================
 Approx.                                    Singlet             Triplet             Total
 DF-MP2-F12/3*C(DX,FIX)                -0.038287474226     -0.004212634226     -0.042500108453
 DF-MP2-F12/3*C(FIX)                   -0.036088652789     -0.003930890386     -0.040019543175
 DF-MP2-F12/3C(FIX)                    -0.036031355404     -0.004065864171     -0.040097219575

 DF-MP2-F12 correlation energies:
 ================================
 Approx.                                    Singlet             Triplet             Ecorr            Total Energy
 DF-MP2                                -0.291095458864     -0.152363622106     -0.443459080970   -115.543594201364
 DF-MP2-F12/3*C(DX,FIX)                -0.329382933090     -0.156576256332     -0.485959189422   -115.586094309816
 DF-MP2-F12/3*C(FIX)                   -0.327184111652     -0.156294512492     -0.483478624145   -115.583613744538
 DF-MP2-F12/3C(FIX)                    -0.327126814267     -0.156429486277     -0.483556300544   -115.583691420938

 SCS-DF-MP2 energies (F_SING= 1.20000  F_TRIP= 0.62222  F_PARALLEL= 0.33333):
 ============================================================================
 SCS-DF-MP2                            -0.444118582169   -115.544253702563
 SCS-DF-MP2-F12/3*C(DX,FIX)            -0.492684745870   -115.592819866264
 SCS-DF-MP2-F12/3*C(FIX)               -0.489870852867   -115.590005973261
 SCS-DF-MP2-F12/3C(FIX)                -0.489886079693   -115.590021200087
 Symmetry transformation completed.

 Number of N-1 electron functions:               7
 Number of N-2 electron functions:              28
 Number of singly external CSFs:              1183
 Number of doubly external CSFs:            700336
 Total number of CSFs:                      701520

 Length of J-op  integral file:             105.23 MB
 Length of K-op  integral file:             138.67 MB
 Length of 3-ext integral record:             0.00 MB

 Memory could be reduced to 48.01 Mwords without degradation in triples

 Integral transformation finished. Total CPU:   3.24 sec, npass=  1  Memory used:  24.86 MW

 Reference energy:                   -115.10013512

 Adding F12 terms to K(Cij), methodcc=6,  factor= 1.0

 ITER.      SQ.NORM     CORR.ENERGY   TOTAL ENERGY   ENERGY CHANGE        DEN1      VAR(S)    VAR(P)  DIIS     TIME  TIME/IT
   1      1.11762304    -0.45285827  -115.55299340    -0.00933279     0.00166850  0.15D-02  0.19D-02  1  1    12.56     3.59
   2      1.12503263    -0.45322011  -115.55335523    -0.00036183    -0.00904639  0.24D-04  0.23D-03  2  2    15.40     3.72
   3      1.12776213    -0.45339752  -115.55353264    -0.00017742    -0.00186511  0.15D-04  0.13D-04  3  3    18.17     3.50
   4      1.12870936    -0.45341540  -115.55355052    -0.00001788    -0.00060017  0.86D-06  0.12D-05  4  4    21.01     3.49
   5      1.12886490    -0.45341696  -115.55355208    -0.00000156    -0.00003791  0.23D-06  0.10D-06  5  5    23.77     3.39
   6      1.12890747    -0.45341460  -115.55354972     0.00000235    -0.00000422  0.36D-07  0.96D-08  6  6    26.53     3.32
   7      1.12891860    -0.45341373  -115.55354885     0.00000087    -0.00000298  0.39D-08  0.14D-08  6  1    29.29     3.27
   8      1.12892040    -0.45341379  -115.55354891    -0.00000006     0.00000033  0.67D-09  0.20D-09  6  3    32.06     3.23

 Norm of t1 vector:      0.05000705      S-energy:     0.00000010      T1 diagnostic:  0.00945044
                                                                       D1 diagnostic:  0.02003525

 Adding energy correction from Wij-K(Fij), methodcc=6  factor= 1.0

  CCSD correlation energy              -0.453413790154
  MP2-F12 correction (uncoupled)       -0.038545557816
  C*T doubles correction               -0.001164886842
  f12b correction                       0.007098772679


 Total CPU time for triples:     35.58 sec


 RESULTS
 =======

  Reference energy                   -115.098781479926
  F12 singles correction               -0.001353640468

 F12 singles corrections added to reference energy

  New reference energy               -115.100135120394

  F12a singlet correction              -0.035791875072
  F12a triplet correction              -0.003918569586
  F12a total correction                -0.039710444658

 F12a corrections for ansatz F12/3C(FIX) added to CCSD energy

  CCSD-F12a singlet pair energy        -0.351209385811
  CCSD-F12a triplet pair energy        -0.141914952221
  CCSD-F12a correlation energy         -0.493124234811

  Triples (T) contribution             -0.016014522816
  Total correlation energy             -0.509138757627

  CCSD-F12a total energy             -115.593259355205
  CCSD[T]-F12a energy                -115.609826972232
  CCSD-T-F12a energy                 -115.609030145981
 !CCSD(T)-F12a total energy          -115.609273878021

 F12b corrections for ansatz F12/3C(FIX) added to CCSD(T)-F12a energy

  CCSD-F12b singlet pair energy        -0.344572693736
  CCSD-F12b triplet pair energy        -0.141452871616
  CCSD-F12b correlation energy         -0.486025462133

  Triples (T) contribution             -0.016014522816
  Total correlation energy             -0.502039984948

  CCSD-F12b total energy             -115.586160582527
  CCSD[T]-F12b energy                -115.602728199553
  CCSD-T-F12b energy                 -115.601931373302
 !CCSD(T)-F12b total energy          -115.602175105342

 Timing summary (sec):

 STEP                 CPU(USER)    SYS     CPU(TOT)    WALL
 Transformation          3.29      1.18      4.47      6.55
 CCSD iterations        22.29      1.99     24.28     25.97
 Triples                35.58      0.99     36.57     36.89
 MP2-F12                 6.49      0.46      6.95      7.11
 F12b energy             2.24      0.12      2.36      2.36

 Program statistics:

 Available memory in ccsd:               499999646
 Min. memory needed in ccsd:               2228017
 Max. memory used in ccsd:                 2807120
 Max. memory used in cckext:               2027429 ( 9 integral passes)



 **********************************************************************************************************************************
 DATASETS  * FILE   NREC   LENGTH (MB)   RECORD NAMES
              1      20      694.79       500      610      700      900      950      970     1000      129      960     1100   
                                          VAR    BASINP    GEOM    SYMINP    ZMAT    AOBASIS   BASIS     P2S    ABASIS      S 
                                         1400     1410     1200     1210     1080     1600     1650     1300     1700     1380   
                                           T        V       H0       H01     AOSYM     SMH    MOLCAS    ERIS     OPER     JKOP   

              2       7        4.13       700     1000      520     2100     7360     7350     7000   
                                         GEOM     BASIS   MCVARS     RHF    F12ABS    EF12   

 PROGRAMS   *        TOTAL   CCSD(T)   MP2-F12    HF-SCF       INT
 CPU TIMES  *        95.78     69.93      8.13      8.54      9.04
 REAL TIME  *       199.47 SEC
 DISK USED  *         2.13 GB
 **********************************************************************************************************************************
 SETTING XXX            =    "MMM"
 SETTING POINT          =       112.00000000                                  

 *** ### CH3OH


 XXX       RCO          ROH          RCH1         RCH2         RCH3           ACOH           AOCH1          AOCH2          AOCH3         AHH1           AHH2           AHH3            ENERGY        POINT
 "MMM"   1.42077677   0.96013932   1.09172467   1.08440083   1.09171014   108.12930637   111.64889534   107.18741203   111.65549122   61.73364279   180.30000000   298.86635721   -115.60927388   112.0000
                                                  

 CCSD(T)-F12/cc-pVTZ-F12 energy=   -115.602175105342

     CCSD(T)-F12         MP2-F12          HF-SCF
   -115.60217511   -115.58375642   -115.09878148
 **********************************************************************************************************************************
 Molpro calculation terminated
