
 Primary working directories    : /tmpdir/job/2955690.undefined/molpro.OIwU4iW7yh
 Secondary working directories  : /tmpdir/job/2955690.undefined/molpro.OIwU4iW7yh
 Wavefunction directory         : /home/zcaposm/wfu/
 Main file repository           : /tmpdir/job/2955690.undefined/molpro.OIwU4iW7yh/

 id        : uclcc

 Nodes                         nprocs
 node-d00a-109.myriad.ucl.ac.uk    1

 Using customized tuning parameters: mindgm=1; mindgv=20; mindgc=4; mindgr=1; noblas=0; minvec=7
 default implementation of scratch files=df  


 Variables initialized (945), CPU time= 0.01 sec
 ***,Methanol Ground State Energy with CCSD(T)-F12 and cc-pVTZ-F12
 memory,500,m;
 
 geometry={angstrom
 c
 o , 1, rco
 h , 2, roh, 1, acoh
 h1, 1, rch1, 2, aoch1  3  ahh1
 h2, 1, rch2, 2, aoch2, 3, ahh2
 h3, 1, rch3, 2, aoch3, 3, ahh3
 }
 
                                                ! Specify the initial values of the internal coordinates (in Angstroms and degrees)
 
 rco= 1.42077677
 roh= 0.96013932
 rch1= 1.0917383180021778
 rch2= 1.084401820250743
 rch3= 1.091694745165991
 acoh= 108.12930637
 aoch1= 111.64212109690375
 aoch2= 107.18799802367668
 aoch3= 111.66191427691341
 ahh1=62.33364279
 ahh2=180.9
 ahh3=299.46635720999996
 
                                                                                 ! Use the cc-pVTZ-F12 basis set
 basis=cc-pVTZ-F12
 
 hf
 
                                                                                 ! Use explicitly correlated F12 methods
                                                                            ! First, MP2-F12 (useful for initial electronic energy)
 {mp2-f12}
 
                                                                        ! If desired, perform CCSD(T)-F12 for more accurate results
 {ccsd(t)-f12}
 
                                                                                 ! Output the energy
 xxx = "mmm"
 point = 118
 text ### CH3OH
 table,xxx,rco,roh,rch1,rch2,rch3,acoh,aoch1,aoch2,aoch3,ahh1,ahh2,ahh3,energy,point
 DIGITS, 0, 8, 8, 8, 8, 8, 8, 8, 8, 8,  8,  8,  8, 8, 4
 save,CH3OH_MEP_MP2_118.dat,new
 
 Commands  initialized (802), CPU time= 0.00 sec, 659 directives.
 Default parameters read. Elapsed time= 0.09 sec

 Checking input...
 Passed
1


                                         ***  PROGRAM SYSTEM MOLPRO  ***
                                       Copyright, TTI GmbH Stuttgart, 2015
                                    Version 2020.1 linked Oct  6 2020 12:04:11


 **********************************************************************************************************************************
 LABEL *   Methanol Ground State Energy with CCSD(T)-F12 and cc-pVTZ-F12                 
  64 bit serial version                                                                  DATE: 08-Oct-24          TIME: 17:39:59  
 **********************************************************************************************************************************

 SHA1:             8c27446f6450a7499e38f603e13c65f775101d37
 **********************************************************************************************************************************

 Memory per process:       500 MW
 Total memory per node:    500 MW

 GA preallocation disabled
 GA check disabled

 Variable memory set to 500.0 MW

 SETTING RCO            =         1.42077677                                  
 SETTING ROH            =         0.96013932                                  
 SETTING RCH1           =         1.09173832                                  
 SETTING RCH2           =         1.08440182                                  
 SETTING RCH3           =         1.09169475                                  
 SETTING ACOH           =       108.12930637                                  
 SETTING AOCH1          =       111.64212110                                  
 SETTING AOCH2          =       107.18799802                                  
 SETTING AOCH3          =       111.66191428                                  
 SETTING AHH1           =        62.33364279                                  
 SETTING AHH2           =       180.90000000                                  
 SETTING AHH3           =       299.46635721                                  
 SETTING BASIS          =    CC-PVTZ-F12


 Recomputing integrals since basis changed


 Using spherical harmonics

 Library entry C      S cc-pVTZ-F12          selected for orbital group  1
 Library entry C      P cc-pVTZ-F12          selected for orbital group  1
 Library entry C      D cc-pVTZ-F12          selected for orbital group  1
 Library entry C      F cc-pVTZ-F12          selected for orbital group  1
 Library entry O      S cc-pVTZ-F12          selected for orbital group  2
 Library entry O      P cc-pVTZ-F12          selected for orbital group  2
 Library entry O      D cc-pVTZ-F12          selected for orbital group  2
 Library entry O      F cc-pVTZ-F12          selected for orbital group  2
 Library entry H      S cc-pVTZ-F12          selected for orbital group  3
 Library entry H      P cc-pVTZ-F12          selected for orbital group  3
 Library entry H      D cc-pVTZ-F12          selected for orbital group  3


 PROGRAM * SEWARD (Integral evaluation for generally contracted gaussian basis sets)     Author: Roland Lindh, 1990

 Geometry written to block  1 of record 700

 Orientation using atomic masses  
 Molecule type: Asymmetric top
 Rotational constants:      23.9585432     24.8081594    128.7816850 GHz  (calculated with average atomic masses)

 Point group  C1  



 ATOMIC COORDINATES

 NR  ATOM    CHARGE       X              Y              Z

   1  C       6.00    0.000063152    0.025185258   -1.376591700
   2  O       8.00   -0.000029429   -0.122051593    1.304247056
   3  H       1.00    0.001189004    1.568719907    1.962531874
   4  H1      1.00    1.699126734    0.954758166   -2.087508524
   5  H2      1.00   -0.032071520   -1.896101211   -2.088587706
   6  H3      1.00   -1.668529618    1.009875483   -2.085230650

 Bond lengths in Bohr (Angstrom)

 1-2  2.684878979  1-4  2.063086421  1-5  2.049222449  1-6  2.063004080  2-3  1.814400356
     ( 1.420776770)     ( 1.091738318)     ( 1.084401820)     ( 1.091694745)     ( 0.960139320)

 Bond angles

  1-2-3  108.12930637   2-1-4  111.64212110   2-1-5  107.18799802   2-1-6  111.66191428

  4-1-5  108.39897259   4-1-6  109.43127347   5-1-6  108.38972771

 NUCLEAR CHARGE:                   18
 NUMBER OF PRIMITIVE AOS:         228
 NUMBER OF SYMMETRY AOS:          206
 NUMBER OF CONTRACTIONS:          178   (  178A   )
 NUMBER OF INNER CORE ORBITALS:     0   (    0A   )
 NUMBER OF OUTER CORE ORBITALS:     2   (    2A   )
 NUMBER OF VALENCE ORBITALS:       12   (   12A   )


 NUCLEAR REPULSION ENERGY   40.34553161

 Eigenvalues of metric

         1 0.879E-04 0.183E-03 0.309E-03 0.323E-03 0.460E-03 0.493E-03 0.560E-03 0.570E-03


 Contracted 2-electron integrals neglected if value below      1.0D-11
 AO integral compression algorithm  1   Integral accuracy      1.0D-11

     600.048 MB (compressed) written to integral file ( 50.3%)


 NUMBER OF SORTED TWO-ELECTRON INTEGRALS:  126906346.     BUFFER LENGTH:  32768
 NUMBER OF SEGMENTS:   8  SEGMENT LENGTH:   15999503      RECORD LENGTH: 524288

 Memory used in sort:      16.56 MW

 SORT1 READ   149034713. AND WROTE   124667427. INTEGRALS IN    360 RECORDS. CPU TIME:     2.38 SEC, REAL TIME:    27.82 SEC
 SORT2 READ   124667427. AND WROTE   126906346. INTEGRALS IN   2289 RECORDS. CPU TIME:     1.96 SEC, REAL TIME:    39.70 SEC

 FILE SIZES:   FILE 1:   631.3 MBYTE,  FILE 4:  1510.0 MBYTE,   TOTAL:   2141.2 MBYTE

 OPERATOR DM      FOR CENTER  0  COORDINATES:    0.000000    0.000000    0.000000


 **********************************************************************************************************************************
 DATASETS  * FILE   NREC   LENGTH (MB)   RECORD NAMES
              1      19      554.38       500      610      700      900      950      970     1000      129      960     1100   
                                          VAR    BASINP    GEOM    SYMINP    ZMAT    AOBASIS   BASIS     P2S    ABASIS      S 
                                         1400     1410     1200     1210     1080     1600     1650     1300     1700   
                                           T        V       H0       H01     AOSYM     SMH    MOLCAS    ERIS     OPER   

 PROGRAMS   *        TOTAL       INT
 CPU TIMES  *         9.11      9.00
 REAL TIME  *        84.21 SEC
 DISK USED  *         2.14 GB
 **********************************************************************************************************************************


 PROGRAM * RHF-SCF (CLOSED SHELL)       Authors: W. Meyer, H.-J. Werner


 NUMBER OF ELECTRONS:       9+    9-    SPACE SYMMETRY=1    SPIN SYMMETRY: Singlet 
 CONVERGENCE THRESHOLDS:    1.00E-05 (Density)    1.00E-07 (Energy)
 MAX. NUMBER OF ITERATIONS:       60
 INTERPOLATION TYPE:            DIIS
 INTERPOLATION STEPS:              2 (START)      1 (STEP)
 LEVEL SHIFTS:                  0.00 (CLOSED)  0.00 (OPEN) 



 Orbital guess generated from atomic densities. Full valence occupancy:   14

 Molecular orbital dump at record        2100.2

 Initial occupancy:   9

 ITERATION    DDIFF          GRAD             ENERGY        2-EL.EN.            DIPOLE MOMENTS         DIIS   ORB.
    1      0.000D+00      0.000D+00      -115.06237530    164.484231   -0.00001    0.90425   -0.47795    0    start
    2      0.000D+00      0.506D-02      -115.09072664    161.902326   -0.00031    0.49653   -0.30366    1    diag
    3      0.480D-02      0.277D-02      -115.09821226    163.165431   -0.00016    0.59988   -0.39688    2    diag
    4      0.163D-02      0.546D-03      -115.09874460    162.988870   -0.00016    0.59477   -0.39232    3    diag
    5      0.436D-03      0.110D-03      -115.09877901    163.000344   -0.00016    0.59079   -0.39714    4    diag
    6      0.121D-03      0.205D-04      -115.09878057    162.998121   -0.00016    0.59093   -0.39793    5    diag
    7      0.349D-04      0.434D-05      -115.09878064    162.997739   -0.00016    0.59075   -0.39820    6    diag
    8      0.877D-05      0.114D-05      -115.09878064    162.998084   -0.00016    0.59074   -0.39822    0    orth

 Final occupancy:   9

 !RHF STATE  1.1 Energy              -115.098780642236
 Nuclear energy                        40.34553161
 One-electron energy                 -236.94335415
 Two-electron energy                   81.49904190
 Virial quotient                       -1.00101600
 !RHF STATE  1.1 Dipole moment         -0.00015894     0.59074326    -0.39821719
 Dipole moment /Debye                  -0.00040397     1.50142125    -1.01210085

 Orbital energies:

         1.1          2.1          3.1          4.1          5.1          6.1          7.1          8.1          9.1         10.1
    -20.556342   -11.269759    -1.356925    -0.926369    -0.690809    -0.621560    -0.594388    -0.504325    -0.452158     0.054650

        11.1
      0.065009


 HOMO      9.1    -0.452158 =     -12.3039eV
 LUMO     10.1     0.054650 =       1.4871eV
 LUMO-HOMO         0.506808 =      13.7910eV


 **********************************************************************************************************************************
 DATASETS  * FILE   NREC   LENGTH (MB)   RECORD NAMES
              1      19      554.38       500      610      700      900      950      970     1000      129      960     1100   
                                          VAR    BASINP    GEOM    SYMINP    ZMAT    AOBASIS   BASIS     P2S    ABASIS      S 
                                         1400     1410     1200     1210     1080     1600     1650     1300     1700   
                                           T        V       H0       H01     AOSYM     SMH    MOLCAS    ERIS     OPER   

              2       4        3.48       700     1000      520     2100   
                                         GEOM     BASIS   MCVARS     RHF  

 PROGRAMS   *        TOTAL    HF-SCF       INT
 CPU TIMES  *        17.01      7.89      9.00
 REAL TIME  *        96.47 SEC
 DISK USED  *         2.14 GB
 **********************************************************************************************************************************


 PROGRAM * MP2 (Closed-shell)     Authors: C. Hampel, H.-J. Werner, 1991, M. Deegan, P.J. Knowles, 1992

                                   MP2-F12 implementation by H.-J. Werner, 2007

                   Density fitting integral evaluation by F.R. Manby, 2003,2007, G. Knizia, 2010


 Basis set AUG-CC-PVTZ/JKFIT generated.  Number of basis functions:   392 
 Basis set CC-PVTZ-F12/OPTRI generated.  Number of basis functions:   314 
 Basis set AUG-CC-PVTZ/MP2FIT generated. Number of basis functions:   396 

 Convergence thresholds:  THRVAR = 1.00D-08  THRDEN = 1.00D-06

 Number of core orbitals:           2 (   2 )
 Number of closed-shell orbitals:   7 (   7 )
 Number of external orbitals:     169 ( 169 )

 Molecular orbitals read from record     2100.2  Type=RHF/CANONICAL (state 1.1)

 MP2-F12 correlation treatment (H.-J. Werner, 2006)
 ==================================================

 Using MP2-F12 with ansatz 3C(FIX)

 Using projected zeroth-order Hamiltonian (+Z)

 FOCKRIB=T FOCKRIC=T FOCKRIP=T CABSP=T CABSA=T CABSK=T CABSF=T GBC=F EBC=F DMAT=T NOFIK=T NOPAO=1 SOLVE=-1  USEPAO=0
 EXCH_A= T EXCH_B= F EXCH_C= F EXCH_P= F

 Geminal basis:    OPTFULL  GEM_TYPE=SLATER  BETA=1.0  NGEM=6

 Optimizing Gaussian exponents for each gem_beta

 Geminal optimization for beta= 1.0000
 Weight function:   m=0, omega= 1.4646

 Augmented Hessian optimization of geminal fit. Trust ratio= 0.40000
 Convergence reached after   2 iterations. Final gradient= 8.66D-16, Step= 4.23D-06, Delta= 1.28D-09

 Alpha:                 0.19532     0.81920     2.85917     9.50073    35.69989   197.79328
 Coeff:                 0.27070     0.30552     0.18297     0.10986     0.06810     0.04224


 All pairs explicitly correlated. Number of r12-pairs:           28

 Excluding core orbitals from MO domains

 AO(A)-basis ORBITAL           loaded. Number of functions:     178
 RI(R)-basis CC-PVTZ-F12/OPTRI loaded. Number of functions:     314
 DF-basis AUG-CC-PVTZ/JKFIT    loaded. Number of functions:     392

 Screening thresholds:   THRAO=  1.00D-10  THRMO=  1.00D-09  THRPROD=  1.00D-09
                         THRSW=  1.00D-05  THROV=  1.00D-12  THRAOF12= 1.00D-08

 CPU time for Fock operators                      1.50 sec

 Construction of ABS:
 Smallest eigenvalue of S          4.36E-04  (threshold= 1.00E-08)
 Ratio eigmin/eigmax               5.56E-05  (threshold= 1.00E-09)
 Smallest eigenvalue of S kept     4.36E-04  (threshold= 4.36E-04, 0 functions deleted, 314 kept)

 Construction of CABS:
 Smallest eigenvalue of S          7.26E-07  (threshold= 1.00E-08)
 Ratio eigmin/eigmax               7.26E-07  (threshold= 1.00E-09)
 Smallest eigenvalue of S kept     7.26E-07  (threshold= 7.26E-07, 0 functions deleted, 314 kept)

 CPU time for CABS singles                        0.04 sec

 CABS-singles contribution of  -0.00135364 patched into reference energy.
 New reference energy        -115.10013428

 AO(A)-basis ORBITAL           loaded. Number of functions:     178
 RI(R)-basis CC-PVTZ-F12/OPTRI loaded. Number of functions:     314
 DF-basis AUG-CC-PVTZ/MP2FIT   loaded. Number of functions:     396

 Screening thresholds:   THRAO=  1.00D-10  THRMO=  1.00D-09  THRPROD=  1.00D-09
                         THRSW=  1.00D-05  THROV=  1.00D-12  THRAOF12= 1.00D-08

 CPU time for 3-index integral evaluation         3.43 sec
 CPU time for first  half transformation          0.23 sec (10735.0 MFLOP/sec)
 CPU time for second half transformation          0.01 sec ( 6217.0 MFLOP/sec)
 CPU time for fitting                             0.02 sec (56971.3 MFLOP/sec)
 CPU time for tilde quantities                    0.02 sec (75522.6 MFLOP/sec)
 CPU time for assembly                            0.21 sec (58826.6 MFLOP/sec)
 CPU time for tranop_f12                          0.29 sec (54690.4 MFLOP/sec)
 CPU time for f12 integrals (total)               4.63 sec, Elapsed time:      6.73 sec
 CPU time for f12 matrices (total)                0.11 sec, Elapsed time:      0.33 sec

 Diagonal F12 approximation with fixed coefficients:  TSING= 0.500,  TTRIP= 0.250 (scaled by -1/beta)

 DF-MP2-F12 energy corrections:
 ==============================
 Approx.                                    Singlet             Triplet             Total
 DF-MP2-F12/3*C(DX,FIX)                -0.038287484426     -0.004212637079     -0.042500121505
 DF-MP2-F12/3*C(FIX)                   -0.036088661960     -0.003930893440     -0.040019555400
 DF-MP2-F12/3C(FIX)                    -0.036031364588     -0.004065867035     -0.040097231623

 DF-MP2-F12 correlation energies:
 ================================
 Approx.                                    Singlet             Triplet             Ecorr            Total Energy
 DF-MP2                                -0.291095466933     -0.152363651046     -0.443459117979   -115.543593397591
 DF-MP2-F12/3*C(DX,FIX)                -0.329382951358     -0.156576288125     -0.485959239484   -115.586093519096
 DF-MP2-F12/3*C(FIX)                   -0.327184128893     -0.156294544486     -0.483478673379   -115.583612952991
 DF-MP2-F12/3C(FIX)                    -0.327126831520     -0.156429518082     -0.483556349602   -115.583690629214

 SCS-DF-MP2 energies (F_SING= 1.20000  F_TRIP= 0.62222  F_PARALLEL= 0.33333):
 ============================================================================
 SCS-DF-MP2                            -0.444118609859   -115.544252889471
 SCS-DF-MP2-F12/3*C(DX,FIX)            -0.492684787575   -115.592819067187
 SCS-DF-MP2-F12/3*C(FIX)               -0.489870893463   -115.590005173075
 SCS-DF-MP2-F12/3C(FIX)                -0.489886120186   -115.590020399798
 Symmetry transformation completed.

 Number of N-1 electron functions:               7
 Number of N-2 electron functions:              28
 Number of singly external CSFs:              1183
 Number of doubly external CSFs:            700336
 Total number of CSFs:                      701520

 Length of J-op  integral file:             104.98 MB
 Length of K-op  integral file:             138.67 MB

 Integral transformation finished. Total CPU:   1.33 sec, npass=  1  Memory used:   2.18 MW

 ITER.      SQ.NORM     CORR.ENERGY   TOTAL ENERGY   ENERGY CHANGE     VAR   MIC
   1      1.00000000    -0.44352552  -115.54365980    -0.44352552  0.00D+00   0
   2      1.11473551    -0.44352552  -115.54365980     0.00000000 -0.21D-14   0

 Solving MP2-F12 equations

   1      1.11469920    -0.48286470  -115.58299898    -0.03933918 -0.37D-04   0
   2      1.11469920    -0.48362135  -115.58375563    -0.00075665  0.20D-17   0
   3      1.11469920    -0.48362135  -115.58375563     0.00000000 -0.17D-19   0

 CPU TIME FOR ITERATIVE MP2:    0.11 SEC


 MP2-F12 energy corrections:
 ===========================
 Approx.                                    Singlet             Triplet             Total
 MP2-F12/3*C(DX,FIX)                   -0.038287484426     -0.004212637079     -0.042500121505
 MP2-F12/3*C(FIX)                      -0.036088661960     -0.003930893440     -0.040019555400
 MP2-F12/3C(FIX)                       -0.036028664090     -0.004067163514     -0.040095827604

 MP2-F12 correlation energies:
 =============================
 Approx.                                    Singlet             Triplet             Ecorr            Total Energy
 MP2                                   -0.291278781459     -0.152246737588     -0.443525519048   -115.543659798660
 MP2-F12/3*C(DX,FIX)                   -0.329566265885     -0.156459374667     -0.486025640552   -115.586159920164
 MP2-F12/3*C(FIX)                      -0.327367443419     -0.156177631028     -0.483545074448   -115.583679354060
 MP2-F12/3C(FIX)                       -0.327307445549     -0.156313901103     -0.483621346652   -115.583755626264

 SCS-MP2 energies (F_SING= 1.20000  F_TRIP= 0.62222  F_PARALLEL= 0.33333):
 =========================================================================
 SCS-MP2                               -0.444265841140   -115.544400120752
 SCS-MP2-F12/3*C(DX,FIX)               -0.492832018855   -115.592966298467
 SCS-MP2-F12/3*C(FIX)                  -0.490018124743   -115.590152404355
 SCS-MP2-F12/3C(FIX)                   -0.490030917567   -115.590165197179


  Reference energy                   -115.098780642236
  F12 singles correction               -0.001353637377

 F12 singles corrections added to reference energy

  New reference energy               -115.100134279612

  F12/3C(F) singlet correction         -0.036028664090
  F12/3C(F) triplet correction         -0.004067163514
  F12/3C(F) total correction           -0.040095827604
  MP2-F12/3C(F) singlet pair energy    -0.327307445549
  MP2-F12/3C(F) triplet pair energy    -0.156313901103
  MP2-F12/3C(F) correlation energy     -0.483621346652

 !MP2-F12/3C(F) total energy         -115.583755626264


 **********************************************************************************************************************************
 DATASETS  * FILE   NREC   LENGTH (MB)   RECORD NAMES
              1      20      565.55       500      610      700      900      950      970     1000      129      960     1100   
                                          VAR    BASINP    GEOM    SYMINP    ZMAT    AOBASIS   BASIS     P2S    ABASIS      S 
                                         1400     1410     1200     1210     1080     1600     1650     1300     1700     1380   
                                           T        V       H0       H01     AOSYM     SMH    MOLCAS    ERIS     OPER     JKOP   

              2       7        4.13       700     1000      520     2100     7360     7350     7000   
                                         GEOM     BASIS   MCVARS     RHF    F12ABS    EF12   

 PROGRAMS   *        TOTAL   MP2-F12    HF-SCF       INT
 CPU TIMES  *        24.97      7.96      7.89      9.00
 REAL TIME  *       108.10 SEC
 DISK USED  *         2.14 GB
 **********************************************************************************************************************************


 PROGRAM * CCSD (Closed-shell coupled cluster)     Authors: C. Hampel, H.-J. Werner, 1991, M. Deegan, P.J. Knowles, 1992

                                  CCSD-F12 implementation by  H.-J. Werner, 2007

                   Density fitting integral evaluation by F.R. Manby, 2003,2007, G. Knizia, 2010



 Convergence thresholds:  THRVAR = 1.00D-08  THRDEN = 1.00D-06

 CCSD(T)     terms to be evaluated (factor= 1.000)


 Number of core orbitals:           2 (   2 )
 Number of closed-shell orbitals:   7 (   7 )
 Number of external orbitals:     169 ( 169 )

 Molecular orbitals read from record     2100.2  Type=RHF/CANONICAL (state 1.1)

 MP2-F12 correlation treatment (H.-J. Werner, 2006)
 ==================================================

 Using MP2-F12 with ansatz 3C(FIX)

 Using projected zeroth-order Hamiltonian (+Z)

 FOCKRIB=T FOCKRIC=T FOCKRIP=T CABSP=T CABSA=T CABSK=T CABSF=T GBC=F EBC=F DMAT=T NOFIK=T NOPAO=1 SOLVE=-1  USEPAO=0
 EXCH_A= T EXCH_B= F EXCH_C= F EXCH_P= F

 Geminal basis:    OPTFULL  GEM_TYPE=SLATER  BETA=1.0  NGEM=6

 Optimizing Gaussian exponents for each gem_beta

 Geminal optimization for beta= 1.0000
 Weight function:   m=0, omega= 1.4646

 Augmented Hessian optimization of geminal fit. Trust ratio= 0.40000
 Convergence reached after   2 iterations. Final gradient= 8.66D-16, Step= 4.23D-06, Delta= 1.28D-09

 Alpha:                 0.19532     0.81920     2.85917     9.50073    35.69989   197.79328
 Coeff:                 0.27070     0.30552     0.18297     0.10986     0.06810     0.04224


 All pairs explicitly correlated. Number of r12-pairs:           28

 Excluding core orbitals from MO domains

 AO(A)-basis ORBITAL           loaded. Number of functions:     178
 RI(R)-basis CC-PVTZ-F12/OPTRI loaded. Number of functions:     314
 DF-basis AUG-CC-PVTZ/JKFIT    loaded. Number of functions:     392

 Screening thresholds:   THRAO=  1.00D-10  THRMO=  1.00D-09  THRPROD=  1.00D-09
                         THRSW=  1.00D-05  THROV=  1.00D-12  THRAOF12= 1.00D-08

 CPU time for Fock operators                      1.49 sec

 Construction of ABS:
 Smallest eigenvalue of S          4.36E-04  (threshold= 1.00E-08)
 Ratio eigmin/eigmax               5.56E-05  (threshold= 1.00E-09)
 Smallest eigenvalue of S kept     4.36E-04  (threshold= 4.36E-04, 0 functions deleted, 314 kept)

 Construction of CABS:
 Smallest eigenvalue of S          7.26E-07  (threshold= 1.00E-08)
 Ratio eigmin/eigmax               7.26E-07  (threshold= 1.00E-09)
 Smallest eigenvalue of S kept     7.26E-07  (threshold= 7.26E-07, 0 functions deleted, 314 kept)

 CPU time for CABS singles                        0.04 sec

 CABS-singles contribution of  -0.00135364 patched into reference energy.
 New reference energy        -115.10013428

 AO(A)-basis ORBITAL           loaded. Number of functions:     178
 RI(R)-basis CC-PVTZ-F12/OPTRI loaded. Number of functions:     314
 DF-basis AUG-CC-PVTZ/MP2FIT   loaded. Number of functions:     396

 Screening thresholds:   THRAO=  1.00D-10  THRMO=  1.00D-09  THRPROD=  1.00D-09
                         THRSW=  1.00D-05  THROV=  1.00D-12  THRAOF12= 1.00D-08

 CPU time for 3-index integral evaluation         3.36 sec
 CPU time for first  half transformation          0.26 sec ( 9496.4 MFLOP/sec)
 CPU time for second half transformation          0.01 sec ( 6217.0 MFLOP/sec)
 CPU time for sorting                             0.02 sec
 CPU time for fitting                             0.02 sec (56971.3 MFLOP/sec)
 CPU time for tilde quantities                    0.03 sec (50348.4 MFLOP/sec)
 CPU time for assembly                            0.21 sec (58826.6 MFLOP/sec)
 CPU time for tranop_f12                          0.25 sec (63440.9 MFLOP/sec)
 CPU time for f12 integrals (total)               4.55 sec, Elapsed time:      5.11 sec
 CPU time for f12 matrices (total)                0.10 sec, Elapsed time:      0.14 sec

 Diagonal F12 approximation with fixed coefficients:  TSING= 0.500,  TTRIP= 0.250 (scaled by -1/beta)

 DF-MP2-F12 energy corrections:
 ==============================
 Approx.                                    Singlet             Triplet             Total
 DF-MP2-F12/3*C(DX,FIX)                -0.038287484426     -0.004212637079     -0.042500121505
 DF-MP2-F12/3*C(FIX)                   -0.036088661960     -0.003930893440     -0.040019555400
 DF-MP2-F12/3C(FIX)                    -0.036031364588     -0.004065867035     -0.040097231623

 DF-MP2-F12 correlation energies:
 ================================
 Approx.                                    Singlet             Triplet             Ecorr            Total Energy
 DF-MP2                                -0.291095466933     -0.152363651046     -0.443459117979   -115.543593397591
 DF-MP2-F12/3*C(DX,FIX)                -0.329382951358     -0.156576288125     -0.485959239484   -115.586093519096
 DF-MP2-F12/3*C(FIX)                   -0.327184128893     -0.156294544486     -0.483478673379   -115.583612952991
 DF-MP2-F12/3C(FIX)                    -0.327126831520     -0.156429518082     -0.483556349602   -115.583690629214

 SCS-DF-MP2 energies (F_SING= 1.20000  F_TRIP= 0.62222  F_PARALLEL= 0.33333):
 ============================================================================
 SCS-DF-MP2                            -0.444118609859   -115.544252889471
 SCS-DF-MP2-F12/3*C(DX,FIX)            -0.492684787575   -115.592819067187
 SCS-DF-MP2-F12/3*C(FIX)               -0.489870893463   -115.590005173075
 SCS-DF-MP2-F12/3C(FIX)                -0.489886120186   -115.590020399798
 Symmetry transformation completed.

 Number of N-1 electron functions:               7
 Number of N-2 electron functions:              28
 Number of singly external CSFs:              1183
 Number of doubly external CSFs:            700336
 Total number of CSFs:                      701520

 Length of J-op  integral file:             105.23 MB
 Length of K-op  integral file:             138.67 MB
 Length of 3-ext integral record:             0.00 MB

 Memory could be reduced to 48.01 Mwords without degradation in triples

 Integral transformation finished. Total CPU:   3.11 sec, npass=  1  Memory used:  24.86 MW

 Reference energy:                   -115.10013428

 Adding F12 terms to K(Cij), methodcc=6,  factor= 1.0

 ITER.      SQ.NORM     CORR.ENERGY   TOTAL ENERGY   ENERGY CHANGE        DEN1      VAR(S)    VAR(P)  DIIS     TIME  TIME/IT
   1      1.11762304    -0.45285832  -115.55299260    -0.00933280     0.00166850  0.15D-02  0.19D-02  1  1    12.22     4.71
   2      1.12503264    -0.45322015  -115.55335443    -0.00036183    -0.00904639  0.24D-04  0.23D-03  2  2    15.08     5.34
   3      1.12776214    -0.45339756  -115.55353184    -0.00017742    -0.00186511  0.15D-04  0.13D-04  3  3    17.83     4.55
   4      1.12870937    -0.45341544  -115.55354972    -0.00001788    -0.00060017  0.86D-06  0.12D-05  4  4    20.56     4.14
   5      1.12886492    -0.45341700  -115.55355128    -0.00000156    -0.00003791  0.23D-06  0.10D-06  5  5    23.28     3.91
   6      1.12890749    -0.45341465  -115.55354893     0.00000235    -0.00000423  0.36D-07  0.96D-08  6  6    25.98     3.75
   7      1.12891862    -0.45341377  -115.55354805     0.00000087    -0.00000298  0.39D-08  0.14D-08  6  1    28.71     3.63
   8      1.12892042    -0.45341383  -115.55354811    -0.00000006     0.00000033  0.67D-09  0.20D-09  6  3    31.39     3.54

 Norm of t1 vector:      0.05000723      S-energy:     0.00000010      T1 diagnostic:  0.00945048
                                                                       D1 diagnostic:  0.02003565

 Adding energy correction from Wij-K(Fij), methodcc=6  factor= 1.0

  CCSD correlation energy              -0.453413833385
  MP2-F12 correction (uncoupled)       -0.038545566118
  C*T doubles correction               -0.001164889582
  f12b correction                       0.007098774932


 Total CPU time for triples:     34.99 sec


 RESULTS
 =======

  Reference energy                   -115.098780642236
  F12 singles correction               -0.001353637377

 F12 singles corrections added to reference energy

  New reference energy               -115.100134279612

  F12a singlet correction              -0.035791883318
  F12a triplet correction              -0.003918572381
  F12a total correction                -0.039710455699

 F12a corrections for ansatz F12/3C(FIX) added to CCSD energy

  CCSD-F12a singlet pair energy        -0.351209400408
  CCSD-F12a triplet pair energy        -0.141914991878
  CCSD-F12a correlation energy         -0.493124289085

  Triples (T) contribution             -0.016014523085
  Total correlation energy             -0.509138812169

  CCSD-F12a total energy             -115.593258568697
  CCSD[T]-F12a energy                -115.609826187307
  CCSD-T-F12a energy                 -115.609029359564
 !CCSD(T)-F12a total energy          -115.609273091782

 F12b corrections for ansatz F12/3C(FIX) added to CCSD(T)-F12a energy

  CCSD-F12b singlet pair energy        -0.344572706465
  CCSD-F12b triplet pair energy        -0.141452910888
  CCSD-F12b correlation energy         -0.486025514152

  Triples (T) contribution             -0.016014523085
  Total correlation energy             -0.502040037237

  CCSD-F12b total energy             -115.586159793764
  CCSD[T]-F12b energy                -115.602727412374
  CCSD-T-F12b energy                 -115.601930584632
 !CCSD(T)-F12b total energy          -115.602174316849

 Timing summary (sec):

 STEP                 CPU(USER)    SYS     CPU(TOT)    WALL
 Transformation          3.15      0.86      4.01      6.02
 CCSD iterations        21.98      2.31     24.29     28.50
 Triples                34.99      0.94     35.93     36.09
 MP2-F12                 6.28      0.47      6.75      7.00
 F12b energy             2.33      0.10      2.43      2.49

 Program statistics:

 Available memory in ccsd:               499999646
 Min. memory needed in ccsd:               2228017
 Max. memory used in ccsd:                 2807120
 Max. memory used in cckext:               2027429 ( 9 integral passes)



 **********************************************************************************************************************************
 DATASETS  * FILE   NREC   LENGTH (MB)   RECORD NAMES
              1      20      701.51       500      610      700      900      950      970     1000      129      960     1100   
                                          VAR    BASINP    GEOM    SYMINP    ZMAT    AOBASIS   BASIS     P2S    ABASIS      S 
                                         1400     1410     1200     1210     1080     1600     1650     1300     1700     1380   
                                           T        V       H0       H01     AOSYM     SMH    MOLCAS    ERIS     OPER     JKOP   

              2       7        4.13       700     1000      520     2100     7360     7350     7000   
                                         GEOM     BASIS   MCVARS     RHF    F12ABS    EF12   

 PROGRAMS   *        TOTAL   CCSD(T)   MP2-F12    HF-SCF       INT
 CPU TIMES  *        93.73     68.76      7.96      7.89      9.00
 REAL TIME  *       188.37 SEC
 DISK USED  *         2.14 GB
 **********************************************************************************************************************************
 SETTING XXX            =    "MMM"
 SETTING POINT          =       118.00000000                                  

 *** ### CH3OH


 XXX       RCO          ROH          RCH1         RCH2         RCH3           ACOH           AOCH1          AOCH2          AOCH3         AHH1           AHH2           AHH3            ENERGY        POINT
 "MMM"   1.42077677   0.96013932   1.09173832   1.08440182   1.09169475   108.12930637   111.64212110   107.18799802   111.66191428   62.33364279   180.90000000   299.46635721   -115.60927309   118.0000
                                                  

 CCSD(T)-F12/cc-pVTZ-F12 energy=   -115.602174316849

     CCSD(T)-F12         MP2-F12          HF-SCF
   -115.60217432   -115.58375563   -115.09878064
 **********************************************************************************************************************************
 Molpro calculation terminated
