
 Primary working directories    : /tmpdir/job/2955572.undefined/molpro.40kACYik53
 Secondary working directories  : /tmpdir/job/2955572.undefined/molpro.40kACYik53
 Wavefunction directory         : /home/zcaposm/wfu/
 Main file repository           : /tmpdir/job/2955572.undefined/molpro.40kACYik53/

 id        : uclcc

 Nodes                         nprocs
 node-d00a-246.myriad.ucl.ac.uk    1

 Using customized tuning parameters: mindgm=1; mindgv=20; mindgc=4; mindgr=1; noblas=0; minvec=7
 default implementation of scratch files=df  


 Variables initialized (945), CPU time= 0.00 sec
 ***,Methanol Ground State Energy with CCSD(T)-F12 and cc-pVTZ-F12
 memory,500,m;
 
 geometry={angstrom
 c
 o , 1, rco
 h , 2, roh, 1, acoh
 h1, 1, rch1, 2, aoch1  3  ahh1
 h2, 1, rch2, 2, aoch2, 3, ahh2
 h3, 1, rch3, 2, aoch3, 3, ahh3
 }
 
                                                ! Specify the initial values of the internal coordinates (in Angstroms and degrees)
 
 rco= 1.40077677
 roh= 0.96013932
 rch1= 1.091717515605
 rch2= 1.08440070258
 rch3= 1.091717515605
 acoh= 108.12930637
 aoch1= 111.6522152299
 aoch2= 107.18733878260001
 aoch3= 111.6522152299
 ahh1=61.43364279
 ahh2=180.0
 ahh3=298.56635721
 
                                                                                 ! Use the cc-pVTZ-F12 basis set
 basis=cc-pVTZ-F12
 
 hf
 
                                                                                 ! Use explicitly correlated F12 methods
                                                                            ! First, MP2-F12 (useful for initial electronic energy)
 {mp2-f12}
 
                                                                        ! If desired, perform CCSD(T)-F12 for more accurate results
 {ccsd(t)-f12}
 
                                                                                 ! Output the energy
 xxx = "mmm"
 point = 9
 text ### CH3OH
 table,xxx,rco,roh,rch1,rch2,rch3,acoh,aoch1,aoch2,aoch3,ahh1,ahh2,ahh3,energy,point
 DIGITS, 0, 8, 8, 8, 8, 8, 8, 8, 8, 8,  8,  8,  8, 8, 4
 save,CH3OH_MEP_MP2_9.dat,new
 
 Commands  initialized (802), CPU time= 0.01 sec, 659 directives.
 Default parameters read. Elapsed time= 0.11 sec

 Checking input...
 Passed
1


                                         ***  PROGRAM SYSTEM MOLPRO  ***
                                       Copyright, TTI GmbH Stuttgart, 2015
                                    Version 2020.1 linked Oct  6 2020 12:04:11


 **********************************************************************************************************************************
 LABEL *   Methanol Ground State Energy with CCSD(T)-F12 and cc-pVTZ-F12                 
  64 bit serial version                                                                  DATE: 08-Oct-24          TIME: 17:11:37  
 **********************************************************************************************************************************

 SHA1:             8c27446f6450a7499e38f603e13c65f775101d37
 **********************************************************************************************************************************

 Memory per process:       500 MW
 Total memory per node:    500 MW

 GA preallocation disabled
 GA check disabled

 Variable memory set to 500.0 MW

 SETTING RCO            =         1.40077677                                  
 SETTING ROH            =         0.96013932                                  
 SETTING RCH1           =         1.09171752                                  
 SETTING RCH2           =         1.08440070                                  
 SETTING RCH3           =         1.09171752                                  
 SETTING ACOH           =       108.12930637                                  
 SETTING AOCH1          =       111.65221523                                  
 SETTING AOCH2          =       107.18733878                                  
 SETTING AOCH3          =       111.65221523                                  
 SETTING AHH1           =        61.43364279                                  
 SETTING AHH2           =       180.00000000                                  
 SETTING AHH3           =       298.56635721                                  
 SETTING BASIS          =    CC-PVTZ-F12


 Recomputing integrals since basis changed


 Using spherical harmonics

 Library entry C      S cc-pVTZ-F12          selected for orbital group  1
 Library entry C      P cc-pVTZ-F12          selected for orbital group  1
 Library entry C      D cc-pVTZ-F12          selected for orbital group  1
 Library entry C      F cc-pVTZ-F12          selected for orbital group  1
 Library entry O      S cc-pVTZ-F12          selected for orbital group  2
 Library entry O      P cc-pVTZ-F12          selected for orbital group  2
 Library entry O      D cc-pVTZ-F12          selected for orbital group  2
 Library entry O      F cc-pVTZ-F12          selected for orbital group  2
 Library entry H      S cc-pVTZ-F12          selected for orbital group  3
 Library entry H      P cc-pVTZ-F12          selected for orbital group  3
 Library entry H      D cc-pVTZ-F12          selected for orbital group  3


 PROGRAM * SEWARD (Integral evaluation for generally contracted gaussian basis sets)     Author: Roland Lindh, 1990

 Geometry written to block  1 of record 700

 Orientation using atomic masses  
 Molecule type: Asymmetric top
 Symmetry elements: X
 Rotational constants:      24.5165301     25.4063492    128.7959405 GHz  (calculated with average atomic masses)

 Point group  Cs  



 ATOMIC COORDINATES

 NR  ATOM    CHARGE       X              Y              Z

   1  C       6.00    0.000000000    0.025529826   -1.356535138
   2  O       8.00    0.000000000   -0.122448048    1.286409937
   3  H       1.00    0.000000000    1.567622160    1.946494285
   4  H1      1.00    1.684053272    0.983542413   -2.065294502
   5  H3      1.00   -1.684053272    0.983542413   -2.065294502
   6  H2      1.00    0.000000000   -1.895267578   -2.070566878

 Bond lengths in Bohr (Angstrom)

 1-2  2.647084457  1-4  2.063047110  1-5  2.063047110  1-6  2.049220337  2-3  1.814400356
     ( 1.400776770)     ( 1.091717516)     ( 1.091717516)     ( 1.084400703)     ( 0.960139320)

 Bond angles

  1-2-3  108.12930637   2-1-4  111.65221523   2-1-5  111.65221523   2-1-6  107.18733878

  4-1-5  109.43105099   4-1-6  108.39459424   5-1-6  108.39459424

 NUCLEAR CHARGE:                   18
 NUMBER OF PRIMITIVE AOS:         228
 NUMBER OF SYMMETRY AOS:          206
 NUMBER OF CONTRACTIONS:          178   (  114A'  +   64A"  )
 NUMBER OF INNER CORE ORBITALS:     0   (    0A'  +    0A"  )
 NUMBER OF OUTER CORE ORBITALS:     2   (    2A'  +    0A"  )
 NUMBER OF VALENCE ORBITALS:       12   (    9A'  +    3A"  )


 NUCLEAR REPULSION ENERGY   40.67226375

 Eigenvalues of metric

         1 0.869E-04 0.181E-03 0.308E-03 0.455E-03 0.488E-03 0.559E-03 0.613E-03 0.620E-03
         2 0.322E-03 0.570E-03 0.685E-03 0.177E-02 0.337E-02 0.477E-02 0.643E-02 0.864E-02


 Contracted 2-electron integrals neglected if value below      1.0D-11
 AO integral compression algorithm  1   Integral accuracy      1.0D-11

     332.136 MB (compressed) written to integral file ( 53.6%)


 NUMBER OF SORTED TWO-ELECTRON INTEGRALS:   64554730.     BUFFER LENGTH:  32768
 NUMBER OF SEGMENTS:   5  SEGMENT LENGTH:   15997996      RECORD LENGTH: 524288

 Memory used in sort:      16.56 MW

 SORT1 READ    77497885. AND WROTE    63561862. INTEGRALS IN    184 RECORDS. CPU TIME:     1.15 SEC, REAL TIME:    10.02 SEC
 SORT2 READ    63561862. AND WROTE    64554730. INTEGRALS IN   1267 RECORDS. CPU TIME:     1.19 SEC, REAL TIME:    18.48 SEC

 FILE SIZES:   FILE 1:   363.0 MBYTE,  FILE 4:   771.8 MBYTE,   TOTAL:   1134.8 MBYTE

 OPERATOR DM      FOR CENTER  0  COORDINATES:    0.000000    0.000000    0.000000


 **********************************************************************************************************************************
 DATASETS  * FILE   NREC   LENGTH (MB)   RECORD NAMES
              1      19      312.28       500      610      700      900      950      970     1000      129      960     1100   
                                          VAR    BASINP    GEOM    SYMINP    ZMAT    AOBASIS   BASIS     P2S    ABASIS      S 
                                         1400     1410     1200     1210     1080     1600     1650     1300     1700   
                                           T        V       H0       H01     AOSYM     SMH    MOLCAS    ERIS     OPER   

 PROGRAMS   *        TOTAL       INT
 CPU TIMES  *         5.94      5.83
 REAL TIME  *        40.17 SEC
 DISK USED  *         1.14 GB
 **********************************************************************************************************************************


 PROGRAM * RHF-SCF (CLOSED SHELL)       Authors: W. Meyer, H.-J. Werner


 NUMBER OF ELECTRONS:       9+    9-
 CONVERGENCE THRESHOLDS:    1.00E-05 (Density)    1.00E-07 (Energy)
 MAX. NUMBER OF ITERATIONS:       60
 INTERPOLATION TYPE:            DIIS
 INTERPOLATION STEPS:              2 (START)      1 (STEP)
 LEVEL SHIFTS:                  0.00 (CLOSED)  0.00 (OPEN) 



 Orbital guess generated from atomic densities. Full valence occupancy:   11   3

 Molecular orbital dump at record        2100.2

 Initial occupancy:   7   2

 ITERATION    DDIFF          GRAD             ENERGY        2-EL.EN.            DIPOLE MOMENTS         DIIS   ORB.
    1      0.000D+00      0.000D+00      -115.06272371    165.117051    0.00000    0.90418   -0.43789    0    start
    2      0.000D+00      0.667D-02      -115.09120649    162.503574    0.00000    0.49693   -0.27539    1    diag
    3      0.653D-02      0.361D-02      -115.09850402    163.771681    0.00000    0.59983   -0.36519    2    diag
    4      0.219D-02      0.718D-03      -115.09903508    163.593543    0.00000    0.59447   -0.36145    3    diag
    5      0.595D-03      0.145D-03      -115.09906925    163.605068    0.00000    0.59044   -0.36639    4    diag
    6      0.165D-03      0.270D-04      -115.09907081    163.603055    0.00000    0.59058   -0.36720    5    diag
    7      0.481D-04      0.584D-05      -115.09907089    163.602590    0.00000    0.59039   -0.36749    6    diag
    8      0.123D-04      0.158D-05      -115.09907089    163.602981    0.00000    0.59037   -0.36752    7    diag
    9      0.249D-05      0.494D-06      -115.09907089    163.602812    0.00000    0.59036   -0.36752    0    orth

 Final occupancy:   7   2

 !RHF STATE  1.1 Energy              -115.099070894012
 Nuclear energy                        40.67226375
 One-electron energy                 -237.57274045
 Two-electron energy                   81.80140581
 Virial quotient                       -1.00064174
 !RHF STATE  1.1 Dipole moment          0.00000000     0.59035783    -0.36752066
 Dipole moment /Debye                   0.00000000     1.50044166    -0.93408315

 Orbital energies:

         1.1          2.1          3.1          4.1          5.1          6.1          7.1          8.1          9.1
    -20.556240   -11.267578    -1.364303    -0.925447    -0.695225    -0.598858    -0.502284     0.054578     0.065300

         1.2          2.2          3.2          4.2
     -0.624843    -0.450186     0.073791     0.181106


 HOMO      2.2    -0.450186 =     -12.2502eV
 LUMO      8.1     0.054578 =       1.4852eV
 LUMO-HOMO         0.504764 =      13.7353eV


 **********************************************************************************************************************************
 DATASETS  * FILE   NREC   LENGTH (MB)   RECORD NAMES
              1      19      312.28       500      610      700      900      950      970     1000      129      960     1100   
                                          VAR    BASINP    GEOM    SYMINP    ZMAT    AOBASIS   BASIS     P2S    ABASIS      S 
                                         1400     1410     1200     1210     1080     1600     1650     1300     1700   
                                           T        V       H0       H01     AOSYM     SMH    MOLCAS    ERIS     OPER   

              2       4        3.18       700     1000      520     2100   
                                         GEOM     BASIS   MCVARS     RHF  

 PROGRAMS   *        TOTAL    HF-SCF       INT
 CPU TIMES  *         8.88      2.94      5.83
 REAL TIME  *        45.42 SEC
 DISK USED  *         1.14 GB
 **********************************************************************************************************************************


 PROGRAM * MP2 (Closed-shell)     Authors: C. Hampel, H.-J. Werner, 1991, M. Deegan, P.J. Knowles, 1992

                                   MP2-F12 implementation by H.-J. Werner, 2007

                   Density fitting integral evaluation by F.R. Manby, 2003,2007, G. Knizia, 2010


 Basis set AUG-CC-PVTZ/JKFIT generated.  Number of basis functions:   392 
 Basis set CC-PVTZ-F12/OPTRI generated.  Number of basis functions:   314 
 Basis set AUG-CC-PVTZ/MP2FIT generated. Number of basis functions:   396 

 Convergence thresholds:  THRVAR = 1.00D-08  THRDEN = 1.00D-06

 Number of core orbitals:           2 (   2   0 )
 Number of closed-shell orbitals:   7 (   5   2 )
 Number of external orbitals:     169 ( 107  62 )

 Molecular orbitals read from record     2100.2  Type=RHF/CANONICAL (state 1.1)

 MP2-F12 correlation treatment (H.-J. Werner, 2006)
 ==================================================

 Using MP2-F12 with ansatz 3C(FIX)

 Using projected zeroth-order Hamiltonian (+Z)

 FOCKRIB=T FOCKRIC=T FOCKRIP=T CABSP=T CABSA=T CABSK=T CABSF=T GBC=F EBC=F DMAT=T NOFIK=T NOPAO=1 SOLVE=-1  USEPAO=0
 EXCH_A= T EXCH_B= F EXCH_C= F EXCH_P= F

 Geminal basis:    OPTFULL  GEM_TYPE=SLATER  BETA=1.0  NGEM=6

 Optimizing Gaussian exponents for each gem_beta

 Geminal optimization for beta= 1.0000
 Weight function:   m=0, omega= 1.4646

 Augmented Hessian optimization of geminal fit. Trust ratio= 0.40000
 Convergence reached after   2 iterations. Final gradient= 8.66D-16, Step= 4.23D-06, Delta= 1.28D-09

 Alpha:                 0.19532     0.81920     2.85917     9.50073    35.69989   197.79328
 Coeff:                 0.27070     0.30552     0.18297     0.10986     0.06810     0.04224


 Symmetry turned off. Reference energy:       -115.099070894012

 All pairs explicitly correlated. Number of r12-pairs:           28

 Excluding core orbitals from MO domains

 AO(A)-basis ORBITAL           loaded. Number of functions:     178
 RI(R)-basis CC-PVTZ-F12/OPTRI loaded. Number of functions:     314
 DF-basis AUG-CC-PVTZ/JKFIT    loaded. Number of functions:     392

 Screening thresholds:   THRAO=  1.00D-10  THRMO=  1.00D-09  THRPROD=  1.00D-09
                         THRSW=  1.00D-05  THROV=  1.00D-12  THRAOF12= 1.00D-08

 CPU time for Fock operators                      5.47 sec

 Construction of ABS:
 Smallest eigenvalue of S          4.25E-04  (threshold= 1.00E-08)
 Ratio eigmin/eigmax               5.40E-05  (threshold= 1.00E-09)
 Smallest eigenvalue of S kept     4.25E-04  (threshold= 4.25E-04, 0 functions deleted, 314 kept)

 Construction of CABS:
 Smallest eigenvalue of S          6.95E-07  (threshold= 1.00E-08)
 Ratio eigmin/eigmax               6.95E-07  (threshold= 1.00E-09)
 Smallest eigenvalue of S kept     6.95E-07  (threshold= 6.95E-07, 0 functions deleted, 314 kept)

 CPU time for CABS singles                        0.04 sec

 CABS-singles contribution of  -0.00136505 patched into reference energy.
 New reference energy        -115.10043594

 AO(A)-basis ORBITAL           loaded. Number of functions:     178
 RI(R)-basis CC-PVTZ-F12/OPTRI loaded. Number of functions:     314
 DF-basis AUG-CC-PVTZ/MP2FIT   loaded. Number of functions:     396

 Screening thresholds:   THRAO=  1.00D-10  THRMO=  1.00D-09  THRPROD=  1.00D-09
                         THRSW=  1.00D-05  THROV=  1.00D-12  THRAOF12= 1.00D-08

 CPU time for 3-index integral evaluation         3.41 sec
 CPU time for first  half transformation          0.22 sec (11223.0 MFLOP/sec)
 CPU time for sorting                             0.02 sec
 CPU time for fitting                             0.02 sec (56971.3 MFLOP/sec)
 CPU time for tilde quantities                    0.02 sec (75522.6 MFLOP/sec)
 CPU time for assembly                            0.21 sec (58826.6 MFLOP/sec)
 CPU time for tranop_f12                          0.27 sec (58741.6 MFLOP/sec)
 CPU time for f12 integrals (total)               7.13 sec, Elapsed time:      7.70 sec
 CPU time for f12 matrices (total)                0.10 sec, Elapsed time:      0.14 sec

 Diagonal F12 approximation with fixed coefficients:  TSING= 0.500,  TTRIP= 0.250 (scaled by -1/beta)

 DF-MP2-F12 energy corrections:
 ==============================
 Approx.                                    Singlet             Triplet             Total
 DF-MP2-F12/3*C(DX,FIX)                -0.038344871827     -0.004232867049     -0.042577738876
 DF-MP2-F12/3*C(FIX)                   -0.036125686220     -0.003946208644     -0.040071894864
 DF-MP2-F12/3C(FIX)                    -0.036066018641     -0.004081184601     -0.040147203242

 DF-MP2-F12 correlation energies:
 ================================
 Approx.                                    Singlet             Triplet             Ecorr            Total Energy
 DF-MP2                                -0.290624288694     -0.152282932432     -0.442907221126   -115.543343163180
 DF-MP2-F12/3*C(DX,FIX)                -0.328969160521     -0.156515799481     -0.485484960002   -115.585920902056
 DF-MP2-F12/3*C(FIX)                   -0.326749974914     -0.156229141076     -0.482979115990   -115.583415058044
 DF-MP2-F12/3C(FIX)                    -0.326690307335     -0.156364117032     -0.483054424368   -115.583490366422

 SCS-DF-MP2 energies (F_SING= 1.20000  F_TRIP= 0.62222  F_PARALLEL= 0.33333):
 ============================================================================
 SCS-DF-MP2                            -0.443502971057   -115.543938913111
 SCS-DF-MP2-F12/3*C(DX,FIX)            -0.492150601191   -115.592586543245
 SCS-DF-MP2-F12/3*C(FIX)               -0.489309213233   -115.589745155287
 SCS-DF-MP2-F12/3C(FIX)                -0.489321597178   -115.589757539232

 Symmetry restored.
 Symmetry transformation completed.

 Number of N-1 electron functions:               7
 Number of N-2 electron functions:              28
 Number of singly external CSFs:               659
 Number of doubly external CSFs:            355020
 Total number of CSFs:                      355680

 Length of J-op  integral file:             103.49 MB
 Length of K-op  integral file:             127.95 MB

 Integral transformation finished. Total CPU:   0.48 sec, npass=  1  Memory used:   0.67 MW

 ITER.      SQ.NORM     CORR.ENERGY   TOTAL ENERGY   ENERGY CHANGE     VAR   MIC
   1      1.00000000    -0.44297302  -115.54340897    -0.44297302  0.00D+00   0
   2      1.11395960    -0.44297302  -115.54340897     0.00000000 -0.85D-17   0

 Solving MP2-F12 equations

   1      1.11392368    -0.48236432  -115.58280027    -0.03939130 -0.37D-04   0
   2      1.11392368    -0.48311882  -115.58355476    -0.00075450  0.17D-18   0
   3      1.11392368    -0.48311882  -115.58355476     0.00000000  0.92D-19   0

 CPU TIME FOR ITERATIVE MP2:    0.03 SEC


 MP2-F12 energy corrections:
 ===========================
 Approx.                                    Singlet             Triplet             Total
 MP2-F12/3*C(DX,FIX)                   -0.038344871827     -0.004232867049     -0.042577738876
 MP2-F12/3*C(FIX)                      -0.036125686220     -0.003946208644     -0.040071894864
 MP2-F12/3C(FIX)                       -0.036063266907     -0.004082529727     -0.040145796634

 MP2-F12 correlation energies:
 =============================
 Approx.                                    Singlet             Triplet             Ecorr            Total Energy
 MP2                                   -0.290808750017     -0.152164273912     -0.442973023929   -115.543408965984
 MP2-F12/3*C(DX,FIX)                   -0.329153621844     -0.156397140961     -0.485550762805   -115.585986704859
 MP2-F12/3*C(FIX)                      -0.326934436237     -0.156110482556     -0.483044918793   -115.583480860847
 MP2-F12/3C(FIX)                       -0.326872016924     -0.156246803638     -0.483118820563   -115.583554762617

 SCS-MP2 energies (F_SING= 1.20000  F_TRIP= 0.62222  F_PARALLEL= 0.33333):
 =========================================================================
 SCS-MP2                               -0.443650492677   -115.544086434731
 SCS-MP2-F12/3*C(DX,FIX)               -0.492298122811   -115.592734064865
 SCS-MP2-F12/3*C(FIX)                  -0.489456734853   -115.589892676907
 SCS-MP2-F12/3C(FIX)                   -0.489466653684   -115.589902595739


  Reference energy                   -115.099070894012
  F12 singles correction               -0.001365048042

 F12 singles corrections added to reference energy

  New reference energy               -115.100435942054

  F12/3C(F) singlet correction         -0.036063266907
  F12/3C(F) triplet correction         -0.004082529727
  F12/3C(F) total correction           -0.040145796634
  MP2-F12/3C(F) singlet pair energy    -0.326872016924
  MP2-F12/3C(F) triplet pair energy    -0.156246803638
  MP2-F12/3C(F) correlation energy     -0.483118820563

 !MP2-F12/3C(F) total energy         -115.583554762617


 **********************************************************************************************************************************
 DATASETS  * FILE   NREC   LENGTH (MB)   RECORD NAMES
              1      20      318.03       500      610      700      900      950      970     1000      129      960     1100   
                                          VAR    BASINP    GEOM    SYMINP    ZMAT    AOBASIS   BASIS     P2S    ABASIS      S 
                                         1400     1410     1200     1210     1080     1600     1650     1300     1700     1380   
                                           T        V       H0       H01     AOSYM     SMH    MOLCAS    ERIS     OPER     JKOP   

              2       7        3.55       700     1000      520     2100     7360     7350     7000   
                                         GEOM     BASIS   MCVARS     RHF    F12ABS    EF12   

 PROGRAMS   *        TOTAL   MP2-F12    HF-SCF       INT
 CPU TIMES  *        22.33     13.45      2.94      5.83
 REAL TIME  *        60.66 SEC
 DISK USED  *         1.14 GB
 **********************************************************************************************************************************


 PROGRAM * CCSD (Closed-shell coupled cluster)     Authors: C. Hampel, H.-J. Werner, 1991, M. Deegan, P.J. Knowles, 1992

                                  CCSD-F12 implementation by  H.-J. Werner, 2007

                   Density fitting integral evaluation by F.R. Manby, 2003,2007, G. Knizia, 2010



 Convergence thresholds:  THRVAR = 1.00D-08  THRDEN = 1.00D-06

 CCSD(T)     terms to be evaluated (factor= 1.000)


 Number of core orbitals:           2 (   2   0 )
 Number of closed-shell orbitals:   7 (   5   2 )
 Number of external orbitals:     169 ( 107  62 )

 Molecular orbitals read from record     2100.2  Type=RHF/CANONICAL (state 1.1)

 MP2-F12 correlation treatment (H.-J. Werner, 2006)
 ==================================================

 Using MP2-F12 with ansatz 3C(FIX)

 Using projected zeroth-order Hamiltonian (+Z)

 FOCKRIB=T FOCKRIC=T FOCKRIP=T CABSP=T CABSA=T CABSK=T CABSF=T GBC=F EBC=F DMAT=T NOFIK=T NOPAO=1 SOLVE=-1  USEPAO=0
 EXCH_A= T EXCH_B= F EXCH_C= F EXCH_P= F

 Geminal basis:    OPTFULL  GEM_TYPE=SLATER  BETA=1.0  NGEM=6

 Optimizing Gaussian exponents for each gem_beta

 Geminal optimization for beta= 1.0000
 Weight function:   m=0, omega= 1.4646

 Augmented Hessian optimization of geminal fit. Trust ratio= 0.40000
 Convergence reached after   2 iterations. Final gradient= 8.66D-16, Step= 4.23D-06, Delta= 1.28D-09

 Alpha:                 0.19532     0.81920     2.85917     9.50073    35.69989   197.79328
 Coeff:                 0.27070     0.30552     0.18297     0.10986     0.06810     0.04224


 Symmetry turned off. Reference energy:       -115.099070894012

 All pairs explicitly correlated. Number of r12-pairs:           28

 Excluding core orbitals from MO domains

 AO(A)-basis ORBITAL           loaded. Number of functions:     178
 RI(R)-basis CC-PVTZ-F12/OPTRI loaded. Number of functions:     314
 DF-basis AUG-CC-PVTZ/JKFIT    loaded. Number of functions:     392

 Screening thresholds:   THRAO=  1.00D-10  THRMO=  1.00D-09  THRPROD=  1.00D-09
                         THRSW=  1.00D-05  THROV=  1.00D-12  THRAOF12= 1.00D-08

 CPU time for Fock operators                      5.45 sec

 Construction of ABS:
 Smallest eigenvalue of S          4.25E-04  (threshold= 1.00E-08)
 Ratio eigmin/eigmax               5.40E-05  (threshold= 1.00E-09)
 Smallest eigenvalue of S kept     4.25E-04  (threshold= 4.25E-04, 0 functions deleted, 314 kept)

 Construction of CABS:
 Smallest eigenvalue of S          6.95E-07  (threshold= 1.00E-08)
 Ratio eigmin/eigmax               6.95E-07  (threshold= 1.00E-09)
 Smallest eigenvalue of S kept     6.95E-07  (threshold= 6.95E-07, 0 functions deleted, 314 kept)

 CPU time for CABS singles                        0.04 sec

 CABS-singles contribution of  -0.00136505 patched into reference energy.
 New reference energy        -115.10043594

 AO(A)-basis ORBITAL           loaded. Number of functions:     178
 RI(R)-basis CC-PVTZ-F12/OPTRI loaded. Number of functions:     314
 DF-basis AUG-CC-PVTZ/MP2FIT   loaded. Number of functions:     396

 Screening thresholds:   THRAO=  1.00D-10  THRMO=  1.00D-09  THRPROD=  1.00D-09
                         THRSW=  1.00D-05  THROV=  1.00D-12  THRAOF12= 1.00D-08

 CPU time for 3-index integral evaluation         3.46 sec
 CPU time for first  half transformation          0.24 sec (10287.7 MFLOP/sec)
 CPU time for second half transformation          0.01 sec ( 6217.0 MFLOP/sec)
 CPU time for sorting                             0.01 sec
 CPU time for fitting                             0.03 sec (37980.8 MFLOP/sec)
 CPU time for tilde quantities                    0.03 sec (50348.4 MFLOP/sec)
 CPU time for assembly                            0.20 sec (61768.0 MFLOP/sec)
 CPU time for tranop_f12                          0.25 sec (63440.9 MFLOP/sec)
 CPU time for f12 integrals (total)               7.20 sec, Elapsed time:      9.27 sec
 CPU time for f12 matrices (total)                0.11 sec, Elapsed time:      0.14 sec

 Diagonal F12 approximation with fixed coefficients:  TSING= 0.500,  TTRIP= 0.250 (scaled by -1/beta)

 DF-MP2-F12 energy corrections:
 ==============================
 Approx.                                    Singlet             Triplet             Total
 DF-MP2-F12/3*C(DX,FIX)                -0.038344871827     -0.004232867049     -0.042577738876
 DF-MP2-F12/3*C(FIX)                   -0.036125686220     -0.003946208644     -0.040071894864
 DF-MP2-F12/3C(FIX)                    -0.036066018641     -0.004081184601     -0.040147203242

 DF-MP2-F12 correlation energies:
 ================================
 Approx.                                    Singlet             Triplet             Ecorr            Total Energy
 DF-MP2                                -0.290624288694     -0.152282932432     -0.442907221126   -115.543343163180
 DF-MP2-F12/3*C(DX,FIX)                -0.328969160521     -0.156515799481     -0.485484960002   -115.585920902056
 DF-MP2-F12/3*C(FIX)                   -0.326749974914     -0.156229141076     -0.482979115990   -115.583415058044
 DF-MP2-F12/3C(FIX)                    -0.326690307335     -0.156364117032     -0.483054424368   -115.583490366422

 SCS-DF-MP2 energies (F_SING= 1.20000  F_TRIP= 0.62222  F_PARALLEL= 0.33333):
 ============================================================================
 SCS-DF-MP2                            -0.443502971057   -115.543938913111
 SCS-DF-MP2-F12/3*C(DX,FIX)            -0.492150601191   -115.592586543245
 SCS-DF-MP2-F12/3*C(FIX)               -0.489309213233   -115.589745155287
 SCS-DF-MP2-F12/3C(FIX)                -0.489321597178   -115.589757539232

 Symmetry restored.
 Symmetry transformation completed.

 Number of N-1 electron functions:               7
 Number of N-2 electron functions:              28
 Number of singly external CSFs:               659
 Number of doubly external CSFs:            355020
 Total number of CSFs:                      355680

 Length of J-op  integral file:             103.62 MB
 Length of K-op  integral file:             127.95 MB
 Length of 3-ext integral record:             0.00 MB

 Memory could be reduced to 24.20 Mwords without degradation in triples

 Integral transformation finished. Total CPU:   1.16 sec, npass=  1  Memory used:   7.45 MW

 Reference energy:                   -115.10043594

 Adding F12 terms to K(Cij), methodcc=6,  factor= 1.0

 ITER.      SQ.NORM     CORR.ENERGY   TOTAL ENERGY   ENERGY CHANGE        DEN1      VAR(S)    VAR(P)  DIIS     TIME  TIME/IT
   1      1.11695442    -0.45237939  -115.55281533    -0.00940637     0.00146138  0.14D-02  0.18D-02  1  1    14.91     0.92
   2      1.12426146    -0.45275044  -115.55318638    -0.00037104    -0.00895303  0.24D-04  0.22D-03  2  2    15.76     0.93
   3      1.12694301    -0.45292465  -115.55336059    -0.00017421    -0.00184678  0.14D-04  0.13D-04  3  3    16.59     0.93
   4      1.12786362    -0.45294272  -115.55337866    -0.00001807    -0.00058645  0.84D-06  0.11D-05  4  4    17.46     0.95
   5      1.12801333    -0.45294405  -115.55337999    -0.00000133    -0.00003628  0.22D-06  0.97D-07  5  5    18.29     0.95
   6      1.12805392    -0.45294180  -115.55337774     0.00000224    -0.00000390  0.34D-07  0.91D-08  6  6    19.13     0.95
   7      1.12806461    -0.45294094  -115.55337688     0.00000086    -0.00000291  0.38D-08  0.13D-08  6  1    19.97     0.95
   8      1.12806634    -0.45294100  -115.55337694    -0.00000006     0.00000032  0.63D-09  0.19D-09  6  3    20.83     0.95

 Norm of t1 vector:      0.04950301      S-energy:    -0.00000035      T1 diagnostic:  0.00935519
                                                                       D1 diagnostic:  0.01981931

 Adding energy correction from Wij-K(Fij), methodcc=6  factor= 1.0

  CCSD correlation energy              -0.452941001532
  MP2-F12 correction (uncoupled)       -0.038604619743
  C*T doubles correction               -0.001159684308
  f12b correction                       0.007091380045


 Total CPU time for triples:     11.42 sec


 RESULTS
 =======

  Reference energy                   -115.099070894012
  F12 singles correction               -0.001365048042

 F12 singles corrections added to reference energy

  New reference energy               -115.100435942054

  F12a singlet correction              -0.035830205362
  F12a triplet correction              -0.003934098689
  F12a total correction                -0.039764304050

 F12a corrections for ansatz F12/3C(FIX) added to CCSD energy

  CCSD-F12a singlet pair energy        -0.350668684408
  CCSD-F12a triplet pair energy        -0.142036267661
  CCSD-F12a correlation energy         -0.492705305582

  Triples (T) contribution             -0.015879213454
  Total correlation energy             -0.508584519036

  CCSD-F12a total energy             -115.593141247636
  CCSD[T]-F12a energy                -115.609560461826
  CCSD-T-F12a energy                 -115.608784148610
 !CCSD(T)-F12a total energy          -115.609020461090

 F12b corrections for ansatz F12/3C(FIX) added to CCSD(T)-F12a energy

  CCSD-F12b singlet pair energy        -0.344040348749
  CCSD-F12b triplet pair energy        -0.141573223276
  CCSD-F12b correlation energy         -0.485613925537

  Triples (T) contribution             -0.015879213454
  Total correlation energy             -0.501493138991

  CCSD-F12b total energy             -115.586049867592
  CCSD[T]-F12b energy                -115.602469081781
  CCSD-T-F12b energy                 -115.601692768566
 !CCSD(T)-F12b total energy          -115.601929081046

 Timing summary (sec):

 STEP                 CPU(USER)    SYS     CPU(TOT)    WALL
 Transformation          1.17      0.29      1.46      1.51
 CCSD iterations         6.77      0.72      7.49      7.63
 Triples                11.42      0.46     11.88     12.08
 MP2-F12                12.90      1.00     13.90     15.75
 F12b energy             0.67      0.06      0.73      0.74

 Program statistics:

 Available memory in ccsd:               499999650
 Min. memory needed in ccsd:               1149135
 Max. memory used in ccsd:                 1443104
 Max. memory used in cckext:               1888566 ( 9 integral passes)



 **********************************************************************************************************************************
 DATASETS  * FILE   NREC   LENGTH (MB)   RECORD NAMES
              1      20      386.59       500      610      700      900      950      970     1000      129      960     1100   
                                          VAR    BASINP    GEOM    SYMINP    ZMAT    AOBASIS   BASIS     P2S    ABASIS      S 
                                         1400     1410     1200     1210     1080     1600     1650     1300     1700     1380   
                                           T        V       H0       H01     AOSYM     SMH    MOLCAS    ERIS     OPER     JKOP   

              2       7        3.55       700     1000      520     2100     7360     7350     7000   
                                         GEOM     BASIS   MCVARS     RHF    F12ABS    EF12   

 PROGRAMS   *        TOTAL   CCSD(T)   MP2-F12    HF-SCF       INT
 CPU TIMES  *        55.28     32.95     13.45      2.94      5.83
 REAL TIME  *        98.44 SEC
 DISK USED  *         1.14 GB
 **********************************************************************************************************************************
 SETTING XXX            =    "MMM"
 SETTING POINT          =         9.00000000                                  

 *** ### CH3OH


 XXX       RCO          ROH          RCH1         RCH2         RCH3           ACOH           AOCH1          AOCH2          AOCH3         AHH1           AHH2           AHH3            ENERGY      POINT
 "MMM"   1.40077677   0.96013932   1.09171752   1.08440070   1.09171752   108.12930637   111.65221523   107.18733878   111.65221523   61.43364279   180.00000000   298.56635721   -115.60902046   9.0000
                                                  

 CCSD(T)-F12/cc-pVTZ-F12 energy=   -115.601929081046

     CCSD(T)-F12         MP2-F12          HF-SCF
   -115.60192908   -115.58355476   -115.09907089
 **********************************************************************************************************************************
 Molpro calculation terminated
