
 Primary working directories    : /tmpdir/job/2955658.undefined/molpro.NIwcrgmNqJ
 Secondary working directories  : /tmpdir/job/2955658.undefined/molpro.NIwcrgmNqJ
 Wavefunction directory         : /home/zcaposm/wfu/
 Main file repository           : /tmpdir/job/2955658.undefined/molpro.NIwcrgmNqJ/

 id        : uclcc

 Nodes                         nprocs
 node-d00a-106.myriad.ucl.ac.uk    1

 Using customized tuning parameters: mindgm=1; mindgv=20; mindgc=4; mindgr=1; noblas=0; minvec=7
 default implementation of scratch files=df  


 Variables initialized (945), CPU time= 0.01 sec
 ***,Methanol Ground State Energy with CCSD(T)-F12 and cc-pVTZ-F12
 memory,500,m;
 
 geometry={angstrom
 c
 o , 1, rco
 h , 2, roh, 1, acoh
 h1, 1, rch1, 2, aoch1  3  ahh1
 h2, 1, rch2, 2, aoch2, 3, ahh2
 h3, 1, rch3, 2, aoch3, 3, ahh3
 }
 
                                                ! Specify the initial values of the internal coordinates (in Angstroms and degrees)
 
 rco= 1.42077677
 roh= 0.96013932
 rch1= 1.091717515605
 rch2= 1.08440070258
 rch3= 1.091717515605
 acoh= 108.12930637
 aoch1= 111.6522152299
 aoch2= 107.18733878260001
 aoch3= 111.6522152299
 ahh1=61.433642790000015
 ahh2=180.20412414523193
 ahh3=298.362233064768
 
                                                                                 ! Use the cc-pVTZ-F12 basis set
 basis=cc-pVTZ-F12
 
 hf
 
                                                                                 ! Use explicitly correlated F12 methods
                                                                            ! First, MP2-F12 (useful for initial electronic energy)
 {mp2-f12}
 
                                                                        ! If desired, perform CCSD(T)-F12 for more accurate results
 {ccsd(t)-f12}
 
                                                                                 ! Output the energy
 xxx = "mmm"
 point = 89
 text ### CH3OH
 table,xxx,rco,roh,rch1,rch2,rch3,acoh,aoch1,aoch2,aoch3,ahh1,ahh2,ahh3,energy,point
 DIGITS, 0, 8, 8, 8, 8, 8, 8, 8, 8, 8,  8,  8,  8, 8, 4
 save,CH3OH_MEP_MP2_89.dat,new
 
 Commands  initialized (802), CPU time= 0.01 sec, 659 directives.
 Default parameters read. Elapsed time= 0.94 sec

 Checking input...
 Passed
1


                                         ***  PROGRAM SYSTEM MOLPRO  ***
                                       Copyright, TTI GmbH Stuttgart, 2015
                                    Version 2020.1 linked Oct  6 2020 12:04:11


 **********************************************************************************************************************************
 LABEL *   Methanol Ground State Energy with CCSD(T)-F12 and cc-pVTZ-F12                 
  64 bit serial version                                                                  DATE: 08-Oct-24          TIME: 17:30:48  
 **********************************************************************************************************************************

 SHA1:             8c27446f6450a7499e38f603e13c65f775101d37
 **********************************************************************************************************************************

 Memory per process:       500 MW
 Total memory per node:    500 MW

 GA preallocation disabled
 GA check disabled

 Variable memory set to 500.0 MW

 SETTING RCO            =         1.42077677                                  
 SETTING ROH            =         0.96013932                                  
 SETTING RCH1           =         1.09171752                                  
 SETTING RCH2           =         1.08440070                                  
 SETTING RCH3           =         1.09171752                                  
 SETTING ACOH           =       108.12930637                                  
 SETTING AOCH1          =       111.65221523                                  
 SETTING AOCH2          =       107.18733878                                  
 SETTING AOCH3          =       111.65221523                                  
 SETTING AHH1           =        61.43364279                                  
 SETTING AHH2           =       180.20412415                                  
 SETTING AHH3           =       298.36223306                                  
 SETTING BASIS          =    CC-PVTZ-F12


 Recomputing integrals since basis changed


 Using spherical harmonics

 Library entry C      S cc-pVTZ-F12          selected for orbital group  1
 Library entry C      P cc-pVTZ-F12          selected for orbital group  1
 Library entry C      D cc-pVTZ-F12          selected for orbital group  1
 Library entry C      F cc-pVTZ-F12          selected for orbital group  1
 Library entry O      S cc-pVTZ-F12          selected for orbital group  2
 Library entry O      P cc-pVTZ-F12          selected for orbital group  2
 Library entry O      D cc-pVTZ-F12          selected for orbital group  2
 Library entry O      F cc-pVTZ-F12          selected for orbital group  2
 Library entry H      S cc-pVTZ-F12          selected for orbital group  3
 Library entry H      P cc-pVTZ-F12          selected for orbital group  3
 Library entry H      D cc-pVTZ-F12          selected for orbital group  3


 PROGRAM * SEWARD (Integral evaluation for generally contracted gaussian basis sets)     Author: Roland Lindh, 1990

 Geometry written to block  1 of record 700

 Orientation using atomic masses  
 Molecule type: Asymmetric top
 Rotational constants:      23.9618419     24.8039599    128.7887582 GHz  (calculated with average atomic masses)

 Point group  C1  



 ATOMIC COORDINATES

 NR  ATOM    CHARGE       X              Y              Z

   1  C       6.00    0.000614198    0.025666124   -1.376576087
   2  O       8.00    0.000821344   -0.122131471    1.304231807
   3  H       1.00   -0.012837160    1.568448329    1.962868305
   4  H1      1.00    1.677269636    0.996412053   -2.085548767
   5  H2      1.00    0.009149597   -1.895722532   -2.088964163
   6  H3      1.00   -1.693938599    0.963652239   -2.087094379

 Bond lengths in Bohr (Angstrom)

 1-2  2.684878979  1-4  2.063047110  1-5  2.049220337  1-6  2.063047110  2-3  1.814400356
     ( 1.420776770)     ( 1.091717516)     ( 1.084400703)     ( 1.091717516)     ( 0.960139320)

 Bond angles

  1-2-3  108.12930637   2-1-4  111.65221523   2-1-5  107.18733878   2-1-6  111.65221523

  4-1-5  108.56226884   4-1-6  109.58800008   5-1-6  108.05876003

 NUCLEAR CHARGE:                   18
 NUMBER OF PRIMITIVE AOS:         228
 NUMBER OF SYMMETRY AOS:          206
 NUMBER OF CONTRACTIONS:          178   (  178A   )
 NUMBER OF INNER CORE ORBITALS:     0   (    0A   )
 NUMBER OF OUTER CORE ORBITALS:     2   (    2A   )
 NUMBER OF VALENCE ORBITALS:       12   (   12A   )


 NUCLEAR REPULSION ENERGY   40.34544422

 Eigenvalues of metric

         1 0.880E-04 0.183E-03 0.309E-03 0.323E-03 0.460E-03 0.493E-03 0.560E-03 0.570E-03


 Contracted 2-electron integrals neglected if value below      1.0D-11
 AO integral compression algorithm  1   Integral accuracy      1.0D-11

     604.504 MB (compressed) written to integral file ( 50.7%)


 NUMBER OF SORTED TWO-ELECTRON INTEGRALS:  126906346.     BUFFER LENGTH:  32768
 NUMBER OF SEGMENTS:   8  SEGMENT LENGTH:   15999503      RECORD LENGTH: 524288

 Memory used in sort:      16.56 MW

 SORT1 READ   149034713. AND WROTE   124715610. INTEGRALS IN    360 RECORDS. CPU TIME:     3.85 SEC, REAL TIME:   113.53 SEC
 SORT2 READ   124715610. AND WROTE   126906346. INTEGRALS IN   2306 RECORDS. CPU TIME:     3.37 SEC, REAL TIME:   238.68 SEC

 FILE SIZES:   FILE 1:   635.7 MBYTE,  FILE 4:  1510.0 MBYTE,   TOTAL:   2145.7 MBYTE

 OPERATOR DM      FOR CENTER  0  COORDINATES:    0.000000    0.000000    0.000000


 **********************************************************************************************************************************
 DATASETS  * FILE   NREC   LENGTH (MB)   RECORD NAMES
              1      19      558.28       500      610      700      900      950      970     1000      129      960     1100   
                                          VAR    BASINP    GEOM    SYMINP    ZMAT    AOBASIS   BASIS     P2S    ABASIS      S 
                                         1400     1410     1200     1210     1080     1600     1650     1300     1700   
                                           T        V       H0       H01     AOSYM     SMH    MOLCAS    ERIS     OPER   

 PROGRAMS   *        TOTAL       INT
 CPU TIMES  *        12.49     12.27
 REAL TIME  *       399.23 SEC
 DISK USED  *         2.15 GB
 **********************************************************************************************************************************


 PROGRAM * RHF-SCF (CLOSED SHELL)       Authors: W. Meyer, H.-J. Werner


 NUMBER OF ELECTRONS:       9+    9-    SPACE SYMMETRY=1    SPIN SYMMETRY: Singlet 
 CONVERGENCE THRESHOLDS:    1.00E-05 (Density)    1.00E-07 (Energy)
 MAX. NUMBER OF ITERATIONS:       60
 INTERPOLATION TYPE:            DIIS
 INTERPOLATION STEPS:              2 (START)      1 (STEP)
 LEVEL SHIFTS:                  0.00 (CLOSED)  0.00 (OPEN) 



 Orbital guess generated from atomic densities. Full valence occupancy:   14

 Molecular orbital dump at record        2100.2

 Initial occupancy:   9

 ITERATION    DDIFF          GRAD             ENERGY        2-EL.EN.            DIPOLE MOMENTS         DIIS   ORB.
    1      0.000D+00      0.000D+00      -115.06237072    164.484208   -0.00811    0.90366   -0.47784    0    start
    2      0.000D+00      0.506D-02      -115.09071952    161.902417   -0.00447    0.49622   -0.30362    1    diag
    3      0.480D-02      0.277D-02      -115.09820444    163.165388   -0.00526    0.59957   -0.39681    2    diag
    4      0.163D-02      0.546D-03      -115.09873672    162.988854   -0.00519    0.59448   -0.39225    3    diag
    5      0.436D-03      0.110D-03      -115.09877112    163.000326   -0.00513    0.59052   -0.39707    4    diag
    6      0.121D-03      0.205D-04      -115.09877268    162.998100   -0.00513    0.59066   -0.39786    5    diag
    7      0.349D-04      0.434D-05      -115.09877275    162.997720   -0.00513    0.59048   -0.39813    6    diag
    8      0.877D-05      0.114D-05      -115.09877275    162.998064   -0.00513    0.59047   -0.39815    0    orth

 Final occupancy:   9

 !RHF STATE  1.1 Energy              -115.098772752752
 Nuclear energy                        40.34544422
 One-electron energy                 -236.94324877
 Two-electron energy                   81.49903179
 Virial quotient                       -1.00101622
 !RHF STATE  1.1 Dipole moment         -0.00512818     0.59047370    -0.39814650
 Dipole moment /Debye                  -0.01303369     1.50073615    -1.01192119

 Orbital energies:

         1.1          2.1          3.1          4.1          5.1          6.1          7.1          8.1          9.1         10.1
    -20.556344   -11.269747    -1.356922    -0.926378    -0.690687    -0.621758    -0.594367    -0.504123    -0.452266     0.054673

        11.1
      0.065005


 HOMO      9.1    -0.452266 =     -12.3068eV
 LUMO     10.1     0.054673 =       1.4877eV
 LUMO-HOMO         0.506939 =      13.7945eV


 **********************************************************************************************************************************
 DATASETS  * FILE   NREC   LENGTH (MB)   RECORD NAMES
              1      19      558.28       500      610      700      900      950      970     1000      129      960     1100   
                                          VAR    BASINP    GEOM    SYMINP    ZMAT    AOBASIS   BASIS     P2S    ABASIS      S 
                                         1400     1410     1200     1210     1080     1600     1650     1300     1700   
                                           T        V       H0       H01     AOSYM     SMH    MOLCAS    ERIS     OPER   

              2       4        3.48       700     1000      520     2100   
                                         GEOM     BASIS   MCVARS     RHF  

 PROGRAMS   *        TOTAL    HF-SCF       INT
 CPU TIMES  *        21.47      8.98     12.27
 REAL TIME  *       450.88 SEC
 DISK USED  *         2.15 GB
 **********************************************************************************************************************************


 PROGRAM * MP2 (Closed-shell)     Authors: C. Hampel, H.-J. Werner, 1991, M. Deegan, P.J. Knowles, 1992

                                   MP2-F12 implementation by H.-J. Werner, 2007

                   Density fitting integral evaluation by F.R. Manby, 2003,2007, G. Knizia, 2010


 Basis set AUG-CC-PVTZ/JKFIT generated.  Number of basis functions:   392 
 Basis set CC-PVTZ-F12/OPTRI generated.  Number of basis functions:   314 
 Basis set AUG-CC-PVTZ/MP2FIT generated. Number of basis functions:   396 

 Convergence thresholds:  THRVAR = 1.00D-08  THRDEN = 1.00D-06

 Number of core orbitals:           2 (   2 )
 Number of closed-shell orbitals:   7 (   7 )
 Number of external orbitals:     169 ( 169 )

 Molecular orbitals read from record     2100.2  Type=RHF/CANONICAL (state 1.1)

 MP2-F12 correlation treatment (H.-J. Werner, 2006)
 ==================================================

 Using MP2-F12 with ansatz 3C(FIX)

 Using projected zeroth-order Hamiltonian (+Z)

 FOCKRIB=T FOCKRIC=T FOCKRIP=T CABSP=T CABSA=T CABSK=T CABSF=T GBC=F EBC=F DMAT=T NOFIK=T NOPAO=1 SOLVE=-1  USEPAO=0
 EXCH_A= T EXCH_B= F EXCH_C= F EXCH_P= F

 Geminal basis:    OPTFULL  GEM_TYPE=SLATER  BETA=1.0  NGEM=6

 Optimizing Gaussian exponents for each gem_beta

 Geminal optimization for beta= 1.0000
 Weight function:   m=0, omega= 1.4646

 Augmented Hessian optimization of geminal fit. Trust ratio= 0.40000
 Convergence reached after   2 iterations. Final gradient= 8.66D-16, Step= 4.23D-06, Delta= 1.28D-09

 Alpha:                 0.19532     0.81920     2.85917     9.50073    35.69989   197.79328
 Coeff:                 0.27070     0.30552     0.18297     0.10986     0.06810     0.04224


 All pairs explicitly correlated. Number of r12-pairs:           28

 Excluding core orbitals from MO domains

 AO(A)-basis ORBITAL           loaded. Number of functions:     178
 RI(R)-basis CC-PVTZ-F12/OPTRI loaded. Number of functions:     314
 DF-basis AUG-CC-PVTZ/JKFIT    loaded. Number of functions:     392

 Screening thresholds:   THRAO=  1.00D-10  THRMO=  1.00D-09  THRPROD=  1.00D-09
                         THRSW=  1.00D-05  THROV=  1.00D-12  THRAOF12= 1.00D-08

 CPU time for Fock operators                      1.84 sec

 Construction of ABS:
 Smallest eigenvalue of S          4.36E-04  (threshold= 1.00E-08)
 Ratio eigmin/eigmax               5.58E-05  (threshold= 1.00E-09)
 Smallest eigenvalue of S kept     4.36E-04  (threshold= 4.36E-04, 0 functions deleted, 314 kept)

 Construction of CABS:
 Smallest eigenvalue of S          7.26E-07  (threshold= 1.00E-08)
 Ratio eigmin/eigmax               7.26E-07  (threshold= 1.00E-09)
 Smallest eigenvalue of S kept     7.26E-07  (threshold= 7.26E-07, 0 functions deleted, 314 kept)

 CPU time for CABS singles                        0.06 sec

 CABS-singles contribution of  -0.00135363 patched into reference energy.
 New reference energy        -115.10012638

 AO(A)-basis ORBITAL           loaded. Number of functions:     178
 RI(R)-basis CC-PVTZ-F12/OPTRI loaded. Number of functions:     314
 DF-basis AUG-CC-PVTZ/MP2FIT   loaded. Number of functions:     396

 Screening thresholds:   THRAO=  1.00D-10  THRMO=  1.00D-09  THRPROD=  1.00D-09
                         THRSW=  1.00D-05  THROV=  1.00D-12  THRAOF12= 1.00D-08

 CPU time for 3-index integral evaluation         3.61 sec
 CPU time for first  half transformation          0.34 sec ( 7261.9 MFLOP/sec)
 CPU time for second half transformation          0.02 sec ( 3108.5 MFLOP/sec)
 CPU time for sorting                             0.03 sec
 CPU time for fitting                             0.04 sec (28485.6 MFLOP/sec)
 CPU time for tilde quantities                    0.05 sec (30209.0 MFLOP/sec)
 CPU time for assembly                            0.24 sec (51473.3 MFLOP/sec)
 CPU time for tranop_f12                          0.29 sec (54690.4 MFLOP/sec)
 CPU time for f12 integrals (total)               5.16 sec, Elapsed time:     14.29 sec
 CPU time for f12 matrices (total)                0.13 sec, Elapsed time:      1.22 sec

 Diagonal F12 approximation with fixed coefficients:  TSING= 0.500,  TTRIP= 0.250 (scaled by -1/beta)

 DF-MP2-F12 energy corrections:
 ==============================
 Approx.                                    Singlet             Triplet             Total
 DF-MP2-F12/3*C(DX,FIX)                -0.038287482891     -0.004212654678     -0.042500137569
 DF-MP2-F12/3*C(FIX)                   -0.036088685780     -0.003930911724     -0.040019597504
 DF-MP2-F12/3C(FIX)                    -0.036031375150     -0.004065884547     -0.040097259698

 DF-MP2-F12 correlation energies:
 ================================
 Approx.                                    Singlet             Triplet             Ecorr            Total Energy
 DF-MP2                                -0.291096138227     -0.152365303073     -0.443461441300   -115.543587819714
 DF-MP2-F12/3*C(DX,FIX)                -0.329383621118     -0.156577957751     -0.485961578869   -115.586087957283
 DF-MP2-F12/3*C(FIX)                   -0.327184824007     -0.156296214797     -0.483481038804   -115.583607417218
 DF-MP2-F12/3C(FIX)                    -0.327127513377     -0.156431187621     -0.483558700998   -115.583685079412

 SCS-DF-MP2 energies (F_SING= 1.20000  F_TRIP= 0.62222  F_PARALLEL= 0.33333):
 ============================================================================
 SCS-DF-MP2                            -0.444120443340   -115.544246821754
 SCS-DF-MP2-F12/3*C(DX,FIX)            -0.492686630165   -115.592813008578
 SCS-DF-MP2-F12/3*C(FIX)               -0.489872766904   -115.589999145318
 SCS-DF-MP2-F12/3C(FIX)                -0.489887977239   -115.590014355653
 Symmetry transformation completed.

 Number of N-1 electron functions:               7
 Number of N-2 electron functions:              28
 Number of singly external CSFs:              1183
 Number of doubly external CSFs:            700336
 Total number of CSFs:                      701520

 Length of J-op  integral file:             104.98 MB
 Length of K-op  integral file:             138.67 MB

 Integral transformation finished. Total CPU:   1.40 sec, npass=  1  Memory used:   2.18 MW

 ITER.      SQ.NORM     CORR.ENERGY   TOTAL ENERGY   ENERGY CHANGE     VAR   MIC
   1      1.00000000    -0.44352784  -115.54365422    -0.44352784  0.00D+00   0
   2      1.11473676    -0.44352784  -115.54365422    -0.00000000  0.31D-15   0

 Solving MP2-F12 equations

   1      1.11470045    -0.48286708  -115.58299346    -0.03933924 -0.37D-04   0
   2      1.11470045    -0.48362370  -115.58375008    -0.00075662  0.77D-18   0
   3      1.11470045    -0.48362370  -115.58375008     0.00000000 -0.54D-19   0

 CPU TIME FOR ITERATIVE MP2:    0.13 SEC


 MP2-F12 energy corrections:
 ===========================
 Approx.                                    Singlet             Triplet             Total
 MP2-F12/3*C(DX,FIX)                   -0.038287482891     -0.004212654678     -0.042500137569
 MP2-F12/3*C(FIX)                      -0.036088685780     -0.003930911724     -0.040019597504
 MP2-F12/3C(FIX)                       -0.036028674320     -0.004067181383     -0.040095855703

 MP2-F12 correlation energies:
 =============================
 Approx.                                    Singlet             Triplet             Ecorr            Total Energy
 MP2                                   -0.291279453622     -0.152248387616     -0.443527841238   -115.543654219651
 MP2-F12/3*C(DX,FIX)                   -0.329566936513     -0.156461042294     -0.486027978807   -115.586154357220
 MP2-F12/3*C(FIX)                      -0.327368139402     -0.156179299340     -0.483547438742   -115.583673817155
 MP2-F12/3C(FIX)                       -0.327308127942     -0.156315568998     -0.483623696940   -115.583750075354

 SCS-MP2 energies (F_SING= 1.20000  F_TRIP= 0.62222  F_PARALLEL= 0.33333):
 =========================================================================
 SCS-MP2                               -0.444267674418   -115.544394052832
 SCS-MP2-F12/3*C(DX,FIX)               -0.492833861243   -115.592960239656
 SCS-MP2-F12/3*C(FIX)                  -0.490019997982   -115.590146376396
 SCS-MP2-F12/3C(FIX)                   -0.490032774240   -115.590159152654


  Reference energy                   -115.098772752752
  F12 singles correction               -0.001353625661

 F12 singles corrections added to reference energy

  New reference energy               -115.100126378414

  F12/3C(F) singlet correction         -0.036028674320
  F12/3C(F) triplet correction         -0.004067181383
  F12/3C(F) total correction           -0.040095855703
  MP2-F12/3C(F) singlet pair energy    -0.327308127942
  MP2-F12/3C(F) triplet pair energy    -0.156315568998
  MP2-F12/3C(F) correlation energy     -0.483623696940

 !MP2-F12/3C(F) total energy         -115.583750075354


 **********************************************************************************************************************************
 DATASETS  * FILE   NREC   LENGTH (MB)   RECORD NAMES
              1      20      569.45       500      610      700      900      950      970     1000      129      960     1100   
                                          VAR    BASINP    GEOM    SYMINP    ZMAT    AOBASIS   BASIS     P2S    ABASIS      S 
                                         1400     1410     1200     1210     1080     1600     1650     1300     1700     1380   
                                           T        V       H0       H01     AOSYM     SMH    MOLCAS    ERIS     OPER     JKOP   

              2       7        4.13       700     1000      520     2100     7360     7350     7000   
                                         GEOM     BASIS   MCVARS     RHF    F12ABS    EF12   

 PROGRAMS   *        TOTAL   MP2-F12    HF-SCF       INT
 CPU TIMES  *        30.52      9.04      8.98     12.27
 REAL TIME  *       483.60 SEC
 DISK USED  *         2.15 GB
 **********************************************************************************************************************************


 PROGRAM * CCSD (Closed-shell coupled cluster)     Authors: C. Hampel, H.-J. Werner, 1991, M. Deegan, P.J. Knowles, 1992

                                  CCSD-F12 implementation by  H.-J. Werner, 2007

                   Density fitting integral evaluation by F.R. Manby, 2003,2007, G. Knizia, 2010



 Convergence thresholds:  THRVAR = 1.00D-08  THRDEN = 1.00D-06

 CCSD(T)     terms to be evaluated (factor= 1.000)


 Number of core orbitals:           2 (   2 )
 Number of closed-shell orbitals:   7 (   7 )
 Number of external orbitals:     169 ( 169 )

 Molecular orbitals read from record     2100.2  Type=RHF/CANONICAL (state 1.1)

 MP2-F12 correlation treatment (H.-J. Werner, 2006)
 ==================================================

 Using MP2-F12 with ansatz 3C(FIX)

 Using projected zeroth-order Hamiltonian (+Z)

 FOCKRIB=T FOCKRIC=T FOCKRIP=T CABSP=T CABSA=T CABSK=T CABSF=T GBC=F EBC=F DMAT=T NOFIK=T NOPAO=1 SOLVE=-1  USEPAO=0
 EXCH_A= T EXCH_B= F EXCH_C= F EXCH_P= F

 Geminal basis:    OPTFULL  GEM_TYPE=SLATER  BETA=1.0  NGEM=6

 Optimizing Gaussian exponents for each gem_beta

 Geminal optimization for beta= 1.0000
 Weight function:   m=0, omega= 1.4646

 Augmented Hessian optimization of geminal fit. Trust ratio= 0.40000
 Convergence reached after   2 iterations. Final gradient= 8.66D-16, Step= 4.23D-06, Delta= 1.28D-09

 Alpha:                 0.19532     0.81920     2.85917     9.50073    35.69989   197.79328
 Coeff:                 0.27070     0.30552     0.18297     0.10986     0.06810     0.04224


 All pairs explicitly correlated. Number of r12-pairs:           28

 Excluding core orbitals from MO domains

 AO(A)-basis ORBITAL           loaded. Number of functions:     178
 RI(R)-basis CC-PVTZ-F12/OPTRI loaded. Number of functions:     314
 DF-basis AUG-CC-PVTZ/JKFIT    loaded. Number of functions:     392

 Screening thresholds:   THRAO=  1.00D-10  THRMO=  1.00D-09  THRPROD=  1.00D-09
                         THRSW=  1.00D-05  THROV=  1.00D-12  THRAOF12= 1.00D-08

 CPU time for Fock operators                      1.60 sec

 Construction of ABS:
 Smallest eigenvalue of S          4.36E-04  (threshold= 1.00E-08)
 Ratio eigmin/eigmax               5.58E-05  (threshold= 1.00E-09)
 Smallest eigenvalue of S kept     4.36E-04  (threshold= 4.36E-04, 0 functions deleted, 314 kept)

 Construction of CABS:
 Smallest eigenvalue of S          7.26E-07  (threshold= 1.00E-08)
 Ratio eigmin/eigmax               7.26E-07  (threshold= 1.00E-09)
 Smallest eigenvalue of S kept     7.26E-07  (threshold= 7.26E-07, 0 functions deleted, 314 kept)

 CPU time for CABS singles                        0.05 sec

 CABS-singles contribution of  -0.00135363 patched into reference energy.
 New reference energy        -115.10012638

 AO(A)-basis ORBITAL           loaded. Number of functions:     178
 RI(R)-basis CC-PVTZ-F12/OPTRI loaded. Number of functions:     314
 DF-basis AUG-CC-PVTZ/MP2FIT   loaded. Number of functions:     396

 Screening thresholds:   THRAO=  1.00D-10  THRMO=  1.00D-09  THRPROD=  1.00D-09
                         THRSW=  1.00D-05  THROV=  1.00D-12  THRAOF12= 1.00D-08

 CPU time for 3-index integral evaluation         3.39 sec
 CPU time for first  half transformation          0.33 sec ( 7482.0 MFLOP/sec)
 CPU time for second half transformation          0.03 sec ( 2072.3 MFLOP/sec)
 CPU time for sorting                             0.01 sec
 CPU time for fitting                             0.04 sec (28485.6 MFLOP/sec)
 CPU time for tilde quantities                    0.04 sec (37761.3 MFLOP/sec)
 CPU time for assembly                            0.22 sec (56152.7 MFLOP/sec)
 CPU time for tranop_f12                          0.29 sec (54690.4 MFLOP/sec)
 CPU time for f12 integrals (total)               4.81 sec, Elapsed time:      5.33 sec
 CPU time for f12 matrices (total)                0.13 sec, Elapsed time:      0.20 sec

 Diagonal F12 approximation with fixed coefficients:  TSING= 0.500,  TTRIP= 0.250 (scaled by -1/beta)

 DF-MP2-F12 energy corrections:
 ==============================
 Approx.                                    Singlet             Triplet             Total
 DF-MP2-F12/3*C(DX,FIX)                -0.038287482891     -0.004212654678     -0.042500137569
 DF-MP2-F12/3*C(FIX)                   -0.036088685780     -0.003930911724     -0.040019597504
 DF-MP2-F12/3C(FIX)                    -0.036031375150     -0.004065884547     -0.040097259698

 DF-MP2-F12 correlation energies:
 ================================
 Approx.                                    Singlet             Triplet             Ecorr            Total Energy
 DF-MP2                                -0.291096138227     -0.152365303073     -0.443461441300   -115.543587819714
 DF-MP2-F12/3*C(DX,FIX)                -0.329383621118     -0.156577957751     -0.485961578869   -115.586087957283
 DF-MP2-F12/3*C(FIX)                   -0.327184824007     -0.156296214797     -0.483481038804   -115.583607417218
 DF-MP2-F12/3C(FIX)                    -0.327127513377     -0.156431187621     -0.483558700998   -115.583685079412

 SCS-DF-MP2 energies (F_SING= 1.20000  F_TRIP= 0.62222  F_PARALLEL= 0.33333):
 ============================================================================
 SCS-DF-MP2                            -0.444120443340   -115.544246821754
 SCS-DF-MP2-F12/3*C(DX,FIX)            -0.492686630165   -115.592813008578
 SCS-DF-MP2-F12/3*C(FIX)               -0.489872766904   -115.589999145318
 SCS-DF-MP2-F12/3C(FIX)                -0.489887977239   -115.590014355653
 Symmetry transformation completed.

 Number of N-1 electron functions:               7
 Number of N-2 electron functions:              28
 Number of singly external CSFs:              1183
 Number of doubly external CSFs:            700336
 Total number of CSFs:                      701520

 Length of J-op  integral file:             105.23 MB
 Length of K-op  integral file:             138.67 MB
 Length of 3-ext integral record:             0.00 MB

 Memory could be reduced to 48.01 Mwords without degradation in triples

 Integral transformation finished. Total CPU:   3.62 sec, npass=  1  Memory used:  24.86 MW

 Reference energy:                   -115.10012638

 Adding F12 terms to K(Cij), methodcc=6,  factor= 1.0

 ITER.      SQ.NORM     CORR.ENERGY   TOTAL ENERGY   ENERGY CHANGE        DEN1      VAR(S)    VAR(P)  DIIS     TIME  TIME/IT
   1      1.11762430    -0.45286032  -115.55298670    -0.00933248     0.00166872  0.15D-02  0.19D-02  1  1    13.90    16.65
   2      1.12503389    -0.45322219  -115.55334857    -0.00036187    -0.00904633  0.24D-04  0.23D-03  2  2    16.92    12.74
   3      1.12776343    -0.45339962  -115.55352600    -0.00017743    -0.00186514  0.15D-04  0.13D-04  3  3    20.15    12.66
   4      1.12871065    -0.45341750  -115.55354388    -0.00001788    -0.00060017  0.86D-06  0.12D-05  4  4    23.16    11.92
   5      1.12886618    -0.45341905  -115.55354543    -0.00000156    -0.00003790  0.23D-06  0.10D-06  5  5    26.11    10.38
   6      1.12890874    -0.45341670  -115.55354308     0.00000235    -0.00000422  0.36D-07  0.96D-08  6  6    29.07     9.42
   7      1.12891986    -0.45341583  -115.55354221     0.00000087    -0.00000298  0.39D-08  0.14D-08  6  1    31.99     8.56
   8      1.12892166    -0.45341589  -115.55354227    -0.00000006     0.00000033  0.67D-09  0.20D-09  6  3    35.01     8.08

 Norm of t1 vector:      0.05000520      S-energy:     0.00000010      T1 diagnostic:  0.00945010
                                                                       D1 diagnostic:  0.02003346

 Adding energy correction from Wij-K(Fij), methodcc=6  factor= 1.0

  CCSD correlation energy              -0.453415888261
  MP2-F12 correction (uncoupled)       -0.038545663294
  C*T doubles correction               -0.001164838581
  f12b correction                       0.007098779904


 Total CPU time for triples:     37.21 sec


 RESULTS
 =======

  Reference energy                   -115.098772752752
  F12 singles correction               -0.001353625661

 F12 singles corrections added to reference energy

  New reference energy               -115.100126378414

  F12a singlet correction              -0.035791909195
  F12a triplet correction              -0.003918592681
  F12a total correction                -0.039710501876

 F12a corrections for ansatz F12/3C(FIX) added to CCSD energy

  CCSD-F12a singlet pair energy        -0.351210110207
  CCSD-F12a triplet pair energy        -0.141916381889
  CCSD-F12a correlation energy         -0.493126390136

  Triples (T) contribution             -0.016014665127
  Total correlation energy             -0.509141055264

  CCSD-F12a total energy             -115.593252768550
  CCSD[T]-F12a energy                -115.609820508931
  CCSD-T-F12a energy                 -115.609023710037
 !CCSD(T)-F12a total energy          -115.609267433677

 F12b corrections for ansatz F12/3C(FIX) added to CCSD(T)-F12a energy

  CCSD-F12b singlet pair energy        -0.344573416368
  CCSD-F12b triplet pair energy        -0.141454295824
  CCSD-F12b correlation energy         -0.486027610232

  Triples (T) contribution             -0.016014665127
  Total correlation energy             -0.502042275360

  CCSD-F12b total energy             -115.586153988646
  CCSD[T]-F12b energy                -115.602721729027
  CCSD-T-F12b energy                 -115.601924930133
 !CCSD(T)-F12b total energy          -115.602168653773

 Timing summary (sec):

 STEP                 CPU(USER)    SYS     CPU(TOT)    WALL
 Transformation          3.67      1.37      5.04     28.24
 CCSD iterations        24.61      5.40     30.01     65.19
 Triples                37.21      0.81     38.02     38.72
 MP2-F12                 6.74      0.38      7.12      8.56
 F12b energy             2.38      0.14      2.52      2.54

 Program statistics:

 Available memory in ccsd:               499999646
 Min. memory needed in ccsd:               2228017
 Max. memory used in ccsd:                 2807120
 Max. memory used in cckext:               2027429 ( 9 integral passes)



 **********************************************************************************************************************************
 DATASETS  * FILE   NREC   LENGTH (MB)   RECORD NAMES
              1      20      705.40       500      610      700      900      950      970     1000      129      960     1100   
                                          VAR    BASINP    GEOM    SYMINP    ZMAT    AOBASIS   BASIS     P2S    ABASIS      S 
                                         1400     1410     1200     1210     1080     1600     1650     1300     1700     1380   
                                           T        V       H0       H01     AOSYM     SMH    MOLCAS    ERIS     OPER     JKOP   

              2       7        4.13       700     1000      520     2100     7360     7350     7000   
                                         GEOM     BASIS   MCVARS     RHF    F12ABS    EF12   

 PROGRAMS   *        TOTAL   CCSD(T)   MP2-F12    HF-SCF       INT
 CPU TIMES  *       105.19     74.67      9.04      8.98     12.27
 REAL TIME  *       627.57 SEC
 DISK USED  *         2.15 GB
 **********************************************************************************************************************************
 SETTING XXX            =    "MMM"
 SETTING POINT          =        89.00000000                                  

 *** ### CH3OH


 XXX       RCO          ROH          RCH1         RCH2         RCH3           ACOH           AOCH1          AOCH2          AOCH3         AHH1           AHH2           AHH3            ENERGY       POINT
 "MMM"   1.42077677   0.96013932   1.09171752   1.08440070   1.09171752   108.12930637   111.65221523   107.18733878   111.65221523   61.43364279   180.20412415   298.36223306   -115.60926743   89.0000
                                                  

 CCSD(T)-F12/cc-pVTZ-F12 energy=   -115.602168653773

     CCSD(T)-F12         MP2-F12          HF-SCF
   -115.60216865   -115.58375008   -115.09877275
 **********************************************************************************************************************************
 Molpro calculation terminated
