
 Primary working directories    : /tmpdir/job/2955666.undefined/molpro.vzO7Kz6J4D
 Secondary working directories  : /tmpdir/job/2955666.undefined/molpro.vzO7Kz6J4D
 Wavefunction directory         : /home/zcaposm/wfu/
 Main file repository           : /tmpdir/job/2955666.undefined/molpro.vzO7Kz6J4D/

 id        : uclcc

 Nodes                         nprocs
 node-d00a-043.myriad.ucl.ac.uk    1

 Using customized tuning parameters: mindgm=1; mindgv=20; mindgc=4; mindgr=1; noblas=0; minvec=7
 default implementation of scratch files=df  


 Variables initialized (945), CPU time= 0.00 sec
 ***,Methanol Ground State Energy with CCSD(T)-F12 and cc-pVTZ-F12
 memory,500,m;
 
 geometry={angstrom
 c
 o , 1, rco
 h , 2, roh, 1, acoh
 h1, 1, rch1, 2, aoch1  3  ahh1
 h2, 1, rch2, 2, aoch2, 3, ahh2
 h3, 1, rch3, 2, aoch3, 3, ahh3
 }
 
                                                ! Specify the initial values of the internal coordinates (in Angstroms and degrees)
 
 rco= 1.42077677
 roh= 0.96013932
 rch1= 1.091717515605
 rch2= 1.08440070258
 rch3= 1.091717515605
 acoh= 108.12930637
 aoch1= 111.6522152299
 aoch2= 107.18733878260001
 aoch3= 111.6522152299
 ahh1=61.433642790000015
 ahh2=179.3876275643042
 ahh3=299.1787296456958
 
                                                                                 ! Use the cc-pVTZ-F12 basis set
 basis=cc-pVTZ-F12
 
 hf
 
                                                                                 ! Use explicitly correlated F12 methods
                                                                            ! First, MP2-F12 (useful for initial electronic energy)
 {mp2-f12}
 
                                                                        ! If desired, perform CCSD(T)-F12 for more accurate results
 {ccsd(t)-f12}
 
                                                                                 ! Output the energy
 xxx = "mmm"
 point = 96
 text ### CH3OH
 table,xxx,rco,roh,rch1,rch2,rch3,acoh,aoch1,aoch2,aoch3,ahh1,ahh2,ahh3,energy,point
 DIGITS, 0, 8, 8, 8, 8, 8, 8, 8, 8, 8,  8,  8,  8, 8, 4
 save,CH3OH_MEP_MP2_96.dat,new
 
 Commands  initialized (802), CPU time= 0.01 sec, 659 directives.
 Default parameters read. Elapsed time= 0.09 sec

 Checking input...
 Passed
1


                                         ***  PROGRAM SYSTEM MOLPRO  ***
                                       Copyright, TTI GmbH Stuttgart, 2015
                                    Version 2020.1 linked Oct  6 2020 12:04:11


 **********************************************************************************************************************************
 LABEL *   Methanol Ground State Energy with CCSD(T)-F12 and cc-pVTZ-F12                 
  64 bit serial version                                                                  DATE: 08-Oct-24          TIME: 17:30:41  
 **********************************************************************************************************************************

 SHA1:             8c27446f6450a7499e38f603e13c65f775101d37
 **********************************************************************************************************************************

 Memory per process:       500 MW
 Total memory per node:    500 MW

 GA preallocation disabled
 GA check disabled

 Variable memory set to 500.0 MW

 SETTING RCO            =         1.42077677                                  
 SETTING ROH            =         0.96013932                                  
 SETTING RCH1           =         1.09171752                                  
 SETTING RCH2           =         1.08440070                                  
 SETTING RCH3           =         1.09171752                                  
 SETTING ACOH           =       108.12930637                                  
 SETTING AOCH1          =       111.65221523                                  
 SETTING AOCH2          =       107.18733878                                  
 SETTING AOCH3          =       111.65221523                                  
 SETTING AHH1           =        61.43364279                                  
 SETTING AHH2           =       179.38762756                                  
 SETTING AHH3           =       299.17872965                                  
 SETTING BASIS          =    CC-PVTZ-F12


 Recomputing integrals since basis changed


 Using spherical harmonics

 Library entry C      S cc-pVTZ-F12          selected for orbital group  1
 Library entry C      P cc-pVTZ-F12          selected for orbital group  1
 Library entry C      D cc-pVTZ-F12          selected for orbital group  1
 Library entry C      F cc-pVTZ-F12          selected for orbital group  1
 Library entry O      S cc-pVTZ-F12          selected for orbital group  2
 Library entry O      P cc-pVTZ-F12          selected for orbital group  2
 Library entry O      D cc-pVTZ-F12          selected for orbital group  2
 Library entry O      F cc-pVTZ-F12          selected for orbital group  2
 Library entry H      S cc-pVTZ-F12          selected for orbital group  3
 Library entry H      P cc-pVTZ-F12          selected for orbital group  3
 Library entry H      D cc-pVTZ-F12          selected for orbital group  3


 PROGRAM * SEWARD (Integral evaluation for generally contracted gaussian basis sets)     Author: Roland Lindh, 1990

 Geometry written to block  1 of record 700

 Orientation using atomic masses  
 Molecule type: Asymmetric top
 Rotational constants:      23.9481692     24.8213373    128.7613320 GHz  (calculated with average atomic masses)

 Point group  C1  



 ATOMIC COORDINATES

 NR  ATOM    CHARGE       X              Y              Z

   1  C       6.00   -0.001918653    0.023802763   -1.376636443
   2  O       8.00   -0.002335872   -0.121776319    1.304292815
   3  H       1.00    0.036974635    1.568952542    1.961513672
   4  H1      1.00    1.702762852    0.941946402   -2.088841891
   5  H2      1.00   -0.025634690   -1.898048795   -2.087430457
   6  H3      1.00   -1.654161234    1.036507008   -2.084229508

 Bond lengths in Bohr (Angstrom)

 1-2  2.684878979  1-4  2.063047110  1-5  2.049220337  1-6  2.063047110  2-3  1.814400356
     ( 1.420776770)     ( 1.091717516)     ( 1.084400703)     ( 1.091717516)     ( 0.960139320)

 Bond angles

  1-2-3  108.12930637   2-1-4  111.65221523   2-1-5  107.18733878   2-1-6  111.65221523

  4-1-5  107.89060273   4-1-6  108.95895144   5-1-6  109.39816970

 NUCLEAR CHARGE:                   18
 NUMBER OF PRIMITIVE AOS:         228
 NUMBER OF SYMMETRY AOS:          206
 NUMBER OF CONTRACTIONS:          178   (  178A   )
 NUMBER OF INNER CORE ORBITALS:     0   (    0A   )
 NUMBER OF OUTER CORE ORBITALS:     2   (    2A   )
 NUMBER OF VALENCE ORBITALS:       12   (   12A   )


 NUCLEAR REPULSION ENERGY   40.34584660

 Eigenvalues of metric

         1 0.879E-04 0.183E-03 0.309E-03 0.323E-03 0.460E-03 0.493E-03 0.560E-03 0.570E-03


 Contracted 2-electron integrals neglected if value below      1.0D-11
 AO integral compression algorithm  1   Integral accuracy      1.0D-11

     609.485 MB (compressed) written to integral file ( 51.1%)


 NUMBER OF SORTED TWO-ELECTRON INTEGRALS:  126906346.     BUFFER LENGTH:  32768
 NUMBER OF SEGMENTS:   8  SEGMENT LENGTH:   15999503      RECORD LENGTH: 524288

 Memory used in sort:      16.56 MW

 SORT1 READ   149034713. AND WROTE   124770702. INTEGRALS IN    360 RECORDS. CPU TIME:     4.01 SEC, REAL TIME:   142.26 SEC
 SORT2 READ   124770702. AND WROTE   126906346. INTEGRALS IN   2325 RECORDS. CPU TIME:     2.06 SEC, REAL TIME:   350.57 SEC

 FILE SIZES:   FILE 1:   640.7 MBYTE,  FILE 4:  1510.0 MBYTE,   TOTAL:   2150.7 MBYTE

 OPERATOR DM      FOR CENTER  0  COORDINATES:    0.000000    0.000000    0.000000


 **********************************************************************************************************************************
 DATASETS  * FILE   NREC   LENGTH (MB)   RECORD NAMES
              1      19      562.80       500      610      700      900      950      970     1000      129      960     1100   
                                          VAR    BASINP    GEOM    SYMINP    ZMAT    AOBASIS   BASIS     P2S    ABASIS      S 
                                         1400     1410     1200     1210     1080     1600     1650     1300     1700   
                                           T        V       H0       H01     AOSYM     SMH    MOLCAS    ERIS     OPER   

 PROGRAMS   *        TOTAL       INT
 CPU TIMES  *        10.94     10.82
 REAL TIME  *       551.82 SEC
 DISK USED  *         2.15 GB
 **********************************************************************************************************************************


 PROGRAM * RHF-SCF (CLOSED SHELL)       Authors: W. Meyer, H.-J. Werner


 NUMBER OF ELECTRONS:       9+    9-    SPACE SYMMETRY=1    SPIN SYMMETRY: Singlet 
 CONVERGENCE THRESHOLDS:    1.00E-05 (Density)    1.00E-07 (Energy)
 MAX. NUMBER OF ITERATIONS:       60
 INTERPOLATION TYPE:            DIIS
 INTERPOLATION STEPS:              2 (START)      1 (STEP)
 LEVEL SHIFTS:                  0.00 (CLOSED)  0.00 (OPEN) 



 Orbital guess generated from atomic densities. Full valence occupancy:   14

 Molecular orbital dump at record        2100.2

 Initial occupancy:   9

 ITERATION    DDIFF          GRAD             ENERGY        2-EL.EN.            DIPOLE MOMENTS         DIIS   ORB.
    1      0.000D+00      0.000D+00      -115.06234615    164.484383    0.02348    0.90557   -0.47833    0    start
    2      0.000D+00      0.506D-02      -115.09070484    161.902085    0.01295    0.49716   -0.30379    1    diag
    3      0.480D-02      0.277D-02      -115.09819253    163.165604    0.01523    0.60047   -0.39710    2    diag
    4      0.163D-02      0.546D-03      -115.09872513    162.988959    0.01501    0.59531   -0.39255    3    diag
    5      0.436D-03      0.110D-03      -115.09875958    163.000431    0.01485    0.59130   -0.39737    4    diag
    6      0.122D-03      0.205D-04      -115.09876114    162.998223    0.01485    0.59144   -0.39816    5    diag
    7      0.350D-04      0.435D-05      -115.09876121    162.997829    0.01484    0.59126   -0.39843    6    diag
    8      0.877D-05      0.114D-05      -115.09876122    162.998180    0.01484    0.59125   -0.39844    0    orth

 Final occupancy:   9

 !RHF STATE  1.1 Energy              -115.098761215281
 Nuclear energy                        40.34584660
 One-electron energy                 -236.94369806
 Two-electron energy                   81.49909024
 Virial quotient                       -1.00101514
 !RHF STATE  1.1 Dipole moment          0.01483806     0.59125131    -0.39844484
 Dipole moment /Debye                   0.03771212     1.50271249    -1.01267945

 Orbital energies:

         1.1          2.1          3.1          4.1          5.1          6.1          7.1          8.1          9.1         10.1
    -20.556340   -11.269794    -1.356937    -0.926352    -0.691178    -0.621030    -0.594391    -0.504922    -0.451816     0.054580

        11.1
      0.065021


 HOMO      9.1    -0.451816 =     -12.2945eV
 LUMO     10.1     0.054580 =       1.4852eV
 LUMO-HOMO         0.506397 =      13.7798eV


 **********************************************************************************************************************************
 DATASETS  * FILE   NREC   LENGTH (MB)   RECORD NAMES
              1      19      562.80       500      610      700      900      950      970     1000      129      960     1100   
                                          VAR    BASINP    GEOM    SYMINP    ZMAT    AOBASIS   BASIS     P2S    ABASIS      S 
                                         1400     1410     1200     1210     1080     1600     1650     1300     1700   
                                           T        V       H0       H01     AOSYM     SMH    MOLCAS    ERIS     OPER   

              2       4        3.48       700     1000      520     2100   
                                         GEOM     BASIS   MCVARS     RHF  

 PROGRAMS   *        TOTAL    HF-SCF       INT
 CPU TIMES  *        19.42      8.48     10.82
 REAL TIME  *       620.18 SEC
 DISK USED  *         2.15 GB
 **********************************************************************************************************************************


 PROGRAM * MP2 (Closed-shell)     Authors: C. Hampel, H.-J. Werner, 1991, M. Deegan, P.J. Knowles, 1992

                                   MP2-F12 implementation by H.-J. Werner, 2007

                   Density fitting integral evaluation by F.R. Manby, 2003,2007, G. Knizia, 2010


 Basis set AUG-CC-PVTZ/JKFIT generated.  Number of basis functions:   392 
 Basis set CC-PVTZ-F12/OPTRI generated.  Number of basis functions:   314 
 Basis set AUG-CC-PVTZ/MP2FIT generated. Number of basis functions:   396 

 Convergence thresholds:  THRVAR = 1.00D-08  THRDEN = 1.00D-06

 Number of core orbitals:           2 (   2 )
 Number of closed-shell orbitals:   7 (   7 )
 Number of external orbitals:     169 ( 169 )

 Molecular orbitals read from record     2100.2  Type=RHF/CANONICAL (state 1.1)

 MP2-F12 correlation treatment (H.-J. Werner, 2006)
 ==================================================

 Using MP2-F12 with ansatz 3C(FIX)

 Using projected zeroth-order Hamiltonian (+Z)

 FOCKRIB=T FOCKRIC=T FOCKRIP=T CABSP=T CABSA=T CABSK=T CABSF=T GBC=F EBC=F DMAT=T NOFIK=T NOPAO=1 SOLVE=-1  USEPAO=0
 EXCH_A= T EXCH_B= F EXCH_C= F EXCH_P= F

 Geminal basis:    OPTFULL  GEM_TYPE=SLATER  BETA=1.0  NGEM=6

 Optimizing Gaussian exponents for each gem_beta

 Geminal optimization for beta= 1.0000
 Weight function:   m=0, omega= 1.4646

 Augmented Hessian optimization of geminal fit. Trust ratio= 0.40000
 Convergence reached after   2 iterations. Final gradient= 8.66D-16, Step= 4.23D-06, Delta= 1.28D-09

 Alpha:                 0.19532     0.81920     2.85917     9.50073    35.69989   197.79328
 Coeff:                 0.27070     0.30552     0.18297     0.10986     0.06810     0.04224


 All pairs explicitly correlated. Number of r12-pairs:           28

 Excluding core orbitals from MO domains

 AO(A)-basis ORBITAL           loaded. Number of functions:     178
 RI(R)-basis CC-PVTZ-F12/OPTRI loaded. Number of functions:     314
 DF-basis AUG-CC-PVTZ/JKFIT    loaded. Number of functions:     392

 Screening thresholds:   THRAO=  1.00D-10  THRMO=  1.00D-09  THRPROD=  1.00D-09
                         THRSW=  1.00D-05  THROV=  1.00D-12  THRAOF12= 1.00D-08

 CPU time for Fock operators                      1.55 sec

 Construction of ABS:
 Smallest eigenvalue of S          4.33E-04  (threshold= 1.00E-08)
 Ratio eigmin/eigmax               5.53E-05  (threshold= 1.00E-09)
 Smallest eigenvalue of S kept     4.33E-04  (threshold= 4.33E-04, 0 functions deleted, 314 kept)

 Construction of CABS:
 Smallest eigenvalue of S          7.25E-07  (threshold= 1.00E-08)
 Ratio eigmin/eigmax               7.25E-07  (threshold= 1.00E-09)
 Smallest eigenvalue of S kept     7.25E-07  (threshold= 7.25E-07, 0 functions deleted, 314 kept)

 CPU time for CABS singles                        0.04 sec

 CABS-singles contribution of  -0.00135366 patched into reference energy.
 New reference energy        -115.10011488

 AO(A)-basis ORBITAL           loaded. Number of functions:     178
 RI(R)-basis CC-PVTZ-F12/OPTRI loaded. Number of functions:     314
 DF-basis AUG-CC-PVTZ/MP2FIT   loaded. Number of functions:     396

 Screening thresholds:   THRAO=  1.00D-10  THRMO=  1.00D-09  THRPROD=  1.00D-09
                         THRSW=  1.00D-05  THROV=  1.00D-12  THRAOF12= 1.00D-08

 CPU time for 3-index integral evaluation         3.58 sec
 CPU time for first  half transformation          0.34 sec ( 7261.9 MFLOP/sec)
 CPU time for sorting                             0.01 sec
 CPU time for fitting                             0.02 sec (56971.3 MFLOP/sec)
 CPU time for tilde quantities                    0.02 sec (75522.6 MFLOP/sec)
 CPU time for assembly                            0.21 sec (58826.6 MFLOP/sec)
 CPU time for tranop_f12                          0.26 sec (61000.9 MFLOP/sec)
 CPU time for f12 integrals (total)               4.84 sec, Elapsed time:      9.13 sec
 CPU time for f12 matrices (total)                0.11 sec, Elapsed time:      0.59 sec

 Diagonal F12 approximation with fixed coefficients:  TSING= 0.500,  TTRIP= 0.250 (scaled by -1/beta)

 DF-MP2-F12 energy corrections:
 ==============================
 Approx.                                    Singlet             Triplet             Total
 DF-MP2-F12/3*C(DX,FIX)                -0.038287451010     -0.004212629720     -0.042500080731
 DF-MP2-F12/3*C(FIX)                   -0.036088570171     -0.003930887509     -0.040019457680
 DF-MP2-F12/3C(FIX)                    -0.036031303500     -0.004065863873     -0.040097167373

 DF-MP2-F12 correlation energies:
 ================================
 Approx.                                    Singlet             Triplet             Ecorr            Total Energy
 DF-MP2                                -0.291095559045     -0.152361512080     -0.443457071125   -115.543571949015
 DF-MP2-F12/3*C(DX,FIX)                -0.329383010056     -0.156574141800     -0.485957151855   -115.586072029745
 DF-MP2-F12/3*C(FIX)                   -0.327184129216     -0.156292399588     -0.483476528805   -115.583591406694
 DF-MP2-F12/3C(FIX)                    -0.327126862546     -0.156427375952     -0.483554238498   -115.583669116388

 SCS-DF-MP2 energies (F_SING= 1.20000  F_TRIP= 0.62222  F_PARALLEL= 0.33333):
 ============================================================================
 SCS-DF-MP2                            -0.444117389482   -115.544232267372
 SCS-DF-MP2-F12/3*C(DX,FIX)            -0.492683522520   -115.592798400410
 SCS-DF-MP2-F12/3*C(FIX)               -0.489869559248   -115.589984437138
 SCS-DF-MP2-F12/3C(FIX)                -0.489884824536   -115.589999702426
 Symmetry transformation completed.

 Number of N-1 electron functions:               7
 Number of N-2 electron functions:              28
 Number of singly external CSFs:              1183
 Number of doubly external CSFs:            700336
 Total number of CSFs:                      701520

 Length of J-op  integral file:             104.98 MB
 Length of K-op  integral file:             138.67 MB

 Integral transformation finished. Total CPU:   1.39 sec, npass=  1  Memory used:   2.18 MW

 ITER.      SQ.NORM     CORR.ENERGY   TOTAL ENERGY   ENERGY CHANGE     VAR   MIC
   1      1.00000000    -0.44352347  -115.54363835    -0.44352347  0.00D+00   0
   2      1.11473482    -0.44352347  -115.54363835    -0.00000000  0.45D-16   0

 Solving MP2-F12 equations

   1      1.11469850    -0.48286251  -115.58297739    -0.03933904 -0.37D-04   0
   2      1.11469850    -0.48361923  -115.58373411    -0.00075672  0.17D-18   0
   3      1.11469850    -0.48361923  -115.58373411     0.00000000 -0.25D-19   0

 CPU TIME FOR ITERATIVE MP2:    0.11 SEC


 MP2-F12 energy corrections:
 ===========================
 Approx.                                    Singlet             Triplet             Total
 MP2-F12/3*C(DX,FIX)                   -0.038287451010     -0.004212629720     -0.042500080731
 MP2-F12/3*C(FIX)                      -0.036088570171     -0.003930887509     -0.040019457680
 MP2-F12/3C(FIX)                       -0.036028604021     -0.004067159703     -0.040095763723

 MP2-F12 correlation energies:
 =============================
 Approx.                                    Singlet             Triplet             Ecorr            Total Energy
 MP2                                   -0.291278874318     -0.152244594784     -0.443523469102   -115.543638346991
 MP2-F12/3*C(DX,FIX)                   -0.329566325328     -0.156457224504     -0.486023549832   -115.586138427722
 MP2-F12/3*C(FIX)                      -0.327367444489     -0.156175482292     -0.483542926781   -115.583657804671
 MP2-F12/3C(FIX)                       -0.327307478339     -0.156311754486     -0.483619232825   -115.583734110715

 SCS-MP2 energies (F_SING= 1.20000  F_TRIP= 0.62222  F_PARALLEL= 0.33333):
 =========================================================================
 SCS-MP2                               -0.444264619269   -115.544379497159
 SCS-MP2-F12/3*C(DX,FIX)               -0.492830752307   -115.592945630197
 SCS-MP2-F12/3*C(FIX)                  -0.490016789035   -115.590131666925
 SCS-MP2-F12/3C(FIX)                   -0.490029621242   -115.590144499132


  Reference energy                   -115.098761215281
  F12 singles correction               -0.001353662609

 F12 singles corrections added to reference energy

  New reference energy               -115.100114877890

  F12/3C(F) singlet correction         -0.036028604021
  F12/3C(F) triplet correction         -0.004067159703
  F12/3C(F) total correction           -0.040095763723
  MP2-F12/3C(F) singlet pair energy    -0.327307478339
  MP2-F12/3C(F) triplet pair energy    -0.156311754486
  MP2-F12/3C(F) correlation energy     -0.483619232825

 !MP2-F12/3C(F) total energy         -115.583734110715


 **********************************************************************************************************************************
 DATASETS  * FILE   NREC   LENGTH (MB)   RECORD NAMES
              1      20      573.97       500      610      700      900      950      970     1000      129      960     1100   
                                          VAR    BASINP    GEOM    SYMINP    ZMAT    AOBASIS   BASIS     P2S    ABASIS      S 
                                         1400     1410     1200     1210     1080     1600     1650     1300     1700     1380   
                                           T        V       H0       H01     AOSYM     SMH    MOLCAS    ERIS     OPER     JKOP   

              2       7        4.13       700     1000      520     2100     7360     7350     7000   
                                         GEOM     BASIS   MCVARS     RHF    F12ABS    EF12   

 PROGRAMS   *        TOTAL   MP2-F12    HF-SCF       INT
 CPU TIMES  *        27.71      8.29      8.48     10.82
 REAL TIME  *       635.37 SEC
 DISK USED  *         2.15 GB
 **********************************************************************************************************************************


 PROGRAM * CCSD (Closed-shell coupled cluster)     Authors: C. Hampel, H.-J. Werner, 1991, M. Deegan, P.J. Knowles, 1992

                                  CCSD-F12 implementation by  H.-J. Werner, 2007

                   Density fitting integral evaluation by F.R. Manby, 2003,2007, G. Knizia, 2010



 Convergence thresholds:  THRVAR = 1.00D-08  THRDEN = 1.00D-06

 CCSD(T)     terms to be evaluated (factor= 1.000)


 Number of core orbitals:           2 (   2 )
 Number of closed-shell orbitals:   7 (   7 )
 Number of external orbitals:     169 ( 169 )

 Molecular orbitals read from record     2100.2  Type=RHF/CANONICAL (state 1.1)

 MP2-F12 correlation treatment (H.-J. Werner, 2006)
 ==================================================

 Using MP2-F12 with ansatz 3C(FIX)

 Using projected zeroth-order Hamiltonian (+Z)

 FOCKRIB=T FOCKRIC=T FOCKRIP=T CABSP=T CABSA=T CABSK=T CABSF=T GBC=F EBC=F DMAT=T NOFIK=T NOPAO=1 SOLVE=-1  USEPAO=0
 EXCH_A= T EXCH_B= F EXCH_C= F EXCH_P= F

 Geminal basis:    OPTFULL  GEM_TYPE=SLATER  BETA=1.0  NGEM=6

 Optimizing Gaussian exponents for each gem_beta

 Geminal optimization for beta= 1.0000
 Weight function:   m=0, omega= 1.4646

 Augmented Hessian optimization of geminal fit. Trust ratio= 0.40000
 Convergence reached after   2 iterations. Final gradient= 8.66D-16, Step= 4.23D-06, Delta= 1.28D-09

 Alpha:                 0.19532     0.81920     2.85917     9.50073    35.69989   197.79328
 Coeff:                 0.27070     0.30552     0.18297     0.10986     0.06810     0.04224


 All pairs explicitly correlated. Number of r12-pairs:           28

 Excluding core orbitals from MO domains

 AO(A)-basis ORBITAL           loaded. Number of functions:     178
 RI(R)-basis CC-PVTZ-F12/OPTRI loaded. Number of functions:     314
 DF-basis AUG-CC-PVTZ/JKFIT    loaded. Number of functions:     392

 Screening thresholds:   THRAO=  1.00D-10  THRMO=  1.00D-09  THRPROD=  1.00D-09
                         THRSW=  1.00D-05  THROV=  1.00D-12  THRAOF12= 1.00D-08

 CPU time for Fock operators                      1.59 sec

 Construction of ABS:
 Smallest eigenvalue of S          4.33E-04  (threshold= 1.00E-08)
 Ratio eigmin/eigmax               5.53E-05  (threshold= 1.00E-09)
 Smallest eigenvalue of S kept     4.33E-04  (threshold= 4.33E-04, 0 functions deleted, 314 kept)

 Construction of CABS:
 Smallest eigenvalue of S          7.25E-07  (threshold= 1.00E-08)
 Ratio eigmin/eigmax               7.25E-07  (threshold= 1.00E-09)
 Smallest eigenvalue of S kept     7.25E-07  (threshold= 7.25E-07, 0 functions deleted, 314 kept)

 CPU time for CABS singles                        0.04 sec

 CABS-singles contribution of  -0.00135366 patched into reference energy.
 New reference energy        -115.10011488

 AO(A)-basis ORBITAL           loaded. Number of functions:     178
 RI(R)-basis CC-PVTZ-F12/OPTRI loaded. Number of functions:     314
 DF-basis AUG-CC-PVTZ/MP2FIT   loaded. Number of functions:     396

 Screening thresholds:   THRAO=  1.00D-10  THRMO=  1.00D-09  THRPROD=  1.00D-09
                         THRSW=  1.00D-05  THROV=  1.00D-12  THRAOF12= 1.00D-08

 CPU time for 3-index integral evaluation         3.63 sec
 CPU time for first  half transformation          0.29 sec ( 8514.0 MFLOP/sec)
 CPU time for second half transformation          0.02 sec ( 3108.5 MFLOP/sec)
 CPU time for sorting                             0.03 sec
 CPU time for fitting                             0.01 sec (******* MFLOP/sec)
 CPU time for tilde quantities                    0.01 sec (******* MFLOP/sec)
 CPU time for assembly                            0.23 sec (53711.3 MFLOP/sec)
 CPU time for tranop_f12                          0.29 sec (54690.4 MFLOP/sec)
 CPU time for f12 integrals (total)               4.94 sec, Elapsed time:      5.35 sec
 CPU time for f12 matrices (total)                0.12 sec, Elapsed time:      0.15 sec

 Diagonal F12 approximation with fixed coefficients:  TSING= 0.500,  TTRIP= 0.250 (scaled by -1/beta)

 DF-MP2-F12 energy corrections:
 ==============================
 Approx.                                    Singlet             Triplet             Total
 DF-MP2-F12/3*C(DX,FIX)                -0.038287451010     -0.004212629720     -0.042500080731
 DF-MP2-F12/3*C(FIX)                   -0.036088570171     -0.003930887509     -0.040019457680
 DF-MP2-F12/3C(FIX)                    -0.036031303500     -0.004065863873     -0.040097167373

 DF-MP2-F12 correlation energies:
 ================================
 Approx.                                    Singlet             Triplet             Ecorr            Total Energy
 DF-MP2                                -0.291095559045     -0.152361512080     -0.443457071125   -115.543571949015
 DF-MP2-F12/3*C(DX,FIX)                -0.329383010056     -0.156574141800     -0.485957151855   -115.586072029745
 DF-MP2-F12/3*C(FIX)                   -0.327184129216     -0.156292399588     -0.483476528805   -115.583591406694
 DF-MP2-F12/3C(FIX)                    -0.327126862546     -0.156427375952     -0.483554238498   -115.583669116388

 SCS-DF-MP2 energies (F_SING= 1.20000  F_TRIP= 0.62222  F_PARALLEL= 0.33333):
 ============================================================================
 SCS-DF-MP2                            -0.444117389482   -115.544232267372
 SCS-DF-MP2-F12/3*C(DX,FIX)            -0.492683522520   -115.592798400410
 SCS-DF-MP2-F12/3*C(FIX)               -0.489869559248   -115.589984437138
 SCS-DF-MP2-F12/3C(FIX)                -0.489884824536   -115.589999702426
 Symmetry transformation completed.

 Number of N-1 electron functions:               7
 Number of N-2 electron functions:              28
 Number of singly external CSFs:              1183
 Number of doubly external CSFs:            700336
 Total number of CSFs:                      701520

 Length of J-op  integral file:             105.23 MB
 Length of K-op  integral file:             138.67 MB
 Length of 3-ext integral record:             0.00 MB

 Memory could be reduced to 48.01 Mwords without degradation in triples

 Integral transformation finished. Total CPU:   3.19 sec, npass=  1  Memory used:  24.86 MW

 Reference energy:                   -115.10011488

 Adding F12 terms to K(Cij), methodcc=6,  factor= 1.0

 ITER.      SQ.NORM     CORR.ENERGY   TOTAL ENERGY   ENERGY CHANGE        DEN1      VAR(S)    VAR(P)  DIIS     TIME  TIME/IT
   1      1.11762227    -0.45285679  -115.55297167    -0.00933332     0.00166845  0.15D-02  0.19D-02  1  1    15.20    72.08
   2      1.12503217    -0.45321856  -115.55333344    -0.00036177    -0.00904667  0.24D-04  0.23D-03  2  2    18.11    38.35
   3      1.12776180    -0.45339597  -115.55351085    -0.00017741    -0.00186512  0.15D-04  0.13D-04  3  3    21.05    26.65
   4      1.12870920    -0.45341385  -115.55352873    -0.00001788    -0.00060026  0.86D-06  0.12D-05  4  4    23.99    20.78
   5      1.12886482    -0.45341540  -115.55353028    -0.00000155    -0.00003793  0.23D-06  0.10D-06  5  5    26.96    17.27
   6      1.12890742    -0.45341305  -115.55352792     0.00000235    -0.00000423  0.36D-07  0.96D-08  6  6    29.92    14.93
   7      1.12891855    -0.45341217  -115.55352705     0.00000087    -0.00000299  0.40D-08  0.14D-08  6  1    32.90    13.26
   8      1.12892035    -0.45341223  -115.55352711    -0.00000006     0.00000034  0.68D-09  0.20D-09  6  3    35.87    12.00

 Norm of t1 vector:      0.05001394      S-energy:     0.00000011      T1 diagnostic:  0.00945175
                                                                       D1 diagnostic:  0.02004148

 Adding energy correction from Wij-K(Fij), methodcc=6  factor= 1.0

  CCSD correlation energy              -0.453412234048
  MP2-F12 correction (uncoupled)       -0.038545350100
  C*T doubles correction               -0.001165004631
  f12b correction                       0.007098772426


 Total CPU time for triples:     37.51 sec


 RESULTS
 =======

  Reference energy                   -115.098761215281
  F12 singles correction               -0.001353662609

 F12 singles corrections added to reference energy

  New reference energy               -115.100114877890

  F12a singlet correction              -0.035791791985
  F12a triplet correction              -0.003918562747
  F12a total correction                -0.039710354731

 F12a corrections for ansatz F12/3C(FIX) added to CCSD energy

  CCSD-F12a singlet pair energy        -0.351209585497
  CCSD-F12a triplet pair energy        -0.141913110729
  CCSD-F12a correlation energy         -0.493122588779

  Triples (T) contribution             -0.016014622179
  Total correlation energy             -0.509137210958

  CCSD-F12a total energy             -115.593237466669
  CCSD[T]-F12a energy                -115.609805252054
  CCSD-T-F12a energy                 -115.609008330286
 !CCSD(T)-F12a total energy          -115.609252088848

 F12b corrections for ansatz F12/3C(FIX) added to CCSD(T)-F12a energy

  CCSD-F12b singlet pair energy        -0.344572886200
  CCSD-F12b triplet pair energy        -0.141451037600
  CCSD-F12b correlation energy         -0.486023816352

  Triples (T) contribution             -0.016014622179
  Total correlation energy             -0.502038438532

  CCSD-F12b total energy             -115.586138694242
  CCSD[T]-F12b energy                -115.602706479628
  CCSD-T-F12b energy                 -115.601909557860
 !CCSD(T)-F12b total energy          -115.602153316422

 Timing summary (sec):

 STEP                 CPU(USER)    SYS     CPU(TOT)    WALL
 Transformation          3.23      1.05      4.28     22.57
 CCSD iterations        25.88      3.46     29.34     96.33
 Triples                37.51      1.04     38.55     38.64
 MP2-F12                 6.78      0.50      7.28      7.32
 F12b energy             2.39      0.12      2.51      2.59

 Program statistics:

 Available memory in ccsd:               499999646
 Min. memory needed in ccsd:               2228017
 Max. memory used in ccsd:                 2807120
 Max. memory used in cckext:               2027429 ( 9 integral passes)



 **********************************************************************************************************************************
 DATASETS  * FILE   NREC   LENGTH (MB)   RECORD NAMES
              1      20      709.92       500      610      700      900      950      970     1000      129      960     1100   
                                          VAR    BASINP    GEOM    SYMINP    ZMAT    AOBASIS   BASIS     P2S    ABASIS      S 
                                         1400     1410     1200     1210     1080     1600     1650     1300     1700     1380   
                                           T        V       H0       H01     AOSYM     SMH    MOLCAS    ERIS     OPER     JKOP   

              2       7        4.13       700     1000      520     2100     7360     7350     7000   
                                         GEOM     BASIS   MCVARS     RHF    F12ABS    EF12   

 PROGRAMS   *        TOTAL   CCSD(T)   MP2-F12    HF-SCF       INT
 CPU TIMES  *       103.56     75.84      8.29      8.48     10.82
 REAL TIME  *       803.08 SEC
 DISK USED  *         2.15 GB
 **********************************************************************************************************************************
 SETTING XXX            =    "MMM"
 SETTING POINT          =        96.00000000                                  

 *** ### CH3OH


 XXX       RCO          ROH          RCH1         RCH2         RCH3           ACOH           AOCH1          AOCH2          AOCH3         AHH1           AHH2           AHH3            ENERGY       POINT
 "MMM"   1.42077677   0.96013932   1.09171752   1.08440070   1.09171752   108.12930637   111.65221523   107.18733878   111.65221523   61.43364279   179.38762756   299.17872965   -115.60925209   96.0000
                                                  

 CCSD(T)-F12/cc-pVTZ-F12 energy=   -115.602153316422

     CCSD(T)-F12         MP2-F12          HF-SCF
   -115.60215332   -115.58373411   -115.09876122
 **********************************************************************************************************************************
 Molpro calculation terminated
