
 Primary working directories    : /tmpdir/job/2955697.undefined/molpro.NL9xPnU2wy
 Secondary working directories  : /tmpdir/job/2955697.undefined/molpro.NL9xPnU2wy
 Wavefunction directory         : /home/zcaposm/wfu/
 Main file repository           : /tmpdir/job/2955697.undefined/molpro.NL9xPnU2wy/

 id        : uclcc

 Nodes                         nprocs
 node-h00a-048.myriad.ucl.ac.uk    1

 Using customized tuning parameters: mindgm=1; mindgv=20; mindgc=4; mindgr=1; noblas=0; minvec=7
 default implementation of scratch files=df  


 Variables initialized (945), CPU time= 0.01 sec
 ***,Methanol Ground State Energy with CCSD(T)-F12 and cc-pVTZ-F12
 memory,500,m;
 
 geometry={angstrom
 c
 o , 1, rco
 h , 2, roh, 1, acoh
 h1, 1, rch1, 2, aoch1  3  ahh1
 h2, 1, rch2, 2, aoch2, 3, ahh2
 h3, 1, rch3, 2, aoch3, 3, ahh3
 }
 
                                                ! Specify the initial values of the internal coordinates (in Angstroms and degrees)
 
 rco= 1.42077677
 roh= 0.96013932
 rch1= 1.0917610011732506
 rch2= 1.0844062211228578
 rch3= 1.0916643151902008
 acoh= 108.12930637
 aoch1= 111.62921990344782
 aoch2= 107.19059371634714
 aoch3= 111.67325914175241
 ahh1=63.43364279
 ahh2=182.0
 ahh3=300.56635721
 
                                                                                 ! Use the cc-pVTZ-F12 basis set
 basis=cc-pVTZ-F12
 
 hf
 
                                                                                 ! Use explicitly correlated F12 methods
                                                                            ! First, MP2-F12 (useful for initial electronic energy)
 {mp2-f12}
 
                                                                        ! If desired, perform CCSD(T)-F12 for more accurate results
 {ccsd(t)-f12}
 
                                                                                 ! Output the energy
 xxx = "mmm"
 point = 124
 text ### CH3OH
 table,xxx,rco,roh,rch1,rch2,rch3,acoh,aoch1,aoch2,aoch3,ahh1,ahh2,ahh3,energy,point
 DIGITS, 0, 8, 8, 8, 8, 8, 8, 8, 8, 8,  8,  8,  8, 8, 4
 save,CH3OH_MEP_MP2_124.dat,new
 
 Commands  initialized (802), CPU time= 0.01 sec, 659 directives.
 Default parameters read. Elapsed time= 0.11 sec

 Checking input...
 Passed
1


                                         ***  PROGRAM SYSTEM MOLPRO  ***
                                       Copyright, TTI GmbH Stuttgart, 2015
                                    Version 2020.1 linked Oct  6 2020 12:04:11


 **********************************************************************************************************************************
 LABEL *   Methanol Ground State Energy with CCSD(T)-F12 and cc-pVTZ-F12                 
  64 bit serial version                                                                  DATE: 08-Oct-24          TIME: 17:40:05  
 **********************************************************************************************************************************

 SHA1:             8c27446f6450a7499e38f603e13c65f775101d37
 **********************************************************************************************************************************

 Memory per process:       500 MW
 Total memory per node:    500 MW

 GA preallocation disabled
 GA check disabled

 Variable memory set to 500.0 MW

 SETTING RCO            =         1.42077677                                  
 SETTING ROH            =         0.96013932                                  
 SETTING RCH1           =         1.09176100                                  
 SETTING RCH2           =         1.08440622                                  
 SETTING RCH3           =         1.09166432                                  
 SETTING ACOH           =       108.12930637                                  
 SETTING AOCH1          =       111.62921990                                  
 SETTING AOCH2          =       107.19059372                                  
 SETTING AOCH3          =       111.67325914                                  
 SETTING AHH1           =        63.43364279                                  
 SETTING AHH2           =       182.00000000                                  
 SETTING AHH3           =       300.56635721                                  
 SETTING BASIS          =    CC-PVTZ-F12


 Recomputing integrals since basis changed


 Using spherical harmonics

 Library entry C      S cc-pVTZ-F12          selected for orbital group  1
 Library entry C      P cc-pVTZ-F12          selected for orbital group  1
 Library entry C      D cc-pVTZ-F12          selected for orbital group  1
 Library entry C      F cc-pVTZ-F12          selected for orbital group  1
 Library entry O      S cc-pVTZ-F12          selected for orbital group  2
 Library entry O      P cc-pVTZ-F12          selected for orbital group  2
 Library entry O      D cc-pVTZ-F12          selected for orbital group  2
 Library entry O      F cc-pVTZ-F12          selected for orbital group  2
 Library entry H      S cc-pVTZ-F12          selected for orbital group  3
 Library entry H      P cc-pVTZ-F12          selected for orbital group  3
 Library entry H      D cc-pVTZ-F12          selected for orbital group  3


 PROGRAM * SEWARD (Integral evaluation for generally contracted gaussian basis sets)     Author: Roland Lindh, 1990

 Geometry written to block  1 of record 700

 Orientation using atomic masses  
 Molecule type: Asymmetric top
 Rotational constants:      23.9585015     24.8081374    128.7823892 GHz  (calculated with average atomic masses)

 Point group  C1  



 ATOMIC COORDINATES

 NR  ATOM    CHARGE       X              Y              Z

   1  C       6.00    0.000140501    0.025187117   -1.376590684
   2  O       8.00   -0.000065720   -0.122057599    1.304247633
   3  H       1.00    0.002642914    1.568710212    1.962537482
   4  H1      1.00    1.716933591    0.920592886   -2.088891496
   5  H2      1.00   -0.071257653   -1.895034124   -2.088629603
   6  H3      1.00   -1.648949914    1.043056544   -2.083832655

 Bond lengths in Bohr (Angstrom)

 1-2  2.684878979  1-4  2.063129286  1-5  2.049230766  1-6  2.062946576  2-3  1.814400356
     ( 1.420776770)     ( 1.091761001)     ( 1.084406221)     ( 1.091664315)     ( 0.960139320)

 Bond angles

  1-2-3  108.12930637   2-1-4  111.62921990   2-1-5  107.19059372   2-1-6  111.67325914

  4-1-5  108.40367478   4-1-6  109.43214983   5-1-6  108.38310375

 NUCLEAR CHARGE:                   18
 NUMBER OF PRIMITIVE AOS:         228
 NUMBER OF SYMMETRY AOS:          206
 NUMBER OF CONTRACTIONS:          178   (  178A   )
 NUMBER OF INNER CORE ORBITALS:     0   (    0A   )
 NUMBER OF OUTER CORE ORBITALS:     2   (    2A   )
 NUMBER OF VALENCE ORBITALS:       12   (   12A   )


 NUCLEAR REPULSION ENERGY   40.34553744

 Eigenvalues of metric

         1 0.879E-04 0.183E-03 0.309E-03 0.323E-03 0.460E-03 0.493E-03 0.560E-03 0.570E-03


 Contracted 2-electron integrals neglected if value below      1.0D-11
 AO integral compression algorithm  1   Integral accuracy      1.0D-11

     605.028 MB (compressed) written to integral file ( 50.7%)


 NUMBER OF SORTED TWO-ELECTRON INTEGRALS:  126906346.     BUFFER LENGTH:  32768
 NUMBER OF SEGMENTS:   8  SEGMENT LENGTH:   15999503      RECORD LENGTH: 524288

 Memory used in sort:      16.56 MW

 SORT1 READ   149034713. AND WROTE   124741963. INTEGRALS IN    360 RECORDS. CPU TIME:     2.88 SEC, REAL TIME:    37.51 SEC
 SORT2 READ   124741963. AND WROTE   126906346. INTEGRALS IN   2308 RECORDS. CPU TIME:     2.39 SEC, REAL TIME:    66.55 SEC

 FILE SIZES:   FILE 1:   636.2 MBYTE,  FILE 4:  1510.0 MBYTE,   TOTAL:   2146.2 MBYTE

 OPERATOR DM      FOR CENTER  0  COORDINATES:    0.000000    0.000000    0.000000


 **********************************************************************************************************************************
 DATASETS  * FILE   NREC   LENGTH (MB)   RECORD NAMES
              1      19      558.91       500      610      700      900      950      970     1000      129      960     1100   
                                          VAR    BASINP    GEOM    SYMINP    ZMAT    AOBASIS   BASIS     P2S    ABASIS      S 
                                         1400     1410     1200     1210     1080     1600     1650     1300     1700   
                                           T        V       H0       H01     AOSYM     SMH    MOLCAS    ERIS     OPER   

 PROGRAMS   *        TOTAL       INT
 CPU TIMES  *        12.22     12.10
 REAL TIME  *       147.54 SEC
 DISK USED  *         2.15 GB
 **********************************************************************************************************************************


 PROGRAM * RHF-SCF (CLOSED SHELL)       Authors: W. Meyer, H.-J. Werner


 NUMBER OF ELECTRONS:       9+    9-    SPACE SYMMETRY=1    SPIN SYMMETRY: Singlet 
 CONVERGENCE THRESHOLDS:    1.00E-05 (Density)    1.00E-07 (Energy)
 MAX. NUMBER OF ITERATIONS:       60
 INTERPOLATION TYPE:            DIIS
 INTERPOLATION STEPS:              2 (START)      1 (STEP)
 LEVEL SHIFTS:                  0.00 (CLOSED)  0.00 (OPEN) 



 Orbital guess generated from atomic densities. Full valence occupancy:   14

 Molecular orbital dump at record        2100.2

 Initial occupancy:   9

 ITERATION    DDIFF          GRAD             ENERGY        2-EL.EN.            DIPOLE MOMENTS         DIIS   ORB.
    1      0.000D+00      0.000D+00      -115.06237105    164.484293   -0.00001    0.90432   -0.47795    0    start
    2      0.000D+00      0.506D-02      -115.09072276    161.902321   -0.00068    0.49659   -0.30366    1    diag
    3      0.480D-02      0.277D-02      -115.09820857    163.165456   -0.00036    0.59993   -0.39687    2    diag
    4      0.163D-02      0.546D-03      -115.09874090    162.988898   -0.00035    0.59482   -0.39232    3    diag
    5      0.436D-03      0.110D-03      -115.09877530    163.000372   -0.00035    0.59084   -0.39714    4    diag
    6      0.121D-03      0.205D-04      -115.09877686    162.998150   -0.00035    0.59099   -0.39793    5    diag
    7      0.349D-04      0.434D-05      -115.09877693    162.997767   -0.00035    0.59081   -0.39820    6    diag
    8      0.876D-05      0.114D-05      -115.09877693    162.998112   -0.00035    0.59080   -0.39821    0    orth

 Final occupancy:   9

 !RHF STATE  1.1 Energy              -115.098776933759
 Nuclear energy                        40.34553744
 One-electron energy                 -236.94337054
 Two-electron energy                   81.49905616
 Virial quotient                       -1.00101589
 !RHF STATE  1.1 Dipole moment         -0.00035104     0.59080014    -0.39821440
 Dipole moment /Debye                  -0.00089219     1.50156582    -1.01209376

 Orbital energies:

         1.1          2.1          3.1          4.1          5.1          6.1          7.1          8.1          9.1         10.1
    -20.556340   -11.269758    -1.356924    -0.926369    -0.690811    -0.621558    -0.594391    -0.504323    -0.452155     0.054650

        11.1
      0.065010


 HOMO      9.1    -0.452155 =     -12.3038eV
 LUMO     10.1     0.054650 =       1.4871eV
 LUMO-HOMO         0.506805 =      13.7909eV


 **********************************************************************************************************************************
 DATASETS  * FILE   NREC   LENGTH (MB)   RECORD NAMES
              1      19      558.91       500      610      700      900      950      970     1000      129      960     1100   
                                          VAR    BASINP    GEOM    SYMINP    ZMAT    AOBASIS   BASIS     P2S    ABASIS      S 
                                         1400     1410     1200     1210     1080     1600     1650     1300     1700   
                                           T        V       H0       H01     AOSYM     SMH    MOLCAS    ERIS     OPER   

              2       4        3.48       700     1000      520     2100   
                                         GEOM     BASIS   MCVARS     RHF  

 PROGRAMS   *        TOTAL    HF-SCF       INT
 CPU TIMES  *        22.02      9.80     12.10
 REAL TIME  *       162.66 SEC
 DISK USED  *         2.15 GB
 **********************************************************************************************************************************


 PROGRAM * MP2 (Closed-shell)     Authors: C. Hampel, H.-J. Werner, 1991, M. Deegan, P.J. Knowles, 1992

                                   MP2-F12 implementation by H.-J. Werner, 2007

                   Density fitting integral evaluation by F.R. Manby, 2003,2007, G. Knizia, 2010


 Basis set AUG-CC-PVTZ/JKFIT generated.  Number of basis functions:   392 
 Basis set CC-PVTZ-F12/OPTRI generated.  Number of basis functions:   314 
 Basis set AUG-CC-PVTZ/MP2FIT generated. Number of basis functions:   396 

 Convergence thresholds:  THRVAR = 1.00D-08  THRDEN = 1.00D-06

 Number of core orbitals:           2 (   2 )
 Number of closed-shell orbitals:   7 (   7 )
 Number of external orbitals:     169 ( 169 )

 Molecular orbitals read from record     2100.2  Type=RHF/CANONICAL (state 1.1)

 MP2-F12 correlation treatment (H.-J. Werner, 2006)
 ==================================================

 Using MP2-F12 with ansatz 3C(FIX)

 Using projected zeroth-order Hamiltonian (+Z)

 FOCKRIB=T FOCKRIC=T FOCKRIP=T CABSP=T CABSA=T CABSK=T CABSF=T GBC=F EBC=F DMAT=T NOFIK=T NOPAO=1 SOLVE=-1  USEPAO=0
 EXCH_A= T EXCH_B= F EXCH_C= F EXCH_P= F

 Geminal basis:    OPTFULL  GEM_TYPE=SLATER  BETA=1.0  NGEM=6

 Optimizing Gaussian exponents for each gem_beta

 Geminal optimization for beta= 1.0000
 Weight function:   m=0, omega= 1.4646

 Augmented Hessian optimization of geminal fit. Trust ratio= 0.40000
 Convergence reached after   2 iterations. Final gradient= 8.66D-16, Step= 4.23D-06, Delta= 1.28D-09

 Alpha:                 0.19532     0.81920     2.85917     9.50073    35.69989   197.79328
 Coeff:                 0.27070     0.30552     0.18297     0.10986     0.06810     0.04224


 All pairs explicitly correlated. Number of r12-pairs:           28

 Excluding core orbitals from MO domains

 AO(A)-basis ORBITAL           loaded. Number of functions:     178
 RI(R)-basis CC-PVTZ-F12/OPTRI loaded. Number of functions:     314
 DF-basis AUG-CC-PVTZ/JKFIT    loaded. Number of functions:     392

 Screening thresholds:   THRAO=  1.00D-10  THRMO=  1.00D-09  THRPROD=  1.00D-09
                         THRSW=  1.00D-05  THROV=  1.00D-12  THRAOF12= 1.00D-08

 CPU time for Fock operators                      1.82 sec

 Construction of ABS:
 Smallest eigenvalue of S          4.36E-04  (threshold= 1.00E-08)
 Ratio eigmin/eigmax               5.56E-05  (threshold= 1.00E-09)
 Smallest eigenvalue of S kept     4.36E-04  (threshold= 4.36E-04, 0 functions deleted, 314 kept)

 Construction of CABS:
 Smallest eigenvalue of S          7.26E-07  (threshold= 1.00E-08)
 Ratio eigmin/eigmax               7.26E-07  (threshold= 1.00E-09)
 Smallest eigenvalue of S kept     7.26E-07  (threshold= 7.26E-07, 0 functions deleted, 314 kept)

 CPU time for CABS singles                        0.05 sec

 CABS-singles contribution of  -0.00135362 patched into reference energy.
 New reference energy        -115.10013056

 AO(A)-basis ORBITAL           loaded. Number of functions:     178
 RI(R)-basis CC-PVTZ-F12/OPTRI loaded. Number of functions:     314
 DF-basis AUG-CC-PVTZ/MP2FIT   loaded. Number of functions:     396

 Screening thresholds:   THRAO=  1.00D-10  THRMO=  1.00D-09  THRPROD=  1.00D-09
                         THRSW=  1.00D-05  THROV=  1.00D-12  THRAOF12= 1.00D-08

 CPU time for 3-index integral evaluation         3.97 sec
 CPU time for first  half transformation          0.38 sec ( 6497.5 MFLOP/sec)
 CPU time for sorting                             0.03 sec
 CPU time for fitting                             0.04 sec (28485.6 MFLOP/sec)
 CPU time for tilde quantities                    0.05 sec (30209.0 MFLOP/sec)
 CPU time for assembly                            0.25 sec (49414.4 MFLOP/sec)
 CPU time for tranop_f12                          0.35 sec (45314.9 MFLOP/sec)
 CPU time for f12 integrals (total)               5.66 sec, Elapsed time:      8.98 sec
 CPU time for f12 matrices (total)                0.14 sec, Elapsed time:      0.26 sec

 Diagonal F12 approximation with fixed coefficients:  TSING= 0.500,  TTRIP= 0.250 (scaled by -1/beta)

 DF-MP2-F12 energy corrections:
 ==============================
 Approx.                                    Singlet             Triplet             Total
 DF-MP2-F12/3*C(DX,FIX)                -0.038287529565     -0.004212649699     -0.042500179264
 DF-MP2-F12/3*C(FIX)                   -0.036088702552     -0.003930906948     -0.040019609500
 DF-MP2-F12/3C(FIX)                    -0.036031405200     -0.004065879702     -0.040097284902

 DF-MP2-F12 correlation energies:
 ================================
 Approx.                                    Singlet             Triplet             Ecorr            Total Energy
 DF-MP2                                -0.291095502712     -0.152363779205     -0.443459281917   -115.543589839374
 DF-MP2-F12/3*C(DX,FIX)                -0.329383032277     -0.156576428904     -0.485959461181   -115.586090018638
 DF-MP2-F12/3*C(FIX)                   -0.327184205264     -0.156294686153     -0.483478891417   -115.583609448874
 DF-MP2-F12/3C(FIX)                    -0.327126907912     -0.156429658907     -0.483556566819   -115.583687124276

 SCS-DF-MP2 energies (F_SING= 1.20000  F_TRIP= 0.62222  F_PARALLEL= 0.33333):
 ============================================================================
 SCS-DF-MP2                            -0.444118732538   -115.544249289995
 SCS-DF-MP2-F12/3*C(DX,FIX)            -0.492684972273   -115.592815529730
 SCS-DF-MP2-F12/3*C(FIX)               -0.489871073257   -115.590001630713
 SCS-DF-MP2-F12/3C(FIX)                -0.489886299481   -115.590016856938
 Symmetry transformation completed.

 Number of N-1 electron functions:               7
 Number of N-2 electron functions:              28
 Number of singly external CSFs:              1183
 Number of doubly external CSFs:            700336
 Total number of CSFs:                      701520

 Length of J-op  integral file:             104.98 MB
 Length of K-op  integral file:             138.67 MB

 Integral transformation finished. Total CPU:   1.72 sec, npass=  1  Memory used:   2.18 MW

 ITER.      SQ.NORM     CORR.ENERGY   TOTAL ENERGY   ENERGY CHANGE     VAR   MIC
   1      1.00000000    -0.44352568  -115.54365624    -0.44352568  0.00D+00   0
   2      1.11473547    -0.44352568  -115.54365624     0.00000000 -0.87D-15   0

 Solving MP2-F12 equations

   1      1.11469916    -0.48286491  -115.58299546    -0.03933922 -0.37D-04   0
   2      1.11469916    -0.48362156  -115.58375212    -0.00075666  0.11D-17   0
   3      1.11469916    -0.48362156  -115.58375212     0.00000000 -0.74D-19   0

 CPU TIME FOR ITERATIVE MP2:    0.15 SEC


 MP2-F12 energy corrections:
 ===========================
 Approx.                                    Singlet             Triplet             Total
 MP2-F12/3*C(DX,FIX)                   -0.038287529565     -0.004212649699     -0.042500179264
 MP2-F12/3*C(FIX)                      -0.036088702552     -0.003930906948     -0.040019609500
 MP2-F12/3C(FIX)                       -0.036028704807     -0.004067176100     -0.040095880907

 MP2-F12 correlation energies:
 =============================
 Approx.                                    Singlet             Triplet             Ecorr            Total Energy
 MP2                                   -0.291278816339     -0.152246867635     -0.443525683974   -115.543656241431
 MP2-F12/3*C(DX,FIX)                   -0.329566345904     -0.156459517334     -0.486025863238   -115.586156420695
 MP2-F12/3*C(FIX)                      -0.327367518890     -0.156177774584     -0.483545293474   -115.583675850931
 MP2-F12/3C(FIX)                       -0.327307521145     -0.156314043736     -0.483621564881   -115.583752122338

 SCS-MP2 energies (F_SING= 1.20000  F_TRIP= 0.62222  F_PARALLEL= 0.33333):
 =========================================================================
 SCS-MP2                               -0.444265963913   -115.544396521370
 SCS-MP2-F12/3*C(DX,FIX)               -0.492832203648   -115.592962761105
 SCS-MP2-F12/3*C(FIX)                  -0.490018304632   -115.590148862088
 SCS-MP2-F12/3C(FIX)                   -0.490031097032   -115.590161654489


  Reference energy                   -115.098776933759
  F12 singles correction               -0.001353623698

 F12 singles corrections added to reference energy

  New reference energy               -115.100130557457

  F12/3C(F) singlet correction         -0.036028704807
  F12/3C(F) triplet correction         -0.004067176100
  F12/3C(F) total correction           -0.040095880907
  MP2-F12/3C(F) singlet pair energy    -0.327307521145
  MP2-F12/3C(F) triplet pair energy    -0.156314043736
  MP2-F12/3C(F) correlation energy     -0.483621564881

 !MP2-F12/3C(F) total energy         -115.583752122338


 **********************************************************************************************************************************
 DATASETS  * FILE   NREC   LENGTH (MB)   RECORD NAMES
              1      20      570.09       500      610      700      900      950      970     1000      129      960     1100   
                                          VAR    BASINP    GEOM    SYMINP    ZMAT    AOBASIS   BASIS     P2S    ABASIS      S 
                                         1400     1410     1200     1210     1080     1600     1650     1300     1700     1380   
                                           T        V       H0       H01     AOSYM     SMH    MOLCAS    ERIS     OPER     JKOP   

              2       7        4.13       700     1000      520     2100     7360     7350     7000   
                                         GEOM     BASIS   MCVARS     RHF    F12ABS    EF12   

 PROGRAMS   *        TOTAL   MP2-F12    HF-SCF       INT
 CPU TIMES  *        31.85      9.82      9.80     12.10
 REAL TIME  *       179.57 SEC
 DISK USED  *         2.15 GB
 **********************************************************************************************************************************


 PROGRAM * CCSD (Closed-shell coupled cluster)     Authors: C. Hampel, H.-J. Werner, 1991, M. Deegan, P.J. Knowles, 1992

                                  CCSD-F12 implementation by  H.-J. Werner, 2007

                   Density fitting integral evaluation by F.R. Manby, 2003,2007, G. Knizia, 2010



 Convergence thresholds:  THRVAR = 1.00D-08  THRDEN = 1.00D-06

 CCSD(T)     terms to be evaluated (factor= 1.000)


 Number of core orbitals:           2 (   2 )
 Number of closed-shell orbitals:   7 (   7 )
 Number of external orbitals:     169 ( 169 )

 Molecular orbitals read from record     2100.2  Type=RHF/CANONICAL (state 1.1)

 MP2-F12 correlation treatment (H.-J. Werner, 2006)
 ==================================================

 Using MP2-F12 with ansatz 3C(FIX)

 Using projected zeroth-order Hamiltonian (+Z)

 FOCKRIB=T FOCKRIC=T FOCKRIP=T CABSP=T CABSA=T CABSK=T CABSF=T GBC=F EBC=F DMAT=T NOFIK=T NOPAO=1 SOLVE=-1  USEPAO=0
 EXCH_A= T EXCH_B= F EXCH_C= F EXCH_P= F

 Geminal basis:    OPTFULL  GEM_TYPE=SLATER  BETA=1.0  NGEM=6

 Optimizing Gaussian exponents for each gem_beta

 Geminal optimization for beta= 1.0000
 Weight function:   m=0, omega= 1.4646

 Augmented Hessian optimization of geminal fit. Trust ratio= 0.40000
 Convergence reached after   2 iterations. Final gradient= 8.66D-16, Step= 4.23D-06, Delta= 1.28D-09

 Alpha:                 0.19532     0.81920     2.85917     9.50073    35.69989   197.79328
 Coeff:                 0.27070     0.30552     0.18297     0.10986     0.06810     0.04224


 All pairs explicitly correlated. Number of r12-pairs:           28

 Excluding core orbitals from MO domains

 AO(A)-basis ORBITAL           loaded. Number of functions:     178
 RI(R)-basis CC-PVTZ-F12/OPTRI loaded. Number of functions:     314
 DF-basis AUG-CC-PVTZ/JKFIT    loaded. Number of functions:     392

 Screening thresholds:   THRAO=  1.00D-10  THRMO=  1.00D-09  THRPROD=  1.00D-09
                         THRSW=  1.00D-05  THROV=  1.00D-12  THRAOF12= 1.00D-08

 CPU time for Fock operators                      1.76 sec

 Construction of ABS:
 Smallest eigenvalue of S          4.36E-04  (threshold= 1.00E-08)
 Ratio eigmin/eigmax               5.56E-05  (threshold= 1.00E-09)
 Smallest eigenvalue of S kept     4.36E-04  (threshold= 4.36E-04, 0 functions deleted, 314 kept)

 Construction of CABS:
 Smallest eigenvalue of S          7.26E-07  (threshold= 1.00E-08)
 Ratio eigmin/eigmax               7.26E-07  (threshold= 1.00E-09)
 Smallest eigenvalue of S kept     7.26E-07  (threshold= 7.26E-07, 0 functions deleted, 314 kept)

 CPU time for CABS singles                        0.05 sec

 CABS-singles contribution of  -0.00135362 patched into reference energy.
 New reference energy        -115.10013056

 AO(A)-basis ORBITAL           loaded. Number of functions:     178
 RI(R)-basis CC-PVTZ-F12/OPTRI loaded. Number of functions:     314
 DF-basis AUG-CC-PVTZ/MP2FIT   loaded. Number of functions:     396

 Screening thresholds:   THRAO=  1.00D-10  THRMO=  1.00D-09  THRPROD=  1.00D-09
                         THRSW=  1.00D-05  THROV=  1.00D-12  THRAOF12= 1.00D-08

 CPU time for 3-index integral evaluation         3.82 sec
 CPU time for first  half transformation          0.50 sec ( 4938.1 MFLOP/sec)
 CPU time for second half transformation          0.04 sec ( 1554.3 MFLOP/sec)
 CPU time for sorting                             0.03 sec
 CPU time for fitting                             0.03 sec (37980.8 MFLOP/sec)
 CPU time for tilde quantities                    0.03 sec (50348.4 MFLOP/sec)
 CPU time for assembly                            0.26 sec (47513.8 MFLOP/sec)
 CPU time for tranop_f12                          0.34 sec (46647.7 MFLOP/sec)
 CPU time for f12 integrals (total)               5.55 sec, Elapsed time:      6.03 sec
 CPU time for f12 matrices (total)                0.14 sec, Elapsed time:      0.18 sec

 Diagonal F12 approximation with fixed coefficients:  TSING= 0.500,  TTRIP= 0.250 (scaled by -1/beta)

 DF-MP2-F12 energy corrections:
 ==============================
 Approx.                                    Singlet             Triplet             Total
 DF-MP2-F12/3*C(DX,FIX)                -0.038287529565     -0.004212649699     -0.042500179264
 DF-MP2-F12/3*C(FIX)                   -0.036088702552     -0.003930906948     -0.040019609500
 DF-MP2-F12/3C(FIX)                    -0.036031405200     -0.004065879702     -0.040097284902

 DF-MP2-F12 correlation energies:
 ================================
 Approx.                                    Singlet             Triplet             Ecorr            Total Energy
 DF-MP2                                -0.291095502712     -0.152363779205     -0.443459281917   -115.543589839374
 DF-MP2-F12/3*C(DX,FIX)                -0.329383032277     -0.156576428904     -0.485959461181   -115.586090018638
 DF-MP2-F12/3*C(FIX)                   -0.327184205264     -0.156294686153     -0.483478891417   -115.583609448874
 DF-MP2-F12/3C(FIX)                    -0.327126907912     -0.156429658907     -0.483556566819   -115.583687124276

 SCS-DF-MP2 energies (F_SING= 1.20000  F_TRIP= 0.62222  F_PARALLEL= 0.33333):
 ============================================================================
 SCS-DF-MP2                            -0.444118732538   -115.544249289995
 SCS-DF-MP2-F12/3*C(DX,FIX)            -0.492684972273   -115.592815529730
 SCS-DF-MP2-F12/3*C(FIX)               -0.489871073257   -115.590001630713
 SCS-DF-MP2-F12/3C(FIX)                -0.489886299481   -115.590016856938
 Symmetry transformation completed.

 Number of N-1 electron functions:               7
 Number of N-2 electron functions:              28
 Number of singly external CSFs:              1183
 Number of doubly external CSFs:            700336
 Total number of CSFs:                      701520

 Length of J-op  integral file:             105.23 MB
 Length of K-op  integral file:             138.67 MB
 Length of 3-ext integral record:             0.00 MB

 Memory could be reduced to 48.01 Mwords without degradation in triples

 Integral transformation finished. Total CPU:   3.90 sec, npass=  1  Memory used:  24.86 MW

 Reference energy:                   -115.10013056

 Adding F12 terms to K(Cij), methodcc=6,  factor= 1.0

 ITER.      SQ.NORM     CORR.ENERGY   TOTAL ENERGY   ENERGY CHANGE        DEN1      VAR(S)    VAR(P)  DIIS     TIME  TIME/IT
   1      1.11762304    -0.45285850  -115.55298906    -0.00933282     0.00166846  0.15D-02  0.19D-02  1  1    15.02     4.08
   2      1.12503265    -0.45322033  -115.55335089    -0.00036183    -0.00904637  0.24D-04  0.23D-03  2  2    18.55     4.71
   3      1.12776217    -0.45339775  -115.55352831    -0.00017742    -0.00186511  0.15D-04  0.13D-04  3  3    22.06     5.35
   4      1.12870943    -0.45341564  -115.55354619    -0.00001788    -0.00060018  0.86D-06  0.12D-05  4  4    25.67     5.47
   5      1.12886499    -0.45341719  -115.55354775    -0.00000156    -0.00003791  0.23D-06  0.10D-06  5  5    29.34     5.89
   6      1.12890757    -0.45341484  -115.55354539     0.00000235    -0.00000423  0.36D-07  0.96D-08  6  6    32.91     5.99
   7      1.12891870    -0.45341396  -115.55354452     0.00000087    -0.00000299  0.39D-08  0.14D-08  6  1    36.48     5.90
   8      1.12892050    -0.45341402  -115.55354458    -0.00000006     0.00000033  0.67D-09  0.20D-09  6  3    39.95     5.84

 Norm of t1 vector:      0.05000802      S-energy:     0.00000010      T1 diagnostic:  0.00945063
                                                                       D1 diagnostic:  0.02003746

 Adding energy correction from Wij-K(Fij), methodcc=6  factor= 1.0

  CCSD correlation energy              -0.453414024057
  MP2-F12 correction (uncoupled)       -0.038545602891
  C*T doubles correction               -0.001164901767
  f12b correction                       0.007098785199


 Total CPU time for triples:     41.53 sec


 RESULTS
 =======

  Reference energy                   -115.098776933759
  F12 singles correction               -0.001353623698

 F12 singles corrections added to reference energy

  New reference energy               -115.100130557457

  F12a singlet correction              -0.035791919933
  F12a triplet correction              -0.003918584725
  F12a total correction                -0.039710504658

 F12a corrections for ansatz F12/3C(FIX) added to CCSD energy

  CCSD-F12a singlet pair energy        -0.351209464478
  CCSD-F12a triplet pair energy        -0.141915167353
  CCSD-F12a correlation energy         -0.493124528715

  Triples (T) contribution             -0.016014524297
  Total correlation energy             -0.509139053011

  CCSD-F12a total energy             -115.593255086172
  CCSD[T]-F12a energy                -115.609822711807
  CCSD-T-F12a energy                 -115.609025877463
 !CCSD(T)-F12a total energy          -115.609269610468

 F12b corrections for ansatz F12/3C(FIX) added to CCSD(T)-F12a energy

  CCSD-F12b singlet pair energy        -0.344572761966
  CCSD-F12b triplet pair energy        -0.141453084666
  CCSD-F12b correlation energy         -0.486025743516

  Triples (T) contribution             -0.016014524297
  Total correlation energy             -0.502040267812

  CCSD-F12b total energy             -115.586156300973
  CCSD[T]-F12b energy                -115.602723926608
  CCSD-T-F12b energy                 -115.601927092264
 !CCSD(T)-F12b total energy          -115.602170825269

 Timing summary (sec):

 STEP                 CPU(USER)    SYS     CPU(TOT)    WALL
 Transformation          3.96      2.28      6.24      8.88
 CCSD iterations        28.38      6.83     35.21     46.99
 Triples                41.53      1.10     42.63     43.01
 MP2-F12                 7.63      0.54      8.17      8.25
 F12b energy             2.79      0.13      2.92      2.98

 Program statistics:

 Available memory in ccsd:               499999646
 Min. memory needed in ccsd:               2228017
 Max. memory used in ccsd:                 2807120
 Max. memory used in cckext:               2027429 ( 9 integral passes)



 **********************************************************************************************************************************
 DATASETS  * FILE   NREC   LENGTH (MB)   RECORD NAMES
              1      20      706.04       500      610      700      900      950      970     1000      129      960     1100   
                                          VAR    BASINP    GEOM    SYMINP    ZMAT    AOBASIS   BASIS     P2S    ABASIS      S 
                                         1400     1410     1200     1210     1080     1600     1650     1300     1700     1380   
                                           T        V       H0       H01     AOSYM     SMH    MOLCAS    ERIS     OPER     JKOP   

              2       7        4.13       700     1000      520     2100     7360     7350     7000   
                                         GEOM     BASIS   MCVARS     RHF    F12ABS    EF12   

 PROGRAMS   *        TOTAL   CCSD(T)   MP2-F12    HF-SCF       INT
 CPU TIMES  *       116.18     84.33      9.82      9.80     12.10
 REAL TIME  *       289.85 SEC
 DISK USED  *         2.15 GB
 **********************************************************************************************************************************
 SETTING XXX            =    "MMM"
 SETTING POINT          =       124.00000000                                  

 *** ### CH3OH


 XXX       RCO          ROH          RCH1         RCH2         RCH3           ACOH           AOCH1          AOCH2          AOCH3         AHH1           AHH2           AHH3            ENERGY        POINT
 "MMM"   1.42077677   0.96013932   1.09176100   1.08440622   1.09166432   108.12930637   111.62921990   107.19059372   111.67325914   63.43364279   182.00000000   300.56635721   -115.60926961   124.0000
                                                  

 CCSD(T)-F12/cc-pVTZ-F12 energy=   -115.602170825269

     CCSD(T)-F12         MP2-F12          HF-SCF
   -115.60217083   -115.58375212   -115.09877693
 **********************************************************************************************************************************
 Molpro calculation terminated
