
 Primary working directories    : /tmpdir/job/2955584.undefined/molpro.6d5G1pcg7q
 Secondary working directories  : /tmpdir/job/2955584.undefined/molpro.6d5G1pcg7q
 Wavefunction directory         : /home/zcaposm/wfu/
 Main file repository           : /tmpdir/job/2955584.undefined/molpro.6d5G1pcg7q/

 id        : uclcc

 Nodes                         nprocs
 node-d00a-229.myriad.ucl.ac.uk    1

 Using customized tuning parameters: mindgm=1; mindgv=20; mindgc=4; mindgr=1; noblas=0; minvec=7
 default implementation of scratch files=df  


 Variables initialized (945), CPU time= 0.00 sec
 ***,Methanol Ground State Energy with CCSD(T)-F12 and cc-pVTZ-F12
 memory,500,m;
 
 geometry={angstrom
 c
 o , 1, rco
 h , 2, roh, 1, acoh
 h1, 1, rch1, 2, aoch1  3  ahh1
 h2, 1, rch2, 2, aoch2, 3, ahh2
 h3, 1, rch3, 2, aoch3, 3, ahh3
 }
 
                                                ! Specify the initial values of the internal coordinates (in Angstroms and degrees)
 
 rco= 1.42077677
 roh= 0.94013932
 rch1= 1.091717515605
 rch2= 1.08440070258
 rch3= 1.091717515605
 acoh= 108.12930637
 aoch1= 111.6522152299
 aoch2= 107.18733878260001
 aoch3= 111.6522152299
 ahh1=61.43364279
 ahh2=180.0
 ahh3=298.56635721
 
                                                                                 ! Use the cc-pVTZ-F12 basis set
 basis=cc-pVTZ-F12
 
 hf
 
                                                                                 ! Use explicitly correlated F12 methods
                                                                            ! First, MP2-F12 (useful for initial electronic energy)
 {mp2-f12}
 
                                                                        ! If desired, perform CCSD(T)-F12 for more accurate results
 {ccsd(t)-f12}
 
                                                                                 ! Output the energy
 xxx = "mmm"
 point = 21
 text ### CH3OH
 table,xxx,rco,roh,rch1,rch2,rch3,acoh,aoch1,aoch2,aoch3,ahh1,ahh2,ahh3,energy,point
 DIGITS, 0, 8, 8, 8, 8, 8, 8, 8, 8, 8,  8,  8,  8, 8, 4
 save,CH3OH_MEP_MP2_21.dat,new
 
 Commands  initialized (802), CPU time= 0.01 sec, 659 directives.
 Default parameters read. Elapsed time= 0.10 sec

 Checking input...
 Passed
1


                                         ***  PROGRAM SYSTEM MOLPRO  ***
                                       Copyright, TTI GmbH Stuttgart, 2015
                                    Version 2020.1 linked Oct  6 2020 12:04:11


 **********************************************************************************************************************************
 LABEL *   Methanol Ground State Energy with CCSD(T)-F12 and cc-pVTZ-F12                 
  64 bit serial version                                                                  DATE: 08-Oct-24          TIME: 17:11:38  
 **********************************************************************************************************************************

 SHA1:             8c27446f6450a7499e38f603e13c65f775101d37
 **********************************************************************************************************************************

 Memory per process:       500 MW
 Total memory per node:    500 MW

 GA preallocation disabled
 GA check disabled

 Variable memory set to 500.0 MW

 SETTING RCO            =         1.42077677                                  
 SETTING ROH            =         0.94013932                                  
 SETTING RCH1           =         1.09171752                                  
 SETTING RCH2           =         1.08440070                                  
 SETTING RCH3           =         1.09171752                                  
 SETTING ACOH           =       108.12930637                                  
 SETTING AOCH1          =       111.65221523                                  
 SETTING AOCH2          =       107.18733878                                  
 SETTING AOCH3          =       111.65221523                                  
 SETTING AHH1           =        61.43364279                                  
 SETTING AHH2           =       180.00000000                                  
 SETTING AHH3           =       298.56635721                                  
 SETTING BASIS          =    CC-PVTZ-F12


 Recomputing integrals since basis changed


 Using spherical harmonics

 Library entry C      S cc-pVTZ-F12          selected for orbital group  1
 Library entry C      P cc-pVTZ-F12          selected for orbital group  1
 Library entry C      D cc-pVTZ-F12          selected for orbital group  1
 Library entry C      F cc-pVTZ-F12          selected for orbital group  1
 Library entry O      S cc-pVTZ-F12          selected for orbital group  2
 Library entry O      P cc-pVTZ-F12          selected for orbital group  2
 Library entry O      D cc-pVTZ-F12          selected for orbital group  2
 Library entry O      F cc-pVTZ-F12          selected for orbital group  2
 Library entry H      S cc-pVTZ-F12          selected for orbital group  3
 Library entry H      P cc-pVTZ-F12          selected for orbital group  3
 Library entry H      D cc-pVTZ-F12          selected for orbital group  3


 PROGRAM * SEWARD (Integral evaluation for generally contracted gaussian basis sets)     Author: Roland Lindh, 1990

 Geometry written to block  1 of record 700

 Orientation using atomic masses  
 Molecule type: Asymmetric top
 Symmetry elements: X
 Rotational constants:      24.0109027     24.8265678    129.8032014 GHz  (calculated with average atomic masses)

 Point group  Cs  



 ATOMIC COORDINATES

 NR  ATOM    CHARGE       X              Y              Z

   1  C       6.00    0.000000000    0.024165368   -1.376199615
   2  O       8.00    0.000000000   -0.118925269    1.304863645
   3  H       1.00    0.000000000    1.537622253    1.946875010
   4  H1      1.00    1.684053272    0.980324049   -2.087458029
   5  H3      1.00   -1.684053272    0.980324049   -2.087458029
   6  H2      1.00    0.000000000   -1.898489895   -2.085213529

 Bond lengths in Bohr (Angstrom)

 1-2  2.684878979  1-4  2.063047110  1-5  2.063047110  1-6  2.049220337  2-3  1.776605834
     ( 1.420776770)     ( 1.091717516)     ( 1.091717516)     ( 1.084400703)     ( 0.940139320)

 Bond angles

  1-2-3  108.12930637   2-1-4  111.65221523   2-1-5  111.65221523   2-1-6  107.18733878

  4-1-5  109.43105099   4-1-6  108.39459424   5-1-6  108.39459424

 NUCLEAR CHARGE:                   18
 NUMBER OF PRIMITIVE AOS:         228
 NUMBER OF SYMMETRY AOS:          206
 NUMBER OF CONTRACTIONS:          178   (  114A'  +   64A"  )
 NUMBER OF INNER CORE ORBITALS:     0   (    0A'  +    0A"  )
 NUMBER OF OUTER CORE ORBITALS:     2   (    2A'  +    0A"  )
 NUMBER OF VALENCE ORBITALS:       12   (    9A'  +    3A"  )


 NUCLEAR REPULSION ENERGY   40.45437836

 Eigenvalues of metric

         1 0.877E-04 0.172E-03 0.308E-03 0.459E-03 0.490E-03 0.559E-03 0.616E-03 0.620E-03
         2 0.323E-03 0.570E-03 0.685E-03 0.177E-02 0.338E-02 0.483E-02 0.641E-02 0.808E-02


 Contracted 2-electron integrals neglected if value below      1.0D-11
 AO integral compression algorithm  1   Integral accuracy      1.0D-11

     331.874 MB (compressed) written to integral file ( 53.5%)


 NUMBER OF SORTED TWO-ELECTRON INTEGRALS:   64554730.     BUFFER LENGTH:  32768
 NUMBER OF SEGMENTS:   5  SEGMENT LENGTH:   15997996      RECORD LENGTH: 524288

 Memory used in sort:      16.56 MW

 SORT1 READ    77497885. AND WROTE    63558780. INTEGRALS IN    184 RECORDS. CPU TIME:     1.79 SEC, REAL TIME:    59.44 SEC
 SORT2 READ    63558780. AND WROTE    64554730. INTEGRALS IN   1266 RECORDS. CPU TIME:     1.22 SEC, REAL TIME:    96.55 SEC

 FILE SIZES:   FILE 1:   362.8 MBYTE,  FILE 4:   771.8 MBYTE,   TOTAL:   1134.6 MBYTE

 OPERATOR DM      FOR CENTER  0  COORDINATES:    0.000000    0.000000    0.000000


 **********************************************************************************************************************************
 DATASETS  * FILE   NREC   LENGTH (MB)   RECORD NAMES
              1      19      311.94       500      610      700      900      950      970     1000      129      960     1100   
                                          VAR    BASINP    GEOM    SYMINP    ZMAT    AOBASIS   BASIS     P2S    ABASIS      S 
                                         1400     1410     1200     1210     1080     1600     1650     1300     1700   
                                           T        V       H0       H01     AOSYM     SMH    MOLCAS    ERIS     OPER   

 PROGRAMS   *        TOTAL       INT
 CPU TIMES  *         6.62      6.51
 REAL TIME  *       220.85 SEC
 DISK USED  *         1.13 GB
 **********************************************************************************************************************************


 PROGRAM * RHF-SCF (CLOSED SHELL)       Authors: W. Meyer, H.-J. Werner


 NUMBER OF ELECTRONS:       9+    9-
 CONVERGENCE THRESHOLDS:    1.00E-05 (Density)    1.00E-07 (Energy)
 MAX. NUMBER OF ITERATIONS:       60
 INTERPOLATION TYPE:            DIIS
 INTERPOLATION STEPS:              2 (START)      1 (STEP)
 LEVEL SHIFTS:                  0.00 (CLOSED)  0.00 (OPEN) 



 Orbital guess generated from atomic densities. Full valence occupancy:   11   3

 Molecular orbital dump at record        2100.2

 Initial occupancy:   7   2

 ITERATION    DDIFF          GRAD             ENERGY        2-EL.EN.            DIPOLE MOMENTS         DIIS   ORB.
    1      0.000D+00      0.000D+00      -115.06308037    164.637886    0.00000    0.88182   -0.49510    0    start
    2      0.000D+00      0.669D-02      -115.09133787    162.091738    0.00000    0.49147   -0.31084    1    diag
    3      0.658D-02      0.363D-02      -115.09870231    163.330764    0.00000    0.59098   -0.40399    2    diag
    4      0.221D-02      0.713D-03      -115.09922117    163.158353    0.00000    0.58715   -0.39832    3    diag
    5      0.590D-03      0.141D-03      -115.09925341    163.169560    0.00000    0.58358   -0.40261    4    diag
    6      0.161D-03      0.257D-04      -115.09925479    163.167302    0.00000    0.58382   -0.40325    5    diag
    7      0.457D-04      0.512D-05      -115.09925485    163.166998    0.00000    0.58368   -0.40347    6    diag
    8      0.111D-04      0.127D-05      -115.09925485    163.167285    0.00000    0.58367   -0.40349    7    diag
    9      0.211D-05      0.407D-06      -115.09925485    163.167142    0.00000    0.58366   -0.40349    0    orth

 Final occupancy:   7   2

 !RHF STATE  1.1 Energy              -115.099254851477
 Nuclear energy                        40.45437836
 One-electron energy                 -237.13720438
 Two-electron energy                   81.58357116
 Virial quotient                       -1.00067283
 !RHF STATE  1.1 Dipole moment          0.00000000     0.58365599    -0.40349050
 Dipole moment /Debye                   0.00000000     1.48340840    -1.02550339

 Orbital energies:

         1.1          2.1          3.1          4.1          5.1          6.1          7.1          8.1          9.1
    -20.554451   -11.270013    -1.361722    -0.928419    -0.694854    -0.595136    -0.505694     0.054779     0.065108

         1.2          2.2          3.2          4.2
     -0.621973    -0.452768     0.073746     0.181473


 HOMO      2.2    -0.452768 =     -12.3204eV
 LUMO      8.1     0.054779 =       1.4906eV
 LUMO-HOMO         0.507547 =      13.8110eV


 **********************************************************************************************************************************
 DATASETS  * FILE   NREC   LENGTH (MB)   RECORD NAMES
              1      19      311.94       500      610      700      900      950      970     1000      129      960     1100   
                                          VAR    BASINP    GEOM    SYMINP    ZMAT    AOBASIS   BASIS     P2S    ABASIS      S 
                                         1400     1410     1200     1210     1080     1600     1650     1300     1700   
                                           T        V       H0       H01     AOSYM     SMH    MOLCAS    ERIS     OPER   

              2       4        3.18       700     1000      520     2100   
                                         GEOM     BASIS   MCVARS     RHF  

 PROGRAMS   *        TOTAL    HF-SCF       INT
 CPU TIMES  *         9.86      3.23      6.51
 REAL TIME  *       245.42 SEC
 DISK USED  *         1.13 GB
 **********************************************************************************************************************************


 PROGRAM * MP2 (Closed-shell)     Authors: C. Hampel, H.-J. Werner, 1991, M. Deegan, P.J. Knowles, 1992

                                   MP2-F12 implementation by H.-J. Werner, 2007

                   Density fitting integral evaluation by F.R. Manby, 2003,2007, G. Knizia, 2010


 Basis set AUG-CC-PVTZ/JKFIT generated.  Number of basis functions:   392 
 Basis set CC-PVTZ-F12/OPTRI generated.  Number of basis functions:   314 
 Basis set AUG-CC-PVTZ/MP2FIT generated. Number of basis functions:   396 

 Convergence thresholds:  THRVAR = 1.00D-08  THRDEN = 1.00D-06

 Number of core orbitals:           2 (   2   0 )
 Number of closed-shell orbitals:   7 (   5   2 )
 Number of external orbitals:     169 ( 107  62 )

 Molecular orbitals read from record     2100.2  Type=RHF/CANONICAL (state 1.1)

 MP2-F12 correlation treatment (H.-J. Werner, 2006)
 ==================================================

 Using MP2-F12 with ansatz 3C(FIX)

 Using projected zeroth-order Hamiltonian (+Z)

 FOCKRIB=T FOCKRIC=T FOCKRIP=T CABSP=T CABSA=T CABSK=T CABSF=T GBC=F EBC=F DMAT=T NOFIK=T NOPAO=1 SOLVE=-1  USEPAO=0
 EXCH_A= T EXCH_B= F EXCH_C= F EXCH_P= F

 Geminal basis:    OPTFULL  GEM_TYPE=SLATER  BETA=1.0  NGEM=6

 Optimizing Gaussian exponents for each gem_beta

 Geminal optimization for beta= 1.0000
 Weight function:   m=0, omega= 1.4646

 Augmented Hessian optimization of geminal fit. Trust ratio= 0.40000
 Convergence reached after   2 iterations. Final gradient= 8.66D-16, Step= 4.23D-06, Delta= 1.28D-09

 Alpha:                 0.19532     0.81920     2.85917     9.50073    35.69989   197.79328
 Coeff:                 0.27070     0.30552     0.18297     0.10986     0.06810     0.04224


 Symmetry turned off. Reference energy:       -115.099254851477

 All pairs explicitly correlated. Number of r12-pairs:           28

 Excluding core orbitals from MO domains

 AO(A)-basis ORBITAL           loaded. Number of functions:     178
 RI(R)-basis CC-PVTZ-F12/OPTRI loaded. Number of functions:     314
 DF-basis AUG-CC-PVTZ/JKFIT    loaded. Number of functions:     392

 Screening thresholds:   THRAO=  1.00D-10  THRMO=  1.00D-09  THRPROD=  1.00D-09
                         THRSW=  1.00D-05  THROV=  1.00D-12  THRAOF12= 1.00D-08

 CPU time for Fock operators                      5.52 sec

 Construction of ABS:
 Smallest eigenvalue of S          4.27E-04  (threshold= 1.00E-08)
 Ratio eigmin/eigmax               5.44E-05  (threshold= 1.00E-09)
 Smallest eigenvalue of S kept     4.27E-04  (threshold= 4.27E-04, 0 functions deleted, 314 kept)

 Construction of CABS:
 Smallest eigenvalue of S          7.18E-07  (threshold= 1.00E-08)
 Ratio eigmin/eigmax               7.18E-07  (threshold= 1.00E-09)
 Smallest eigenvalue of S kept     7.18E-07  (threshold= 7.18E-07, 0 functions deleted, 314 kept)

 CPU time for CABS singles                        0.04 sec

 CABS-singles contribution of  -0.00137305 patched into reference energy.
 New reference energy        -115.10062791

 AO(A)-basis ORBITAL           loaded. Number of functions:     178
 RI(R)-basis CC-PVTZ-F12/OPTRI loaded. Number of functions:     314
 DF-basis AUG-CC-PVTZ/MP2FIT   loaded. Number of functions:     396

 Screening thresholds:   THRAO=  1.00D-10  THRMO=  1.00D-09  THRPROD=  1.00D-09
                         THRSW=  1.00D-05  THROV=  1.00D-12  THRAOF12= 1.00D-08

 CPU time for 3-index integral evaluation         3.38 sec
 CPU time for first  half transformation          0.19 sec (12995.0 MFLOP/sec)
 CPU time for second half transformation          0.03 sec ( 2072.3 MFLOP/sec)
 CPU time for sorting                             0.02 sec
 CPU time for fitting                             0.02 sec (56971.3 MFLOP/sec)
 CPU time for tilde quantities                    0.02 sec (75522.6 MFLOP/sec)
 CPU time for assembly                            0.20 sec (61768.0 MFLOP/sec)
 CPU time for tranop_f12                          0.25 sec (63440.9 MFLOP/sec)
 CPU time for f12 integrals (total)               7.03 sec, Elapsed time:      7.43 sec
 CPU time for f12 matrices (total)                0.11 sec, Elapsed time:      0.14 sec

 Diagonal F12 approximation with fixed coefficients:  TSING= 0.500,  TTRIP= 0.250 (scaled by -1/beta)

 DF-MP2-F12 energy corrections:
 ==============================
 Approx.                                    Singlet             Triplet             Total
 DF-MP2-F12/3*C(DX,FIX)                -0.038344181734     -0.004222485250     -0.042566666984
 DF-MP2-F12/3*C(FIX)                   -0.036129292909     -0.003937393570     -0.040066686479
 DF-MP2-F12/3C(FIX)                    -0.036071025741     -0.004072253970     -0.040143279711

 DF-MP2-F12 correlation energies:
 ================================
 Approx.                                    Singlet             Triplet             Ecorr            Total Energy
 DF-MP2                                -0.290544281720     -0.152044638584     -0.442588920303   -115.543216825350
 DF-MP2-F12/3*C(DX,FIX)                -0.328888463454     -0.156267123834     -0.485155587288   -115.585783492335
 DF-MP2-F12/3*C(FIX)                   -0.326673574628     -0.155982032154     -0.482655606782   -115.583283511829
 DF-MP2-F12/3C(FIX)                    -0.326615307461     -0.156116892554     -0.482732200014   -115.583360105061

 SCS-DF-MP2 energies (F_SING= 1.20000  F_TRIP= 0.62222  F_PARALLEL= 0.33333):
 ============================================================================
 SCS-DF-MP2                            -0.443258690960   -115.543886596007
 SCS-DF-MP2-F12/3*C(DX,FIX)            -0.491899033197   -115.592526938244
 SCS-DF-MP2-F12/3*C(FIX)               -0.489063776227   -115.589691681274
 SCS-DF-MP2-F12/3C(FIX)                -0.489077768764   -115.589705673811

 Symmetry restored.
 Symmetry transformation completed.

 Number of N-1 electron functions:               7
 Number of N-2 electron functions:              28
 Number of singly external CSFs:               659
 Number of doubly external CSFs:            355020
 Total number of CSFs:                      355680

 Length of J-op  integral file:             103.49 MB
 Length of K-op  integral file:             127.95 MB

 Integral transformation finished. Total CPU:   0.46 sec, npass=  1  Memory used:   0.67 MW

 ITER.      SQ.NORM     CORR.ENERGY   TOTAL ENERGY   ENERGY CHANGE     VAR   MIC
   1      1.00000000    -0.44265518  -115.54328308    -0.44265518  0.00D+00   0
   2      1.11398693    -0.44265518  -115.54328308    -0.00000000  0.24D-16   0

 Solving MP2-F12 equations

   1      1.11395094    -0.48203943  -115.58266733    -0.03938425 -0.37D-04   0
   2      1.11395094    -0.48279710  -115.58342500    -0.00075767  0.71D-18   0
   3      1.11395094    -0.48279710  -115.58342500     0.00000000 -0.27D-19   0

 CPU TIME FOR ITERATIVE MP2:    0.03 SEC


 MP2-F12 energy corrections:
 ===========================
 Approx.                                    Singlet             Triplet             Total
 MP2-F12/3*C(DX,FIX)                   -0.038344181734     -0.004222485250     -0.042566666984
 MP2-F12/3*C(FIX)                      -0.036129292909     -0.003937393570     -0.040066686479
 MP2-F12/3C(FIX)                       -0.036068326831     -0.004073593219     -0.040141920050

 MP2-F12 correlation energies:
 =============================
 Approx.                                    Singlet             Triplet             Ecorr            Total Energy
 MP2                                   -0.290727659886     -0.151927515754     -0.442655175639   -115.543283080686
 MP2-F12/3*C(DX,FIX)                   -0.329071841620     -0.156150001004     -0.485221842624   -115.585849747671
 MP2-F12/3*C(FIX)                      -0.326856952794     -0.155864909324     -0.482721862118   -115.583349767165
 MP2-F12/3C(FIX)                       -0.326795986717     -0.156001108972     -0.482797095689   -115.583425000736

 SCS-MP2 energies (F_SING= 1.20000  F_TRIP= 0.62222  F_PARALLEL= 0.33333):
 =========================================================================
 SCS-MP2                               -0.443405868332   -115.544033773379
 SCS-MP2-F12/3*C(DX,FIX)               -0.492046210569   -115.592674115616
 SCS-MP2-F12/3*C(FIX)                  -0.489210953599   -115.589838858646
 SCS-MP2-F12/3C(FIX)                   -0.489222540754   -115.589850445801


  Reference energy                   -115.099254851477
  F12 singles correction               -0.001373053570

 F12 singles corrections added to reference energy

  New reference energy               -115.100627905047

  F12/3C(F) singlet correction         -0.036068326831
  F12/3C(F) triplet correction         -0.004073593219
  F12/3C(F) total correction           -0.040141920050
  MP2-F12/3C(F) singlet pair energy    -0.326795986717
  MP2-F12/3C(F) triplet pair energy    -0.156001108972
  MP2-F12/3C(F) correlation energy     -0.482797095689

 !MP2-F12/3C(F) total energy         -115.583425000736


 **********************************************************************************************************************************
 DATASETS  * FILE   NREC   LENGTH (MB)   RECORD NAMES
              1      20      317.68       500      610      700      900      950      970     1000      129      960     1100   
                                          VAR    BASINP    GEOM    SYMINP    ZMAT    AOBASIS   BASIS     P2S    ABASIS      S 
                                         1400     1410     1200     1210     1080     1600     1650     1300     1700     1380   
                                           T        V       H0       H01     AOSYM     SMH    MOLCAS    ERIS     OPER     JKOP   

              2       7        3.55       700     1000      520     2100     7360     7350     7000   
                                         GEOM     BASIS   MCVARS     RHF    F12ABS    EF12   

 PROGRAMS   *        TOTAL   MP2-F12    HF-SCF       INT
 CPU TIMES  *        23.27     13.40      3.23      6.51
 REAL TIME  *       262.52 SEC
 DISK USED  *         1.13 GB
 **********************************************************************************************************************************


 PROGRAM * CCSD (Closed-shell coupled cluster)     Authors: C. Hampel, H.-J. Werner, 1991, M. Deegan, P.J. Knowles, 1992

                                  CCSD-F12 implementation by  H.-J. Werner, 2007

                   Density fitting integral evaluation by F.R. Manby, 2003,2007, G. Knizia, 2010



 Convergence thresholds:  THRVAR = 1.00D-08  THRDEN = 1.00D-06

 CCSD(T)     terms to be evaluated (factor= 1.000)


 Number of core orbitals:           2 (   2   0 )
 Number of closed-shell orbitals:   7 (   5   2 )
 Number of external orbitals:     169 ( 107  62 )

 Molecular orbitals read from record     2100.2  Type=RHF/CANONICAL (state 1.1)

 MP2-F12 correlation treatment (H.-J. Werner, 2006)
 ==================================================

 Using MP2-F12 with ansatz 3C(FIX)

 Using projected zeroth-order Hamiltonian (+Z)

 FOCKRIB=T FOCKRIC=T FOCKRIP=T CABSP=T CABSA=T CABSK=T CABSF=T GBC=F EBC=F DMAT=T NOFIK=T NOPAO=1 SOLVE=-1  USEPAO=0
 EXCH_A= T EXCH_B= F EXCH_C= F EXCH_P= F

 Geminal basis:    OPTFULL  GEM_TYPE=SLATER  BETA=1.0  NGEM=6

 Optimizing Gaussian exponents for each gem_beta

 Geminal optimization for beta= 1.0000
 Weight function:   m=0, omega= 1.4646

 Augmented Hessian optimization of geminal fit. Trust ratio= 0.40000
 Convergence reached after   2 iterations. Final gradient= 8.66D-16, Step= 4.23D-06, Delta= 1.28D-09

 Alpha:                 0.19532     0.81920     2.85917     9.50073    35.69989   197.79328
 Coeff:                 0.27070     0.30552     0.18297     0.10986     0.06810     0.04224


 Symmetry turned off. Reference energy:       -115.099254851477

 All pairs explicitly correlated. Number of r12-pairs:           28

 Excluding core orbitals from MO domains

 AO(A)-basis ORBITAL           loaded. Number of functions:     178
 RI(R)-basis CC-PVTZ-F12/OPTRI loaded. Number of functions:     314
 DF-basis AUG-CC-PVTZ/JKFIT    loaded. Number of functions:     392

 Screening thresholds:   THRAO=  1.00D-10  THRMO=  1.00D-09  THRPROD=  1.00D-09
                         THRSW=  1.00D-05  THROV=  1.00D-12  THRAOF12= 1.00D-08

 CPU time for Fock operators                      5.32 sec

 Construction of ABS:
 Smallest eigenvalue of S          4.27E-04  (threshold= 1.00E-08)
 Ratio eigmin/eigmax               5.44E-05  (threshold= 1.00E-09)
 Smallest eigenvalue of S kept     4.27E-04  (threshold= 4.27E-04, 0 functions deleted, 314 kept)

 Construction of CABS:
 Smallest eigenvalue of S          7.18E-07  (threshold= 1.00E-08)
 Ratio eigmin/eigmax               7.18E-07  (threshold= 1.00E-09)
 Smallest eigenvalue of S kept     7.18E-07  (threshold= 7.18E-07, 0 functions deleted, 314 kept)

 CPU time for CABS singles                        0.04 sec

 CABS-singles contribution of  -0.00137305 patched into reference energy.
 New reference energy        -115.10062791

 AO(A)-basis ORBITAL           loaded. Number of functions:     178
 RI(R)-basis CC-PVTZ-F12/OPTRI loaded. Number of functions:     314
 DF-basis AUG-CC-PVTZ/MP2FIT   loaded. Number of functions:     396

 Screening thresholds:   THRAO=  1.00D-10  THRMO=  1.00D-09  THRPROD=  1.00D-09
                         THRSW=  1.00D-05  THROV=  1.00D-12  THRAOF12= 1.00D-08

 CPU time for 3-index integral evaluation         3.46 sec
 CPU time for first  half transformation          0.12 sec (20575.4 MFLOP/sec)
 CPU time for sorting                             0.02 sec
 CPU time for fitting                             0.01 sec (******* MFLOP/sec)
 CPU time for tilde quantities                    0.02 sec (75522.6 MFLOP/sec)
 CPU time for assembly                            0.21 sec (58826.6 MFLOP/sec)
 CPU time for tranop_f12                          0.28 sec (56643.7 MFLOP/sec)
 CPU time for f12 integrals (total)               7.04 sec, Elapsed time:      7.44 sec
 CPU time for f12 matrices (total)                0.10 sec, Elapsed time:      0.14 sec

 Diagonal F12 approximation with fixed coefficients:  TSING= 0.500,  TTRIP= 0.250 (scaled by -1/beta)

 DF-MP2-F12 energy corrections:
 ==============================
 Approx.                                    Singlet             Triplet             Total
 DF-MP2-F12/3*C(DX,FIX)                -0.038344181734     -0.004222485250     -0.042566666984
 DF-MP2-F12/3*C(FIX)                   -0.036129292909     -0.003937393570     -0.040066686479
 DF-MP2-F12/3C(FIX)                    -0.036071025741     -0.004072253970     -0.040143279711

 DF-MP2-F12 correlation energies:
 ================================
 Approx.                                    Singlet             Triplet             Ecorr            Total Energy
 DF-MP2                                -0.290544281720     -0.152044638584     -0.442588920303   -115.543216825350
 DF-MP2-F12/3*C(DX,FIX)                -0.328888463454     -0.156267123834     -0.485155587288   -115.585783492335
 DF-MP2-F12/3*C(FIX)                   -0.326673574628     -0.155982032154     -0.482655606782   -115.583283511829
 DF-MP2-F12/3C(FIX)                    -0.326615307461     -0.156116892554     -0.482732200014   -115.583360105061

 SCS-DF-MP2 energies (F_SING= 1.20000  F_TRIP= 0.62222  F_PARALLEL= 0.33333):
 ============================================================================
 SCS-DF-MP2                            -0.443258690960   -115.543886596007
 SCS-DF-MP2-F12/3*C(DX,FIX)            -0.491899033197   -115.592526938244
 SCS-DF-MP2-F12/3*C(FIX)               -0.489063776227   -115.589691681274
 SCS-DF-MP2-F12/3C(FIX)                -0.489077768764   -115.589705673811

 Symmetry restored.
 Symmetry transformation completed.

 Number of N-1 electron functions:               7
 Number of N-2 electron functions:              28
 Number of singly external CSFs:               659
 Number of doubly external CSFs:            355020
 Total number of CSFs:                      355680

 Length of J-op  integral file:             103.62 MB
 Length of K-op  integral file:             127.95 MB
 Length of 3-ext integral record:             0.00 MB

 Memory could be reduced to 24.20 Mwords without degradation in triples

 Integral transformation finished. Total CPU:   1.14 sec, npass=  1  Memory used:   7.45 MW

 Reference energy:                   -115.10062791

 Adding F12 terms to K(Cij), methodcc=6,  factor= 1.0

 ITER.      SQ.NORM     CORR.ENERGY   TOTAL ENERGY   ENERGY CHANGE        DEN1      VAR(S)    VAR(P)  DIIS     TIME  TIME/IT
   1      1.11699436    -0.45212051  -115.55274841    -0.00946533     0.00141363  0.15D-02  0.18D-02  1  1    14.54     1.07
   2      1.12430588    -0.45247809  -115.55310600    -0.00035758    -0.00895322  0.23D-04  0.22D-03  2  2    15.38     1.00
   3      1.12698148    -0.45265081  -115.55327871    -0.00017271    -0.00183943  0.14D-04  0.13D-04  3  3    16.20     0.97
   4      1.12790368    -0.45266766  -115.55329557    -0.00001686    -0.00058814  0.82D-06  0.11D-05  4  4    17.02     0.96
   5      1.12805410    -0.45266915  -115.55329706    -0.00000149    -0.00003682  0.22D-06  0.98D-07  5  5    17.84     0.95
   6      1.12809488    -0.45266684  -115.55329475     0.00000231    -0.00000398  0.33D-07  0.91D-08  6  6    18.65     0.95
   7      1.12810539    -0.45266599  -115.55329390     0.00000085    -0.00000289  0.37D-08  0.13D-08  6  1    19.47     0.94
   8      1.12810705    -0.45266605  -115.55329396    -0.00000006     0.00000031  0.63D-09  0.19D-09  6  3    20.29     0.94

 Norm of t1 vector:      0.04948475      S-energy:    -0.00000034      T1 diagnostic:  0.00935174
                                                                       D1 diagnostic:  0.01973400

 Adding energy correction from Wij-K(Fij), methodcc=6  factor= 1.0

  CCSD correlation energy              -0.452666052701
  MP2-F12 correction (uncoupled)       -0.038594539699
  C*T doubles correction               -0.001164572118
  f12b correction                       0.007093260998


 Total CPU time for triples:     11.13 sec


 RESULTS
 =======

  Reference energy                   -115.099254851477
  F12 singles correction               -0.001373053570

 F12 singles corrections added to reference energy

  New reference energy               -115.100627905047

  F12a singlet correction              -0.035833945307
  F12a triplet correction              -0.003925166510
  F12a total correction                -0.039759111817

 F12a corrections for ansatz F12/3C(FIX) added to CCSD energy

  CCSD-F12a singlet pair energy        -0.350606813146
  CCSD-F12a triplet pair energy        -0.141818008250
  CCSD-F12a correlation energy         -0.492425164518

  Triples (T) contribution             -0.015899802736
  Total correlation energy             -0.508324967254

  CCSD-F12a total energy             -115.593053069565
  CCSD[T]-F12a energy                -115.609497744903
  CCSD-T-F12a energy                 -115.608712975620
 !CCSD(T)-F12a total energy          -115.608952872301

 F12b corrections for ansatz F12/3C(FIX) added to CCSD(T)-F12a energy

  CCSD-F12b singlet pair energy        -0.343976026573
  CCSD-F12b triplet pair energy        -0.141355533825
  CCSD-F12b correlation energy         -0.485331903520

  Triples (T) contribution             -0.015899802736
  Total correlation energy             -0.501231706255

  CCSD-F12b total energy             -115.585959808567
  CCSD[T]-F12b energy                -115.602404483905
  CCSD-T-F12b energy                 -115.601619714622
 !CCSD(T)-F12b total energy          -115.601859611302

 Timing summary (sec):

 STEP                 CPU(USER)    SYS     CPU(TOT)    WALL
 Transformation          1.15      0.22      1.37      1.42
 CCSD iterations         6.57      0.76      7.33      7.54
 Triples                11.13      0.51     11.64     11.65
 MP2-F12                12.57      0.59     13.16     13.33
 F12b energy             0.65      0.06      0.71      0.72

 Program statistics:

 Available memory in ccsd:               499999650
 Min. memory needed in ccsd:               1149135
 Max. memory used in ccsd:                 1443104
 Max. memory used in cckext:               1888566 ( 9 integral passes)



 **********************************************************************************************************************************
 DATASETS  * FILE   NREC   LENGTH (MB)   RECORD NAMES
              1      20      386.25       500      610      700      900      950      970     1000      129      960     1100   
                                          VAR    BASINP    GEOM    SYMINP    ZMAT    AOBASIS   BASIS     P2S    ABASIS      S 
                                         1400     1410     1200     1210     1080     1600     1650     1300     1700     1380   
                                           T        V       H0       H01     AOSYM     SMH    MOLCAS    ERIS     OPER     JKOP   

              2       7        3.55       700     1000      520     2100     7360     7350     7000   
                                         GEOM     BASIS   MCVARS     RHF    F12ABS    EF12   

 PROGRAMS   *        TOTAL   CCSD(T)   MP2-F12    HF-SCF       INT
 CPU TIMES  *        55.37     32.10     13.40      3.23      6.51
 REAL TIME  *       297.24 SEC
 DISK USED  *         1.13 GB
 **********************************************************************************************************************************
 SETTING XXX            =    "MMM"
 SETTING POINT          =        21.00000000                                  

 *** ### CH3OH


 XXX       RCO          ROH          RCH1         RCH2         RCH3           ACOH           AOCH1          AOCH2          AOCH3         AHH1           AHH2           AHH3            ENERGY       POINT
 "MMM"   1.42077677   0.94013932   1.09171752   1.08440070   1.09171752   108.12930637   111.65221523   107.18733878   111.65221523   61.43364279   180.00000000   298.56635721   -115.60895287   21.0000
                                                  

 CCSD(T)-F12/cc-pVTZ-F12 energy=   -115.601859611302

     CCSD(T)-F12         MP2-F12          HF-SCF
   -115.60185961   -115.58342500   -115.09925485
 **********************************************************************************************************************************
 Molpro calculation terminated
