
 Primary working directories    : /tmpdir/job/2955652.undefined/molpro.eYrGF5dnIV
 Secondary working directories  : /tmpdir/job/2955652.undefined/molpro.eYrGF5dnIV
 Wavefunction directory         : /home/zcaposm/wfu/
 Main file repository           : /tmpdir/job/2955652.undefined/molpro.eYrGF5dnIV/

 id        : uclcc

 Nodes                         nprocs
 node-d00a-115.myriad.ucl.ac.uk    1

 Using customized tuning parameters: mindgm=1; mindgv=20; mindgc=4; mindgr=1; noblas=0; minvec=7
 default implementation of scratch files=df  


 Variables initialized (945), CPU time= 0.01 sec
 ***,Methanol Ground State Energy with CCSD(T)-F12 and cc-pVTZ-F12
 memory,500,m;
 
 geometry={angstrom
 c
 o , 1, rco
 h , 2, roh, 1, acoh
 h1, 1, rch1, 2, aoch1  3  ahh1
 h2, 1, rch2, 2, aoch2, 3, ahh2
 h3, 1, rch3, 2, aoch3, 3, ahh3
 }
 
                                                ! Specify the initial values of the internal coordinates (in Angstroms and degrees)
 
 rco= 1.42077677
 roh= 0.96013932
 rch1= 1.091717515605
 rch2= 1.08440070258
 rch3= 1.091717515605
 acoh= 108.12930637
 aoch1= 111.6522152299
 aoch2= 105.93733878260001
 aoch3= 111.6522152299
 ahh1=61.43364279
 ahh2=180.0
 ahh3=298.56635721
 
                                                                                 ! Use the cc-pVTZ-F12 basis set
 basis=cc-pVTZ-F12
 
 hf
 
                                                                                 ! Use explicitly correlated F12 methods
                                                                            ! First, MP2-F12 (useful for initial electronic energy)
 {mp2-f12}
 
                                                                        ! If desired, perform CCSD(T)-F12 for more accurate results
 {ccsd(t)-f12}
 
                                                                                 ! Output the energy
 xxx = "mmm"
 point = 83
 text ### CH3OH
 table,xxx,rco,roh,rch1,rch2,rch3,acoh,aoch1,aoch2,aoch3,ahh1,ahh2,ahh3,energy,point
 DIGITS, 0, 8, 8, 8, 8, 8, 8, 8, 8, 8,  8,  8,  8, 8, 4
 save,CH3OH_MEP_MP2_83.dat,new
 
 Commands  initialized (802), CPU time= 0.01 sec, 659 directives.
 Default parameters read. Elapsed time= 0.12 sec

 Checking input...
 Passed
1


                                         ***  PROGRAM SYSTEM MOLPRO  ***
                                       Copyright, TTI GmbH Stuttgart, 2015
                                    Version 2020.1 linked Oct  6 2020 12:04:11


 **********************************************************************************************************************************
 LABEL *   Methanol Ground State Energy with CCSD(T)-F12 and cc-pVTZ-F12                 
  64 bit serial version                                                                  DATE: 08-Oct-24          TIME: 17:30:41  
 **********************************************************************************************************************************

 SHA1:             8c27446f6450a7499e38f603e13c65f775101d37
 **********************************************************************************************************************************

 Memory per process:       500 MW
 Total memory per node:    500 MW

 GA preallocation disabled
 GA check disabled

 Variable memory set to 500.0 MW

 SETTING RCO            =         1.42077677                                  
 SETTING ROH            =         0.96013932                                  
 SETTING RCH1           =         1.09171752                                  
 SETTING RCH2           =         1.08440070                                  
 SETTING RCH3           =         1.09171752                                  
 SETTING ACOH           =       108.12930637                                  
 SETTING AOCH1          =       111.65221523                                  
 SETTING AOCH2          =       105.93733878                                  
 SETTING AOCH3          =       111.65221523                                  
 SETTING AHH1           =        61.43364279                                  
 SETTING AHH2           =       180.00000000                                  
 SETTING AHH3           =       298.56635721                                  
 SETTING BASIS          =    CC-PVTZ-F12


 Recomputing integrals since basis changed


 Using spherical harmonics

 Library entry C      S cc-pVTZ-F12          selected for orbital group  1
 Library entry C      P cc-pVTZ-F12          selected for orbital group  1
 Library entry C      D cc-pVTZ-F12          selected for orbital group  1
 Library entry C      F cc-pVTZ-F12          selected for orbital group  1
 Library entry O      S cc-pVTZ-F12          selected for orbital group  2
 Library entry O      P cc-pVTZ-F12          selected for orbital group  2
 Library entry O      D cc-pVTZ-F12          selected for orbital group  2
 Library entry O      F cc-pVTZ-F12          selected for orbital group  2
 Library entry H      S cc-pVTZ-F12          selected for orbital group  3
 Library entry H      P cc-pVTZ-F12          selected for orbital group  3
 Library entry H      D cc-pVTZ-F12          selected for orbital group  3


 PROGRAM * SEWARD (Integral evaluation for generally contracted gaussian basis sets)     Author: Roland Lindh, 1990

 Geometry written to block  1 of record 700

 Orientation using atomic masses  
 Molecule type: Asymmetric top
 Symmetry elements: X
 Rotational constants:      23.9960238     24.8681350    128.2524589 GHz  (calculated with average atomic masses)

 Point group  Cs  



 ATOMIC COORDINATES

 NR  ATOM    CHARGE       X              Y              Z

   1  C       6.00    0.000000000    0.024496986   -1.377937054
   2  O       8.00    0.000000000   -0.120477082    1.303025022
   3  H       1.00    0.000000000    1.570849880    1.959882511
   4  H1      1.00    1.684053272    0.981155095   -2.088523584
   5  H3      1.00   -1.684053272    0.981155095   -2.088523584
   6  H2      1.00    0.000000000   -1.912698812   -2.046200797

 Bond lengths in Bohr (Angstrom)

 1-2  2.684878979  1-4  2.063047110  1-5  2.063047110  1-6  2.049220337  2-3  1.814400356
     ( 1.420776770)     ( 1.091717516)     ( 1.091717516)     ( 1.084400703)     ( 0.960139320)

 Bond angles

  1-2-3  108.12930637   2-1-4  111.65221523   2-1-5  111.65221523   2-1-6  105.93733878

  4-1-5  109.43105099   4-1-6  109.02853377   5-1-6  109.02853377

 NUCLEAR CHARGE:                   18
 NUMBER OF PRIMITIVE AOS:         228
 NUMBER OF SYMMETRY AOS:          206
 NUMBER OF CONTRACTIONS:          178   (  114A'  +   64A"  )
 NUMBER OF INNER CORE ORBITALS:     0   (    0A'  +    0A"  )
 NUMBER OF OUTER CORE ORBITALS:     2   (    2A'  +    0A"  )
 NUMBER OF VALENCE ORBITALS:       12   (    9A'  +    3A"  )


 NUCLEAR REPULSION ENERGY   40.36052885

 Eigenvalues of metric

         1 0.879E-04 0.182E-03 0.309E-03 0.460E-03 0.493E-03 0.560E-03 0.616E-03 0.621E-03
         2 0.322E-03 0.570E-03 0.686E-03 0.177E-02 0.336E-02 0.494E-02 0.658E-02 0.870E-02


 Contracted 2-electron integrals neglected if value below      1.0D-11
 AO integral compression algorithm  1   Integral accuracy      1.0D-11

     331.874 MB (compressed) written to integral file ( 53.5%)


 NUMBER OF SORTED TWO-ELECTRON INTEGRALS:   64554730.     BUFFER LENGTH:  32768
 NUMBER OF SEGMENTS:   5  SEGMENT LENGTH:   15997996      RECORD LENGTH: 524288

 Memory used in sort:      16.56 MW

 SORT1 READ    77497885. AND WROTE    63558221. INTEGRALS IN    184 RECORDS. CPU TIME:     1.37 SEC, REAL TIME:    17.09 SEC
 SORT2 READ    63558221. AND WROTE    64554730. INTEGRALS IN   1266 RECORDS. CPU TIME:     1.29 SEC, REAL TIME:    33.94 SEC

 FILE SIZES:   FILE 1:   362.8 MBYTE,  FILE 4:   771.8 MBYTE,   TOTAL:   1134.6 MBYTE

 OPERATOR DM      FOR CENTER  0  COORDINATES:    0.000000    0.000000    0.000000


 **********************************************************************************************************************************
 DATASETS  * FILE   NREC   LENGTH (MB)   RECORD NAMES
              1      19      311.93       500      610      700      900      950      970     1000      129      960     1100   
                                          VAR    BASINP    GEOM    SYMINP    ZMAT    AOBASIS   BASIS     P2S    ABASIS      S 
                                         1400     1410     1200     1210     1080     1600     1650     1300     1700   
                                           T        V       H0       H01     AOSYM     SMH    MOLCAS    ERIS     OPER   

 PROGRAMS   *        TOTAL       INT
 CPU TIMES  *         6.51      6.38
 REAL TIME  *        73.89 SEC
 DISK USED  *         1.13 GB
 **********************************************************************************************************************************


 PROGRAM * RHF-SCF (CLOSED SHELL)       Authors: W. Meyer, H.-J. Werner


 NUMBER OF ELECTRONS:       9+    9-
 CONVERGENCE THRESHOLDS:    1.00E-05 (Density)    1.00E-07 (Energy)
 MAX. NUMBER OF ITERATIONS:       60
 INTERPOLATION TYPE:            DIIS
 INTERPOLATION STEPS:              2 (START)      1 (STEP)
 LEVEL SHIFTS:                  0.00 (CLOSED)  0.00 (OPEN) 



 Orbital guess generated from atomic densities. Full valence occupancy:   11   3

 Molecular orbital dump at record        2100.2

 Initial occupancy:   7   2

 ITERATION    DDIFF          GRAD             ENERGY        2-EL.EN.            DIPOLE MOMENTS         DIIS   ORB.
    1      0.000D+00      0.000D+00      -115.06223001    164.523434    0.00000    0.90630   -0.47665    0    start
    2      0.000D+00      0.669D-02      -115.09062424    161.932559    0.00000    0.49595   -0.30185    1    diag
    3      0.654D-02      0.367D-02      -115.09816779    163.199766    0.00000    0.60028   -0.39585    2    diag
    4      0.223D-02      0.720D-03      -115.09870035    163.023487    0.00000    0.59523   -0.39148    3    diag
    5      0.593D-03      0.145D-03      -115.09873483    163.035019    0.00000    0.59125   -0.39639    4    diag
    6      0.165D-03      0.271D-04      -115.09873640    163.032767    0.00000    0.59140   -0.39721    5    diag
    7      0.475D-04      0.575D-05      -115.09873648    163.032402    0.00000    0.59122   -0.39749    6    diag
    8      0.119D-04      0.149D-05      -115.09873648    163.032746    0.00000    0.59120   -0.39752    7    diag
    9      0.235D-05      0.469D-06      -115.09873648    163.032582    0.00000    0.59118   -0.39753    0    orth

 Final occupancy:   7   2

 !RHF STATE  1.1 Energy              -115.098736482615
 Nuclear energy                        40.36052885
 One-electron energy                 -236.97555654
 Two-electron energy                   81.51629122
 Virial quotient                       -1.00098886
 !RHF STATE  1.1 Dipole moment          0.00000000     0.59118291    -0.39752684
 Dipole moment /Debye                   0.00000000     1.50253866    -1.01034626

 Orbital energies:

         1.1          2.1          3.1          4.1          5.1          6.1          7.1          8.1          9.1
    -20.555964   -11.269684    -1.356845    -0.926037    -0.691387    -0.592855    -0.505157     0.054647     0.065125

         1.2          2.2          3.2          4.2
     -0.621545    -0.452014     0.073786     0.181535


 HOMO      2.2    -0.452014 =     -12.2999eV
 LUMO      8.1     0.054647 =       1.4870eV
 LUMO-HOMO         0.506661 =      13.7869eV


 **********************************************************************************************************************************
 DATASETS  * FILE   NREC   LENGTH (MB)   RECORD NAMES
              1      19      311.93       500      610      700      900      950      970     1000      129      960     1100   
                                          VAR    BASINP    GEOM    SYMINP    ZMAT    AOBASIS   BASIS     P2S    ABASIS      S 
                                         1400     1410     1200     1210     1080     1600     1650     1300     1700   
                                           T        V       H0       H01     AOSYM     SMH    MOLCAS    ERIS     OPER   

              2       4        3.18       700     1000      520     2100   
                                         GEOM     BASIS   MCVARS     RHF  

 PROGRAMS   *        TOTAL    HF-SCF       INT
 CPU TIMES  *         9.58      3.07      6.38
 REAL TIME  *        85.43 SEC
 DISK USED  *         1.13 GB
 **********************************************************************************************************************************


 PROGRAM * MP2 (Closed-shell)     Authors: C. Hampel, H.-J. Werner, 1991, M. Deegan, P.J. Knowles, 1992

                                   MP2-F12 implementation by H.-J. Werner, 2007

                   Density fitting integral evaluation by F.R. Manby, 2003,2007, G. Knizia, 2010


 Basis set AUG-CC-PVTZ/JKFIT generated.  Number of basis functions:   392 
 Basis set CC-PVTZ-F12/OPTRI generated.  Number of basis functions:   314 
 Basis set AUG-CC-PVTZ/MP2FIT generated. Number of basis functions:   396 

 Convergence thresholds:  THRVAR = 1.00D-08  THRDEN = 1.00D-06

 Number of core orbitals:           2 (   2   0 )
 Number of closed-shell orbitals:   7 (   5   2 )
 Number of external orbitals:     169 ( 107  62 )

 Molecular orbitals read from record     2100.2  Type=RHF/CANONICAL (state 1.1)

 MP2-F12 correlation treatment (H.-J. Werner, 2006)
 ==================================================

 Using MP2-F12 with ansatz 3C(FIX)

 Using projected zeroth-order Hamiltonian (+Z)

 FOCKRIB=T FOCKRIC=T FOCKRIP=T CABSP=T CABSA=T CABSK=T CABSF=T GBC=F EBC=F DMAT=T NOFIK=T NOPAO=1 SOLVE=-1  USEPAO=0
 EXCH_A= T EXCH_B= F EXCH_C= F EXCH_P= F

 Geminal basis:    OPTFULL  GEM_TYPE=SLATER  BETA=1.0  NGEM=6

 Optimizing Gaussian exponents for each gem_beta

 Geminal optimization for beta= 1.0000
 Weight function:   m=0, omega= 1.4646

 Augmented Hessian optimization of geminal fit. Trust ratio= 0.40000
 Convergence reached after   2 iterations. Final gradient= 8.66D-16, Step= 4.23D-06, Delta= 1.28D-09

 Alpha:                 0.19532     0.81920     2.85917     9.50073    35.69989   197.79328
 Coeff:                 0.27070     0.30552     0.18297     0.10986     0.06810     0.04224


 Symmetry turned off. Reference energy:       -115.098736482615

 All pairs explicitly correlated. Number of r12-pairs:           28

 Excluding core orbitals from MO domains

 AO(A)-basis ORBITAL           loaded. Number of functions:     178
 RI(R)-basis CC-PVTZ-F12/OPTRI loaded. Number of functions:     314
 DF-basis AUG-CC-PVTZ/JKFIT    loaded. Number of functions:     392

 Screening thresholds:   THRAO=  1.00D-10  THRMO=  1.00D-09  THRPROD=  1.00D-09
                         THRSW=  1.00D-05  THROV=  1.00D-12  THRAOF12= 1.00D-08

 CPU time for Fock operators                      5.41 sec

 Construction of ABS:
 Smallest eigenvalue of S          4.37E-04  (threshold= 1.00E-08)
 Ratio eigmin/eigmax               5.58E-05  (threshold= 1.00E-09)
 Smallest eigenvalue of S kept     4.37E-04  (threshold= 4.37E-04, 0 functions deleted, 314 kept)

 Construction of CABS:
 Smallest eigenvalue of S          7.27E-07  (threshold= 1.00E-08)
 Ratio eigmin/eigmax               7.27E-07  (threshold= 1.00E-09)
 Smallest eigenvalue of S kept     7.27E-07  (threshold= 7.27E-07, 0 functions deleted, 314 kept)

 CPU time for CABS singles                        0.04 sec

 CABS-singles contribution of  -0.00135248 patched into reference energy.
 New reference energy        -115.10008896

 AO(A)-basis ORBITAL           loaded. Number of functions:     178
 RI(R)-basis CC-PVTZ-F12/OPTRI loaded. Number of functions:     314
 DF-basis AUG-CC-PVTZ/MP2FIT   loaded. Number of functions:     396

 Screening thresholds:   THRAO=  1.00D-10  THRMO=  1.00D-09  THRPROD=  1.00D-09
                         THRSW=  1.00D-05  THROV=  1.00D-12  THRAOF12= 1.00D-08

 CPU time for 3-index integral evaluation         3.43 sec
 CPU time for first  half transformation          0.30 sec ( 8230.2 MFLOP/sec)
 CPU time for second half transformation          0.01 sec ( 6217.0 MFLOP/sec)
 CPU time for fitting                             0.03 sec (37980.8 MFLOP/sec)
 CPU time for tilde quantities                    0.03 sec (50348.4 MFLOP/sec)
 CPU time for assembly                            0.20 sec (61768.0 MFLOP/sec)
 CPU time for tranop_f12                          0.27 sec (58741.6 MFLOP/sec)
 CPU time for f12 integrals (total)               7.21 sec, Elapsed time:      7.97 sec
 CPU time for f12 matrices (total)                0.12 sec, Elapsed time:      0.28 sec

 Diagonal F12 approximation with fixed coefficients:  TSING= 0.500,  TTRIP= 0.250 (scaled by -1/beta)

 DF-MP2-F12 energy corrections:
 ==============================
 Approx.                                    Singlet             Triplet             Total
 DF-MP2-F12/3*C(DX,FIX)                -0.038290475721     -0.004214020055     -0.042504495776
 DF-MP2-F12/3*C(FIX)                   -0.036090646752     -0.003932276101     -0.040022922853
 DF-MP2-F12/3C(FIX)                    -0.036033487885     -0.004067356536     -0.040100844421

 DF-MP2-F12 correlation energies:
 ================================
 Approx.                                    Singlet             Triplet             Ecorr            Total Energy
 DF-MP2                                -0.291119344773     -0.152375699804     -0.443495044577   -115.543584007739
 DF-MP2-F12/3*C(DX,FIX)                -0.329409820494     -0.156589719858     -0.485999540353   -115.586088503515
 DF-MP2-F12/3*C(FIX)                   -0.327209991525     -0.156307975905     -0.483517967429   -115.583606930591
 DF-MP2-F12/3C(FIX)                    -0.327152832658     -0.156443056340     -0.483595888998   -115.583684852160

 SCS-DF-MP2 energies (F_SING= 1.20000  F_TRIP= 0.62222  F_PARALLEL= 0.33333):
 ============================================================================
 SCS-DF-MP2                            -0.444154760272   -115.544243723434
 SCS-DF-MP2-F12/3*C(DX,FIX)            -0.492725388061   -115.592814351222
 SCS-DF-MP2-F12/3*C(FIX)               -0.489910285948   -115.589999249110
 SCS-DF-MP2-F12/3C(FIX)                -0.489925745357   -115.590014708519

 Symmetry restored.
 Symmetry transformation completed.

 Number of N-1 electron functions:               7
 Number of N-2 electron functions:              28
 Number of singly external CSFs:               659
 Number of doubly external CSFs:            355020
 Total number of CSFs:                      355680

 Length of J-op  integral file:             103.49 MB
 Length of K-op  integral file:             127.95 MB

 Integral transformation finished. Total CPU:   0.47 sec, npass=  1  Memory used:   0.67 MW

 ITER.      SQ.NORM     CORR.ENERGY   TOTAL ENERGY   ENERGY CHANGE     VAR   MIC
   1      1.00000000    -0.44356143  -115.54365039    -0.44356143  0.00D+00   0
   2      1.11474705    -0.44356143  -115.54365039     0.00000000 -0.15D-19   0

 Solving MP2-F12 equations

   1      1.11471083    -0.48290405  -115.58299302    -0.03934262 -0.37D-04   0
   2      1.11471083    -0.48366086  -115.58374982    -0.00075681 -0.13D-18   0
   3      1.11471083    -0.48366086  -115.58374982     0.00000000  0.17D-18   0

 CPU TIME FOR ITERATIVE MP2:    0.04 SEC


 MP2-F12 energy corrections:
 ===========================
 Approx.                                    Singlet             Triplet             Total
 MP2-F12/3*C(DX,FIX)                   -0.038290475721     -0.004214020055     -0.042504495776
 MP2-F12/3*C(FIX)                      -0.036090646752     -0.003932276101     -0.040022922853
 MP2-F12/3C(FIX)                       -0.036030779712     -0.004068649498     -0.040099429210

 MP2-F12 correlation energies:
 =============================
 Approx.                                    Singlet             Triplet             Ecorr            Total Energy
 MP2                                   -0.291302671790     -0.152258757824     -0.443561429614   -115.543650392776
 MP2-F12/3*C(DX,FIX)                   -0.329593147512     -0.156472777879     -0.486065925390   -115.586154888552
 MP2-F12/3*C(FIX)                      -0.327393318542     -0.156191033925     -0.483584352467   -115.583673315629
 MP2-F12/3C(FIX)                       -0.327333451502     -0.156327407322     -0.483660858824   -115.583749821986

 SCS-MP2 energies (F_SING= 1.20000  F_TRIP= 0.62222  F_PARALLEL= 0.33333):
 =========================================================================
 SCS-MP2                               -0.444301988794   -115.544390951956
 SCS-MP2-F12/3*C(DX,FIX)               -0.492872616583   -115.592961579745
 SCS-MP2-F12/3*C(FIX)                  -0.490057514471   -115.590146477632
 SCS-MP2-F12/3C(FIX)                   -0.490070528581   -115.590159491743


  Reference energy                   -115.098736482615
  F12 singles correction               -0.001352480546

 F12 singles corrections added to reference energy

  New reference energy               -115.100088963162

  F12/3C(F) singlet correction         -0.036030779712
  F12/3C(F) triplet correction         -0.004068649498
  F12/3C(F) total correction           -0.040099429210
  MP2-F12/3C(F) singlet pair energy    -0.327333451502
  MP2-F12/3C(F) triplet pair energy    -0.156327407322
  MP2-F12/3C(F) correlation energy     -0.483660858824

 !MP2-F12/3C(F) total energy         -115.583749821986


 **********************************************************************************************************************************
 DATASETS  * FILE   NREC   LENGTH (MB)   RECORD NAMES
              1      20      317.68       500      610      700      900      950      970     1000      129      960     1100   
                                          VAR    BASINP    GEOM    SYMINP    ZMAT    AOBASIS   BASIS     P2S    ABASIS      S 
                                         1400     1410     1200     1210     1080     1600     1650     1300     1700     1380   
                                           T        V       H0       H01     AOSYM     SMH    MOLCAS    ERIS     OPER     JKOP   

              2       7        3.55       700     1000      520     2100     7360     7350     7000   
                                         GEOM     BASIS   MCVARS     RHF    F12ABS    EF12   

 PROGRAMS   *        TOTAL   MP2-F12    HF-SCF       INT
 CPU TIMES  *        23.10     13.51      3.07      6.38
 REAL TIME  *       102.00 SEC
 DISK USED  *         1.13 GB
 **********************************************************************************************************************************


 PROGRAM * CCSD (Closed-shell coupled cluster)     Authors: C. Hampel, H.-J. Werner, 1991, M. Deegan, P.J. Knowles, 1992

                                  CCSD-F12 implementation by  H.-J. Werner, 2007

                   Density fitting integral evaluation by F.R. Manby, 2003,2007, G. Knizia, 2010



 Convergence thresholds:  THRVAR = 1.00D-08  THRDEN = 1.00D-06

 CCSD(T)     terms to be evaluated (factor= 1.000)


 Number of core orbitals:           2 (   2   0 )
 Number of closed-shell orbitals:   7 (   5   2 )
 Number of external orbitals:     169 ( 107  62 )

 Molecular orbitals read from record     2100.2  Type=RHF/CANONICAL (state 1.1)

 MP2-F12 correlation treatment (H.-J. Werner, 2006)
 ==================================================

 Using MP2-F12 with ansatz 3C(FIX)

 Using projected zeroth-order Hamiltonian (+Z)

 FOCKRIB=T FOCKRIC=T FOCKRIP=T CABSP=T CABSA=T CABSK=T CABSF=T GBC=F EBC=F DMAT=T NOFIK=T NOPAO=1 SOLVE=-1  USEPAO=0
 EXCH_A= T EXCH_B= F EXCH_C= F EXCH_P= F

 Geminal basis:    OPTFULL  GEM_TYPE=SLATER  BETA=1.0  NGEM=6

 Optimizing Gaussian exponents for each gem_beta

 Geminal optimization for beta= 1.0000
 Weight function:   m=0, omega= 1.4646

 Augmented Hessian optimization of geminal fit. Trust ratio= 0.40000
 Convergence reached after   2 iterations. Final gradient= 8.66D-16, Step= 4.23D-06, Delta= 1.28D-09

 Alpha:                 0.19532     0.81920     2.85917     9.50073    35.69989   197.79328
 Coeff:                 0.27070     0.30552     0.18297     0.10986     0.06810     0.04224


 Symmetry turned off. Reference energy:       -115.098736482615

 All pairs explicitly correlated. Number of r12-pairs:           28

 Excluding core orbitals from MO domains

 AO(A)-basis ORBITAL           loaded. Number of functions:     178
 RI(R)-basis CC-PVTZ-F12/OPTRI loaded. Number of functions:     314
 DF-basis AUG-CC-PVTZ/JKFIT    loaded. Number of functions:     392

 Screening thresholds:   THRAO=  1.00D-10  THRMO=  1.00D-09  THRPROD=  1.00D-09
                         THRSW=  1.00D-05  THROV=  1.00D-12  THRAOF12= 1.00D-08

 CPU time for Fock operators                      5.49 sec

 Construction of ABS:
 Smallest eigenvalue of S          4.37E-04  (threshold= 1.00E-08)
 Ratio eigmin/eigmax               5.58E-05  (threshold= 1.00E-09)
 Smallest eigenvalue of S kept     4.37E-04  (threshold= 4.37E-04, 0 functions deleted, 314 kept)

 Construction of CABS:
 Smallest eigenvalue of S          7.27E-07  (threshold= 1.00E-08)
 Ratio eigmin/eigmax               7.27E-07  (threshold= 1.00E-09)
 Smallest eigenvalue of S kept     7.27E-07  (threshold= 7.27E-07, 0 functions deleted, 314 kept)

 CPU time for CABS singles                        0.04 sec

 CABS-singles contribution of  -0.00135248 patched into reference energy.
 New reference energy        -115.10008896

 AO(A)-basis ORBITAL           loaded. Number of functions:     178
 RI(R)-basis CC-PVTZ-F12/OPTRI loaded. Number of functions:     314
 DF-basis AUG-CC-PVTZ/MP2FIT   loaded. Number of functions:     396

 Screening thresholds:   THRAO=  1.00D-10  THRMO=  1.00D-09  THRPROD=  1.00D-09
                         THRSW=  1.00D-05  THROV=  1.00D-12  THRAOF12= 1.00D-08

 CPU time for 3-index integral evaluation         3.46 sec
 CPU time for first  half transformation          0.33 sec ( 7482.0 MFLOP/sec)
 CPU time for sorting                             0.01 sec
 CPU time for fitting                             0.04 sec (28485.6 MFLOP/sec)
 CPU time for tilde quantities                    0.03 sec (50348.4 MFLOP/sec)
 CPU time for assembly                            0.21 sec (58826.6 MFLOP/sec)
 CPU time for tranop_f12                          0.26 sec (61000.9 MFLOP/sec)
 CPU time for f12 integrals (total)               7.34 sec, Elapsed time:      7.77 sec
 CPU time for f12 matrices (total)                0.10 sec, Elapsed time:      0.15 sec

 Diagonal F12 approximation with fixed coefficients:  TSING= 0.500,  TTRIP= 0.250 (scaled by -1/beta)

 DF-MP2-F12 energy corrections:
 ==============================
 Approx.                                    Singlet             Triplet             Total
 DF-MP2-F12/3*C(DX,FIX)                -0.038290475721     -0.004214020055     -0.042504495776
 DF-MP2-F12/3*C(FIX)                   -0.036090646752     -0.003932276101     -0.040022922853
 DF-MP2-F12/3C(FIX)                    -0.036033487885     -0.004067356536     -0.040100844421

 DF-MP2-F12 correlation energies:
 ================================
 Approx.                                    Singlet             Triplet             Ecorr            Total Energy
 DF-MP2                                -0.291119344773     -0.152375699804     -0.443495044577   -115.543584007739
 DF-MP2-F12/3*C(DX,FIX)                -0.329409820494     -0.156589719858     -0.485999540353   -115.586088503515
 DF-MP2-F12/3*C(FIX)                   -0.327209991525     -0.156307975905     -0.483517967429   -115.583606930591
 DF-MP2-F12/3C(FIX)                    -0.327152832658     -0.156443056340     -0.483595888998   -115.583684852160

 SCS-DF-MP2 energies (F_SING= 1.20000  F_TRIP= 0.62222  F_PARALLEL= 0.33333):
 ============================================================================
 SCS-DF-MP2                            -0.444154760272   -115.544243723434
 SCS-DF-MP2-F12/3*C(DX,FIX)            -0.492725388061   -115.592814351222
 SCS-DF-MP2-F12/3*C(FIX)               -0.489910285948   -115.589999249110
 SCS-DF-MP2-F12/3C(FIX)                -0.489925745357   -115.590014708519

 Symmetry restored.
 Symmetry transformation completed.

 Number of N-1 electron functions:               7
 Number of N-2 electron functions:              28
 Number of singly external CSFs:               659
 Number of doubly external CSFs:            355020
 Total number of CSFs:                      355680

 Length of J-op  integral file:             103.62 MB
 Length of K-op  integral file:             127.95 MB
 Length of 3-ext integral record:             0.00 MB

 Memory could be reduced to 24.20 Mwords without degradation in triples

 Integral transformation finished. Total CPU:   1.43 sec, npass=  1  Memory used:   7.45 MW

 Reference energy:                   -115.10008896

 Adding F12 terms to K(Cij), methodcc=6,  factor= 1.0

 ITER.      SQ.NORM     CORR.ENERGY   TOTAL ENERGY   ENERGY CHANGE        DEN1      VAR(S)    VAR(P)  DIIS     TIME  TIME/IT
   1      1.11762185    -0.45288270  -115.55297166    -0.00932127     0.00168863  0.15D-02  0.19D-02  1  1    15.37     0.97
   2      1.12503641    -0.45324321  -115.55333217    -0.00036051    -0.00905259  0.24D-04  0.23D-03  2  2    16.27     0.99
   3      1.12776729    -0.45342060  -115.55350957    -0.00017739    -0.00186549  0.15D-04  0.13D-04  3  3    17.19     1.00
   4      1.12871555    -0.45343840  -115.55352736    -0.00001780    -0.00060076  0.86D-06  0.12D-05  4  4    18.10     1.00
   5      1.12887123    -0.45343997  -115.55352893    -0.00000157    -0.00003794  0.23D-06  0.10D-06  5  5    18.99     1.00
   6      1.12891384    -0.45343760  -115.55352656     0.00000237    -0.00000421  0.36D-07  0.96D-08  6  6    19.89     1.01
   7      1.12892496    -0.45343672  -115.55352569     0.00000088    -0.00000298  0.39D-08  0.14D-08  6  1    20.79     1.01
   8      1.12892677    -0.45343678  -115.55352575    -0.00000006     0.00000033  0.67D-09  0.20D-09  6  3    21.72     1.01

 Norm of t1 vector:      0.05003867      S-energy:    -0.00000037      T1 diagnostic:  0.00945642
                                                                       D1 diagnostic:  0.02006941

 Adding energy correction from Wij-K(Fij), methodcc=6  factor= 1.0

  CCSD correlation energy              -0.453436783495
  MP2-F12 correction (uncoupled)       -0.038548451161
  C*T doubles correction               -0.001165357847
  f12b correction                       0.007099287798


 Total CPU time for triples:     13.49 sec


 RESULTS
 =======

  Reference energy                   -115.098736482615
  F12 singles correction               -0.001352480546

 F12 singles corrections added to reference energy

  New reference energy               -115.100088963162

  F12a singlet correction              -0.035793864892
  F12a triplet correction              -0.003919944116
  F12a total correction                -0.039713809008

 F12a corrections for ansatz F12/3C(FIX) added to CCSD energy

  CCSD-F12a singlet pair energy        -0.351234074139
  CCSD-F12a triplet pair energy        -0.141916149608
  CCSD-F12a correlation energy         -0.493150592503

  Triples (T) contribution             -0.016017526385
  Total correlation energy             -0.509168118888

  CCSD-F12a total energy             -115.593239555665
  CCSD[T]-F12a energy                -115.609810948773
  CCSD-T-F12a energy                 -115.609013021865
 !CCSD(T)-F12a total energy          -115.609257082050

 F12b corrections for ansatz F12/3C(FIX) added to CCSD(T)-F12a energy

  CCSD-F12b singlet pair energy        -0.344596957073
  CCSD-F12b triplet pair energy        -0.141453978876
  CCSD-F12b correlation energy         -0.486051304705

  Triples (T) contribution             -0.016017526385
  Total correlation energy             -0.502068831090

  CCSD-F12b total energy             -115.586140267867
  CCSD[T]-F12b energy                -115.602711660975
  CCSD-T-F12b energy                 -115.601913734067
 !CCSD(T)-F12b total energy          -115.602157794252

 Timing summary (sec):

 STEP                 CPU(USER)    SYS     CPU(TOT)    WALL
 Transformation          1.44      0.36      1.80      1.85
 CCSD iterations         7.24      0.83      8.07      8.11
 Triples                13.49      0.50     13.99     14.04
 MP2-F12                13.04      0.63     13.67     13.84
 F12b energy             0.71      0.06      0.77      0.78

 Program statistics:

 Available memory in ccsd:               499999650
 Min. memory needed in ccsd:               1149135
 Max. memory used in ccsd:                 1443104
 Max. memory used in cckext:               1888566 ( 9 integral passes)



 **********************************************************************************************************************************
 DATASETS  * FILE   NREC   LENGTH (MB)   RECORD NAMES
              1      20      386.24       500      610      700      900      950      970     1000      129      960     1100   
                                          VAR    BASINP    GEOM    SYMINP    ZMAT    AOBASIS   BASIS     P2S    ABASIS      S 
                                         1400     1410     1200     1210     1080     1600     1650     1300     1700     1380   
                                           T        V       H0       H01     AOSYM     SMH    MOLCAS    ERIS     OPER     JKOP   

              2       7        3.55       700     1000      520     2100     7360     7350     7000   
                                         GEOM     BASIS   MCVARS     RHF    F12ABS    EF12   

 PROGRAMS   *        TOTAL   CCSD(T)   MP2-F12    HF-SCF       INT
 CPU TIMES  *        59.06     35.95     13.51      3.07      6.38
 REAL TIME  *       140.71 SEC
 DISK USED  *         1.13 GB
 **********************************************************************************************************************************
 SETTING XXX            =    "MMM"
 SETTING POINT          =        83.00000000                                  

 *** ### CH3OH


 XXX       RCO          ROH          RCH1         RCH2         RCH3           ACOH           AOCH1          AOCH2          AOCH3         AHH1           AHH2           AHH3            ENERGY       POINT
 "MMM"   1.42077677   0.96013932   1.09171752   1.08440070   1.09171752   108.12930637   111.65221523   105.93733878   111.65221523   61.43364279   180.00000000   298.56635721   -115.60925708   83.0000
                                                  

 CCSD(T)-F12/cc-pVTZ-F12 energy=   -115.602157794252

     CCSD(T)-F12         MP2-F12          HF-SCF
   -115.60215779   -115.58374982   -115.09873648
 **********************************************************************************************************************************
 Molpro calculation terminated
