
 Primary working directories    : /tmpdir/job/2955650.undefined/molpro.zkF72mtpQf
 Secondary working directories  : /tmpdir/job/2955650.undefined/molpro.zkF72mtpQf
 Wavefunction directory         : /home/zcaposm/wfu/
 Main file repository           : /tmpdir/job/2955650.undefined/molpro.zkF72mtpQf/

 id        : uclcc

 Nodes                         nprocs
 node-d00a-132.myriad.ucl.ac.uk    1

 Using customized tuning parameters: mindgm=1; mindgv=20; mindgc=4; mindgr=1; noblas=0; minvec=7
 default implementation of scratch files=df  


 Variables initialized (945), CPU time= 0.01 sec
 ***,Methanol Ground State Energy with CCSD(T)-F12 and cc-pVTZ-F12
 memory,500,m;
 
 geometry={angstrom
 c
 o , 1, rco
 h , 2, roh, 1, acoh
 h1, 1, rch1, 2, aoch1  3  ahh1
 h2, 1, rch2, 2, aoch2, 3, ahh2
 h3, 1, rch3, 2, aoch3, 3, ahh3
 }
 
                                                ! Specify the initial values of the internal coordinates (in Angstroms and degrees)
 
 rco= 1.42077677
 roh= 0.96013932
 rch1= 1.091717515605
 rch2= 1.08440070258
 rch3= 1.091717515605
 acoh= 108.12930637
 aoch1= 111.6522152299
 aoch2= 106.18733878260001
 aoch3= 111.6522152299
 ahh1=61.43364279
 ahh2=180.0
 ahh3=298.56635721
 
                                                                                 ! Use the cc-pVTZ-F12 basis set
 basis=cc-pVTZ-F12
 
 hf
 
                                                                                 ! Use explicitly correlated F12 methods
                                                                            ! First, MP2-F12 (useful for initial electronic energy)
 {mp2-f12}
 
                                                                        ! If desired, perform CCSD(T)-F12 for more accurate results
 {ccsd(t)-f12}
 
                                                                                 ! Output the energy
 xxx = "mmm"
 point = 81
 text ### CH3OH
 table,xxx,rco,roh,rch1,rch2,rch3,acoh,aoch1,aoch2,aoch3,ahh1,ahh2,ahh3,energy,point
 DIGITS, 0, 8, 8, 8, 8, 8, 8, 8, 8, 8,  8,  8,  8, 8, 4
 save,CH3OH_MEP_MP2_81.dat,new
 
 Commands  initialized (802), CPU time= 0.01 sec, 659 directives.
 Default parameters read. Elapsed time= 0.10 sec

 Checking input...
 Passed
1


                                         ***  PROGRAM SYSTEM MOLPRO  ***
                                       Copyright, TTI GmbH Stuttgart, 2015
                                    Version 2020.1 linked Oct  6 2020 12:04:11


 **********************************************************************************************************************************
 LABEL *   Methanol Ground State Energy with CCSD(T)-F12 and cc-pVTZ-F12                 
  64 bit serial version                                                                  DATE: 08-Oct-24          TIME: 17:30:41  
 **********************************************************************************************************************************

 SHA1:             8c27446f6450a7499e38f603e13c65f775101d37
 **********************************************************************************************************************************

 Memory per process:       500 MW
 Total memory per node:    500 MW

 GA preallocation disabled
 GA check disabled

 Variable memory set to 500.0 MW

 SETTING RCO            =         1.42077677                                  
 SETTING ROH            =         0.96013932                                  
 SETTING RCH1           =         1.09171752                                  
 SETTING RCH2           =         1.08440070                                  
 SETTING RCH3           =         1.09171752                                  
 SETTING ACOH           =       108.12930637                                  
 SETTING AOCH1          =       111.65221523                                  
 SETTING AOCH2          =       106.18733878                                  
 SETTING AOCH3          =       111.65221523                                  
 SETTING AHH1           =        61.43364279                                  
 SETTING AHH2           =       180.00000000                                  
 SETTING AHH3           =       298.56635721                                  
 SETTING BASIS          =    CC-PVTZ-F12


 Recomputing integrals since basis changed


 Using spherical harmonics

 Library entry C      S cc-pVTZ-F12          selected for orbital group  1
 Library entry C      P cc-pVTZ-F12          selected for orbital group  1
 Library entry C      D cc-pVTZ-F12          selected for orbital group  1
 Library entry C      F cc-pVTZ-F12          selected for orbital group  1
 Library entry O      S cc-pVTZ-F12          selected for orbital group  2
 Library entry O      P cc-pVTZ-F12          selected for orbital group  2
 Library entry O      D cc-pVTZ-F12          selected for orbital group  2
 Library entry O      F cc-pVTZ-F12          selected for orbital group  2
 Library entry H      S cc-pVTZ-F12          selected for orbital group  3
 Library entry H      P cc-pVTZ-F12          selected for orbital group  3
 Library entry H      D cc-pVTZ-F12          selected for orbital group  3


 PROGRAM * SEWARD (Integral evaluation for generally contracted gaussian basis sets)     Author: Roland Lindh, 1990

 Geometry written to block  1 of record 700

 Orientation using atomic masses  
 Molecule type: Asymmetric top
 Symmetry elements: X
 Rotational constants:      23.9884953     24.8561779    128.3555983 GHz  (calculated with average atomic masses)

 Point group  Cs  



 ATOMIC COORDINATES

 NR  ATOM    CHARGE       X              Y              Z

   1  C       6.00    0.000000000    0.024644873   -1.377667088
   2  O       8.00    0.000000000   -0.120796605    1.303269672
   3  H       1.00    0.000000000    1.570415812    1.960422025
   4  H1      1.00    1.684053272    0.981426855   -2.088086819
   5  H3      1.00   -1.684053272    0.981426855   -2.088086819
   6  H2      1.00    0.000000000   -1.909498633   -2.054714273

 Bond lengths in Bohr (Angstrom)

 1-2  2.684878979  1-4  2.063047110  1-5  2.063047110  1-6  2.049220337  2-3  1.814400356
     ( 1.420776770)     ( 1.091717516)     ( 1.091717516)     ( 1.084400703)     ( 0.960139320)

 Bond angles

  1-2-3  108.12930637   2-1-4  111.65221523   2-1-5  111.65221523   2-1-6  106.18733878

  4-1-5  109.43105099   4-1-6  108.90229719   5-1-6  108.90229719

 NUCLEAR CHARGE:                   18
 NUMBER OF PRIMITIVE AOS:         228
 NUMBER OF SYMMETRY AOS:          206
 NUMBER OF CONTRACTIONS:          178   (  114A'  +   64A"  )
 NUMBER OF INNER CORE ORBITALS:     0   (    0A'  +    0A"  )
 NUMBER OF OUTER CORE ORBITALS:     2   (    2A'  +    0A"  )
 NUMBER OF VALENCE ORBITALS:       12   (    9A'  +    3A"  )


 NUCLEAR REPULSION ENERGY   40.35748172

 Eigenvalues of metric

         1 0.879E-04 0.183E-03 0.309E-03 0.460E-03 0.493E-03 0.560E-03 0.616E-03 0.621E-03
         2 0.322E-03 0.570E-03 0.686E-03 0.177E-02 0.336E-02 0.494E-02 0.655E-02 0.870E-02


 Contracted 2-electron integrals neglected if value below      1.0D-11
 AO integral compression algorithm  1   Integral accuracy      1.0D-11

     331.874 MB (compressed) written to integral file ( 53.5%)


 NUMBER OF SORTED TWO-ELECTRON INTEGRALS:   64554730.     BUFFER LENGTH:  32768
 NUMBER OF SEGMENTS:   5  SEGMENT LENGTH:   15997996      RECORD LENGTH: 524288

 Memory used in sort:      16.56 MW

 SORT1 READ    77497885. AND WROTE    63557636. INTEGRALS IN    184 RECORDS. CPU TIME:     1.15 SEC, REAL TIME:    12.59 SEC
 SORT2 READ    63557636. AND WROTE    64554730. INTEGRALS IN   1266 RECORDS. CPU TIME:     1.25 SEC, REAL TIME:    46.40 SEC

 FILE SIZES:   FILE 1:   362.8 MBYTE,  FILE 4:   771.8 MBYTE,   TOTAL:   1134.6 MBYTE

 OPERATOR DM      FOR CENTER  0  COORDINATES:    0.000000    0.000000    0.000000


 **********************************************************************************************************************************
 DATASETS  * FILE   NREC   LENGTH (MB)   RECORD NAMES
              1      19      311.93       500      610      700      900      950      970     1000      129      960     1100   
                                          VAR    BASINP    GEOM    SYMINP    ZMAT    AOBASIS   BASIS     P2S    ABASIS      S 
                                         1400     1410     1200     1210     1080     1600     1650     1300     1700   
                                           T        V       H0       H01     AOSYM     SMH    MOLCAS    ERIS     OPER   

 PROGRAMS   *        TOTAL       INT
 CPU TIMES  *         5.68      5.57
 REAL TIME  *        79.88 SEC
 DISK USED  *         1.13 GB
 **********************************************************************************************************************************


 PROGRAM * RHF-SCF (CLOSED SHELL)       Authors: W. Meyer, H.-J. Werner


 NUMBER OF ELECTRONS:       9+    9-
 CONVERGENCE THRESHOLDS:    1.00E-05 (Density)    1.00E-07 (Energy)
 MAX. NUMBER OF ITERATIONS:       60
 INTERPOLATION TYPE:            DIIS
 INTERPOLATION STEPS:              2 (START)      1 (STEP)
 LEVEL SHIFTS:                  0.00 (CLOSED)  0.00 (OPEN) 



 Orbital guess generated from atomic densities. Full valence occupancy:   11   3

 Molecular orbital dump at record        2100.2

 Initial occupancy:   7   2

 ITERATION    DDIFF          GRAD             ENERGY        2-EL.EN.            DIPOLE MOMENTS         DIIS   ORB.
    1      0.000D+00      0.000D+00      -115.06227015    164.515513    0.00000    0.90589   -0.47691    0    start
    2      0.000D+00      0.669D-02      -115.09065593    161.926437    0.00000    0.49606   -0.30222    1    diag
    3      0.654D-02      0.367D-02      -115.09818787    163.192821    0.00000    0.60019   -0.39606    2    diag
    4      0.222D-02      0.720D-03      -115.09872038    163.016487    0.00000    0.59513   -0.39165    3    diag
    5      0.593D-03      0.145D-03      -115.09875485    163.028007    0.00000    0.59115   -0.39654    4    diag
    6      0.165D-03      0.271D-04      -115.09875642    163.025761    0.00000    0.59130   -0.39735    5    diag
    7      0.475D-04      0.575D-05      -115.09875649    163.025392    0.00000    0.59112   -0.39764    6    diag
    8      0.119D-04      0.150D-05      -115.09875649    163.025738    0.00000    0.59110   -0.39767    7    diag
    9      0.235D-05      0.470D-06      -115.09875649    163.025574    0.00000    0.59108   -0.39767    0    orth

 Final occupancy:   7   2

 !RHF STATE  1.1 Energy              -115.098756492663
 Nuclear energy                        40.35748172
 One-electron energy                 -236.96902524
 Two-electron energy                   81.51278702
 Virial quotient                       -1.00099456
 !RHF STATE  1.1 Dipole moment          0.00000000     0.59108468    -0.39767341
 Dipole moment /Debye                   0.00000000     1.50228901    -1.01071880

 Orbital energies:

         1.1          2.1          3.1          4.1          5.1          6.1          7.1          8.1          9.1
    -20.556040   -11.269702    -1.356860    -0.926103    -0.691266    -0.593168    -0.504996     0.054648     0.065102

         1.2          2.2          3.2          4.2
     -0.621548    -0.452043     0.073788     0.181527


 HOMO      2.2    -0.452043 =     -12.3007eV
 LUMO      8.1     0.054648 =       1.4870eV
 LUMO-HOMO         0.506691 =      13.7878eV


 **********************************************************************************************************************************
 DATASETS  * FILE   NREC   LENGTH (MB)   RECORD NAMES
              1      19      311.93       500      610      700      900      950      970     1000      129      960     1100   
                                          VAR    BASINP    GEOM    SYMINP    ZMAT    AOBASIS   BASIS     P2S    ABASIS      S 
                                         1400     1410     1200     1210     1080     1600     1650     1300     1700   
                                           T        V       H0       H01     AOSYM     SMH    MOLCAS    ERIS     OPER   

              2       4        3.18       700     1000      520     2100   
                                         GEOM     BASIS   MCVARS     RHF  

 PROGRAMS   *        TOTAL    HF-SCF       INT
 CPU TIMES  *         8.79      3.11      5.57
 REAL TIME  *        89.95 SEC
 DISK USED  *         1.13 GB
 **********************************************************************************************************************************


 PROGRAM * MP2 (Closed-shell)     Authors: C. Hampel, H.-J. Werner, 1991, M. Deegan, P.J. Knowles, 1992

                                   MP2-F12 implementation by H.-J. Werner, 2007

                   Density fitting integral evaluation by F.R. Manby, 2003,2007, G. Knizia, 2010


 Basis set AUG-CC-PVTZ/JKFIT generated.  Number of basis functions:   392 
 Basis set CC-PVTZ-F12/OPTRI generated.  Number of basis functions:   314 
 Basis set AUG-CC-PVTZ/MP2FIT generated. Number of basis functions:   396 

 Convergence thresholds:  THRVAR = 1.00D-08  THRDEN = 1.00D-06

 Number of core orbitals:           2 (   2   0 )
 Number of closed-shell orbitals:   7 (   5   2 )
 Number of external orbitals:     169 ( 107  62 )

 Molecular orbitals read from record     2100.2  Type=RHF/CANONICAL (state 1.1)

 MP2-F12 correlation treatment (H.-J. Werner, 2006)
 ==================================================

 Using MP2-F12 with ansatz 3C(FIX)

 Using projected zeroth-order Hamiltonian (+Z)

 FOCKRIB=T FOCKRIC=T FOCKRIP=T CABSP=T CABSA=T CABSK=T CABSF=T GBC=F EBC=F DMAT=T NOFIK=T NOPAO=1 SOLVE=-1  USEPAO=0
 EXCH_A= T EXCH_B= F EXCH_C= F EXCH_P= F

 Geminal basis:    OPTFULL  GEM_TYPE=SLATER  BETA=1.0  NGEM=6

 Optimizing Gaussian exponents for each gem_beta

 Geminal optimization for beta= 1.0000
 Weight function:   m=0, omega= 1.4646

 Augmented Hessian optimization of geminal fit. Trust ratio= 0.40000
 Convergence reached after   2 iterations. Final gradient= 8.66D-16, Step= 4.23D-06, Delta= 1.28D-09

 Alpha:                 0.19532     0.81920     2.85917     9.50073    35.69989   197.79328
 Coeff:                 0.27070     0.30552     0.18297     0.10986     0.06810     0.04224


 Symmetry turned off. Reference energy:       -115.098756492663

 All pairs explicitly correlated. Number of r12-pairs:           28

 Excluding core orbitals from MO domains

 AO(A)-basis ORBITAL           loaded. Number of functions:     178
 RI(R)-basis CC-PVTZ-F12/OPTRI loaded. Number of functions:     314
 DF-basis AUG-CC-PVTZ/JKFIT    loaded. Number of functions:     392

 Screening thresholds:   THRAO=  1.00D-10  THRMO=  1.00D-09  THRPROD=  1.00D-09
                         THRSW=  1.00D-05  THROV=  1.00D-12  THRAOF12= 1.00D-08

 CPU time for Fock operators                      4.98 sec

 Construction of ABS:
 Smallest eigenvalue of S          4.37E-04  (threshold= 1.00E-08)
 Ratio eigmin/eigmax               5.57E-05  (threshold= 1.00E-09)
 Smallest eigenvalue of S kept     4.37E-04  (threshold= 4.37E-04, 0 functions deleted, 314 kept)

 Construction of CABS:
 Smallest eigenvalue of S          7.27E-07  (threshold= 1.00E-08)
 Ratio eigmin/eigmax               7.27E-07  (threshold= 1.00E-09)
 Smallest eigenvalue of S kept     7.27E-07  (threshold= 7.27E-07, 0 functions deleted, 314 kept)

 CPU time for CABS singles                        0.03 sec

 CABS-singles contribution of  -0.00135272 patched into reference energy.
 New reference energy        -115.10010922

 AO(A)-basis ORBITAL           loaded. Number of functions:     178
 RI(R)-basis CC-PVTZ-F12/OPTRI loaded. Number of functions:     314
 DF-basis AUG-CC-PVTZ/MP2FIT   loaded. Number of functions:     396

 Screening thresholds:   THRAO=  1.00D-10  THRMO=  1.00D-09  THRPROD=  1.00D-09
                         THRSW=  1.00D-05  THROV=  1.00D-12  THRAOF12= 1.00D-08

 CPU time for 3-index integral evaluation         3.24 sec
 CPU time for first  half transformation          0.16 sec (15431.6 MFLOP/sec)
 CPU time for second half transformation          0.01 sec ( 6217.0 MFLOP/sec)
 CPU time for fitting                             0.03 sec (37980.8 MFLOP/sec)
 CPU time for tilde quantities                    0.02 sec (75522.6 MFLOP/sec)
 CPU time for assembly                            0.19 sec (65018.9 MFLOP/sec)
 CPU time for tranop_f12                          0.24 sec (66084.3 MFLOP/sec)
 CPU time for f12 integrals (total)               6.61 sec, Elapsed time:      6.94 sec
 CPU time for f12 matrices (total)                0.10 sec, Elapsed time:      0.13 sec

 Diagonal F12 approximation with fixed coefficients:  TSING= 0.500,  TTRIP= 0.250 (scaled by -1/beta)

 DF-MP2-F12 energy corrections:
 ==============================
 Approx.                                    Singlet             Triplet             Total
 DF-MP2-F12/3*C(DX,FIX)                -0.038289836522     -0.004213720667     -0.042503557189
 DF-MP2-F12/3*C(FIX)                   -0.036090212725     -0.003931976188     -0.040022188912
 DF-MP2-F12/3C(FIX)                    -0.036033030159     -0.004067035558     -0.040100065716

 DF-MP2-F12 correlation energies:
 ================================
 Approx.                                    Singlet             Triplet             Ecorr            Total Energy
 DF-MP2                                -0.291113999766     -0.152372597079     -0.443486596845   -115.543595813064
 DF-MP2-F12/3*C(DX,FIX)                -0.329403836288     -0.156586317746     -0.485990154034   -115.586099370253
 DF-MP2-F12/3*C(FIX)                   -0.327204212491     -0.156304573267     -0.483508785757   -115.583618001976
 DF-MP2-F12/3C(FIX)                    -0.327147029925     -0.156439632637     -0.483586662562   -115.583695878780

 SCS-DF-MP2 energies (F_SING= 1.20000  F_TRIP= 0.62222  F_PARALLEL= 0.33333):
 ============================================================================
 SCS-DF-MP2                            -0.444146415680   -115.544255631898
 SCS-DF-MP2-F12/3*C(DX,FIX)            -0.492716090143   -115.592825306362
 SCS-DF-MP2-F12/3*C(FIX)               -0.489901233910   -115.590010450129
 SCS-DF-MP2-F12/3C(FIX)                -0.489916651773   -115.590025867991

 Symmetry restored.
 Symmetry transformation completed.

 Number of N-1 electron functions:               7
 Number of N-2 electron functions:              28
 Number of singly external CSFs:               659
 Number of doubly external CSFs:            355020
 Total number of CSFs:                      355680

 Length of J-op  integral file:             103.49 MB
 Length of K-op  integral file:             127.95 MB

 Integral transformation finished. Total CPU:   0.42 sec, npass=  1  Memory used:   0.67 MW

 ITER.      SQ.NORM     CORR.ENERGY   TOTAL ENERGY   ENERGY CHANGE     VAR   MIC
   1      1.00000000    -0.44355299  -115.54366220    -0.44355299  0.00D+00   0
   2      1.11474410    -0.44355299  -115.54366220     0.00000000 -0.11D-15   0

 Solving MP2-F12 equations

   1      1.11470786    -0.48289486  -115.58300408    -0.03934188 -0.37D-04   0
   2      1.11470786    -0.48365164  -115.58376085    -0.00075677 -0.14D-17   0
   3      1.11470786    -0.48365164  -115.58376085     0.00000000 -0.17D-18   0

 CPU TIME FOR ITERATIVE MP2:    0.02 SEC


 MP2-F12 energy corrections:
 ===========================
 Approx.                                    Singlet             Triplet             Total
 MP2-F12/3*C(DX,FIX)                   -0.038289836522     -0.004213720667     -0.042503557189
 MP2-F12/3*C(FIX)                      -0.036090212725     -0.003931976188     -0.040022188912
 MP2-F12/3C(FIX)                       -0.036030323523     -0.004068329218     -0.040098652741

 MP2-F12 correlation energies:
 =============================
 Approx.                                    Singlet             Triplet             Ecorr            Total Energy
 MP2                                   -0.291297323593     -0.152255662365     -0.443552985958   -115.543662202177
 MP2-F12/3*C(DX,FIX)                   -0.329587160115     -0.156469383032     -0.486056543146   -115.586165759365
 MP2-F12/3*C(FIX)                      -0.327387536318     -0.156187638552     -0.483575174870   -115.583684391089
 MP2-F12/3C(FIX)                       -0.327327647116     -0.156323991583     -0.483651638699   -115.583760854918

 SCS-MP2 energies (F_SING= 1.20000  F_TRIP= 0.62222  F_PARALLEL= 0.33333):
 =========================================================================
 SCS-MP2                               -0.444293644894   -115.544402861113
 SCS-MP2-F12/3*C(DX,FIX)               -0.492863319358   -115.592972535576
 SCS-MP2-F12/3*C(FIX)                  -0.490048463125   -115.590157679344
 SCS-MP2-F12/3C(FIX)                   -0.490061437969   -115.590170654187


  Reference energy                   -115.098756492663
  F12 singles correction               -0.001352723556

 F12 singles corrections added to reference energy

  New reference energy               -115.100109216219

  F12/3C(F) singlet correction         -0.036030323523
  F12/3C(F) triplet correction         -0.004068329218
  F12/3C(F) total correction           -0.040098652741
  MP2-F12/3C(F) singlet pair energy    -0.327327647116
  MP2-F12/3C(F) triplet pair energy    -0.156323991583
  MP2-F12/3C(F) correlation energy     -0.483651638699

 !MP2-F12/3C(F) total energy         -115.583760854918


 **********************************************************************************************************************************
 DATASETS  * FILE   NREC   LENGTH (MB)   RECORD NAMES
              1      20      317.67       500      610      700      900      950      970     1000      129      960     1100   
                                          VAR    BASINP    GEOM    SYMINP    ZMAT    AOBASIS   BASIS     P2S    ABASIS      S 
                                         1400     1410     1200     1210     1080     1600     1650     1300     1700     1380   
                                           T        V       H0       H01     AOSYM     SMH    MOLCAS    ERIS     OPER     JKOP   

              2       7        3.55       700     1000      520     2100     7360     7350     7000   
                                         GEOM     BASIS   MCVARS     RHF    F12ABS    EF12   

 PROGRAMS   *        TOTAL   MP2-F12    HF-SCF       INT
 CPU TIMES  *        21.20     12.40      3.11      5.57
 REAL TIME  *       104.78 SEC
 DISK USED  *         1.13 GB
 **********************************************************************************************************************************


 PROGRAM * CCSD (Closed-shell coupled cluster)     Authors: C. Hampel, H.-J. Werner, 1991, M. Deegan, P.J. Knowles, 1992

                                  CCSD-F12 implementation by  H.-J. Werner, 2007

                   Density fitting integral evaluation by F.R. Manby, 2003,2007, G. Knizia, 2010



 Convergence thresholds:  THRVAR = 1.00D-08  THRDEN = 1.00D-06

 CCSD(T)     terms to be evaluated (factor= 1.000)


 Number of core orbitals:           2 (   2   0 )
 Number of closed-shell orbitals:   7 (   5   2 )
 Number of external orbitals:     169 ( 107  62 )

 Molecular orbitals read from record     2100.2  Type=RHF/CANONICAL (state 1.1)

 MP2-F12 correlation treatment (H.-J. Werner, 2006)
 ==================================================

 Using MP2-F12 with ansatz 3C(FIX)

 Using projected zeroth-order Hamiltonian (+Z)

 FOCKRIB=T FOCKRIC=T FOCKRIP=T CABSP=T CABSA=T CABSK=T CABSF=T GBC=F EBC=F DMAT=T NOFIK=T NOPAO=1 SOLVE=-1  USEPAO=0
 EXCH_A= T EXCH_B= F EXCH_C= F EXCH_P= F

 Geminal basis:    OPTFULL  GEM_TYPE=SLATER  BETA=1.0  NGEM=6

 Optimizing Gaussian exponents for each gem_beta

 Geminal optimization for beta= 1.0000
 Weight function:   m=0, omega= 1.4646

 Augmented Hessian optimization of geminal fit. Trust ratio= 0.40000
 Convergence reached after   2 iterations. Final gradient= 8.66D-16, Step= 4.23D-06, Delta= 1.28D-09

 Alpha:                 0.19532     0.81920     2.85917     9.50073    35.69989   197.79328
 Coeff:                 0.27070     0.30552     0.18297     0.10986     0.06810     0.04224


 Symmetry turned off. Reference energy:       -115.098756492663

 All pairs explicitly correlated. Number of r12-pairs:           28

 Excluding core orbitals from MO domains

 AO(A)-basis ORBITAL           loaded. Number of functions:     178
 RI(R)-basis CC-PVTZ-F12/OPTRI loaded. Number of functions:     314
 DF-basis AUG-CC-PVTZ/JKFIT    loaded. Number of functions:     392

 Screening thresholds:   THRAO=  1.00D-10  THRMO=  1.00D-09  THRPROD=  1.00D-09
                         THRSW=  1.00D-05  THROV=  1.00D-12  THRAOF12= 1.00D-08

 CPU time for Fock operators                      5.16 sec

 Construction of ABS:
 Smallest eigenvalue of S          4.37E-04  (threshold= 1.00E-08)
 Ratio eigmin/eigmax               5.57E-05  (threshold= 1.00E-09)
 Smallest eigenvalue of S kept     4.37E-04  (threshold= 4.37E-04, 0 functions deleted, 314 kept)

 Construction of CABS:
 Smallest eigenvalue of S          7.27E-07  (threshold= 1.00E-08)
 Ratio eigmin/eigmax               7.27E-07  (threshold= 1.00E-09)
 Smallest eigenvalue of S kept     7.27E-07  (threshold= 7.27E-07, 0 functions deleted, 314 kept)

 CPU time for CABS singles                        0.03 sec

 CABS-singles contribution of  -0.00135272 patched into reference energy.
 New reference energy        -115.10010922

 AO(A)-basis ORBITAL           loaded. Number of functions:     178
 RI(R)-basis CC-PVTZ-F12/OPTRI loaded. Number of functions:     314
 DF-basis AUG-CC-PVTZ/MP2FIT   loaded. Number of functions:     396

 Screening thresholds:   THRAO=  1.00D-10  THRMO=  1.00D-09  THRPROD=  1.00D-09
                         THRSW=  1.00D-05  THROV=  1.00D-12  THRAOF12= 1.00D-08

 CPU time for 3-index integral evaluation         3.16 sec
 CPU time for first  half transformation          0.21 sec (11757.4 MFLOP/sec)
 CPU time for second half transformation          0.01 sec ( 6217.0 MFLOP/sec)
 CPU time for sorting                             0.01 sec
 CPU time for fitting                             0.03 sec (37980.8 MFLOP/sec)
 CPU time for tilde quantities                    0.03 sec (50348.4 MFLOP/sec)
 CPU time for assembly                            0.19 sec (65018.9 MFLOP/sec)
 CPU time for tranop_f12                          0.26 sec (61000.9 MFLOP/sec)
 CPU time for f12 integrals (total)               6.54 sec, Elapsed time:      6.90 sec
 CPU time for f12 matrices (total)                0.11 sec, Elapsed time:      0.14 sec

 Diagonal F12 approximation with fixed coefficients:  TSING= 0.500,  TTRIP= 0.250 (scaled by -1/beta)

 DF-MP2-F12 energy corrections:
 ==============================
 Approx.                                    Singlet             Triplet             Total
 DF-MP2-F12/3*C(DX,FIX)                -0.038289836522     -0.004213720667     -0.042503557189
 DF-MP2-F12/3*C(FIX)                   -0.036090212725     -0.003931976188     -0.040022188912
 DF-MP2-F12/3C(FIX)                    -0.036033030159     -0.004067035558     -0.040100065716

 DF-MP2-F12 correlation energies:
 ================================
 Approx.                                    Singlet             Triplet             Ecorr            Total Energy
 DF-MP2                                -0.291113999766     -0.152372597079     -0.443486596845   -115.543595813064
 DF-MP2-F12/3*C(DX,FIX)                -0.329403836288     -0.156586317746     -0.485990154034   -115.586099370253
 DF-MP2-F12/3*C(FIX)                   -0.327204212491     -0.156304573267     -0.483508785757   -115.583618001976
 DF-MP2-F12/3C(FIX)                    -0.327147029925     -0.156439632637     -0.483586662562   -115.583695878780

 SCS-DF-MP2 energies (F_SING= 1.20000  F_TRIP= 0.62222  F_PARALLEL= 0.33333):
 ============================================================================
 SCS-DF-MP2                            -0.444146415680   -115.544255631898
 SCS-DF-MP2-F12/3*C(DX,FIX)            -0.492716090143   -115.592825306362
 SCS-DF-MP2-F12/3*C(FIX)               -0.489901233910   -115.590010450129
 SCS-DF-MP2-F12/3C(FIX)                -0.489916651773   -115.590025867991

 Symmetry restored.
 Symmetry transformation completed.

 Number of N-1 electron functions:               7
 Number of N-2 electron functions:              28
 Number of singly external CSFs:               659
 Number of doubly external CSFs:            355020
 Total number of CSFs:                      355680

 Length of J-op  integral file:             103.62 MB
 Length of K-op  integral file:             127.95 MB
 Length of 3-ext integral record:             0.00 MB

 Memory could be reduced to 24.20 Mwords without degradation in triples

 Integral transformation finished. Total CPU:   1.11 sec, npass=  1  Memory used:   7.45 MW

 Reference energy:                   -115.10010922

 Adding F12 terms to K(Cij), methodcc=6,  factor= 1.0

 ITER.      SQ.NORM     CORR.ENERGY   TOTAL ENERGY   ENERGY CHANGE        DEN1      VAR(S)    VAR(P)  DIIS     TIME  TIME/IT
   1      1.11762160    -0.45287685  -115.55298607    -0.00932387     0.00168433  0.15D-02  0.19D-02  1  1    13.78     0.83
   2      1.12503514    -0.45323762  -115.55334683    -0.00036077    -0.00905135  0.24D-04  0.23D-03  2  2    14.54     0.84
   3      1.12776573    -0.45341501  -115.55352423    -0.00017739    -0.00186541  0.15D-04  0.13D-04  3  3    15.30     0.84
   4      1.12871378    -0.45343283  -115.55354204    -0.00001781    -0.00060064  0.86D-06  0.12D-05  4  4    16.11     0.86
   5      1.12886944    -0.45343439  -115.55354361    -0.00000156    -0.00003793  0.23D-06  0.10D-06  5  5    16.95     0.87
   6      1.12891204    -0.45343203  -115.55354124     0.00000236    -0.00000421  0.36D-07  0.96D-08  6  6    17.76     0.88
   7      1.12892317    -0.45343115  -115.55354037     0.00000088    -0.00000298  0.39D-08  0.14D-08  6  1    18.49     0.87
   8      1.12892497    -0.45343121  -115.55354043    -0.00000006     0.00000033  0.67D-09  0.20D-09  6  3    19.33     0.88

 Norm of t1 vector:      0.05003399      S-energy:    -0.00000037      T1 diagnostic:  0.00945554
                                                                       D1 diagnostic:  0.02006376

 Adding energy correction from Wij-K(Fij), methodcc=6  factor= 1.0

  CCSD correlation energy              -0.453431210813
  MP2-F12 correction (uncoupled)       -0.038547808265
  C*T doubles correction               -0.001165269438
  f12b correction                       0.007099166170


 Total CPU time for triples:     11.98 sec


 RESULTS
 =======

  Reference energy                   -115.098756492663
  F12 singles correction               -0.001352723556

 F12 singles corrections added to reference energy

  New reference energy               -115.100109216219

  F12a singlet correction              -0.035793431085
  F12a triplet correction              -0.003919646619
  F12a total correction                -0.039713077704

 F12a corrections for ansatz F12/3C(FIX) added to CCSD energy

  CCSD-F12a singlet pair energy        -0.351228519285
  CCSD-F12a triplet pair energy        -0.141915400922
  CCSD-F12a correlation energy         -0.493144288517

  Triples (T) contribution             -0.016016790833
  Total correlation energy             -0.509161079350

  CCSD-F12a total energy             -115.593253504736
  CCSD[T]-F12a energy                -115.609824023452
  CCSD-T-F12a energy                 -115.609026297488
 !CCSD(T)-F12a total energy          -115.609270295568

 F12b corrections for ansatz F12/3C(FIX) added to CCSD(T)-F12a energy

  CCSD-F12b singlet pair energy        -0.344591501590
  CCSD-F12b triplet pair energy        -0.141453252448
  CCSD-F12b correlation energy         -0.486045122347

  Triples (T) contribution             -0.016016790833
  Total correlation energy             -0.502061913180

  CCSD-F12b total energy             -115.586154338566
  CCSD[T]-F12b energy                -115.602724857283
  CCSD-T-F12b energy                 -115.601927131319
 !CCSD(T)-F12b total energy          -115.602171129399

 Timing summary (sec):

 STEP                 CPU(USER)    SYS     CPU(TOT)    WALL
 Transformation          1.12      0.18      1.30      1.85
 CCSD iterations         6.31      0.73      7.04      7.08
 Triples                11.98      0.45     12.43     12.46
 MP2-F12                11.91      0.52     12.43     12.58
 F12b energy             0.69      0.05      0.74      0.76

 Program statistics:

 Available memory in ccsd:               499999650
 Min. memory needed in ccsd:               1149135
 Max. memory used in ccsd:                 1443104
 Max. memory used in cckext:               1888566 ( 9 integral passes)



 **********************************************************************************************************************************
 DATASETS  * FILE   NREC   LENGTH (MB)   RECORD NAMES
              1      20      386.24       500      610      700      900      950      970     1000      129      960     1100   
                                          VAR    BASINP    GEOM    SYMINP    ZMAT    AOBASIS   BASIS     P2S    ABASIS      S 
                                         1400     1410     1200     1210     1080     1600     1650     1300     1700     1380   
                                           T        V       H0       H01     AOSYM     SMH    MOLCAS    ERIS     OPER     JKOP   

              2       7        3.55       700     1000      520     2100     7360     7350     7000   
                                         GEOM     BASIS   MCVARS     RHF    F12ABS    EF12   

 PROGRAMS   *        TOTAL   CCSD(T)   MP2-F12    HF-SCF       INT
 CPU TIMES  *        53.24     32.04     12.40      3.11      5.57
 REAL TIME  *       139.56 SEC
 DISK USED  *         1.13 GB
 **********************************************************************************************************************************
 SETTING XXX            =    "MMM"
 SETTING POINT          =        81.00000000                                  

 *** ### CH3OH


 XXX       RCO          ROH          RCH1         RCH2         RCH3           ACOH           AOCH1          AOCH2          AOCH3         AHH1           AHH2           AHH3            ENERGY       POINT
 "MMM"   1.42077677   0.96013932   1.09171752   1.08440070   1.09171752   108.12930637   111.65221523   106.18733878   111.65221523   61.43364279   180.00000000   298.56635721   -115.60927030   81.0000
                                                  

 CCSD(T)-F12/cc-pVTZ-F12 energy=   -115.602171129399

     CCSD(T)-F12         MP2-F12          HF-SCF
   -115.60217113   -115.58376085   -115.09875649
 **********************************************************************************************************************************
 Molpro calculation terminated
